
=====================ITERATION 1==========================
We are using Tensorflow version 1.15.2
Keras API version: 2.3.1
Noise Mutiplier 30

# Evaluate on test data

 250/3000 [=>............................] - ETA: 0s
1000/3000 [=========>....................] - ETA: 0s
1750/3000 [================>.............] - ETA: 0s
2500/3000 [========================>.....] - ETA: 0s
3000/3000 [==============================] - 0s 82us/step
Accuracy: 10.266666859388351
Latency --- 0.2866959571838379 seconds ---
Trained with DP
=====================ITERATION 2==========================
We are using Tensorflow version 1.15.2
Keras API version: 2.3.1
Noise Mutiplier 30

# Evaluate on test data

 250/3000 [=>............................] - ETA: 0s
1000/3000 [=========>....................] - ETA: 0s
1750/3000 [================>.............] - ETA: 0s
2500/3000 [========================>.....] - ETA: 0s
3000/3000 [==============================] - 0s 80us/step
Accuracy: 10.266666859388351
Latency --- 0.2815697193145752 seconds ---
Trained with DP
=====================ITERATION 3==========================
We are using Tensorflow version 1.15.2
Keras API version: 2.3.1
Noise Mutiplier 30

# Evaluate on test data

 250/3000 [=>............................] - ETA: 0s
1000/3000 [=========>....................] - ETA: 0s
1750/3000 [================>.............] - ETA: 0s
2750/3000 [==========================>...] - ETA: 0s
3000/3000 [==============================] - 0s 79us/step
Accuracy: 10.266666859388351
Latency --- 0.27776479721069336 seconds ---
Trained with DP
=====================ITERATION 4==========================
We are using Tensorflow version 1.15.2
Keras API version: 2.3.1
Noise Mutiplier 30

# Evaluate on test data

 250/3000 [=>............................] - ETA: 0s
1000/3000 [=========>....................] - ETA: 0s
2000/3000 [===================>..........] - ETA: 0s
2750/3000 [==========================>...] - ETA: 0s
3000/3000 [==============================] - 0s 79us/step
Accuracy: 10.266666859388351
Latency --- 0.278486967086792 seconds ---
Trained with DP
=====================ITERATION 5==========================
We are using Tensorflow version 1.15.2
Keras API version: 2.3.1
Noise Mutiplier 30

# Evaluate on test data

 250/3000 [=>............................] - ETA: 0s
1000/3000 [=========>....................] - ETA: 0s
1750/3000 [================>.............] - ETA: 0s
2500/3000 [========================>.....] - ETA: 0s
3000/3000 [==============================] - 0s 80us/step
Accuracy: 10.266666859388351
Latency --- 0.2814908027648926 seconds ---
Trained with DP
=====================ITERATION 6==========================
We are using Tensorflow version 1.15.2
Keras API version: 2.3.1
Noise Mutiplier 30

# Evaluate on test data

 250/3000 [=>............................] - ETA: 0s
1000/3000 [=========>....................] - ETA: 0s
1750/3000 [================>.............] - ETA: 0s
2500/3000 [========================>.....] - ETA: 0s
3000/3000 [==============================] - 0s 78us/step
Accuracy: 10.266666859388351
Latency --- 0.2769167423248291 seconds ---
Trained with DP
=====================ITERATION 7==========================
We are using Tensorflow version 1.15.2
Keras API version: 2.3.1
Noise Mutiplier 30

# Evaluate on test data

 250/3000 [=>............................] - ETA: 0s
1000/3000 [=========>....................] - ETA: 0s
1750/3000 [================>.............] - ETA: 0s
2500/3000 [========================>.....] - ETA: 0s
3000/3000 [==============================] - 0s 80us/step
Accuracy: 10.266666859388351
Latency --- 0.2819993495941162 seconds ---
Trained with DP
=====================ITERATION 8==========================
We are using Tensorflow version 1.15.2
Keras API version: 2.3.1
Noise Mutiplier 30

# Evaluate on test data

 250/3000 [=>............................] - ETA: 0s
1000/3000 [=========>....................] - ETA: 0s
1750/3000 [================>.............] - ETA: 0s
2500/3000 [========================>.....] - ETA: 0s
3000/3000 [==============================] - 0s 80us/step
Accuracy: 10.266666859388351
Latency --- 0.2825775146484375 seconds ---
Trained with DP
=====================ITERATION 9==========================
We are using Tensorflow version 1.15.2
Keras API version: 2.3.1
Noise Mutiplier 30

# Evaluate on test data

 250/3000 [=>............................] - ETA: 0s
1000/3000 [=========>....................] - ETA: 0s
1750/3000 [================>.............] - ETA: 0s
2500/3000 [========================>.....] - ETA: 0s
3000/3000 [==============================] - 0s 79us/step
Accuracy: 10.266666859388351
Latency --- 0.27939391136169434 seconds ---
Trained with DP
=====================ITERATION 10==========================
We are using Tensorflow version 1.15.2
Keras API version: 2.3.1
Noise Mutiplier 30

# Evaluate on test data

 250/3000 [=>............................] - ETA: 0s
1000/3000 [=========>....................] - ETA: 0s
1750/3000 [================>.............] - ETA: 0s
2500/3000 [========================>.....] - ETA: 0s
3000/3000 [==============================] - 0s 79us/step
Accuracy: 10.266666859388351
Latency --- 0.2799959182739258 seconds ---
Trained with DP
