We are using Tensorflow version 1.15.2
Keras API version: 2.3.1
=====================Iteration========================== 1
For delta=0.000200, the current epsilon is: 0.1520
Noise Mutiplier 30
in grads Tensor("loss/mul:0", shape=(?,), dtype=float32)
Train on 3000 samples, validate on 750 samples
Epoch 1/5

 250/3000 [=>............................] - ETA: 11s - loss: 2.3066 - accuracy: 0.1320
 500/3000 [====>.........................] - ETA: 10s - loss: 2.3039 - accuracy: 0.1060
 750/3000 [======>.......................] - ETA: 8s - loss: 2.3065 - accuracy: 0.0947 
1000/3000 [=========>....................] - ETA: 7s - loss: 2.3066 - accuracy: 0.0980
1250/3000 [===========>..................] - ETA: 6s - loss: 2.3079 - accuracy: 0.1032
1500/3000 [==============>...............] - ETA: 5s - loss: 2.3070 - accuracy: 0.1007
1750/3000 [================>.............] - ETA: 4s - loss: 2.3059 - accuracy: 0.1006
2000/3000 [===================>..........] - ETA: 3s - loss: 2.3061 - accuracy: 0.1005
2250/3000 [=====================>........] - ETA: 2s - loss: 2.3065 - accuracy: 0.0987
2500/3000 [========================>.....] - ETA: 1s - loss: 2.3067 - accuracy: 0.0984
2750/3000 [==========================>...] - ETA: 0s - loss: 2.3063 - accuracy: 0.1004
3000/3000 [==============================] - 12s 4ms/step - loss: 2.3061 - accuracy: 0.0983 - val_loss: 2.3054 - val_accuracy: 0.1040
Epoch 2/5

 250/3000 [=>............................] - ETA: 10s - loss: 2.3014 - accuracy: 0.1240
 500/3000 [====>.........................] - ETA: 9s - loss: 2.3039 - accuracy: 0.1060 
 750/3000 [======>.......................] - ETA: 8s - loss: 2.3022 - accuracy: 0.1067
1000/3000 [=========>....................] - ETA: 7s - loss: 2.3034 - accuracy: 0.0980
1250/3000 [===========>..................] - ETA: 6s - loss: 2.3034 - accuracy: 0.1040
1500/3000 [==============>...............] - ETA: 5s - loss: 2.3043 - accuracy: 0.1007
1750/3000 [================>.............] - ETA: 4s - loss: 2.3046 - accuracy: 0.1017
2000/3000 [===================>..........] - ETA: 3s - loss: 2.3059 - accuracy: 0.1015
2250/3000 [=====================>........] - ETA: 2s - loss: 2.3067 - accuracy: 0.1000
2500/3000 [========================>.....] - ETA: 1s - loss: 2.3050 - accuracy: 0.1004
2750/3000 [==========================>...] - ETA: 0s - loss: 2.3053 - accuracy: 0.0993
3000/3000 [==============================] - 12s 4ms/step - loss: 2.3054 - accuracy: 0.0963 - val_loss: 2.3053 - val_accuracy: 0.0973
Epoch 3/5

 250/3000 [=>............................] - ETA: 10s - loss: 2.3065 - accuracy: 0.0800
 500/3000 [====>.........................] - ETA: 9s - loss: 2.3059 - accuracy: 0.0940 
 750/3000 [======>.......................] - ETA: 8s - loss: 2.3057 - accuracy: 0.0893
1000/3000 [=========>....................] - ETA: 7s - loss: 2.3058 - accuracy: 0.0890
1250/3000 [===========>..................] - ETA: 6s - loss: 2.3045 - accuracy: 0.0944
1500/3000 [==============>...............] - ETA: 5s - loss: 2.3049 - accuracy: 0.0973
1750/3000 [================>.............] - ETA: 4s - loss: 2.3054 - accuracy: 0.0983
2000/3000 [===================>..........] - ETA: 3s - loss: 2.3058 - accuracy: 0.1020
2250/3000 [=====================>........] - ETA: 2s - loss: 2.3053 - accuracy: 0.1018
2500/3000 [========================>.....] - ETA: 1s - loss: 2.3044 - accuracy: 0.1024
2750/3000 [==========================>...] - ETA: 0s - loss: 2.3042 - accuracy: 0.1025
3000/3000 [==============================] - 12s 4ms/step - loss: 2.3052 - accuracy: 0.1010 - val_loss: 2.3058 - val_accuracy: 0.0907
Epoch 4/5

 250/3000 [=>............................] - ETA: 10s - loss: 2.3029 - accuracy: 0.1160
 500/3000 [====>.........................] - ETA: 9s - loss: 2.3056 - accuracy: 0.1180 
 750/3000 [======>.......................] - ETA: 8s - loss: 2.3065 - accuracy: 0.1133
1000/3000 [=========>....................] - ETA: 7s - loss: 2.3058 - accuracy: 0.1140
1250/3000 [===========>..................] - ETA: 6s - loss: 2.3038 - accuracy: 0.1160
1500/3000 [==============>...............] - ETA: 5s - loss: 2.3049 - accuracy: 0.1127
1750/3000 [================>.............] - ETA: 4s - loss: 2.3062 - accuracy: 0.1063
2000/3000 [===================>..........] - ETA: 3s - loss: 2.3059 - accuracy: 0.1070
2250/3000 [=====================>........] - ETA: 2s - loss: 2.3043 - accuracy: 0.1071
2500/3000 [========================>.....] - ETA: 1s - loss: 2.3039 - accuracy: 0.1080
2750/3000 [==========================>...] - ETA: 0s - loss: 2.3047 - accuracy: 0.1076
3000/3000 [==============================] - 12s 4ms/step - loss: 2.3049 - accuracy: 0.1057 - val_loss: 2.3060 - val_accuracy: 0.0960
Epoch 5/5

 250/3000 [=>............................] - ETA: 10s - loss: 2.3044 - accuracy: 0.1200
 500/3000 [====>.........................] - ETA: 9s - loss: 2.3028 - accuracy: 0.1200 
 750/3000 [======>.......................] - ETA: 8s - loss: 2.3049 - accuracy: 0.1120
1000/3000 [=========>....................] - ETA: 7s - loss: 2.3059 - accuracy: 0.1060
1250/3000 [===========>..................] - ETA: 6s - loss: 2.3070 - accuracy: 0.1016
1500/3000 [==============>...............] - ETA: 5s - loss: 2.3067 - accuracy: 0.1060
1750/3000 [================>.............] - ETA: 4s - loss: 2.3057 - accuracy: 0.1080
2000/3000 [===================>..........] - ETA: 3s - loss: 2.3043 - accuracy: 0.1110
2250/3000 [=====================>........] - ETA: 2s - loss: 2.3041 - accuracy: 0.1107
2500/3000 [========================>.....] - ETA: 1s - loss: 2.3048 - accuracy: 0.1096
2750/3000 [==========================>...] - ETA: 0s - loss: 2.3050 - accuracy: 0.1069
3000/3000 [==============================] - 12s 4ms/step - loss: 2.3048 - accuracy: 0.1040 - val_loss: 2.3056 - val_accuracy: 0.0880
Latency --- 58.26001572608948 seconds ---
For delta=0.000200, the current epsilon is: 0.1520
Saving model with new accuracy, previous accuracy was 0 and present is 0.10400000214576721
Saved model to disk
=====================Iteration========================== 2
For delta=0.000200, the current epsilon is: 0.1520
Noise Mutiplier 30
in grads Tensor("loss_1/mul:0", shape=(?,), dtype=float32)
Train on 3000 samples, validate on 750 samples
Epoch 1/5

 250/3000 [=>............................] - ETA: 11s - loss: 2.3093 - accuracy: 0.0480
 500/3000 [====>.........................] - ETA: 10s - loss: 2.3075 - accuracy: 0.0800
 750/3000 [======>.......................] - ETA: 8s - loss: 2.3086 - accuracy: 0.0800 
1000/3000 [=========>....................] - ETA: 7s - loss: 2.3093 - accuracy: 0.0800
1250/3000 [===========>..................] - ETA: 6s - loss: 2.3079 - accuracy: 0.0832
1500/3000 [==============>...............] - ETA: 5s - loss: 2.3075 - accuracy: 0.0860
1750/3000 [================>.............] - ETA: 4s - loss: 2.3072 - accuracy: 0.0863
2000/3000 [===================>..........] - ETA: 3s - loss: 2.3075 - accuracy: 0.0875
2250/3000 [=====================>........] - ETA: 2s - loss: 2.3070 - accuracy: 0.0876
2500/3000 [========================>.....] - ETA: 1s - loss: 2.3065 - accuracy: 0.0912
2750/3000 [==========================>...] - ETA: 0s - loss: 2.3062 - accuracy: 0.0924
3000/3000 [==============================] - 12s 4ms/step - loss: 2.3060 - accuracy: 0.0930 - val_loss: 2.3072 - val_accuracy: 0.0787
Epoch 2/5

 250/3000 [=>............................] - ETA: 10s - loss: 2.3088 - accuracy: 0.0720
 500/3000 [====>.........................] - ETA: 9s - loss: 2.3073 - accuracy: 0.0660 
 750/3000 [======>.......................] - ETA: 8s - loss: 2.3076 - accuracy: 0.0733
1000/3000 [=========>....................] - ETA: 7s - loss: 2.3068 - accuracy: 0.0790
1250/3000 [===========>..................] - ETA: 6s - loss: 2.3056 - accuracy: 0.0872
1500/3000 [==============>...............] - ETA: 5s - loss: 2.3054 - accuracy: 0.0860
1750/3000 [================>.............] - ETA: 4s - loss: 2.3060 - accuracy: 0.0840
2000/3000 [===================>..........] - ETA: 3s - loss: 2.3067 - accuracy: 0.0860
2250/3000 [=====================>........] - ETA: 2s - loss: 2.3068 - accuracy: 0.0858
2500/3000 [========================>.....] - ETA: 1s - loss: 2.3064 - accuracy: 0.0888
2750/3000 [==========================>...] - ETA: 0s - loss: 2.3062 - accuracy: 0.0905
3000/3000 [==============================] - 12s 4ms/step - loss: 2.3061 - accuracy: 0.0930 - val_loss: 2.3074 - val_accuracy: 0.0787
Epoch 3/5

 250/3000 [=>............................] - ETA: 10s - loss: 2.3109 - accuracy: 0.0720
 500/3000 [====>.........................] - ETA: 9s - loss: 2.3114 - accuracy: 0.0680 
 750/3000 [======>.......................] - ETA: 8s - loss: 2.3092 - accuracy: 0.0773
1000/3000 [=========>....................] - ETA: 7s - loss: 2.3073 - accuracy: 0.0830
1250/3000 [===========>..................] - ETA: 6s - loss: 2.3075 - accuracy: 0.0864
1500/3000 [==============>...............] - ETA: 5s - loss: 2.3077 - accuracy: 0.0853
1750/3000 [================>.............] - ETA: 4s - loss: 2.3075 - accuracy: 0.0857
2000/3000 [===================>..........] - ETA: 3s - loss: 2.3076 - accuracy: 0.0855
2250/3000 [=====================>........] - ETA: 2s - loss: 2.3082 - accuracy: 0.0867
2500/3000 [========================>.....] - ETA: 1s - loss: 2.3079 - accuracy: 0.0892
2750/3000 [==========================>...] - ETA: 0s - loss: 2.3071 - accuracy: 0.0920
3000/3000 [==============================] - 12s 4ms/step - loss: 2.3069 - accuracy: 0.0930 - val_loss: 2.3072 - val_accuracy: 0.0787
Epoch 4/5

 250/3000 [=>............................] - ETA: 10s - loss: 2.3027 - accuracy: 0.0800
 500/3000 [====>.........................] - ETA: 9s - loss: 2.3021 - accuracy: 0.0820 
 750/3000 [======>.......................] - ETA: 8s - loss: 2.3049 - accuracy: 0.0880
1000/3000 [=========>....................] - ETA: 7s - loss: 2.3074 - accuracy: 0.0860
1250/3000 [===========>..................] - ETA: 6s - loss: 2.3081 - accuracy: 0.0856
1500/3000 [==============>...............] - ETA: 5s - loss: 2.3076 - accuracy: 0.0893
1750/3000 [================>.............] - ETA: 4s - loss: 2.3077 - accuracy: 0.0897
2000/3000 [===================>..........] - ETA: 3s - loss: 2.3075 - accuracy: 0.0925
2250/3000 [=====================>........] - ETA: 2s - loss: 2.3071 - accuracy: 0.0929
2500/3000 [========================>.....] - ETA: 1s - loss: 2.3069 - accuracy: 0.0932
2750/3000 [==========================>...] - ETA: 0s - loss: 2.3070 - accuracy: 0.0938
3000/3000 [==============================] - 12s 4ms/step - loss: 2.3070 - accuracy: 0.0930 - val_loss: 2.3072 - val_accuracy: 0.0787
Epoch 5/5

 250/3000 [=>............................] - ETA: 10s - loss: 2.3047 - accuracy: 0.1160
 500/3000 [====>.........................] - ETA: 9s - loss: 2.3049 - accuracy: 0.1120 
 750/3000 [======>.......................] - ETA: 8s - loss: 2.3077 - accuracy: 0.1040
1000/3000 [=========>....................] - ETA: 7s - loss: 2.3073 - accuracy: 0.1000
1250/3000 [===========>..................] - ETA: 6s - loss: 2.3072 - accuracy: 0.0992
1500/3000 [==============>...............] - ETA: 5s - loss: 2.3083 - accuracy: 0.0967
1750/3000 [================>.............] - ETA: 4s - loss: 2.3081 - accuracy: 0.0971
2000/3000 [===================>..........] - ETA: 3s - loss: 2.3086 - accuracy: 0.0925
2250/3000 [=====================>........] - ETA: 2s - loss: 2.3075 - accuracy: 0.0929
2500/3000 [========================>.....] - ETA: 1s - loss: 2.3079 - accuracy: 0.0904
2750/3000 [==========================>...] - ETA: 0s - loss: 2.3072 - accuracy: 0.0931
3000/3000 [==============================] - 12s 4ms/step - loss: 2.3071 - accuracy: 0.0930 - val_loss: 2.3070 - val_accuracy: 0.0787
Latency --- 58.78833270072937 seconds ---
For delta=0.000200, the current epsilon is: 0.1520
=====================Iteration========================== 3
For delta=0.000200, the current epsilon is: 0.1520
Noise Mutiplier 30
in grads Tensor("loss_2/mul:0", shape=(?,), dtype=float32)
Train on 3000 samples, validate on 750 samples
Epoch 1/5

 250/3000 [=>............................] - ETA: 11s - loss: 2.3029 - accuracy: 0.1080
 500/3000 [====>.........................] - ETA: 10s - loss: 2.3015 - accuracy: 0.0980
 750/3000 [======>.......................] - ETA: 8s - loss: 2.3033 - accuracy: 0.0987 
1000/3000 [=========>....................] - ETA: 7s - loss: 2.3039 - accuracy: 0.0970
1250/3000 [===========>..................] - ETA: 6s - loss: 2.3041 - accuracy: 0.0992
1500/3000 [==============>...............] - ETA: 5s - loss: 2.3045 - accuracy: 0.0993
1750/3000 [================>.............] - ETA: 4s - loss: 2.3046 - accuracy: 0.0966
2000/3000 [===================>..........] - ETA: 3s - loss: 2.3040 - accuracy: 0.0970
2250/3000 [=====================>........] - ETA: 2s - loss: 2.3040 - accuracy: 0.0978
2500/3000 [========================>.....] - ETA: 1s - loss: 2.3039 - accuracy: 0.0988
2750/3000 [==========================>...] - ETA: 0s - loss: 2.3035 - accuracy: 0.0993
3000/3000 [==============================] - 12s 4ms/step - loss: 2.3032 - accuracy: 0.1007 - val_loss: 2.3047 - val_accuracy: 0.1027
Epoch 2/5

 250/3000 [=>............................] - ETA: 10s - loss: 2.3042 - accuracy: 0.0920
 500/3000 [====>.........................] - ETA: 9s - loss: 2.3024 - accuracy: 0.1100 
 750/3000 [======>.......................] - ETA: 8s - loss: 2.3039 - accuracy: 0.1067
1000/3000 [=========>....................] - ETA: 7s - loss: 2.3033 - accuracy: 0.1060
1250/3000 [===========>..................] - ETA: 6s - loss: 2.3034 - accuracy: 0.1048
1500/3000 [==============>...............] - ETA: 5s - loss: 2.3032 - accuracy: 0.1067
1750/3000 [================>.............] - ETA: 4s - loss: 2.3030 - accuracy: 0.1069
2000/3000 [===================>..........] - ETA: 3s - loss: 2.3025 - accuracy: 0.1085
2250/3000 [=====================>........] - ETA: 2s - loss: 2.3027 - accuracy: 0.1089
2500/3000 [========================>.....] - ETA: 1s - loss: 2.3027 - accuracy: 0.1092
2750/3000 [==========================>...] - ETA: 0s - loss: 2.3031 - accuracy: 0.1076
3000/3000 [==============================] - 12s 4ms/step - loss: 2.3034 - accuracy: 0.1053 - val_loss: 2.3048 - val_accuracy: 0.1027
Epoch 3/5

 250/3000 [=>............................] - ETA: 10s - loss: 2.2996 - accuracy: 0.1080
 500/3000 [====>.........................] - ETA: 9s - loss: 2.3004 - accuracy: 0.1140 
 750/3000 [======>.......................] - ETA: 8s - loss: 2.3023 - accuracy: 0.1040
1000/3000 [=========>....................] - ETA: 7s - loss: 2.3019 - accuracy: 0.1060
1250/3000 [===========>..................] - ETA: 6s - loss: 2.3029 - accuracy: 0.1096
1500/3000 [==============>...............] - ETA: 5s - loss: 2.3037 - accuracy: 0.1080
1750/3000 [================>.............] - ETA: 4s - loss: 2.3040 - accuracy: 0.1074
2000/3000 [===================>..........] - ETA: 3s - loss: 2.3037 - accuracy: 0.1045
2250/3000 [=====================>........] - ETA: 2s - loss: 2.3031 - accuracy: 0.1071
2500/3000 [========================>.....] - ETA: 1s - loss: 2.3033 - accuracy: 0.1072
2750/3000 [==========================>...] - ETA: 0s - loss: 2.3032 - accuracy: 0.1073
3000/3000 [==============================] - 12s 4ms/step - loss: 2.3031 - accuracy: 0.1070 - val_loss: 2.3047 - val_accuracy: 0.1053
Epoch 4/5

 250/3000 [=>............................] - ETA: 10s - loss: 2.3058 - accuracy: 0.1120
 500/3000 [====>.........................] - ETA: 9s - loss: 2.3035 - accuracy: 0.1180 
 750/3000 [======>.......................] - ETA: 8s - loss: 2.3025 - accuracy: 0.1200
1000/3000 [=========>....................] - ETA: 7s - loss: 2.3026 - accuracy: 0.1190
1250/3000 [===========>..................] - ETA: 6s - loss: 2.3034 - accuracy: 0.1112
1500/3000 [==============>...............] - ETA: 5s - loss: 2.3035 - accuracy: 0.1100
1750/3000 [================>.............] - ETA: 4s - loss: 2.3033 - accuracy: 0.1057
2000/3000 [===================>..........] - ETA: 3s - loss: 2.3036 - accuracy: 0.1045
2250/3000 [=====================>........] - ETA: 2s - loss: 2.3034 - accuracy: 0.1044
2500/3000 [========================>.....] - ETA: 1s - loss: 2.3029 - accuracy: 0.1072
2750/3000 [==========================>...] - ETA: 0s - loss: 2.3030 - accuracy: 0.1069
3000/3000 [==============================] - 12s 4ms/step - loss: 2.3027 - accuracy: 0.1073 - val_loss: 2.3047 - val_accuracy: 0.1053
Epoch 5/5

 250/3000 [=>............................] - ETA: 10s - loss: 2.3014 - accuracy: 0.1000
 500/3000 [====>.........................] - ETA: 9s - loss: 2.3032 - accuracy: 0.0940 
 750/3000 [======>.......................] - ETA: 8s - loss: 2.3019 - accuracy: 0.1107
1000/3000 [=========>....................] - ETA: 7s - loss: 2.3010 - accuracy: 0.1130
1250/3000 [===========>..................] - ETA: 6s - loss: 2.3018 - accuracy: 0.1104
1500/3000 [==============>...............] - ETA: 5s - loss: 2.3024 - accuracy: 0.1087
1750/3000 [================>.............] - ETA: 4s - loss: 2.3029 - accuracy: 0.1086
2000/3000 [===================>..........] - ETA: 3s - loss: 2.3030 - accuracy: 0.1060
2250/3000 [=====================>........] - ETA: 2s - loss: 2.3025 - accuracy: 0.1067
2500/3000 [========================>.....] - ETA: 1s - loss: 2.3023 - accuracy: 0.1112
2750/3000 [==========================>...] - ETA: 0s - loss: 2.3021 - accuracy: 0.1113
3000/3000 [==============================] - 12s 4ms/step - loss: 2.3024 - accuracy: 0.1107 - val_loss: 2.3047 - val_accuracy: 0.1053
Latency --- 58.489694118499756 seconds ---
For delta=0.000200, the current epsilon is: 0.1520
Saving model with new accuracy, previous accuracy was 0.10400000214576721 and present is 0.1106666699051857
Saved model to disk
=====================Iteration========================== 4
For delta=0.000200, the current epsilon is: 0.1520
Noise Mutiplier 30
in grads Tensor("loss_3/mul:0", shape=(?,), dtype=float32)
Train on 3000 samples, validate on 750 samples
Epoch 1/5

 250/3000 [=>............................] - ETA: 11s - loss: 2.3069 - accuracy: 0.1160
 500/3000 [====>.........................] - ETA: 10s - loss: 2.3027 - accuracy: 0.1140
 750/3000 [======>.......................] - ETA: 9s - loss: 2.3025 - accuracy: 0.1080 
1000/3000 [=========>....................] - ETA: 7s - loss: 2.3052 - accuracy: 0.1050
1250/3000 [===========>..................] - ETA: 6s - loss: 2.3038 - accuracy: 0.1048
1500/3000 [==============>...............] - ETA: 5s - loss: 2.3026 - accuracy: 0.1073
1750/3000 [================>.............] - ETA: 4s - loss: 2.3038 - accuracy: 0.1034
2000/3000 [===================>..........] - ETA: 3s - loss: 2.3045 - accuracy: 0.1035
2250/3000 [=====================>........] - ETA: 2s - loss: 2.3044 - accuracy: 0.1022
2500/3000 [========================>.....] - ETA: 1s - loss: 2.3036 - accuracy: 0.1032
2750/3000 [==========================>...] - ETA: 0s - loss: 2.3049 - accuracy: 0.1007
3000/3000 [==============================] - 12s 4ms/step - loss: 2.3054 - accuracy: 0.0997 - val_loss: 2.3046 - val_accuracy: 0.1027
Epoch 2/5

 250/3000 [=>............................] - ETA: 10s - loss: 2.3042 - accuracy: 0.1000
 500/3000 [====>.........................] - ETA: 9s - loss: 2.3031 - accuracy: 0.1040 
 750/3000 [======>.......................] - ETA: 8s - loss: 2.3073 - accuracy: 0.0827
1000/3000 [=========>....................] - ETA: 7s - loss: 2.3099 - accuracy: 0.0840
1250/3000 [===========>..................] - ETA: 6s - loss: 2.3094 - accuracy: 0.0896
1500/3000 [==============>...............] - ETA: 5s - loss: 2.3104 - accuracy: 0.0900
1750/3000 [================>.............] - ETA: 4s - loss: 2.3096 - accuracy: 0.0897
2000/3000 [===================>..........] - ETA: 3s - loss: 2.3100 - accuracy: 0.0910
2250/3000 [=====================>........] - ETA: 2s - loss: 2.3085 - accuracy: 0.0920
2500/3000 [========================>.....] - ETA: 1s - loss: 2.3069 - accuracy: 0.0960
2750/3000 [==========================>...] - ETA: 0s - loss: 2.3065 - accuracy: 0.0949
3000/3000 [==============================] - 12s 4ms/step - loss: 2.3057 - accuracy: 0.0990 - val_loss: 2.3040 - val_accuracy: 0.1000
Epoch 3/5

 250/3000 [=>............................] - ETA: 10s - loss: 2.2994 - accuracy: 0.1440
 500/3000 [====>.........................] - ETA: 9s - loss: 2.2998 - accuracy: 0.1240 
 750/3000 [======>.......................] - ETA: 8s - loss: 2.2991 - accuracy: 0.1160
1000/3000 [=========>....................] - ETA: 7s - loss: 2.3031 - accuracy: 0.1070
1250/3000 [===========>..................] - ETA: 6s - loss: 2.3033 - accuracy: 0.1000
1500/3000 [==============>...............] - ETA: 5s - loss: 2.3046 - accuracy: 0.0993
1750/3000 [================>.............] - ETA: 4s - loss: 2.3052 - accuracy: 0.0983
2000/3000 [===================>..........] - ETA: 3s - loss: 2.3046 - accuracy: 0.0970
2250/3000 [=====================>........] - ETA: 2s - loss: 2.3055 - accuracy: 0.0991
2500/3000 [========================>.....] - ETA: 1s - loss: 2.3053 - accuracy: 0.1008
2750/3000 [==========================>...] - ETA: 0s - loss: 2.3054 - accuracy: 0.1007
3000/3000 [==============================] - 12s 4ms/step - loss: 2.3054 - accuracy: 0.0990 - val_loss: 2.3040 - val_accuracy: 0.1027
Epoch 4/5

 250/3000 [=>............................] - ETA: 10s - loss: 2.2919 - accuracy: 0.0960
 500/3000 [====>.........................] - ETA: 9s - loss: 2.3023 - accuracy: 0.1020 
 750/3000 [======>.......................] - ETA: 8s - loss: 2.3014 - accuracy: 0.1040
1000/3000 [=========>....................] - ETA: 7s - loss: 2.3026 - accuracy: 0.0920
1250/3000 [===========>..................] - ETA: 6s - loss: 2.3058 - accuracy: 0.0856
1500/3000 [==============>...............] - ETA: 5s - loss: 2.3037 - accuracy: 0.0947
1750/3000 [================>.............] - ETA: 4s - loss: 2.3052 - accuracy: 0.0909
2000/3000 [===================>..........] - ETA: 3s - loss: 2.3060 - accuracy: 0.0905
2250/3000 [=====================>........] - ETA: 2s - loss: 2.3052 - accuracy: 0.0951
2500/3000 [========================>.....] - ETA: 1s - loss: 2.3054 - accuracy: 0.0944
2750/3000 [==========================>...] - ETA: 0s - loss: 2.3054 - accuracy: 0.0975
3000/3000 [==============================] - 12s 4ms/step - loss: 2.3051 - accuracy: 0.0990 - val_loss: 2.3038 - val_accuracy: 0.1027
Epoch 5/5

 250/3000 [=>............................] - ETA: 10s - loss: 2.3062 - accuracy: 0.0800
 500/3000 [====>.........................] - ETA: 9s - loss: 2.3023 - accuracy: 0.0860 
 750/3000 [======>.......................] - ETA: 8s - loss: 2.3067 - accuracy: 0.0853
1000/3000 [=========>....................] - ETA: 7s - loss: 2.3066 - accuracy: 0.0880
1250/3000 [===========>..................] - ETA: 6s - loss: 2.3055 - accuracy: 0.0936
1500/3000 [==============>...............] - ETA: 5s - loss: 2.3051 - accuracy: 0.0973
1750/3000 [================>.............] - ETA: 4s - loss: 2.3052 - accuracy: 0.0954
2000/3000 [===================>..........] - ETA: 3s - loss: 2.3048 - accuracy: 0.0960
2250/3000 [=====================>........] - ETA: 2s - loss: 2.3038 - accuracy: 0.0991
2500/3000 [========================>.....] - ETA: 1s - loss: 2.3037 - accuracy: 0.1004
2750/3000 [==========================>...] - ETA: 0s - loss: 2.3049 - accuracy: 0.0993
3000/3000 [==============================] - 12s 4ms/step - loss: 2.3048 - accuracy: 0.0993 - val_loss: 2.3039 - val_accuracy: 0.1040
Latency --- 59.11984825134277 seconds ---
For delta=0.000200, the current epsilon is: 0.1520
=====================Iteration========================== 5
For delta=0.000200, the current epsilon is: 0.1520
Noise Mutiplier 30
in grads Tensor("loss_4/mul:0", shape=(?,), dtype=float32)
Train on 3000 samples, validate on 750 samples
Epoch 1/5

 250/3000 [=>............................] - ETA: 11s - loss: 2.3012 - accuracy: 0.1280
 500/3000 [====>.........................] - ETA: 10s - loss: 2.3092 - accuracy: 0.1100
 750/3000 [======>.......................] - ETA: 9s - loss: 2.3135 - accuracy: 0.1027 
1000/3000 [=========>....................] - ETA: 8s - loss: 2.3122 - accuracy: 0.1030
1250/3000 [===========>..................] - ETA: 6s - loss: 2.3130 - accuracy: 0.1024
1500/3000 [==============>...............] - ETA: 5s - loss: 2.3124 - accuracy: 0.0993
1750/3000 [================>.............] - ETA: 4s - loss: 2.3103 - accuracy: 0.1063
2000/3000 [===================>..........] - ETA: 3s - loss: 2.3106 - accuracy: 0.1055
2250/3000 [=====================>........] - ETA: 2s - loss: 2.3109 - accuracy: 0.1036
2500/3000 [========================>.....] - ETA: 1s - loss: 2.3102 - accuracy: 0.1020
2750/3000 [==========================>...] - ETA: 0s - loss: 2.3099 - accuracy: 0.1007
3000/3000 [==============================] - 12s 4ms/step - loss: 2.3105 - accuracy: 0.0993 - val_loss: 2.3081 - val_accuracy: 0.1027
Epoch 2/5

 250/3000 [=>............................] - ETA: 10s - loss: 2.3181 - accuracy: 0.0760
 500/3000 [====>.........................] - ETA: 9s - loss: 2.3132 - accuracy: 0.1080 
 750/3000 [======>.......................] - ETA: 8s - loss: 2.3087 - accuracy: 0.1133
1000/3000 [=========>....................] - ETA: 7s - loss: 2.3121 - accuracy: 0.1030
1250/3000 [===========>..................] - ETA: 6s - loss: 2.3116 - accuracy: 0.1016
1500/3000 [==============>...............] - ETA: 5s - loss: 2.3102 - accuracy: 0.1053
1750/3000 [================>.............] - ETA: 4s - loss: 2.3097 - accuracy: 0.1029
2000/3000 [===================>..........] - ETA: 3s - loss: 2.3101 - accuracy: 0.1010
2250/3000 [=====================>........] - ETA: 2s - loss: 2.3098 - accuracy: 0.1022
2500/3000 [========================>.....] - ETA: 1s - loss: 2.3103 - accuracy: 0.0992
2750/3000 [==========================>...] - ETA: 0s - loss: 2.3106 - accuracy: 0.0985
3000/3000 [==============================] - 12s 4ms/step - loss: 2.3104 - accuracy: 0.1000 - val_loss: 2.3084 - val_accuracy: 0.1027
Epoch 3/5

 250/3000 [=>............................] - ETA: 10s - loss: 2.3166 - accuracy: 0.0800
 500/3000 [====>.........................] - ETA: 9s - loss: 2.3144 - accuracy: 0.0980 
 750/3000 [======>.......................] - ETA: 8s - loss: 2.3130 - accuracy: 0.1040
1000/3000 [=========>....................] - ETA: 7s - loss: 2.3145 - accuracy: 0.0980
1250/3000 [===========>..................] - ETA: 6s - loss: 2.3116 - accuracy: 0.1032
1500/3000 [==============>...............] - ETA: 5s - loss: 2.3113 - accuracy: 0.1033
1750/3000 [================>.............] - ETA: 4s - loss: 2.3136 - accuracy: 0.0989
2000/3000 [===================>..........] - ETA: 3s - loss: 2.3129 - accuracy: 0.0995
2250/3000 [=====================>........] - ETA: 2s - loss: 2.3121 - accuracy: 0.1009
2500/3000 [========================>.....] - ETA: 1s - loss: 2.3119 - accuracy: 0.0996
2750/3000 [==========================>...] - ETA: 0s - loss: 2.3107 - accuracy: 0.1004
3000/3000 [==============================] - 12s 4ms/step - loss: 2.3112 - accuracy: 0.0997 - val_loss: 2.3085 - val_accuracy: 0.1027
Epoch 4/5

 250/3000 [=>............................] - ETA: 10s - loss: 2.3172 - accuracy: 0.0840
 500/3000 [====>.........................] - ETA: 9s - loss: 2.3121 - accuracy: 0.1000 
 750/3000 [======>.......................] - ETA: 8s - loss: 2.3108 - accuracy: 0.1067
1000/3000 [=========>....................] - ETA: 7s - loss: 2.3092 - accuracy: 0.1050
1250/3000 [===========>..................] - ETA: 6s - loss: 2.3115 - accuracy: 0.1024
1500/3000 [==============>...............] - ETA: 5s - loss: 2.3104 - accuracy: 0.1047
1750/3000 [================>.............] - ETA: 4s - loss: 2.3115 - accuracy: 0.0994
2000/3000 [===================>..........] - ETA: 3s - loss: 2.3113 - accuracy: 0.0995
2250/3000 [=====================>........] - ETA: 2s - loss: 2.3101 - accuracy: 0.1018
2500/3000 [========================>.....] - ETA: 1s - loss: 2.3104 - accuracy: 0.1020
2750/3000 [==========================>...] - ETA: 0s - loss: 2.3110 - accuracy: 0.1007
3000/3000 [==============================] - 12s 4ms/step - loss: 2.3114 - accuracy: 0.0997 - val_loss: 2.3087 - val_accuracy: 0.1027
Epoch 5/5

 250/3000 [=>............................] - ETA: 10s - loss: 2.3049 - accuracy: 0.1200
 500/3000 [====>.........................] - ETA: 9s - loss: 2.3037 - accuracy: 0.1040 
 750/3000 [======>.......................] - ETA: 8s - loss: 2.3064 - accuracy: 0.0987
1000/3000 [=========>....................] - ETA: 7s - loss: 2.3091 - accuracy: 0.1010
1250/3000 [===========>..................] - ETA: 6s - loss: 2.3083 - accuracy: 0.1048
1500/3000 [==============>...............] - ETA: 5s - loss: 2.3077 - accuracy: 0.1067
1750/3000 [================>.............] - ETA: 4s - loss: 2.3083 - accuracy: 0.1051
2000/3000 [===================>..........] - ETA: 3s - loss: 2.3092 - accuracy: 0.1025
2250/3000 [=====================>........] - ETA: 2s - loss: 2.3105 - accuracy: 0.0987
2500/3000 [========================>.....] - ETA: 1s - loss: 2.3095 - accuracy: 0.1016
2750/3000 [==========================>...] - ETA: 0s - loss: 2.3089 - accuracy: 0.1011
3000/3000 [==============================] - 12s 4ms/step - loss: 2.3104 - accuracy: 0.0987 - val_loss: 2.3085 - val_accuracy: 0.1027
Latency --- 59.40090465545654 seconds ---
For delta=0.000200, the current epsilon is: 0.1520
=====================Iteration========================== 6
For delta=0.000200, the current epsilon is: 0.1520
Noise Mutiplier 30
in grads Tensor("loss_5/mul:0", shape=(?,), dtype=float32)
Train on 3000 samples, validate on 750 samples
Epoch 1/5

 250/3000 [=>............................] - ETA: 12s - loss: 2.3114 - accuracy: 0.1000
 500/3000 [====>.........................] - ETA: 10s - loss: 2.3160 - accuracy: 0.0900
 750/3000 [======>.......................] - ETA: 9s - loss: 2.3120 - accuracy: 0.1000 
1000/3000 [=========>....................] - ETA: 7s - loss: 2.3089 - accuracy: 0.1090
1250/3000 [===========>..................] - ETA: 6s - loss: 2.3100 - accuracy: 0.1056
1500/3000 [==============>...............] - ETA: 5s - loss: 2.3102 - accuracy: 0.1060
1750/3000 [================>.............] - ETA: 4s - loss: 2.3107 - accuracy: 0.1046
2000/3000 [===================>..........] - ETA: 3s - loss: 2.3127 - accuracy: 0.1040
2250/3000 [=====================>........] - ETA: 2s - loss: 2.3150 - accuracy: 0.1022
2500/3000 [========================>.....] - ETA: 1s - loss: 2.3148 - accuracy: 0.1016
2750/3000 [==========================>...] - ETA: 0s - loss: 2.3135 - accuracy: 0.1055
3000/3000 [==============================] - 12s 4ms/step - loss: 2.3137 - accuracy: 0.1053 - val_loss: 2.3091 - val_accuracy: 0.1147
Epoch 2/5

 250/3000 [=>............................] - ETA: 10s - loss: 2.3161 - accuracy: 0.0960
 500/3000 [====>.........................] - ETA: 9s - loss: 2.3216 - accuracy: 0.0920 
 750/3000 [======>.......................] - ETA: 8s - loss: 2.3157 - accuracy: 0.1027
1000/3000 [=========>....................] - ETA: 7s - loss: 2.3136 - accuracy: 0.1060
1250/3000 [===========>..................] - ETA: 6s - loss: 2.3140 - accuracy: 0.1056
1500/3000 [==============>...............] - ETA: 5s - loss: 2.3146 - accuracy: 0.1047
1750/3000 [================>.............] - ETA: 4s - loss: 2.3150 - accuracy: 0.1080
2000/3000 [===================>..........] - ETA: 3s - loss: 2.3132 - accuracy: 0.1120
2250/3000 [=====================>........] - ETA: 2s - loss: 2.3124 - accuracy: 0.1111
2500/3000 [========================>.....] - ETA: 1s - loss: 2.3138 - accuracy: 0.1100
2750/3000 [==========================>...] - ETA: 0s - loss: 2.3152 - accuracy: 0.1062
3000/3000 [==============================] - 12s 4ms/step - loss: 2.3151 - accuracy: 0.1073 - val_loss: 2.3103 - val_accuracy: 0.1107
Epoch 3/5

 250/3000 [=>............................] - ETA: 10s - loss: 2.3179 - accuracy: 0.1240
 500/3000 [====>.........................] - ETA: 9s - loss: 2.3135 - accuracy: 0.1220 
 750/3000 [======>.......................] - ETA: 8s - loss: 2.3186 - accuracy: 0.1147
1000/3000 [=========>....................] - ETA: 7s - loss: 2.3190 - accuracy: 0.1080
1250/3000 [===========>..................] - ETA: 6s - loss: 2.3188 - accuracy: 0.1048
1500/3000 [==============>...............] - ETA: 5s - loss: 2.3212 - accuracy: 0.0987
1750/3000 [================>.............] - ETA: 4s - loss: 2.3200 - accuracy: 0.0983
2000/3000 [===================>..........] - ETA: 3s - loss: 2.3185 - accuracy: 0.1000
2250/3000 [=====================>........] - ETA: 2s - loss: 2.3173 - accuracy: 0.1004
2500/3000 [========================>.....] - ETA: 1s - loss: 2.3181 - accuracy: 0.0996
2750/3000 [==========================>...] - ETA: 0s - loss: 2.3159 - accuracy: 0.1033
3000/3000 [==============================] - 12s 4ms/step - loss: 2.3152 - accuracy: 0.1057 - val_loss: 2.3104 - val_accuracy: 0.1120
Epoch 4/5

 250/3000 [=>............................] - ETA: 10s - loss: 2.3115 - accuracy: 0.0880
 500/3000 [====>.........................] - ETA: 9s - loss: 2.3083 - accuracy: 0.1120 
 750/3000 [======>.......................] - ETA: 8s - loss: 2.3089 - accuracy: 0.1040
1000/3000 [=========>....................] - ETA: 7s - loss: 2.3103 - accuracy: 0.1010
1250/3000 [===========>..................] - ETA: 6s - loss: 2.3127 - accuracy: 0.1000
1500/3000 [==============>...............] - ETA: 5s - loss: 2.3133 - accuracy: 0.1033
1750/3000 [================>.............] - ETA: 4s - loss: 2.3154 - accuracy: 0.0983
2000/3000 [===================>..........] - ETA: 3s - loss: 2.3149 - accuracy: 0.1005
2250/3000 [=====================>........] - ETA: 2s - loss: 2.3164 - accuracy: 0.0978
2500/3000 [========================>.....] - ETA: 1s - loss: 2.3151 - accuracy: 0.1012
2750/3000 [==========================>...] - ETA: 0s - loss: 2.3146 - accuracy: 0.1025
3000/3000 [==============================] - 12s 4ms/step - loss: 2.3152 - accuracy: 0.1043 - val_loss: 2.3100 - val_accuracy: 0.1160
Epoch 5/5

 250/3000 [=>............................] - ETA: 10s - loss: 2.2904 - accuracy: 0.1280
 500/3000 [====>.........................] - ETA: 9s - loss: 2.3037 - accuracy: 0.1180 
 750/3000 [======>.......................] - ETA: 8s - loss: 2.3092 - accuracy: 0.1120
1000/3000 [=========>....................] - ETA: 7s - loss: 2.3095 - accuracy: 0.1110
1250/3000 [===========>..................] - ETA: 6s - loss: 2.3133 - accuracy: 0.1064
1500/3000 [==============>...............] - ETA: 5s - loss: 2.3146 - accuracy: 0.1040
1750/3000 [================>.............] - ETA: 4s - loss: 2.3166 - accuracy: 0.1023
2000/3000 [===================>..........] - ETA: 3s - loss: 2.3152 - accuracy: 0.1045
2250/3000 [=====================>........] - ETA: 2s - loss: 2.3164 - accuracy: 0.1049
2500/3000 [========================>.....] - ETA: 1s - loss: 2.3163 - accuracy: 0.1068
2750/3000 [==========================>...] - ETA: 0s - loss: 2.3150 - accuracy: 0.1091
3000/3000 [==============================] - 12s 4ms/step - loss: 2.3150 - accuracy: 0.1107 - val_loss: 2.3098 - val_accuracy: 0.1107
Latency --- 59.315184116363525 seconds ---
For delta=0.000200, the current epsilon is: 0.1520
=====================Iteration========================== 7
For delta=0.000200, the current epsilon is: 0.1520
Noise Mutiplier 30
in grads Tensor("loss_6/mul:0", shape=(?,), dtype=float32)
Train on 3000 samples, validate on 750 samples
Epoch 1/5

 250/3000 [=>............................] - ETA: 12s - loss: 2.3026 - accuracy: 0.0720
 500/3000 [====>.........................] - ETA: 10s - loss: 2.3019 - accuracy: 0.0660
 750/3000 [======>.......................] - ETA: 9s - loss: 2.3000 - accuracy: 0.0840 
1000/3000 [=========>....................] - ETA: 8s - loss: 2.2997 - accuracy: 0.0820
1250/3000 [===========>..................] - ETA: 6s - loss: 2.2995 - accuracy: 0.0784
1500/3000 [==============>...............] - ETA: 5s - loss: 2.2994 - accuracy: 0.0800
1750/3000 [================>.............] - ETA: 4s - loss: 2.2995 - accuracy: 0.0834
2000/3000 [===================>..........] - ETA: 3s - loss: 2.2997 - accuracy: 0.0860
2250/3000 [=====================>........] - ETA: 2s - loss: 2.2997 - accuracy: 0.0862
2500/3000 [========================>.....] - ETA: 1s - loss: 2.2997 - accuracy: 0.0864
2750/3000 [==========================>...] - ETA: 0s - loss: 2.2997 - accuracy: 0.0887
3000/3000 [==============================] - 12s 4ms/step - loss: 2.2998 - accuracy: 0.0880 - val_loss: 2.3061 - val_accuracy: 0.0853
Epoch 2/5

 250/3000 [=>............................] - ETA: 10s - loss: 2.3017 - accuracy: 0.0880
 500/3000 [====>.........................] - ETA: 9s - loss: 2.3027 - accuracy: 0.0800 
 750/3000 [======>.......................] - ETA: 8s - loss: 2.3015 - accuracy: 0.0920
1000/3000 [=========>....................] - ETA: 7s - loss: 2.3004 - accuracy: 0.0880
1250/3000 [===========>..................] - ETA: 6s - loss: 2.3006 - accuracy: 0.0848
1500/3000 [==============>...............] - ETA: 5s - loss: 2.3006 - accuracy: 0.0867
1750/3000 [================>.............] - ETA: 4s - loss: 2.3010 - accuracy: 0.0869
2000/3000 [===================>..........] - ETA: 3s - loss: 2.3006 - accuracy: 0.0840
2250/3000 [=====================>........] - ETA: 2s - loss: 2.3003 - accuracy: 0.0858
2500/3000 [========================>.....] - ETA: 1s - loss: 2.3001 - accuracy: 0.0896
2750/3000 [==========================>...] - ETA: 0s - loss: 2.2997 - accuracy: 0.0898
3000/3000 [==============================] - 12s 4ms/step - loss: 2.2999 - accuracy: 0.0873 - val_loss: 2.3062 - val_accuracy: 0.0880
Epoch 3/5

 250/3000 [=>............................] - ETA: 10s - loss: 2.2994 - accuracy: 0.0880
 500/3000 [====>.........................] - ETA: 9s - loss: 2.3017 - accuracy: 0.0640 
 750/3000 [======>.......................] - ETA: 8s - loss: 2.3019 - accuracy: 0.0653
1000/3000 [=========>....................] - ETA: 7s - loss: 2.3023 - accuracy: 0.0720
1250/3000 [===========>..................] - ETA: 6s - loss: 2.3024 - accuracy: 0.0744
1500/3000 [==============>...............] - ETA: 5s - loss: 2.3024 - accuracy: 0.0827
1750/3000 [================>.............] - ETA: 4s - loss: 2.3013 - accuracy: 0.0800
2000/3000 [===================>..........] - ETA: 3s - loss: 2.3011 - accuracy: 0.0820
2250/3000 [=====================>........] - ETA: 2s - loss: 2.3004 - accuracy: 0.0853
2500/3000 [========================>.....] - ETA: 1s - loss: 2.3003 - accuracy: 0.0860
2750/3000 [==========================>...] - ETA: 0s - loss: 2.3002 - accuracy: 0.0865
3000/3000 [==============================] - 12s 4ms/step - loss: 2.2998 - accuracy: 0.0893 - val_loss: 2.3065 - val_accuracy: 0.0960
Epoch 4/5

 250/3000 [=>............................] - ETA: 10s - loss: 2.2987 - accuracy: 0.0640
 500/3000 [====>.........................] - ETA: 9s - loss: 2.2998 - accuracy: 0.0840 
 750/3000 [======>.......................] - ETA: 8s - loss: 2.2998 - accuracy: 0.1000
1000/3000 [=========>....................] - ETA: 7s - loss: 2.3003 - accuracy: 0.0950
1250/3000 [===========>..................] - ETA: 6s - loss: 2.3007 - accuracy: 0.0976
1500/3000 [==============>...............] - ETA: 5s - loss: 2.3001 - accuracy: 0.0973
1750/3000 [================>.............] - ETA: 4s - loss: 2.3006 - accuracy: 0.0960
2000/3000 [===================>..........] - ETA: 3s - loss: 2.3003 - accuracy: 0.0990
2250/3000 [=====================>........] - ETA: 2s - loss: 2.3000 - accuracy: 0.1000
2500/3000 [========================>.....] - ETA: 1s - loss: 2.2999 - accuracy: 0.0996
2750/3000 [==========================>...] - ETA: 0s - loss: 2.3000 - accuracy: 0.0975
3000/3000 [==============================] - 12s 4ms/step - loss: 2.2999 - accuracy: 0.0967 - val_loss: 2.3065 - val_accuracy: 0.0933
Epoch 5/5

 250/3000 [=>............................] - ETA: 10s - loss: 2.2956 - accuracy: 0.1040
 500/3000 [====>.........................] - ETA: 9s - loss: 2.2969 - accuracy: 0.1040 
 750/3000 [======>.......................] - ETA: 8s - loss: 2.2978 - accuracy: 0.1093
1000/3000 [=========>....................] - ETA: 7s - loss: 2.2992 - accuracy: 0.1010
1250/3000 [===========>..................] - ETA: 6s - loss: 2.2993 - accuracy: 0.0984
1500/3000 [==============>...............] - ETA: 5s - loss: 2.2989 - accuracy: 0.0993
1750/3000 [================>.............] - ETA: 4s - loss: 2.3002 - accuracy: 0.1006
2000/3000 [===================>..........] - ETA: 3s - loss: 2.3002 - accuracy: 0.1010
2250/3000 [=====================>........] - ETA: 2s - loss: 2.3003 - accuracy: 0.0982
2500/3000 [========================>.....] - ETA: 1s - loss: 2.3004 - accuracy: 0.0956
2750/3000 [==========================>...] - ETA: 0s - loss: 2.3003 - accuracy: 0.0956
3000/3000 [==============================] - 12s 4ms/step - loss: 2.3004 - accuracy: 0.0967 - val_loss: 2.3063 - val_accuracy: 0.0880
Latency --- 59.556113958358765 seconds ---
For delta=0.000200, the current epsilon is: 0.1520
=====================Iteration========================== 8
For delta=0.000200, the current epsilon is: 0.1520
Noise Mutiplier 30
in grads Tensor("loss_7/mul:0", shape=(?,), dtype=float32)
Train on 3000 samples, validate on 750 samples
Epoch 1/5

 250/3000 [=>............................] - ETA: 12s - loss: 2.3022 - accuracy: 0.0960
 500/3000 [====>.........................] - ETA: 10s - loss: 2.3038 - accuracy: 0.0780
 750/3000 [======>.......................] - ETA: 9s - loss: 2.3027 - accuracy: 0.0933 
1000/3000 [=========>....................] - ETA: 7s - loss: 2.3026 - accuracy: 0.0860
1250/3000 [===========>..................] - ETA: 6s - loss: 2.3030 - accuracy: 0.0808
1500/3000 [==============>...............] - ETA: 5s - loss: 2.3024 - accuracy: 0.0867
1750/3000 [================>.............] - ETA: 4s - loss: 2.3020 - accuracy: 0.0931
2000/3000 [===================>..........] - ETA: 3s - loss: 2.3023 - accuracy: 0.0925
2250/3000 [=====================>........] - ETA: 2s - loss: 2.3026 - accuracy: 0.0929
2500/3000 [========================>.....] - ETA: 1s - loss: 2.3025 - accuracy: 0.0936
2750/3000 [==========================>...] - ETA: 0s - loss: 2.3026 - accuracy: 0.0945
3000/3000 [==============================] - 12s 4ms/step - loss: 2.3025 - accuracy: 0.0953 - val_loss: 2.3053 - val_accuracy: 0.0813
Epoch 2/5

 250/3000 [=>............................] - ETA: 10s - loss: 2.3005 - accuracy: 0.1320
 500/3000 [====>.........................] - ETA: 9s - loss: 2.3025 - accuracy: 0.1060 
 750/3000 [======>.......................] - ETA: 8s - loss: 2.3019 - accuracy: 0.0987
1000/3000 [=========>....................] - ETA: 7s - loss: 2.3019 - accuracy: 0.1070
1250/3000 [===========>..................] - ETA: 6s - loss: 2.3018 - accuracy: 0.1080
1500/3000 [==============>...............] - ETA: 5s - loss: 2.3026 - accuracy: 0.1013
1750/3000 [================>.............] - ETA: 4s - loss: 2.3027 - accuracy: 0.0983
2000/3000 [===================>..........] - ETA: 3s - loss: 2.3028 - accuracy: 0.0955
2250/3000 [=====================>........] - ETA: 2s - loss: 2.3026 - accuracy: 0.0973
2500/3000 [========================>.....] - ETA: 1s - loss: 2.3023 - accuracy: 0.0976
2750/3000 [==========================>...] - ETA: 0s - loss: 2.3027 - accuracy: 0.0971
3000/3000 [==============================] - 12s 4ms/step - loss: 2.3029 - accuracy: 0.0963 - val_loss: 2.3053 - val_accuracy: 0.0827
Epoch 3/5

 250/3000 [=>............................] - ETA: 10s - loss: 2.3056 - accuracy: 0.0960
 500/3000 [====>.........................] - ETA: 9s - loss: 2.3051 - accuracy: 0.1040 
 750/3000 [======>.......................] - ETA: 8s - loss: 2.3042 - accuracy: 0.1000
1000/3000 [=========>....................] - ETA: 7s - loss: 2.3030 - accuracy: 0.1060
1250/3000 [===========>..................] - ETA: 6s - loss: 2.3025 - accuracy: 0.1064
1500/3000 [==============>...............] - ETA: 5s - loss: 2.3028 - accuracy: 0.1020
1750/3000 [================>.............] - ETA: 4s - loss: 2.3029 - accuracy: 0.1000
2000/3000 [===================>..........] - ETA: 3s - loss: 2.3029 - accuracy: 0.0965
2250/3000 [=====================>........] - ETA: 2s - loss: 2.3029 - accuracy: 0.0947
2500/3000 [========================>.....] - ETA: 1s - loss: 2.3026 - accuracy: 0.0980
2750/3000 [==========================>...] - ETA: 0s - loss: 2.3030 - accuracy: 0.0960
3000/3000 [==============================] - 12s 4ms/step - loss: 2.3030 - accuracy: 0.0960 - val_loss: 2.3055 - val_accuracy: 0.0840
Epoch 4/5

 250/3000 [=>............................] - ETA: 10s - loss: 2.3080 - accuracy: 0.0760
 500/3000 [====>.........................] - ETA: 9s - loss: 2.3055 - accuracy: 0.0900 
 750/3000 [======>.......................] - ETA: 8s - loss: 2.3035 - accuracy: 0.0973
1000/3000 [=========>....................] - ETA: 7s - loss: 2.3041 - accuracy: 0.0960
1250/3000 [===========>..................] - ETA: 6s - loss: 2.3045 - accuracy: 0.0936
1500/3000 [==============>...............] - ETA: 5s - loss: 2.3037 - accuracy: 0.0987
1750/3000 [================>.............] - ETA: 4s - loss: 2.3036 - accuracy: 0.0971
2000/3000 [===================>..........] - ETA: 3s - loss: 2.3033 - accuracy: 0.0970
2250/3000 [=====================>........] - ETA: 2s - loss: 2.3030 - accuracy: 0.0973
2500/3000 [========================>.....] - ETA: 1s - loss: 2.3029 - accuracy: 0.0976
2750/3000 [==========================>...] - ETA: 0s - loss: 2.3027 - accuracy: 0.0971
3000/3000 [==============================] - 12s 4ms/step - loss: 2.3030 - accuracy: 0.0953 - val_loss: 2.3056 - val_accuracy: 0.0880
Epoch 5/5

 250/3000 [=>............................] - ETA: 10s - loss: 2.3036 - accuracy: 0.1040
 500/3000 [====>.........................] - ETA: 9s - loss: 2.3044 - accuracy: 0.0820 
 750/3000 [======>.......................] - ETA: 8s - loss: 2.3030 - accuracy: 0.0907
1000/3000 [=========>....................] - ETA: 7s - loss: 2.3030 - accuracy: 0.0930
1250/3000 [===========>..................] - ETA: 6s - loss: 2.3021 - accuracy: 0.0984
1500/3000 [==============>...............] - ETA: 5s - loss: 2.3019 - accuracy: 0.0993
1750/3000 [================>.............] - ETA: 4s - loss: 2.3020 - accuracy: 0.0983
2000/3000 [===================>..........] - ETA: 3s - loss: 2.3030 - accuracy: 0.0945
2250/3000 [=====================>........] - ETA: 2s - loss: 2.3033 - accuracy: 0.0938
2500/3000 [========================>.....] - ETA: 1s - loss: 2.3028 - accuracy: 0.0960
2750/3000 [==========================>...] - ETA: 0s - loss: 2.3026 - accuracy: 0.0964
3000/3000 [==============================] - 12s 4ms/step - loss: 2.3028 - accuracy: 0.0947 - val_loss: 2.3053 - val_accuracy: 0.0840
Latency --- 59.398234844207764 seconds ---
For delta=0.000200, the current epsilon is: 0.1520
=====================Iteration========================== 9
For delta=0.000200, the current epsilon is: 0.1520
Noise Mutiplier 30
in grads Tensor("loss_8/mul:0", shape=(?,), dtype=float32)
Train on 3000 samples, validate on 750 samples
Epoch 1/5

 250/3000 [=>............................] - ETA: 12s - loss: 2.3035 - accuracy: 0.0720
 500/3000 [====>.........................] - ETA: 10s - loss: 2.3048 - accuracy: 0.0740
 750/3000 [======>.......................] - ETA: 9s - loss: 2.3050 - accuracy: 0.0747 
1000/3000 [=========>....................] - ETA: 8s - loss: 2.3033 - accuracy: 0.0750
1250/3000 [===========>..................] - ETA: 7s - loss: 2.3037 - accuracy: 0.0760
1500/3000 [==============>...............] - ETA: 5s - loss: 2.3043 - accuracy: 0.0793
1750/3000 [================>.............] - ETA: 4s - loss: 2.3043 - accuracy: 0.0806
2000/3000 [===================>..........] - ETA: 3s - loss: 2.3041 - accuracy: 0.0815
2250/3000 [=====================>........] - ETA: 2s - loss: 2.3039 - accuracy: 0.0840
2500/3000 [========================>.....] - ETA: 1s - loss: 2.3042 - accuracy: 0.0836
2750/3000 [==========================>...] - ETA: 0s - loss: 2.3048 - accuracy: 0.0822
3000/3000 [==============================] - 12s 4ms/step - loss: 2.3048 - accuracy: 0.0820 - val_loss: 2.3042 - val_accuracy: 0.0827
Epoch 2/5

 250/3000 [=>............................] - ETA: 10s - loss: 2.3059 - accuracy: 0.0840
 500/3000 [====>.........................] - ETA: 9s - loss: 2.3032 - accuracy: 0.0820 
 750/3000 [======>.......................] - ETA: 8s - loss: 2.3025 - accuracy: 0.0853
1000/3000 [=========>....................] - ETA: 7s - loss: 2.3029 - accuracy: 0.0850
1250/3000 [===========>..................] - ETA: 6s - loss: 2.3030 - accuracy: 0.0840
1500/3000 [==============>...............] - ETA: 5s - loss: 2.3026 - accuracy: 0.0893
1750/3000 [================>.............] - ETA: 4s - loss: 2.3040 - accuracy: 0.0897
2000/3000 [===================>..........] - ETA: 3s - loss: 2.3043 - accuracy: 0.0865
2250/3000 [=====================>........] - ETA: 2s - loss: 2.3038 - accuracy: 0.0853
2500/3000 [========================>.....] - ETA: 1s - loss: 2.3046 - accuracy: 0.0852
2750/3000 [==========================>...] - ETA: 0s - loss: 2.3041 - accuracy: 0.0873
3000/3000 [==============================] - 12s 4ms/step - loss: 2.3040 - accuracy: 0.0870 - val_loss: 2.3042 - val_accuracy: 0.0800
Epoch 3/5

 250/3000 [=>............................] - ETA: 10s - loss: 2.2982 - accuracy: 0.1240
 500/3000 [====>.........................] - ETA: 9s - loss: 2.3016 - accuracy: 0.1020 
 750/3000 [======>.......................] - ETA: 8s - loss: 2.3027 - accuracy: 0.0920
1000/3000 [=========>....................] - ETA: 7s - loss: 2.3033 - accuracy: 0.0990
1250/3000 [===========>..................] - ETA: 6s - loss: 2.3030 - accuracy: 0.0920
1500/3000 [==============>...............] - ETA: 5s - loss: 2.3032 - accuracy: 0.0907
1750/3000 [================>.............] - ETA: 4s - loss: 2.3031 - accuracy: 0.0960
2000/3000 [===================>..........] - ETA: 3s - loss: 2.3037 - accuracy: 0.0935
2250/3000 [=====================>........] - ETA: 2s - loss: 2.3029 - accuracy: 0.0924
2500/3000 [========================>.....] - ETA: 1s - loss: 2.3029 - accuracy: 0.0912
2750/3000 [==========================>...] - ETA: 0s - loss: 2.3033 - accuracy: 0.0887
3000/3000 [==============================] - 12s 4ms/step - loss: 2.3037 - accuracy: 0.0887 - val_loss: 2.3042 - val_accuracy: 0.0853
Epoch 4/5

 250/3000 [=>............................] - ETA: 10s - loss: 2.3044 - accuracy: 0.1160
 500/3000 [====>.........................] - ETA: 9s - loss: 2.3020 - accuracy: 0.0940 
 750/3000 [======>.......................] - ETA: 8s - loss: 2.3029 - accuracy: 0.0947
1000/3000 [=========>....................] - ETA: 7s - loss: 2.3033 - accuracy: 0.0930
1250/3000 [===========>..................] - ETA: 6s - loss: 2.3032 - accuracy: 0.0888
1500/3000 [==============>...............] - ETA: 5s - loss: 2.3028 - accuracy: 0.0907
1750/3000 [================>.............] - ETA: 4s - loss: 2.3027 - accuracy: 0.0897
2000/3000 [===================>..........] - ETA: 3s - loss: 2.3030 - accuracy: 0.0880
2250/3000 [=====================>........] - ETA: 2s - loss: 2.3030 - accuracy: 0.0867
2500/3000 [========================>.....] - ETA: 1s - loss: 2.3035 - accuracy: 0.0832
2750/3000 [==========================>...] - ETA: 0s - loss: 2.3034 - accuracy: 0.0847
3000/3000 [==============================] - 12s 4ms/step - loss: 2.3034 - accuracy: 0.0857 - val_loss: 2.3042 - val_accuracy: 0.0840
Epoch 5/5

 250/3000 [=>............................] - ETA: 10s - loss: 2.3030 - accuracy: 0.0920
 500/3000 [====>.........................] - ETA: 9s - loss: 2.3041 - accuracy: 0.0860 
 750/3000 [======>.......................] - ETA: 8s - loss: 2.3041 - accuracy: 0.0867
1000/3000 [=========>....................] - ETA: 7s - loss: 2.3032 - accuracy: 0.0900
1250/3000 [===========>..................] - ETA: 6s - loss: 2.3029 - accuracy: 0.0880
1500/3000 [==============>...............] - ETA: 5s - loss: 2.3030 - accuracy: 0.0913
1750/3000 [================>.............] - ETA: 4s - loss: 2.3034 - accuracy: 0.0903
2000/3000 [===================>..........] - ETA: 3s - loss: 2.3037 - accuracy: 0.0920
2250/3000 [=====================>........] - ETA: 2s - loss: 2.3032 - accuracy: 0.0902
2500/3000 [========================>.....] - ETA: 1s - loss: 2.3030 - accuracy: 0.0884
2750/3000 [==========================>...] - ETA: 0s - loss: 2.3033 - accuracy: 0.0855
3000/3000 [==============================] - 12s 4ms/step - loss: 2.3032 - accuracy: 0.0860 - val_loss: 2.3041 - val_accuracy: 0.0893
Latency --- 59.7287483215332 seconds ---
For delta=0.000200, the current epsilon is: 0.1520
=====================Iteration========================== 10
For delta=0.000200, the current epsilon is: 0.1520
Noise Mutiplier 30
in grads Tensor("loss_9/mul:0", shape=(?,), dtype=float32)
Train on 3000 samples, validate on 750 samples
Epoch 1/5

 250/3000 [=>............................] - ETA: 12s - loss: 2.3141 - accuracy: 0.0840
 500/3000 [====>.........................] - ETA: 10s - loss: 2.3035 - accuracy: 0.0980
 750/3000 [======>.......................] - ETA: 9s - loss: 2.3038 - accuracy: 0.1013 
1000/3000 [=========>....................] - ETA: 8s - loss: 2.3053 - accuracy: 0.1020
1250/3000 [===========>..................] - ETA: 7s - loss: 2.3057 - accuracy: 0.1032
1500/3000 [==============>...............] - ETA: 6s - loss: 2.3057 - accuracy: 0.1020
1750/3000 [================>.............] - ETA: 4s - loss: 2.3052 - accuracy: 0.0977
2000/3000 [===================>..........] - ETA: 3s - loss: 2.3063 - accuracy: 0.1000
2250/3000 [=====================>........] - ETA: 2s - loss: 2.3062 - accuracy: 0.1040
2500/3000 [========================>.....] - ETA: 1s - loss: 2.3063 - accuracy: 0.1048
2750/3000 [==========================>...] - ETA: 0s - loss: 2.3063 - accuracy: 0.1058
3000/3000 [==============================] - 12s 4ms/step - loss: 2.3058 - accuracy: 0.1053 - val_loss: 2.3100 - val_accuracy: 0.1013
Epoch 2/5

 250/3000 [=>............................] - ETA: 10s - loss: 2.3120 - accuracy: 0.0840
 500/3000 [====>.........................] - ETA: 9s - loss: 2.3053 - accuracy: 0.1180 
 750/3000 [======>.......................] - ETA: 8s - loss: 2.3033 - accuracy: 0.1160
1000/3000 [=========>....................] - ETA: 7s - loss: 2.3050 - accuracy: 0.1100
1250/3000 [===========>..................] - ETA: 6s - loss: 2.3048 - accuracy: 0.1080
1500/3000 [==============>...............] - ETA: 5s - loss: 2.3054 - accuracy: 0.1060
1750/3000 [================>.............] - ETA: 4s - loss: 2.3065 - accuracy: 0.1057
2000/3000 [===================>..........] - ETA: 3s - loss: 2.3059 - accuracy: 0.1040
2250/3000 [=====================>........] - ETA: 2s - loss: 2.3068 - accuracy: 0.1040
2500/3000 [========================>.....] - ETA: 1s - loss: 2.3076 - accuracy: 0.1016
2750/3000 [==========================>...] - ETA: 0s - loss: 2.3070 - accuracy: 0.1025
3000/3000 [==============================] - 12s 4ms/step - loss: 2.3060 - accuracy: 0.1060 - val_loss: 2.3096 - val_accuracy: 0.1027
Epoch 3/5

 250/3000 [=>............................] - ETA: 10s - loss: 2.3049 - accuracy: 0.1200
 500/3000 [====>.........................] - ETA: 9s - loss: 2.3116 - accuracy: 0.0940 
 750/3000 [======>.......................] - ETA: 8s - loss: 2.3086 - accuracy: 0.1053
1000/3000 [=========>....................] - ETA: 7s - loss: 2.3089 - accuracy: 0.1010
1250/3000 [===========>..................] - ETA: 6s - loss: 2.3087 - accuracy: 0.1016
1500/3000 [==============>...............] - ETA: 5s - loss: 2.3074 - accuracy: 0.1020
1750/3000 [================>.............] - ETA: 4s - loss: 2.3069 - accuracy: 0.1051
2000/3000 [===================>..........] - ETA: 3s - loss: 2.3062 - accuracy: 0.1060
2250/3000 [=====================>........] - ETA: 2s - loss: 2.3068 - accuracy: 0.1071
2500/3000 [========================>.....] - ETA: 1s - loss: 2.3061 - accuracy: 0.1056
2750/3000 [==========================>...] - ETA: 0s - loss: 2.3060 - accuracy: 0.1044
3000/3000 [==============================] - 12s 4ms/step - loss: 2.3063 - accuracy: 0.1033 - val_loss: 2.3103 - val_accuracy: 0.1013
Epoch 4/5

 250/3000 [=>............................] - ETA: 10s - loss: 2.3132 - accuracy: 0.1000
 500/3000 [====>.........................] - ETA: 9s - loss: 2.3044 - accuracy: 0.1060 
 750/3000 [======>.......................] - ETA: 8s - loss: 2.3058 - accuracy: 0.1027
1000/3000 [=========>....................] - ETA: 7s - loss: 2.3081 - accuracy: 0.0980
1250/3000 [===========>..................] - ETA: 6s - loss: 2.3072 - accuracy: 0.1000
1500/3000 [==============>...............] - ETA: 5s - loss: 2.3096 - accuracy: 0.0927
1750/3000 [================>.............] - ETA: 4s - loss: 2.3095 - accuracy: 0.0909
2000/3000 [===================>..........] - ETA: 3s - loss: 2.3076 - accuracy: 0.0960
2250/3000 [=====================>........] - ETA: 2s - loss: 2.3072 - accuracy: 0.0982
2500/3000 [========================>.....] - ETA: 1s - loss: 2.3074 - accuracy: 0.0980
2750/3000 [==========================>...] - ETA: 0s - loss: 2.3063 - accuracy: 0.0993
3000/3000 [==============================] - 12s 4ms/step - loss: 2.3064 - accuracy: 0.0987 - val_loss: 2.3103 - val_accuracy: 0.0973
Epoch 5/5

 250/3000 [=>............................] - ETA: 10s - loss: 2.3049 - accuracy: 0.1120
 500/3000 [====>.........................] - ETA: 9s - loss: 2.3078 - accuracy: 0.1080 
 750/3000 [======>.......................] - ETA: 8s - loss: 2.3101 - accuracy: 0.0973
1000/3000 [=========>....................] - ETA: 7s - loss: 2.3099 - accuracy: 0.0920
1250/3000 [===========>..................] - ETA: 6s - loss: 2.3089 - accuracy: 0.0928
1500/3000 [==============>...............] - ETA: 5s - loss: 2.3089 - accuracy: 0.0927
1750/3000 [================>.............] - ETA: 4s - loss: 2.3083 - accuracy: 0.0960
2000/3000 [===================>..........] - ETA: 3s - loss: 2.3079 - accuracy: 0.0970
2250/3000 [=====================>........] - ETA: 2s - loss: 2.3077 - accuracy: 0.0960
2500/3000 [========================>.....] - ETA: 1s - loss: 2.3066 - accuracy: 0.0984
2750/3000 [==========================>...] - ETA: 0s - loss: 2.3069 - accuracy: 0.1004
3000/3000 [==============================] - 12s 4ms/step - loss: 2.3062 - accuracy: 0.1023 - val_loss: 2.3109 - val_accuracy: 0.1013
Latency --- 60.15812611579895 seconds ---
For delta=0.000200, the current epsilon is: 0.1520
