We are using Tensorflow version 1.15.2
Keras API version: 2.3.1
=====================Iteration========================== 1
For delta=0.000200, the current epsilon is: 8.0077
Noise Mutiplier 0.792
in grads Tensor("loss/mul:0", shape=(?,), dtype=float32)
Train on 3000 samples, validate on 750 samples
Epoch 1/5

 250/3000 [=>............................] - ETA: 11s - loss: 2.3038 - accuracy: 0.1200
 500/3000 [====>.........................] - ETA: 10s - loss: 2.3050 - accuracy: 0.1140
 750/3000 [======>.......................] - ETA: 8s - loss: 2.3048 - accuracy: 0.1173 
1000/3000 [=========>....................] - ETA: 7s - loss: 2.3078 - accuracy: 0.1190
1250/3000 [===========>..................] - ETA: 6s - loss: 2.3074 - accuracy: 0.1200
1500/3000 [==============>...............] - ETA: 5s - loss: 2.3072 - accuracy: 0.1173
1750/3000 [================>.............] - ETA: 4s - loss: 2.3071 - accuracy: 0.1160
2000/3000 [===================>..........] - ETA: 3s - loss: 2.3061 - accuracy: 0.1155
2250/3000 [=====================>........] - ETA: 2s - loss: 2.3058 - accuracy: 0.1102
2500/3000 [========================>.....] - ETA: 1s - loss: 2.3057 - accuracy: 0.1112
2750/3000 [==========================>...] - ETA: 0s - loss: 2.3057 - accuracy: 0.1109
3000/3000 [==============================] - 12s 4ms/step - loss: 2.3058 - accuracy: 0.1097 - val_loss: 2.3054 - val_accuracy: 0.0853
Epoch 2/5

 250/3000 [=>............................] - ETA: 10s - loss: 2.2984 - accuracy: 0.1280
 500/3000 [====>.........................] - ETA: 9s - loss: 2.3056 - accuracy: 0.1140 
 750/3000 [======>.......................] - ETA: 8s - loss: 2.3039 - accuracy: 0.1227
1000/3000 [=========>....................] - ETA: 7s - loss: 2.3038 - accuracy: 0.1210
1250/3000 [===========>..................] - ETA: 6s - loss: 2.3037 - accuracy: 0.1160
1500/3000 [==============>...............] - ETA: 5s - loss: 2.3026 - accuracy: 0.1227
1750/3000 [================>.............] - ETA: 4s - loss: 2.3017 - accuracy: 0.1291
2000/3000 [===================>..........] - ETA: 3s - loss: 2.3016 - accuracy: 0.1235
2250/3000 [=====================>........] - ETA: 2s - loss: 2.3015 - accuracy: 0.1213
2500/3000 [========================>.....] - ETA: 1s - loss: 2.3014 - accuracy: 0.1220
2750/3000 [==========================>...] - ETA: 0s - loss: 2.3013 - accuracy: 0.1251
3000/3000 [==============================] - 12s 4ms/step - loss: 2.3011 - accuracy: 0.1270 - val_loss: 2.3047 - val_accuracy: 0.1053
Epoch 3/5

 250/3000 [=>............................] - ETA: 10s - loss: 2.2934 - accuracy: 0.1800
 500/3000 [====>.........................] - ETA: 9s - loss: 2.2965 - accuracy: 0.1500 
 750/3000 [======>.......................] - ETA: 8s - loss: 2.2976 - accuracy: 0.1400
1000/3000 [=========>....................] - ETA: 7s - loss: 2.2981 - accuracy: 0.1300
1250/3000 [===========>..................] - ETA: 6s - loss: 2.2978 - accuracy: 0.1304
1500/3000 [==============>...............] - ETA: 5s - loss: 2.2979 - accuracy: 0.1240
1750/3000 [================>.............] - ETA: 4s - loss: 2.2983 - accuracy: 0.1246
2000/3000 [===================>..........] - ETA: 3s - loss: 2.2980 - accuracy: 0.1265
2250/3000 [=====================>........] - ETA: 2s - loss: 2.2981 - accuracy: 0.1271
2500/3000 [========================>.....] - ETA: 1s - loss: 2.2983 - accuracy: 0.1256
2750/3000 [==========================>...] - ETA: 0s - loss: 2.2979 - accuracy: 0.1265
3000/3000 [==============================] - 12s 4ms/step - loss: 2.2976 - accuracy: 0.1277 - val_loss: 2.3042 - val_accuracy: 0.1000
Epoch 4/5

 250/3000 [=>............................] - ETA: 10s - loss: 2.2935 - accuracy: 0.1480
 500/3000 [====>.........................] - ETA: 9s - loss: 2.2953 - accuracy: 0.1280 
 750/3000 [======>.......................] - ETA: 8s - loss: 2.2963 - accuracy: 0.1200
1000/3000 [=========>....................] - ETA: 7s - loss: 2.2953 - accuracy: 0.1230
1250/3000 [===========>..................] - ETA: 6s - loss: 2.2951 - accuracy: 0.1264
1500/3000 [==============>...............] - ETA: 5s - loss: 2.2961 - accuracy: 0.1213
1750/3000 [================>.............] - ETA: 4s - loss: 2.2961 - accuracy: 0.1246
2000/3000 [===================>..........] - ETA: 3s - loss: 2.2959 - accuracy: 0.1245
2250/3000 [=====================>........] - ETA: 2s - loss: 2.2954 - accuracy: 0.1298
2500/3000 [========================>.....] - ETA: 1s - loss: 2.2951 - accuracy: 0.1312
2750/3000 [==========================>...] - ETA: 0s - loss: 2.2945 - accuracy: 0.1371
3000/3000 [==============================] - 12s 4ms/step - loss: 2.2948 - accuracy: 0.1373 - val_loss: 2.3045 - val_accuracy: 0.0987
Epoch 5/5

 250/3000 [=>............................] - ETA: 10s - loss: 2.3006 - accuracy: 0.0800
 500/3000 [====>.........................] - ETA: 9s - loss: 2.2974 - accuracy: 0.1020 
 750/3000 [======>.......................] - ETA: 8s - loss: 2.2953 - accuracy: 0.1160
1000/3000 [=========>....................] - ETA: 7s - loss: 2.2957 - accuracy: 0.1170
1250/3000 [===========>..................] - ETA: 6s - loss: 2.2953 - accuracy: 0.1224
1500/3000 [==============>...............] - ETA: 5s - loss: 2.2951 - accuracy: 0.1260
1750/3000 [================>.............] - ETA: 4s - loss: 2.2946 - accuracy: 0.1303
2000/3000 [===================>..........] - ETA: 3s - loss: 2.2939 - accuracy: 0.1360
2250/3000 [=====================>........] - ETA: 2s - loss: 2.2940 - accuracy: 0.1338
2500/3000 [========================>.....] - ETA: 1s - loss: 2.2935 - accuracy: 0.1380
2750/3000 [==========================>...] - ETA: 0s - loss: 2.2929 - accuracy: 0.1455
3000/3000 [==============================] - 12s 4ms/step - loss: 2.2926 - accuracy: 0.1477 - val_loss: 2.3051 - val_accuracy: 0.1027
Latency --- 58.58079743385315 seconds ---
For delta=0.000200, the current epsilon is: 8.0077
Saving model with new accuracy, previous accuracy was 0 and present is 0.14766666293144226
Saved model to disk
=====================Iteration========================== 2
For delta=0.000200, the current epsilon is: 8.0077
Noise Mutiplier 0.792
in grads Tensor("loss_1/mul:0", shape=(?,), dtype=float32)
Train on 3000 samples, validate on 750 samples
Epoch 1/5

 250/3000 [=>............................] - ETA: 11s - loss: 2.3093 - accuracy: 0.1040
 500/3000 [====>.........................] - ETA: 10s - loss: 2.3079 - accuracy: 0.0940
 750/3000 [======>.......................] - ETA: 9s - loss: 2.3064 - accuracy: 0.1013 
1000/3000 [=========>....................] - ETA: 7s - loss: 2.3052 - accuracy: 0.1040
1250/3000 [===========>..................] - ETA: 6s - loss: 2.3037 - accuracy: 0.1112
1500/3000 [==============>...............] - ETA: 5s - loss: 2.3037 - accuracy: 0.1087
1750/3000 [================>.............] - ETA: 4s - loss: 2.3032 - accuracy: 0.1171
2000/3000 [===================>..........] - ETA: 3s - loss: 2.3022 - accuracy: 0.1200
2250/3000 [=====================>........] - ETA: 2s - loss: 2.3019 - accuracy: 0.1196
2500/3000 [========================>.....] - ETA: 1s - loss: 2.3018 - accuracy: 0.1192
2750/3000 [==========================>...] - ETA: 0s - loss: 2.3019 - accuracy: 0.1200
3000/3000 [==============================] - 12s 4ms/step - loss: 2.3018 - accuracy: 0.1243 - val_loss: 2.3054 - val_accuracy: 0.0867
Epoch 2/5

 250/3000 [=>............................] - ETA: 10s - loss: 2.2960 - accuracy: 0.1640
 500/3000 [====>.........................] - ETA: 9s - loss: 2.2967 - accuracy: 0.1640 
 750/3000 [======>.......................] - ETA: 8s - loss: 2.2979 - accuracy: 0.1560
1000/3000 [=========>....................] - ETA: 7s - loss: 2.2974 - accuracy: 0.1510
1250/3000 [===========>..................] - ETA: 6s - loss: 2.2982 - accuracy: 0.1488
1500/3000 [==============>...............] - ETA: 5s - loss: 2.2965 - accuracy: 0.1473
1750/3000 [================>.............] - ETA: 4s - loss: 2.2967 - accuracy: 0.1480
2000/3000 [===================>..........] - ETA: 3s - loss: 2.2966 - accuracy: 0.1475
2250/3000 [=====================>........] - ETA: 2s - loss: 2.2973 - accuracy: 0.1413
2500/3000 [========================>.....] - ETA: 1s - loss: 2.2974 - accuracy: 0.1436
2750/3000 [==========================>...] - ETA: 0s - loss: 2.2975 - accuracy: 0.1433
3000/3000 [==============================] - 12s 4ms/step - loss: 2.2976 - accuracy: 0.1423 - val_loss: 2.3051 - val_accuracy: 0.0960
Epoch 3/5

 250/3000 [=>............................] - ETA: 10s - loss: 2.3000 - accuracy: 0.1200
 500/3000 [====>.........................] - ETA: 9s - loss: 2.2963 - accuracy: 0.1240 
 750/3000 [======>.......................] - ETA: 8s - loss: 2.2937 - accuracy: 0.1347
1000/3000 [=========>....................] - ETA: 7s - loss: 2.2951 - accuracy: 0.1300
1250/3000 [===========>..................] - ETA: 6s - loss: 2.2952 - accuracy: 0.1376
1500/3000 [==============>...............] - ETA: 5s - loss: 2.2947 - accuracy: 0.1407
1750/3000 [================>.............] - ETA: 4s - loss: 2.2945 - accuracy: 0.1434
2000/3000 [===================>..........] - ETA: 3s - loss: 2.2944 - accuracy: 0.1375
2250/3000 [=====================>........] - ETA: 2s - loss: 2.2944 - accuracy: 0.1387
2500/3000 [========================>.....] - ETA: 1s - loss: 2.2943 - accuracy: 0.1384
2750/3000 [==========================>...] - ETA: 0s - loss: 2.2945 - accuracy: 0.1382
3000/3000 [==============================] - 12s 4ms/step - loss: 2.2940 - accuracy: 0.1407 - val_loss: 2.3053 - val_accuracy: 0.0867
Epoch 4/5

 250/3000 [=>............................] - ETA: 10s - loss: 2.2918 - accuracy: 0.1560
 500/3000 [====>.........................] - ETA: 9s - loss: 2.2934 - accuracy: 0.1640 
 750/3000 [======>.......................] - ETA: 8s - loss: 2.2916 - accuracy: 0.1693
1000/3000 [=========>....................] - ETA: 7s - loss: 2.2916 - accuracy: 0.1560
1250/3000 [===========>..................] - ETA: 6s - loss: 2.2915 - accuracy: 0.1568
1500/3000 [==============>...............] - ETA: 5s - loss: 2.2905 - accuracy: 0.1653
1750/3000 [================>.............] - ETA: 4s - loss: 2.2899 - accuracy: 0.1674
2000/3000 [===================>..........] - ETA: 3s - loss: 2.2901 - accuracy: 0.1650
2250/3000 [=====================>........] - ETA: 2s - loss: 2.2901 - accuracy: 0.1658
2500/3000 [========================>.....] - ETA: 1s - loss: 2.2901 - accuracy: 0.1636
2750/3000 [==========================>...] - ETA: 0s - loss: 2.2903 - accuracy: 0.1640
3000/3000 [==============================] - 12s 4ms/step - loss: 2.2902 - accuracy: 0.1640 - val_loss: 2.3054 - val_accuracy: 0.0840
Epoch 5/5

 250/3000 [=>............................] - ETA: 10s - loss: 2.2929 - accuracy: 0.1720
 500/3000 [====>.........................] - ETA: 9s - loss: 2.2896 - accuracy: 0.1600 
 750/3000 [======>.......................] - ETA: 8s - loss: 2.2897 - accuracy: 0.1693
1000/3000 [=========>....................] - ETA: 7s - loss: 2.2891 - accuracy: 0.1620
1250/3000 [===========>..................] - ETA: 6s - loss: 2.2887 - accuracy: 0.1632
1500/3000 [==============>...............] - ETA: 5s - loss: 2.2884 - accuracy: 0.1640
1750/3000 [================>.............] - ETA: 4s - loss: 2.2880 - accuracy: 0.1646
2000/3000 [===================>..........] - ETA: 3s - loss: 2.2877 - accuracy: 0.1670
2250/3000 [=====================>........] - ETA: 2s - loss: 2.2875 - accuracy: 0.1716
2500/3000 [========================>.....] - ETA: 1s - loss: 2.2872 - accuracy: 0.1716
2750/3000 [==========================>...] - ETA: 0s - loss: 2.2866 - accuracy: 0.1731
3000/3000 [==============================] - 12s 4ms/step - loss: 2.2864 - accuracy: 0.1750 - val_loss: 2.3060 - val_accuracy: 0.0867
Latency --- 58.70458936691284 seconds ---
For delta=0.000200, the current epsilon is: 8.0077
Saving model with new accuracy, previous accuracy was 0.14766666293144226 and present is 0.17499999701976776
Saved model to disk
=====================Iteration========================== 3
For delta=0.000200, the current epsilon is: 8.0077
Noise Mutiplier 0.792
in grads Tensor("loss_2/mul:0", shape=(?,), dtype=float32)
Train on 3000 samples, validate on 750 samples
Epoch 1/5

 250/3000 [=>............................] - ETA: 11s - loss: 2.3070 - accuracy: 0.1040
 500/3000 [====>.........................] - ETA: 10s - loss: 2.3019 - accuracy: 0.1040
 750/3000 [======>.......................] - ETA: 9s - loss: 2.3009 - accuracy: 0.1160 
1000/3000 [=========>....................] - ETA: 7s - loss: 2.3018 - accuracy: 0.1080
1250/3000 [===========>..................] - ETA: 6s - loss: 2.3011 - accuracy: 0.1120
1500/3000 [==============>...............] - ETA: 5s - loss: 2.3018 - accuracy: 0.1093
1750/3000 [================>.............] - ETA: 4s - loss: 2.3015 - accuracy: 0.1086
2000/3000 [===================>..........] - ETA: 3s - loss: 2.3009 - accuracy: 0.1105
2250/3000 [=====================>........] - ETA: 2s - loss: 2.3009 - accuracy: 0.1111
2500/3000 [========================>.....] - ETA: 1s - loss: 2.3014 - accuracy: 0.1088
2750/3000 [==========================>...] - ETA: 0s - loss: 2.3009 - accuracy: 0.1113
3000/3000 [==============================] - 12s 4ms/step - loss: 2.3010 - accuracy: 0.1120 - val_loss: 2.3029 - val_accuracy: 0.1187
Epoch 2/5

 250/3000 [=>............................] - ETA: 10s - loss: 2.2962 - accuracy: 0.1320
 500/3000 [====>.........................] - ETA: 9s - loss: 2.2974 - accuracy: 0.1280 
 750/3000 [======>.......................] - ETA: 8s - loss: 2.2970 - accuracy: 0.1213
1000/3000 [=========>....................] - ETA: 7s - loss: 2.2959 - accuracy: 0.1310
1250/3000 [===========>..................] - ETA: 6s - loss: 2.2956 - accuracy: 0.1352
1500/3000 [==============>...............] - ETA: 5s - loss: 2.2957 - accuracy: 0.1327
1750/3000 [================>.............] - ETA: 4s - loss: 2.2954 - accuracy: 0.1337
2000/3000 [===================>..........] - ETA: 3s - loss: 2.2957 - accuracy: 0.1330
2250/3000 [=====================>........] - ETA: 2s - loss: 2.2955 - accuracy: 0.1320
2500/3000 [========================>.....] - ETA: 1s - loss: 2.2956 - accuracy: 0.1324
2750/3000 [==========================>...] - ETA: 0s - loss: 2.2952 - accuracy: 0.1335
3000/3000 [==============================] - 12s 4ms/step - loss: 2.2953 - accuracy: 0.1333 - val_loss: 2.3031 - val_accuracy: 0.1013
Epoch 3/5

 250/3000 [=>............................] - ETA: 10s - loss: 2.2907 - accuracy: 0.1520
 500/3000 [====>.........................] - ETA: 9s - loss: 2.2901 - accuracy: 0.1620 
 750/3000 [======>.......................] - ETA: 8s - loss: 2.2922 - accuracy: 0.1467
1000/3000 [=========>....................] - ETA: 7s - loss: 2.2906 - accuracy: 0.1540
1250/3000 [===========>..................] - ETA: 6s - loss: 2.2902 - accuracy: 0.1592
1500/3000 [==============>...............] - ETA: 5s - loss: 2.2901 - accuracy: 0.1607
1750/3000 [================>.............] - ETA: 4s - loss: 2.2899 - accuracy: 0.1634
2000/3000 [===================>..........] - ETA: 3s - loss: 2.2903 - accuracy: 0.1590
2250/3000 [=====================>........] - ETA: 2s - loss: 2.2903 - accuracy: 0.1578
2500/3000 [========================>.....] - ETA: 1s - loss: 2.2906 - accuracy: 0.1576
2750/3000 [==========================>...] - ETA: 0s - loss: 2.2910 - accuracy: 0.1542
3000/3000 [==============================] - 12s 4ms/step - loss: 2.2910 - accuracy: 0.1510 - val_loss: 2.3034 - val_accuracy: 0.1027
Epoch 4/5

 250/3000 [=>............................] - ETA: 10s - loss: 2.2938 - accuracy: 0.1720
 500/3000 [====>.........................] - ETA: 9s - loss: 2.2905 - accuracy: 0.1740 
 750/3000 [======>.......................] - ETA: 8s - loss: 2.2902 - accuracy: 0.1667
1000/3000 [=========>....................] - ETA: 7s - loss: 2.2893 - accuracy: 0.1620
1250/3000 [===========>..................] - ETA: 6s - loss: 2.2882 - accuracy: 0.1624
1500/3000 [==============>...............] - ETA: 5s - loss: 2.2874 - accuracy: 0.1640
1750/3000 [================>.............] - ETA: 4s - loss: 2.2878 - accuracy: 0.1583
2000/3000 [===================>..........] - ETA: 3s - loss: 2.2873 - accuracy: 0.1600
2250/3000 [=====================>........] - ETA: 2s - loss: 2.2866 - accuracy: 0.1640
2500/3000 [========================>.....] - ETA: 1s - loss: 2.2866 - accuracy: 0.1596
2750/3000 [==========================>...] - ETA: 0s - loss: 2.2856 - accuracy: 0.1665
3000/3000 [==============================] - 12s 4ms/step - loss: 2.2857 - accuracy: 0.1637 - val_loss: 2.3038 - val_accuracy: 0.1200
Epoch 5/5

 250/3000 [=>............................] - ETA: 10s - loss: 2.2820 - accuracy: 0.1800
 500/3000 [====>.........................] - ETA: 9s - loss: 2.2805 - accuracy: 0.1960 
 750/3000 [======>.......................] - ETA: 8s - loss: 2.2816 - accuracy: 0.1840
1000/3000 [=========>....................] - ETA: 7s - loss: 2.2834 - accuracy: 0.1710
1250/3000 [===========>..................] - ETA: 6s - loss: 2.2832 - accuracy: 0.1712
1500/3000 [==============>...............] - ETA: 5s - loss: 2.2828 - accuracy: 0.1713
1750/3000 [================>.............] - ETA: 4s - loss: 2.2824 - accuracy: 0.1720
2000/3000 [===================>..........] - ETA: 3s - loss: 2.2818 - accuracy: 0.1705
2250/3000 [=====================>........] - ETA: 2s - loss: 2.2813 - accuracy: 0.1680
2500/3000 [========================>.....] - ETA: 1s - loss: 2.2809 - accuracy: 0.1716
2750/3000 [==========================>...] - ETA: 0s - loss: 2.2809 - accuracy: 0.1698
3000/3000 [==============================] - 12s 4ms/step - loss: 2.2805 - accuracy: 0.1727 - val_loss: 2.3045 - val_accuracy: 0.1160
Latency --- 58.89448142051697 seconds ---
For delta=0.000200, the current epsilon is: 8.0077
=====================Iteration========================== 4
For delta=0.000200, the current epsilon is: 8.0077
Noise Mutiplier 0.792
in grads Tensor("loss_3/mul:0", shape=(?,), dtype=float32)
Train on 3000 samples, validate on 750 samples
Epoch 1/5

 250/3000 [=>............................] - ETA: 11s - loss: 2.3006 - accuracy: 0.1240
 500/3000 [====>.........................] - ETA: 10s - loss: 2.3024 - accuracy: 0.1340
 750/3000 [======>.......................] - ETA: 9s - loss: 2.3038 - accuracy: 0.1253 
1000/3000 [=========>....................] - ETA: 7s - loss: 2.3040 - accuracy: 0.1160
1250/3000 [===========>..................] - ETA: 6s - loss: 2.3043 - accuracy: 0.1152
1500/3000 [==============>...............] - ETA: 5s - loss: 2.3047 - accuracy: 0.1140
1750/3000 [================>.............] - ETA: 4s - loss: 2.3049 - accuracy: 0.1154
2000/3000 [===================>..........] - ETA: 3s - loss: 2.3045 - accuracy: 0.1160
2250/3000 [=====================>........] - ETA: 2s - loss: 2.3041 - accuracy: 0.1151
2500/3000 [========================>.....] - ETA: 1s - loss: 2.3035 - accuracy: 0.1160
2750/3000 [==========================>...] - ETA: 0s - loss: 2.3032 - accuracy: 0.1156
3000/3000 [==============================] - 12s 4ms/step - loss: 2.3029 - accuracy: 0.1153 - val_loss: 2.3028 - val_accuracy: 0.0947
Epoch 2/5

 250/3000 [=>............................] - ETA: 10s - loss: 2.3003 - accuracy: 0.0920
 500/3000 [====>.........................] - ETA: 9s - loss: 2.3011 - accuracy: 0.1060 
 750/3000 [======>.......................] - ETA: 8s - loss: 2.3009 - accuracy: 0.1133
1000/3000 [=========>....................] - ETA: 7s - loss: 2.3001 - accuracy: 0.1140
1250/3000 [===========>..................] - ETA: 6s - loss: 2.3007 - accuracy: 0.1104
1500/3000 [==============>...............] - ETA: 5s - loss: 2.3005 - accuracy: 0.1127
1750/3000 [================>.............] - ETA: 4s - loss: 2.2997 - accuracy: 0.1154
2000/3000 [===================>..........] - ETA: 3s - loss: 2.2994 - accuracy: 0.1135
2250/3000 [=====================>........] - ETA: 2s - loss: 2.2992 - accuracy: 0.1116
2500/3000 [========================>.....] - ETA: 1s - loss: 2.2994 - accuracy: 0.1120
2750/3000 [==========================>...] - ETA: 0s - loss: 2.2992 - accuracy: 0.1120
3000/3000 [==============================] - 12s 4ms/step - loss: 2.2992 - accuracy: 0.1120 - val_loss: 2.3031 - val_accuracy: 0.1013
Epoch 3/5

 250/3000 [=>............................] - ETA: 10s - loss: 2.3029 - accuracy: 0.1160
 500/3000 [====>.........................] - ETA: 9s - loss: 2.2991 - accuracy: 0.1260 
 750/3000 [======>.......................] - ETA: 8s - loss: 2.2992 - accuracy: 0.1200
1000/3000 [=========>....................] - ETA: 7s - loss: 2.3004 - accuracy: 0.1180
1250/3000 [===========>..................] - ETA: 6s - loss: 2.2996 - accuracy: 0.1168
1500/3000 [==============>...............] - ETA: 5s - loss: 2.2985 - accuracy: 0.1213
1750/3000 [================>.............] - ETA: 4s - loss: 2.2983 - accuracy: 0.1257
2000/3000 [===================>..........] - ETA: 3s - loss: 2.2977 - accuracy: 0.1335
2250/3000 [=====================>........] - ETA: 2s - loss: 2.2972 - accuracy: 0.1329
2500/3000 [========================>.....] - ETA: 1s - loss: 2.2973 - accuracy: 0.1320
2750/3000 [==========================>...] - ETA: 0s - loss: 2.2971 - accuracy: 0.1335
3000/3000 [==============================] - 12s 4ms/step - loss: 2.2972 - accuracy: 0.1310 - val_loss: 2.3031 - val_accuracy: 0.1053
Epoch 4/5

 250/3000 [=>............................] - ETA: 10s - loss: 2.2961 - accuracy: 0.1080
 500/3000 [====>.........................] - ETA: 9s - loss: 2.2947 - accuracy: 0.1360 
 750/3000 [======>.......................] - ETA: 8s - loss: 2.2954 - accuracy: 0.1253
1000/3000 [=========>....................] - ETA: 7s - loss: 2.2959 - accuracy: 0.1330
1250/3000 [===========>..................] - ETA: 6s - loss: 2.2961 - accuracy: 0.1360
1500/3000 [==============>...............] - ETA: 5s - loss: 2.2956 - accuracy: 0.1347
1750/3000 [================>.............] - ETA: 4s - loss: 2.2956 - accuracy: 0.1394
2000/3000 [===================>..........] - ETA: 3s - loss: 2.2953 - accuracy: 0.1390
2250/3000 [=====================>........] - ETA: 2s - loss: 2.2946 - accuracy: 0.1484
2500/3000 [========================>.....] - ETA: 1s - loss: 2.2946 - accuracy: 0.1520
2750/3000 [==========================>...] - ETA: 0s - loss: 2.2947 - accuracy: 0.1535
3000/3000 [==============================] - 12s 4ms/step - loss: 2.2943 - accuracy: 0.1553 - val_loss: 2.3032 - val_accuracy: 0.1027
Epoch 5/5

 250/3000 [=>............................] - ETA: 10s - loss: 2.2887 - accuracy: 0.1840
 500/3000 [====>.........................] - ETA: 9s - loss: 2.2909 - accuracy: 0.1600 
 750/3000 [======>.......................] - ETA: 8s - loss: 2.2913 - accuracy: 0.1600
1000/3000 [=========>....................] - ETA: 7s - loss: 2.2915 - accuracy: 0.1540
1250/3000 [===========>..................] - ETA: 6s - loss: 2.2909 - accuracy: 0.1520
1500/3000 [==============>...............] - ETA: 5s - loss: 2.2910 - accuracy: 0.1540
1750/3000 [================>.............] - ETA: 4s - loss: 2.2911 - accuracy: 0.1560
2000/3000 [===================>..........] - ETA: 3s - loss: 2.2914 - accuracy: 0.1530
2250/3000 [=====================>........] - ETA: 2s - loss: 2.2912 - accuracy: 0.1564
2500/3000 [========================>.....] - ETA: 1s - loss: 2.2914 - accuracy: 0.1536
2750/3000 [==========================>...] - ETA: 0s - loss: 2.2911 - accuracy: 0.1589
3000/3000 [==============================] - 12s 4ms/step - loss: 2.2911 - accuracy: 0.1573 - val_loss: 2.3029 - val_accuracy: 0.1133
Latency --- 59.3318247795105 seconds ---
For delta=0.000200, the current epsilon is: 8.0077
=====================Iteration========================== 5
For delta=0.000200, the current epsilon is: 8.0077
Noise Mutiplier 0.792
in grads Tensor("loss_4/mul:0", shape=(?,), dtype=float32)
Train on 3000 samples, validate on 750 samples
Epoch 1/5

 250/3000 [=>............................] - ETA: 12s - loss: 2.3102 - accuracy: 0.0680
 500/3000 [====>.........................] - ETA: 10s - loss: 2.3051 - accuracy: 0.0980
 750/3000 [======>.......................] - ETA: 9s - loss: 2.3061 - accuracy: 0.0947 
1000/3000 [=========>....................] - ETA: 8s - loss: 2.3069 - accuracy: 0.0930
1250/3000 [===========>..................] - ETA: 6s - loss: 2.3056 - accuracy: 0.0944
1500/3000 [==============>...............] - ETA: 5s - loss: 2.3053 - accuracy: 0.0947
1750/3000 [================>.............] - ETA: 4s - loss: 2.3046 - accuracy: 0.0977
2000/3000 [===================>..........] - ETA: 3s - loss: 2.3036 - accuracy: 0.1010
2250/3000 [=====================>........] - ETA: 2s - loss: 2.3038 - accuracy: 0.0978
2500/3000 [========================>.....] - ETA: 1s - loss: 2.3038 - accuracy: 0.0980
2750/3000 [==========================>...] - ETA: 0s - loss: 2.3041 - accuracy: 0.0971
3000/3000 [==============================] - 12s 4ms/step - loss: 2.3040 - accuracy: 0.0960 - val_loss: 2.3039 - val_accuracy: 0.1173
Epoch 2/5

 250/3000 [=>............................] - ETA: 10s - loss: 2.3003 - accuracy: 0.0920
 500/3000 [====>.........................] - ETA: 9s - loss: 2.3005 - accuracy: 0.0920 
 750/3000 [======>.......................] - ETA: 8s - loss: 2.3001 - accuracy: 0.0933
1000/3000 [=========>....................] - ETA: 7s - loss: 2.3008 - accuracy: 0.0890
1250/3000 [===========>..................] - ETA: 6s - loss: 2.3011 - accuracy: 0.0912
1500/3000 [==============>...............] - ETA: 5s - loss: 2.3015 - accuracy: 0.0873
1750/3000 [================>.............] - ETA: 4s - loss: 2.3010 - accuracy: 0.0909
2000/3000 [===================>..........] - ETA: 3s - loss: 2.3009 - accuracy: 0.0920
2250/3000 [=====================>........] - ETA: 2s - loss: 2.3006 - accuracy: 0.0960
2500/3000 [========================>.....] - ETA: 1s - loss: 2.3006 - accuracy: 0.0968
2750/3000 [==========================>...] - ETA: 0s - loss: 2.3004 - accuracy: 0.1018
3000/3000 [==============================] - 12s 4ms/step - loss: 2.3001 - accuracy: 0.1047 - val_loss: 2.3035 - val_accuracy: 0.0867
Epoch 3/5

 250/3000 [=>............................] - ETA: 10s - loss: 2.3044 - accuracy: 0.1120
 500/3000 [====>.........................] - ETA: 9s - loss: 2.3010 - accuracy: 0.1120 
 750/3000 [======>.......................] - ETA: 8s - loss: 2.3000 - accuracy: 0.1160
1000/3000 [=========>....................] - ETA: 7s - loss: 2.2972 - accuracy: 0.1380
1250/3000 [===========>..................] - ETA: 6s - loss: 2.2974 - accuracy: 0.1368
1500/3000 [==============>...............] - ETA: 5s - loss: 2.2979 - accuracy: 0.1333
1750/3000 [================>.............] - ETA: 4s - loss: 2.2979 - accuracy: 0.1263
2000/3000 [===================>..........] - ETA: 3s - loss: 2.2980 - accuracy: 0.1245
2250/3000 [=====================>........] - ETA: 2s - loss: 2.2982 - accuracy: 0.1209
2500/3000 [========================>.....] - ETA: 1s - loss: 2.2980 - accuracy: 0.1236
2750/3000 [==========================>...] - ETA: 0s - loss: 2.2979 - accuracy: 0.1236
3000/3000 [==============================] - 12s 4ms/step - loss: 2.2978 - accuracy: 0.1243 - val_loss: 2.3034 - val_accuracy: 0.0813
Epoch 4/5

 250/3000 [=>............................] - ETA: 10s - loss: 2.2987 - accuracy: 0.1040
 500/3000 [====>.........................] - ETA: 9s - loss: 2.2987 - accuracy: 0.1040 
 750/3000 [======>.......................] - ETA: 8s - loss: 2.2980 - accuracy: 0.1173
1000/3000 [=========>....................] - ETA: 7s - loss: 2.2976 - accuracy: 0.1140
1250/3000 [===========>..................] - ETA: 6s - loss: 2.2973 - accuracy: 0.1200
1500/3000 [==============>...............] - ETA: 5s - loss: 2.2967 - accuracy: 0.1233
1750/3000 [================>.............] - ETA: 4s - loss: 2.2971 - accuracy: 0.1234
2000/3000 [===================>..........] - ETA: 3s - loss: 2.2969 - accuracy: 0.1205
2250/3000 [=====================>........] - ETA: 2s - loss: 2.2963 - accuracy: 0.1253
2500/3000 [========================>.....] - ETA: 1s - loss: 2.2964 - accuracy: 0.1244
2750/3000 [==========================>...] - ETA: 0s - loss: 2.2962 - accuracy: 0.1258
3000/3000 [==============================] - 12s 4ms/step - loss: 2.2958 - accuracy: 0.1270 - val_loss: 2.3033 - val_accuracy: 0.0893
Epoch 5/5

 250/3000 [=>............................] - ETA: 10s - loss: 2.2915 - accuracy: 0.1480
 500/3000 [====>.........................] - ETA: 9s - loss: 2.2933 - accuracy: 0.1340 
 750/3000 [======>.......................] - ETA: 8s - loss: 2.2940 - accuracy: 0.1293
1000/3000 [=========>....................] - ETA: 7s - loss: 2.2945 - accuracy: 0.1300
1250/3000 [===========>..................] - ETA: 6s - loss: 2.2942 - accuracy: 0.1360
1500/3000 [==============>...............] - ETA: 5s - loss: 2.2942 - accuracy: 0.1333
1750/3000 [================>.............] - ETA: 4s - loss: 2.2939 - accuracy: 0.1320
2000/3000 [===================>..........] - ETA: 3s - loss: 2.2934 - accuracy: 0.1350
2250/3000 [=====================>........] - ETA: 2s - loss: 2.2939 - accuracy: 0.1307
2500/3000 [========================>.....] - ETA: 1s - loss: 2.2938 - accuracy: 0.1324
2750/3000 [==========================>...] - ETA: 0s - loss: 2.2941 - accuracy: 0.1298
3000/3000 [==============================] - 12s 4ms/step - loss: 2.2939 - accuracy: 0.1287 - val_loss: 2.3033 - val_accuracy: 0.0907
Latency --- 59.45805382728577 seconds ---
For delta=0.000200, the current epsilon is: 8.0077
=====================Iteration========================== 6
For delta=0.000200, the current epsilon is: 8.0077
Noise Mutiplier 0.792
in grads Tensor("loss_5/mul:0", shape=(?,), dtype=float32)
Train on 3000 samples, validate on 750 samples
Epoch 1/5

 250/3000 [=>............................] - ETA: 12s - loss: 2.3022 - accuracy: 0.1360
 500/3000 [====>.........................] - ETA: 10s - loss: 2.2989 - accuracy: 0.1240
 750/3000 [======>.......................] - ETA: 9s - loss: 2.3014 - accuracy: 0.1107 
1000/3000 [=========>....................] - ETA: 8s - loss: 2.3021 - accuracy: 0.1090
1250/3000 [===========>..................] - ETA: 7s - loss: 2.3027 - accuracy: 0.1072
1500/3000 [==============>...............] - ETA: 5s - loss: 2.3027 - accuracy: 0.1107
1750/3000 [================>.............] - ETA: 4s - loss: 2.3021 - accuracy: 0.1154
2000/3000 [===================>..........] - ETA: 3s - loss: 2.3018 - accuracy: 0.1145
2250/3000 [=====================>........] - ETA: 2s - loss: 2.3019 - accuracy: 0.1129
2500/3000 [========================>.....] - ETA: 1s - loss: 2.3022 - accuracy: 0.1112
2750/3000 [==========================>...] - ETA: 0s - loss: 2.3024 - accuracy: 0.1095
3000/3000 [==============================] - 12s 4ms/step - loss: 2.3025 - accuracy: 0.1060 - val_loss: 2.3042 - val_accuracy: 0.0867
Epoch 2/5

 250/3000 [=>............................] - ETA: 10s - loss: 2.3041 - accuracy: 0.1080
 500/3000 [====>.........................] - ETA: 9s - loss: 2.3030 - accuracy: 0.0900 
 750/3000 [======>.......................] - ETA: 8s - loss: 2.2999 - accuracy: 0.1000
1000/3000 [=========>....................] - ETA: 7s - loss: 2.3006 - accuracy: 0.1030
1250/3000 [===========>..................] - ETA: 6s - loss: 2.2982 - accuracy: 0.1160
1500/3000 [==============>...............] - ETA: 5s - loss: 2.2996 - accuracy: 0.1120
1750/3000 [================>.............] - ETA: 4s - loss: 2.2989 - accuracy: 0.1160
2000/3000 [===================>..........] - ETA: 3s - loss: 2.2985 - accuracy: 0.1210
2250/3000 [=====================>........] - ETA: 2s - loss: 2.2986 - accuracy: 0.1218
2500/3000 [========================>.....] - ETA: 1s - loss: 2.2987 - accuracy: 0.1212
2750/3000 [==========================>...] - ETA: 0s - loss: 2.2981 - accuracy: 0.1204
3000/3000 [==============================] - 12s 4ms/step - loss: 2.2977 - accuracy: 0.1210 - val_loss: 2.3048 - val_accuracy: 0.0853
Epoch 3/5

 250/3000 [=>............................] - ETA: 10s - loss: 2.2968 - accuracy: 0.0920
 500/3000 [====>.........................] - ETA: 9s - loss: 2.2953 - accuracy: 0.1220 
 750/3000 [======>.......................] - ETA: 8s - loss: 2.2961 - accuracy: 0.1307
1000/3000 [=========>....................] - ETA: 7s - loss: 2.2951 - accuracy: 0.1340
1250/3000 [===========>..................] - ETA: 6s - loss: 2.2948 - accuracy: 0.1352
1500/3000 [==============>...............] - ETA: 5s - loss: 2.2949 - accuracy: 0.1347
1750/3000 [================>.............] - ETA: 4s - loss: 2.2944 - accuracy: 0.1354
2000/3000 [===================>..........] - ETA: 3s - loss: 2.2947 - accuracy: 0.1300
2250/3000 [=====================>........] - ETA: 2s - loss: 2.2943 - accuracy: 0.1329
2500/3000 [========================>.....] - ETA: 1s - loss: 2.2943 - accuracy: 0.1304
2750/3000 [==========================>...] - ETA: 0s - loss: 2.2940 - accuracy: 0.1316
3000/3000 [==============================] - 12s 4ms/step - loss: 2.2936 - accuracy: 0.1330 - val_loss: 2.3054 - val_accuracy: 0.0867
Epoch 4/5

 250/3000 [=>............................] - ETA: 10s - loss: 2.2922 - accuracy: 0.1040
 500/3000 [====>.........................] - ETA: 9s - loss: 2.2900 - accuracy: 0.1280 
 750/3000 [======>.......................] - ETA: 8s - loss: 2.2922 - accuracy: 0.1280
1000/3000 [=========>....................] - ETA: 7s - loss: 2.2929 - accuracy: 0.1250
1250/3000 [===========>..................] - ETA: 6s - loss: 2.2916 - accuracy: 0.1280
1500/3000 [==============>...............] - ETA: 5s - loss: 2.2918 - accuracy: 0.1293
1750/3000 [================>.............] - ETA: 4s - loss: 2.2915 - accuracy: 0.1251
2000/3000 [===================>..........] - ETA: 3s - loss: 2.2907 - accuracy: 0.1290
2250/3000 [=====================>........] - ETA: 2s - loss: 2.2904 - accuracy: 0.1280
2500/3000 [========================>.....] - ETA: 1s - loss: 2.2903 - accuracy: 0.1292
2750/3000 [==========================>...] - ETA: 0s - loss: 2.2901 - accuracy: 0.1284
3000/3000 [==============================] - 12s 4ms/step - loss: 2.2900 - accuracy: 0.1280 - val_loss: 2.3061 - val_accuracy: 0.0853
Epoch 5/5

 250/3000 [=>............................] - ETA: 10s - loss: 2.2875 - accuracy: 0.1320
 500/3000 [====>.........................] - ETA: 9s - loss: 2.2849 - accuracy: 0.1300 
 750/3000 [======>.......................] - ETA: 8s - loss: 2.2850 - accuracy: 0.1253
1000/3000 [=========>....................] - ETA: 7s - loss: 2.2847 - accuracy: 0.1310
1250/3000 [===========>..................] - ETA: 6s - loss: 2.2871 - accuracy: 0.1240
1500/3000 [==============>...............] - ETA: 5s - loss: 2.2878 - accuracy: 0.1240
1750/3000 [================>.............] - ETA: 4s - loss: 2.2875 - accuracy: 0.1223
2000/3000 [===================>..........] - ETA: 3s - loss: 2.2874 - accuracy: 0.1240
2250/3000 [=====================>........] - ETA: 2s - loss: 2.2864 - accuracy: 0.1267
2500/3000 [========================>.....] - ETA: 1s - loss: 2.2860 - accuracy: 0.1272
2750/3000 [==========================>...] - ETA: 0s - loss: 2.2859 - accuracy: 0.1244
3000/3000 [==============================] - 12s 4ms/step - loss: 2.2858 - accuracy: 0.1223 - val_loss: 2.3069 - val_accuracy: 0.0933
Latency --- 59.63243818283081 seconds ---
For delta=0.000200, the current epsilon is: 8.0077
=====================Iteration========================== 7
For delta=0.000200, the current epsilon is: 8.0077
Noise Mutiplier 0.792
in grads Tensor("loss_6/mul:0", shape=(?,), dtype=float32)
Train on 3000 samples, validate on 750 samples
Epoch 1/5

 250/3000 [=>............................] - ETA: 12s - loss: 2.3065 - accuracy: 0.0960
 500/3000 [====>.........................] - ETA: 10s - loss: 2.3041 - accuracy: 0.1200
 750/3000 [======>.......................] - ETA: 9s - loss: 2.3047 - accuracy: 0.1133 
1000/3000 [=========>....................] - ETA: 8s - loss: 2.3025 - accuracy: 0.1170
1250/3000 [===========>..................] - ETA: 7s - loss: 2.3021 - accuracy: 0.1160
1500/3000 [==============>...............] - ETA: 5s - loss: 2.3016 - accuracy: 0.1167
1750/3000 [================>.............] - ETA: 4s - loss: 2.3016 - accuracy: 0.1143
2000/3000 [===================>..........] - ETA: 3s - loss: 2.3024 - accuracy: 0.1105
2250/3000 [=====================>........] - ETA: 2s - loss: 2.3016 - accuracy: 0.1142
2500/3000 [========================>.....] - ETA: 1s - loss: 2.3016 - accuracy: 0.1132
2750/3000 [==========================>...] - ETA: 0s - loss: 2.3012 - accuracy: 0.1145
3000/3000 [==============================] - 12s 4ms/step - loss: 2.3007 - accuracy: 0.1170 - val_loss: 2.3050 - val_accuracy: 0.1053
Epoch 2/5

 250/3000 [=>............................] - ETA: 10s - loss: 2.2946 - accuracy: 0.1080
 500/3000 [====>.........................] - ETA: 9s - loss: 2.2954 - accuracy: 0.1080 
 750/3000 [======>.......................] - ETA: 8s - loss: 2.2952 - accuracy: 0.1173
1000/3000 [=========>....................] - ETA: 7s - loss: 2.2952 - accuracy: 0.1200
1250/3000 [===========>..................] - ETA: 6s - loss: 2.2951 - accuracy: 0.1144
1500/3000 [==============>...............] - ETA: 5s - loss: 2.2937 - accuracy: 0.1213
1750/3000 [================>.............] - ETA: 4s - loss: 2.2942 - accuracy: 0.1194
2000/3000 [===================>..........] - ETA: 3s - loss: 2.2944 - accuracy: 0.1185
2250/3000 [=====================>........] - ETA: 2s - loss: 2.2946 - accuracy: 0.1156
2500/3000 [========================>.....] - ETA: 1s - loss: 2.2945 - accuracy: 0.1160
2750/3000 [==========================>...] - ETA: 0s - loss: 2.2945 - accuracy: 0.1153
3000/3000 [==============================] - 12s 4ms/step - loss: 2.2948 - accuracy: 0.1147 - val_loss: 2.3040 - val_accuracy: 0.1040
Epoch 3/5

 250/3000 [=>............................] - ETA: 10s - loss: 2.2961 - accuracy: 0.0960
 500/3000 [====>.........................] - ETA: 9s - loss: 2.2953 - accuracy: 0.0980 
 750/3000 [======>.......................] - ETA: 8s - loss: 2.2923 - accuracy: 0.1147
1000/3000 [=========>....................] - ETA: 7s - loss: 2.2920 - accuracy: 0.1180
1250/3000 [===========>..................] - ETA: 6s - loss: 2.2914 - accuracy: 0.1168
1500/3000 [==============>...............] - ETA: 5s - loss: 2.2917 - accuracy: 0.1193
1750/3000 [================>.............] - ETA: 4s - loss: 2.2909 - accuracy: 0.1211
2000/3000 [===================>..........] - ETA: 3s - loss: 2.2907 - accuracy: 0.1195
2250/3000 [=====================>........] - ETA: 2s - loss: 2.2907 - accuracy: 0.1209
2500/3000 [========================>.....] - ETA: 1s - loss: 2.2907 - accuracy: 0.1204
2750/3000 [==========================>...] - ETA: 0s - loss: 2.2906 - accuracy: 0.1189
3000/3000 [==============================] - 12s 4ms/step - loss: 2.2906 - accuracy: 0.1163 - val_loss: 2.3040 - val_accuracy: 0.1000
Epoch 4/5

 250/3000 [=>............................] - ETA: 10s - loss: 2.2893 - accuracy: 0.0960
 500/3000 [====>.........................] - ETA: 9s - loss: 2.2879 - accuracy: 0.1080 
 750/3000 [======>.......................] - ETA: 8s - loss: 2.2867 - accuracy: 0.1200
1000/3000 [=========>....................] - ETA: 7s - loss: 2.2868 - accuracy: 0.1180
1250/3000 [===========>..................] - ETA: 6s - loss: 2.2871 - accuracy: 0.1120
1500/3000 [==============>...............] - ETA: 5s - loss: 2.2874 - accuracy: 0.1113
1750/3000 [================>.............] - ETA: 4s - loss: 2.2871 - accuracy: 0.1131
2000/3000 [===================>..........] - ETA: 3s - loss: 2.2869 - accuracy: 0.1130
2250/3000 [=====================>........] - ETA: 2s - loss: 2.2864 - accuracy: 0.1142
2500/3000 [========================>.....] - ETA: 1s - loss: 2.2866 - accuracy: 0.1140
2750/3000 [==========================>...] - ETA: 0s - loss: 2.2862 - accuracy: 0.1171
3000/3000 [==============================] - 12s 4ms/step - loss: 2.2863 - accuracy: 0.1187 - val_loss: 2.3044 - val_accuracy: 0.1120
Epoch 5/5

 250/3000 [=>............................] - ETA: 10s - loss: 2.2864 - accuracy: 0.1280
 500/3000 [====>.........................] - ETA: 9s - loss: 2.2855 - accuracy: 0.1440 
 750/3000 [======>.......................] - ETA: 8s - loss: 2.2854 - accuracy: 0.1347
1000/3000 [=========>....................] - ETA: 7s - loss: 2.2846 - accuracy: 0.1310
1250/3000 [===========>..................] - ETA: 6s - loss: 2.2843 - accuracy: 0.1256
1500/3000 [==============>...............] - ETA: 5s - loss: 2.2835 - accuracy: 0.1260
1750/3000 [================>.............] - ETA: 4s - loss: 2.2819 - accuracy: 0.1331
2000/3000 [===================>..........] - ETA: 3s - loss: 2.2815 - accuracy: 0.1355
2250/3000 [=====================>........] - ETA: 2s - loss: 2.2814 - accuracy: 0.1338
2500/3000 [========================>.....] - ETA: 1s - loss: 2.2818 - accuracy: 0.1336
2750/3000 [==========================>...] - ETA: 0s - loss: 2.2815 - accuracy: 0.1353
3000/3000 [==============================] - 12s 4ms/step - loss: 2.2813 - accuracy: 0.1347 - val_loss: 2.3044 - val_accuracy: 0.0960
Latency --- 59.792553663253784 seconds ---
For delta=0.000200, the current epsilon is: 8.0077
=====================Iteration========================== 8
For delta=0.000200, the current epsilon is: 8.0077
Noise Mutiplier 0.792
in grads Tensor("loss_7/mul:0", shape=(?,), dtype=float32)
Train on 3000 samples, validate on 750 samples
Epoch 1/5

 250/3000 [=>............................] - ETA: 12s - loss: 2.2963 - accuracy: 0.1320
 500/3000 [====>.........................] - ETA: 10s - loss: 2.2985 - accuracy: 0.1220
 750/3000 [======>.......................] - ETA: 9s - loss: 2.2981 - accuracy: 0.1227 
1000/3000 [=========>....................] - ETA: 8s - loss: 2.2983 - accuracy: 0.1280
1250/3000 [===========>..................] - ETA: 7s - loss: 2.2984 - accuracy: 0.1288
1500/3000 [==============>...............] - ETA: 6s - loss: 2.2981 - accuracy: 0.1313
1750/3000 [================>.............] - ETA: 4s - loss: 2.2974 - accuracy: 0.1394
2000/3000 [===================>..........] - ETA: 3s - loss: 2.2974 - accuracy: 0.1365
2250/3000 [=====================>........] - ETA: 2s - loss: 2.2971 - accuracy: 0.1391
2500/3000 [========================>.....] - ETA: 1s - loss: 2.2971 - accuracy: 0.1372
2750/3000 [==========================>...] - ETA: 0s - loss: 2.2973 - accuracy: 0.1382
3000/3000 [==============================] - 12s 4ms/step - loss: 2.2972 - accuracy: 0.1410 - val_loss: 2.3022 - val_accuracy: 0.1067
Epoch 2/5

 250/3000 [=>............................] - ETA: 10s - loss: 2.2887 - accuracy: 0.2000
 500/3000 [====>.........................] - ETA: 9s - loss: 2.2919 - accuracy: 0.1900 
 750/3000 [======>.......................] - ETA: 8s - loss: 2.2908 - accuracy: 0.1800
1000/3000 [=========>....................] - ETA: 7s - loss: 2.2920 - accuracy: 0.1810
1250/3000 [===========>..................] - ETA: 6s - loss: 2.2928 - accuracy: 0.1696
1500/3000 [==============>...............] - ETA: 5s - loss: 2.2929 - accuracy: 0.1660
1750/3000 [================>.............] - ETA: 4s - loss: 2.2931 - accuracy: 0.1663
2000/3000 [===================>..........] - ETA: 3s - loss: 2.2929 - accuracy: 0.1650
2250/3000 [=====================>........] - ETA: 2s - loss: 2.2922 - accuracy: 0.1693
2500/3000 [========================>.....] - ETA: 1s - loss: 2.2919 - accuracy: 0.1692
2750/3000 [==========================>...] - ETA: 0s - loss: 2.2921 - accuracy: 0.1673
3000/3000 [==============================] - 12s 4ms/step - loss: 2.2923 - accuracy: 0.1657 - val_loss: 2.3021 - val_accuracy: 0.0987
Epoch 3/5

 250/3000 [=>............................] - ETA: 10s - loss: 2.2966 - accuracy: 0.1480
 500/3000 [====>.........................] - ETA: 9s - loss: 2.2921 - accuracy: 0.1600 
 750/3000 [======>.......................] - ETA: 8s - loss: 2.2923 - accuracy: 0.1613
1000/3000 [=========>....................] - ETA: 7s - loss: 2.2916 - accuracy: 0.1650
1250/3000 [===========>..................] - ETA: 6s - loss: 2.2911 - accuracy: 0.1696
1500/3000 [==============>...............] - ETA: 5s - loss: 2.2913 - accuracy: 0.1673
1750/3000 [================>.............] - ETA: 4s - loss: 2.2909 - accuracy: 0.1669
2000/3000 [===================>..........] - ETA: 3s - loss: 2.2899 - accuracy: 0.1710
2250/3000 [=====================>........] - ETA: 2s - loss: 2.2892 - accuracy: 0.1733
2500/3000 [========================>.....] - ETA: 1s - loss: 2.2887 - accuracy: 0.1772
2750/3000 [==========================>...] - ETA: 0s - loss: 2.2881 - accuracy: 0.1844
3000/3000 [==============================] - 12s 4ms/step - loss: 2.2878 - accuracy: 0.1833 - val_loss: 2.3023 - val_accuracy: 0.1080
Epoch 4/5

 250/3000 [=>............................] - ETA: 10s - loss: 2.2903 - accuracy: 0.2080
 500/3000 [====>.........................] - ETA: 9s - loss: 2.2848 - accuracy: 0.2200 
 750/3000 [======>.......................] - ETA: 8s - loss: 2.2843 - accuracy: 0.2173
1000/3000 [=========>....................] - ETA: 7s - loss: 2.2833 - accuracy: 0.2130
1250/3000 [===========>..................] - ETA: 6s - loss: 2.2827 - accuracy: 0.2072
1500/3000 [==============>...............] - ETA: 5s - loss: 2.2844 - accuracy: 0.2040
1750/3000 [================>.............] - ETA: 4s - loss: 2.2843 - accuracy: 0.2011
2000/3000 [===================>..........] - ETA: 3s - loss: 2.2845 - accuracy: 0.1950
2250/3000 [=====================>........] - ETA: 2s - loss: 2.2842 - accuracy: 0.1938
2500/3000 [========================>.....] - ETA: 1s - loss: 2.2838 - accuracy: 0.1920
2750/3000 [==========================>...] - ETA: 0s - loss: 2.2839 - accuracy: 0.1916
3000/3000 [==============================] - 12s 4ms/step - loss: 2.2831 - accuracy: 0.1907 - val_loss: 2.3031 - val_accuracy: 0.1133
Epoch 5/5

 250/3000 [=>............................] - ETA: 10s - loss: 2.2819 - accuracy: 0.1840
 500/3000 [====>.........................] - ETA: 9s - loss: 2.2797 - accuracy: 0.1860 
 750/3000 [======>.......................] - ETA: 8s - loss: 2.2793 - accuracy: 0.1933
1000/3000 [=========>....................] - ETA: 7s - loss: 2.2787 - accuracy: 0.1990
1250/3000 [===========>..................] - ETA: 6s - loss: 2.2804 - accuracy: 0.1968
1500/3000 [==============>...............] - ETA: 5s - loss: 2.2814 - accuracy: 0.1860
1750/3000 [================>.............] - ETA: 4s - loss: 2.2803 - accuracy: 0.1926
2000/3000 [===================>..........] - ETA: 3s - loss: 2.2803 - accuracy: 0.1880
2250/3000 [=====================>........] - ETA: 2s - loss: 2.2786 - accuracy: 0.1924
2500/3000 [========================>.....] - ETA: 1s - loss: 2.2781 - accuracy: 0.1940
2750/3000 [==========================>...] - ETA: 0s - loss: 2.2774 - accuracy: 0.1924
3000/3000 [==============================] - 12s 4ms/step - loss: 2.2775 - accuracy: 0.1900 - val_loss: 2.3045 - val_accuracy: 0.1080
Latency --- 59.83555603027344 seconds ---
For delta=0.000200, the current epsilon is: 8.0077
Saving model with new accuracy, previous accuracy was 0.17499999701976776 and present is 0.1899999976158142
Saved model to disk
=====================Iteration========================== 9
For delta=0.000200, the current epsilon is: 8.0077
Noise Mutiplier 0.792
in grads Tensor("loss_8/mul:0", shape=(?,), dtype=float32)
Train on 3000 samples, validate on 750 samples
Epoch 1/5

 250/3000 [=>............................] - ETA: 12s - loss: 2.3138 - accuracy: 0.0920
 500/3000 [====>.........................] - ETA: 10s - loss: 2.3130 - accuracy: 0.0940
 750/3000 [======>.......................] - ETA: 9s - loss: 2.3061 - accuracy: 0.1173 
1000/3000 [=========>....................] - ETA: 8s - loss: 2.3076 - accuracy: 0.1120
1250/3000 [===========>..................] - ETA: 7s - loss: 2.3070 - accuracy: 0.1088
1500/3000 [==============>...............] - ETA: 6s - loss: 2.3058 - accuracy: 0.1080
1750/3000 [================>.............] - ETA: 4s - loss: 2.3063 - accuracy: 0.1063
2000/3000 [===================>..........] - ETA: 3s - loss: 2.3066 - accuracy: 0.1030
2250/3000 [=====================>........] - ETA: 2s - loss: 2.3068 - accuracy: 0.1022
2500/3000 [========================>.....] - ETA: 1s - loss: 2.3050 - accuracy: 0.1072
2750/3000 [==========================>...] - ETA: 0s - loss: 2.3052 - accuracy: 0.1055
3000/3000 [==============================] - 12s 4ms/step - loss: 2.3053 - accuracy: 0.1033 - val_loss: 2.3052 - val_accuracy: 0.1027
Epoch 2/5

 250/3000 [=>............................] - ETA: 10s - loss: 2.3046 - accuracy: 0.0800
 500/3000 [====>.........................] - ETA: 9s - loss: 2.3040 - accuracy: 0.0920 
 750/3000 [======>.......................] - ETA: 8s - loss: 2.3037 - accuracy: 0.0907
1000/3000 [=========>....................] - ETA: 7s - loss: 2.3010 - accuracy: 0.0980
1250/3000 [===========>..................] - ETA: 6s - loss: 2.3007 - accuracy: 0.1024
1500/3000 [==============>...............] - ETA: 5s - loss: 2.3013 - accuracy: 0.1027
1750/3000 [================>.............] - ETA: 4s - loss: 2.3012 - accuracy: 0.1034
2000/3000 [===================>..........] - ETA: 3s - loss: 2.3006 - accuracy: 0.1080
2250/3000 [=====================>........] - ETA: 2s - loss: 2.3008 - accuracy: 0.1084
2500/3000 [========================>.....] - ETA: 1s - loss: 2.3005 - accuracy: 0.1080
2750/3000 [==========================>...] - ETA: 0s - loss: 2.3008 - accuracy: 0.1065
3000/3000 [==============================] - 12s 4ms/step - loss: 2.3005 - accuracy: 0.1060 - val_loss: 2.3044 - val_accuracy: 0.1040
Epoch 3/5

 250/3000 [=>............................] - ETA: 10s - loss: 2.2900 - accuracy: 0.1360
 500/3000 [====>.........................] - ETA: 9s - loss: 2.2977 - accuracy: 0.1140 
 750/3000 [======>.......................] - ETA: 8s - loss: 2.2962 - accuracy: 0.1173
1000/3000 [=========>....................] - ETA: 7s - loss: 2.2962 - accuracy: 0.1100
1250/3000 [===========>..................] - ETA: 6s - loss: 2.2960 - accuracy: 0.1104
1500/3000 [==============>...............] - ETA: 5s - loss: 2.2965 - accuracy: 0.1073
1750/3000 [================>.............] - ETA: 4s - loss: 2.2973 - accuracy: 0.1063
2000/3000 [===================>..........] - ETA: 3s - loss: 2.2975 - accuracy: 0.1095
2250/3000 [=====================>........] - ETA: 2s - loss: 2.2974 - accuracy: 0.1102
2500/3000 [========================>.....] - ETA: 1s - loss: 2.2975 - accuracy: 0.1104
2750/3000 [==========================>...] - ETA: 0s - loss: 2.2973 - accuracy: 0.1073
3000/3000 [==============================] - 12s 4ms/step - loss: 2.2970 - accuracy: 0.1067 - val_loss: 2.3040 - val_accuracy: 0.1133
Epoch 4/5

 250/3000 [=>............................] - ETA: 10s - loss: 2.2969 - accuracy: 0.1200
 500/3000 [====>.........................] - ETA: 9s - loss: 2.2964 - accuracy: 0.1020 
 750/3000 [======>.......................] - ETA: 8s - loss: 2.2975 - accuracy: 0.1013
1000/3000 [=========>....................] - ETA: 7s - loss: 2.2965 - accuracy: 0.1050
1250/3000 [===========>..................] - ETA: 6s - loss: 2.2965 - accuracy: 0.1072
1500/3000 [==============>...............] - ETA: 5s - loss: 2.2957 - accuracy: 0.1033
1750/3000 [================>.............] - ETA: 4s - loss: 2.2951 - accuracy: 0.1069
2000/3000 [===================>..........] - ETA: 3s - loss: 2.2950 - accuracy: 0.1065
2250/3000 [=====================>........] - ETA: 2s - loss: 2.2944 - accuracy: 0.1080
2500/3000 [========================>.....] - ETA: 1s - loss: 2.2950 - accuracy: 0.1052
2750/3000 [==========================>...] - ETA: 0s - loss: 2.2949 - accuracy: 0.1058
3000/3000 [==============================] - 12s 4ms/step - loss: 2.2946 - accuracy: 0.1077 - val_loss: 2.3042 - val_accuracy: 0.1093
Epoch 5/5

 250/3000 [=>............................] - ETA: 10s - loss: 2.2877 - accuracy: 0.1480
 500/3000 [====>.........................] - ETA: 9s - loss: 2.2919 - accuracy: 0.1260 
 750/3000 [======>.......................] - ETA: 8s - loss: 2.2915 - accuracy: 0.1240
1000/3000 [=========>....................] - ETA: 7s - loss: 2.2891 - accuracy: 0.1310
1250/3000 [===========>..................] - ETA: 6s - loss: 2.2903 - accuracy: 0.1264
1500/3000 [==============>...............] - ETA: 5s - loss: 2.2910 - accuracy: 0.1233
1750/3000 [================>.............] - ETA: 4s - loss: 2.2917 - accuracy: 0.1189
2000/3000 [===================>..........] - ETA: 3s - loss: 2.2912 - accuracy: 0.1170
2250/3000 [=====================>........] - ETA: 2s - loss: 2.2909 - accuracy: 0.1156
2500/3000 [========================>.....] - ETA: 1s - loss: 2.2908 - accuracy: 0.1128
2750/3000 [==========================>...] - ETA: 0s - loss: 2.2915 - accuracy: 0.1116
3000/3000 [==============================] - 12s 4ms/step - loss: 2.2917 - accuracy: 0.1103 - val_loss: 2.3052 - val_accuracy: 0.1107
Latency --- 60.02830934524536 seconds ---
For delta=0.000200, the current epsilon is: 8.0077
=====================Iteration========================== 10
For delta=0.000200, the current epsilon is: 8.0077
Noise Mutiplier 0.792
in grads Tensor("loss_9/mul:0", shape=(?,), dtype=float32)
Train on 3000 samples, validate on 750 samples
Epoch 1/5

 250/3000 [=>............................] - ETA: 12s - loss: 2.3051 - accuracy: 0.0760
 500/3000 [====>.........................] - ETA: 10s - loss: 2.3045 - accuracy: 0.0740
 750/3000 [======>.......................] - ETA: 9s - loss: 2.3034 - accuracy: 0.0840 
1000/3000 [=========>....................] - ETA: 8s - loss: 2.3039 - accuracy: 0.0900
1250/3000 [===========>..................] - ETA: 7s - loss: 2.3042 - accuracy: 0.0888
1500/3000 [==============>...............] - ETA: 6s - loss: 2.3047 - accuracy: 0.0927
1750/3000 [================>.............] - ETA: 4s - loss: 2.3048 - accuracy: 0.0931
2000/3000 [===================>..........] - ETA: 3s - loss: 2.3047 - accuracy: 0.0920
2250/3000 [=====================>........] - ETA: 2s - loss: 2.3043 - accuracy: 0.0942
2500/3000 [========================>.....] - ETA: 1s - loss: 2.3042 - accuracy: 0.0936
2750/3000 [==========================>...] - ETA: 0s - loss: 2.3039 - accuracy: 0.0938
3000/3000 [==============================] - 12s 4ms/step - loss: 2.3034 - accuracy: 0.0963 - val_loss: 2.3024 - val_accuracy: 0.1000
Epoch 2/5

 250/3000 [=>............................] - ETA: 10s - loss: 2.3042 - accuracy: 0.1080
 500/3000 [====>.........................] - ETA: 9s - loss: 2.3012 - accuracy: 0.1100 
 750/3000 [======>.......................] - ETA: 8s - loss: 2.3006 - accuracy: 0.1160
1000/3000 [=========>....................] - ETA: 7s - loss: 2.3009 - accuracy: 0.1140
1250/3000 [===========>..................] - ETA: 6s - loss: 2.3004 - accuracy: 0.1144
1500/3000 [==============>...............] - ETA: 5s - loss: 2.2999 - accuracy: 0.1240
1750/3000 [================>.............] - ETA: 4s - loss: 2.3004 - accuracy: 0.1200
2000/3000 [===================>..........] - ETA: 3s - loss: 2.3000 - accuracy: 0.1225
2250/3000 [=====================>........] - ETA: 2s - loss: 2.2993 - accuracy: 0.1276
2500/3000 [========================>.....] - ETA: 1s - loss: 2.2995 - accuracy: 0.1244
2750/3000 [==========================>...] - ETA: 0s - loss: 2.2995 - accuracy: 0.1258
3000/3000 [==============================] - 12s 4ms/step - loss: 2.2993 - accuracy: 0.1247 - val_loss: 2.3022 - val_accuracy: 0.0893
Epoch 3/5

 250/3000 [=>............................] - ETA: 10s - loss: 2.3004 - accuracy: 0.1240
 500/3000 [====>.........................] - ETA: 9s - loss: 2.2979 - accuracy: 0.1220 
 750/3000 [======>.......................] - ETA: 8s - loss: 2.2966 - accuracy: 0.1320
1000/3000 [=========>....................] - ETA: 7s - loss: 2.2965 - accuracy: 0.1400
1250/3000 [===========>..................] - ETA: 6s - loss: 2.2968 - accuracy: 0.1408
1500/3000 [==============>...............] - ETA: 5s - loss: 2.2974 - accuracy: 0.1400
1750/3000 [================>.............] - ETA: 4s - loss: 2.2969 - accuracy: 0.1440
2000/3000 [===================>..........] - ETA: 3s - loss: 2.2968 - accuracy: 0.1445
2250/3000 [=====================>........] - ETA: 2s - loss: 2.2967 - accuracy: 0.1436
2500/3000 [========================>.....] - ETA: 1s - loss: 2.2963 - accuracy: 0.1464
2750/3000 [==========================>...] - ETA: 0s - loss: 2.2957 - accuracy: 0.1495
3000/3000 [==============================] - 12s 4ms/step - loss: 2.2954 - accuracy: 0.1520 - val_loss: 2.3021 - val_accuracy: 0.0933
Epoch 4/5

 250/3000 [=>............................] - ETA: 10s - loss: 2.2968 - accuracy: 0.1480
 500/3000 [====>.........................] - ETA: 9s - loss: 2.2984 - accuracy: 0.1420 
 750/3000 [======>.......................] - ETA: 8s - loss: 2.2962 - accuracy: 0.1467
1000/3000 [=========>....................] - ETA: 7s - loss: 2.2935 - accuracy: 0.1520
1250/3000 [===========>..................] - ETA: 6s - loss: 2.2931 - accuracy: 0.1584
1500/3000 [==============>...............] - ETA: 5s - loss: 2.2927 - accuracy: 0.1633
1750/3000 [================>.............] - ETA: 4s - loss: 2.2931 - accuracy: 0.1669
2000/3000 [===================>..........] - ETA: 3s - loss: 2.2923 - accuracy: 0.1680
2250/3000 [=====================>........] - ETA: 2s - loss: 2.2924 - accuracy: 0.1680
2500/3000 [========================>.....] - ETA: 1s - loss: 2.2924 - accuracy: 0.1684
2750/3000 [==========================>...] - ETA: 0s - loss: 2.2915 - accuracy: 0.1738
3000/3000 [==============================] - 12s 4ms/step - loss: 2.2918 - accuracy: 0.1760 - val_loss: 2.3025 - val_accuracy: 0.1027
Epoch 5/5

 250/3000 [=>............................] - ETA: 10s - loss: 2.2873 - accuracy: 0.1960
 500/3000 [====>.........................] - ETA: 9s - loss: 2.2843 - accuracy: 0.2020 
 750/3000 [======>.......................] - ETA: 8s - loss: 2.2852 - accuracy: 0.2000
1000/3000 [=========>....................] - ETA: 7s - loss: 2.2865 - accuracy: 0.2010
1250/3000 [===========>..................] - ETA: 6s - loss: 2.2878 - accuracy: 0.1968
1500/3000 [==============>...............] - ETA: 5s - loss: 2.2885 - accuracy: 0.1980
1750/3000 [================>.............] - ETA: 4s - loss: 2.2893 - accuracy: 0.1897
2000/3000 [===================>..........] - ETA: 3s - loss: 2.2897 - accuracy: 0.1890
2250/3000 [=====================>........] - ETA: 2s - loss: 2.2887 - accuracy: 0.1898
2500/3000 [========================>.....] - ETA: 1s - loss: 2.2889 - accuracy: 0.1884
2750/3000 [==========================>...] - ETA: 0s - loss: 2.2882 - accuracy: 0.1858
3000/3000 [==============================] - 12s 4ms/step - loss: 2.2881 - accuracy: 0.1867 - val_loss: 2.3031 - val_accuracy: 0.1053
Latency --- 60.03160262107849 seconds ---
For delta=0.000200, the current epsilon is: 8.0077
