We are using Tensorflow version 1.15.2
Keras API version: 2.3.1
=====================Iteration========================== 1
For delta=0.000200, the current epsilon is: 2.0066
Noise Mutiplier 1.76
in grads Tensor("loss/mul:0", shape=(?,), dtype=float32)
Train on 3000 samples, validate on 750 samples
Epoch 1/5

 250/3000 [=>............................] - ETA: 11s - loss: 2.3047 - accuracy: 0.0600
 500/3000 [====>.........................] - ETA: 10s - loss: 2.3038 - accuracy: 0.0840
 750/3000 [======>.......................] - ETA: 8s - loss: 2.3027 - accuracy: 0.0987 
1000/3000 [=========>....................] - ETA: 7s - loss: 2.3018 - accuracy: 0.1080
1250/3000 [===========>..................] - ETA: 6s - loss: 2.3019 - accuracy: 0.1112
1500/3000 [==============>...............] - ETA: 5s - loss: 2.3026 - accuracy: 0.1113
1750/3000 [================>.............] - ETA: 4s - loss: 2.3027 - accuracy: 0.1131
2000/3000 [===================>..........] - ETA: 3s - loss: 2.3029 - accuracy: 0.1110
2250/3000 [=====================>........] - ETA: 2s - loss: 2.3033 - accuracy: 0.1089
2500/3000 [========================>.....] - ETA: 1s - loss: 2.3038 - accuracy: 0.1096
2750/3000 [==========================>...] - ETA: 0s - loss: 2.3031 - accuracy: 0.1113
3000/3000 [==============================] - 12s 4ms/step - loss: 2.3025 - accuracy: 0.1157 - val_loss: 2.3026 - val_accuracy: 0.1027
Epoch 2/5

 250/3000 [=>............................] - ETA: 10s - loss: 2.3054 - accuracy: 0.1160
 500/3000 [====>.........................] - ETA: 9s - loss: 2.3031 - accuracy: 0.1240 
 750/3000 [======>.......................] - ETA: 8s - loss: 2.2988 - accuracy: 0.1373
1000/3000 [=========>....................] - ETA: 7s - loss: 2.2979 - accuracy: 0.1370
1250/3000 [===========>..................] - ETA: 6s - loss: 2.2972 - accuracy: 0.1368
1500/3000 [==============>...............] - ETA: 5s - loss: 2.2986 - accuracy: 0.1320
1750/3000 [================>.............] - ETA: 4s - loss: 2.2983 - accuracy: 0.1331
2000/3000 [===================>..........] - ETA: 3s - loss: 2.3001 - accuracy: 0.1320
2250/3000 [=====================>........] - ETA: 2s - loss: 2.2996 - accuracy: 0.1302
2500/3000 [========================>.....] - ETA: 1s - loss: 2.2995 - accuracy: 0.1324
2750/3000 [==========================>...] - ETA: 0s - loss: 2.2996 - accuracy: 0.1331
3000/3000 [==============================] - 12s 4ms/step - loss: 2.2996 - accuracy: 0.1327 - val_loss: 2.3026 - val_accuracy: 0.1120
Epoch 3/5

 250/3000 [=>............................] - ETA: 10s - loss: 2.2963 - accuracy: 0.1440
 500/3000 [====>.........................] - ETA: 9s - loss: 2.2998 - accuracy: 0.1260 
 750/3000 [======>.......................] - ETA: 8s - loss: 2.2987 - accuracy: 0.1373
1000/3000 [=========>....................] - ETA: 7s - loss: 2.2972 - accuracy: 0.1370
1250/3000 [===========>..................] - ETA: 6s - loss: 2.2979 - accuracy: 0.1328
1500/3000 [==============>...............] - ETA: 5s - loss: 2.2974 - accuracy: 0.1373
1750/3000 [================>.............] - ETA: 4s - loss: 2.2970 - accuracy: 0.1394
2000/3000 [===================>..........] - ETA: 3s - loss: 2.2967 - accuracy: 0.1420
2250/3000 [=====================>........] - ETA: 2s - loss: 2.2962 - accuracy: 0.1436
2500/3000 [========================>.....] - ETA: 1s - loss: 2.2969 - accuracy: 0.1404
2750/3000 [==========================>...] - ETA: 0s - loss: 2.2969 - accuracy: 0.1400
3000/3000 [==============================] - 12s 4ms/step - loss: 2.2969 - accuracy: 0.1387 - val_loss: 2.3035 - val_accuracy: 0.1080
Epoch 4/5

 250/3000 [=>............................] - ETA: 10s - loss: 2.2935 - accuracy: 0.1200
 500/3000 [====>.........................] - ETA: 9s - loss: 2.2924 - accuracy: 0.1280 
 750/3000 [======>.......................] - ETA: 8s - loss: 2.2929 - accuracy: 0.1240
1000/3000 [=========>....................] - ETA: 7s - loss: 2.2944 - accuracy: 0.1190
1250/3000 [===========>..................] - ETA: 6s - loss: 2.2945 - accuracy: 0.1200
1500/3000 [==============>...............] - ETA: 5s - loss: 2.2943 - accuracy: 0.1227
1750/3000 [================>.............] - ETA: 4s - loss: 2.2949 - accuracy: 0.1166
2000/3000 [===================>..........] - ETA: 3s - loss: 2.2943 - accuracy: 0.1170
2250/3000 [=====================>........] - ETA: 2s - loss: 2.2942 - accuracy: 0.1231
2500/3000 [========================>.....] - ETA: 1s - loss: 2.2933 - accuracy: 0.1268
2750/3000 [==========================>...] - ETA: 0s - loss: 2.2949 - accuracy: 0.1240
3000/3000 [==============================] - 12s 4ms/step - loss: 2.2942 - accuracy: 0.1250 - val_loss: 2.3041 - val_accuracy: 0.1067
Epoch 5/5

 250/3000 [=>............................] - ETA: 10s - loss: 2.2914 - accuracy: 0.1400
 500/3000 [====>.........................] - ETA: 9s - loss: 2.2907 - accuracy: 0.1220 
 750/3000 [======>.......................] - ETA: 8s - loss: 2.2930 - accuracy: 0.1160
1000/3000 [=========>....................] - ETA: 7s - loss: 2.2965 - accuracy: 0.1110
1250/3000 [===========>..................] - ETA: 6s - loss: 2.2949 - accuracy: 0.1080
1500/3000 [==============>...............] - ETA: 5s - loss: 2.2938 - accuracy: 0.1133
1750/3000 [================>.............] - ETA: 4s - loss: 2.2926 - accuracy: 0.1177
2000/3000 [===================>..........] - ETA: 3s - loss: 2.2907 - accuracy: 0.1195
2250/3000 [=====================>........] - ETA: 2s - loss: 2.2909 - accuracy: 0.1200
2500/3000 [========================>.....] - ETA: 1s - loss: 2.2906 - accuracy: 0.1208
2750/3000 [==========================>...] - ETA: 0s - loss: 2.2913 - accuracy: 0.1196
3000/3000 [==============================] - 12s 4ms/step - loss: 2.2920 - accuracy: 0.1197 - val_loss: 2.3049 - val_accuracy: 0.1053
Latency --- 58.40686058998108 seconds ---
For delta=0.000200, the current epsilon is: 2.0066
Saving model with new accuracy, previous accuracy was 0 and present is 0.11966666579246521
Saved model to disk
=====================Iteration========================== 2
For delta=0.000200, the current epsilon is: 2.0066
Noise Mutiplier 1.76
in grads Tensor("loss_1/mul:0", shape=(?,), dtype=float32)
Train on 3000 samples, validate on 750 samples
Epoch 1/5

 250/3000 [=>............................] - ETA: 11s - loss: 2.3013 - accuracy: 0.1240
 500/3000 [====>.........................] - ETA: 10s - loss: 2.3048 - accuracy: 0.0960
 750/3000 [======>.......................] - ETA: 8s - loss: 2.3034 - accuracy: 0.1000 
1000/3000 [=========>....................] - ETA: 7s - loss: 2.3048 - accuracy: 0.0970
1250/3000 [===========>..................] - ETA: 6s - loss: 2.3047 - accuracy: 0.0992
1500/3000 [==============>...............] - ETA: 5s - loss: 2.3044 - accuracy: 0.1007
1750/3000 [================>.............] - ETA: 4s - loss: 2.3054 - accuracy: 0.0989
2000/3000 [===================>..........] - ETA: 3s - loss: 2.3045 - accuracy: 0.1015
2250/3000 [=====================>........] - ETA: 2s - loss: 2.3044 - accuracy: 0.0991
2500/3000 [========================>.....] - ETA: 1s - loss: 2.3042 - accuracy: 0.0988
2750/3000 [==========================>...] - ETA: 0s - loss: 2.3043 - accuracy: 0.0967
3000/3000 [==============================] - 12s 4ms/step - loss: 2.3044 - accuracy: 0.0963 - val_loss: 2.3035 - val_accuracy: 0.1173
Epoch 2/5

 250/3000 [=>............................] - ETA: 10s - loss: 2.3096 - accuracy: 0.0560
 500/3000 [====>.........................] - ETA: 9s - loss: 2.3063 - accuracy: 0.0760 
 750/3000 [======>.......................] - ETA: 8s - loss: 2.3050 - accuracy: 0.0947
1000/3000 [=========>....................] - ETA: 7s - loss: 2.3050 - accuracy: 0.0910
1250/3000 [===========>..................] - ETA: 6s - loss: 2.3045 - accuracy: 0.0928
1500/3000 [==============>...............] - ETA: 5s - loss: 2.3035 - accuracy: 0.0927
1750/3000 [================>.............] - ETA: 4s - loss: 2.3034 - accuracy: 0.0971
2000/3000 [===================>..........] - ETA: 3s - loss: 2.3032 - accuracy: 0.0975
2250/3000 [=====================>........] - ETA: 2s - loss: 2.3028 - accuracy: 0.0996
2500/3000 [========================>.....] - ETA: 1s - loss: 2.3029 - accuracy: 0.0996
2750/3000 [==========================>...] - ETA: 0s - loss: 2.3030 - accuracy: 0.0989
3000/3000 [==============================] - 12s 4ms/step - loss: 2.3028 - accuracy: 0.1013 - val_loss: 2.3037 - val_accuracy: 0.1133
Epoch 3/5

 250/3000 [=>............................] - ETA: 10s - loss: 2.3002 - accuracy: 0.1280
 500/3000 [====>.........................] - ETA: 9s - loss: 2.3002 - accuracy: 0.1320 
 750/3000 [======>.......................] - ETA: 8s - loss: 2.3018 - accuracy: 0.1240
1000/3000 [=========>....................] - ETA: 7s - loss: 2.3021 - accuracy: 0.1100
1250/3000 [===========>..................] - ETA: 6s - loss: 2.3010 - accuracy: 0.1208
1500/3000 [==============>...............] - ETA: 5s - loss: 2.3008 - accuracy: 0.1160
1750/3000 [================>.............] - ETA: 4s - loss: 2.3007 - accuracy: 0.1137
2000/3000 [===================>..........] - ETA: 3s - loss: 2.3011 - accuracy: 0.1140
2250/3000 [=====================>........] - ETA: 2s - loss: 2.3011 - accuracy: 0.1142
2500/3000 [========================>.....] - ETA: 1s - loss: 2.3010 - accuracy: 0.1184
2750/3000 [==========================>...] - ETA: 0s - loss: 2.3009 - accuracy: 0.1189
3000/3000 [==============================] - 12s 4ms/step - loss: 2.3008 - accuracy: 0.1203 - val_loss: 2.3036 - val_accuracy: 0.0947
Epoch 4/5

 250/3000 [=>............................] - ETA: 10s - loss: 2.3011 - accuracy: 0.1120
 500/3000 [====>.........................] - ETA: 9s - loss: 2.2998 - accuracy: 0.1180 
 750/3000 [======>.......................] - ETA: 8s - loss: 2.2999 - accuracy: 0.1320
1000/3000 [=========>....................] - ETA: 7s - loss: 2.3005 - accuracy: 0.1290
1250/3000 [===========>..................] - ETA: 6s - loss: 2.2998 - accuracy: 0.1344
1500/3000 [==============>...............] - ETA: 5s - loss: 2.2998 - accuracy: 0.1307
1750/3000 [================>.............] - ETA: 4s - loss: 2.3002 - accuracy: 0.1309
2000/3000 [===================>..........] - ETA: 3s - loss: 2.2999 - accuracy: 0.1330
2250/3000 [=====================>........] - ETA: 2s - loss: 2.2997 - accuracy: 0.1333
2500/3000 [========================>.....] - ETA: 1s - loss: 2.2997 - accuracy: 0.1320
2750/3000 [==========================>...] - ETA: 0s - loss: 2.2996 - accuracy: 0.1316
3000/3000 [==============================] - 12s 4ms/step - loss: 2.2995 - accuracy: 0.1320 - val_loss: 2.3034 - val_accuracy: 0.0987
Epoch 5/5

 250/3000 [=>............................] - ETA: 10s - loss: 2.2999 - accuracy: 0.1040
 500/3000 [====>.........................] - ETA: 9s - loss: 2.2999 - accuracy: 0.1140 
 750/3000 [======>.......................] - ETA: 8s - loss: 2.2998 - accuracy: 0.1187
1000/3000 [=========>....................] - ETA: 7s - loss: 2.2993 - accuracy: 0.1240
1250/3000 [===========>..................] - ETA: 6s - loss: 2.2988 - accuracy: 0.1264
1500/3000 [==============>...............] - ETA: 5s - loss: 2.2989 - accuracy: 0.1253
1750/3000 [================>.............] - ETA: 4s - loss: 2.2988 - accuracy: 0.1314
2000/3000 [===================>..........] - ETA: 3s - loss: 2.2987 - accuracy: 0.1325
2250/3000 [=====================>........] - ETA: 2s - loss: 2.2990 - accuracy: 0.1289
2500/3000 [========================>.....] - ETA: 1s - loss: 2.2988 - accuracy: 0.1272
2750/3000 [==========================>...] - ETA: 0s - loss: 2.2987 - accuracy: 0.1258
3000/3000 [==============================] - 12s 4ms/step - loss: 2.2985 - accuracy: 0.1273 - val_loss: 2.3036 - val_accuracy: 0.0987
Latency --- 58.47784471511841 seconds ---
For delta=0.000200, the current epsilon is: 2.0066
Saving model with new accuracy, previous accuracy was 0.11966666579246521 and present is 0.12733332812786102
Saved model to disk
=====================Iteration========================== 3
For delta=0.000200, the current epsilon is: 2.0066
Noise Mutiplier 1.76
in grads Tensor("loss_2/mul:0", shape=(?,), dtype=float32)
Train on 3000 samples, validate on 750 samples
Epoch 1/5

 250/3000 [=>............................] - ETA: 11s - loss: 2.3034 - accuracy: 0.0960
 500/3000 [====>.........................] - ETA: 10s - loss: 2.3047 - accuracy: 0.0840
 750/3000 [======>.......................] - ETA: 8s - loss: 2.3056 - accuracy: 0.0853 
1000/3000 [=========>....................] - ETA: 7s - loss: 2.3061 - accuracy: 0.0790
1250/3000 [===========>..................] - ETA: 6s - loss: 2.3046 - accuracy: 0.0808
1500/3000 [==============>...............] - ETA: 5s - loss: 2.3046 - accuracy: 0.0847
1750/3000 [================>.............] - ETA: 4s - loss: 2.3047 - accuracy: 0.0811
2000/3000 [===================>..........] - ETA: 3s - loss: 2.3034 - accuracy: 0.0815
2250/3000 [=====================>........] - ETA: 2s - loss: 2.3039 - accuracy: 0.0778
2500/3000 [========================>.....] - ETA: 1s - loss: 2.3043 - accuracy: 0.0776
2750/3000 [==========================>...] - ETA: 0s - loss: 2.3037 - accuracy: 0.0778
3000/3000 [==============================] - 12s 4ms/step - loss: 2.3041 - accuracy: 0.0777 - val_loss: 2.3048 - val_accuracy: 0.1040
Epoch 2/5

 250/3000 [=>............................] - ETA: 10s - loss: 2.3032 - accuracy: 0.0880
 500/3000 [====>.........................] - ETA: 9s - loss: 2.3013 - accuracy: 0.0880 
 750/3000 [======>.......................] - ETA: 8s - loss: 2.3002 - accuracy: 0.0893
1000/3000 [=========>....................] - ETA: 7s - loss: 2.2993 - accuracy: 0.0860
1250/3000 [===========>..................] - ETA: 6s - loss: 2.2985 - accuracy: 0.0840
1500/3000 [==============>...............] - ETA: 5s - loss: 2.2989 - accuracy: 0.0800
1750/3000 [================>.............] - ETA: 4s - loss: 2.2995 - accuracy: 0.0789
2000/3000 [===================>..........] - ETA: 3s - loss: 2.2998 - accuracy: 0.0815
2250/3000 [=====================>........] - ETA: 2s - loss: 2.2998 - accuracy: 0.0831
2500/3000 [========================>.....] - ETA: 1s - loss: 2.2996 - accuracy: 0.0820
2750/3000 [==========================>...] - ETA: 0s - loss: 2.2992 - accuracy: 0.0836
3000/3000 [==============================] - 12s 4ms/step - loss: 2.2987 - accuracy: 0.0867 - val_loss: 2.3054 - val_accuracy: 0.1067
Epoch 3/5

 250/3000 [=>............................] - ETA: 10s - loss: 2.2985 - accuracy: 0.0920
 500/3000 [====>.........................] - ETA: 9s - loss: 2.2962 - accuracy: 0.1020 
 750/3000 [======>.......................] - ETA: 8s - loss: 2.2948 - accuracy: 0.0973
1000/3000 [=========>....................] - ETA: 7s - loss: 2.2968 - accuracy: 0.0960
1250/3000 [===========>..................] - ETA: 6s - loss: 2.2962 - accuracy: 0.0984
1500/3000 [==============>...............] - ETA: 5s - loss: 2.2970 - accuracy: 0.0973
1750/3000 [================>.............] - ETA: 4s - loss: 2.2965 - accuracy: 0.1000
2000/3000 [===================>..........] - ETA: 3s - loss: 2.2954 - accuracy: 0.1010
2250/3000 [=====================>........] - ETA: 2s - loss: 2.2945 - accuracy: 0.1027
2500/3000 [========================>.....] - ETA: 1s - loss: 2.2947 - accuracy: 0.1016
2750/3000 [==========================>...] - ETA: 0s - loss: 2.2947 - accuracy: 0.1033
3000/3000 [==============================] - 12s 4ms/step - loss: 2.2947 - accuracy: 0.1047 - val_loss: 2.3055 - val_accuracy: 0.1200
Epoch 4/5

 250/3000 [=>............................] - ETA: 10s - loss: 2.2845 - accuracy: 0.1520
 500/3000 [====>.........................] - ETA: 9s - loss: 2.2888 - accuracy: 0.1420 
 750/3000 [======>.......................] - ETA: 8s - loss: 2.2909 - accuracy: 0.1200
1000/3000 [=========>....................] - ETA: 7s - loss: 2.2893 - accuracy: 0.1210
1250/3000 [===========>..................] - ETA: 6s - loss: 2.2884 - accuracy: 0.1208
1500/3000 [==============>...............] - ETA: 5s - loss: 2.2885 - accuracy: 0.1247
1750/3000 [================>.............] - ETA: 4s - loss: 2.2896 - accuracy: 0.1206
2000/3000 [===================>..........] - ETA: 3s - loss: 2.2896 - accuracy: 0.1225
2250/3000 [=====================>........] - ETA: 2s - loss: 2.2906 - accuracy: 0.1209
2500/3000 [========================>.....] - ETA: 1s - loss: 2.2905 - accuracy: 0.1184
2750/3000 [==========================>...] - ETA: 0s - loss: 2.2902 - accuracy: 0.1167
3000/3000 [==============================] - 12s 4ms/step - loss: 2.2904 - accuracy: 0.1133 - val_loss: 2.3058 - val_accuracy: 0.1107
Epoch 5/5

 250/3000 [=>............................] - ETA: 10s - loss: 2.2900 - accuracy: 0.1280
 500/3000 [====>.........................] - ETA: 9s - loss: 2.2893 - accuracy: 0.1280 
 750/3000 [======>.......................] - ETA: 8s - loss: 2.2902 - accuracy: 0.1200
1000/3000 [=========>....................] - ETA: 7s - loss: 2.2868 - accuracy: 0.1280
1250/3000 [===========>..................] - ETA: 6s - loss: 2.2892 - accuracy: 0.1232
1500/3000 [==============>...............] - ETA: 5s - loss: 2.2875 - accuracy: 0.1247
1750/3000 [================>.............] - ETA: 4s - loss: 2.2879 - accuracy: 0.1206
2000/3000 [===================>..........] - ETA: 3s - loss: 2.2884 - accuracy: 0.1215
2250/3000 [=====================>........] - ETA: 2s - loss: 2.2880 - accuracy: 0.1227
2500/3000 [========================>.....] - ETA: 1s - loss: 2.2873 - accuracy: 0.1216
2750/3000 [==========================>...] - ETA: 0s - loss: 2.2871 - accuracy: 0.1222
3000/3000 [==============================] - 12s 4ms/step - loss: 2.2871 - accuracy: 0.1230 - val_loss: 2.3055 - val_accuracy: 0.1080
Latency --- 58.630035161972046 seconds ---
For delta=0.000200, the current epsilon is: 2.0066
=====================Iteration========================== 4
For delta=0.000200, the current epsilon is: 2.0066
Noise Mutiplier 1.76
in grads Tensor("loss_3/mul:0", shape=(?,), dtype=float32)
Train on 3000 samples, validate on 750 samples
Epoch 1/5

 250/3000 [=>............................] - ETA: 11s - loss: 2.3082 - accuracy: 0.0600
 500/3000 [====>.........................] - ETA: 10s - loss: 2.3084 - accuracy: 0.0780
 750/3000 [======>.......................] - ETA: 9s - loss: 2.3076 - accuracy: 0.0787 
1000/3000 [=========>....................] - ETA: 7s - loss: 2.3070 - accuracy: 0.0830
1250/3000 [===========>..................] - ETA: 6s - loss: 2.3062 - accuracy: 0.0848
1500/3000 [==============>...............] - ETA: 5s - loss: 2.3055 - accuracy: 0.0900
1750/3000 [================>.............] - ETA: 4s - loss: 2.3051 - accuracy: 0.0914
2000/3000 [===================>..........] - ETA: 3s - loss: 2.3055 - accuracy: 0.0900
2250/3000 [=====================>........] - ETA: 2s - loss: 2.3052 - accuracy: 0.0898
2500/3000 [========================>.....] - ETA: 1s - loss: 2.3047 - accuracy: 0.0904
2750/3000 [==========================>...] - ETA: 0s - loss: 2.3046 - accuracy: 0.0876
3000/3000 [==============================] - 12s 4ms/step - loss: 2.3045 - accuracy: 0.0887 - val_loss: 2.3040 - val_accuracy: 0.1000
Epoch 2/5

 250/3000 [=>............................] - ETA: 10s - loss: 2.3020 - accuracy: 0.1080
 500/3000 [====>.........................] - ETA: 9s - loss: 2.3016 - accuracy: 0.1080 
 750/3000 [======>.......................] - ETA: 8s - loss: 2.3026 - accuracy: 0.1000
1000/3000 [=========>....................] - ETA: 7s - loss: 2.3025 - accuracy: 0.1020
1250/3000 [===========>..................] - ETA: 6s - loss: 2.3029 - accuracy: 0.0960
1500/3000 [==============>...............] - ETA: 5s - loss: 2.3036 - accuracy: 0.0907
1750/3000 [================>.............] - ETA: 4s - loss: 2.3037 - accuracy: 0.0869
2000/3000 [===================>..........] - ETA: 3s - loss: 2.3033 - accuracy: 0.0885
2250/3000 [=====================>........] - ETA: 2s - loss: 2.3032 - accuracy: 0.0889
2500/3000 [========================>.....] - ETA: 1s - loss: 2.3031 - accuracy: 0.0884
2750/3000 [==========================>...] - ETA: 0s - loss: 2.3029 - accuracy: 0.0895
3000/3000 [==============================] - 12s 4ms/step - loss: 2.3030 - accuracy: 0.0887 - val_loss: 2.3042 - val_accuracy: 0.1000
Epoch 3/5

 250/3000 [=>............................] - ETA: 10s - loss: 2.3029 - accuracy: 0.1040
 500/3000 [====>.........................] - ETA: 9s - loss: 2.3018 - accuracy: 0.0940 
 750/3000 [======>.......................] - ETA: 8s - loss: 2.3015 - accuracy: 0.0907
1000/3000 [=========>....................] - ETA: 7s - loss: 2.3014 - accuracy: 0.0940
1250/3000 [===========>..................] - ETA: 6s - loss: 2.3012 - accuracy: 0.0952
1500/3000 [==============>...............] - ETA: 5s - loss: 2.3016 - accuracy: 0.0947
1750/3000 [================>.............] - ETA: 4s - loss: 2.3020 - accuracy: 0.0926
2000/3000 [===================>..........] - ETA: 3s - loss: 2.3019 - accuracy: 0.0915
2250/3000 [=====================>........] - ETA: 2s - loss: 2.3018 - accuracy: 0.0938
2500/3000 [========================>.....] - ETA: 1s - loss: 2.3018 - accuracy: 0.0944
2750/3000 [==========================>...] - ETA: 0s - loss: 2.3017 - accuracy: 0.0942
3000/3000 [==============================] - 12s 4ms/step - loss: 2.3019 - accuracy: 0.0970 - val_loss: 2.3044 - val_accuracy: 0.0933
Epoch 4/5

 250/3000 [=>............................] - ETA: 10s - loss: 2.3000 - accuracy: 0.1120
 500/3000 [====>.........................] - ETA: 9s - loss: 2.3002 - accuracy: 0.1200 
 750/3000 [======>.......................] - ETA: 8s - loss: 2.3009 - accuracy: 0.1040
1000/3000 [=========>....................] - ETA: 7s - loss: 2.3016 - accuracy: 0.1010
1250/3000 [===========>..................] - ETA: 6s - loss: 2.3009 - accuracy: 0.1048
1500/3000 [==============>...............] - ETA: 5s - loss: 2.3009 - accuracy: 0.1047
1750/3000 [================>.............] - ETA: 4s - loss: 2.3013 - accuracy: 0.1006
2000/3000 [===================>..........] - ETA: 3s - loss: 2.3011 - accuracy: 0.0980
2250/3000 [=====================>........] - ETA: 2s - loss: 2.3004 - accuracy: 0.1018
2500/3000 [========================>.....] - ETA: 1s - loss: 2.3003 - accuracy: 0.1016
2750/3000 [==========================>...] - ETA: 0s - loss: 2.3004 - accuracy: 0.1033
3000/3000 [==============================] - 12s 4ms/step - loss: 2.3004 - accuracy: 0.1057 - val_loss: 2.3041 - val_accuracy: 0.1000
Epoch 5/5

 250/3000 [=>............................] - ETA: 10s - loss: 2.3006 - accuracy: 0.0960
 500/3000 [====>.........................] - ETA: 9s - loss: 2.3010 - accuracy: 0.0940 
 750/3000 [======>.......................] - ETA: 8s - loss: 2.3002 - accuracy: 0.1080
1000/3000 [=========>....................] - ETA: 7s - loss: 2.2999 - accuracy: 0.1040
1250/3000 [===========>..................] - ETA: 6s - loss: 2.2999 - accuracy: 0.1016
1500/3000 [==============>...............] - ETA: 5s - loss: 2.2999 - accuracy: 0.1033
1750/3000 [================>.............] - ETA: 4s - loss: 2.2999 - accuracy: 0.1051
2000/3000 [===================>..........] - ETA: 3s - loss: 2.3000 - accuracy: 0.1080
2250/3000 [=====================>........] - ETA: 2s - loss: 2.2994 - accuracy: 0.1107
2500/3000 [========================>.....] - ETA: 1s - loss: 2.2992 - accuracy: 0.1148
2750/3000 [==========================>...] - ETA: 0s - loss: 2.2992 - accuracy: 0.1131
3000/3000 [==============================] - 12s 4ms/step - loss: 2.2991 - accuracy: 0.1110 - val_loss: 2.3038 - val_accuracy: 0.0947
Latency --- 58.79855966567993 seconds ---
For delta=0.000200, the current epsilon is: 2.0066
=====================Iteration========================== 5
For delta=0.000200, the current epsilon is: 2.0066
Noise Mutiplier 1.76
in grads Tensor("loss_4/mul:0", shape=(?,), dtype=float32)
Train on 3000 samples, validate on 750 samples
Epoch 1/5

 250/3000 [=>............................] - ETA: 12s - loss: 2.3067 - accuracy: 0.1160
 500/3000 [====>.........................] - ETA: 10s - loss: 2.3058 - accuracy: 0.1060
 750/3000 [======>.......................] - ETA: 9s - loss: 2.3070 - accuracy: 0.1053 
1000/3000 [=========>....................] - ETA: 7s - loss: 2.3093 - accuracy: 0.0920
1250/3000 [===========>..................] - ETA: 6s - loss: 2.3089 - accuracy: 0.0896
1500/3000 [==============>...............] - ETA: 5s - loss: 2.3077 - accuracy: 0.0907
1750/3000 [================>.............] - ETA: 4s - loss: 2.3083 - accuracy: 0.0909
2000/3000 [===================>..........] - ETA: 3s - loss: 2.3088 - accuracy: 0.0890
2250/3000 [=====================>........] - ETA: 2s - loss: 2.3085 - accuracy: 0.0880
2500/3000 [========================>.....] - ETA: 1s - loss: 2.3086 - accuracy: 0.0924
2750/3000 [==========================>...] - ETA: 0s - loss: 2.3082 - accuracy: 0.0956
3000/3000 [==============================] - 12s 4ms/step - loss: 2.3085 - accuracy: 0.0947 - val_loss: 2.3070 - val_accuracy: 0.0907
Epoch 2/5

 250/3000 [=>............................] - ETA: 10s - loss: 2.3066 - accuracy: 0.1320
 500/3000 [====>.........................] - ETA: 9s - loss: 2.3074 - accuracy: 0.0960 
 750/3000 [======>.......................] - ETA: 8s - loss: 2.3044 - accuracy: 0.0933
1000/3000 [=========>....................] - ETA: 7s - loss: 2.3041 - accuracy: 0.0860
1250/3000 [===========>..................] - ETA: 6s - loss: 2.3039 - accuracy: 0.0920
1500/3000 [==============>...............] - ETA: 5s - loss: 2.3040 - accuracy: 0.0980
1750/3000 [================>.............] - ETA: 4s - loss: 2.3064 - accuracy: 0.0949
2000/3000 [===================>..........] - ETA: 3s - loss: 2.3063 - accuracy: 0.0950
2250/3000 [=====================>........] - ETA: 2s - loss: 2.3060 - accuracy: 0.0951
2500/3000 [========================>.....] - ETA: 1s - loss: 2.3056 - accuracy: 0.0952
2750/3000 [==========================>...] - ETA: 0s - loss: 2.3063 - accuracy: 0.0938
3000/3000 [==============================] - 12s 4ms/step - loss: 2.3060 - accuracy: 0.0937 - val_loss: 2.3063 - val_accuracy: 0.0813
Epoch 3/5

 250/3000 [=>............................] - ETA: 10s - loss: 2.3023 - accuracy: 0.0800
 500/3000 [====>.........................] - ETA: 9s - loss: 2.3067 - accuracy: 0.0800 
 750/3000 [======>.......................] - ETA: 8s - loss: 2.3066 - accuracy: 0.0880
1000/3000 [=========>....................] - ETA: 7s - loss: 2.3051 - accuracy: 0.0930
1250/3000 [===========>..................] - ETA: 6s - loss: 2.3049 - accuracy: 0.0944
1500/3000 [==============>...............] - ETA: 5s - loss: 2.3041 - accuracy: 0.0967
1750/3000 [================>.............] - ETA: 4s - loss: 2.3044 - accuracy: 0.0989
2000/3000 [===================>..........] - ETA: 3s - loss: 2.3042 - accuracy: 0.0985
2250/3000 [=====================>........] - ETA: 2s - loss: 2.3038 - accuracy: 0.1004
2500/3000 [========================>.....] - ETA: 1s - loss: 2.3038 - accuracy: 0.1000
2750/3000 [==========================>...] - ETA: 0s - loss: 2.3039 - accuracy: 0.0985
3000/3000 [==============================] - 12s 4ms/step - loss: 2.3035 - accuracy: 0.1013 - val_loss: 2.3053 - val_accuracy: 0.0920
Epoch 4/5

 250/3000 [=>............................] - ETA: 10s - loss: 2.3087 - accuracy: 0.0920
 500/3000 [====>.........................] - ETA: 9s - loss: 2.3019 - accuracy: 0.1120 
 750/3000 [======>.......................] - ETA: 8s - loss: 2.3010 - accuracy: 0.1200
1000/3000 [=========>....................] - ETA: 7s - loss: 2.3007 - accuracy: 0.1220
1250/3000 [===========>..................] - ETA: 6s - loss: 2.3016 - accuracy: 0.1128
1500/3000 [==============>...............] - ETA: 5s - loss: 2.3011 - accuracy: 0.1120
1750/3000 [================>.............] - ETA: 4s - loss: 2.3013 - accuracy: 0.1149
2000/3000 [===================>..........] - ETA: 3s - loss: 2.3012 - accuracy: 0.1155
2250/3000 [=====================>........] - ETA: 2s - loss: 2.3015 - accuracy: 0.1138
2500/3000 [========================>.....] - ETA: 1s - loss: 2.3013 - accuracy: 0.1140
2750/3000 [==========================>...] - ETA: 0s - loss: 2.3010 - accuracy: 0.1164
3000/3000 [==============================] - 12s 4ms/step - loss: 2.3012 - accuracy: 0.1167 - val_loss: 2.3050 - val_accuracy: 0.0787
Epoch 5/5

 250/3000 [=>............................] - ETA: 10s - loss: 2.3007 - accuracy: 0.1320
 500/3000 [====>.........................] - ETA: 9s - loss: 2.2993 - accuracy: 0.1220 
 750/3000 [======>.......................] - ETA: 8s - loss: 2.2992 - accuracy: 0.1240
1000/3000 [=========>....................] - ETA: 7s - loss: 2.2985 - accuracy: 0.1300
1250/3000 [===========>..................] - ETA: 6s - loss: 2.2990 - accuracy: 0.1280
1500/3000 [==============>...............] - ETA: 5s - loss: 2.2991 - accuracy: 0.1307
1750/3000 [================>.............] - ETA: 4s - loss: 2.2990 - accuracy: 0.1309
2000/3000 [===================>..........] - ETA: 3s - loss: 2.2990 - accuracy: 0.1255
2250/3000 [=====================>........] - ETA: 2s - loss: 2.2993 - accuracy: 0.1244
2500/3000 [========================>.....] - ETA: 1s - loss: 2.2993 - accuracy: 0.1220
2750/3000 [==========================>...] - ETA: 0s - loss: 2.2993 - accuracy: 0.1233
3000/3000 [==============================] - 12s 4ms/step - loss: 2.2991 - accuracy: 0.1230 - val_loss: 2.3058 - val_accuracy: 0.0987
Latency --- 59.15802836418152 seconds ---
For delta=0.000200, the current epsilon is: 2.0066
=====================Iteration========================== 6
For delta=0.000200, the current epsilon is: 2.0066
Noise Mutiplier 1.76
in grads Tensor("loss_5/mul:0", shape=(?,), dtype=float32)
Train on 3000 samples, validate on 750 samples
Epoch 1/5

 250/3000 [=>............................] - ETA: 11s - loss: 2.3024 - accuracy: 0.1120
 500/3000 [====>.........................] - ETA: 10s - loss: 2.3073 - accuracy: 0.1000
 750/3000 [======>.......................] - ETA: 9s - loss: 2.3027 - accuracy: 0.1120 
1000/3000 [=========>....................] - ETA: 7s - loss: 2.3049 - accuracy: 0.1120
1250/3000 [===========>..................] - ETA: 6s - loss: 2.3070 - accuracy: 0.1128
1500/3000 [==============>...............] - ETA: 5s - loss: 2.3067 - accuracy: 0.1127
1750/3000 [================>.............] - ETA: 4s - loss: 2.3071 - accuracy: 0.1126
2000/3000 [===================>..........] - ETA: 3s - loss: 2.3069 - accuracy: 0.1110
2250/3000 [=====================>........] - ETA: 2s - loss: 2.3071 - accuracy: 0.1116
2500/3000 [========================>.....] - ETA: 1s - loss: 2.3073 - accuracy: 0.1124
2750/3000 [==========================>...] - ETA: 0s - loss: 2.3068 - accuracy: 0.1098
3000/3000 [==============================] - 12s 4ms/step - loss: 2.3058 - accuracy: 0.1113 - val_loss: 2.3099 - val_accuracy: 0.0760
Epoch 2/5

 250/3000 [=>............................] - ETA: 10s - loss: 2.3004 - accuracy: 0.1160
 500/3000 [====>.........................] - ETA: 9s - loss: 2.3014 - accuracy: 0.0980 
 750/3000 [======>.......................] - ETA: 8s - loss: 2.3029 - accuracy: 0.0973
1000/3000 [=========>....................] - ETA: 7s - loss: 2.3021 - accuracy: 0.1020
1250/3000 [===========>..................] - ETA: 6s - loss: 2.3019 - accuracy: 0.1064
1500/3000 [==============>...............] - ETA: 5s - loss: 2.3023 - accuracy: 0.1080
1750/3000 [================>.............] - ETA: 4s - loss: 2.3010 - accuracy: 0.1097
2000/3000 [===================>..........] - ETA: 3s - loss: 2.3014 - accuracy: 0.1080
2250/3000 [=====================>........] - ETA: 2s - loss: 2.3012 - accuracy: 0.1089
2500/3000 [========================>.....] - ETA: 1s - loss: 2.3016 - accuracy: 0.1048
2750/3000 [==========================>...] - ETA: 0s - loss: 2.3010 - accuracy: 0.1098
3000/3000 [==============================] - 12s 4ms/step - loss: 2.3008 - accuracy: 0.1073 - val_loss: 2.3081 - val_accuracy: 0.0800
Epoch 3/5

 250/3000 [=>............................] - ETA: 10s - loss: 2.2989 - accuracy: 0.1080
 500/3000 [====>.........................] - ETA: 9s - loss: 2.3004 - accuracy: 0.0900 
 750/3000 [======>.......................] - ETA: 8s - loss: 2.2999 - accuracy: 0.0920
1000/3000 [=========>....................] - ETA: 7s - loss: 2.2987 - accuracy: 0.0950
1250/3000 [===========>..................] - ETA: 6s - loss: 2.2987 - accuracy: 0.0976
1500/3000 [==============>...............] - ETA: 5s - loss: 2.2984 - accuracy: 0.1027
1750/3000 [================>.............] - ETA: 4s - loss: 2.2987 - accuracy: 0.1017
2000/3000 [===================>..........] - ETA: 3s - loss: 2.2977 - accuracy: 0.1005
2250/3000 [=====================>........] - ETA: 2s - loss: 2.2973 - accuracy: 0.1018
2500/3000 [========================>.....] - ETA: 1s - loss: 2.2976 - accuracy: 0.1016
2750/3000 [==========================>...] - ETA: 0s - loss: 2.2973 - accuracy: 0.1051
3000/3000 [==============================] - 12s 4ms/step - loss: 2.2979 - accuracy: 0.1030 - val_loss: 2.3080 - val_accuracy: 0.0960
Epoch 4/5

 250/3000 [=>............................] - ETA: 10s - loss: 2.2927 - accuracy: 0.0920
 500/3000 [====>.........................] - ETA: 9s - loss: 2.2932 - accuracy: 0.1020 
 750/3000 [======>.......................] - ETA: 8s - loss: 2.2927 - accuracy: 0.0987
1000/3000 [=========>....................] - ETA: 7s - loss: 2.2941 - accuracy: 0.1010
1250/3000 [===========>..................] - ETA: 6s - loss: 2.2968 - accuracy: 0.1032
1500/3000 [==============>...............] - ETA: 5s - loss: 2.2975 - accuracy: 0.1013
1750/3000 [================>.............] - ETA: 4s - loss: 2.2974 - accuracy: 0.1069
2000/3000 [===================>..........] - ETA: 3s - loss: 2.2969 - accuracy: 0.1080
2250/3000 [=====================>........] - ETA: 2s - loss: 2.2969 - accuracy: 0.1058
2500/3000 [========================>.....] - ETA: 1s - loss: 2.2968 - accuracy: 0.1044
2750/3000 [==========================>...] - ETA: 0s - loss: 2.2967 - accuracy: 0.1073
3000/3000 [==============================] - 12s 4ms/step - loss: 2.2968 - accuracy: 0.1080 - val_loss: 2.3084 - val_accuracy: 0.0733
Epoch 5/5

 250/3000 [=>............................] - ETA: 10s - loss: 2.2988 - accuracy: 0.1040
 500/3000 [====>.........................] - ETA: 9s - loss: 2.2980 - accuracy: 0.1200 
 750/3000 [======>.......................] - ETA: 8s - loss: 2.2982 - accuracy: 0.1053
1000/3000 [=========>....................] - ETA: 7s - loss: 2.2983 - accuracy: 0.1110
1250/3000 [===========>..................] - ETA: 6s - loss: 2.2976 - accuracy: 0.1088
1500/3000 [==============>...............] - ETA: 5s - loss: 2.2969 - accuracy: 0.1093
1750/3000 [================>.............] - ETA: 4s - loss: 2.2972 - accuracy: 0.1091
2000/3000 [===================>..........] - ETA: 3s - loss: 2.2962 - accuracy: 0.1130
2250/3000 [=====================>........] - ETA: 2s - loss: 2.2965 - accuracy: 0.1147
2500/3000 [========================>.....] - ETA: 1s - loss: 2.2963 - accuracy: 0.1148
2750/3000 [==========================>...] - ETA: 0s - loss: 2.2953 - accuracy: 0.1193
3000/3000 [==============================] - 12s 4ms/step - loss: 2.2950 - accuracy: 0.1183 - val_loss: 2.3086 - val_accuracy: 0.0853
Latency --- 59.55547761917114 seconds ---
For delta=0.000200, the current epsilon is: 2.0066
=====================Iteration========================== 7
For delta=0.000200, the current epsilon is: 2.0066
Noise Mutiplier 1.76
in grads Tensor("loss_6/mul:0", shape=(?,), dtype=float32)
Train on 3000 samples, validate on 750 samples
Epoch 1/5

 250/3000 [=>............................] - ETA: 12s - loss: 2.3028 - accuracy: 0.0840
 500/3000 [====>.........................] - ETA: 10s - loss: 2.3023 - accuracy: 0.0840
 750/3000 [======>.......................] - ETA: 9s - loss: 2.3018 - accuracy: 0.0840 
1000/3000 [=========>....................] - ETA: 8s - loss: 2.3026 - accuracy: 0.0820
1250/3000 [===========>..................] - ETA: 7s - loss: 2.3024 - accuracy: 0.0824
1500/3000 [==============>...............] - ETA: 5s - loss: 2.3017 - accuracy: 0.0873
1750/3000 [================>.............] - ETA: 4s - loss: 2.3014 - accuracy: 0.0897
2000/3000 [===================>..........] - ETA: 3s - loss: 2.3015 - accuracy: 0.0880
2250/3000 [=====================>........] - ETA: 2s - loss: 2.3017 - accuracy: 0.0853
2500/3000 [========================>.....] - ETA: 1s - loss: 2.3011 - accuracy: 0.0880
2750/3000 [==========================>...] - ETA: 0s - loss: 2.3008 - accuracy: 0.0905
3000/3000 [==============================] - 12s 4ms/step - loss: 2.3012 - accuracy: 0.0890 - val_loss: 2.3020 - val_accuracy: 0.0973
Epoch 2/5

 250/3000 [=>............................] - ETA: 10s - loss: 2.2985 - accuracy: 0.0960
 500/3000 [====>.........................] - ETA: 9s - loss: 2.2992 - accuracy: 0.0960 
 750/3000 [======>.......................] - ETA: 8s - loss: 2.2982 - accuracy: 0.0960
1000/3000 [=========>....................] - ETA: 7s - loss: 2.2985 - accuracy: 0.1000
1250/3000 [===========>..................] - ETA: 6s - loss: 2.2980 - accuracy: 0.1040
1500/3000 [==============>...............] - ETA: 5s - loss: 2.2979 - accuracy: 0.1080
1750/3000 [================>.............] - ETA: 4s - loss: 2.2984 - accuracy: 0.1029
2000/3000 [===================>..........] - ETA: 3s - loss: 2.2985 - accuracy: 0.1020
2250/3000 [=====================>........] - ETA: 2s - loss: 2.2988 - accuracy: 0.1027
2500/3000 [========================>.....] - ETA: 1s - loss: 2.2986 - accuracy: 0.1032
2750/3000 [==========================>...] - ETA: 0s - loss: 2.2984 - accuracy: 0.1029
3000/3000 [==============================] - 12s 4ms/step - loss: 2.2986 - accuracy: 0.0990 - val_loss: 2.3023 - val_accuracy: 0.0987
Epoch 3/5

 250/3000 [=>............................] - ETA: 10s - loss: 2.2940 - accuracy: 0.1280
 500/3000 [====>.........................] - ETA: 9s - loss: 2.2973 - accuracy: 0.1280 
 750/3000 [======>.......................] - ETA: 8s - loss: 2.2972 - accuracy: 0.1160
1000/3000 [=========>....................] - ETA: 7s - loss: 2.2971 - accuracy: 0.1130
1250/3000 [===========>..................] - ETA: 6s - loss: 2.2970 - accuracy: 0.1088
1500/3000 [==============>...............] - ETA: 5s - loss: 2.2968 - accuracy: 0.1113
1750/3000 [================>.............] - ETA: 4s - loss: 2.2963 - accuracy: 0.1131
2000/3000 [===================>..........] - ETA: 3s - loss: 2.2961 - accuracy: 0.1140
2250/3000 [=====================>........] - ETA: 2s - loss: 2.2959 - accuracy: 0.1156
2500/3000 [========================>.....] - ETA: 1s - loss: 2.2959 - accuracy: 0.1196
2750/3000 [==========================>...] - ETA: 0s - loss: 2.2962 - accuracy: 0.1185
3000/3000 [==============================] - 12s 4ms/step - loss: 2.2963 - accuracy: 0.1200 - val_loss: 2.3031 - val_accuracy: 0.1040
Epoch 4/5

 250/3000 [=>............................] - ETA: 10s - loss: 2.2966 - accuracy: 0.1120
 500/3000 [====>.........................] - ETA: 9s - loss: 2.2940 - accuracy: 0.1280 
 750/3000 [======>.......................] - ETA: 8s - loss: 2.2941 - accuracy: 0.1267
1000/3000 [=========>....................] - ETA: 7s - loss: 2.2944 - accuracy: 0.1280
1250/3000 [===========>..................] - ETA: 6s - loss: 2.2940 - accuracy: 0.1296
1500/3000 [==============>...............] - ETA: 5s - loss: 2.2941 - accuracy: 0.1287
1750/3000 [================>.............] - ETA: 4s - loss: 2.2943 - accuracy: 0.1269
2000/3000 [===================>..........] - ETA: 3s - loss: 2.2943 - accuracy: 0.1295
2250/3000 [=====================>........] - ETA: 2s - loss: 2.2939 - accuracy: 0.1316
2500/3000 [========================>.....] - ETA: 1s - loss: 2.2941 - accuracy: 0.1304
2750/3000 [==========================>...] - ETA: 0s - loss: 2.2941 - accuracy: 0.1316
3000/3000 [==============================] - 12s 4ms/step - loss: 2.2940 - accuracy: 0.1343 - val_loss: 2.3038 - val_accuracy: 0.1107
Epoch 5/5

 250/3000 [=>............................] - ETA: 10s - loss: 2.2942 - accuracy: 0.1200
 500/3000 [====>.........................] - ETA: 9s - loss: 2.2930 - accuracy: 0.1240 
 750/3000 [======>.......................] - ETA: 8s - loss: 2.2941 - accuracy: 0.1347
1000/3000 [=========>....................] - ETA: 7s - loss: 2.2938 - accuracy: 0.1410
1250/3000 [===========>..................] - ETA: 6s - loss: 2.2928 - accuracy: 0.1480
1500/3000 [==============>...............] - ETA: 5s - loss: 2.2930 - accuracy: 0.1493
1750/3000 [================>.............] - ETA: 4s - loss: 2.2923 - accuracy: 0.1514
2000/3000 [===================>..........] - ETA: 3s - loss: 2.2923 - accuracy: 0.1525
2250/3000 [=====================>........] - ETA: 2s - loss: 2.2924 - accuracy: 0.1502
2500/3000 [========================>.....] - ETA: 1s - loss: 2.2919 - accuracy: 0.1540
2750/3000 [==========================>...] - ETA: 0s - loss: 2.2917 - accuracy: 0.1556
3000/3000 [==============================] - 12s 4ms/step - loss: 2.2915 - accuracy: 0.1550 - val_loss: 2.3038 - val_accuracy: 0.1040
Latency --- 59.67316746711731 seconds ---
For delta=0.000200, the current epsilon is: 2.0066
Saving model with new accuracy, previous accuracy was 0.12733332812786102 and present is 0.1550000011920929
Saved model to disk
=====================Iteration========================== 8
For delta=0.000200, the current epsilon is: 2.0066
Noise Mutiplier 1.76
in grads Tensor("loss_7/mul:0", shape=(?,), dtype=float32)
Train on 3000 samples, validate on 750 samples
Epoch 1/5

 250/3000 [=>............................] - ETA: 12s - loss: 2.3123 - accuracy: 0.0880
 500/3000 [====>.........................] - ETA: 10s - loss: 2.3104 - accuracy: 0.0700
 750/3000 [======>.......................] - ETA: 9s - loss: 2.3108 - accuracy: 0.0693 
1000/3000 [=========>....................] - ETA: 8s - loss: 2.3101 - accuracy: 0.0790
1250/3000 [===========>..................] - ETA: 6s - loss: 2.3100 - accuracy: 0.0768
1500/3000 [==============>...............] - ETA: 5s - loss: 2.3087 - accuracy: 0.0847
1750/3000 [================>.............] - ETA: 4s - loss: 2.3075 - accuracy: 0.0851
2000/3000 [===================>..........] - ETA: 3s - loss: 2.3078 - accuracy: 0.0835
2250/3000 [=====================>........] - ETA: 2s - loss: 2.3074 - accuracy: 0.0836
2500/3000 [========================>.....] - ETA: 1s - loss: 2.3074 - accuracy: 0.0836
2750/3000 [==========================>...] - ETA: 0s - loss: 2.3072 - accuracy: 0.0858
3000/3000 [==============================] - 12s 4ms/step - loss: 2.3072 - accuracy: 0.0840 - val_loss: 2.3031 - val_accuracy: 0.1120
Epoch 2/5

 250/3000 [=>............................] - ETA: 10s - loss: 2.3067 - accuracy: 0.0960
 500/3000 [====>.........................] - ETA: 9s - loss: 2.3065 - accuracy: 0.0980 
 750/3000 [======>.......................] - ETA: 8s - loss: 2.3064 - accuracy: 0.0880
1000/3000 [=========>....................] - ETA: 7s - loss: 2.3061 - accuracy: 0.0870
1250/3000 [===========>..................] - ETA: 6s - loss: 2.3065 - accuracy: 0.0920
1500/3000 [==============>...............] - ETA: 5s - loss: 2.3064 - accuracy: 0.0880
1750/3000 [================>.............] - ETA: 4s - loss: 2.3066 - accuracy: 0.0863
2000/3000 [===================>..........] - ETA: 3s - loss: 2.3067 - accuracy: 0.0860
2250/3000 [=====================>........] - ETA: 2s - loss: 2.3061 - accuracy: 0.0911
2500/3000 [========================>.....] - ETA: 1s - loss: 2.3055 - accuracy: 0.0940
2750/3000 [==========================>...] - ETA: 0s - loss: 2.3053 - accuracy: 0.0920
3000/3000 [==============================] - 12s 4ms/step - loss: 2.3050 - accuracy: 0.0923 - val_loss: 2.3024 - val_accuracy: 0.1107
Epoch 3/5

 250/3000 [=>............................] - ETA: 10s - loss: 2.3042 - accuracy: 0.0800
 500/3000 [====>.........................] - ETA: 9s - loss: 2.3045 - accuracy: 0.0680 
 750/3000 [======>.......................] - ETA: 8s - loss: 2.3035 - accuracy: 0.0840
1000/3000 [=========>....................] - ETA: 7s - loss: 2.3028 - accuracy: 0.0840
1250/3000 [===========>..................] - ETA: 6s - loss: 2.3033 - accuracy: 0.0840
1500/3000 [==============>...............] - ETA: 5s - loss: 2.3034 - accuracy: 0.0860
1750/3000 [================>.............] - ETA: 4s - loss: 2.3028 - accuracy: 0.0886
2000/3000 [===================>..........] - ETA: 3s - loss: 2.3032 - accuracy: 0.0860
2250/3000 [=====================>........] - ETA: 2s - loss: 2.3030 - accuracy: 0.0880
2500/3000 [========================>.....] - ETA: 1s - loss: 2.3027 - accuracy: 0.0904
2750/3000 [==========================>...] - ETA: 0s - loss: 2.3028 - accuracy: 0.0876
3000/3000 [==============================] - 12s 4ms/step - loss: 2.3028 - accuracy: 0.0863 - val_loss: 2.3018 - val_accuracy: 0.1120
Epoch 4/5

 250/3000 [=>............................] - ETA: 10s - loss: 2.3021 - accuracy: 0.0960
 500/3000 [====>.........................] - ETA: 9s - loss: 2.3020 - accuracy: 0.0900 
 750/3000 [======>.......................] - ETA: 8s - loss: 2.3007 - accuracy: 0.1013
1000/3000 [=========>....................] - ETA: 7s - loss: 2.3008 - accuracy: 0.0940
1250/3000 [===========>..................] - ETA: 6s - loss: 2.3010 - accuracy: 0.0928
1500/3000 [==============>...............] - ETA: 5s - loss: 2.3012 - accuracy: 0.0853
1750/3000 [================>.............] - ETA: 4s - loss: 2.3012 - accuracy: 0.0857
2000/3000 [===================>..........] - ETA: 3s - loss: 2.3011 - accuracy: 0.0870
2250/3000 [=====================>........] - ETA: 2s - loss: 2.3013 - accuracy: 0.0853
2500/3000 [========================>.....] - ETA: 1s - loss: 2.3012 - accuracy: 0.0864
2750/3000 [==========================>...] - ETA: 0s - loss: 2.3013 - accuracy: 0.0858
3000/3000 [==============================] - 12s 4ms/step - loss: 2.3011 - accuracy: 0.0877 - val_loss: 2.3019 - val_accuracy: 0.1040
Epoch 5/5

 250/3000 [=>............................] - ETA: 10s - loss: 2.3006 - accuracy: 0.0720
 500/3000 [====>.........................] - ETA: 9s - loss: 2.3020 - accuracy: 0.0700 
 750/3000 [======>.......................] - ETA: 8s - loss: 2.3015 - accuracy: 0.0720
1000/3000 [=========>....................] - ETA: 7s - loss: 2.3012 - accuracy: 0.0800
1250/3000 [===========>..................] - ETA: 6s - loss: 2.3019 - accuracy: 0.0832
1500/3000 [==============>...............] - ETA: 5s - loss: 2.3021 - accuracy: 0.0833
1750/3000 [================>.............] - ETA: 4s - loss: 2.3012 - accuracy: 0.0880
2000/3000 [===================>..........] - ETA: 3s - loss: 2.3007 - accuracy: 0.0915
2250/3000 [=====================>........] - ETA: 2s - loss: 2.3005 - accuracy: 0.0947
2500/3000 [========================>.....] - ETA: 1s - loss: 2.3000 - accuracy: 0.0968
2750/3000 [==========================>...] - ETA: 0s - loss: 2.2998 - accuracy: 0.0989
3000/3000 [==============================] - 12s 4ms/step - loss: 2.2996 - accuracy: 0.1017 - val_loss: 2.3014 - val_accuracy: 0.1000
Latency --- 59.540709495544434 seconds ---
For delta=0.000200, the current epsilon is: 2.0066
=====================Iteration========================== 9
For delta=0.000200, the current epsilon is: 2.0066
Noise Mutiplier 1.76
in grads Tensor("loss_8/mul:0", shape=(?,), dtype=float32)
Train on 3000 samples, validate on 750 samples
Epoch 1/5

 250/3000 [=>............................] - ETA: 12s - loss: 2.3095 - accuracy: 0.1120
 500/3000 [====>.........................] - ETA: 10s - loss: 2.3036 - accuracy: 0.1020
 750/3000 [======>.......................] - ETA: 9s - loss: 2.3084 - accuracy: 0.0960 
1000/3000 [=========>....................] - ETA: 8s - loss: 2.3088 - accuracy: 0.0980
1250/3000 [===========>..................] - ETA: 7s - loss: 2.3077 - accuracy: 0.1024
1500/3000 [==============>...............] - ETA: 6s - loss: 2.3082 - accuracy: 0.0993
1750/3000 [================>.............] - ETA: 4s - loss: 2.3070 - accuracy: 0.0994
2000/3000 [===================>..........] - ETA: 3s - loss: 2.3071 - accuracy: 0.0980
2250/3000 [=====================>........] - ETA: 2s - loss: 2.3072 - accuracy: 0.0964
2500/3000 [========================>.....] - ETA: 1s - loss: 2.3066 - accuracy: 0.0960
2750/3000 [==========================>...] - ETA: 0s - loss: 2.3057 - accuracy: 0.0956
3000/3000 [==============================] - 12s 4ms/step - loss: 2.3055 - accuracy: 0.0983 - val_loss: 2.3070 - val_accuracy: 0.0960
Epoch 2/5

 250/3000 [=>............................] - ETA: 10s - loss: 2.3135 - accuracy: 0.0840
 500/3000 [====>.........................] - ETA: 9s - loss: 2.3122 - accuracy: 0.0740 
 750/3000 [======>.......................] - ETA: 8s - loss: 2.3120 - accuracy: 0.0813
1000/3000 [=========>....................] - ETA: 7s - loss: 2.3100 - accuracy: 0.0860
1250/3000 [===========>..................] - ETA: 6s - loss: 2.3077 - accuracy: 0.0920
1500/3000 [==============>...............] - ETA: 5s - loss: 2.3072 - accuracy: 0.0920
1750/3000 [================>.............] - ETA: 4s - loss: 2.3056 - accuracy: 0.0903
2000/3000 [===================>..........] - ETA: 3s - loss: 2.3052 - accuracy: 0.0930
2250/3000 [=====================>........] - ETA: 2s - loss: 2.3033 - accuracy: 0.0942
2500/3000 [========================>.....] - ETA: 1s - loss: 2.3031 - accuracy: 0.0948
2750/3000 [==========================>...] - ETA: 0s - loss: 2.3029 - accuracy: 0.0949
3000/3000 [==============================] - 12s 4ms/step - loss: 2.3020 - accuracy: 0.0987 - val_loss: 2.3061 - val_accuracy: 0.0973
Epoch 3/5

 250/3000 [=>............................] - ETA: 10s - loss: 2.3066 - accuracy: 0.0880
 500/3000 [====>.........................] - ETA: 9s - loss: 2.3056 - accuracy: 0.0840 
 750/3000 [======>.......................] - ETA: 8s - loss: 2.3043 - accuracy: 0.0893
1000/3000 [=========>....................] - ETA: 7s - loss: 2.3033 - accuracy: 0.0940
1250/3000 [===========>..................] - ETA: 6s - loss: 2.3031 - accuracy: 0.0888
1500/3000 [==============>...............] - ETA: 5s - loss: 2.3012 - accuracy: 0.0927
1750/3000 [================>.............] - ETA: 4s - loss: 2.3006 - accuracy: 0.0971
2000/3000 [===================>..........] - ETA: 3s - loss: 2.3005 - accuracy: 0.0975
2250/3000 [=====================>........] - ETA: 2s - loss: 2.2999 - accuracy: 0.1009
2500/3000 [========================>.....] - ETA: 1s - loss: 2.2999 - accuracy: 0.1000
2750/3000 [==========================>...] - ETA: 0s - loss: 2.3002 - accuracy: 0.0989
3000/3000 [==============================] - 12s 4ms/step - loss: 2.2994 - accuracy: 0.1010 - val_loss: 2.3056 - val_accuracy: 0.1013
Epoch 4/5

 250/3000 [=>............................] - ETA: 10s - loss: 2.2892 - accuracy: 0.1200
 500/3000 [====>.........................] - ETA: 9s - loss: 2.2955 - accuracy: 0.0940 
 750/3000 [======>.......................] - ETA: 8s - loss: 2.2953 - accuracy: 0.0973
1000/3000 [=========>....................] - ETA: 7s - loss: 2.2961 - accuracy: 0.0990
1250/3000 [===========>..................] - ETA: 6s - loss: 2.2983 - accuracy: 0.0976
1500/3000 [==============>...............] - ETA: 5s - loss: 2.2987 - accuracy: 0.0973
1750/3000 [================>.............] - ETA: 4s - loss: 2.2978 - accuracy: 0.0977
2000/3000 [===================>..........] - ETA: 3s - loss: 2.2980 - accuracy: 0.0980
2250/3000 [=====================>........] - ETA: 2s - loss: 2.2983 - accuracy: 0.0991
2500/3000 [========================>.....] - ETA: 1s - loss: 2.2976 - accuracy: 0.1020
2750/3000 [==========================>...] - ETA: 0s - loss: 2.2970 - accuracy: 0.1025
3000/3000 [==============================] - 12s 4ms/step - loss: 2.2976 - accuracy: 0.1030 - val_loss: 2.3050 - val_accuracy: 0.1067
Epoch 5/5

 250/3000 [=>............................] - ETA: 10s - loss: 2.2904 - accuracy: 0.1040
 500/3000 [====>.........................] - ETA: 9s - loss: 2.2953 - accuracy: 0.0920 
 750/3000 [======>.......................] - ETA: 8s - loss: 2.2948 - accuracy: 0.1013
1000/3000 [=========>....................] - ETA: 7s - loss: 2.2951 - accuracy: 0.1080
1250/3000 [===========>..................] - ETA: 6s - loss: 2.2949 - accuracy: 0.1112
1500/3000 [==============>...............] - ETA: 5s - loss: 2.2942 - accuracy: 0.1153
1750/3000 [================>.............] - ETA: 4s - loss: 2.2947 - accuracy: 0.1114
2000/3000 [===================>..........] - ETA: 3s - loss: 2.2963 - accuracy: 0.1100
2250/3000 [=====================>........] - ETA: 2s - loss: 2.2962 - accuracy: 0.1098
2500/3000 [========================>.....] - ETA: 1s - loss: 2.2965 - accuracy: 0.1100
2750/3000 [==========================>...] - ETA: 0s - loss: 2.2965 - accuracy: 0.1105
3000/3000 [==============================] - 12s 4ms/step - loss: 2.2960 - accuracy: 0.1103 - val_loss: 2.3051 - val_accuracy: 0.0920
Latency --- 59.857672929763794 seconds ---
For delta=0.000200, the current epsilon is: 2.0066
=====================Iteration========================== 10
For delta=0.000200, the current epsilon is: 2.0066
Noise Mutiplier 1.76
in grads Tensor("loss_9/mul:0", shape=(?,), dtype=float32)
Train on 3000 samples, validate on 750 samples
Epoch 1/5

 250/3000 [=>............................] - ETA: 12s - loss: 2.3073 - accuracy: 0.0920
 500/3000 [====>.........................] - ETA: 10s - loss: 2.2979 - accuracy: 0.1120
 750/3000 [======>.......................] - ETA: 9s - loss: 2.3001 - accuracy: 0.1027 
1000/3000 [=========>....................] - ETA: 8s - loss: 2.3014 - accuracy: 0.0990
1250/3000 [===========>..................] - ETA: 7s - loss: 2.3003 - accuracy: 0.1040
1500/3000 [==============>...............] - ETA: 5s - loss: 2.3001 - accuracy: 0.1073
1750/3000 [================>.............] - ETA: 4s - loss: 2.3021 - accuracy: 0.1011
2000/3000 [===================>..........] - ETA: 3s - loss: 2.3027 - accuracy: 0.1040
2250/3000 [=====================>........] - ETA: 2s - loss: 2.3025 - accuracy: 0.1036
2500/3000 [========================>.....] - ETA: 1s - loss: 2.3025 - accuracy: 0.1036
2750/3000 [==========================>...] - ETA: 0s - loss: 2.3030 - accuracy: 0.1058
3000/3000 [==============================] - 12s 4ms/step - loss: 2.3033 - accuracy: 0.1060 - val_loss: 2.3096 - val_accuracy: 0.1027
Epoch 2/5

 250/3000 [=>............................] - ETA: 10s - loss: 2.3097 - accuracy: 0.0960
 500/3000 [====>.........................] - ETA: 9s - loss: 2.3055 - accuracy: 0.1160 
 750/3000 [======>.......................] - ETA: 8s - loss: 2.3057 - accuracy: 0.1107
1000/3000 [=========>....................] - ETA: 7s - loss: 2.3050 - accuracy: 0.1010
1250/3000 [===========>..................] - ETA: 6s - loss: 2.3035 - accuracy: 0.1024
1500/3000 [==============>...............] - ETA: 5s - loss: 2.3035 - accuracy: 0.0993
1750/3000 [================>.............] - ETA: 4s - loss: 2.3032 - accuracy: 0.1000
2000/3000 [===================>..........] - ETA: 3s - loss: 2.3034 - accuracy: 0.1000
2250/3000 [=====================>........] - ETA: 2s - loss: 2.3020 - accuracy: 0.1031
2500/3000 [========================>.....] - ETA: 1s - loss: 2.3016 - accuracy: 0.1036
2750/3000 [==========================>...] - ETA: 0s - loss: 2.3012 - accuracy: 0.1040
3000/3000 [==============================] - 12s 4ms/step - loss: 2.3010 - accuracy: 0.1043 - val_loss: 2.3074 - val_accuracy: 0.1013
Epoch 3/5

 250/3000 [=>............................] - ETA: 10s - loss: 2.3043 - accuracy: 0.1000
 500/3000 [====>.........................] - ETA: 9s - loss: 2.2992 - accuracy: 0.1300 
 750/3000 [======>.......................] - ETA: 8s - loss: 2.2978 - accuracy: 0.1240
1000/3000 [=========>....................] - ETA: 7s - loss: 2.2978 - accuracy: 0.1200
1250/3000 [===========>..................] - ETA: 6s - loss: 2.2989 - accuracy: 0.1104
1500/3000 [==============>...............] - ETA: 5s - loss: 2.2993 - accuracy: 0.1067
1750/3000 [================>.............] - ETA: 4s - loss: 2.2991 - accuracy: 0.1069
2000/3000 [===================>..........] - ETA: 3s - loss: 2.2989 - accuracy: 0.1060
2250/3000 [=====================>........] - ETA: 2s - loss: 2.2992 - accuracy: 0.1040
2500/3000 [========================>.....] - ETA: 1s - loss: 2.2992 - accuracy: 0.1048
2750/3000 [==========================>...] - ETA: 0s - loss: 2.2990 - accuracy: 0.1036
3000/3000 [==============================] - 12s 4ms/step - loss: 2.2990 - accuracy: 0.1043 - val_loss: 2.3064 - val_accuracy: 0.1013
Epoch 4/5

 250/3000 [=>............................] - ETA: 10s - loss: 2.2968 - accuracy: 0.0960
 500/3000 [====>.........................] - ETA: 9s - loss: 2.2989 - accuracy: 0.0960 
 750/3000 [======>.......................] - ETA: 8s - loss: 2.2996 - accuracy: 0.0960
1000/3000 [=========>....................] - ETA: 7s - loss: 2.2979 - accuracy: 0.0990
1250/3000 [===========>..................] - ETA: 6s - loss: 2.2957 - accuracy: 0.1088
1500/3000 [==============>...............] - ETA: 5s - loss: 2.2971 - accuracy: 0.1027
1750/3000 [================>.............] - ETA: 4s - loss: 2.2968 - accuracy: 0.1034
2000/3000 [===================>..........] - ETA: 3s - loss: 2.2972 - accuracy: 0.1035
2250/3000 [=====================>........] - ETA: 2s - loss: 2.2975 - accuracy: 0.1058
2500/3000 [========================>.....] - ETA: 1s - loss: 2.2976 - accuracy: 0.1044
2750/3000 [==========================>...] - ETA: 0s - loss: 2.2975 - accuracy: 0.1033
3000/3000 [==============================] - 12s 4ms/step - loss: 2.2973 - accuracy: 0.1057 - val_loss: 2.3049 - val_accuracy: 0.0987
Epoch 5/5

 250/3000 [=>............................] - ETA: 10s - loss: 2.2941 - accuracy: 0.1120
 500/3000 [====>.........................] - ETA: 9s - loss: 2.2990 - accuracy: 0.1080 
 750/3000 [======>.......................] - ETA: 8s - loss: 2.2984 - accuracy: 0.1013
1000/3000 [=========>....................] - ETA: 7s - loss: 2.2979 - accuracy: 0.1050
1250/3000 [===========>..................] - ETA: 6s - loss: 2.2981 - accuracy: 0.1024
1500/3000 [==============>...............] - ETA: 5s - loss: 2.2982 - accuracy: 0.1020
1750/3000 [================>.............] - ETA: 4s - loss: 2.2967 - accuracy: 0.1051
2000/3000 [===================>..........] - ETA: 3s - loss: 2.2973 - accuracy: 0.1025
2250/3000 [=====================>........] - ETA: 2s - loss: 2.2975 - accuracy: 0.1031
2500/3000 [========================>.....] - ETA: 1s - loss: 2.2962 - accuracy: 0.1100
2750/3000 [==========================>...] - ETA: 0s - loss: 2.2964 - accuracy: 0.1062
3000/3000 [==============================] - 12s 4ms/step - loss: 2.2959 - accuracy: 0.1080 - val_loss: 2.3043 - val_accuracy: 0.1013
Latency --- 59.78754782676697 seconds ---
For delta=0.000200, the current epsilon is: 2.0066
