
=====================ITERATION 1==========================
We are using Tensorflow version 1.15.2
Keras API version: 2.3.1
Noise Mutiplier 1.136

# Evaluate on test data

 250/3000 [=>............................] - ETA: 0s
1000/3000 [=========>....................] - ETA: 0s
1750/3000 [================>.............] - ETA: 0s
2750/3000 [==========================>...] - ETA: 0s
3000/3000 [==============================] - 0s 78us/step
Accuracy: 10.100000351667404
Latency --- 0.2774231433868408 seconds ---
Trained with DP
=====================ITERATION 2==========================
We are using Tensorflow version 1.15.2
Keras API version: 2.3.1
Noise Mutiplier 1.136

# Evaluate on test data

 250/3000 [=>............................] - ETA: 0s
1000/3000 [=========>....................] - ETA: 0s
2000/3000 [===================>..........] - ETA: 0s
2750/3000 [==========================>...] - ETA: 0s
3000/3000 [==============================] - 0s 79us/step
Accuracy: 10.100000351667404
Latency --- 0.27782344818115234 seconds ---
Trained with DP
=====================ITERATION 3==========================
We are using Tensorflow version 1.15.2
Keras API version: 2.3.1
Noise Mutiplier 1.136

# Evaluate on test data

 250/3000 [=>............................] - ETA: 0s
1000/3000 [=========>....................] - ETA: 0s
1750/3000 [================>.............] - ETA: 0s
2500/3000 [========================>.....] - ETA: 0s
3000/3000 [==============================] - 0s 79us/step
Accuracy: 10.100000351667404
Latency --- 0.2784895896911621 seconds ---
Trained with DP
=====================ITERATION 4==========================
We are using Tensorflow version 1.15.2
Keras API version: 2.3.1
Noise Mutiplier 1.136

# Evaluate on test data

 250/3000 [=>............................] - ETA: 0s
1000/3000 [=========>....................] - ETA: 0s
2000/3000 [===================>..........] - ETA: 0s
2750/3000 [==========================>...] - ETA: 0s
3000/3000 [==============================] - 0s 79us/step
Accuracy: 10.100000351667404
Latency --- 0.277540922164917 seconds ---
Trained with DP
=====================ITERATION 5==========================
We are using Tensorflow version 1.15.2
Keras API version: 2.3.1
Noise Mutiplier 1.136

# Evaluate on test data

 250/3000 [=>............................] - ETA: 0s
1000/3000 [=========>....................] - ETA: 0s
1750/3000 [================>.............] - ETA: 0s
2500/3000 [========================>.....] - ETA: 0s
3000/3000 [==============================] - 0s 79us/step
Accuracy: 10.100000351667404
Latency --- 0.27829933166503906 seconds ---
Trained with DP
=====================ITERATION 6==========================
We are using Tensorflow version 1.15.2
Keras API version: 2.3.1
Noise Mutiplier 1.136

# Evaluate on test data

 250/3000 [=>............................] - ETA: 0s
1000/3000 [=========>....................] - ETA: 0s
1750/3000 [================>.............] - ETA: 0s
2750/3000 [==========================>...] - ETA: 0s
3000/3000 [==============================] - 0s 79us/step
Accuracy: 10.100000351667404
Latency --- 0.2787282466888428 seconds ---
Trained with DP
=====================ITERATION 7==========================
We are using Tensorflow version 1.15.2
Keras API version: 2.3.1
Noise Mutiplier 1.136

# Evaluate on test data

 250/3000 [=>............................] - ETA: 0s
1000/3000 [=========>....................] - ETA: 0s
2000/3000 [===================>..........] - ETA: 0s
3000/3000 [==============================] - 0s 79us/step
Accuracy: 10.100000351667404
Latency --- 0.2797393798828125 seconds ---
Trained with DP
=====================ITERATION 8==========================
We are using Tensorflow version 1.15.2
Keras API version: 2.3.1
Noise Mutiplier 1.136

# Evaluate on test data

 250/3000 [=>............................] - ETA: 0s
1000/3000 [=========>....................] - ETA: 0s
2000/3000 [===================>..........] - ETA: 0s
2750/3000 [==========================>...] - ETA: 0s
3000/3000 [==============================] - 0s 79us/step
Accuracy: 10.100000351667404
Latency --- 0.2802925109863281 seconds ---
Trained with DP
=====================ITERATION 9==========================
We are using Tensorflow version 1.15.2
Keras API version: 2.3.1
Noise Mutiplier 1.136

# Evaluate on test data

 250/3000 [=>............................] - ETA: 0s
1000/3000 [=========>....................] - ETA: 0s
1750/3000 [================>.............] - ETA: 0s
2750/3000 [==========================>...] - ETA: 0s
3000/3000 [==============================] - 0s 79us/step
Accuracy: 10.100000351667404
Latency --- 0.2785193920135498 seconds ---
Trained with DP
=====================ITERATION 10==========================
We are using Tensorflow version 1.15.2
Keras API version: 2.3.1
Noise Mutiplier 1.136

# Evaluate on test data

 250/3000 [=>............................] - ETA: 0s
1000/3000 [=========>....................] - ETA: 0s
2000/3000 [===================>..........] - ETA: 0s
3000/3000 [==============================] - 0s 78us/step
Accuracy: 10.100000351667404
Latency --- 0.2751500606536865 seconds ---
Trained with DP
