
=====================ITERATION 1==========================
We are using Tensorflow version 1.15.2
Keras API version: 2.3.1
Noise Mutiplier 30
Downloading data from https://www.cs.toronto.edu/~kriz/cifar-10-python.tar.gz

     8192/170498071 [..............................] - ETA: 38:54
    40960/170498071 [..............................] - ETA: 15:34
    90112/170498071 [..............................] - ETA: 10:36
   172032/170498071 [..............................] - ETA: 7:25 
   368640/170498071 [..............................] - ETA: 4:19
   745472/170498071 [..............................] - ETA: 2:33
  1515520/170498071 [..............................] - ETA: 1:27
  3039232/170498071 [..............................] - ETA: 49s 
  6086656/170498071 [>.............................] - ETA: 27s
  8839168/170498071 [>.............................] - ETA: 20s
 11919360/170498071 [=>............................] - ETA: 16s
 14934016/170498071 [=>............................] - ETA: 14s
 18046976/170498071 [==>...........................] - ETA: 12s
 20652032/170498071 [==>...........................] - ETA: 10s
 20979712/170498071 [==>...........................] - ETA: 11s
 23158784/170498071 [===>..........................] - ETA: 10s
 23896064/170498071 [===>..........................] - ETA: 10s
 26042368/170498071 [===>..........................] - ETA: 9s 
 26566656/170498071 [===>..........................] - ETA: 9s
 29048832/170498071 [====>.........................] - ETA: 9s
 29450240/170498071 [====>.........................] - ETA: 9s
 32079872/170498071 [====>.........................] - ETA: 8s
 32497664/170498071 [====>.........................] - ETA: 8s
 35045376/170498071 [=====>........................] - ETA: 8s
 35315712/170498071 [=====>........................] - ETA: 8s
 38166528/170498071 [=====>........................] - ETA: 7s
 38428672/170498071 [=====>........................] - ETA: 7s
 41213952/170498071 [======>.......................] - ETA: 7s
 41476096/170498071 [======>.......................] - ETA: 7s
 44228608/170498071 [======>.......................] - ETA: 6s
 44490752/170498071 [======>.......................] - ETA: 7s
 47554560/170498071 [=======>......................] - ETA: 6s
 50208768/170498071 [=======>......................] - ETA: 6s
 53305344/170498071 [========>.....................] - ETA: 6s
 56385536/170498071 [========>.....................] - ETA: 5s
 59056128/170498071 [=========>....................] - ETA: 5s
 59088896/170498071 [=========>....................] - ETA: 5s
 61366272/170498071 [=========>....................] - ETA: 5s
 62201856/170498071 [=========>....................] - ETA: 5s
 64241664/170498071 [==========>...................] - ETA: 5s
 65282048/170498071 [==========>...................] - ETA: 5s
 66977792/170498071 [==========>...................] - ETA: 5s
 68362240/170498071 [===========>..................] - ETA: 5s
 69754880/170498071 [===========>..................] - ETA: 4s
 71458816/170498071 [===========>..................] - ETA: 4s
 72499200/170498071 [===========>..................] - ETA: 4s
 74473472/170498071 [============>.................] - ETA: 4s
 75309056/170498071 [============>.................] - ETA: 4s
 77553664/170498071 [============>.................] - ETA: 4s
 78389248/170498071 [============>.................] - ETA: 4s
 80388096/170498071 [=============>................] - ETA: 4s
 81485824/170498071 [=============>................] - ETA: 4s
 83255296/170498071 [=============>................] - ETA: 4s
 84598784/170498071 [=============>................] - ETA: 4s
 86269952/170498071 [==============>...............] - ETA: 3s
 87662592/170498071 [==============>...............] - ETA: 3s
 89137152/170498071 [==============>...............] - ETA: 3s
 90742784/170498071 [==============>...............] - ETA: 3s
 91938816/170498071 [===============>..............] - ETA: 3s
 93822976/170498071 [===============>..............] - ETA: 3s
 94707712/170498071 [===============>..............] - ETA: 3s
 96796672/170498071 [================>.............] - ETA: 3s
 97083392/170498071 [================>.............] - ETA: 3s
 98934784/170498071 [================>.............] - ETA: 3s
100179968/170498071 [================>.............] - ETA: 3s
101900288/170498071 [================>.............] - ETA: 3s
103243776/170498071 [=================>............] - ETA: 3s
104980480/170498071 [=================>............] - ETA: 2s
106323968/170498071 [=================>............] - ETA: 2s
107945984/170498071 [=================>............] - ETA: 2s
109305856/170498071 [==================>...........] - ETA: 2s
110133248/170498071 [==================>...........] - ETA: 2s
112074752/170498071 [==================>...........] - ETA: 2s
112713728/170498071 [==================>...........] - ETA: 2s
115015680/170498071 [===================>..........] - ETA: 2s
115728384/170498071 [===================>..........] - ETA: 2s
117334016/170498071 [===================>..........] - ETA: 2s
118792192/170498071 [===================>..........] - ETA: 2s
120397824/170498071 [====================>.........] - ETA: 2s
121872384/170498071 [====================>.........] - ETA: 2s
123527168/170498071 [====================>.........] - ETA: 2s
124952576/170498071 [====================>.........] - ETA: 2s
126558208/170498071 [=====================>........] - ETA: 1s
128032768/170498071 [=====================>........] - ETA: 1s
129523712/170498071 [=====================>........] - ETA: 1s
131080192/170498071 [======================>.......] - ETA: 1s
132472832/170498071 [======================>.......] - ETA: 1s
134111232/170498071 [======================>.......] - ETA: 1s
135421952/170498071 [======================>.......] - ETA: 1s
137224192/170498071 [=======================>......] - ETA: 1s
138190848/170498071 [=======================>......] - ETA: 1s
140304384/170498071 [=======================>......] - ETA: 1s
141139968/170498071 [=======================>......] - ETA: 1s
143368192/170498071 [========================>.....] - ETA: 1s
144203776/170498071 [========================>.....] - ETA: 1s
146137088/170498071 [========================>.....] - ETA: 1s
147234816/170498071 [========================>.....] - ETA: 1s
149184512/170498071 [=========================>....] - ETA: 0s
150265856/170498071 [=========================>....] - ETA: 0s
152018944/170498071 [=========================>....] - ETA: 0s
153362432/170498071 [=========================>....] - ETA: 0s
154722304/170498071 [==========================>...] - ETA: 0s
156459008/170498071 [==========================>...] - ETA: 0s
157540352/170498071 [==========================>...] - ETA: 0s
159318016/170498071 [===========================>..] - ETA: 0s
160456704/170498071 [===========================>..] - ETA: 0s
162242560/170498071 [===========================>..] - ETA: 0s
163471360/170498071 [===========================>..] - ETA: 0s
165240832/170498071 [============================>.] - ETA: 0s
166469632/170498071 [============================>.] - ETA: 0s
168271872/170498071 [============================>.] - ETA: 0s
169549824/170498071 [============================>.] - ETA: 0s
170500096/170498071 [==============================] - 7s 0us/step

# Evaluate on test data

 250/3000 [=>............................] - ETA: 0s
1000/3000 [=========>....................] - ETA: 0s
1750/3000 [================>.............] - ETA: 0s
2500/3000 [========================>.....] - ETA: 0s
3000/3000 [==============================] - 0s 79us/step
Accuracy: 10.16666665673256
Latency --- 0.2807145118713379 seconds ---
Trained with vanilla non-private SGD optimizer
=====================ITERATION 2==========================
We are using Tensorflow version 1.15.2
Keras API version: 2.3.1
Noise Mutiplier 30

# Evaluate on test data

 250/3000 [=>............................] - ETA: 0s
1000/3000 [=========>....................] - ETA: 0s
1750/3000 [================>.............] - ETA: 0s
2500/3000 [========================>.....] - ETA: 0s
3000/3000 [==============================] - 0s 78us/step
Accuracy: 10.16666665673256
Latency --- 0.28026318550109863 seconds ---
Trained with vanilla non-private SGD optimizer
=====================ITERATION 3==========================
We are using Tensorflow version 1.15.2
Keras API version: 2.3.1
Noise Mutiplier 30

# Evaluate on test data

 250/3000 [=>............................] - ETA: 0s
1000/3000 [=========>....................] - ETA: 0s
1750/3000 [================>.............] - ETA: 0s
2500/3000 [========================>.....] - ETA: 0s
3000/3000 [==============================] - 0s 78us/step
Accuracy: 10.16666665673256
Latency --- 0.27805566787719727 seconds ---
Trained with vanilla non-private SGD optimizer
=====================ITERATION 4==========================
We are using Tensorflow version 1.15.2
Keras API version: 2.3.1
Noise Mutiplier 30

# Evaluate on test data

 250/3000 [=>............................] - ETA: 0s
1000/3000 [=========>....................] - ETA: 0s
1750/3000 [================>.............] - ETA: 0s
2750/3000 [==========================>...] - ETA: 0s
3000/3000 [==============================] - 0s 78us/step
Accuracy: 10.16666665673256
Latency --- 0.2785227298736572 seconds ---
Trained with vanilla non-private SGD optimizer
=====================ITERATION 5==========================
We are using Tensorflow version 1.15.2
Keras API version: 2.3.1
Noise Mutiplier 30

# Evaluate on test data

 250/3000 [=>............................] - ETA: 0s
1000/3000 [=========>....................] - ETA: 0s
1750/3000 [================>.............] - ETA: 0s
2500/3000 [========================>.....] - ETA: 0s
3000/3000 [==============================] - 0s 80us/step
Accuracy: 10.16666665673256
Latency --- 0.28327083587646484 seconds ---
Trained with vanilla non-private SGD optimizer
=====================ITERATION 6==========================
We are using Tensorflow version 1.15.2
Keras API version: 2.3.1
Noise Mutiplier 30

# Evaluate on test data

 250/3000 [=>............................] - ETA: 0s
1000/3000 [=========>....................] - ETA: 0s
1750/3000 [================>.............] - ETA: 0s
2750/3000 [==========================>...] - ETA: 0s
3000/3000 [==============================] - 0s 78us/step
Accuracy: 10.16666665673256
Latency --- 0.2774515151977539 seconds ---
Trained with vanilla non-private SGD optimizer
=====================ITERATION 7==========================
We are using Tensorflow version 1.15.2
Keras API version: 2.3.1
Noise Mutiplier 30

# Evaluate on test data

 250/3000 [=>............................] - ETA: 0s
1000/3000 [=========>....................] - ETA: 0s
1750/3000 [================>.............] - ETA: 0s
2500/3000 [========================>.....] - ETA: 0s
3000/3000 [==============================] - 0s 78us/step
Accuracy: 10.16666665673256
Latency --- 0.2802455425262451 seconds ---
Trained with vanilla non-private SGD optimizer
=====================ITERATION 8==========================
We are using Tensorflow version 1.15.2
Keras API version: 2.3.1
Noise Mutiplier 30

# Evaluate on test data

 250/3000 [=>............................] - ETA: 0s
1000/3000 [=========>....................] - ETA: 0s
1750/3000 [================>.............] - ETA: 0s
2500/3000 [========================>.....] - ETA: 0s
3000/3000 [==============================] - 0s 79us/step
Accuracy: 10.16666665673256
Latency --- 0.2825002670288086 seconds ---
Trained with vanilla non-private SGD optimizer
=====================ITERATION 9==========================
We are using Tensorflow version 1.15.2
Keras API version: 2.3.1
Noise Mutiplier 30

# Evaluate on test data

 250/3000 [=>............................] - ETA: 0s
1000/3000 [=========>....................] - ETA: 0s
1750/3000 [================>.............] - ETA: 0s
2500/3000 [========================>.....] - ETA: 0s
3000/3000 [==============================] - 0s 79us/step
Accuracy: 10.16666665673256
Latency --- 0.2819685935974121 seconds ---
Trained with vanilla non-private SGD optimizer
=====================ITERATION 10==========================
We are using Tensorflow version 1.15.2
Keras API version: 2.3.1
Noise Mutiplier 30

# Evaluate on test data

 250/3000 [=>............................] - ETA: 0s
1000/3000 [=========>....................] - ETA: 0s
2000/3000 [===================>..........] - ETA: 0s
2750/3000 [==========================>...] - ETA: 0s
3000/3000 [==============================] - 0s 78us/step
Accuracy: 10.16666665673256
Latency --- 0.2776505947113037 seconds ---
Trained with vanilla non-private SGD optimizer
