
=====================ITERATION 1==========================
We are using Tensorflow version 1.15.2
Keras API version: 2.3.1
Noise Mutiplier 0.792

# Evaluate on test data

 250/3000 [=>............................] - ETA: 0s
 500/3000 [====>.........................] - ETA: 0s
 750/3000 [======>.......................] - ETA: 0s
1000/3000 [=========>....................] - ETA: 0s
1500/3000 [==============>...............] - ETA: 0s
1750/3000 [================>.............] - ETA: 0s
2000/3000 [===================>..........] - ETA: 0s
2250/3000 [=====================>........] - ETA: 0s
2500/3000 [========================>.....] - ETA: 0s
2750/3000 [==========================>...] - ETA: 0s
3000/3000 [==============================] - 1s 225us/step
Accuracy: 9.63333323597908
Latency --- 0.7372450828552246 seconds ---
Trained with DP
=====================ITERATION 2==========================
We are using Tensorflow version 1.15.2
Keras API version: 2.3.1
Noise Mutiplier 0.792

# Evaluate on test data

 250/3000 [=>............................] - ETA: 0s
 500/3000 [====>.........................] - ETA: 0s
 750/3000 [======>.......................] - ETA: 0s
1000/3000 [=========>....................] - ETA: 0s
1250/3000 [===========>..................] - ETA: 0s
1750/3000 [================>.............] - ETA: 0s
2000/3000 [===================>..........] - ETA: 0s
2250/3000 [=====================>........] - ETA: 0s
2500/3000 [========================>.....] - ETA: 0s
3000/3000 [==============================] - 1s 217us/step
Accuracy: 9.63333323597908
Latency --- 0.7148807048797607 seconds ---
Trained with DP
=====================ITERATION 3==========================
We are using Tensorflow version 1.15.2
Keras API version: 2.3.1
Noise Mutiplier 0.792

# Evaluate on test data

 250/3000 [=>............................] - ETA: 0s
 500/3000 [====>.........................] - ETA: 0s
 750/3000 [======>.......................] - ETA: 0s
1000/3000 [=========>....................] - ETA: 0s
1250/3000 [===========>..................] - ETA: 0s
1500/3000 [==============>...............] - ETA: 0s
1750/3000 [================>.............] - ETA: 0s
2000/3000 [===================>..........] - ETA: 0s
2250/3000 [=====================>........] - ETA: 0s
2750/3000 [==========================>...] - ETA: 0s
3000/3000 [==============================] - 1s 226us/step
Accuracy: 9.63333323597908
Latency --- 0.7415921688079834 seconds ---
Trained with DP
=====================ITERATION 4==========================
We are using Tensorflow version 1.15.2
Keras API version: 2.3.1
Noise Mutiplier 0.792

# Evaluate on test data

 250/3000 [=>............................] - ETA: 0s
 500/3000 [====>.........................] - ETA: 0s
 750/3000 [======>.......................] - ETA: 0s
1000/3000 [=========>....................] - ETA: 0s
1500/3000 [==============>...............] - ETA: 0s
1750/3000 [================>.............] - ETA: 0s
2000/3000 [===================>..........] - ETA: 0s
2250/3000 [=====================>........] - ETA: 0s
2500/3000 [========================>.....] - ETA: 0s
2750/3000 [==========================>...] - ETA: 0s
3000/3000 [==============================] - 1s 224us/step
Accuracy: 9.63333323597908
Latency --- 0.7358078956604004 seconds ---
Trained with DP
=====================ITERATION 5==========================
We are using Tensorflow version 1.15.2
Keras API version: 2.3.1
Noise Mutiplier 0.792

# Evaluate on test data

 250/3000 [=>............................] - ETA: 0s
 500/3000 [====>.........................] - ETA: 0s
 750/3000 [======>.......................] - ETA: 0s
1000/3000 [=========>....................] - ETA: 0s
1250/3000 [===========>..................] - ETA: 0s
1500/3000 [==============>...............] - ETA: 0s
1750/3000 [================>.............] - ETA: 0s
2000/3000 [===================>..........] - ETA: 0s
2250/3000 [=====================>........] - ETA: 0s
2500/3000 [========================>.....] - ETA: 0s
2750/3000 [==========================>...] - ETA: 0s
3000/3000 [==============================] - 1s 229us/step
Accuracy: 9.63333323597908
Latency --- 0.748265266418457 seconds ---
Trained with DP
=====================ITERATION 6==========================
We are using Tensorflow version 1.15.2
Keras API version: 2.3.1
Noise Mutiplier 0.792

# Evaluate on test data

 250/3000 [=>............................] - ETA: 0s
 500/3000 [====>.........................] - ETA: 0s
 750/3000 [======>.......................] - ETA: 0s
1000/3000 [=========>....................] - ETA: 0s
1250/3000 [===========>..................] - ETA: 0s
1500/3000 [==============>...............] - ETA: 0s
1750/3000 [================>.............] - ETA: 0s
2000/3000 [===================>..........] - ETA: 0s
2250/3000 [=====================>........] - ETA: 0s
2500/3000 [========================>.....] - ETA: 0s
2750/3000 [==========================>...] - ETA: 0s
3000/3000 [==============================] - 1s 228us/step
Accuracy: 9.63333323597908
Latency --- 0.7447314262390137 seconds ---
Trained with DP
=====================ITERATION 7==========================
We are using Tensorflow version 1.15.2
Keras API version: 2.3.1
Noise Mutiplier 0.792

# Evaluate on test data

 250/3000 [=>............................] - ETA: 0s
 500/3000 [====>.........................] - ETA: 0s
 750/3000 [======>.......................] - ETA: 0s
1000/3000 [=========>....................] - ETA: 0s
1250/3000 [===========>..................] - ETA: 0s
1500/3000 [==============>...............] - ETA: 0s
1750/3000 [================>.............] - ETA: 0s
2000/3000 [===================>..........] - ETA: 0s
2250/3000 [=====================>........] - ETA: 0s
2500/3000 [========================>.....] - ETA: 0s
2750/3000 [==========================>...] - ETA: 0s
3000/3000 [==============================] - 1s 227us/step
Accuracy: 9.63333323597908
Latency --- 0.7426633834838867 seconds ---
Trained with DP
=====================ITERATION 8==========================
We are using Tensorflow version 1.15.2
Keras API version: 2.3.1
Noise Mutiplier 0.792

# Evaluate on test data

 250/3000 [=>............................] - ETA: 0s
 500/3000 [====>.........................] - ETA: 0s
 750/3000 [======>.......................] - ETA: 0s
1000/3000 [=========>....................] - ETA: 0s
1250/3000 [===========>..................] - ETA: 0s
1500/3000 [==============>...............] - ETA: 0s
1750/3000 [================>.............] - ETA: 0s
2000/3000 [===================>..........] - ETA: 0s
2250/3000 [=====================>........] - ETA: 0s
2750/3000 [==========================>...] - ETA: 0s
3000/3000 [==============================] - 1s 224us/step
Accuracy: 9.63333323597908
Latency --- 0.7343308925628662 seconds ---
Trained with DP
=====================ITERATION 9==========================
We are using Tensorflow version 1.15.2
Keras API version: 2.3.1
Noise Mutiplier 0.792

# Evaluate on test data

 250/3000 [=>............................] - ETA: 0s
 500/3000 [====>.........................] - ETA: 0s
 750/3000 [======>.......................] - ETA: 0s
1000/3000 [=========>....................] - ETA: 0s
1500/3000 [==============>...............] - ETA: 0s
1750/3000 [================>.............] - ETA: 0s
2000/3000 [===================>..........] - ETA: 0s
2250/3000 [=====================>........] - ETA: 0s
2500/3000 [========================>.....] - ETA: 0s
2750/3000 [==========================>...] - ETA: 0s
3000/3000 [==============================] - 1s 226us/step
Accuracy: 9.63333323597908
Latency --- 0.7412865161895752 seconds ---
Trained with DP
=====================ITERATION 10==========================
We are using Tensorflow version 1.15.2
Keras API version: 2.3.1
Noise Mutiplier 0.792

# Evaluate on test data

 250/3000 [=>............................] - ETA: 0s
 500/3000 [====>.........................] - ETA: 0s
 750/3000 [======>.......................] - ETA: 0s
1000/3000 [=========>....................] - ETA: 0s
1500/3000 [==============>...............] - ETA: 0s
1750/3000 [================>.............] - ETA: 0s
2000/3000 [===================>..........] - ETA: 0s
2250/3000 [=====================>........] - ETA: 0s
2500/3000 [========================>.....] - ETA: 0s
2750/3000 [==========================>...] - ETA: 0s
3000/3000 [==============================] - 1s 224us/step
Accuracy: 9.63333323597908
Latency --- 0.7316594123840332 seconds ---
Trained with DP
