We are using Tensorflow version 1.15.2
Keras API version: 2.3.1
=====================Iteration========================== 1
For delta=0.000200, the current epsilon is: 4.0044
Noise Mutiplier 1.136
in grads Tensor("loss/mul:0", shape=(?,), dtype=float32)
Train on 3000 samples, validate on 750 samples
Epoch 1/5

 250/3000 [=>............................] - ETA: 28s - loss: 2.3069 - accuracy: 0.0840
 500/3000 [====>.........................] - ETA: 25s - loss: 2.3077 - accuracy: 0.0940
 750/3000 [======>.......................] - ETA: 22s - loss: 2.3057 - accuracy: 0.1000
1000/3000 [=========>....................] - ETA: 20s - loss: 2.3047 - accuracy: 0.1000
1250/3000 [===========>..................] - ETA: 17s - loss: 2.3045 - accuracy: 0.1040
1500/3000 [==============>...............] - ETA: 15s - loss: 2.3038 - accuracy: 0.1073
1750/3000 [================>.............] - ETA: 12s - loss: 2.3038 - accuracy: 0.1063
2000/3000 [===================>..........] - ETA: 10s - loss: 2.3033 - accuracy: 0.1090
2250/3000 [=====================>........] - ETA: 7s - loss: 2.3026 - accuracy: 0.1107 
2500/3000 [========================>.....] - ETA: 5s - loss: 2.3028 - accuracy: 0.1092
2750/3000 [==========================>...] - ETA: 2s - loss: 2.3025 - accuracy: 0.1073
3000/3000 [==============================] - 30s 10ms/step - loss: 2.3021 - accuracy: 0.1070 - val_loss: 2.3047 - val_accuracy: 0.1013
Epoch 2/5

 250/3000 [=>............................] - ETA: 27s - loss: 2.2966 - accuracy: 0.1480
 500/3000 [====>.........................] - ETA: 25s - loss: 2.2943 - accuracy: 0.1360
 750/3000 [======>.......................] - ETA: 22s - loss: 2.2950 - accuracy: 0.1280
1000/3000 [=========>....................] - ETA: 20s - loss: 2.2956 - accuracy: 0.1200
1250/3000 [===========>..................] - ETA: 17s - loss: 2.2960 - accuracy: 0.1192
1500/3000 [==============>...............] - ETA: 15s - loss: 2.2971 - accuracy: 0.1187
1750/3000 [================>.............] - ETA: 12s - loss: 2.2973 - accuracy: 0.1229
2000/3000 [===================>..........] - ETA: 10s - loss: 2.2973 - accuracy: 0.1235
2250/3000 [=====================>........] - ETA: 7s - loss: 2.2975 - accuracy: 0.1227 
2500/3000 [========================>.....] - ETA: 5s - loss: 2.2967 - accuracy: 0.1292
2750/3000 [==========================>...] - ETA: 2s - loss: 2.2963 - accuracy: 0.1273
3000/3000 [==============================] - 30s 10ms/step - loss: 2.2961 - accuracy: 0.1263 - val_loss: 2.3039 - val_accuracy: 0.0987
Epoch 3/5

 250/3000 [=>............................] - ETA: 28s - loss: 2.2950 - accuracy: 0.1600
 500/3000 [====>.........................] - ETA: 25s - loss: 2.2902 - accuracy: 0.1560
 750/3000 [======>.......................] - ETA: 22s - loss: 2.2896 - accuracy: 0.1480
1000/3000 [=========>....................] - ETA: 20s - loss: 2.2909 - accuracy: 0.1440
1250/3000 [===========>..................] - ETA: 17s - loss: 2.2913 - accuracy: 0.1408
1500/3000 [==============>...............] - ETA: 15s - loss: 2.2921 - accuracy: 0.1373
1750/3000 [================>.............] - ETA: 12s - loss: 2.2919 - accuracy: 0.1406
2000/3000 [===================>..........] - ETA: 10s - loss: 2.2920 - accuracy: 0.1380
2250/3000 [=====================>........] - ETA: 7s - loss: 2.2931 - accuracy: 0.1342 
2500/3000 [========================>.....] - ETA: 5s - loss: 2.2930 - accuracy: 0.1368
2750/3000 [==========================>...] - ETA: 2s - loss: 2.2932 - accuracy: 0.1371
3000/3000 [==============================] - 30s 10ms/step - loss: 2.2923 - accuracy: 0.1407 - val_loss: 2.3040 - val_accuracy: 0.0907
Epoch 4/5

 250/3000 [=>............................] - ETA: 27s - loss: 2.2980 - accuracy: 0.1240
 500/3000 [====>.........................] - ETA: 27s - loss: 2.2970 - accuracy: 0.1280
 750/3000 [======>.......................] - ETA: 25s - loss: 2.2923 - accuracy: 0.1267
1000/3000 [=========>....................] - ETA: 22s - loss: 2.2917 - accuracy: 0.1280
1250/3000 [===========>..................] - ETA: 19s - loss: 2.2910 - accuracy: 0.1344
1500/3000 [==============>...............] - ETA: 17s - loss: 2.2900 - accuracy: 0.1367
1750/3000 [================>.............] - ETA: 14s - loss: 2.2898 - accuracy: 0.1354
2000/3000 [===================>..........] - ETA: 11s - loss: 2.2898 - accuracy: 0.1360
2250/3000 [=====================>........] - ETA: 8s - loss: 2.2892 - accuracy: 0.1356 
2500/3000 [========================>.....] - ETA: 5s - loss: 2.2890 - accuracy: 0.1392
2750/3000 [==========================>...] - ETA: 2s - loss: 2.2890 - accuracy: 0.1425
3000/3000 [==============================] - 33s 11ms/step - loss: 2.2882 - accuracy: 0.1483 - val_loss: 2.3043 - val_accuracy: 0.0893
Epoch 5/5

 250/3000 [=>............................] - ETA: 30s - loss: 2.2877 - accuracy: 0.1760
 500/3000 [====>.........................] - ETA: 28s - loss: 2.2889 - accuracy: 0.1440
 750/3000 [======>.......................] - ETA: 24s - loss: 2.2885 - accuracy: 0.1467
1000/3000 [=========>....................] - ETA: 22s - loss: 2.2862 - accuracy: 0.1490
1250/3000 [===========>..................] - ETA: 19s - loss: 2.2865 - accuracy: 0.1464
1500/3000 [==============>...............] - ETA: 16s - loss: 2.2863 - accuracy: 0.1447
1750/3000 [================>.............] - ETA: 13s - loss: 2.2859 - accuracy: 0.1486
2000/3000 [===================>..........] - ETA: 10s - loss: 2.2859 - accuracy: 0.1495
2250/3000 [=====================>........] - ETA: 8s - loss: 2.2849 - accuracy: 0.1551 
2500/3000 [========================>.....] - ETA: 5s - loss: 2.2841 - accuracy: 0.1588
2750/3000 [==========================>...] - ETA: 2s - loss: 2.2837 - accuracy: 0.1604
3000/3000 [==============================] - 33s 11ms/step - loss: 2.2829 - accuracy: 0.1630 - val_loss: 2.3055 - val_accuracy: 0.0840
Latency --- 158.1236548423767 seconds ---
For delta=0.000200, the current epsilon is: 4.0044
Saving model with new accuracy, previous accuracy was 0 and present is 0.16300000250339508
Saved model to disk
=====================Iteration========================== 2
For delta=0.000200, the current epsilon is: 4.0044
Noise Mutiplier 1.136
in grads Tensor("loss_1/mul:0", shape=(?,), dtype=float32)
Train on 3000 samples, validate on 750 samples
Epoch 1/5

 250/3000 [=>............................] - ETA: 31s - loss: 2.3050 - accuracy: 0.0840
 500/3000 [====>.........................] - ETA: 28s - loss: 2.3098 - accuracy: 0.0840
 750/3000 [======>.......................] - ETA: 25s - loss: 2.3082 - accuracy: 0.0880
1000/3000 [=========>....................] - ETA: 22s - loss: 2.3093 - accuracy: 0.0940
1250/3000 [===========>..................] - ETA: 19s - loss: 2.3099 - accuracy: 0.0952
1500/3000 [==============>...............] - ETA: 16s - loss: 2.3090 - accuracy: 0.0993
1750/3000 [================>.............] - ETA: 14s - loss: 2.3090 - accuracy: 0.1029
2000/3000 [===================>..........] - ETA: 11s - loss: 2.3086 - accuracy: 0.1060
2250/3000 [=====================>........] - ETA: 8s - loss: 2.3077 - accuracy: 0.1093 
2500/3000 [========================>.....] - ETA: 5s - loss: 2.3060 - accuracy: 0.1128
2750/3000 [==========================>...] - ETA: 2s - loss: 2.3059 - accuracy: 0.1153
3000/3000 [==============================] - 34s 11ms/step - loss: 2.3049 - accuracy: 0.1187 - val_loss: 2.3079 - val_accuracy: 0.0773
Epoch 2/5

 250/3000 [=>............................] - ETA: 30s - loss: 2.2981 - accuracy: 0.1400
 500/3000 [====>.........................] - ETA: 27s - loss: 2.2986 - accuracy: 0.1340
 750/3000 [======>.......................] - ETA: 24s - loss: 2.2988 - accuracy: 0.1360
1000/3000 [=========>....................] - ETA: 21s - loss: 2.2999 - accuracy: 0.1390
1250/3000 [===========>..................] - ETA: 19s - loss: 2.3002 - accuracy: 0.1360
1500/3000 [==============>...............] - ETA: 17s - loss: 2.3008 - accuracy: 0.1307
1750/3000 [================>.............] - ETA: 14s - loss: 2.3004 - accuracy: 0.1331
2000/3000 [===================>..........] - ETA: 11s - loss: 2.2998 - accuracy: 0.1340
2250/3000 [=====================>........] - ETA: 8s - loss: 2.2989 - accuracy: 0.1378 
2500/3000 [========================>.....] - ETA: 6s - loss: 2.2984 - accuracy: 0.1364
2750/3000 [==========================>...] - ETA: 3s - loss: 2.2993 - accuracy: 0.1367
3000/3000 [==============================] - 37s 12ms/step - loss: 2.2985 - accuracy: 0.1403 - val_loss: 2.3062 - val_accuracy: 0.0773
Epoch 3/5

 250/3000 [=>............................] - ETA: 34s - loss: 2.2893 - accuracy: 0.1720
 500/3000 [====>.........................] - ETA: 28s - loss: 2.2946 - accuracy: 0.1580
 750/3000 [======>.......................] - ETA: 24s - loss: 2.2970 - accuracy: 0.1480
1000/3000 [=========>....................] - ETA: 21s - loss: 2.2964 - accuracy: 0.1480
1250/3000 [===========>..................] - ETA: 18s - loss: 2.2967 - accuracy: 0.1528
1500/3000 [==============>...............] - ETA: 15s - loss: 2.2961 - accuracy: 0.1547
1750/3000 [================>.............] - ETA: 13s - loss: 2.2949 - accuracy: 0.1600
2000/3000 [===================>..........] - ETA: 10s - loss: 2.2951 - accuracy: 0.1610
2250/3000 [=====================>........] - ETA: 7s - loss: 2.2949 - accuracy: 0.1573 
2500/3000 [========================>.....] - ETA: 5s - loss: 2.2948 - accuracy: 0.1532
2750/3000 [==========================>...] - ETA: 2s - loss: 2.2950 - accuracy: 0.1513
3000/3000 [==============================] - 31s 10ms/step - loss: 2.2948 - accuracy: 0.1510 - val_loss: 2.3056 - val_accuracy: 0.0827
Epoch 4/5

 250/3000 [=>............................] - ETA: 28s - loss: 2.2946 - accuracy: 0.1600
 500/3000 [====>.........................] - ETA: 25s - loss: 2.2924 - accuracy: 0.1720
 750/3000 [======>.......................] - ETA: 22s - loss: 2.2928 - accuracy: 0.1587
1000/3000 [=========>....................] - ETA: 20s - loss: 2.2935 - accuracy: 0.1500
1250/3000 [===========>..................] - ETA: 17s - loss: 2.2928 - accuracy: 0.1488
1500/3000 [==============>...............] - ETA: 15s - loss: 2.2923 - accuracy: 0.1540
1750/3000 [================>.............] - ETA: 12s - loss: 2.2924 - accuracy: 0.1554
2000/3000 [===================>..........] - ETA: 10s - loss: 2.2918 - accuracy: 0.1585
2250/3000 [=====================>........] - ETA: 7s - loss: 2.2921 - accuracy: 0.1556 
2500/3000 [========================>.....] - ETA: 5s - loss: 2.2923 - accuracy: 0.1576
2750/3000 [==========================>...] - ETA: 2s - loss: 2.2924 - accuracy: 0.1542
3000/3000 [==============================] - 31s 10ms/step - loss: 2.2921 - accuracy: 0.1567 - val_loss: 2.3054 - val_accuracy: 0.0840
Epoch 5/5

 250/3000 [=>............................] - ETA: 29s - loss: 2.2946 - accuracy: 0.1200
 500/3000 [====>.........................] - ETA: 26s - loss: 2.2936 - accuracy: 0.1260
 750/3000 [======>.......................] - ETA: 23s - loss: 2.2921 - accuracy: 0.1320
1000/3000 [=========>....................] - ETA: 20s - loss: 2.2904 - accuracy: 0.1380
1250/3000 [===========>..................] - ETA: 18s - loss: 2.2910 - accuracy: 0.1408
1500/3000 [==============>...............] - ETA: 15s - loss: 2.2910 - accuracy: 0.1387
1750/3000 [================>.............] - ETA: 12s - loss: 2.2909 - accuracy: 0.1474
2000/3000 [===================>..........] - ETA: 10s - loss: 2.2895 - accuracy: 0.1545
2250/3000 [=====================>........] - ETA: 7s - loss: 2.2898 - accuracy: 0.1551 
2500/3000 [========================>.....] - ETA: 5s - loss: 2.2901 - accuracy: 0.1548
2750/3000 [==========================>...] - ETA: 2s - loss: 2.2895 - accuracy: 0.1589
3000/3000 [==============================] - 31s 10ms/step - loss: 2.2895 - accuracy: 0.1620 - val_loss: 2.3058 - val_accuracy: 0.0840
Latency --- 165.21827173233032 seconds ---
For delta=0.000200, the current epsilon is: 4.0044
=====================Iteration========================== 3
For delta=0.000200, the current epsilon is: 4.0044
Noise Mutiplier 1.136
in grads Tensor("loss_2/mul:0", shape=(?,), dtype=float32)
Train on 3000 samples, validate on 750 samples
Epoch 1/5

 250/3000 [=>............................] - ETA: 29s - loss: 2.3083 - accuracy: 0.0880
 500/3000 [====>.........................] - ETA: 25s - loss: 2.3049 - accuracy: 0.0960
 750/3000 [======>.......................] - ETA: 22s - loss: 2.3035 - accuracy: 0.1053
1000/3000 [=========>....................] - ETA: 20s - loss: 2.3007 - accuracy: 0.1040
1250/3000 [===========>..................] - ETA: 17s - loss: 2.3019 - accuracy: 0.0984
1500/3000 [==============>...............] - ETA: 15s - loss: 2.3036 - accuracy: 0.0980
1750/3000 [================>.............] - ETA: 12s - loss: 2.3045 - accuracy: 0.0954
2000/3000 [===================>..........] - ETA: 10s - loss: 2.3041 - accuracy: 0.0970
2250/3000 [=====================>........] - ETA: 7s - loss: 2.3037 - accuracy: 0.0969 
2500/3000 [========================>.....] - ETA: 5s - loss: 2.3039 - accuracy: 0.0956
2750/3000 [==========================>...] - ETA: 2s - loss: 2.3038 - accuracy: 0.0949
3000/3000 [==============================] - 30s 10ms/step - loss: 2.3034 - accuracy: 0.0963 - val_loss: 2.3053 - val_accuracy: 0.1080
Epoch 2/5

 250/3000 [=>............................] - ETA: 27s - loss: 2.2941 - accuracy: 0.1360
 500/3000 [====>.........................] - ETA: 24s - loss: 2.2953 - accuracy: 0.1280
 750/3000 [======>.......................] - ETA: 22s - loss: 2.2925 - accuracy: 0.1213
1000/3000 [=========>....................] - ETA: 19s - loss: 2.2940 - accuracy: 0.1120
1250/3000 [===========>..................] - ETA: 17s - loss: 2.2946 - accuracy: 0.1096
1500/3000 [==============>...............] - ETA: 14s - loss: 2.2943 - accuracy: 0.1067
1750/3000 [================>.............] - ETA: 12s - loss: 2.2946 - accuracy: 0.1046
2000/3000 [===================>..........] - ETA: 9s - loss: 2.2957 - accuracy: 0.1025 
2250/3000 [=====================>........] - ETA: 7s - loss: 2.2967 - accuracy: 0.0991
2500/3000 [========================>.....] - ETA: 4s - loss: 2.2973 - accuracy: 0.0944
2750/3000 [==========================>...] - ETA: 2s - loss: 2.2983 - accuracy: 0.0931
3000/3000 [==============================] - 30s 10ms/step - loss: 2.2982 - accuracy: 0.0923 - val_loss: 2.3045 - val_accuracy: 0.1093
Epoch 3/5

 250/3000 [=>............................] - ETA: 27s - loss: 2.2988 - accuracy: 0.0720
 500/3000 [====>.........................] - ETA: 24s - loss: 2.2997 - accuracy: 0.0740
 750/3000 [======>.......................] - ETA: 22s - loss: 2.2996 - accuracy: 0.0800
1000/3000 [=========>....................] - ETA: 20s - loss: 2.2989 - accuracy: 0.0840
1250/3000 [===========>..................] - ETA: 17s - loss: 2.2966 - accuracy: 0.0864
1500/3000 [==============>...............] - ETA: 15s - loss: 2.2948 - accuracy: 0.0940
1750/3000 [================>.............] - ETA: 12s - loss: 2.2942 - accuracy: 0.0983
2000/3000 [===================>..........] - ETA: 10s - loss: 2.2939 - accuracy: 0.0955
2250/3000 [=====================>........] - ETA: 7s - loss: 2.2938 - accuracy: 0.0987 
2500/3000 [========================>.....] - ETA: 5s - loss: 2.2947 - accuracy: 0.0952
2750/3000 [==========================>...] - ETA: 2s - loss: 2.2937 - accuracy: 0.0978
3000/3000 [==============================] - 30s 10ms/step - loss: 2.2945 - accuracy: 0.0967 - val_loss: 2.3041 - val_accuracy: 0.1080
Epoch 4/5

 250/3000 [=>............................] - ETA: 26s - loss: 2.2992 - accuracy: 0.1040
 500/3000 [====>.........................] - ETA: 24s - loss: 2.2987 - accuracy: 0.0960
 750/3000 [======>.......................] - ETA: 22s - loss: 2.2979 - accuracy: 0.0920
1000/3000 [=========>....................] - ETA: 19s - loss: 2.2968 - accuracy: 0.0970
1250/3000 [===========>..................] - ETA: 17s - loss: 2.2968 - accuracy: 0.0944
1500/3000 [==============>...............] - ETA: 14s - loss: 2.2958 - accuracy: 0.0920
1750/3000 [================>.............] - ETA: 12s - loss: 2.2944 - accuracy: 0.1000
2000/3000 [===================>..........] - ETA: 9s - loss: 2.2943 - accuracy: 0.1050 
2250/3000 [=====================>........] - ETA: 7s - loss: 2.2937 - accuracy: 0.1071
2500/3000 [========================>.....] - ETA: 4s - loss: 2.2928 - accuracy: 0.1116
2750/3000 [==========================>...] - ETA: 2s - loss: 2.2922 - accuracy: 0.1098
3000/3000 [==============================] - 30s 10ms/step - loss: 2.2916 - accuracy: 0.1100 - val_loss: 2.3038 - val_accuracy: 0.1107
Epoch 5/5

 250/3000 [=>............................] - ETA: 27s - loss: 2.2802 - accuracy: 0.1720
 500/3000 [====>.........................] - ETA: 24s - loss: 2.2856 - accuracy: 0.1520
 750/3000 [======>.......................] - ETA: 22s - loss: 2.2871 - accuracy: 0.1373
1000/3000 [=========>....................] - ETA: 20s - loss: 2.2876 - accuracy: 0.1300
1250/3000 [===========>..................] - ETA: 17s - loss: 2.2874 - accuracy: 0.1240
1500/3000 [==============>...............] - ETA: 15s - loss: 2.2870 - accuracy: 0.1193
1750/3000 [================>.............] - ETA: 12s - loss: 2.2874 - accuracy: 0.1171
2000/3000 [===================>..........] - ETA: 10s - loss: 2.2880 - accuracy: 0.1135
2250/3000 [=====================>........] - ETA: 7s - loss: 2.2872 - accuracy: 0.1133 
2500/3000 [========================>.....] - ETA: 5s - loss: 2.2879 - accuracy: 0.1100
2750/3000 [==========================>...] - ETA: 2s - loss: 2.2874 - accuracy: 0.1102
3000/3000 [==============================] - 30s 10ms/step - loss: 2.2883 - accuracy: 0.1097 - val_loss: 2.3040 - val_accuracy: 0.1093
Latency --- 151.54941630363464 seconds ---
For delta=0.000200, the current epsilon is: 4.0044
=====================Iteration========================== 4
For delta=0.000200, the current epsilon is: 4.0044
Noise Mutiplier 1.136
in grads Tensor("loss_3/mul:0", shape=(?,), dtype=float32)
Train on 3000 samples, validate on 750 samples
Epoch 1/5

 250/3000 [=>............................] - ETA: 29s - loss: 2.3092 - accuracy: 0.0880
 500/3000 [====>.........................] - ETA: 25s - loss: 2.3115 - accuracy: 0.0780
 750/3000 [======>.......................] - ETA: 22s - loss: 2.3069 - accuracy: 0.0933
1000/3000 [=========>....................] - ETA: 20s - loss: 2.3041 - accuracy: 0.0920
1250/3000 [===========>..................] - ETA: 17s - loss: 2.3058 - accuracy: 0.0912
1500/3000 [==============>...............] - ETA: 15s - loss: 2.3050 - accuracy: 0.0933
1750/3000 [================>.............] - ETA: 12s - loss: 2.3050 - accuracy: 0.0886
2000/3000 [===================>..........] - ETA: 10s - loss: 2.3046 - accuracy: 0.0900
2250/3000 [=====================>........] - ETA: 7s - loss: 2.3048 - accuracy: 0.0893 
2500/3000 [========================>.....] - ETA: 5s - loss: 2.3045 - accuracy: 0.0904
2750/3000 [==========================>...] - ETA: 2s - loss: 2.3041 - accuracy: 0.0935
3000/3000 [==============================] - 31s 10ms/step - loss: 2.3035 - accuracy: 0.0933 - val_loss: 2.3029 - val_accuracy: 0.1147
Epoch 2/5

 250/3000 [=>............................] - ETA: 27s - loss: 2.2966 - accuracy: 0.1240
 500/3000 [====>.........................] - ETA: 24s - loss: 2.2998 - accuracy: 0.1240
 750/3000 [======>.......................] - ETA: 22s - loss: 2.2990 - accuracy: 0.1147
1000/3000 [=========>....................] - ETA: 20s - loss: 2.2997 - accuracy: 0.1080
1250/3000 [===========>..................] - ETA: 17s - loss: 2.2997 - accuracy: 0.1064
1500/3000 [==============>...............] - ETA: 15s - loss: 2.2993 - accuracy: 0.1087
1750/3000 [================>.............] - ETA: 12s - loss: 2.2983 - accuracy: 0.1080
2000/3000 [===================>..........] - ETA: 10s - loss: 2.2984 - accuracy: 0.1075
2250/3000 [=====================>........] - ETA: 7s - loss: 2.2984 - accuracy: 0.1067 
2500/3000 [========================>.....] - ETA: 5s - loss: 2.2980 - accuracy: 0.1024
2750/3000 [==========================>...] - ETA: 2s - loss: 2.2976 - accuracy: 0.1000
3000/3000 [==============================] - 30s 10ms/step - loss: 2.2980 - accuracy: 0.0973 - val_loss: 2.3021 - val_accuracy: 0.1227
Epoch 3/5

 250/3000 [=>............................] - ETA: 27s - loss: 2.2954 - accuracy: 0.1120
 500/3000 [====>.........................] - ETA: 25s - loss: 2.2991 - accuracy: 0.1000
 750/3000 [======>.......................] - ETA: 22s - loss: 2.2971 - accuracy: 0.1080
1000/3000 [=========>....................] - ETA: 19s - loss: 2.2971 - accuracy: 0.1020
1250/3000 [===========>..................] - ETA: 17s - loss: 2.2961 - accuracy: 0.1104
1500/3000 [==============>...............] - ETA: 14s - loss: 2.2951 - accuracy: 0.1140
1750/3000 [================>.............] - ETA: 12s - loss: 2.2946 - accuracy: 0.1103
2000/3000 [===================>..........] - ETA: 10s - loss: 2.2952 - accuracy: 0.1035
2250/3000 [=====================>........] - ETA: 7s - loss: 2.2948 - accuracy: 0.1080 
2500/3000 [========================>.....] - ETA: 5s - loss: 2.2949 - accuracy: 0.1084
2750/3000 [==========================>...] - ETA: 2s - loss: 2.2947 - accuracy: 0.1084
3000/3000 [==============================] - 30s 10ms/step - loss: 2.2945 - accuracy: 0.1080 - val_loss: 2.3021 - val_accuracy: 0.1267
Epoch 4/5

 250/3000 [=>............................] - ETA: 26s - loss: 2.2916 - accuracy: 0.1440
 500/3000 [====>.........................] - ETA: 24s - loss: 2.2908 - accuracy: 0.1300
 750/3000 [======>.......................] - ETA: 22s - loss: 2.2893 - accuracy: 0.1280
1000/3000 [=========>....................] - ETA: 19s - loss: 2.2887 - accuracy: 0.1360
1250/3000 [===========>..................] - ETA: 17s - loss: 2.2900 - accuracy: 0.1288
1500/3000 [==============>...............] - ETA: 14s - loss: 2.2908 - accuracy: 0.1267
1750/3000 [================>.............] - ETA: 12s - loss: 2.2908 - accuracy: 0.1234
2000/3000 [===================>..........] - ETA: 9s - loss: 2.2914 - accuracy: 0.1200 
2250/3000 [=====================>........] - ETA: 7s - loss: 2.2909 - accuracy: 0.1236
2500/3000 [========================>.....] - ETA: 4s - loss: 2.2912 - accuracy: 0.1196
2750/3000 [==========================>...] - ETA: 2s - loss: 2.2914 - accuracy: 0.1178
3000/3000 [==============================] - 30s 10ms/step - loss: 2.2918 - accuracy: 0.1163 - val_loss: 2.3023 - val_accuracy: 0.1227
Epoch 5/5

 250/3000 [=>............................] - ETA: 28s - loss: 2.2901 - accuracy: 0.1320
 500/3000 [====>.........................] - ETA: 25s - loss: 2.2905 - accuracy: 0.1220
 750/3000 [======>.......................] - ETA: 22s - loss: 2.2889 - accuracy: 0.1280
1000/3000 [=========>....................] - ETA: 19s - loss: 2.2901 - accuracy: 0.1270
1250/3000 [===========>..................] - ETA: 17s - loss: 2.2895 - accuracy: 0.1272
1500/3000 [==============>...............] - ETA: 14s - loss: 2.2895 - accuracy: 0.1307
1750/3000 [================>.............] - ETA: 12s - loss: 2.2889 - accuracy: 0.1286
2000/3000 [===================>..........] - ETA: 9s - loss: 2.2888 - accuracy: 0.1290 
2250/3000 [=====================>........] - ETA: 7s - loss: 2.2891 - accuracy: 0.1262
2500/3000 [========================>.....] - ETA: 4s - loss: 2.2886 - accuracy: 0.1284
2750/3000 [==========================>...] - ETA: 2s - loss: 2.2890 - accuracy: 0.1251
3000/3000 [==============================] - 30s 10ms/step - loss: 2.2889 - accuracy: 0.1250 - val_loss: 2.3026 - val_accuracy: 0.1067
Latency --- 152.1216161251068 seconds ---
For delta=0.000200, the current epsilon is: 4.0044
=====================Iteration========================== 5
For delta=0.000200, the current epsilon is: 4.0044
Noise Mutiplier 1.136
in grads Tensor("loss_4/mul:0", shape=(?,), dtype=float32)
Train on 3000 samples, validate on 750 samples
Epoch 1/5

 250/3000 [=>............................] - ETA: 28s - loss: 2.2968 - accuracy: 0.1200
 500/3000 [====>.........................] - ETA: 25s - loss: 2.2966 - accuracy: 0.1180
 750/3000 [======>.......................] - ETA: 23s - loss: 2.2982 - accuracy: 0.1120
1000/3000 [=========>....................] - ETA: 20s - loss: 2.2982 - accuracy: 0.1100
1250/3000 [===========>..................] - ETA: 17s - loss: 2.2980 - accuracy: 0.1072
1500/3000 [==============>...............] - ETA: 15s - loss: 2.2996 - accuracy: 0.1033
1750/3000 [================>.............] - ETA: 12s - loss: 2.2989 - accuracy: 0.1034
2000/3000 [===================>..........] - ETA: 10s - loss: 2.2991 - accuracy: 0.1005
2250/3000 [=====================>........] - ETA: 7s - loss: 2.2993 - accuracy: 0.0996 
2500/3000 [========================>.....] - ETA: 5s - loss: 2.2982 - accuracy: 0.1028
2750/3000 [==========================>...] - ETA: 2s - loss: 2.2990 - accuracy: 0.0989
3000/3000 [==============================] - 30s 10ms/step - loss: 2.2979 - accuracy: 0.1033 - val_loss: 2.3082 - val_accuracy: 0.1040
Epoch 2/5

 250/3000 [=>............................] - ETA: 27s - loss: 2.2976 - accuracy: 0.1160
 500/3000 [====>.........................] - ETA: 24s - loss: 2.2986 - accuracy: 0.0980
 750/3000 [======>.......................] - ETA: 22s - loss: 2.2983 - accuracy: 0.0960
1000/3000 [=========>....................] - ETA: 20s - loss: 2.2963 - accuracy: 0.1000
1250/3000 [===========>..................] - ETA: 17s - loss: 2.2970 - accuracy: 0.0960
1500/3000 [==============>...............] - ETA: 14s - loss: 2.2958 - accuracy: 0.0947
1750/3000 [================>.............] - ETA: 12s - loss: 2.2937 - accuracy: 0.1011
2000/3000 [===================>..........] - ETA: 9s - loss: 2.2932 - accuracy: 0.1030 
2250/3000 [=====================>........] - ETA: 7s - loss: 2.2929 - accuracy: 0.1036
2500/3000 [========================>.....] - ETA: 4s - loss: 2.2931 - accuracy: 0.1040
2750/3000 [==========================>...] - ETA: 2s - loss: 2.2934 - accuracy: 0.1040
3000/3000 [==============================] - 30s 10ms/step - loss: 2.2927 - accuracy: 0.1050 - val_loss: 2.3073 - val_accuracy: 0.1013
Epoch 3/5

 250/3000 [=>............................] - ETA: 28s - loss: 2.2874 - accuracy: 0.1400
 500/3000 [====>.........................] - ETA: 25s - loss: 2.2932 - accuracy: 0.1100
 750/3000 [======>.......................] - ETA: 22s - loss: 2.2924 - accuracy: 0.1053
1000/3000 [=========>....................] - ETA: 20s - loss: 2.2916 - accuracy: 0.1070
1250/3000 [===========>..................] - ETA: 17s - loss: 2.2914 - accuracy: 0.1064
1500/3000 [==============>...............] - ETA: 14s - loss: 2.2910 - accuracy: 0.1060
1750/3000 [================>.............] - ETA: 12s - loss: 2.2909 - accuracy: 0.1080
2000/3000 [===================>..........] - ETA: 10s - loss: 2.2906 - accuracy: 0.1080
2250/3000 [=====================>........] - ETA: 7s - loss: 2.2904 - accuracy: 0.1076 
2500/3000 [========================>.....] - ETA: 5s - loss: 2.2904 - accuracy: 0.1064
2750/3000 [==========================>...] - ETA: 2s - loss: 2.2888 - accuracy: 0.1095
3000/3000 [==============================] - 30s 10ms/step - loss: 2.2884 - accuracy: 0.1087 - val_loss: 2.3065 - val_accuracy: 0.0987
Epoch 4/5

 250/3000 [=>............................] - ETA: 28s - loss: 2.2811 - accuracy: 0.1160
 500/3000 [====>.........................] - ETA: 25s - loss: 2.2844 - accuracy: 0.1200
 750/3000 [======>.......................] - ETA: 22s - loss: 2.2873 - accuracy: 0.1093
1000/3000 [=========>....................] - ETA: 20s - loss: 2.2877 - accuracy: 0.1020
1250/3000 [===========>..................] - ETA: 17s - loss: 2.2883 - accuracy: 0.1032
1500/3000 [==============>...............] - ETA: 15s - loss: 2.2881 - accuracy: 0.1007
1750/3000 [================>.............] - ETA: 12s - loss: 2.2879 - accuracy: 0.1063
2000/3000 [===================>..........] - ETA: 9s - loss: 2.2867 - accuracy: 0.1115 
2250/3000 [=====================>........] - ETA: 7s - loss: 2.2862 - accuracy: 0.1107
2500/3000 [========================>.....] - ETA: 4s - loss: 2.2853 - accuracy: 0.1148
2750/3000 [==========================>...] - ETA: 2s - loss: 2.2852 - accuracy: 0.1127
3000/3000 [==============================] - 30s 10ms/step - loss: 2.2848 - accuracy: 0.1137 - val_loss: 2.3067 - val_accuracy: 0.0947
Epoch 5/5

 250/3000 [=>............................] - ETA: 27s - loss: 2.2789 - accuracy: 0.0880
 500/3000 [====>.........................] - ETA: 24s - loss: 2.2803 - accuracy: 0.0980
 750/3000 [======>.......................] - ETA: 22s - loss: 2.2779 - accuracy: 0.1187
1000/3000 [=========>....................] - ETA: 19s - loss: 2.2777 - accuracy: 0.1180
1250/3000 [===========>..................] - ETA: 17s - loss: 2.2770 - accuracy: 0.1184
1500/3000 [==============>...............] - ETA: 14s - loss: 2.2781 - accuracy: 0.1187
1750/3000 [================>.............] - ETA: 12s - loss: 2.2785 - accuracy: 0.1194
2000/3000 [===================>..........] - ETA: 9s - loss: 2.2794 - accuracy: 0.1160 
2250/3000 [=====================>........] - ETA: 7s - loss: 2.2800 - accuracy: 0.1142
2500/3000 [========================>.....] - ETA: 4s - loss: 2.2810 - accuracy: 0.1124
2750/3000 [==========================>...] - ETA: 2s - loss: 2.2819 - accuracy: 0.1124
3000/3000 [==============================] - 30s 10ms/step - loss: 2.2818 - accuracy: 0.1110 - val_loss: 2.3075 - val_accuracy: 0.0893
Latency --- 151.74433207511902 seconds ---
For delta=0.000200, the current epsilon is: 4.0044
=====================Iteration========================== 6
For delta=0.000200, the current epsilon is: 4.0044
Noise Mutiplier 1.136
in grads Tensor("loss_5/mul:0", shape=(?,), dtype=float32)
Train on 3000 samples, validate on 750 samples
Epoch 1/5

 250/3000 [=>............................] - ETA: 29s - loss: 2.3096 - accuracy: 0.1320
 500/3000 [====>.........................] - ETA: 25s - loss: 2.3120 - accuracy: 0.1260
 750/3000 [======>.......................] - ETA: 22s - loss: 2.3110 - accuracy: 0.1253
1000/3000 [=========>....................] - ETA: 20s - loss: 2.3103 - accuracy: 0.1340
1250/3000 [===========>..................] - ETA: 17s - loss: 2.3087 - accuracy: 0.1336
1500/3000 [==============>...............] - ETA: 15s - loss: 2.3076 - accuracy: 0.1313
1750/3000 [================>.............] - ETA: 12s - loss: 2.3073 - accuracy: 0.1269
2000/3000 [===================>..........] - ETA: 10s - loss: 2.3059 - accuracy: 0.1275
2250/3000 [=====================>........] - ETA: 7s - loss: 2.3066 - accuracy: 0.1271 
2500/3000 [========================>.....] - ETA: 5s - loss: 2.3064 - accuracy: 0.1236
2750/3000 [==========================>...] - ETA: 2s - loss: 2.3060 - accuracy: 0.1225
3000/3000 [==============================] - 30s 10ms/step - loss: 2.3055 - accuracy: 0.1227 - val_loss: 2.3056 - val_accuracy: 0.1013
Epoch 2/5

 250/3000 [=>............................] - ETA: 27s - loss: 2.2986 - accuracy: 0.1160
 500/3000 [====>.........................] - ETA: 24s - loss: 2.3003 - accuracy: 0.1140
 750/3000 [======>.......................] - ETA: 22s - loss: 2.2995 - accuracy: 0.1160
1000/3000 [=========>....................] - ETA: 19s - loss: 2.3014 - accuracy: 0.1170
1250/3000 [===========>..................] - ETA: 17s - loss: 2.3005 - accuracy: 0.1168
1500/3000 [==============>...............] - ETA: 14s - loss: 2.3012 - accuracy: 0.1153
1750/3000 [================>.............] - ETA: 12s - loss: 2.3006 - accuracy: 0.1131
2000/3000 [===================>..........] - ETA: 9s - loss: 2.3000 - accuracy: 0.1150 
2250/3000 [=====================>........] - ETA: 7s - loss: 2.3010 - accuracy: 0.1102
2500/3000 [========================>.....] - ETA: 5s - loss: 2.2994 - accuracy: 0.1148
2750/3000 [==========================>...] - ETA: 2s - loss: 2.2997 - accuracy: 0.1135
3000/3000 [==============================] - 30s 10ms/step - loss: 2.2996 - accuracy: 0.1103 - val_loss: 2.3038 - val_accuracy: 0.1027
Epoch 3/5

 250/3000 [=>............................] - ETA: 27s - loss: 2.2911 - accuracy: 0.1240
 500/3000 [====>.........................] - ETA: 25s - loss: 2.2933 - accuracy: 0.1140
 750/3000 [======>.......................] - ETA: 22s - loss: 2.2969 - accuracy: 0.1067
1000/3000 [=========>....................] - ETA: 20s - loss: 2.2957 - accuracy: 0.1080
1250/3000 [===========>..................] - ETA: 17s - loss: 2.2950 - accuracy: 0.1048
1500/3000 [==============>...............] - ETA: 14s - loss: 2.2950 - accuracy: 0.1060
1750/3000 [================>.............] - ETA: 12s - loss: 2.2954 - accuracy: 0.1051
2000/3000 [===================>..........] - ETA: 9s - loss: 2.2955 - accuracy: 0.1035 
2250/3000 [=====================>........] - ETA: 7s - loss: 2.2956 - accuracy: 0.1036
2500/3000 [========================>.....] - ETA: 4s - loss: 2.2950 - accuracy: 0.1068
2750/3000 [==========================>...] - ETA: 2s - loss: 2.2953 - accuracy: 0.1058
3000/3000 [==============================] - 30s 10ms/step - loss: 2.2955 - accuracy: 0.1063 - val_loss: 2.3034 - val_accuracy: 0.1040
Epoch 4/5

 250/3000 [=>............................] - ETA: 27s - loss: 2.2956 - accuracy: 0.1120
 500/3000 [====>.........................] - ETA: 25s - loss: 2.2922 - accuracy: 0.1040
 750/3000 [======>.......................] - ETA: 22s - loss: 2.2908 - accuracy: 0.1120
1000/3000 [=========>....................] - ETA: 19s - loss: 2.2914 - accuracy: 0.1090
1250/3000 [===========>..................] - ETA: 17s - loss: 2.2918 - accuracy: 0.1080
1500/3000 [==============>...............] - ETA: 14s - loss: 2.2917 - accuracy: 0.1047
1750/3000 [================>.............] - ETA: 12s - loss: 2.2909 - accuracy: 0.1086
2000/3000 [===================>..........] - ETA: 9s - loss: 2.2913 - accuracy: 0.1055 
2250/3000 [=====================>........] - ETA: 7s - loss: 2.2915 - accuracy: 0.1049
2500/3000 [========================>.....] - ETA: 5s - loss: 2.2918 - accuracy: 0.1040
2750/3000 [==========================>...] - ETA: 2s - loss: 2.2915 - accuracy: 0.1065
3000/3000 [==============================] - 30s 10ms/step - loss: 2.2916 - accuracy: 0.1040 - val_loss: 2.3031 - val_accuracy: 0.1080
Epoch 5/5

 250/3000 [=>............................] - ETA: 27s - loss: 2.2894 - accuracy: 0.1120
 500/3000 [====>.........................] - ETA: 24s - loss: 2.2903 - accuracy: 0.0980
 750/3000 [======>.......................] - ETA: 22s - loss: 2.2921 - accuracy: 0.0920
1000/3000 [=========>....................] - ETA: 19s - loss: 2.2917 - accuracy: 0.0970
1250/3000 [===========>..................] - ETA: 17s - loss: 2.2907 - accuracy: 0.1016
1500/3000 [==============>...............] - ETA: 15s - loss: 2.2908 - accuracy: 0.1013
1750/3000 [================>.............] - ETA: 12s - loss: 2.2902 - accuracy: 0.1006
2000/3000 [===================>..........] - ETA: 10s - loss: 2.2899 - accuracy: 0.0995
2250/3000 [=====================>........] - ETA: 7s - loss: 2.2891 - accuracy: 0.1036 
2500/3000 [========================>.....] - ETA: 5s - loss: 2.2878 - accuracy: 0.1084
2750/3000 [==========================>...] - ETA: 2s - loss: 2.2881 - accuracy: 0.1098
3000/3000 [==============================] - 30s 10ms/step - loss: 2.2878 - accuracy: 0.1093 - val_loss: 2.3029 - val_accuracy: 0.0987
Latency --- 152.0622534751892 seconds ---
For delta=0.000200, the current epsilon is: 4.0044
=====================Iteration========================== 7
For delta=0.000200, the current epsilon is: 4.0044
Noise Mutiplier 1.136
in grads Tensor("loss_6/mul:0", shape=(?,), dtype=float32)
Train on 3000 samples, validate on 750 samples
Epoch 1/5

 250/3000 [=>............................] - ETA: 28s - loss: 2.3017 - accuracy: 0.0960
 500/3000 [====>.........................] - ETA: 25s - loss: 2.3023 - accuracy: 0.1040
 750/3000 [======>.......................] - ETA: 22s - loss: 2.3044 - accuracy: 0.1013
1000/3000 [=========>....................] - ETA: 20s - loss: 2.3043 - accuracy: 0.1000
1250/3000 [===========>..................] - ETA: 17s - loss: 2.3040 - accuracy: 0.1040
1500/3000 [==============>...............] - ETA: 15s - loss: 2.3034 - accuracy: 0.1033
1750/3000 [================>.............] - ETA: 12s - loss: 2.3029 - accuracy: 0.0994
2000/3000 [===================>..........] - ETA: 10s - loss: 2.3031 - accuracy: 0.0995
2250/3000 [=====================>........] - ETA: 7s - loss: 2.3026 - accuracy: 0.1009 
2500/3000 [========================>.....] - ETA: 5s - loss: 2.3028 - accuracy: 0.1008
2750/3000 [==========================>...] - ETA: 2s - loss: 2.3028 - accuracy: 0.1040
3000/3000 [==============================] - 30s 10ms/step - loss: 2.3032 - accuracy: 0.1033 - val_loss: 2.3028 - val_accuracy: 0.1000
Epoch 2/5

 250/3000 [=>............................] - ETA: 27s - loss: 2.3111 - accuracy: 0.0840
 500/3000 [====>.........................] - ETA: 24s - loss: 2.3054 - accuracy: 0.0940
 750/3000 [======>.......................] - ETA: 22s - loss: 2.3048 - accuracy: 0.0987
1000/3000 [=========>....................] - ETA: 19s - loss: 2.3028 - accuracy: 0.1030
1250/3000 [===========>..................] - ETA: 17s - loss: 2.3017 - accuracy: 0.1088
1500/3000 [==============>...............] - ETA: 14s - loss: 2.3015 - accuracy: 0.1113
1750/3000 [================>.............] - ETA: 12s - loss: 2.3008 - accuracy: 0.1131
2000/3000 [===================>..........] - ETA: 9s - loss: 2.3005 - accuracy: 0.1145 
2250/3000 [=====================>........] - ETA: 7s - loss: 2.3008 - accuracy: 0.1129
2500/3000 [========================>.....] - ETA: 4s - loss: 2.3005 - accuracy: 0.1144
2750/3000 [==========================>...] - ETA: 2s - loss: 2.3006 - accuracy: 0.1156
3000/3000 [==============================] - 30s 10ms/step - loss: 2.3003 - accuracy: 0.1170 - val_loss: 2.3028 - val_accuracy: 0.1000
Epoch 3/5

 250/3000 [=>............................] - ETA: 27s - loss: 2.2961 - accuracy: 0.1560
 500/3000 [====>.........................] - ETA: 24s - loss: 2.2984 - accuracy: 0.1220
 750/3000 [======>.......................] - ETA: 22s - loss: 2.2989 - accuracy: 0.1253
1000/3000 [=========>....................] - ETA: 19s - loss: 2.2995 - accuracy: 0.1200
1250/3000 [===========>..................] - ETA: 17s - loss: 2.2995 - accuracy: 0.1168
1500/3000 [==============>...............] - ETA: 14s - loss: 2.2988 - accuracy: 0.1233
1750/3000 [================>.............] - ETA: 12s - loss: 2.2981 - accuracy: 0.1234
2000/3000 [===================>..........] - ETA: 9s - loss: 2.2986 - accuracy: 0.1230 
2250/3000 [=====================>........] - ETA: 7s - loss: 2.2983 - accuracy: 0.1244
2500/3000 [========================>.....] - ETA: 4s - loss: 2.2983 - accuracy: 0.1224
2750/3000 [==========================>...] - ETA: 2s - loss: 2.2977 - accuracy: 0.1218
3000/3000 [==============================] - 30s 10ms/step - loss: 2.2975 - accuracy: 0.1207 - val_loss: 2.3032 - val_accuracy: 0.1013
Epoch 4/5

 250/3000 [=>............................] - ETA: 27s - loss: 2.3001 - accuracy: 0.1160
 500/3000 [====>.........................] - ETA: 24s - loss: 2.2987 - accuracy: 0.1300
 750/3000 [======>.......................] - ETA: 22s - loss: 2.2990 - accuracy: 0.1293
1000/3000 [=========>....................] - ETA: 19s - loss: 2.2976 - accuracy: 0.1260
1250/3000 [===========>..................] - ETA: 17s - loss: 2.2962 - accuracy: 0.1296
1500/3000 [==============>...............] - ETA: 14s - loss: 2.2963 - accuracy: 0.1273
1750/3000 [================>.............] - ETA: 12s - loss: 2.2961 - accuracy: 0.1280
2000/3000 [===================>..........] - ETA: 9s - loss: 2.2957 - accuracy: 0.1295 
2250/3000 [=====================>........] - ETA: 7s - loss: 2.2952 - accuracy: 0.1369
2500/3000 [========================>.....] - ETA: 5s - loss: 2.2949 - accuracy: 0.1380
2750/3000 [==========================>...] - ETA: 2s - loss: 2.2948 - accuracy: 0.1364
3000/3000 [==============================] - 30s 10ms/step - loss: 2.2950 - accuracy: 0.1360 - val_loss: 2.3033 - val_accuracy: 0.1000
Epoch 5/5

 250/3000 [=>............................] - ETA: 28s - loss: 2.2911 - accuracy: 0.1200
 500/3000 [====>.........................] - ETA: 25s - loss: 2.2912 - accuracy: 0.1380
 750/3000 [======>.......................] - ETA: 22s - loss: 2.2920 - accuracy: 0.1413
1000/3000 [=========>....................] - ETA: 19s - loss: 2.2922 - accuracy: 0.1390
1250/3000 [===========>..................] - ETA: 17s - loss: 2.2917 - accuracy: 0.1432
1500/3000 [==============>...............] - ETA: 14s - loss: 2.2918 - accuracy: 0.1453
1750/3000 [================>.............] - ETA: 12s - loss: 2.2923 - accuracy: 0.1463
2000/3000 [===================>..........] - ETA: 9s - loss: 2.2926 - accuracy: 0.1450 
2250/3000 [=====================>........] - ETA: 7s - loss: 2.2920 - accuracy: 0.1462
2500/3000 [========================>.....] - ETA: 4s - loss: 2.2921 - accuracy: 0.1468
2750/3000 [==========================>...] - ETA: 2s - loss: 2.2919 - accuracy: 0.1473
3000/3000 [==============================] - 30s 10ms/step - loss: 2.2924 - accuracy: 0.1440 - val_loss: 2.3027 - val_accuracy: 0.1013
Latency --- 151.8682255744934 seconds ---
For delta=0.000200, the current epsilon is: 4.0044
=====================Iteration========================== 8
For delta=0.000200, the current epsilon is: 4.0044
Noise Mutiplier 1.136
in grads Tensor("loss_7/mul:0", shape=(?,), dtype=float32)
Train on 3000 samples, validate on 750 samples
Epoch 1/5

 250/3000 [=>............................] - ETA: 29s - loss: 2.3078 - accuracy: 0.0960
 500/3000 [====>.........................] - ETA: 26s - loss: 2.3087 - accuracy: 0.0920
 750/3000 [======>.......................] - ETA: 23s - loss: 2.3124 - accuracy: 0.0987
1000/3000 [=========>....................] - ETA: 20s - loss: 2.3116 - accuracy: 0.1050
1250/3000 [===========>..................] - ETA: 18s - loss: 2.3122 - accuracy: 0.0992
1500/3000 [==============>...............] - ETA: 15s - loss: 2.3123 - accuracy: 0.0953
1750/3000 [================>.............] - ETA: 12s - loss: 2.3109 - accuracy: 0.0977
2000/3000 [===================>..........] - ETA: 10s - loss: 2.3115 - accuracy: 0.0965
2250/3000 [=====================>........] - ETA: 7s - loss: 2.3114 - accuracy: 0.0982 
2500/3000 [========================>.....] - ETA: 5s - loss: 2.3114 - accuracy: 0.0976
2750/3000 [==========================>...] - ETA: 2s - loss: 2.3112 - accuracy: 0.0985
3000/3000 [==============================] - 31s 10ms/step - loss: 2.3108 - accuracy: 0.0973 - val_loss: 2.3077 - val_accuracy: 0.0827
Epoch 2/5

 250/3000 [=>............................] - ETA: 27s - loss: 2.3090 - accuracy: 0.0960
 500/3000 [====>.........................] - ETA: 25s - loss: 2.3097 - accuracy: 0.1000
 750/3000 [======>.......................] - ETA: 22s - loss: 2.3072 - accuracy: 0.1080
1000/3000 [=========>....................] - ETA: 20s - loss: 2.3078 - accuracy: 0.1060
1250/3000 [===========>..................] - ETA: 17s - loss: 2.3058 - accuracy: 0.1120
1500/3000 [==============>...............] - ETA: 15s - loss: 2.3062 - accuracy: 0.1113
1750/3000 [================>.............] - ETA: 12s - loss: 2.3065 - accuracy: 0.1080
2000/3000 [===================>..........] - ETA: 10s - loss: 2.3059 - accuracy: 0.1105
2250/3000 [=====================>........] - ETA: 7s - loss: 2.3053 - accuracy: 0.1116 
2500/3000 [========================>.....] - ETA: 5s - loss: 2.3048 - accuracy: 0.1124
2750/3000 [==========================>...] - ETA: 2s - loss: 2.3047 - accuracy: 0.1105
3000/3000 [==============================] - 31s 10ms/step - loss: 2.3044 - accuracy: 0.1140 - val_loss: 2.3056 - val_accuracy: 0.0760
Epoch 3/5

 250/3000 [=>............................] - ETA: 27s - loss: 2.3016 - accuracy: 0.1200
 500/3000 [====>.........................] - ETA: 25s - loss: 2.3012 - accuracy: 0.1060
 750/3000 [======>.......................] - ETA: 22s - loss: 2.3031 - accuracy: 0.0987
1000/3000 [=========>....................] - ETA: 20s - loss: 2.3021 - accuracy: 0.1130
1250/3000 [===========>..................] - ETA: 17s - loss: 2.3024 - accuracy: 0.1080
1500/3000 [==============>...............] - ETA: 15s - loss: 2.3017 - accuracy: 0.1120
1750/3000 [================>.............] - ETA: 12s - loss: 2.3006 - accuracy: 0.1109
2000/3000 [===================>..........] - ETA: 10s - loss: 2.3002 - accuracy: 0.1125
2250/3000 [=====================>........] - ETA: 7s - loss: 2.3002 - accuracy: 0.1129 
2500/3000 [========================>.....] - ETA: 5s - loss: 2.2998 - accuracy: 0.1184
2750/3000 [==========================>...] - ETA: 2s - loss: 2.3004 - accuracy: 0.1160
3000/3000 [==============================] - 30s 10ms/step - loss: 2.3006 - accuracy: 0.1157 - val_loss: 2.3046 - val_accuracy: 0.1040
Epoch 4/5

 250/3000 [=>............................] - ETA: 27s - loss: 2.3006 - accuracy: 0.0840
 500/3000 [====>.........................] - ETA: 25s - loss: 2.3015 - accuracy: 0.0980
 750/3000 [======>.......................] - ETA: 22s - loss: 2.3016 - accuracy: 0.1040
1000/3000 [=========>....................] - ETA: 20s - loss: 2.3007 - accuracy: 0.1100
1250/3000 [===========>..................] - ETA: 17s - loss: 2.2997 - accuracy: 0.1200
1500/3000 [==============>...............] - ETA: 15s - loss: 2.2996 - accuracy: 0.1187
1750/3000 [================>.............] - ETA: 12s - loss: 2.2987 - accuracy: 0.1217
2000/3000 [===================>..........] - ETA: 10s - loss: 2.2987 - accuracy: 0.1180
2250/3000 [=====================>........] - ETA: 7s - loss: 2.2985 - accuracy: 0.1187 
2500/3000 [========================>.....] - ETA: 5s - loss: 2.2982 - accuracy: 0.1204
2750/3000 [==========================>...] - ETA: 2s - loss: 2.2979 - accuracy: 0.1222
3000/3000 [==============================] - 30s 10ms/step - loss: 2.2976 - accuracy: 0.1230 - val_loss: 2.3031 - val_accuracy: 0.1027
Epoch 5/5

 250/3000 [=>............................] - ETA: 27s - loss: 2.2979 - accuracy: 0.1200
 500/3000 [====>.........................] - ETA: 25s - loss: 2.2950 - accuracy: 0.1240
 750/3000 [======>.......................] - ETA: 22s - loss: 2.2972 - accuracy: 0.1173
1000/3000 [=========>....................] - ETA: 19s - loss: 2.2968 - accuracy: 0.1180
1250/3000 [===========>..................] - ETA: 17s - loss: 2.2962 - accuracy: 0.1224
1500/3000 [==============>...............] - ETA: 15s - loss: 2.2949 - accuracy: 0.1280
1750/3000 [================>.............] - ETA: 12s - loss: 2.2949 - accuracy: 0.1274
2000/3000 [===================>..........] - ETA: 10s - loss: 2.2949 - accuracy: 0.1260
2250/3000 [=====================>........] - ETA: 7s - loss: 2.2950 - accuracy: 0.1258 
2500/3000 [========================>.....] - ETA: 5s - loss: 2.2948 - accuracy: 0.1272
2750/3000 [==========================>...] - ETA: 2s - loss: 2.2951 - accuracy: 0.1258
3000/3000 [==============================] - 30s 10ms/step - loss: 2.2947 - accuracy: 0.1283 - val_loss: 2.3029 - val_accuracy: 0.1013
Latency --- 153.2116711139679 seconds ---
For delta=0.000200, the current epsilon is: 4.0044
=====================Iteration========================== 9
For delta=0.000200, the current epsilon is: 4.0044
Noise Mutiplier 1.136
in grads Tensor("loss_8/mul:0", shape=(?,), dtype=float32)
Train on 3000 samples, validate on 750 samples
Epoch 1/5

 250/3000 [=>............................] - ETA: 28s - loss: 2.3086 - accuracy: 0.1160
 500/3000 [====>.........................] - ETA: 25s - loss: 2.3098 - accuracy: 0.1060
 750/3000 [======>.......................] - ETA: 22s - loss: 2.3086 - accuracy: 0.1013
1000/3000 [=========>....................] - ETA: 20s - loss: 2.3090 - accuracy: 0.1000
1250/3000 [===========>..................] - ETA: 17s - loss: 2.3082 - accuracy: 0.1072
1500/3000 [==============>...............] - ETA: 15s - loss: 2.3085 - accuracy: 0.1013
1750/3000 [================>.............] - ETA: 12s - loss: 2.3088 - accuracy: 0.1000
2000/3000 [===================>..........] - ETA: 9s - loss: 2.3079 - accuracy: 0.1035 
2250/3000 [=====================>........] - ETA: 7s - loss: 2.3079 - accuracy: 0.1031
2500/3000 [========================>.....] - ETA: 5s - loss: 2.3080 - accuracy: 0.1040
2750/3000 [==========================>...] - ETA: 2s - loss: 2.3072 - accuracy: 0.1062
3000/3000 [==============================] - 30s 10ms/step - loss: 2.3074 - accuracy: 0.1083 - val_loss: 2.3041 - val_accuracy: 0.0987
Epoch 2/5

 250/3000 [=>............................] - ETA: 27s - loss: 2.3089 - accuracy: 0.1080
 500/3000 [====>.........................] - ETA: 25s - loss: 2.3073 - accuracy: 0.1140
 750/3000 [======>.......................] - ETA: 22s - loss: 2.3073 - accuracy: 0.1067
1000/3000 [=========>....................] - ETA: 19s - loss: 2.3066 - accuracy: 0.1000
1250/3000 [===========>..................] - ETA: 17s - loss: 2.3058 - accuracy: 0.1056
1500/3000 [==============>...............] - ETA: 14s - loss: 2.3045 - accuracy: 0.1113
1750/3000 [================>.............] - ETA: 12s - loss: 2.3042 - accuracy: 0.1126
2000/3000 [===================>..........] - ETA: 9s - loss: 2.3041 - accuracy: 0.1100 
2250/3000 [=====================>........] - ETA: 7s - loss: 2.3037 - accuracy: 0.1120
2500/3000 [========================>.....] - ETA: 4s - loss: 2.3035 - accuracy: 0.1124
2750/3000 [==========================>...] - ETA: 2s - loss: 2.3035 - accuracy: 0.1153
3000/3000 [==============================] - 30s 10ms/step - loss: 2.3039 - accuracy: 0.1140 - val_loss: 2.3038 - val_accuracy: 0.0973
Epoch 3/5

 250/3000 [=>............................] - ETA: 26s - loss: 2.3032 - accuracy: 0.1160
 500/3000 [====>.........................] - ETA: 24s - loss: 2.3045 - accuracy: 0.1220
 750/3000 [======>.......................] - ETA: 22s - loss: 2.3042 - accuracy: 0.1213
1000/3000 [=========>....................] - ETA: 19s - loss: 2.3028 - accuracy: 0.1170
1250/3000 [===========>..................] - ETA: 17s - loss: 2.3025 - accuracy: 0.1192
1500/3000 [==============>...............] - ETA: 14s - loss: 2.3021 - accuracy: 0.1167
1750/3000 [================>.............] - ETA: 12s - loss: 2.3021 - accuracy: 0.1154
2000/3000 [===================>..........] - ETA: 9s - loss: 2.3018 - accuracy: 0.1145 
2250/3000 [=====================>........] - ETA: 7s - loss: 2.3015 - accuracy: 0.1160
2500/3000 [========================>.....] - ETA: 4s - loss: 2.3012 - accuracy: 0.1176
2750/3000 [==========================>...] - ETA: 2s - loss: 2.3010 - accuracy: 0.1182
3000/3000 [==============================] - 30s 10ms/step - loss: 2.3012 - accuracy: 0.1167 - val_loss: 2.3036 - val_accuracy: 0.0920
Epoch 4/5

 250/3000 [=>............................] - ETA: 27s - loss: 2.2981 - accuracy: 0.1080
 500/3000 [====>.........................] - ETA: 24s - loss: 2.2983 - accuracy: 0.1000
 750/3000 [======>.......................] - ETA: 22s - loss: 2.3007 - accuracy: 0.0973
1000/3000 [=========>....................] - ETA: 19s - loss: 2.3014 - accuracy: 0.0960
1250/3000 [===========>..................] - ETA: 17s - loss: 2.3001 - accuracy: 0.1048
1500/3000 [==============>...............] - ETA: 14s - loss: 2.3007 - accuracy: 0.1027
1750/3000 [================>.............] - ETA: 12s - loss: 2.3004 - accuracy: 0.1046
2000/3000 [===================>..........] - ETA: 9s - loss: 2.2997 - accuracy: 0.1100 
2250/3000 [=====================>........] - ETA: 7s - loss: 2.2997 - accuracy: 0.1093
2500/3000 [========================>.....] - ETA: 4s - loss: 2.2990 - accuracy: 0.1144
2750/3000 [==========================>...] - ETA: 2s - loss: 2.2989 - accuracy: 0.1167
3000/3000 [==============================] - 30s 10ms/step - loss: 2.2988 - accuracy: 0.1167 - val_loss: 2.3032 - val_accuracy: 0.0933
Epoch 5/5

 250/3000 [=>............................] - ETA: 29s - loss: 2.3001 - accuracy: 0.1160
 500/3000 [====>.........................] - ETA: 25s - loss: 2.2987 - accuracy: 0.1300
 750/3000 [======>.......................] - ETA: 22s - loss: 2.2983 - accuracy: 0.1267
1000/3000 [=========>....................] - ETA: 20s - loss: 2.2983 - accuracy: 0.1200
1250/3000 [===========>..................] - ETA: 17s - loss: 2.2962 - accuracy: 0.1208
1500/3000 [==============>...............] - ETA: 15s - loss: 2.2960 - accuracy: 0.1253
1750/3000 [================>.............] - ETA: 12s - loss: 2.2969 - accuracy: 0.1229
2000/3000 [===================>..........] - ETA: 9s - loss: 2.2961 - accuracy: 0.1260 
2250/3000 [=====================>........] - ETA: 7s - loss: 2.2964 - accuracy: 0.1249
2500/3000 [========================>.....] - ETA: 4s - loss: 2.2965 - accuracy: 0.1220
2750/3000 [==========================>...] - ETA: 2s - loss: 2.2968 - accuracy: 0.1182
3000/3000 [==============================] - 30s 10ms/step - loss: 2.2968 - accuracy: 0.1167 - val_loss: 2.3035 - val_accuracy: 0.0920
Latency --- 151.45503973960876 seconds ---
For delta=0.000200, the current epsilon is: 4.0044
=====================Iteration========================== 10
For delta=0.000200, the current epsilon is: 4.0044
Noise Mutiplier 1.136
in grads Tensor("loss_9/mul:0", shape=(?,), dtype=float32)
Train on 3000 samples, validate on 750 samples
Epoch 1/5

 250/3000 [=>............................] - ETA: 30s - loss: 2.3056 - accuracy: 0.1240
 500/3000 [====>.........................] - ETA: 26s - loss: 2.3075 - accuracy: 0.1040
 750/3000 [======>.......................] - ETA: 23s - loss: 2.3108 - accuracy: 0.0947
1000/3000 [=========>....................] - ETA: 20s - loss: 2.3107 - accuracy: 0.0920
1250/3000 [===========>..................] - ETA: 18s - loss: 2.3099 - accuracy: 0.0920
1500/3000 [==============>...............] - ETA: 15s - loss: 2.3095 - accuracy: 0.0927
1750/3000 [================>.............] - ETA: 12s - loss: 2.3122 - accuracy: 0.0857
2000/3000 [===================>..........] - ETA: 10s - loss: 2.3111 - accuracy: 0.0875
2250/3000 [=====================>........] - ETA: 7s - loss: 2.3099 - accuracy: 0.0898 
2500/3000 [========================>.....] - ETA: 5s - loss: 2.3094 - accuracy: 0.0896
2750/3000 [==========================>...] - ETA: 2s - loss: 2.3083 - accuracy: 0.0891
3000/3000 [==============================] - 31s 10ms/step - loss: 2.3086 - accuracy: 0.0873 - val_loss: 2.2994 - val_accuracy: 0.0987
Epoch 2/5

 250/3000 [=>............................] - ETA: 28s - loss: 2.3008 - accuracy: 0.1040
 500/3000 [====>.........................] - ETA: 25s - loss: 2.3065 - accuracy: 0.0980
 750/3000 [======>.......................] - ETA: 22s - loss: 2.3034 - accuracy: 0.1067
1000/3000 [=========>....................] - ETA: 20s - loss: 2.3034 - accuracy: 0.1070
1250/3000 [===========>..................] - ETA: 17s - loss: 2.3026 - accuracy: 0.1096
1500/3000 [==============>...............] - ETA: 15s - loss: 2.3027 - accuracy: 0.1073
1750/3000 [================>.............] - ETA: 12s - loss: 2.3019 - accuracy: 0.1131
2000/3000 [===================>..........] - ETA: 10s - loss: 2.3018 - accuracy: 0.1140
2250/3000 [=====================>........] - ETA: 7s - loss: 2.3008 - accuracy: 0.1182 
2500/3000 [========================>.....] - ETA: 5s - loss: 2.3003 - accuracy: 0.1148
2750/3000 [==========================>...] - ETA: 2s - loss: 2.3001 - accuracy: 0.1131
3000/3000 [==============================] - 30s 10ms/step - loss: 2.3007 - accuracy: 0.1100 - val_loss: 2.2999 - val_accuracy: 0.1040
Epoch 3/5

 250/3000 [=>............................] - ETA: 27s - loss: 2.2969 - accuracy: 0.1240
 500/3000 [====>.........................] - ETA: 25s - loss: 2.2967 - accuracy: 0.1240
 750/3000 [======>.......................] - ETA: 22s - loss: 2.2964 - accuracy: 0.1280
1000/3000 [=========>....................] - ETA: 20s - loss: 2.2990 - accuracy: 0.1220
1250/3000 [===========>..................] - ETA: 17s - loss: 2.2984 - accuracy: 0.1232
1500/3000 [==============>...............] - ETA: 15s - loss: 2.2983 - accuracy: 0.1220
1750/3000 [================>.............] - ETA: 12s - loss: 2.2986 - accuracy: 0.1206
2000/3000 [===================>..........] - ETA: 10s - loss: 2.2974 - accuracy: 0.1240
2250/3000 [=====================>........] - ETA: 7s - loss: 2.2970 - accuracy: 0.1284 
2500/3000 [========================>.....] - ETA: 5s - loss: 2.2965 - accuracy: 0.1264
2750/3000 [==========================>...] - ETA: 2s - loss: 2.2964 - accuracy: 0.1247
3000/3000 [==============================] - 30s 10ms/step - loss: 2.2963 - accuracy: 0.1243 - val_loss: 2.3017 - val_accuracy: 0.0987
Epoch 4/5

 250/3000 [=>............................] - ETA: 27s - loss: 2.2876 - accuracy: 0.1400
 500/3000 [====>.........................] - ETA: 24s - loss: 2.2909 - accuracy: 0.1320
 750/3000 [======>.......................] - ETA: 22s - loss: 2.2926 - accuracy: 0.1213
1000/3000 [=========>....................] - ETA: 19s - loss: 2.2935 - accuracy: 0.1200
1250/3000 [===========>..................] - ETA: 17s - loss: 2.2934 - accuracy: 0.1256
1500/3000 [==============>...............] - ETA: 15s - loss: 2.2923 - accuracy: 0.1293
1750/3000 [================>.............] - ETA: 12s - loss: 2.2931 - accuracy: 0.1269
2000/3000 [===================>..........] - ETA: 10s - loss: 2.2924 - accuracy: 0.1270
2250/3000 [=====================>........] - ETA: 7s - loss: 2.2930 - accuracy: 0.1262 
2500/3000 [========================>.....] - ETA: 5s - loss: 2.2930 - accuracy: 0.1228
2750/3000 [==========================>...] - ETA: 2s - loss: 2.2934 - accuracy: 0.1215
3000/3000 [==============================] - 30s 10ms/step - loss: 2.2929 - accuracy: 0.1220 - val_loss: 2.3031 - val_accuracy: 0.1053
Epoch 5/5

 250/3000 [=>............................] - ETA: 27s - loss: 2.2924 - accuracy: 0.1200
 500/3000 [====>.........................] - ETA: 25s - loss: 2.2949 - accuracy: 0.1200
 750/3000 [======>.......................] - ETA: 22s - loss: 2.2923 - accuracy: 0.1240
1000/3000 [=========>....................] - ETA: 20s - loss: 2.2926 - accuracy: 0.1260
1250/3000 [===========>..................] - ETA: 17s - loss: 2.2914 - accuracy: 0.1232
1500/3000 [==============>...............] - ETA: 15s - loss: 2.2922 - accuracy: 0.1180
1750/3000 [================>.............] - ETA: 12s - loss: 2.2922 - accuracy: 0.1177
2000/3000 [===================>..........] - ETA: 10s - loss: 2.2906 - accuracy: 0.1175
2250/3000 [=====================>........] - ETA: 7s - loss: 2.2905 - accuracy: 0.1142 
2500/3000 [========================>.....] - ETA: 5s - loss: 2.2898 - accuracy: 0.1140
2750/3000 [==========================>...] - ETA: 2s - loss: 2.2896 - accuracy: 0.1156
3000/3000 [==============================] - 30s 10ms/step - loss: 2.2898 - accuracy: 0.1153 - val_loss: 2.3036 - val_accuracy: 0.0947
Latency --- 153.4018895626068 seconds ---
For delta=0.000200, the current epsilon is: 4.0044
