
=====================ITERATION 1==========================
We are using Tensorflow version 1.15.2
Keras API version: 2.3.1
Noise Mutiplier 1.136

# Evaluate on test data

 250/3000 [=>............................] - ETA: 0s
 500/3000 [====>.........................] - ETA: 0s
 750/3000 [======>.......................] - ETA: 0s
1000/3000 [=========>....................] - ETA: 0s
1250/3000 [===========>..................] - ETA: 0s
1750/3000 [================>.............] - ETA: 0s
2000/3000 [===================>..........] - ETA: 0s
2250/3000 [=====================>........] - ETA: 0s
2500/3000 [========================>.....] - ETA: 0s
3000/3000 [==============================] - 1s 218us/step
Accuracy: 9.233333170413971
Latency --- 0.719271183013916 seconds ---
Trained with DP
=====================ITERATION 2==========================
We are using Tensorflow version 1.15.2
Keras API version: 2.3.1
Noise Mutiplier 1.136

# Evaluate on test data

 250/3000 [=>............................] - ETA: 0s
 500/3000 [====>.........................] - ETA: 0s
 750/3000 [======>.......................] - ETA: 0s
1000/3000 [=========>....................] - ETA: 0s
1500/3000 [==============>...............] - ETA: 0s
1750/3000 [================>.............] - ETA: 0s
2000/3000 [===================>..........] - ETA: 0s
2250/3000 [=====================>........] - ETA: 0s
2750/3000 [==========================>...] - ETA: 0s
3000/3000 [==============================] - 1s 221us/step
Accuracy: 9.233333170413971
Latency --- 0.722001314163208 seconds ---
Trained with DP
=====================ITERATION 3==========================
We are using Tensorflow version 1.15.2
Keras API version: 2.3.1
Noise Mutiplier 1.136

# Evaluate on test data

 250/3000 [=>............................] - ETA: 0s
 500/3000 [====>.........................] - ETA: 0s
 750/3000 [======>.......................] - ETA: 0s
1000/3000 [=========>....................] - ETA: 0s
1250/3000 [===========>..................] - ETA: 0s
1500/3000 [==============>...............] - ETA: 0s
1750/3000 [================>.............] - ETA: 0s
2000/3000 [===================>..........] - ETA: 0s
2250/3000 [=====================>........] - ETA: 0s
2750/3000 [==========================>...] - ETA: 0s
3000/3000 [==============================] - 1s 225us/step
Accuracy: 9.233333170413971
Latency --- 0.7365241050720215 seconds ---
Trained with DP
=====================ITERATION 4==========================
We are using Tensorflow version 1.15.2
Keras API version: 2.3.1
Noise Mutiplier 1.136

# Evaluate on test data

 250/3000 [=>............................] - ETA: 0s
 500/3000 [====>.........................] - ETA: 0s
 750/3000 [======>.......................] - ETA: 0s
1000/3000 [=========>....................] - ETA: 0s
1500/3000 [==============>...............] - ETA: 0s
1750/3000 [================>.............] - ETA: 0s
2000/3000 [===================>..........] - ETA: 0s
2250/3000 [=====================>........] - ETA: 0s
2500/3000 [========================>.....] - ETA: 0s
2750/3000 [==========================>...] - ETA: 0s
3000/3000 [==============================] - 1s 224us/step
Accuracy: 9.233333170413971
Latency --- 0.7340438365936279 seconds ---
Trained with DP
=====================ITERATION 5==========================
We are using Tensorflow version 1.15.2
Keras API version: 2.3.1
Noise Mutiplier 1.136

# Evaluate on test data

 250/3000 [=>............................] - ETA: 0s
 500/3000 [====>.........................] - ETA: 0s
 750/3000 [======>.......................] - ETA: 0s
1000/3000 [=========>....................] - ETA: 0s
1250/3000 [===========>..................] - ETA: 0s
1500/3000 [==============>...............] - ETA: 0s
1750/3000 [================>.............] - ETA: 0s
2000/3000 [===================>..........] - ETA: 0s
2250/3000 [=====================>........] - ETA: 0s
2750/3000 [==========================>...] - ETA: 0s
3000/3000 [==============================] - 1s 224us/step
Accuracy: 9.233333170413971
Latency --- 0.7349016666412354 seconds ---
Trained with DP
=====================ITERATION 6==========================
We are using Tensorflow version 1.15.2
Keras API version: 2.3.1
Noise Mutiplier 1.136

# Evaluate on test data

 250/3000 [=>............................] - ETA: 0s
 500/3000 [====>.........................] - ETA: 0s
 750/3000 [======>.......................] - ETA: 0s
1000/3000 [=========>....................] - ETA: 0s
1500/3000 [==============>...............] - ETA: 0s
1750/3000 [================>.............] - ETA: 0s
2000/3000 [===================>..........] - ETA: 0s
2250/3000 [=====================>........] - ETA: 0s
2500/3000 [========================>.....] - ETA: 0s
2750/3000 [==========================>...] - ETA: 0s
3000/3000 [==============================] - 1s 225us/step
Accuracy: 9.233333170413971
Latency --- 0.7386159896850586 seconds ---
Trained with DP
=====================ITERATION 7==========================
We are using Tensorflow version 1.15.2
Keras API version: 2.3.1
Noise Mutiplier 1.136

# Evaluate on test data

 250/3000 [=>............................] - ETA: 0s
 500/3000 [====>.........................] - ETA: 0s
 750/3000 [======>.......................] - ETA: 0s
1000/3000 [=========>....................] - ETA: 0s
1250/3000 [===========>..................] - ETA: 0s
1500/3000 [==============>...............] - ETA: 0s
1750/3000 [================>.............] - ETA: 0s
2000/3000 [===================>..........] - ETA: 0s
2250/3000 [=====================>........] - ETA: 0s
2500/3000 [========================>.....] - ETA: 0s
2750/3000 [==========================>...] - ETA: 0s
3000/3000 [==============================] - 1s 227us/step
Accuracy: 9.233333170413971
Latency --- 0.7437951564788818 seconds ---
Trained with DP
=====================ITERATION 8==========================
We are using Tensorflow version 1.15.2
Keras API version: 2.3.1
Noise Mutiplier 1.136

# Evaluate on test data

 250/3000 [=>............................] - ETA: 0s
 500/3000 [====>.........................] - ETA: 0s
 750/3000 [======>.......................] - ETA: 0s
1000/3000 [=========>....................] - ETA: 0s
1250/3000 [===========>..................] - ETA: 0s
1500/3000 [==============>...............] - ETA: 0s
1750/3000 [================>.............] - ETA: 0s
2000/3000 [===================>..........] - ETA: 0s
2250/3000 [=====================>........] - ETA: 0s
2750/3000 [==========================>...] - ETA: 0s
3000/3000 [==============================] - 1s 225us/step
Accuracy: 9.233333170413971
Latency --- 0.7364745140075684 seconds ---
Trained with DP
=====================ITERATION 9==========================
We are using Tensorflow version 1.15.2
Keras API version: 2.3.1
Noise Mutiplier 1.136

# Evaluate on test data

 250/3000 [=>............................] - ETA: 0s
 500/3000 [====>.........................] - ETA: 0s
 750/3000 [======>.......................] - ETA: 0s
1000/3000 [=========>....................] - ETA: 0s
1250/3000 [===========>..................] - ETA: 0s
1500/3000 [==============>...............] - ETA: 0s
1750/3000 [================>.............] - ETA: 0s
2000/3000 [===================>..........] - ETA: 0s
2250/3000 [=====================>........] - ETA: 0s
2500/3000 [========================>.....] - ETA: 0s
2750/3000 [==========================>...] - ETA: 0s
3000/3000 [==============================] - 1s 228us/step
Accuracy: 9.233333170413971
Latency --- 0.7475237846374512 seconds ---
Trained with DP
=====================ITERATION 10==========================
We are using Tensorflow version 1.15.2
Keras API version: 2.3.1
Noise Mutiplier 1.136

# Evaluate on test data

 250/3000 [=>............................] - ETA: 0s
 500/3000 [====>.........................] - ETA: 0s
 750/3000 [======>.......................] - ETA: 0s
1000/3000 [=========>....................] - ETA: 0s
1500/3000 [==============>...............] - ETA: 0s
1750/3000 [================>.............] - ETA: 0s
2000/3000 [===================>..........] - ETA: 0s
2250/3000 [=====================>........] - ETA: 0s
2750/3000 [==========================>...] - ETA: 0s
3000/3000 [==============================] - 1s 222us/step
Accuracy: 9.233333170413971
Latency --- 0.7286560535430908 seconds ---
Trained with DP
