We are using Tensorflow version 1.15.2
Keras API version: 2.3.1
=====================Iteration========================== 1
For delta=0.000200, the current epsilon is: 1.0075
Noise Mutiplier 3.03
in grads Tensor("loss/mul:0", shape=(?,), dtype=float32)
Train on 3000 samples, validate on 750 samples
Epoch 1/5

 250/3000 [=>............................] - ETA: 29s - loss: 2.3032 - accuracy: 0.0960
 500/3000 [====>.........................] - ETA: 25s - loss: 2.3050 - accuracy: 0.0860
 750/3000 [======>.......................] - ETA: 22s - loss: 2.3045 - accuracy: 0.1027
1000/3000 [=========>....................] - ETA: 20s - loss: 2.3052 - accuracy: 0.1060
1250/3000 [===========>..................] - ETA: 17s - loss: 2.3062 - accuracy: 0.1024
1500/3000 [==============>...............] - ETA: 15s - loss: 2.3070 - accuracy: 0.1013
1750/3000 [================>.............] - ETA: 12s - loss: 2.3072 - accuracy: 0.1046
2000/3000 [===================>..........] - ETA: 10s - loss: 2.3060 - accuracy: 0.1090
2250/3000 [=====================>........] - ETA: 7s - loss: 2.3055 - accuracy: 0.1107 
2500/3000 [========================>.....] - ETA: 5s - loss: 2.3055 - accuracy: 0.1112
2750/3000 [==========================>...] - ETA: 2s - loss: 2.3054 - accuracy: 0.1127
3000/3000 [==============================] - 30s 10ms/step - loss: 2.3052 - accuracy: 0.1130 - val_loss: 2.3073 - val_accuracy: 0.0827
Epoch 2/5

 250/3000 [=>............................] - ETA: 26s - loss: 2.3022 - accuracy: 0.1320
 500/3000 [====>.........................] - ETA: 25s - loss: 2.3036 - accuracy: 0.1200
 750/3000 [======>.......................] - ETA: 22s - loss: 2.3003 - accuracy: 0.1267
1000/3000 [=========>....................] - ETA: 20s - loss: 2.3002 - accuracy: 0.1270
1250/3000 [===========>..................] - ETA: 17s - loss: 2.3012 - accuracy: 0.1200
1500/3000 [==============>...............] - ETA: 15s - loss: 2.3009 - accuracy: 0.1220
1750/3000 [================>.............] - ETA: 12s - loss: 2.3007 - accuracy: 0.1251
2000/3000 [===================>..........] - ETA: 10s - loss: 2.3010 - accuracy: 0.1255
2250/3000 [=====================>........] - ETA: 7s - loss: 2.3020 - accuracy: 0.1182 
2500/3000 [========================>.....] - ETA: 5s - loss: 2.3027 - accuracy: 0.1152
2750/3000 [==========================>...] - ETA: 2s - loss: 2.3030 - accuracy: 0.1135
3000/3000 [==============================] - 30s 10ms/step - loss: 2.3029 - accuracy: 0.1143 - val_loss: 2.3066 - val_accuracy: 0.0867
Epoch 3/5

 250/3000 [=>............................] - ETA: 27s - loss: 2.3052 - accuracy: 0.1200
 500/3000 [====>.........................] - ETA: 25s - loss: 2.3048 - accuracy: 0.1120
 750/3000 [======>.......................] - ETA: 22s - loss: 2.3028 - accuracy: 0.1227
1000/3000 [=========>....................] - ETA: 20s - loss: 2.3037 - accuracy: 0.1140
1250/3000 [===========>..................] - ETA: 17s - loss: 2.3031 - accuracy: 0.1088
1500/3000 [==============>...............] - ETA: 15s - loss: 2.3027 - accuracy: 0.1120
1750/3000 [================>.............] - ETA: 12s - loss: 2.3018 - accuracy: 0.1143
2000/3000 [===================>..........] - ETA: 10s - loss: 2.3016 - accuracy: 0.1130
2250/3000 [=====================>........] - ETA: 7s - loss: 2.3017 - accuracy: 0.1133 
2500/3000 [========================>.....] - ETA: 5s - loss: 2.3016 - accuracy: 0.1104
2750/3000 [==========================>...] - ETA: 2s - loss: 2.3012 - accuracy: 0.1113
3000/3000 [==============================] - 30s 10ms/step - loss: 2.3011 - accuracy: 0.1117 - val_loss: 2.3061 - val_accuracy: 0.0867
Epoch 4/5

 250/3000 [=>............................] - ETA: 27s - loss: 2.2987 - accuracy: 0.0960
 500/3000 [====>.........................] - ETA: 25s - loss: 2.2963 - accuracy: 0.1220
 750/3000 [======>.......................] - ETA: 23s - loss: 2.2992 - accuracy: 0.1200
1000/3000 [=========>....................] - ETA: 20s - loss: 2.2987 - accuracy: 0.1220
1250/3000 [===========>..................] - ETA: 17s - loss: 2.2983 - accuracy: 0.1224
1500/3000 [==============>...............] - ETA: 15s - loss: 2.2988 - accuracy: 0.1193
1750/3000 [================>.............] - ETA: 12s - loss: 2.2994 - accuracy: 0.1137
2000/3000 [===================>..........] - ETA: 10s - loss: 2.2998 - accuracy: 0.1130
2250/3000 [=====================>........] - ETA: 7s - loss: 2.3000 - accuracy: 0.1129 
2500/3000 [========================>.....] - ETA: 5s - loss: 2.2997 - accuracy: 0.1144
2750/3000 [==========================>...] - ETA: 2s - loss: 2.2999 - accuracy: 0.1120
3000/3000 [==============================] - 31s 10ms/step - loss: 2.2994 - accuracy: 0.1123 - val_loss: 2.3057 - val_accuracy: 0.0880
Epoch 5/5

 250/3000 [=>............................] - ETA: 28s - loss: 2.2996 - accuracy: 0.0840
 500/3000 [====>.........................] - ETA: 25s - loss: 2.3008 - accuracy: 0.0940
 750/3000 [======>.......................] - ETA: 22s - loss: 2.2999 - accuracy: 0.0920
1000/3000 [=========>....................] - ETA: 20s - loss: 2.2994 - accuracy: 0.0990
1250/3000 [===========>..................] - ETA: 17s - loss: 2.2990 - accuracy: 0.1064
1500/3000 [==============>...............] - ETA: 15s - loss: 2.2987 - accuracy: 0.1107
1750/3000 [================>.............] - ETA: 12s - loss: 2.2984 - accuracy: 0.1126
2000/3000 [===================>..........] - ETA: 10s - loss: 2.2986 - accuracy: 0.1130
2250/3000 [=====================>........] - ETA: 7s - loss: 2.2984 - accuracy: 0.1120 
2500/3000 [========================>.....] - ETA: 4s - loss: 2.2984 - accuracy: 0.1112
2750/3000 [==========================>...] - ETA: 2s - loss: 2.2981 - accuracy: 0.1135
3000/3000 [==============================] - 30s 10ms/step - loss: 2.2978 - accuracy: 0.1143 - val_loss: 2.3051 - val_accuracy: 0.0893
Latency --- 152.65121698379517 seconds ---
For delta=0.000200, the current epsilon is: 1.0075
Saving model with new accuracy, previous accuracy was 0 and present is 0.11433333158493042
Saved model to disk
=====================Iteration========================== 2
For delta=0.000200, the current epsilon is: 1.0075
Noise Mutiplier 3.03
in grads Tensor("loss_1/mul:0", shape=(?,), dtype=float32)
Train on 3000 samples, validate on 750 samples
Epoch 1/5

 250/3000 [=>............................] - ETA: 30s - loss: 2.3000 - accuracy: 0.1000
 500/3000 [====>.........................] - ETA: 27s - loss: 2.3051 - accuracy: 0.0960
 750/3000 [======>.......................] - ETA: 24s - loss: 2.3035 - accuracy: 0.1147
1000/3000 [=========>....................] - ETA: 22s - loss: 2.3022 - accuracy: 0.1150
1250/3000 [===========>..................] - ETA: 19s - loss: 2.3020 - accuracy: 0.1152
1500/3000 [==============>...............] - ETA: 16s - loss: 2.3021 - accuracy: 0.1133
1750/3000 [================>.............] - ETA: 13s - loss: 2.3015 - accuracy: 0.1120
2000/3000 [===================>..........] - ETA: 11s - loss: 2.3016 - accuracy: 0.1130
2250/3000 [=====================>........] - ETA: 8s - loss: 2.3012 - accuracy: 0.1151 
2500/3000 [========================>.....] - ETA: 5s - loss: 2.3014 - accuracy: 0.1136
2750/3000 [==========================>...] - ETA: 2s - loss: 2.3009 - accuracy: 0.1149
3000/3000 [==============================] - 33s 11ms/step - loss: 2.3010 - accuracy: 0.1127 - val_loss: 2.3022 - val_accuracy: 0.0893
Epoch 2/5

 250/3000 [=>............................] - ETA: 29s - loss: 2.3008 - accuracy: 0.0840
 500/3000 [====>.........................] - ETA: 27s - loss: 2.3041 - accuracy: 0.0920
 750/3000 [======>.......................] - ETA: 24s - loss: 2.3031 - accuracy: 0.1000
1000/3000 [=========>....................] - ETA: 21s - loss: 2.3010 - accuracy: 0.1070
1250/3000 [===========>..................] - ETA: 19s - loss: 2.3001 - accuracy: 0.1104
1500/3000 [==============>...............] - ETA: 16s - loss: 2.2999 - accuracy: 0.1100
1750/3000 [================>.............] - ETA: 13s - loss: 2.3001 - accuracy: 0.1069
2000/3000 [===================>..........] - ETA: 10s - loss: 2.2989 - accuracy: 0.1080
2250/3000 [=====================>........] - ETA: 8s - loss: 2.2995 - accuracy: 0.1080 
2500/3000 [========================>.....] - ETA: 5s - loss: 2.2997 - accuracy: 0.1044
2750/3000 [==========================>...] - ETA: 2s - loss: 2.2997 - accuracy: 0.1036
3000/3000 [==============================] - 33s 11ms/step - loss: 2.2994 - accuracy: 0.1053 - val_loss: 2.3025 - val_accuracy: 0.0880
Epoch 3/5

 250/3000 [=>............................] - ETA: 29s - loss: 2.2985 - accuracy: 0.1360
 500/3000 [====>.........................] - ETA: 27s - loss: 2.2986 - accuracy: 0.1180
 750/3000 [======>.......................] - ETA: 24s - loss: 2.3002 - accuracy: 0.1080
1000/3000 [=========>....................] - ETA: 21s - loss: 2.2996 - accuracy: 0.1160
1250/3000 [===========>..................] - ETA: 18s - loss: 2.2995 - accuracy: 0.1096
1500/3000 [==============>...............] - ETA: 16s - loss: 2.3007 - accuracy: 0.1080
1750/3000 [================>.............] - ETA: 13s - loss: 2.2991 - accuracy: 0.1143
2000/3000 [===================>..........] - ETA: 10s - loss: 2.2987 - accuracy: 0.1160
2250/3000 [=====================>........] - ETA: 8s - loss: 2.2986 - accuracy: 0.1160 
2500/3000 [========================>.....] - ETA: 5s - loss: 2.2980 - accuracy: 0.1180
2750/3000 [==========================>...] - ETA: 2s - loss: 2.2978 - accuracy: 0.1175
3000/3000 [==============================] - 33s 11ms/step - loss: 2.2978 - accuracy: 0.1167 - val_loss: 2.3030 - val_accuracy: 0.0867
Epoch 4/5

 250/3000 [=>............................] - ETA: 30s - loss: 2.2971 - accuracy: 0.1160
 500/3000 [====>.........................] - ETA: 27s - loss: 2.2964 - accuracy: 0.1140
 750/3000 [======>.......................] - ETA: 25s - loss: 2.2972 - accuracy: 0.1133
1000/3000 [=========>....................] - ETA: 22s - loss: 2.2968 - accuracy: 0.1190
1250/3000 [===========>..................] - ETA: 19s - loss: 2.2962 - accuracy: 0.1192
1500/3000 [==============>...............] - ETA: 17s - loss: 2.2970 - accuracy: 0.1180
1750/3000 [================>.............] - ETA: 14s - loss: 2.2971 - accuracy: 0.1177
2000/3000 [===================>..........] - ETA: 11s - loss: 2.2967 - accuracy: 0.1165
2250/3000 [=====================>........] - ETA: 9s - loss: 2.2969 - accuracy: 0.1160 
2500/3000 [========================>.....] - ETA: 6s - loss: 2.2968 - accuracy: 0.1160
2750/3000 [==========================>...] - ETA: 3s - loss: 2.2964 - accuracy: 0.1204
3000/3000 [==============================] - 38s 13ms/step - loss: 2.2963 - accuracy: 0.1200 - val_loss: 2.3032 - val_accuracy: 0.0960
Epoch 5/5

 250/3000 [=>............................] - ETA: 31s - loss: 2.2964 - accuracy: 0.1080
 500/3000 [====>.........................] - ETA: 27s - loss: 2.2920 - accuracy: 0.1280
 750/3000 [======>.......................] - ETA: 23s - loss: 2.2949 - accuracy: 0.1160
1000/3000 [=========>....................] - ETA: 20s - loss: 2.2941 - accuracy: 0.1240
1250/3000 [===========>..................] - ETA: 18s - loss: 2.2935 - accuracy: 0.1296
1500/3000 [==============>...............] - ETA: 15s - loss: 2.2939 - accuracy: 0.1247
1750/3000 [================>.............] - ETA: 12s - loss: 2.2942 - accuracy: 0.1234
2000/3000 [===================>..........] - ETA: 10s - loss: 2.2945 - accuracy: 0.1230
2250/3000 [=====================>........] - ETA: 7s - loss: 2.2943 - accuracy: 0.1262 
2500/3000 [========================>.....] - ETA: 5s - loss: 2.2944 - accuracy: 0.1240
2750/3000 [==========================>...] - ETA: 2s - loss: 2.2950 - accuracy: 0.1218
3000/3000 [==============================] - 31s 10ms/step - loss: 2.2950 - accuracy: 0.1207 - val_loss: 2.3033 - val_accuracy: 0.0867
Latency --- 168.02546286582947 seconds ---
For delta=0.000200, the current epsilon is: 1.0075
Saving model with new accuracy, previous accuracy was 0.11433333158493042 and present is 0.12066666781902313
Saved model to disk
=====================Iteration========================== 3
For delta=0.000200, the current epsilon is: 1.0075
Noise Mutiplier 3.03
in grads Tensor("loss_2/mul:0", shape=(?,), dtype=float32)
Train on 3000 samples, validate on 750 samples
Epoch 1/5

 250/3000 [=>............................] - ETA: 28s - loss: 2.3139 - accuracy: 0.1040
 500/3000 [====>.........................] - ETA: 25s - loss: 2.3161 - accuracy: 0.0980
 750/3000 [======>.......................] - ETA: 22s - loss: 2.3165 - accuracy: 0.0920
1000/3000 [=========>....................] - ETA: 20s - loss: 2.3174 - accuracy: 0.0930
1250/3000 [===========>..................] - ETA: 17s - loss: 2.3181 - accuracy: 0.0904
1500/3000 [==============>...............] - ETA: 15s - loss: 2.3168 - accuracy: 0.0907
1750/3000 [================>.............] - ETA: 12s - loss: 2.3145 - accuracy: 0.0931
2000/3000 [===================>..........] - ETA: 10s - loss: 2.3151 - accuracy: 0.0945
2250/3000 [=====================>........] - ETA: 7s - loss: 2.3152 - accuracy: 0.0960 
2500/3000 [========================>.....] - ETA: 5s - loss: 2.3150 - accuracy: 0.0964
2750/3000 [==========================>...] - ETA: 2s - loss: 2.3159 - accuracy: 0.0975
3000/3000 [==============================] - 30s 10ms/step - loss: 2.3156 - accuracy: 0.0987 - val_loss: 2.3151 - val_accuracy: 0.0907
Epoch 2/5

 250/3000 [=>............................] - ETA: 27s - loss: 2.3266 - accuracy: 0.0960
 500/3000 [====>.........................] - ETA: 24s - loss: 2.3177 - accuracy: 0.1060
 750/3000 [======>.......................] - ETA: 22s - loss: 2.3175 - accuracy: 0.0973
1000/3000 [=========>....................] - ETA: 19s - loss: 2.3150 - accuracy: 0.1030
1250/3000 [===========>..................] - ETA: 17s - loss: 2.3141 - accuracy: 0.1024
1500/3000 [==============>...............] - ETA: 14s - loss: 2.3136 - accuracy: 0.1027
1750/3000 [================>.............] - ETA: 12s - loss: 2.3111 - accuracy: 0.1057
2000/3000 [===================>..........] - ETA: 9s - loss: 2.3106 - accuracy: 0.1045 
2250/3000 [=====================>........] - ETA: 7s - loss: 2.3113 - accuracy: 0.1031
2500/3000 [========================>.....] - ETA: 4s - loss: 2.3113 - accuracy: 0.1016
2750/3000 [==========================>...] - ETA: 2s - loss: 2.3109 - accuracy: 0.1044
3000/3000 [==============================] - 30s 10ms/step - loss: 2.3116 - accuracy: 0.1033 - val_loss: 2.3124 - val_accuracy: 0.0960
Epoch 3/5

 250/3000 [=>............................] - ETA: 26s - loss: 2.3131 - accuracy: 0.1080
 500/3000 [====>.........................] - ETA: 24s - loss: 2.3092 - accuracy: 0.0980
 750/3000 [======>.......................] - ETA: 22s - loss: 2.3077 - accuracy: 0.0987
1000/3000 [=========>....................] - ETA: 19s - loss: 2.3089 - accuracy: 0.1070
1250/3000 [===========>..................] - ETA: 17s - loss: 2.3091 - accuracy: 0.1144
1500/3000 [==============>...............] - ETA: 14s - loss: 2.3085 - accuracy: 0.1193
1750/3000 [================>.............] - ETA: 12s - loss: 2.3076 - accuracy: 0.1211
2000/3000 [===================>..........] - ETA: 9s - loss: 2.3077 - accuracy: 0.1200 
2250/3000 [=====================>........] - ETA: 7s - loss: 2.3069 - accuracy: 0.1231
2500/3000 [========================>.....] - ETA: 4s - loss: 2.3067 - accuracy: 0.1228
2750/3000 [==========================>...] - ETA: 2s - loss: 2.3064 - accuracy: 0.1211
3000/3000 [==============================] - 30s 10ms/step - loss: 2.3073 - accuracy: 0.1177 - val_loss: 2.3099 - val_accuracy: 0.0960
Epoch 4/5

 250/3000 [=>............................] - ETA: 26s - loss: 2.3096 - accuracy: 0.0840
 500/3000 [====>.........................] - ETA: 24s - loss: 2.3107 - accuracy: 0.0940
 750/3000 [======>.......................] - ETA: 22s - loss: 2.3091 - accuracy: 0.1040
1000/3000 [=========>....................] - ETA: 19s - loss: 2.3075 - accuracy: 0.1090
1250/3000 [===========>..................] - ETA: 17s - loss: 2.3048 - accuracy: 0.1208
1500/3000 [==============>...............] - ETA: 14s - loss: 2.3041 - accuracy: 0.1200
1750/3000 [================>.............] - ETA: 12s - loss: 2.3036 - accuracy: 0.1194
2000/3000 [===================>..........] - ETA: 9s - loss: 2.3041 - accuracy: 0.1150 
2250/3000 [=====================>........] - ETA: 7s - loss: 2.3046 - accuracy: 0.1142
2500/3000 [========================>.....] - ETA: 4s - loss: 2.3040 - accuracy: 0.1188
2750/3000 [==========================>...] - ETA: 2s - loss: 2.3040 - accuracy: 0.1207
3000/3000 [==============================] - 30s 10ms/step - loss: 2.3040 - accuracy: 0.1190 - val_loss: 2.3087 - val_accuracy: 0.0947
Epoch 5/5

 250/3000 [=>............................] - ETA: 27s - loss: 2.2948 - accuracy: 0.1360
 500/3000 [====>.........................] - ETA: 25s - loss: 2.3032 - accuracy: 0.1300
 750/3000 [======>.......................] - ETA: 22s - loss: 2.3018 - accuracy: 0.1307
1000/3000 [=========>....................] - ETA: 20s - loss: 2.3004 - accuracy: 0.1350
1250/3000 [===========>..................] - ETA: 17s - loss: 2.3024 - accuracy: 0.1272
1500/3000 [==============>...............] - ETA: 15s - loss: 2.3019 - accuracy: 0.1273
1750/3000 [================>.............] - ETA: 12s - loss: 2.3014 - accuracy: 0.1229
2000/3000 [===================>..........] - ETA: 10s - loss: 2.3008 - accuracy: 0.1240
2250/3000 [=====================>........] - ETA: 7s - loss: 2.3011 - accuracy: 0.1236 
2500/3000 [========================>.....] - ETA: 5s - loss: 2.3013 - accuracy: 0.1248
2750/3000 [==========================>...] - ETA: 2s - loss: 2.3016 - accuracy: 0.1244
3000/3000 [==============================] - 30s 10ms/step - loss: 2.3018 - accuracy: 0.1243 - val_loss: 2.3080 - val_accuracy: 0.0973
Latency --- 151.25310564041138 seconds ---
For delta=0.000200, the current epsilon is: 1.0075
Saving model with new accuracy, previous accuracy was 0.12066666781902313 and present is 0.12433333694934845
Saved model to disk
=====================Iteration========================== 4
For delta=0.000200, the current epsilon is: 1.0075
Noise Mutiplier 3.03
in grads Tensor("loss_3/mul:0", shape=(?,), dtype=float32)
Train on 3000 samples, validate on 750 samples
Epoch 1/5

 250/3000 [=>............................] - ETA: 29s - loss: 2.3042 - accuracy: 0.1120
 500/3000 [====>.........................] - ETA: 25s - loss: 2.3052 - accuracy: 0.1100
 750/3000 [======>.......................] - ETA: 22s - loss: 2.3068 - accuracy: 0.1080
1000/3000 [=========>....................] - ETA: 19s - loss: 2.3050 - accuracy: 0.1110
1250/3000 [===========>..................] - ETA: 17s - loss: 2.3056 - accuracy: 0.1056
1500/3000 [==============>...............] - ETA: 14s - loss: 2.3064 - accuracy: 0.1040
1750/3000 [================>.............] - ETA: 12s - loss: 2.3059 - accuracy: 0.1051
2000/3000 [===================>..........] - ETA: 9s - loss: 2.3047 - accuracy: 0.1060 
2250/3000 [=====================>........] - ETA: 7s - loss: 2.3048 - accuracy: 0.1111
2500/3000 [========================>.....] - ETA: 4s - loss: 2.3047 - accuracy: 0.1092
2750/3000 [==========================>...] - ETA: 2s - loss: 2.3051 - accuracy: 0.1087
3000/3000 [==============================] - 30s 10ms/step - loss: 2.3052 - accuracy: 0.1077 - val_loss: 2.3035 - val_accuracy: 0.0760
Epoch 2/5

 250/3000 [=>............................] - ETA: 27s - loss: 2.3078 - accuracy: 0.1040
 500/3000 [====>.........................] - ETA: 24s - loss: 2.3053 - accuracy: 0.1100
 750/3000 [======>.......................] - ETA: 22s - loss: 2.3051 - accuracy: 0.1213
1000/3000 [=========>....................] - ETA: 19s - loss: 2.3055 - accuracy: 0.1130
1250/3000 [===========>..................] - ETA: 17s - loss: 2.3056 - accuracy: 0.1104
1500/3000 [==============>...............] - ETA: 14s - loss: 2.3053 - accuracy: 0.1087
1750/3000 [================>.............] - ETA: 12s - loss: 2.3055 - accuracy: 0.1097
2000/3000 [===================>..........] - ETA: 9s - loss: 2.3046 - accuracy: 0.1170 
2250/3000 [=====================>........] - ETA: 7s - loss: 2.3044 - accuracy: 0.1147
2500/3000 [========================>.....] - ETA: 4s - loss: 2.3044 - accuracy: 0.1128
2750/3000 [==========================>...] - ETA: 2s - loss: 2.3046 - accuracy: 0.1138
3000/3000 [==============================] - 30s 10ms/step - loss: 2.3044 - accuracy: 0.1157 - val_loss: 2.3034 - val_accuracy: 0.0920
Epoch 3/5

 250/3000 [=>............................] - ETA: 27s - loss: 2.3061 - accuracy: 0.1200
 500/3000 [====>.........................] - ETA: 24s - loss: 2.3045 - accuracy: 0.1180
 750/3000 [======>.......................] - ETA: 22s - loss: 2.3043 - accuracy: 0.1227
1000/3000 [=========>....................] - ETA: 20s - loss: 2.3034 - accuracy: 0.1230
1250/3000 [===========>..................] - ETA: 17s - loss: 2.3042 - accuracy: 0.1184
1500/3000 [==============>...............] - ETA: 14s - loss: 2.3029 - accuracy: 0.1187
1750/3000 [================>.............] - ETA: 12s - loss: 2.3030 - accuracy: 0.1126
2000/3000 [===================>..........] - ETA: 9s - loss: 2.3029 - accuracy: 0.1090 
2250/3000 [=====================>........] - ETA: 7s - loss: 2.3034 - accuracy: 0.1071
2500/3000 [========================>.....] - ETA: 4s - loss: 2.3035 - accuracy: 0.1080
2750/3000 [==========================>...] - ETA: 2s - loss: 2.3031 - accuracy: 0.1091
3000/3000 [==============================] - 30s 10ms/step - loss: 2.3032 - accuracy: 0.1063 - val_loss: 2.3031 - val_accuracy: 0.0987
Epoch 4/5

 250/3000 [=>............................] - ETA: 28s - loss: 2.3003 - accuracy: 0.1160
 500/3000 [====>.........................] - ETA: 25s - loss: 2.3027 - accuracy: 0.1120
 750/3000 [======>.......................] - ETA: 22s - loss: 2.3043 - accuracy: 0.1027
1000/3000 [=========>....................] - ETA: 20s - loss: 2.3015 - accuracy: 0.1100
1250/3000 [===========>..................] - ETA: 17s - loss: 2.3019 - accuracy: 0.1096
1500/3000 [==============>...............] - ETA: 14s - loss: 2.3018 - accuracy: 0.1107
1750/3000 [================>.............] - ETA: 12s - loss: 2.3022 - accuracy: 0.1080
2000/3000 [===================>..........] - ETA: 9s - loss: 2.3019 - accuracy: 0.1085 
2250/3000 [=====================>........] - ETA: 7s - loss: 2.3029 - accuracy: 0.1027
2500/3000 [========================>.....] - ETA: 4s - loss: 2.3024 - accuracy: 0.1048
2750/3000 [==========================>...] - ETA: 2s - loss: 2.3019 - accuracy: 0.1062
3000/3000 [==============================] - 30s 10ms/step - loss: 2.3023 - accuracy: 0.1050 - val_loss: 2.3032 - val_accuracy: 0.0907
Epoch 5/5

 250/3000 [=>............................] - ETA: 27s - loss: 2.3001 - accuracy: 0.1000
 500/3000 [====>.........................] - ETA: 24s - loss: 2.2994 - accuracy: 0.0940
 750/3000 [======>.......................] - ETA: 22s - loss: 2.3006 - accuracy: 0.1013
1000/3000 [=========>....................] - ETA: 19s - loss: 2.3013 - accuracy: 0.0980
1250/3000 [===========>..................] - ETA: 17s - loss: 2.2998 - accuracy: 0.1080
1500/3000 [==============>...............] - ETA: 14s - loss: 2.2990 - accuracy: 0.1133
1750/3000 [================>.............] - ETA: 12s - loss: 2.2986 - accuracy: 0.1120
2000/3000 [===================>..........] - ETA: 9s - loss: 2.2995 - accuracy: 0.1105 
2250/3000 [=====================>........] - ETA: 7s - loss: 2.2997 - accuracy: 0.1084
2500/3000 [========================>.....] - ETA: 4s - loss: 2.3007 - accuracy: 0.1080
2750/3000 [==========================>...] - ETA: 2s - loss: 2.3009 - accuracy: 0.1062
3000/3000 [==============================] - 30s 10ms/step - loss: 2.3009 - accuracy: 0.1060 - val_loss: 2.3033 - val_accuracy: 0.0907
Latency --- 150.9097044467926 seconds ---
For delta=0.000200, the current epsilon is: 1.0075
=====================Iteration========================== 5
For delta=0.000200, the current epsilon is: 1.0075
Noise Mutiplier 3.03
in grads Tensor("loss_4/mul:0", shape=(?,), dtype=float32)
Train on 3000 samples, validate on 750 samples
Epoch 1/5

 250/3000 [=>............................] - ETA: 29s - loss: 2.3074 - accuracy: 0.0840
 500/3000 [====>.........................] - ETA: 25s - loss: 2.3018 - accuracy: 0.0940
 750/3000 [======>.......................] - ETA: 22s - loss: 2.3085 - accuracy: 0.0880
1000/3000 [=========>....................] - ETA: 20s - loss: 2.3109 - accuracy: 0.0860
1250/3000 [===========>..................] - ETA: 17s - loss: 2.3095 - accuracy: 0.0864
1500/3000 [==============>...............] - ETA: 15s - loss: 2.3092 - accuracy: 0.0893
1750/3000 [================>.............] - ETA: 12s - loss: 2.3083 - accuracy: 0.0897
2000/3000 [===================>..........] - ETA: 9s - loss: 2.3085 - accuracy: 0.0885 
2250/3000 [=====================>........] - ETA: 7s - loss: 2.3077 - accuracy: 0.0889
2500/3000 [========================>.....] - ETA: 4s - loss: 2.3074 - accuracy: 0.0888
2750/3000 [==========================>...] - ETA: 2s - loss: 2.3082 - accuracy: 0.0884
3000/3000 [==============================] - 30s 10ms/step - loss: 2.3093 - accuracy: 0.0857 - val_loss: 2.3083 - val_accuracy: 0.1147
Epoch 2/5

 250/3000 [=>............................] - ETA: 27s - loss: 2.3101 - accuracy: 0.0600
 500/3000 [====>.........................] - ETA: 24s - loss: 2.3075 - accuracy: 0.0780
 750/3000 [======>.......................] - ETA: 22s - loss: 2.3036 - accuracy: 0.0853
1000/3000 [=========>....................] - ETA: 19s - loss: 2.3050 - accuracy: 0.0770
1250/3000 [===========>..................] - ETA: 17s - loss: 2.3074 - accuracy: 0.0752
1500/3000 [==============>...............] - ETA: 14s - loss: 2.3045 - accuracy: 0.0873
1750/3000 [================>.............] - ETA: 12s - loss: 2.3052 - accuracy: 0.0869
2000/3000 [===================>..........] - ETA: 9s - loss: 2.3060 - accuracy: 0.0870 
2250/3000 [=====================>........] - ETA: 7s - loss: 2.3057 - accuracy: 0.0876
2500/3000 [========================>.....] - ETA: 4s - loss: 2.3055 - accuracy: 0.0904
2750/3000 [==========================>...] - ETA: 2s - loss: 2.3046 - accuracy: 0.0905
3000/3000 [==============================] - 30s 10ms/step - loss: 2.3055 - accuracy: 0.0893 - val_loss: 2.3064 - val_accuracy: 0.1147
Epoch 3/5

 250/3000 [=>............................] - ETA: 27s - loss: 2.2970 - accuracy: 0.1000
 500/3000 [====>.........................] - ETA: 24s - loss: 2.3035 - accuracy: 0.1040
 750/3000 [======>.......................] - ETA: 22s - loss: 2.3025 - accuracy: 0.1040
1000/3000 [=========>....................] - ETA: 19s - loss: 2.3036 - accuracy: 0.1000
1250/3000 [===========>..................] - ETA: 17s - loss: 2.3055 - accuracy: 0.0928
1500/3000 [==============>...............] - ETA: 14s - loss: 2.3049 - accuracy: 0.0947
1750/3000 [================>.............] - ETA: 12s - loss: 2.3053 - accuracy: 0.0971
2000/3000 [===================>..........] - ETA: 9s - loss: 2.3043 - accuracy: 0.0970 
2250/3000 [=====================>........] - ETA: 7s - loss: 2.3032 - accuracy: 0.0982
2500/3000 [========================>.....] - ETA: 4s - loss: 2.3028 - accuracy: 0.1000
2750/3000 [==========================>...] - ETA: 2s - loss: 2.3031 - accuracy: 0.0989
3000/3000 [==============================] - 30s 10ms/step - loss: 2.3028 - accuracy: 0.0983 - val_loss: 2.3044 - val_accuracy: 0.1200
Epoch 4/5

 250/3000 [=>............................] - ETA: 27s - loss: 2.3048 - accuracy: 0.0880
 500/3000 [====>.........................] - ETA: 24s - loss: 2.3012 - accuracy: 0.0980
 750/3000 [======>.......................] - ETA: 22s - loss: 2.3000 - accuracy: 0.0920
1000/3000 [=========>....................] - ETA: 20s - loss: 2.2995 - accuracy: 0.0960
1250/3000 [===========>..................] - ETA: 17s - loss: 2.3001 - accuracy: 0.0944
1500/3000 [==============>...............] - ETA: 15s - loss: 2.3001 - accuracy: 0.0973
1750/3000 [================>.............] - ETA: 12s - loss: 2.3005 - accuracy: 0.0926
2000/3000 [===================>..........] - ETA: 9s - loss: 2.3007 - accuracy: 0.0955 
2250/3000 [=====================>........] - ETA: 7s - loss: 2.3000 - accuracy: 0.0956
2500/3000 [========================>.....] - ETA: 4s - loss: 2.3002 - accuracy: 0.0944
2750/3000 [==========================>...] - ETA: 2s - loss: 2.3000 - accuracy: 0.0953
3000/3000 [==============================] - 30s 10ms/step - loss: 2.3004 - accuracy: 0.0943 - val_loss: 2.3040 - val_accuracy: 0.1227
Epoch 5/5

 250/3000 [=>............................] - ETA: 27s - loss: 2.2979 - accuracy: 0.1160
 500/3000 [====>.........................] - ETA: 24s - loss: 2.2986 - accuracy: 0.1060
 750/3000 [======>.......................] - ETA: 22s - loss: 2.2997 - accuracy: 0.0933
1000/3000 [=========>....................] - ETA: 19s - loss: 2.3004 - accuracy: 0.0880
1250/3000 [===========>..................] - ETA: 17s - loss: 2.3001 - accuracy: 0.0880
1500/3000 [==============>...............] - ETA: 14s - loss: 2.3006 - accuracy: 0.0887
1750/3000 [================>.............] - ETA: 12s - loss: 2.2994 - accuracy: 0.0926
2000/3000 [===================>..........] - ETA: 9s - loss: 2.2991 - accuracy: 0.0920 
2250/3000 [=====================>........] - ETA: 7s - loss: 2.2982 - accuracy: 0.0947
2500/3000 [========================>.....] - ETA: 4s - loss: 2.2985 - accuracy: 0.0924
2750/3000 [==========================>...] - ETA: 2s - loss: 2.2986 - accuracy: 0.0927
3000/3000 [==============================] - 30s 10ms/step - loss: 2.2983 - accuracy: 0.0933 - val_loss: 2.3042 - val_accuracy: 0.1147
Latency --- 151.20072484016418 seconds ---
For delta=0.000200, the current epsilon is: 1.0075
=====================Iteration========================== 6
For delta=0.000200, the current epsilon is: 1.0075
Noise Mutiplier 3.03
in grads Tensor("loss_5/mul:0", shape=(?,), dtype=float32)
Train on 3000 samples, validate on 750 samples
Epoch 1/5

 250/3000 [=>............................] - ETA: 28s - loss: 2.2959 - accuracy: 0.1440
 500/3000 [====>.........................] - ETA: 24s - loss: 2.2973 - accuracy: 0.1340
 750/3000 [======>.......................] - ETA: 22s - loss: 2.2999 - accuracy: 0.1187
1000/3000 [=========>....................] - ETA: 19s - loss: 2.3009 - accuracy: 0.1130
1250/3000 [===========>..................] - ETA: 17s - loss: 2.3007 - accuracy: 0.1104
1500/3000 [==============>...............] - ETA: 14s - loss: 2.3013 - accuracy: 0.1073
1750/3000 [================>.............] - ETA: 12s - loss: 2.3018 - accuracy: 0.1029
2000/3000 [===================>..........] - ETA: 9s - loss: 2.3017 - accuracy: 0.1020 
2250/3000 [=====================>........] - ETA: 7s - loss: 2.3021 - accuracy: 0.1009
2500/3000 [========================>.....] - ETA: 4s - loss: 2.3023 - accuracy: 0.1008
2750/3000 [==========================>...] - ETA: 2s - loss: 2.3022 - accuracy: 0.1025
3000/3000 [==============================] - 30s 10ms/step - loss: 2.3020 - accuracy: 0.1027 - val_loss: 2.3036 - val_accuracy: 0.0987
Epoch 2/5

 250/3000 [=>............................] - ETA: 28s - loss: 2.3005 - accuracy: 0.1000
 500/3000 [====>.........................] - ETA: 24s - loss: 2.3006 - accuracy: 0.1020
 750/3000 [======>.......................] - ETA: 22s - loss: 2.3014 - accuracy: 0.1120
1000/3000 [=========>....................] - ETA: 19s - loss: 2.3017 - accuracy: 0.1130
1250/3000 [===========>..................] - ETA: 17s - loss: 2.3018 - accuracy: 0.1088
1500/3000 [==============>...............] - ETA: 14s - loss: 2.3021 - accuracy: 0.1033
1750/3000 [================>.............] - ETA: 12s - loss: 2.3018 - accuracy: 0.1074
2000/3000 [===================>..........] - ETA: 9s - loss: 2.3018 - accuracy: 0.1080 
2250/3000 [=====================>........] - ETA: 7s - loss: 2.3018 - accuracy: 0.1067
2500/3000 [========================>.....] - ETA: 4s - loss: 2.3019 - accuracy: 0.1072
2750/3000 [==========================>...] - ETA: 2s - loss: 2.3016 - accuracy: 0.1105
3000/3000 [==============================] - 30s 10ms/step - loss: 2.3016 - accuracy: 0.1123 - val_loss: 2.3035 - val_accuracy: 0.1027
Epoch 3/5

 250/3000 [=>............................] - ETA: 27s - loss: 2.3011 - accuracy: 0.1440
 500/3000 [====>.........................] - ETA: 24s - loss: 2.3004 - accuracy: 0.1420
 750/3000 [======>.......................] - ETA: 22s - loss: 2.3009 - accuracy: 0.1213
1000/3000 [=========>....................] - ETA: 19s - loss: 2.3017 - accuracy: 0.1150
1250/3000 [===========>..................] - ETA: 17s - loss: 2.3015 - accuracy: 0.1136
1500/3000 [==============>...............] - ETA: 14s - loss: 2.3018 - accuracy: 0.1133
1750/3000 [================>.............] - ETA: 12s - loss: 2.3017 - accuracy: 0.1166
2000/3000 [===================>..........] - ETA: 9s - loss: 2.3014 - accuracy: 0.1160 
2250/3000 [=====================>........] - ETA: 7s - loss: 2.3016 - accuracy: 0.1120
2500/3000 [========================>.....] - ETA: 4s - loss: 2.3013 - accuracy: 0.1160
2750/3000 [==========================>...] - ETA: 2s - loss: 2.3012 - accuracy: 0.1171
3000/3000 [==============================] - 30s 10ms/step - loss: 2.3010 - accuracy: 0.1187 - val_loss: 2.3034 - val_accuracy: 0.0973
Epoch 4/5

 250/3000 [=>............................] - ETA: 26s - loss: 2.3031 - accuracy: 0.0720
 500/3000 [====>.........................] - ETA: 24s - loss: 2.3020 - accuracy: 0.0940
 750/3000 [======>.......................] - ETA: 22s - loss: 2.3006 - accuracy: 0.1147
1000/3000 [=========>....................] - ETA: 19s - loss: 2.2997 - accuracy: 0.1190
1250/3000 [===========>..................] - ETA: 17s - loss: 2.2999 - accuracy: 0.1136
1500/3000 [==============>...............] - ETA: 14s - loss: 2.2997 - accuracy: 0.1147
1750/3000 [================>.............] - ETA: 12s - loss: 2.2996 - accuracy: 0.1177
2000/3000 [===================>..........] - ETA: 9s - loss: 2.2999 - accuracy: 0.1170 
2250/3000 [=====================>........] - ETA: 7s - loss: 2.2996 - accuracy: 0.1160
2500/3000 [========================>.....] - ETA: 4s - loss: 2.3004 - accuracy: 0.1120
2750/3000 [==========================>...] - ETA: 2s - loss: 2.3004 - accuracy: 0.1164
3000/3000 [==============================] - 30s 10ms/step - loss: 2.3004 - accuracy: 0.1180 - val_loss: 2.3036 - val_accuracy: 0.0987
Epoch 5/5

 250/3000 [=>............................] - ETA: 27s - loss: 2.3001 - accuracy: 0.1240
 500/3000 [====>.........................] - ETA: 24s - loss: 2.2994 - accuracy: 0.1100
 750/3000 [======>.......................] - ETA: 22s - loss: 2.2992 - accuracy: 0.1173
1000/3000 [=========>....................] - ETA: 19s - loss: 2.2993 - accuracy: 0.1240
1250/3000 [===========>..................] - ETA: 17s - loss: 2.2992 - accuracy: 0.1264
1500/3000 [==============>...............] - ETA: 14s - loss: 2.2999 - accuracy: 0.1187
1750/3000 [================>.............] - ETA: 12s - loss: 2.2992 - accuracy: 0.1234
2000/3000 [===================>..........] - ETA: 9s - loss: 2.2992 - accuracy: 0.1215 
2250/3000 [=====================>........] - ETA: 7s - loss: 2.2993 - accuracy: 0.1196
2500/3000 [========================>.....] - ETA: 4s - loss: 2.2993 - accuracy: 0.1216
2750/3000 [==========================>...] - ETA: 2s - loss: 2.2991 - accuracy: 0.1265
3000/3000 [==============================] - 30s 10ms/step - loss: 2.2996 - accuracy: 0.1247 - val_loss: 2.3036 - val_accuracy: 0.0973
Latency --- 149.78995871543884 seconds ---
For delta=0.000200, the current epsilon is: 1.0075
Saving model with new accuracy, previous accuracy was 0.12433333694934845 and present is 0.12466666847467422
Saved model to disk
=====================Iteration========================== 7
For delta=0.000200, the current epsilon is: 1.0075
Noise Mutiplier 3.03
in grads Tensor("loss_6/mul:0", shape=(?,), dtype=float32)
Train on 3000 samples, validate on 750 samples
Epoch 1/5

 250/3000 [=>............................] - ETA: 28s - loss: 2.3039 - accuracy: 0.1120
 500/3000 [====>.........................] - ETA: 25s - loss: 2.3055 - accuracy: 0.0920
 750/3000 [======>.......................] - ETA: 22s - loss: 2.3062 - accuracy: 0.0840
1000/3000 [=========>....................] - ETA: 20s - loss: 2.3066 - accuracy: 0.0840
1250/3000 [===========>..................] - ETA: 17s - loss: 2.3061 - accuracy: 0.0856
1500/3000 [==============>...............] - ETA: 15s - loss: 2.3062 - accuracy: 0.0893
1750/3000 [================>.............] - ETA: 12s - loss: 2.3071 - accuracy: 0.0869
2000/3000 [===================>..........] - ETA: 10s - loss: 2.3065 - accuracy: 0.0915
2250/3000 [=====================>........] - ETA: 7s - loss: 2.3063 - accuracy: 0.0916 
2500/3000 [========================>.....] - ETA: 5s - loss: 2.3062 - accuracy: 0.0920
2750/3000 [==========================>...] - ETA: 2s - loss: 2.3055 - accuracy: 0.0942
3000/3000 [==============================] - 30s 10ms/step - loss: 2.3051 - accuracy: 0.0967 - val_loss: 2.3030 - val_accuracy: 0.1040
Epoch 2/5

 250/3000 [=>............................] - ETA: 27s - loss: 2.3005 - accuracy: 0.1200
 500/3000 [====>.........................] - ETA: 24s - loss: 2.3032 - accuracy: 0.1060
 750/3000 [======>.......................] - ETA: 22s - loss: 2.3030 - accuracy: 0.1093
1000/3000 [=========>....................] - ETA: 19s - loss: 2.3030 - accuracy: 0.1070
1250/3000 [===========>..................] - ETA: 17s - loss: 2.3034 - accuracy: 0.1016
1500/3000 [==============>...............] - ETA: 14s - loss: 2.3040 - accuracy: 0.0987
1750/3000 [================>.............] - ETA: 12s - loss: 2.3042 - accuracy: 0.0989
2000/3000 [===================>..........] - ETA: 9s - loss: 2.3036 - accuracy: 0.1005 
2250/3000 [=====================>........] - ETA: 7s - loss: 2.3035 - accuracy: 0.0996
2500/3000 [========================>.....] - ETA: 4s - loss: 2.3037 - accuracy: 0.1008
2750/3000 [==========================>...] - ETA: 2s - loss: 2.3033 - accuracy: 0.1036
3000/3000 [==============================] - 30s 10ms/step - loss: 2.3034 - accuracy: 0.1010 - val_loss: 2.3030 - val_accuracy: 0.0987
Epoch 3/5

 250/3000 [=>............................] - ETA: 27s - loss: 2.2980 - accuracy: 0.1320
 500/3000 [====>.........................] - ETA: 25s - loss: 2.3007 - accuracy: 0.1200
 750/3000 [======>.......................] - ETA: 22s - loss: 2.3018 - accuracy: 0.1227
1000/3000 [=========>....................] - ETA: 20s - loss: 2.3022 - accuracy: 0.1150
1250/3000 [===========>..................] - ETA: 17s - loss: 2.3017 - accuracy: 0.1200
1500/3000 [==============>...............] - ETA: 15s - loss: 2.3024 - accuracy: 0.1173
1750/3000 [================>.............] - ETA: 12s - loss: 2.3030 - accuracy: 0.1154
2000/3000 [===================>..........] - ETA: 10s - loss: 2.3033 - accuracy: 0.1145
2250/3000 [=====================>........] - ETA: 7s - loss: 2.3031 - accuracy: 0.1169 
2500/3000 [========================>.....] - ETA: 5s - loss: 2.3027 - accuracy: 0.1168
2750/3000 [==========================>...] - ETA: 2s - loss: 2.3021 - accuracy: 0.1207
3000/3000 [==============================] - 30s 10ms/step - loss: 2.3018 - accuracy: 0.1220 - val_loss: 2.3033 - val_accuracy: 0.1027
Epoch 4/5

 250/3000 [=>............................] - ETA: 27s - loss: 2.3024 - accuracy: 0.1040
 500/3000 [====>.........................] - ETA: 25s - loss: 2.3009 - accuracy: 0.1160
 750/3000 [======>.......................] - ETA: 22s - loss: 2.3009 - accuracy: 0.1093
1000/3000 [=========>....................] - ETA: 20s - loss: 2.2999 - accuracy: 0.1130
1250/3000 [===========>..................] - ETA: 17s - loss: 2.2996 - accuracy: 0.1168
1500/3000 [==============>...............] - ETA: 15s - loss: 2.3005 - accuracy: 0.1160
1750/3000 [================>.............] - ETA: 12s - loss: 2.2998 - accuracy: 0.1154
2000/3000 [===================>..........] - ETA: 9s - loss: 2.2999 - accuracy: 0.1125 
2250/3000 [=====================>........] - ETA: 7s - loss: 2.2999 - accuracy: 0.1133
2500/3000 [========================>.....] - ETA: 4s - loss: 2.3003 - accuracy: 0.1108
2750/3000 [==========================>...] - ETA: 2s - loss: 2.3001 - accuracy: 0.1138
3000/3000 [==============================] - 30s 10ms/step - loss: 2.3003 - accuracy: 0.1160 - val_loss: 2.3039 - val_accuracy: 0.1027
Epoch 5/5

 250/3000 [=>............................] - ETA: 27s - loss: 2.3024 - accuracy: 0.0920
 500/3000 [====>.........................] - ETA: 24s - loss: 2.3020 - accuracy: 0.0980
 750/3000 [======>.......................] - ETA: 22s - loss: 2.3033 - accuracy: 0.0933
1000/3000 [=========>....................] - ETA: 19s - loss: 2.3024 - accuracy: 0.0940
1250/3000 [===========>..................] - ETA: 17s - loss: 2.3010 - accuracy: 0.0992
1500/3000 [==============>...............] - ETA: 14s - loss: 2.3001 - accuracy: 0.1000
1750/3000 [================>.............] - ETA: 12s - loss: 2.3005 - accuracy: 0.1023
2000/3000 [===================>..........] - ETA: 9s - loss: 2.3002 - accuracy: 0.1025 
2250/3000 [=====================>........] - ETA: 7s - loss: 2.2997 - accuracy: 0.1080
2500/3000 [========================>.....] - ETA: 4s - loss: 2.2994 - accuracy: 0.1072
2750/3000 [==========================>...] - ETA: 2s - loss: 2.2992 - accuracy: 0.1065
3000/3000 [==============================] - 30s 10ms/step - loss: 2.2990 - accuracy: 0.1093 - val_loss: 2.3042 - val_accuracy: 0.1067
Latency --- 151.6825566291809 seconds ---
For delta=0.000200, the current epsilon is: 1.0075
=====================Iteration========================== 8
For delta=0.000200, the current epsilon is: 1.0075
Noise Mutiplier 3.03
in grads Tensor("loss_7/mul:0", shape=(?,), dtype=float32)
Train on 3000 samples, validate on 750 samples
Epoch 1/5

 250/3000 [=>............................] - ETA: 29s - loss: 2.3029 - accuracy: 0.1000
 500/3000 [====>.........................] - ETA: 25s - loss: 2.3050 - accuracy: 0.0960
 750/3000 [======>.......................] - ETA: 22s - loss: 2.3046 - accuracy: 0.0960
1000/3000 [=========>....................] - ETA: 20s - loss: 2.3027 - accuracy: 0.1010
1250/3000 [===========>..................] - ETA: 17s - loss: 2.3038 - accuracy: 0.1000
1500/3000 [==============>...............] - ETA: 15s - loss: 2.3022 - accuracy: 0.1133
1750/3000 [================>.............] - ETA: 12s - loss: 2.3023 - accuracy: 0.1086
2000/3000 [===================>..........] - ETA: 9s - loss: 2.3026 - accuracy: 0.1115 
2250/3000 [=====================>........] - ETA: 7s - loss: 2.3027 - accuracy: 0.1102
2500/3000 [========================>.....] - ETA: 4s - loss: 2.3028 - accuracy: 0.1084
2750/3000 [==========================>...] - ETA: 2s - loss: 2.3024 - accuracy: 0.1095
3000/3000 [==============================] - 30s 10ms/step - loss: 2.3021 - accuracy: 0.1087 - val_loss: 2.3058 - val_accuracy: 0.0907
Epoch 2/5

 250/3000 [=>............................] - ETA: 26s - loss: 2.2982 - accuracy: 0.1360
 500/3000 [====>.........................] - ETA: 24s - loss: 2.3018 - accuracy: 0.1200
 750/3000 [======>.......................] - ETA: 22s - loss: 2.3001 - accuracy: 0.1173
1000/3000 [=========>....................] - ETA: 19s - loss: 2.3004 - accuracy: 0.1190
1250/3000 [===========>..................] - ETA: 17s - loss: 2.3015 - accuracy: 0.1144
1500/3000 [==============>...............] - ETA: 14s - loss: 2.3004 - accuracy: 0.1207
1750/3000 [================>.............] - ETA: 12s - loss: 2.3003 - accuracy: 0.1206
2000/3000 [===================>..........] - ETA: 9s - loss: 2.3010 - accuracy: 0.1145 
2250/3000 [=====================>........] - ETA: 7s - loss: 2.3009 - accuracy: 0.1187
2500/3000 [========================>.....] - ETA: 4s - loss: 2.3004 - accuracy: 0.1192
2750/3000 [==========================>...] - ETA: 2s - loss: 2.3001 - accuracy: 0.1185
3000/3000 [==============================] - 30s 10ms/step - loss: 2.3005 - accuracy: 0.1163 - val_loss: 2.3049 - val_accuracy: 0.0960
Epoch 3/5

 250/3000 [=>............................] - ETA: 26s - loss: 2.2991 - accuracy: 0.1200
 500/3000 [====>.........................] - ETA: 24s - loss: 2.2991 - accuracy: 0.1220
 750/3000 [======>.......................] - ETA: 22s - loss: 2.2991 - accuracy: 0.1213
1000/3000 [=========>....................] - ETA: 19s - loss: 2.2998 - accuracy: 0.1230
1250/3000 [===========>..................] - ETA: 17s - loss: 2.2993 - accuracy: 0.1192
1500/3000 [==============>...............] - ETA: 14s - loss: 2.2990 - accuracy: 0.1253
1750/3000 [================>.............] - ETA: 12s - loss: 2.2998 - accuracy: 0.1257
2000/3000 [===================>..........] - ETA: 9s - loss: 2.2997 - accuracy: 0.1290 
2250/3000 [=====================>........] - ETA: 7s - loss: 2.2995 - accuracy: 0.1267
2500/3000 [========================>.....] - ETA: 4s - loss: 2.2995 - accuracy: 0.1220
2750/3000 [==========================>...] - ETA: 2s - loss: 2.2990 - accuracy: 0.1229
3000/3000 [==============================] - 30s 10ms/step - loss: 2.2993 - accuracy: 0.1220 - val_loss: 2.3041 - val_accuracy: 0.0960
Epoch 4/5

 250/3000 [=>............................] - ETA: 28s - loss: 2.2975 - accuracy: 0.1360
 500/3000 [====>.........................] - ETA: 25s - loss: 2.2961 - accuracy: 0.1440
 750/3000 [======>.......................] - ETA: 23s - loss: 2.2984 - accuracy: 0.1293
1000/3000 [=========>....................] - ETA: 20s - loss: 2.2972 - accuracy: 0.1310
1250/3000 [===========>..................] - ETA: 17s - loss: 2.2974 - accuracy: 0.1304
1500/3000 [==============>...............] - ETA: 15s - loss: 2.2974 - accuracy: 0.1320
1750/3000 [================>.............] - ETA: 12s - loss: 2.2984 - accuracy: 0.1274
2000/3000 [===================>..........] - ETA: 10s - loss: 2.2983 - accuracy: 0.1275
2250/3000 [=====================>........] - ETA: 7s - loss: 2.2985 - accuracy: 0.1236 
2500/3000 [========================>.....] - ETA: 5s - loss: 2.2987 - accuracy: 0.1240
2750/3000 [==========================>...] - ETA: 2s - loss: 2.2983 - accuracy: 0.1255
3000/3000 [==============================] - 30s 10ms/step - loss: 2.2980 - accuracy: 0.1253 - val_loss: 2.3033 - val_accuracy: 0.0840
Epoch 5/5

 250/3000 [=>............................] - ETA: 27s - loss: 2.2944 - accuracy: 0.1520
 500/3000 [====>.........................] - ETA: 25s - loss: 2.2959 - accuracy: 0.1400
 750/3000 [======>.......................] - ETA: 22s - loss: 2.2962 - accuracy: 0.1427
1000/3000 [=========>....................] - ETA: 19s - loss: 2.2973 - accuracy: 0.1440
1250/3000 [===========>..................] - ETA: 17s - loss: 2.2975 - accuracy: 0.1448
1500/3000 [==============>...............] - ETA: 14s - loss: 2.2973 - accuracy: 0.1380
1750/3000 [================>.............] - ETA: 12s - loss: 2.2964 - accuracy: 0.1360
2000/3000 [===================>..........] - ETA: 9s - loss: 2.2962 - accuracy: 0.1355 
2250/3000 [=====================>........] - ETA: 7s - loss: 2.2962 - accuracy: 0.1351
2500/3000 [========================>.....] - ETA: 4s - loss: 2.2963 - accuracy: 0.1320
2750/3000 [==========================>...] - ETA: 2s - loss: 2.2966 - accuracy: 0.1316
3000/3000 [==============================] - 30s 10ms/step - loss: 2.2966 - accuracy: 0.1343 - val_loss: 2.3039 - val_accuracy: 0.0813
Latency --- 151.35971450805664 seconds ---
For delta=0.000200, the current epsilon is: 1.0075
Saving model with new accuracy, previous accuracy was 0.12466666847467422 and present is 0.13433332741260529
Saved model to disk
=====================Iteration========================== 9
For delta=0.000200, the current epsilon is: 1.0075
Noise Mutiplier 3.03
in grads Tensor("loss_8/mul:0", shape=(?,), dtype=float32)
Train on 3000 samples, validate on 750 samples
Epoch 1/5

 250/3000 [=>............................] - ETA: 30s - loss: 2.3035 - accuracy: 0.0840
 500/3000 [====>.........................] - ETA: 25s - loss: 2.3093 - accuracy: 0.0740
 750/3000 [======>.......................] - ETA: 22s - loss: 2.3074 - accuracy: 0.0773
1000/3000 [=========>....................] - ETA: 20s - loss: 2.3088 - accuracy: 0.0830
1250/3000 [===========>..................] - ETA: 17s - loss: 2.3077 - accuracy: 0.0864
1500/3000 [==============>...............] - ETA: 15s - loss: 2.3078 - accuracy: 0.0907
1750/3000 [================>.............] - ETA: 12s - loss: 2.3069 - accuracy: 0.0926
2000/3000 [===================>..........] - ETA: 10s - loss: 2.3062 - accuracy: 0.0935
2250/3000 [=====================>........] - ETA: 7s - loss: 2.3056 - accuracy: 0.0902 
2500/3000 [========================>.....] - ETA: 5s - loss: 2.3057 - accuracy: 0.0892
2750/3000 [==========================>...] - ETA: 2s - loss: 2.3051 - accuracy: 0.0913
3000/3000 [==============================] - 31s 10ms/step - loss: 2.3051 - accuracy: 0.0913 - val_loss: 2.3019 - val_accuracy: 0.0987
Epoch 2/5

 250/3000 [=>............................] - ETA: 27s - loss: 2.3110 - accuracy: 0.0840
 500/3000 [====>.........................] - ETA: 24s - loss: 2.3090 - accuracy: 0.0880
 750/3000 [======>.......................] - ETA: 22s - loss: 2.3057 - accuracy: 0.1000
1000/3000 [=========>....................] - ETA: 19s - loss: 2.3047 - accuracy: 0.1010
1250/3000 [===========>..................] - ETA: 17s - loss: 2.3040 - accuracy: 0.1016
1500/3000 [==============>...............] - ETA: 14s - loss: 2.3051 - accuracy: 0.1007
1750/3000 [================>.............] - ETA: 12s - loss: 2.3053 - accuracy: 0.0989
2000/3000 [===================>..........] - ETA: 9s - loss: 2.3047 - accuracy: 0.0970 
2250/3000 [=====================>........] - ETA: 7s - loss: 2.3040 - accuracy: 0.0996
2500/3000 [========================>.....] - ETA: 4s - loss: 2.3043 - accuracy: 0.0968
2750/3000 [==========================>...] - ETA: 2s - loss: 2.3043 - accuracy: 0.0967
3000/3000 [==============================] - 30s 10ms/step - loss: 2.3041 - accuracy: 0.0943 - val_loss: 2.3017 - val_accuracy: 0.1027
Epoch 3/5

 250/3000 [=>............................] - ETA: 26s - loss: 2.3063 - accuracy: 0.1080
 500/3000 [====>.........................] - ETA: 25s - loss: 2.3085 - accuracy: 0.1000
 750/3000 [======>.......................] - ETA: 22s - loss: 2.3061 - accuracy: 0.0947
1000/3000 [=========>....................] - ETA: 19s - loss: 2.3057 - accuracy: 0.0900
1250/3000 [===========>..................] - ETA: 17s - loss: 2.3052 - accuracy: 0.0944
1500/3000 [==============>...............] - ETA: 14s - loss: 2.3048 - accuracy: 0.0960
1750/3000 [================>.............] - ETA: 12s - loss: 2.3043 - accuracy: 0.0954
2000/3000 [===================>..........] - ETA: 9s - loss: 2.3044 - accuracy: 0.0945 
2250/3000 [=====================>........] - ETA: 7s - loss: 2.3039 - accuracy: 0.0929
2500/3000 [========================>.....] - ETA: 4s - loss: 2.3039 - accuracy: 0.0944
2750/3000 [==========================>...] - ETA: 2s - loss: 2.3041 - accuracy: 0.0938
3000/3000 [==============================] - 30s 10ms/step - loss: 2.3037 - accuracy: 0.0913 - val_loss: 2.3017 - val_accuracy: 0.0947
Epoch 4/5

 250/3000 [=>............................] - ETA: 26s - loss: 2.3040 - accuracy: 0.0880
 500/3000 [====>.........................] - ETA: 24s - loss: 2.3041 - accuracy: 0.0900
 750/3000 [======>.......................] - ETA: 21s - loss: 2.3029 - accuracy: 0.0973
1000/3000 [=========>....................] - ETA: 19s - loss: 2.3025 - accuracy: 0.0940
1250/3000 [===========>..................] - ETA: 17s - loss: 2.3020 - accuracy: 0.0984
1500/3000 [==============>...............] - ETA: 14s - loss: 2.3022 - accuracy: 0.0913
1750/3000 [================>.............] - ETA: 12s - loss: 2.3021 - accuracy: 0.0971
2000/3000 [===================>..........] - ETA: 9s - loss: 2.3018 - accuracy: 0.0945 
2250/3000 [=====================>........] - ETA: 7s - loss: 2.3023 - accuracy: 0.0956
2500/3000 [========================>.....] - ETA: 4s - loss: 2.3028 - accuracy: 0.0944
2750/3000 [==========================>...] - ETA: 2s - loss: 2.3034 - accuracy: 0.0920
3000/3000 [==============================] - 30s 10ms/step - loss: 2.3034 - accuracy: 0.0920 - val_loss: 2.3016 - val_accuracy: 0.0960
Epoch 5/5

 250/3000 [=>............................] - ETA: 27s - loss: 2.3042 - accuracy: 0.0640
 500/3000 [====>.........................] - ETA: 24s - loss: 2.3051 - accuracy: 0.0940
 750/3000 [======>.......................] - ETA: 22s - loss: 2.3037 - accuracy: 0.0920
1000/3000 [=========>....................] - ETA: 19s - loss: 2.3044 - accuracy: 0.0910
1250/3000 [===========>..................] - ETA: 17s - loss: 2.3027 - accuracy: 0.0944
1500/3000 [==============>...............] - ETA: 14s - loss: 2.3020 - accuracy: 0.0913
1750/3000 [================>.............] - ETA: 12s - loss: 2.3018 - accuracy: 0.0949
2000/3000 [===================>..........] - ETA: 9s - loss: 2.3024 - accuracy: 0.0920 
2250/3000 [=====================>........] - ETA: 7s - loss: 2.3026 - accuracy: 0.0902
2500/3000 [========================>.....] - ETA: 4s - loss: 2.3025 - accuracy: 0.0916
2750/3000 [==========================>...] - ETA: 2s - loss: 2.3030 - accuracy: 0.0887
3000/3000 [==============================] - 30s 10ms/step - loss: 2.3029 - accuracy: 0.0890 - val_loss: 2.3016 - val_accuracy: 0.0973
Latency --- 150.88592624664307 seconds ---
For delta=0.000200, the current epsilon is: 1.0075
=====================Iteration========================== 10
For delta=0.000200, the current epsilon is: 1.0075
Noise Mutiplier 3.03
in grads Tensor("loss_9/mul:0", shape=(?,), dtype=float32)
Train on 3000 samples, validate on 750 samples
Epoch 1/5

 250/3000 [=>............................] - ETA: 29s - loss: 2.3021 - accuracy: 0.0960
 500/3000 [====>.........................] - ETA: 26s - loss: 2.3062 - accuracy: 0.0980
 750/3000 [======>.......................] - ETA: 22s - loss: 2.3051 - accuracy: 0.1080
1000/3000 [=========>....................] - ETA: 20s - loss: 2.3033 - accuracy: 0.1110
1250/3000 [===========>..................] - ETA: 17s - loss: 2.3044 - accuracy: 0.1144
1500/3000 [==============>...............] - ETA: 15s - loss: 2.3045 - accuracy: 0.1153
1750/3000 [================>.............] - ETA: 12s - loss: 2.3056 - accuracy: 0.1126
2000/3000 [===================>..........] - ETA: 10s - loss: 2.3067 - accuracy: 0.1100
2250/3000 [=====================>........] - ETA: 7s - loss: 2.3077 - accuracy: 0.1076 
2500/3000 [========================>.....] - ETA: 4s - loss: 2.3082 - accuracy: 0.1064
2750/3000 [==========================>...] - ETA: 2s - loss: 2.3079 - accuracy: 0.1076
3000/3000 [==============================] - 30s 10ms/step - loss: 2.3079 - accuracy: 0.1077 - val_loss: 2.3074 - val_accuracy: 0.0907
Epoch 2/5

 250/3000 [=>............................] - ETA: 27s - loss: 2.3054 - accuracy: 0.0800
 500/3000 [====>.........................] - ETA: 25s - loss: 2.3077 - accuracy: 0.0860
 750/3000 [======>.......................] - ETA: 22s - loss: 2.3085 - accuracy: 0.0827
1000/3000 [=========>....................] - ETA: 19s - loss: 2.3069 - accuracy: 0.0930
1250/3000 [===========>..................] - ETA: 17s - loss: 2.3066 - accuracy: 0.0976
1500/3000 [==============>...............] - ETA: 14s - loss: 2.3078 - accuracy: 0.1000
1750/3000 [================>.............] - ETA: 12s - loss: 2.3064 - accuracy: 0.1040
2000/3000 [===================>..........] - ETA: 10s - loss: 2.3050 - accuracy: 0.1080
2250/3000 [=====================>........] - ETA: 7s - loss: 2.3045 - accuracy: 0.1111 
2500/3000 [========================>.....] - ETA: 5s - loss: 2.3043 - accuracy: 0.1108
2750/3000 [==========================>...] - ETA: 2s - loss: 2.3051 - accuracy: 0.1080
3000/3000 [==============================] - 30s 10ms/step - loss: 2.3051 - accuracy: 0.1083 - val_loss: 2.3062 - val_accuracy: 0.0907
Epoch 3/5

 250/3000 [=>............................] - ETA: 26s - loss: 2.3024 - accuracy: 0.1360
 500/3000 [====>.........................] - ETA: 24s - loss: 2.3051 - accuracy: 0.1180
 750/3000 [======>.......................] - ETA: 22s - loss: 2.3016 - accuracy: 0.1253
1000/3000 [=========>....................] - ETA: 19s - loss: 2.3009 - accuracy: 0.1250
1250/3000 [===========>..................] - ETA: 17s - loss: 2.3015 - accuracy: 0.1224
1500/3000 [==============>...............] - ETA: 14s - loss: 2.3012 - accuracy: 0.1207
1750/3000 [================>.............] - ETA: 12s - loss: 2.3019 - accuracy: 0.1160
2000/3000 [===================>..........] - ETA: 9s - loss: 2.3021 - accuracy: 0.1145 
2250/3000 [=====================>........] - ETA: 7s - loss: 2.3027 - accuracy: 0.1093
2500/3000 [========================>.....] - ETA: 4s - loss: 2.3029 - accuracy: 0.1096
2750/3000 [==========================>...] - ETA: 2s - loss: 2.3030 - accuracy: 0.1069
3000/3000 [==============================] - 30s 10ms/step - loss: 2.3029 - accuracy: 0.1077 - val_loss: 2.3056 - val_accuracy: 0.0907
Epoch 4/5

 250/3000 [=>............................] - ETA: 29s - loss: 2.3024 - accuracy: 0.1160
 500/3000 [====>.........................] - ETA: 25s - loss: 2.3024 - accuracy: 0.1160
 750/3000 [======>.......................] - ETA: 22s - loss: 2.3029 - accuracy: 0.1093
1000/3000 [=========>....................] - ETA: 20s - loss: 2.3032 - accuracy: 0.1080
1250/3000 [===========>..................] - ETA: 17s - loss: 2.3026 - accuracy: 0.1080
1500/3000 [==============>...............] - ETA: 15s - loss: 2.3023 - accuracy: 0.1073
1750/3000 [================>.............] - ETA: 12s - loss: 2.3030 - accuracy: 0.1063
2000/3000 [===================>..........] - ETA: 9s - loss: 2.3019 - accuracy: 0.1070 
2250/3000 [=====================>........] - ETA: 7s - loss: 2.3013 - accuracy: 0.1093
2500/3000 [========================>.....] - ETA: 4s - loss: 2.3010 - accuracy: 0.1084
2750/3000 [==========================>...] - ETA: 2s - loss: 2.3010 - accuracy: 0.1084
3000/3000 [==============================] - 30s 10ms/step - loss: 2.3007 - accuracy: 0.1083 - val_loss: 2.3051 - val_accuracy: 0.0920
Epoch 5/5

 250/3000 [=>............................] - ETA: 28s - loss: 2.2987 - accuracy: 0.1120
 500/3000 [====>.........................] - ETA: 25s - loss: 2.2932 - accuracy: 0.1320
 750/3000 [======>.......................] - ETA: 22s - loss: 2.2956 - accuracy: 0.1227
1000/3000 [=========>....................] - ETA: 20s - loss: 2.2960 - accuracy: 0.1190
1250/3000 [===========>..................] - ETA: 17s - loss: 2.2970 - accuracy: 0.1136
1500/3000 [==============>...............] - ETA: 15s - loss: 2.2982 - accuracy: 0.1113
1750/3000 [================>.............] - ETA: 12s - loss: 2.2979 - accuracy: 0.1154
2000/3000 [===================>..........] - ETA: 9s - loss: 2.2981 - accuracy: 0.1165 
2250/3000 [=====================>........] - ETA: 7s - loss: 2.2981 - accuracy: 0.1133
2500/3000 [========================>.....] - ETA: 5s - loss: 2.2979 - accuracy: 0.1112
2750/3000 [==========================>...] - ETA: 2s - loss: 2.2984 - accuracy: 0.1124
3000/3000 [==============================] - 30s 10ms/step - loss: 2.2984 - accuracy: 0.1107 - val_loss: 2.3045 - val_accuracy: 0.0920
Latency --- 151.69379377365112 seconds ---
For delta=0.000200, the current epsilon is: 1.0075
