We are using Tensorflow version 1.15.2
Keras API version: 2.3.1
=====================Iteration========================== 1
For delta=0.000200, the current epsilon is: 0.1520
Noise Mutiplier 30
Downloading data from https://www.cs.toronto.edu/~kriz/cifar-10-python.tar.gz

     8192/170498071 [..............................] - ETA: 39:32
    40960/170498071 [..............................] - ETA: 15:42
    90112/170498071 [..............................] - ETA: 10:39
   188416/170498071 [..............................] - ETA: 6:47 
   401408/170498071 [..............................] - ETA: 3:58
   811008/170498071 [..............................] - ETA: 2:21
  1646592/170498071 [..............................] - ETA: 1:20
  3301376/170498071 [..............................] - ETA: 45s 
  5906432/170498071 [>.............................] - ETA: 26s
  6266880/170498071 [>.............................] - ETA: 26s
  7888896/170498071 [>.............................] - ETA: 21s
  9216000/170498071 [>.............................] - ETA: 19s
 10813440/170498071 [>.............................] - ETA: 17s
 11689984/170498071 [=>............................] - ETA: 16s
 13590528/170498071 [=>............................] - ETA: 14s
 14360576/170498071 [=>............................] - ETA: 14s
 16334848/170498071 [=>............................] - ETA: 13s
 17178624/170498071 [==>...........................] - ETA: 13s
 18849792/170498071 [==>...........................] - ETA: 12s
 19865600/170498071 [==>...........................] - ETA: 11s
 21553152/170498071 [==>...........................] - ETA: 11s
 22388736/170498071 [==>...........................] - ETA: 11s
 24502272/170498071 [===>..........................] - ETA: 10s
 25190400/170498071 [===>..........................] - ETA: 10s
 27009024/170498071 [===>..........................] - ETA: 9s 
 28024832/170498071 [===>..........................] - ETA: 9s
 29696000/170498071 [====>.........................] - ETA: 9s
 30695424/170498071 [====>.........................] - ETA: 9s
 32350208/170498071 [====>.........................] - ETA: 8s
 33316864/170498071 [====>.........................] - ETA: 8s
 34979840/170498071 [=====>........................] - ETA: 8s
 36069376/170498071 [=====>........................] - ETA: 8s
 37724160/170498071 [=====>........................] - ETA: 8s
 38658048/170498071 [=====>........................] - ETA: 8s
 40574976/170498071 [======>.......................] - ETA: 7s
 41459712/170498071 [======>.......................] - ETA: 7s
 43147264/170498071 [======>.......................] - ETA: 7s
 44343296/170498071 [======>.......................] - ETA: 7s
 45973504/170498071 [=======>......................] - ETA: 7s
 46948352/170498071 [=======>......................] - ETA: 7s
 48791552/170498071 [=======>......................] - ETA: 6s
 49684480/170498071 [=======>......................] - ETA: 6s
 51355648/170498071 [========>.....................] - ETA: 6s
 52387840/170498071 [========>.....................] - ETA: 6s
 54026240/170498071 [========>.....................] - ETA: 6s
 55025664/170498071 [========>.....................] - ETA: 6s
 56827904/170498071 [========>.....................] - ETA: 6s
 57794560/170498071 [=========>....................] - ETA: 6s
 59219968/170498071 [=========>....................] - ETA: 6s
 60497920/170498071 [=========>....................] - ETA: 5s
 62054400/170498071 [=========>....................] - ETA: 5s
 63070208/170498071 [==========>...................] - ETA: 5s
 64798720/170498071 [==========>...................] - ETA: 5s
 65822720/170498071 [==========>...................] - ETA: 5s
 67518464/170498071 [==========>...................] - ETA: 5s
 68575232/170498071 [===========>..................] - ETA: 5s
 70533120/170498071 [===========>..................] - ETA: 5s
 71114752/170498071 [===========>..................] - ETA: 5s
 72966144/170498071 [===========>..................] - ETA: 5s
 74145792/170498071 [============>.................] - ETA: 4s
 75816960/170498071 [============>.................] - ETA: 4s
 76800000/170498071 [============>.................] - ETA: 4s
 78422016/170498071 [============>.................] - ETA: 4s
 79683584/170498071 [=============>................] - ETA: 4s
 81084416/170498071 [=============>................] - ETA: 4s
 82321408/170498071 [=============>................] - ETA: 4s
 83984384/170498071 [=============>................] - ETA: 4s
 85057536/170498071 [=============>................] - ETA: 4s
 86892544/170498071 [==============>...............] - ETA: 4s
 87957504/170498071 [==============>...............] - ETA: 4s
 89579520/170498071 [==============>...............] - ETA: 4s
 90775552/170498071 [==============>...............] - ETA: 3s
 92184576/170498071 [===============>..............] - ETA: 3s
 93609984/170498071 [===============>..............] - ETA: 3s
 95248384/170498071 [===============>..............] - ETA: 3s
 96313344/170498071 [===============>..............] - ETA: 3s
 98361344/170498071 [================>.............] - ETA: 3s
 99295232/170498071 [================>.............] - ETA: 3s
101376000/170498071 [================>.............] - ETA: 3s
102227968/170498071 [================>.............] - ETA: 3s
104316928/170498071 [=================>............] - ETA: 3s
105046016/170498071 [=================>............] - ETA: 3s
107216896/170498071 [=================>............] - ETA: 3s
108060672/170498071 [==================>...........] - ETA: 2s
110051328/170498071 [==================>...........] - ETA: 2s
111108096/170498071 [==================>...........] - ETA: 2s
112877568/170498071 [==================>...........] - ETA: 2s
114073600/170498071 [===================>..........] - ETA: 2s
115851264/170498071 [===================>..........] - ETA: 2s
116973568/170498071 [===================>..........] - ETA: 2s
118792192/170498071 [===================>..........] - ETA: 2s
119775232/170498071 [====================>.........] - ETA: 2s
121339904/170498071 [====================>.........] - ETA: 2s
122724352/170498071 [====================>.........] - ETA: 2s
124542976/170498071 [====================>.........] - ETA: 2s
125542400/170498071 [=====================>........] - ETA: 2s
127320064/170498071 [=====================>........] - ETA: 2s
128327680/170498071 [=====================>........] - ETA: 1s
130146304/170498071 [=====================>........] - ETA: 1s
131440640/170498071 [======================>.......] - ETA: 1s
133046272/170498071 [======================>.......] - ETA: 1s
134520832/170498071 [======================>.......] - ETA: 1s
136208384/170498071 [======================>.......] - ETA: 1s
137289728/170498071 [=======================>......] - ETA: 1s
139034624/170498071 [=======================>......] - ETA: 1s
140173312/170498071 [=======================>......] - ETA: 1s
142180352/170498071 [========================>.....] - ETA: 1s
143187968/170498071 [========================>.....] - ETA: 1s
145072128/170498071 [========================>.....] - ETA: 1s
146153472/170498071 [========================>.....] - ETA: 1s
147865600/170498071 [=========================>....] - ETA: 1s
149102592/170498071 [=========================>....] - ETA: 0s
150953984/170498071 [=========================>....] - ETA: 0s
152068096/170498071 [=========================>....] - ETA: 0s
154001408/170498071 [==========================>...] - ETA: 0s
154968064/170498071 [==========================>...] - ETA: 0s
156778496/170498071 [==========================>...] - ETA: 0s
157982720/170498071 [==========================>...] - ETA: 0s
159842304/170498071 [===========================>..] - ETA: 0s
160964608/170498071 [===========================>..] - ETA: 0s
162840576/170498071 [===========================>..] - ETA: 0s
163880960/170498071 [===========================>..] - ETA: 0s
165552128/170498071 [============================>.] - ETA: 0s
166649856/170498071 [============================>.] - ETA: 0s
168501248/170498071 [============================>.] - ETA: 0s
169730048/170498071 [============================>.] - ETA: 0s
170500096/170498071 [==============================] - 8s 0us/step
in grads Tensor("loss/mul:0", shape=(), dtype=float32)
Train on 3000 samples, validate on 750 samples
Epoch 1/5

 250/3000 [=>............................] - ETA: 3s - loss: 2.3070 - accuracy: 0.1000
 500/3000 [====>.........................] - ETA: 2s - loss: 2.3057 - accuracy: 0.1020
 750/3000 [======>.......................] - ETA: 2s - loss: 2.3065 - accuracy: 0.1120
1000/3000 [=========>....................] - ETA: 2s - loss: 2.3041 - accuracy: 0.1160
1250/3000 [===========>..................] - ETA: 1s - loss: 2.3056 - accuracy: 0.1136
1500/3000 [==============>...............] - ETA: 1s - loss: 2.3039 - accuracy: 0.1220
1750/3000 [================>.............] - ETA: 1s - loss: 2.3021 - accuracy: 0.1229
2000/3000 [===================>..........] - ETA: 0s - loss: 2.3021 - accuracy: 0.1200
2250/3000 [=====================>........] - ETA: 0s - loss: 2.3012 - accuracy: 0.1218
2500/3000 [========================>.....] - ETA: 0s - loss: 2.2998 - accuracy: 0.1308
2750/3000 [==========================>...] - ETA: 0s - loss: 2.2977 - accuracy: 0.1396
3000/3000 [==============================] - 3s 1ms/step - loss: 2.2959 - accuracy: 0.1460 - val_loss: 2.3075 - val_accuracy: 0.0893
Epoch 2/5

 250/3000 [=>............................] - ETA: 2s - loss: 2.2680 - accuracy: 0.2240
 500/3000 [====>.........................] - ETA: 2s - loss: 2.2631 - accuracy: 0.1980
 750/3000 [======>.......................] - ETA: 2s - loss: 2.2582 - accuracy: 0.1920
1000/3000 [=========>....................] - ETA: 1s - loss: 2.2556 - accuracy: 0.1810
1250/3000 [===========>..................] - ETA: 1s - loss: 2.2535 - accuracy: 0.1752
1500/3000 [==============>...............] - ETA: 1s - loss: 2.2446 - accuracy: 0.1907
1750/3000 [================>.............] - ETA: 1s - loss: 2.2381 - accuracy: 0.2017
2000/3000 [===================>..........] - ETA: 0s - loss: 2.2280 - accuracy: 0.2115
2250/3000 [=====================>........] - ETA: 0s - loss: 2.2185 - accuracy: 0.2178
2500/3000 [========================>.....] - ETA: 0s - loss: 2.2119 - accuracy: 0.2172
2750/3000 [==========================>...] - ETA: 0s - loss: 2.2003 - accuracy: 0.2204
3000/3000 [==============================] - 3s 972us/step - loss: 2.1904 - accuracy: 0.2240 - val_loss: 2.4641 - val_accuracy: 0.0867
Epoch 3/5

 250/3000 [=>............................] - ETA: 2s - loss: 2.0616 - accuracy: 0.2320
 500/3000 [====>.........................] - ETA: 2s - loss: 2.0587 - accuracy: 0.2380
 750/3000 [======>.......................] - ETA: 2s - loss: 2.0323 - accuracy: 0.2480
1000/3000 [=========>....................] - ETA: 1s - loss: 2.0285 - accuracy: 0.2640
1250/3000 [===========>..................] - ETA: 1s - loss: 2.0392 - accuracy: 0.2624
1500/3000 [==============>...............] - ETA: 1s - loss: 2.0405 - accuracy: 0.2580
1750/3000 [================>.............] - ETA: 1s - loss: 2.0338 - accuracy: 0.2634
2000/3000 [===================>..........] - ETA: 0s - loss: 2.0234 - accuracy: 0.2675
2250/3000 [=====================>........] - ETA: 0s - loss: 2.0146 - accuracy: 0.2671
2500/3000 [========================>.....] - ETA: 0s - loss: 2.0140 - accuracy: 0.2736
2750/3000 [==========================>...] - ETA: 0s - loss: 2.0083 - accuracy: 0.2764
3000/3000 [==============================] - 3s 993us/step - loss: 2.0068 - accuracy: 0.2800 - val_loss: 2.7272 - val_accuracy: 0.0920
Epoch 4/5

 250/3000 [=>............................] - ETA: 2s - loss: 1.8815 - accuracy: 0.3240
 500/3000 [====>.........................] - ETA: 2s - loss: 1.8833 - accuracy: 0.3180
 750/3000 [======>.......................] - ETA: 2s - loss: 1.8940 - accuracy: 0.3147
1000/3000 [=========>....................] - ETA: 1s - loss: 1.9164 - accuracy: 0.3100
1250/3000 [===========>..................] - ETA: 1s - loss: 1.9113 - accuracy: 0.3104
1500/3000 [==============>...............] - ETA: 1s - loss: 1.8984 - accuracy: 0.3093
1750/3000 [================>.............] - ETA: 1s - loss: 1.9030 - accuracy: 0.3097
2000/3000 [===================>..........] - ETA: 0s - loss: 1.8907 - accuracy: 0.3210
2250/3000 [=====================>........] - ETA: 0s - loss: 1.8788 - accuracy: 0.3311
2500/3000 [========================>.....] - ETA: 0s - loss: 1.8865 - accuracy: 0.3260
2750/3000 [==========================>...] - ETA: 0s - loss: 1.8885 - accuracy: 0.3269
3000/3000 [==============================] - 3s 983us/step - loss: 1.8909 - accuracy: 0.3283 - val_loss: 2.8297 - val_accuracy: 0.0973
Epoch 5/5

 250/3000 [=>............................] - ETA: 2s - loss: 1.8414 - accuracy: 0.3560
 500/3000 [====>.........................] - ETA: 2s - loss: 1.8591 - accuracy: 0.3420
 750/3000 [======>.......................] - ETA: 2s - loss: 1.8306 - accuracy: 0.3400
1000/3000 [=========>....................] - ETA: 1s - loss: 1.8024 - accuracy: 0.3550
1250/3000 [===========>..................] - ETA: 1s - loss: 1.8035 - accuracy: 0.3480
1500/3000 [==============>...............] - ETA: 1s - loss: 1.7981 - accuracy: 0.3500
1750/3000 [================>.............] - ETA: 1s - loss: 1.8034 - accuracy: 0.3434
2000/3000 [===================>..........] - ETA: 0s - loss: 1.7967 - accuracy: 0.3465
2250/3000 [=====================>........] - ETA: 0s - loss: 1.8116 - accuracy: 0.3387
2500/3000 [========================>.....] - ETA: 0s - loss: 1.8053 - accuracy: 0.3416
2750/3000 [==========================>...] - ETA: 0s - loss: 1.8050 - accuracy: 0.3451
3000/3000 [==============================] - 3s 975us/step - loss: 1.8066 - accuracy: 0.3487 - val_loss: 3.0117 - val_accuracy: 0.0880
Latency --- 15.134341478347778 seconds ---
Trained with vanilla non-private SGD optimizer
Saving model with new accuracy, previous accuracy was 0 and present is 0.3486666679382324
Saved model to disk
=====================Iteration========================== 2
For delta=0.000200, the current epsilon is: 0.1520
Noise Mutiplier 30
in grads Tensor("loss_1/mul:0", shape=(), dtype=float32)
Train on 3000 samples, validate on 750 samples
Epoch 1/5

 250/3000 [=>............................] - ETA: 3s - loss: 2.3024 - accuracy: 0.1040
 500/3000 [====>.........................] - ETA: 2s - loss: 2.3036 - accuracy: 0.0920
 750/3000 [======>.......................] - ETA: 2s - loss: 2.3026 - accuracy: 0.0893
1000/3000 [=========>....................] - ETA: 1s - loss: 2.3002 - accuracy: 0.0950
1250/3000 [===========>..................] - ETA: 1s - loss: 2.2978 - accuracy: 0.1072
1500/3000 [==============>...............] - ETA: 1s - loss: 2.2965 - accuracy: 0.1087
1750/3000 [================>.............] - ETA: 1s - loss: 2.2933 - accuracy: 0.1114
2000/3000 [===================>..........] - ETA: 0s - loss: 2.2923 - accuracy: 0.1105
2250/3000 [=====================>........] - ETA: 0s - loss: 2.2883 - accuracy: 0.1218
2500/3000 [========================>.....] - ETA: 0s - loss: 2.2827 - accuracy: 0.1340
2750/3000 [==========================>...] - ETA: 0s - loss: 2.2792 - accuracy: 0.1349
3000/3000 [==============================] - 3s 1ms/step - loss: 2.2744 - accuracy: 0.1393 - val_loss: 2.3422 - val_accuracy: 0.1027
Epoch 2/5

 250/3000 [=>............................] - ETA: 2s - loss: 2.2028 - accuracy: 0.1880
 500/3000 [====>.........................] - ETA: 2s - loss: 2.1971 - accuracy: 0.1720
 750/3000 [======>.......................] - ETA: 2s - loss: 2.1908 - accuracy: 0.1827
1000/3000 [=========>....................] - ETA: 1s - loss: 2.1757 - accuracy: 0.1980
1250/3000 [===========>..................] - ETA: 1s - loss: 2.1526 - accuracy: 0.2144
1500/3000 [==============>...............] - ETA: 1s - loss: 2.1400 - accuracy: 0.2153
1750/3000 [================>.............] - ETA: 1s - loss: 2.1391 - accuracy: 0.2114
2000/3000 [===================>..........] - ETA: 0s - loss: 2.1282 - accuracy: 0.2150
2250/3000 [=====================>........] - ETA: 0s - loss: 2.1231 - accuracy: 0.2147
2500/3000 [========================>.....] - ETA: 0s - loss: 2.1237 - accuracy: 0.2164
2750/3000 [==========================>...] - ETA: 0s - loss: 2.1108 - accuracy: 0.2178
3000/3000 [==============================] - 3s 987us/step - loss: 2.1065 - accuracy: 0.2193 - val_loss: 2.6452 - val_accuracy: 0.0960
Epoch 3/5

 250/3000 [=>............................] - ETA: 2s - loss: 1.9769 - accuracy: 0.2680
 500/3000 [====>.........................] - ETA: 2s - loss: 1.9955 - accuracy: 0.2540
 750/3000 [======>.......................] - ETA: 2s - loss: 1.9955 - accuracy: 0.2573
1000/3000 [=========>....................] - ETA: 1s - loss: 2.0012 - accuracy: 0.2540
1250/3000 [===========>..................] - ETA: 1s - loss: 1.9897 - accuracy: 0.2584
1500/3000 [==============>...............] - ETA: 1s - loss: 1.9835 - accuracy: 0.2613
1750/3000 [================>.............] - ETA: 1s - loss: 1.9822 - accuracy: 0.2629
2000/3000 [===================>..........] - ETA: 0s - loss: 1.9806 - accuracy: 0.2645
2250/3000 [=====================>........] - ETA: 0s - loss: 1.9704 - accuracy: 0.2640
2500/3000 [========================>.....] - ETA: 0s - loss: 1.9763 - accuracy: 0.2636
2750/3000 [==========================>...] - ETA: 0s - loss: 1.9671 - accuracy: 0.2684
3000/3000 [==============================] - 3s 994us/step - loss: 1.9586 - accuracy: 0.2710 - val_loss: 2.7975 - val_accuracy: 0.0933
Epoch 4/5

 250/3000 [=>............................] - ETA: 2s - loss: 1.7893 - accuracy: 0.3440
 500/3000 [====>.........................] - ETA: 2s - loss: 1.8548 - accuracy: 0.3200
 750/3000 [======>.......................] - ETA: 2s - loss: 1.8714 - accuracy: 0.3040
1000/3000 [=========>....................] - ETA: 1s - loss: 1.8645 - accuracy: 0.3150
1250/3000 [===========>..................] - ETA: 1s - loss: 1.8669 - accuracy: 0.3128
1500/3000 [==============>...............] - ETA: 1s - loss: 1.8768 - accuracy: 0.3047
1750/3000 [================>.............] - ETA: 1s - loss: 1.8684 - accuracy: 0.3057
2000/3000 [===================>..........] - ETA: 0s - loss: 1.8586 - accuracy: 0.3065
2250/3000 [=====================>........] - ETA: 0s - loss: 1.8633 - accuracy: 0.3067
2500/3000 [========================>.....] - ETA: 0s - loss: 1.8563 - accuracy: 0.3092
2750/3000 [==========================>...] - ETA: 0s - loss: 1.8481 - accuracy: 0.3135
3000/3000 [==============================] - 3s 1ms/step - loss: 1.8416 - accuracy: 0.3183 - val_loss: 3.0955 - val_accuracy: 0.0987
Epoch 5/5

 250/3000 [=>............................] - ETA: 2s - loss: 1.7971 - accuracy: 0.3520
 500/3000 [====>.........................] - ETA: 2s - loss: 1.7967 - accuracy: 0.3420
 750/3000 [======>.......................] - ETA: 2s - loss: 1.8101 - accuracy: 0.3347
1000/3000 [=========>....................] - ETA: 1s - loss: 1.8035 - accuracy: 0.3440
1250/3000 [===========>..................] - ETA: 1s - loss: 1.7949 - accuracy: 0.3464
1500/3000 [==============>...............] - ETA: 1s - loss: 1.7885 - accuracy: 0.3473
1750/3000 [================>.............] - ETA: 1s - loss: 1.7810 - accuracy: 0.3480
2000/3000 [===================>..........] - ETA: 0s - loss: 1.7766 - accuracy: 0.3490
2250/3000 [=====================>........] - ETA: 0s - loss: 1.7619 - accuracy: 0.3560
2500/3000 [========================>.....] - ETA: 0s - loss: 1.7623 - accuracy: 0.3508
2750/3000 [==========================>...] - ETA: 0s - loss: 1.7593 - accuracy: 0.3531
3000/3000 [==============================] - 3s 987us/step - loss: 1.7523 - accuracy: 0.3563 - val_loss: 3.1872 - val_accuracy: 0.1000
Latency --- 15.381912469863892 seconds ---
Trained with vanilla non-private SGD optimizer
Saving model with new accuracy, previous accuracy was 0.3486666679382324 and present is 0.35633334517478943
Saved model to disk
=====================Iteration========================== 3
For delta=0.000200, the current epsilon is: 0.1520
Noise Mutiplier 30
in grads Tensor("loss_2/mul:0", shape=(), dtype=float32)
Train on 3000 samples, validate on 750 samples
Epoch 1/5

 250/3000 [=>............................] - ETA: 3s - loss: 2.2958 - accuracy: 0.1040
 500/3000 [====>.........................] - ETA: 2s - loss: 2.3005 - accuracy: 0.1160
 750/3000 [======>.......................] - ETA: 2s - loss: 2.2943 - accuracy: 0.1440
1000/3000 [=========>....................] - ETA: 2s - loss: 2.2916 - accuracy: 0.1430
1250/3000 [===========>..................] - ETA: 1s - loss: 2.2854 - accuracy: 0.1488
1500/3000 [==============>...............] - ETA: 1s - loss: 2.2817 - accuracy: 0.1460
1750/3000 [================>.............] - ETA: 1s - loss: 2.2760 - accuracy: 0.1514
2000/3000 [===================>..........] - ETA: 0s - loss: 2.2686 - accuracy: 0.1555
2250/3000 [=====================>........] - ETA: 0s - loss: 2.2607 - accuracy: 0.1640
2500/3000 [========================>.....] - ETA: 0s - loss: 2.2503 - accuracy: 0.1660
2750/3000 [==========================>...] - ETA: 0s - loss: 2.2419 - accuracy: 0.1684
3000/3000 [==============================] - 3s 1ms/step - loss: 2.2339 - accuracy: 0.1733 - val_loss: 2.4742 - val_accuracy: 0.1027
Epoch 2/5

 250/3000 [=>............................] - ETA: 2s - loss: 2.1531 - accuracy: 0.2040
 500/3000 [====>.........................] - ETA: 2s - loss: 2.1272 - accuracy: 0.2160
 750/3000 [======>.......................] - ETA: 2s - loss: 2.1203 - accuracy: 0.2160
1000/3000 [=========>....................] - ETA: 1s - loss: 2.1051 - accuracy: 0.2170
1250/3000 [===========>..................] - ETA: 1s - loss: 2.0891 - accuracy: 0.2080
1500/3000 [==============>...............] - ETA: 1s - loss: 2.0785 - accuracy: 0.2173
1750/3000 [================>.............] - ETA: 1s - loss: 2.0751 - accuracy: 0.2194
2000/3000 [===================>..........] - ETA: 0s - loss: 2.0723 - accuracy: 0.2250
2250/3000 [=====================>........] - ETA: 0s - loss: 2.0695 - accuracy: 0.2249
2500/3000 [========================>.....] - ETA: 0s - loss: 2.0639 - accuracy: 0.2228
2750/3000 [==========================>...] - ETA: 0s - loss: 2.0516 - accuracy: 0.2320
3000/3000 [==============================] - 3s 980us/step - loss: 2.0520 - accuracy: 0.2323 - val_loss: 2.7749 - val_accuracy: 0.0933
Epoch 3/5

 250/3000 [=>............................] - ETA: 2s - loss: 1.9915 - accuracy: 0.2800
 500/3000 [====>.........................] - ETA: 2s - loss: 2.0109 - accuracy: 0.2580
 750/3000 [======>.......................] - ETA: 2s - loss: 1.9706 - accuracy: 0.2760
1000/3000 [=========>....................] - ETA: 1s - loss: 1.9579 - accuracy: 0.2780
1250/3000 [===========>..................] - ETA: 1s - loss: 1.9806 - accuracy: 0.2640
1500/3000 [==============>...............] - ETA: 1s - loss: 1.9717 - accuracy: 0.2753
1750/3000 [================>.............] - ETA: 1s - loss: 1.9737 - accuracy: 0.2800
2000/3000 [===================>..........] - ETA: 0s - loss: 1.9735 - accuracy: 0.2785
2250/3000 [=====================>........] - ETA: 0s - loss: 1.9713 - accuracy: 0.2844
2500/3000 [========================>.....] - ETA: 0s - loss: 1.9612 - accuracy: 0.2872
2750/3000 [==========================>...] - ETA: 0s - loss: 1.9610 - accuracy: 0.2876
3000/3000 [==============================] - 3s 972us/step - loss: 1.9537 - accuracy: 0.2880 - val_loss: 2.7371 - val_accuracy: 0.0867
Epoch 4/5

 250/3000 [=>............................] - ETA: 2s - loss: 1.8241 - accuracy: 0.3320
 500/3000 [====>.........................] - ETA: 2s - loss: 1.8747 - accuracy: 0.3060
 750/3000 [======>.......................] - ETA: 2s - loss: 1.8449 - accuracy: 0.3133
1000/3000 [=========>....................] - ETA: 1s - loss: 1.8563 - accuracy: 0.3120
1250/3000 [===========>..................] - ETA: 1s - loss: 1.8614 - accuracy: 0.3240
1500/3000 [==============>...............] - ETA: 1s - loss: 1.8685 - accuracy: 0.3233
1750/3000 [================>.............] - ETA: 1s - loss: 1.8603 - accuracy: 0.3246
2000/3000 [===================>..........] - ETA: 0s - loss: 1.8535 - accuracy: 0.3285
2250/3000 [=====================>........] - ETA: 0s - loss: 1.8518 - accuracy: 0.3311
2500/3000 [========================>.....] - ETA: 0s - loss: 1.8570 - accuracy: 0.3260
2750/3000 [==========================>...] - ETA: 0s - loss: 1.8489 - accuracy: 0.3287
3000/3000 [==============================] - 3s 990us/step - loss: 1.8414 - accuracy: 0.3290 - val_loss: 2.9631 - val_accuracy: 0.1040
Epoch 5/5

 250/3000 [=>............................] - ETA: 2s - loss: 1.7965 - accuracy: 0.3360
 500/3000 [====>.........................] - ETA: 2s - loss: 1.7562 - accuracy: 0.3740
 750/3000 [======>.......................] - ETA: 2s - loss: 1.7491 - accuracy: 0.3760
1000/3000 [=========>....................] - ETA: 1s - loss: 1.7378 - accuracy: 0.3770
1250/3000 [===========>..................] - ETA: 1s - loss: 1.7357 - accuracy: 0.3832
1500/3000 [==============>...............] - ETA: 1s - loss: 1.7382 - accuracy: 0.3880
1750/3000 [================>.............] - ETA: 1s - loss: 1.7420 - accuracy: 0.3794
2000/3000 [===================>..........] - ETA: 0s - loss: 1.7263 - accuracy: 0.3815
2250/3000 [=====================>........] - ETA: 0s - loss: 1.7420 - accuracy: 0.3769
2500/3000 [========================>.....] - ETA: 0s - loss: 1.7394 - accuracy: 0.3768
2750/3000 [==========================>...] - ETA: 0s - loss: 1.7436 - accuracy: 0.3767
3000/3000 [==============================] - 3s 987us/step - loss: 1.7480 - accuracy: 0.3733 - val_loss: 3.1592 - val_accuracy: 0.0880
Latency --- 15.287273406982422 seconds ---
Trained with vanilla non-private SGD optimizer
Saving model with new accuracy, previous accuracy was 0.35633334517478943 and present is 0.3733333349227905
Saved model to disk
=====================Iteration========================== 4
For delta=0.000200, the current epsilon is: 0.1520
Noise Mutiplier 30
in grads Tensor("loss_3/mul:0", shape=(), dtype=float32)
Train on 3000 samples, validate on 750 samples
Epoch 1/5

 250/3000 [=>............................] - ETA: 3s - loss: 2.3082 - accuracy: 0.0920
 500/3000 [====>.........................] - ETA: 2s - loss: 2.3041 - accuracy: 0.1060
 750/3000 [======>.......................] - ETA: 2s - loss: 2.3011 - accuracy: 0.1040
1000/3000 [=========>....................] - ETA: 1s - loss: 2.2953 - accuracy: 0.1050
1250/3000 [===========>..................] - ETA: 1s - loss: 2.2950 - accuracy: 0.1080
1500/3000 [==============>...............] - ETA: 1s - loss: 2.2908 - accuracy: 0.1113
1750/3000 [================>.............] - ETA: 1s - loss: 2.2872 - accuracy: 0.1274
2000/3000 [===================>..........] - ETA: 0s - loss: 2.2848 - accuracy: 0.1305
2250/3000 [=====================>........] - ETA: 0s - loss: 2.2793 - accuracy: 0.1453
2500/3000 [========================>.....] - ETA: 0s - loss: 2.2741 - accuracy: 0.1512
2750/3000 [==========================>...] - ETA: 0s - loss: 2.2701 - accuracy: 0.1509
3000/3000 [==============================] - 3s 999us/step - loss: 2.2642 - accuracy: 0.1593 - val_loss: 2.3496 - val_accuracy: 0.1013
Epoch 2/5

 250/3000 [=>............................] - ETA: 2s - loss: 2.1695 - accuracy: 0.2120
 500/3000 [====>.........................] - ETA: 2s - loss: 2.1471 - accuracy: 0.2080
 750/3000 [======>.......................] - ETA: 2s - loss: 2.1403 - accuracy: 0.2093
1000/3000 [=========>....................] - ETA: 1s - loss: 2.1270 - accuracy: 0.2090
1250/3000 [===========>..................] - ETA: 1s - loss: 2.1172 - accuracy: 0.2080
1500/3000 [==============>...............] - ETA: 1s - loss: 2.1103 - accuracy: 0.2153
1750/3000 [================>.............] - ETA: 1s - loss: 2.1131 - accuracy: 0.2137
2000/3000 [===================>..........] - ETA: 0s - loss: 2.1105 - accuracy: 0.2210
2250/3000 [=====================>........] - ETA: 0s - loss: 2.0983 - accuracy: 0.2244
2500/3000 [========================>.....] - ETA: 0s - loss: 2.0952 - accuracy: 0.2272
2750/3000 [==========================>...] - ETA: 0s - loss: 2.0874 - accuracy: 0.2331
3000/3000 [==============================] - 3s 986us/step - loss: 2.0818 - accuracy: 0.2370 - val_loss: 2.6297 - val_accuracy: 0.1040
Epoch 3/5

 250/3000 [=>............................] - ETA: 2s - loss: 2.0287 - accuracy: 0.2960
 500/3000 [====>.........................] - ETA: 2s - loss: 2.0184 - accuracy: 0.2960
 750/3000 [======>.......................] - ETA: 2s - loss: 1.9899 - accuracy: 0.2960
1000/3000 [=========>....................] - ETA: 1s - loss: 1.9794 - accuracy: 0.2910
1250/3000 [===========>..................] - ETA: 1s - loss: 1.9865 - accuracy: 0.2848
1500/3000 [==============>...............] - ETA: 1s - loss: 1.9775 - accuracy: 0.2833
1750/3000 [================>.............] - ETA: 1s - loss: 1.9687 - accuracy: 0.2903
2000/3000 [===================>..........] - ETA: 0s - loss: 1.9583 - accuracy: 0.2980
2250/3000 [=====================>........] - ETA: 0s - loss: 1.9481 - accuracy: 0.3049
2500/3000 [========================>.....] - ETA: 0s - loss: 1.9395 - accuracy: 0.3048
2750/3000 [==========================>...] - ETA: 0s - loss: 1.9318 - accuracy: 0.3087
3000/3000 [==============================] - 3s 989us/step - loss: 1.9383 - accuracy: 0.3047 - val_loss: 2.8202 - val_accuracy: 0.1027
Epoch 4/5

 250/3000 [=>............................] - ETA: 2s - loss: 1.8774 - accuracy: 0.3160
 500/3000 [====>.........................] - ETA: 2s - loss: 1.8432 - accuracy: 0.3620
 750/3000 [======>.......................] - ETA: 2s - loss: 1.8611 - accuracy: 0.3493
1000/3000 [=========>....................] - ETA: 1s - loss: 1.8640 - accuracy: 0.3370
1250/3000 [===========>..................] - ETA: 1s - loss: 1.8589 - accuracy: 0.3336
1500/3000 [==============>...............] - ETA: 1s - loss: 1.8534 - accuracy: 0.3367
1750/3000 [================>.............] - ETA: 1s - loss: 1.8531 - accuracy: 0.3343
2000/3000 [===================>..........] - ETA: 0s - loss: 1.8533 - accuracy: 0.3350
2250/3000 [=====================>........] - ETA: 0s - loss: 1.8432 - accuracy: 0.3364
2500/3000 [========================>.....] - ETA: 0s - loss: 1.8442 - accuracy: 0.3344
2750/3000 [==========================>...] - ETA: 0s - loss: 1.8401 - accuracy: 0.3367
3000/3000 [==============================] - 3s 990us/step - loss: 1.8419 - accuracy: 0.3360 - val_loss: 2.9819 - val_accuracy: 0.0960
Epoch 5/5

 250/3000 [=>............................] - ETA: 2s - loss: 1.6992 - accuracy: 0.3920
 500/3000 [====>.........................] - ETA: 2s - loss: 1.7640 - accuracy: 0.3680
 750/3000 [======>.......................] - ETA: 2s - loss: 1.7736 - accuracy: 0.3653
1000/3000 [=========>....................] - ETA: 1s - loss: 1.7836 - accuracy: 0.3610
1250/3000 [===========>..................] - ETA: 1s - loss: 1.7814 - accuracy: 0.3600
1500/3000 [==============>...............] - ETA: 1s - loss: 1.7789 - accuracy: 0.3607
1750/3000 [================>.............] - ETA: 1s - loss: 1.7740 - accuracy: 0.3651
2000/3000 [===================>..........] - ETA: 0s - loss: 1.7706 - accuracy: 0.3650
2250/3000 [=====================>........] - ETA: 0s - loss: 1.7647 - accuracy: 0.3671
2500/3000 [========================>.....] - ETA: 0s - loss: 1.7703 - accuracy: 0.3668
2750/3000 [==========================>...] - ETA: 0s - loss: 1.7724 - accuracy: 0.3618
3000/3000 [==============================] - 3s 990us/step - loss: 1.7667 - accuracy: 0.3640 - val_loss: 3.0924 - val_accuracy: 0.0960
Latency --- 15.376755237579346 seconds ---
Trained with vanilla non-private SGD optimizer
=====================Iteration========================== 5
For delta=0.000200, the current epsilon is: 0.1520
Noise Mutiplier 30
in grads Tensor("loss_4/mul:0", shape=(), dtype=float32)
Train on 3000 samples, validate on 750 samples
Epoch 1/5

 250/3000 [=>............................] - ETA: 3s - loss: 2.3105 - accuracy: 0.1000
 500/3000 [====>.........................] - ETA: 2s - loss: 2.3087 - accuracy: 0.0960
 750/3000 [======>.......................] - ETA: 2s - loss: 2.3052 - accuracy: 0.1013
1000/3000 [=========>....................] - ETA: 1s - loss: 2.3030 - accuracy: 0.1090
1250/3000 [===========>..................] - ETA: 1s - loss: 2.3040 - accuracy: 0.1016
1500/3000 [==============>...............] - ETA: 1s - loss: 2.3011 - accuracy: 0.1127
1750/3000 [================>.............] - ETA: 1s - loss: 2.3008 - accuracy: 0.1194
2000/3000 [===================>..........] - ETA: 0s - loss: 2.2993 - accuracy: 0.1285
2250/3000 [=====================>........] - ETA: 0s - loss: 2.2981 - accuracy: 0.1333
2500/3000 [========================>.....] - ETA: 0s - loss: 2.2945 - accuracy: 0.1380
2750/3000 [==========================>...] - ETA: 0s - loss: 2.2940 - accuracy: 0.1338
3000/3000 [==============================] - 3s 1ms/step - loss: 2.2910 - accuracy: 0.1313 - val_loss: 2.3258 - val_accuracy: 0.1040
Epoch 2/5

 250/3000 [=>............................] - ETA: 2s - loss: 2.2754 - accuracy: 0.0840
 500/3000 [====>.........................] - ETA: 2s - loss: 2.2666 - accuracy: 0.1040
 750/3000 [======>.......................] - ETA: 1s - loss: 2.2554 - accuracy: 0.1333
1000/3000 [=========>....................] - ETA: 1s - loss: 2.2447 - accuracy: 0.1620
1250/3000 [===========>..................] - ETA: 1s - loss: 2.2371 - accuracy: 0.1776
1500/3000 [==============>...............] - ETA: 1s - loss: 2.2266 - accuracy: 0.1847
1750/3000 [================>.............] - ETA: 1s - loss: 2.2187 - accuracy: 0.1943
2000/3000 [===================>..........] - ETA: 0s - loss: 2.2081 - accuracy: 0.2015
2250/3000 [=====================>........] - ETA: 0s - loss: 2.2010 - accuracy: 0.2053
2500/3000 [========================>.....] - ETA: 0s - loss: 2.1903 - accuracy: 0.2068
2750/3000 [==========================>...] - ETA: 0s - loss: 2.1809 - accuracy: 0.2113
3000/3000 [==============================] - 3s 973us/step - loss: 2.1757 - accuracy: 0.2120 - val_loss: 2.5221 - val_accuracy: 0.0973
Epoch 3/5

 250/3000 [=>............................] - ETA: 2s - loss: 2.0212 - accuracy: 0.2400
 500/3000 [====>.........................] - ETA: 2s - loss: 2.0674 - accuracy: 0.2460
 750/3000 [======>.......................] - ETA: 2s - loss: 2.0440 - accuracy: 0.2520
1000/3000 [=========>....................] - ETA: 1s - loss: 2.0356 - accuracy: 0.2640
1250/3000 [===========>..................] - ETA: 1s - loss: 2.0439 - accuracy: 0.2576
1500/3000 [==============>...............] - ETA: 1s - loss: 2.0446 - accuracy: 0.2540
1750/3000 [================>.............] - ETA: 1s - loss: 2.0481 - accuracy: 0.2486
2000/3000 [===================>..........] - ETA: 0s - loss: 2.0457 - accuracy: 0.2505
2250/3000 [=====================>........] - ETA: 0s - loss: 2.0311 - accuracy: 0.2596
2500/3000 [========================>.....] - ETA: 0s - loss: 2.0329 - accuracy: 0.2588
2750/3000 [==========================>...] - ETA: 0s - loss: 2.0268 - accuracy: 0.2691
3000/3000 [==============================] - 3s 973us/step - loss: 2.0243 - accuracy: 0.2673 - val_loss: 2.6710 - val_accuracy: 0.0973
Epoch 4/5

 250/3000 [=>............................] - ETA: 2s - loss: 1.9595 - accuracy: 0.2720
 500/3000 [====>.........................] - ETA: 2s - loss: 1.9421 - accuracy: 0.3020
 750/3000 [======>.......................] - ETA: 2s - loss: 1.9325 - accuracy: 0.3040
1000/3000 [=========>....................] - ETA: 1s - loss: 1.9410 - accuracy: 0.2970
1250/3000 [===========>..................] - ETA: 1s - loss: 1.9241 - accuracy: 0.3000
1500/3000 [==============>...............] - ETA: 1s - loss: 1.9137 - accuracy: 0.2993
1750/3000 [================>.............] - ETA: 1s - loss: 1.9188 - accuracy: 0.2949
2000/3000 [===================>..........] - ETA: 0s - loss: 1.9123 - accuracy: 0.2925
2250/3000 [=====================>........] - ETA: 0s - loss: 1.9087 - accuracy: 0.2951
2500/3000 [========================>.....] - ETA: 0s - loss: 1.9131 - accuracy: 0.2964
2750/3000 [==========================>...] - ETA: 0s - loss: 1.9169 - accuracy: 0.2982
3000/3000 [==============================] - 3s 966us/step - loss: 1.9119 - accuracy: 0.2997 - val_loss: 2.8411 - val_accuracy: 0.0867
Epoch 5/5

 250/3000 [=>............................] - ETA: 2s - loss: 1.8558 - accuracy: 0.3200
 500/3000 [====>.........................] - ETA: 2s - loss: 1.8376 - accuracy: 0.3320
 750/3000 [======>.......................] - ETA: 2s - loss: 1.8546 - accuracy: 0.3173
1000/3000 [=========>....................] - ETA: 1s - loss: 1.8539 - accuracy: 0.3130
1250/3000 [===========>..................] - ETA: 1s - loss: 1.8430 - accuracy: 0.3096
1500/3000 [==============>...............] - ETA: 1s - loss: 1.8480 - accuracy: 0.3193
1750/3000 [================>.............] - ETA: 1s - loss: 1.8350 - accuracy: 0.3211
2000/3000 [===================>..........] - ETA: 0s - loss: 1.8353 - accuracy: 0.3225
2250/3000 [=====================>........] - ETA: 0s - loss: 1.8287 - accuracy: 0.3258
2500/3000 [========================>.....] - ETA: 0s - loss: 1.8263 - accuracy: 0.3300
2750/3000 [==========================>...] - ETA: 0s - loss: 1.8247 - accuracy: 0.3287
3000/3000 [==============================] - 3s 988us/step - loss: 1.8224 - accuracy: 0.3273 - val_loss: 3.0183 - val_accuracy: 0.1067
Latency --- 15.282082796096802 seconds ---
Trained with vanilla non-private SGD optimizer
=====================Iteration========================== 6
For delta=0.000200, the current epsilon is: 0.1520
Noise Mutiplier 30
in grads Tensor("loss_5/mul:0", shape=(), dtype=float32)
Train on 3000 samples, validate on 750 samples
Epoch 1/5

 250/3000 [=>............................] - ETA: 3s - loss: 2.2988 - accuracy: 0.0840
 500/3000 [====>.........................] - ETA: 2s - loss: 2.2988 - accuracy: 0.1100
 750/3000 [======>.......................] - ETA: 2s - loss: 2.2989 - accuracy: 0.1080
1000/3000 [=========>....................] - ETA: 2s - loss: 2.2984 - accuracy: 0.1010
1250/3000 [===========>..................] - ETA: 1s - loss: 2.2974 - accuracy: 0.1104
1500/3000 [==============>...............] - ETA: 1s - loss: 2.2957 - accuracy: 0.1173
1750/3000 [================>.............] - ETA: 1s - loss: 2.2939 - accuracy: 0.1183
2000/3000 [===================>..........] - ETA: 0s - loss: 2.2928 - accuracy: 0.1180
2250/3000 [=====================>........] - ETA: 0s - loss: 2.2903 - accuracy: 0.1209
2500/3000 [========================>.....] - ETA: 0s - loss: 2.2880 - accuracy: 0.1244
2750/3000 [==========================>...] - ETA: 0s - loss: 2.2866 - accuracy: 0.1255
3000/3000 [==============================] - 3s 1ms/step - loss: 2.2828 - accuracy: 0.1310 - val_loss: 2.3158 - val_accuracy: 0.0987
Epoch 2/5

 250/3000 [=>............................] - ETA: 2s - loss: 2.2266 - accuracy: 0.1800
 500/3000 [====>.........................] - ETA: 2s - loss: 2.2414 - accuracy: 0.1400
 750/3000 [======>.......................] - ETA: 2s - loss: 2.2274 - accuracy: 0.1520
1000/3000 [=========>....................] - ETA: 1s - loss: 2.2143 - accuracy: 0.1660
1250/3000 [===========>..................] - ETA: 1s - loss: 2.2101 - accuracy: 0.1752
1500/3000 [==============>...............] - ETA: 1s - loss: 2.2104 - accuracy: 0.1747
1750/3000 [================>.............] - ETA: 1s - loss: 2.2016 - accuracy: 0.1857
2000/3000 [===================>..........] - ETA: 0s - loss: 2.1928 - accuracy: 0.1950
2250/3000 [=====================>........] - ETA: 0s - loss: 2.1856 - accuracy: 0.1898
2500/3000 [========================>.....] - ETA: 0s - loss: 2.1822 - accuracy: 0.1924
2750/3000 [==========================>...] - ETA: 0s - loss: 2.1708 - accuracy: 0.1964
3000/3000 [==============================] - 3s 965us/step - loss: 2.1614 - accuracy: 0.2030 - val_loss: 2.4583 - val_accuracy: 0.0933
Epoch 3/5

 250/3000 [=>............................] - ETA: 2s - loss: 2.0602 - accuracy: 0.2480
 500/3000 [====>.........................] - ETA: 2s - loss: 2.0498 - accuracy: 0.2420
 750/3000 [======>.......................] - ETA: 2s - loss: 2.0440 - accuracy: 0.2440
1000/3000 [=========>....................] - ETA: 1s - loss: 2.0335 - accuracy: 0.2580
1250/3000 [===========>..................] - ETA: 1s - loss: 2.0234 - accuracy: 0.2672
1500/3000 [==============>...............] - ETA: 1s - loss: 2.0143 - accuracy: 0.2700
1750/3000 [================>.............] - ETA: 1s - loss: 2.0024 - accuracy: 0.2714
2000/3000 [===================>..........] - ETA: 0s - loss: 1.9868 - accuracy: 0.2795
2250/3000 [=====================>........] - ETA: 0s - loss: 1.9832 - accuracy: 0.2800
2500/3000 [========================>.....] - ETA: 0s - loss: 1.9781 - accuracy: 0.2804
2750/3000 [==========================>...] - ETA: 0s - loss: 1.9685 - accuracy: 0.2851
3000/3000 [==============================] - 3s 967us/step - loss: 1.9644 - accuracy: 0.2827 - val_loss: 2.8983 - val_accuracy: 0.1040
Epoch 4/5

 250/3000 [=>............................] - ETA: 2s - loss: 1.9312 - accuracy: 0.2760
 500/3000 [====>.........................] - ETA: 2s - loss: 1.9419 - accuracy: 0.2860
 750/3000 [======>.......................] - ETA: 2s - loss: 1.9345 - accuracy: 0.2853
1000/3000 [=========>....................] - ETA: 1s - loss: 1.9061 - accuracy: 0.2880
1250/3000 [===========>..................] - ETA: 1s - loss: 1.8844 - accuracy: 0.2968
1500/3000 [==============>...............] - ETA: 1s - loss: 1.8787 - accuracy: 0.2927
1750/3000 [================>.............] - ETA: 1s - loss: 1.8689 - accuracy: 0.2994
2000/3000 [===================>..........] - ETA: 0s - loss: 1.8681 - accuracy: 0.3020
2250/3000 [=====================>........] - ETA: 0s - loss: 1.8707 - accuracy: 0.3022
2500/3000 [========================>.....] - ETA: 0s - loss: 1.8715 - accuracy: 0.3052
2750/3000 [==========================>...] - ETA: 0s - loss: 1.8702 - accuracy: 0.3073
3000/3000 [==============================] - 3s 984us/step - loss: 1.8648 - accuracy: 0.3133 - val_loss: 2.9660 - val_accuracy: 0.0960
Epoch 5/5

 250/3000 [=>............................] - ETA: 2s - loss: 1.8568 - accuracy: 0.3760
 500/3000 [====>.........................] - ETA: 2s - loss: 1.7535 - accuracy: 0.4200
 750/3000 [======>.......................] - ETA: 2s - loss: 1.7506 - accuracy: 0.4027
1000/3000 [=========>....................] - ETA: 1s - loss: 1.7731 - accuracy: 0.3790
1250/3000 [===========>..................] - ETA: 1s - loss: 1.7762 - accuracy: 0.3664
1500/3000 [==============>...............] - ETA: 1s - loss: 1.7795 - accuracy: 0.3607
1750/3000 [================>.............] - ETA: 1s - loss: 1.7772 - accuracy: 0.3600
2000/3000 [===================>..........] - ETA: 0s - loss: 1.7759 - accuracy: 0.3600
2250/3000 [=====================>........] - ETA: 0s - loss: 1.7691 - accuracy: 0.3604
2500/3000 [========================>.....] - ETA: 0s - loss: 1.7724 - accuracy: 0.3588
2750/3000 [==========================>...] - ETA: 0s - loss: 1.7681 - accuracy: 0.3607
3000/3000 [==============================] - 3s 984us/step - loss: 1.7703 - accuracy: 0.3587 - val_loss: 3.1042 - val_accuracy: 0.0987
Latency --- 15.380040168762207 seconds ---
Trained with vanilla non-private SGD optimizer
=====================Iteration========================== 7
For delta=0.000200, the current epsilon is: 0.1520
Noise Mutiplier 30
in grads Tensor("loss_6/mul:0", shape=(), dtype=float32)
Train on 3000 samples, validate on 750 samples
Epoch 1/5

 250/3000 [=>............................] - ETA: 3s - loss: 2.3003 - accuracy: 0.1400
 500/3000 [====>.........................] - ETA: 2s - loss: 2.3015 - accuracy: 0.1200
 750/3000 [======>.......................] - ETA: 2s - loss: 2.2959 - accuracy: 0.1360
1000/3000 [=========>....................] - ETA: 1s - loss: 2.2948 - accuracy: 0.1250
1250/3000 [===========>..................] - ETA: 1s - loss: 2.2896 - accuracy: 0.1336
1500/3000 [==============>...............] - ETA: 1s - loss: 2.2854 - accuracy: 0.1340
1750/3000 [================>.............] - ETA: 1s - loss: 2.2809 - accuracy: 0.1354
2000/3000 [===================>..........] - ETA: 0s - loss: 2.2755 - accuracy: 0.1375
2250/3000 [=====================>........] - ETA: 0s - loss: 2.2690 - accuracy: 0.1391
2500/3000 [========================>.....] - ETA: 0s - loss: 2.2593 - accuracy: 0.1480
2750/3000 [==========================>...] - ETA: 0s - loss: 2.2545 - accuracy: 0.1484
3000/3000 [==============================] - 3s 1ms/step - loss: 2.2505 - accuracy: 0.1477 - val_loss: 2.4047 - val_accuracy: 0.0880
Epoch 2/5

 250/3000 [=>............................] - ETA: 2s - loss: 2.1411 - accuracy: 0.1840
 500/3000 [====>.........................] - ETA: 2s - loss: 2.1397 - accuracy: 0.1840
 750/3000 [======>.......................] - ETA: 2s - loss: 2.1315 - accuracy: 0.2013
1000/3000 [=========>....................] - ETA: 1s - loss: 2.1334 - accuracy: 0.2050
1250/3000 [===========>..................] - ETA: 1s - loss: 2.1262 - accuracy: 0.2120
1500/3000 [==============>...............] - ETA: 1s - loss: 2.1208 - accuracy: 0.2180
1750/3000 [================>.............] - ETA: 1s - loss: 2.1134 - accuracy: 0.2234
2000/3000 [===================>..........] - ETA: 0s - loss: 2.1087 - accuracy: 0.2230
2250/3000 [=====================>........] - ETA: 0s - loss: 2.0996 - accuracy: 0.2284
2500/3000 [========================>.....] - ETA: 0s - loss: 2.0873 - accuracy: 0.2356
2750/3000 [==========================>...] - ETA: 0s - loss: 2.0814 - accuracy: 0.2367
3000/3000 [==============================] - 3s 977us/step - loss: 2.0734 - accuracy: 0.2400 - val_loss: 2.8555 - val_accuracy: 0.0933
Epoch 3/5

 250/3000 [=>............................] - ETA: 2s - loss: 2.0767 - accuracy: 0.2440
 500/3000 [====>.........................] - ETA: 2s - loss: 2.0223 - accuracy: 0.2520
 750/3000 [======>.......................] - ETA: 2s - loss: 2.0362 - accuracy: 0.2493
1000/3000 [=========>....................] - ETA: 1s - loss: 2.0428 - accuracy: 0.2500
1250/3000 [===========>..................] - ETA: 1s - loss: 2.0269 - accuracy: 0.2632
1500/3000 [==============>...............] - ETA: 1s - loss: 2.0228 - accuracy: 0.2560
1750/3000 [================>.............] - ETA: 1s - loss: 2.0168 - accuracy: 0.2566
2000/3000 [===================>..........] - ETA: 0s - loss: 2.0142 - accuracy: 0.2585
2250/3000 [=====================>........] - ETA: 0s - loss: 2.0090 - accuracy: 0.2551
2500/3000 [========================>.....] - ETA: 0s - loss: 2.0036 - accuracy: 0.2552
2750/3000 [==========================>...] - ETA: 0s - loss: 2.0015 - accuracy: 0.2585
3000/3000 [==============================] - 3s 976us/step - loss: 2.0026 - accuracy: 0.2593 - val_loss: 2.7442 - val_accuracy: 0.0973
Epoch 4/5

 250/3000 [=>............................] - ETA: 2s - loss: 1.9405 - accuracy: 0.2640
 500/3000 [====>.........................] - ETA: 2s - loss: 1.9397 - accuracy: 0.3000
 750/3000 [======>.......................] - ETA: 2s - loss: 1.9676 - accuracy: 0.2773
1000/3000 [=========>....................] - ETA: 1s - loss: 1.9714 - accuracy: 0.2690
1250/3000 [===========>..................] - ETA: 1s - loss: 1.9567 - accuracy: 0.2784
1500/3000 [==============>...............] - ETA: 1s - loss: 1.9488 - accuracy: 0.2820
1750/3000 [================>.............] - ETA: 1s - loss: 1.9547 - accuracy: 0.2811
2000/3000 [===================>..........] - ETA: 0s - loss: 1.9531 - accuracy: 0.2795
2250/3000 [=====================>........] - ETA: 0s - loss: 1.9482 - accuracy: 0.2818
2500/3000 [========================>.....] - ETA: 0s - loss: 1.9453 - accuracy: 0.2860
2750/3000 [==========================>...] - ETA: 0s - loss: 1.9384 - accuracy: 0.2902
3000/3000 [==============================] - 3s 975us/step - loss: 1.9426 - accuracy: 0.2907 - val_loss: 2.7864 - val_accuracy: 0.1000
Epoch 5/5

 250/3000 [=>............................] - ETA: 2s - loss: 1.9043 - accuracy: 0.3360
 500/3000 [====>.........................] - ETA: 2s - loss: 1.9129 - accuracy: 0.3300
 750/3000 [======>.......................] - ETA: 2s - loss: 1.9299 - accuracy: 0.3027
1000/3000 [=========>....................] - ETA: 1s - loss: 1.9016 - accuracy: 0.3120
1250/3000 [===========>..................] - ETA: 1s - loss: 1.8928 - accuracy: 0.3096
1500/3000 [==============>...............] - ETA: 1s - loss: 1.8840 - accuracy: 0.3133
1750/3000 [================>.............] - ETA: 1s - loss: 1.8756 - accuracy: 0.3177
2000/3000 [===================>..........] - ETA: 0s - loss: 1.8730 - accuracy: 0.3155
2250/3000 [=====================>........] - ETA: 0s - loss: 1.8711 - accuracy: 0.3160
2500/3000 [========================>.....] - ETA: 0s - loss: 1.8622 - accuracy: 0.3192
2750/3000 [==========================>...] - ETA: 0s - loss: 1.8578 - accuracy: 0.3204
3000/3000 [==============================] - 3s 981us/step - loss: 1.8530 - accuracy: 0.3187 - val_loss: 2.9167 - val_accuracy: 0.1013
Latency --- 15.450398206710815 seconds ---
Trained with vanilla non-private SGD optimizer
=====================Iteration========================== 8
For delta=0.000200, the current epsilon is: 0.1520
Noise Mutiplier 30
in grads Tensor("loss_7/mul:0", shape=(), dtype=float32)
Train on 3000 samples, validate on 750 samples
Epoch 1/5

 250/3000 [=>............................] - ETA: 3s - loss: 2.3125 - accuracy: 0.0800
 500/3000 [====>.........................] - ETA: 2s - loss: 2.3103 - accuracy: 0.0980
 750/3000 [======>.......................] - ETA: 2s - loss: 2.3084 - accuracy: 0.1080
1000/3000 [=========>....................] - ETA: 1s - loss: 2.3058 - accuracy: 0.1060
1250/3000 [===========>..................] - ETA: 1s - loss: 2.3034 - accuracy: 0.1024
1500/3000 [==============>...............] - ETA: 1s - loss: 2.3015 - accuracy: 0.1007
1750/3000 [================>.............] - ETA: 1s - loss: 2.2995 - accuracy: 0.1034
2000/3000 [===================>..........] - ETA: 0s - loss: 2.2977 - accuracy: 0.1085
2250/3000 [=====================>........] - ETA: 0s - loss: 2.2950 - accuracy: 0.1222
2500/3000 [========================>.....] - ETA: 0s - loss: 2.2926 - accuracy: 0.1280
2750/3000 [==========================>...] - ETA: 0s - loss: 2.2902 - accuracy: 0.1324
3000/3000 [==============================] - 3s 1ms/step - loss: 2.2879 - accuracy: 0.1373 - val_loss: 2.3268 - val_accuracy: 0.1067
Epoch 2/5

 250/3000 [=>............................] - ETA: 2s - loss: 2.2258 - accuracy: 0.2520
 500/3000 [====>.........................] - ETA: 2s - loss: 2.2276 - accuracy: 0.2280
 750/3000 [======>.......................] - ETA: 2s - loss: 2.2287 - accuracy: 0.2320
1000/3000 [=========>....................] - ETA: 1s - loss: 2.2223 - accuracy: 0.2440
1250/3000 [===========>..................] - ETA: 1s - loss: 2.2159 - accuracy: 0.2424
1500/3000 [==============>...............] - ETA: 1s - loss: 2.2158 - accuracy: 0.2347
1750/3000 [================>.............] - ETA: 1s - loss: 2.2069 - accuracy: 0.2366
2000/3000 [===================>..........] - ETA: 0s - loss: 2.2048 - accuracy: 0.2285
2250/3000 [=====================>........] - ETA: 0s - loss: 2.1934 - accuracy: 0.2284
2500/3000 [========================>.....] - ETA: 0s - loss: 2.1853 - accuracy: 0.2336
2750/3000 [==========================>...] - ETA: 0s - loss: 2.1799 - accuracy: 0.2345
3000/3000 [==============================] - 3s 982us/step - loss: 2.1718 - accuracy: 0.2370 - val_loss: 2.5260 - val_accuracy: 0.1040
Epoch 3/5

 250/3000 [=>............................] - ETA: 2s - loss: 2.0913 - accuracy: 0.2440
 500/3000 [====>.........................] - ETA: 2s - loss: 2.0841 - accuracy: 0.2740
 750/3000 [======>.......................] - ETA: 2s - loss: 2.0749 - accuracy: 0.2693
1000/3000 [=========>....................] - ETA: 1s - loss: 2.0808 - accuracy: 0.2610
1250/3000 [===========>..................] - ETA: 1s - loss: 2.0714 - accuracy: 0.2624
1500/3000 [==============>...............] - ETA: 1s - loss: 2.0607 - accuracy: 0.2620
1750/3000 [================>.............] - ETA: 1s - loss: 2.0493 - accuracy: 0.2657
2000/3000 [===================>..........] - ETA: 0s - loss: 2.0445 - accuracy: 0.2685
2250/3000 [=====================>........] - ETA: 0s - loss: 2.0321 - accuracy: 0.2747
2500/3000 [========================>.....] - ETA: 0s - loss: 2.0227 - accuracy: 0.2768
2750/3000 [==========================>...] - ETA: 0s - loss: 2.0079 - accuracy: 0.2811
3000/3000 [==============================] - 3s 975us/step - loss: 2.0128 - accuracy: 0.2833 - val_loss: 2.7109 - val_accuracy: 0.0867
Epoch 4/5

 250/3000 [=>............................] - ETA: 2s - loss: 1.9187 - accuracy: 0.3040
 500/3000 [====>.........................] - ETA: 2s - loss: 1.9418 - accuracy: 0.3020
 750/3000 [======>.......................] - ETA: 2s - loss: 1.9446 - accuracy: 0.2987
1000/3000 [=========>....................] - ETA: 1s - loss: 1.9259 - accuracy: 0.3120
1250/3000 [===========>..................] - ETA: 1s - loss: 1.9201 - accuracy: 0.3144
1500/3000 [==============>...............] - ETA: 1s - loss: 1.9131 - accuracy: 0.3167
1750/3000 [================>.............] - ETA: 1s - loss: 1.8997 - accuracy: 0.3223
2000/3000 [===================>..........] - ETA: 0s - loss: 1.8999 - accuracy: 0.3245
2250/3000 [=====================>........] - ETA: 0s - loss: 1.8860 - accuracy: 0.3262
2500/3000 [========================>.....] - ETA: 0s - loss: 1.8776 - accuracy: 0.3288
2750/3000 [==========================>...] - ETA: 0s - loss: 1.8757 - accuracy: 0.3269
3000/3000 [==============================] - 3s 977us/step - loss: 1.8737 - accuracy: 0.3290 - val_loss: 2.9098 - val_accuracy: 0.0947
Epoch 5/5

 250/3000 [=>............................] - ETA: 2s - loss: 1.7111 - accuracy: 0.3920
 500/3000 [====>.........................] - ETA: 2s - loss: 1.7615 - accuracy: 0.3880
 750/3000 [======>.......................] - ETA: 2s - loss: 1.8003 - accuracy: 0.3760
1000/3000 [=========>....................] - ETA: 1s - loss: 1.7925 - accuracy: 0.3730
1250/3000 [===========>..................] - ETA: 1s - loss: 1.7965 - accuracy: 0.3768
1500/3000 [==============>...............] - ETA: 1s - loss: 1.7939 - accuracy: 0.3707
1750/3000 [================>.............] - ETA: 1s - loss: 1.7951 - accuracy: 0.3697
2000/3000 [===================>..........] - ETA: 0s - loss: 1.7926 - accuracy: 0.3680
2250/3000 [=====================>........] - ETA: 0s - loss: 1.7917 - accuracy: 0.3676
2500/3000 [========================>.....] - ETA: 0s - loss: 1.7825 - accuracy: 0.3712
2750/3000 [==========================>...] - ETA: 0s - loss: 1.7790 - accuracy: 0.3738
3000/3000 [==============================] - 3s 992us/step - loss: 1.7806 - accuracy: 0.3700 - val_loss: 3.0113 - val_accuracy: 0.0920
Latency --- 15.560850381851196 seconds ---
Trained with vanilla non-private SGD optimizer
=====================Iteration========================== 9
For delta=0.000200, the current epsilon is: 0.1520
Noise Mutiplier 30
in grads Tensor("loss_8/mul:0", shape=(), dtype=float32)
Train on 3000 samples, validate on 750 samples
Epoch 1/5

 250/3000 [=>............................] - ETA: 3s - loss: 2.3122 - accuracy: 0.0720
 500/3000 [====>.........................] - ETA: 2s - loss: 2.3057 - accuracy: 0.0980
 750/3000 [======>.......................] - ETA: 2s - loss: 2.3034 - accuracy: 0.0960
1000/3000 [=========>....................] - ETA: 1s - loss: 2.3018 - accuracy: 0.1010
1250/3000 [===========>..................] - ETA: 1s - loss: 2.3000 - accuracy: 0.1120
1500/3000 [==============>...............] - ETA: 1s - loss: 2.2979 - accuracy: 0.1187
1750/3000 [================>.............] - ETA: 1s - loss: 2.2955 - accuracy: 0.1223
2000/3000 [===================>..........] - ETA: 0s - loss: 2.2923 - accuracy: 0.1285
2250/3000 [=====================>........] - ETA: 0s - loss: 2.2886 - accuracy: 0.1316
2500/3000 [========================>.....] - ETA: 0s - loss: 2.2868 - accuracy: 0.1328
2750/3000 [==========================>...] - ETA: 0s - loss: 2.2858 - accuracy: 0.1302
3000/3000 [==============================] - 3s 1ms/step - loss: 2.2821 - accuracy: 0.1363 - val_loss: 2.3202 - val_accuracy: 0.0987
Epoch 2/5

 250/3000 [=>............................] - ETA: 2s - loss: 2.2237 - accuracy: 0.2640
 500/3000 [====>.........................] - ETA: 2s - loss: 2.2207 - accuracy: 0.2360
 750/3000 [======>.......................] - ETA: 2s - loss: 2.2033 - accuracy: 0.2467
1000/3000 [=========>....................] - ETA: 1s - loss: 2.2019 - accuracy: 0.2270
1250/3000 [===========>..................] - ETA: 1s - loss: 2.1888 - accuracy: 0.2424
1500/3000 [==============>...............] - ETA: 1s - loss: 2.1762 - accuracy: 0.2507
1750/3000 [================>.............] - ETA: 1s - loss: 2.1685 - accuracy: 0.2486
2000/3000 [===================>..........] - ETA: 0s - loss: 2.1524 - accuracy: 0.2565
2250/3000 [=====================>........] - ETA: 0s - loss: 2.1417 - accuracy: 0.2564
2500/3000 [========================>.....] - ETA: 0s - loss: 2.1336 - accuracy: 0.2512
2750/3000 [==========================>...] - ETA: 0s - loss: 2.1248 - accuracy: 0.2545
3000/3000 [==============================] - 3s 978us/step - loss: 2.1112 - accuracy: 0.2553 - val_loss: 2.6045 - val_accuracy: 0.1040
Epoch 3/5

 250/3000 [=>............................] - ETA: 2s - loss: 1.8930 - accuracy: 0.3520
 500/3000 [====>.........................] - ETA: 2s - loss: 1.9232 - accuracy: 0.3100
 750/3000 [======>.......................] - ETA: 2s - loss: 1.9175 - accuracy: 0.2987
1000/3000 [=========>....................] - ETA: 1s - loss: 1.9050 - accuracy: 0.2950
1250/3000 [===========>..................] - ETA: 1s - loss: 1.9003 - accuracy: 0.3048
1500/3000 [==============>...............] - ETA: 1s - loss: 1.9023 - accuracy: 0.2980
1750/3000 [================>.............] - ETA: 1s - loss: 1.8962 - accuracy: 0.3097
2000/3000 [===================>..........] - ETA: 0s - loss: 1.9064 - accuracy: 0.3075
2250/3000 [=====================>........] - ETA: 0s - loss: 1.9006 - accuracy: 0.3044
2500/3000 [========================>.....] - ETA: 0s - loss: 1.8975 - accuracy: 0.3076
2750/3000 [==========================>...] - ETA: 0s - loss: 1.8997 - accuracy: 0.3105
3000/3000 [==============================] - 3s 979us/step - loss: 1.8898 - accuracy: 0.3123 - val_loss: 3.0791 - val_accuracy: 0.0960
Epoch 4/5

 250/3000 [=>............................] - ETA: 2s - loss: 1.9042 - accuracy: 0.2680
 500/3000 [====>.........................] - ETA: 2s - loss: 1.9086 - accuracy: 0.2780
 750/3000 [======>.......................] - ETA: 2s - loss: 1.9118 - accuracy: 0.2867
1000/3000 [=========>....................] - ETA: 1s - loss: 1.8993 - accuracy: 0.2940
1250/3000 [===========>..................] - ETA: 1s - loss: 1.8856 - accuracy: 0.3080
1500/3000 [==============>...............] - ETA: 1s - loss: 1.8849 - accuracy: 0.3093
1750/3000 [================>.............] - ETA: 1s - loss: 1.8704 - accuracy: 0.3183
2000/3000 [===================>..........] - ETA: 0s - loss: 1.8761 - accuracy: 0.3110
2250/3000 [=====================>........] - ETA: 0s - loss: 1.8580 - accuracy: 0.3218
2500/3000 [========================>.....] - ETA: 0s - loss: 1.8514 - accuracy: 0.3240
2750/3000 [==========================>...] - ETA: 0s - loss: 1.8464 - accuracy: 0.3255
3000/3000 [==============================] - 3s 965us/step - loss: 1.8411 - accuracy: 0.3253 - val_loss: 3.0668 - val_accuracy: 0.1000
Epoch 5/5

 250/3000 [=>............................] - ETA: 2s - loss: 1.7737 - accuracy: 0.3960
 500/3000 [====>.........................] - ETA: 2s - loss: 1.7763 - accuracy: 0.3820
 750/3000 [======>.......................] - ETA: 2s - loss: 1.7496 - accuracy: 0.4013
1000/3000 [=========>....................] - ETA: 1s - loss: 1.7614 - accuracy: 0.3820
1250/3000 [===========>..................] - ETA: 1s - loss: 1.7489 - accuracy: 0.3872
1500/3000 [==============>...............] - ETA: 1s - loss: 1.7509 - accuracy: 0.3747
1750/3000 [================>.............] - ETA: 1s - loss: 1.7567 - accuracy: 0.3674
2000/3000 [===================>..........] - ETA: 0s - loss: 1.7561 - accuracy: 0.3670
2250/3000 [=====================>........] - ETA: 0s - loss: 1.7537 - accuracy: 0.3649
2500/3000 [========================>.....] - ETA: 0s - loss: 1.7538 - accuracy: 0.3692
2750/3000 [==========================>...] - ETA: 0s - loss: 1.7488 - accuracy: 0.3709
3000/3000 [==============================] - 3s 963us/step - loss: 1.7485 - accuracy: 0.3720 - val_loss: 3.1111 - val_accuracy: 0.0960
Latency --- 15.50010895729065 seconds ---
Trained with vanilla non-private SGD optimizer
=====================Iteration========================== 10
For delta=0.000200, the current epsilon is: 0.1520
Noise Mutiplier 30
in grads Tensor("loss_9/mul:0", shape=(), dtype=float32)
Train on 3000 samples, validate on 750 samples
Epoch 1/5

 250/3000 [=>............................] - ETA: 3s - loss: 2.3094 - accuracy: 0.0840
 500/3000 [====>.........................] - ETA: 2s - loss: 2.3053 - accuracy: 0.0920
 750/3000 [======>.......................] - ETA: 2s - loss: 2.3037 - accuracy: 0.0933
1000/3000 [=========>....................] - ETA: 2s - loss: 2.3018 - accuracy: 0.0930
1250/3000 [===========>..................] - ETA: 1s - loss: 2.3003 - accuracy: 0.1048
1500/3000 [==============>...............] - ETA: 1s - loss: 2.2993 - accuracy: 0.1200
1750/3000 [================>.............] - ETA: 1s - loss: 2.2971 - accuracy: 0.1269
2000/3000 [===================>..........] - ETA: 0s - loss: 2.2962 - accuracy: 0.1250
2250/3000 [=====================>........] - ETA: 0s - loss: 2.2943 - accuracy: 0.1298
2500/3000 [========================>.....] - ETA: 0s - loss: 2.2924 - accuracy: 0.1328
2750/3000 [==========================>...] - ETA: 0s - loss: 2.2903 - accuracy: 0.1407
3000/3000 [==============================] - 3s 1ms/step - loss: 2.2885 - accuracy: 0.1457 - val_loss: 2.3156 - val_accuracy: 0.0867
Epoch 2/5

 250/3000 [=>............................] - ETA: 2s - loss: 2.2493 - accuracy: 0.2440
 500/3000 [====>.........................] - ETA: 2s - loss: 2.2424 - accuracy: 0.2180
 750/3000 [======>.......................] - ETA: 2s - loss: 2.2378 - accuracy: 0.1907
1000/3000 [=========>....................] - ETA: 1s - loss: 2.2320 - accuracy: 0.1900
1250/3000 [===========>..................] - ETA: 1s - loss: 2.2215 - accuracy: 0.2008
1500/3000 [==============>...............] - ETA: 1s - loss: 2.2120 - accuracy: 0.2133
1750/3000 [================>.............] - ETA: 1s - loss: 2.2018 - accuracy: 0.2257
2000/3000 [===================>..........] - ETA: 0s - loss: 2.1940 - accuracy: 0.2270
2250/3000 [=====================>........] - ETA: 0s - loss: 2.1833 - accuracy: 0.2404
2500/3000 [========================>.....] - ETA: 0s - loss: 2.1705 - accuracy: 0.2460
2750/3000 [==========================>...] - ETA: 0s - loss: 2.1627 - accuracy: 0.2444
3000/3000 [==============================] - 3s 963us/step - loss: 2.1539 - accuracy: 0.2433 - val_loss: 2.5358 - val_accuracy: 0.1000
Epoch 3/5

 250/3000 [=>............................] - ETA: 2s - loss: 2.0670 - accuracy: 0.2560
 500/3000 [====>.........................] - ETA: 2s - loss: 2.0219 - accuracy: 0.2860
 750/3000 [======>.......................] - ETA: 2s - loss: 2.0030 - accuracy: 0.2747
1000/3000 [=========>....................] - ETA: 1s - loss: 2.0014 - accuracy: 0.2610
1250/3000 [===========>..................] - ETA: 1s - loss: 1.9990 - accuracy: 0.2608
1500/3000 [==============>...............] - ETA: 1s - loss: 2.0069 - accuracy: 0.2613
1750/3000 [================>.............] - ETA: 1s - loss: 1.9929 - accuracy: 0.2709
2000/3000 [===================>..........] - ETA: 0s - loss: 1.9867 - accuracy: 0.2755
2250/3000 [=====================>........] - ETA: 0s - loss: 1.9866 - accuracy: 0.2733
2500/3000 [========================>.....] - ETA: 0s - loss: 1.9813 - accuracy: 0.2764
2750/3000 [==========================>...] - ETA: 0s - loss: 1.9722 - accuracy: 0.2818
3000/3000 [==============================] - 3s 994us/step - loss: 1.9605 - accuracy: 0.2893 - val_loss: 2.8296 - val_accuracy: 0.0947
Epoch 4/5

 250/3000 [=>............................] - ETA: 2s - loss: 1.8691 - accuracy: 0.3480
 500/3000 [====>.........................] - ETA: 2s - loss: 1.8573 - accuracy: 0.3420
 750/3000 [======>.......................] - ETA: 2s - loss: 1.8416 - accuracy: 0.3600
1000/3000 [=========>....................] - ETA: 1s - loss: 1.8570 - accuracy: 0.3550
1250/3000 [===========>..................] - ETA: 1s - loss: 1.8775 - accuracy: 0.3416
1500/3000 [==============>...............] - ETA: 1s - loss: 1.8661 - accuracy: 0.3467
1750/3000 [================>.............] - ETA: 1s - loss: 1.8641 - accuracy: 0.3434
2000/3000 [===================>..........] - ETA: 0s - loss: 1.8518 - accuracy: 0.3425
2250/3000 [=====================>........] - ETA: 0s - loss: 1.8554 - accuracy: 0.3409
2500/3000 [========================>.....] - ETA: 0s - loss: 1.8500 - accuracy: 0.3384
2750/3000 [==========================>...] - ETA: 0s - loss: 1.8483 - accuracy: 0.3345
3000/3000 [==============================] - 3s 1ms/step - loss: 1.8418 - accuracy: 0.3367 - val_loss: 3.0767 - val_accuracy: 0.0973
Epoch 5/5

 250/3000 [=>............................] - ETA: 2s - loss: 1.7358 - accuracy: 0.4360
 500/3000 [====>.........................] - ETA: 2s - loss: 1.7483 - accuracy: 0.4020
 750/3000 [======>.......................] - ETA: 2s - loss: 1.7491 - accuracy: 0.3867
1000/3000 [=========>....................] - ETA: 1s - loss: 1.7732 - accuracy: 0.3630
1250/3000 [===========>..................] - ETA: 1s - loss: 1.7685 - accuracy: 0.3608
1500/3000 [==============>...............] - ETA: 1s - loss: 1.7829 - accuracy: 0.3600
1750/3000 [================>.............] - ETA: 1s - loss: 1.7823 - accuracy: 0.3594
2000/3000 [===================>..........] - ETA: 0s - loss: 1.7751 - accuracy: 0.3620
2250/3000 [=====================>........] - ETA: 0s - loss: 1.7757 - accuracy: 0.3662
2500/3000 [========================>.....] - ETA: 0s - loss: 1.7709 - accuracy: 0.3692
2750/3000 [==========================>...] - ETA: 0s - loss: 1.7710 - accuracy: 0.3684
3000/3000 [==============================] - 3s 985us/step - loss: 1.7667 - accuracy: 0.3667 - val_loss: 3.0780 - val_accuracy: 0.1013
Latency --- 15.770826578140259 seconds ---
Trained with vanilla non-private SGD optimizer
