We are using Tensorflow version 1.15.2
Keras API version: 2.3.1
=====================Iteration========================== 1
For delta=0.000200, the current epsilon is: 0.1520
Noise Mutiplier 30
in grads Tensor("loss/mul:0", shape=(?,), dtype=float32)
Train on 3000 samples, validate on 750 samples
Epoch 1/5

 250/3000 [=>............................] - ETA: 29s - loss: 2.3244 - accuracy: 0.0800
 500/3000 [====>.........................] - ETA: 26s - loss: 2.3168 - accuracy: 0.0980
 750/3000 [======>.......................] - ETA: 23s - loss: 2.3112 - accuracy: 0.1053
1000/3000 [=========>....................] - ETA: 20s - loss: 2.3095 - accuracy: 0.1110
1250/3000 [===========>..................] - ETA: 18s - loss: 2.3122 - accuracy: 0.1056
1500/3000 [==============>...............] - ETA: 15s - loss: 2.3109 - accuracy: 0.1080
1750/3000 [================>.............] - ETA: 13s - loss: 2.3106 - accuracy: 0.1074
2000/3000 [===================>..........] - ETA: 10s - loss: 2.3127 - accuracy: 0.1020
2250/3000 [=====================>........] - ETA: 7s - loss: 2.3126 - accuracy: 0.1018 
2500/3000 [========================>.....] - ETA: 5s - loss: 2.3129 - accuracy: 0.1004
2750/3000 [==========================>...] - ETA: 2s - loss: 2.3136 - accuracy: 0.1000
3000/3000 [==============================] - 32s 11ms/step - loss: 2.3131 - accuracy: 0.1013 - val_loss: 2.3141 - val_accuracy: 0.1013
Epoch 2/5

 250/3000 [=>............................] - ETA: 28s - loss: 2.3130 - accuracy: 0.0880
 500/3000 [====>.........................] - ETA: 26s - loss: 2.3101 - accuracy: 0.1000
 750/3000 [======>.......................] - ETA: 24s - loss: 2.3115 - accuracy: 0.0973
1000/3000 [=========>....................] - ETA: 21s - loss: 2.3099 - accuracy: 0.0970
1250/3000 [===========>..................] - ETA: 18s - loss: 2.3116 - accuracy: 0.0968
1500/3000 [==============>...............] - ETA: 16s - loss: 2.3128 - accuracy: 0.0980
1750/3000 [================>.............] - ETA: 13s - loss: 2.3114 - accuracy: 0.1040
2000/3000 [===================>..........] - ETA: 10s - loss: 2.3118 - accuracy: 0.1050
2250/3000 [=====================>........] - ETA: 8s - loss: 2.3117 - accuracy: 0.1049 
2500/3000 [========================>.....] - ETA: 5s - loss: 2.3116 - accuracy: 0.1048
2750/3000 [==========================>...] - ETA: 2s - loss: 2.3119 - accuracy: 0.1036
3000/3000 [==============================] - 32s 11ms/step - loss: 2.3116 - accuracy: 0.1020 - val_loss: 2.3132 - val_accuracy: 0.1013
Epoch 3/5

 250/3000 [=>............................] - ETA: 30s - loss: 2.3177 - accuracy: 0.1040
 500/3000 [====>.........................] - ETA: 28s - loss: 2.3150 - accuracy: 0.1020
 750/3000 [======>.......................] - ETA: 25s - loss: 2.3115 - accuracy: 0.1027
1000/3000 [=========>....................] - ETA: 21s - loss: 2.3126 - accuracy: 0.0950
1250/3000 [===========>..................] - ETA: 19s - loss: 2.3128 - accuracy: 0.0944
1500/3000 [==============>...............] - ETA: 16s - loss: 2.3151 - accuracy: 0.0947
1750/3000 [================>.............] - ETA: 13s - loss: 2.3139 - accuracy: 0.0994
2000/3000 [===================>..........] - ETA: 10s - loss: 2.3122 - accuracy: 0.1010
2250/3000 [=====================>........] - ETA: 8s - loss: 2.3135 - accuracy: 0.0991 
2500/3000 [========================>.....] - ETA: 5s - loss: 2.3130 - accuracy: 0.0996
2750/3000 [==========================>...] - ETA: 2s - loss: 2.3119 - accuracy: 0.1015
3000/3000 [==============================] - 33s 11ms/step - loss: 2.3115 - accuracy: 0.1020 - val_loss: 2.3135 - val_accuracy: 0.1013
Epoch 4/5

 250/3000 [=>............................] - ETA: 29s - loss: 2.2999 - accuracy: 0.1080
 500/3000 [====>.........................] - ETA: 26s - loss: 2.3096 - accuracy: 0.1000
 750/3000 [======>.......................] - ETA: 24s - loss: 2.3073 - accuracy: 0.1067
1000/3000 [=========>....................] - ETA: 21s - loss: 2.3082 - accuracy: 0.1100
1250/3000 [===========>..................] - ETA: 18s - loss: 2.3095 - accuracy: 0.1064
1500/3000 [==============>...............] - ETA: 15s - loss: 2.3087 - accuracy: 0.1080
1750/3000 [================>.............] - ETA: 13s - loss: 2.3086 - accuracy: 0.1080
2000/3000 [===================>..........] - ETA: 10s - loss: 2.3099 - accuracy: 0.1040
2250/3000 [=====================>........] - ETA: 7s - loss: 2.3101 - accuracy: 0.1036 
2500/3000 [========================>.....] - ETA: 5s - loss: 2.3099 - accuracy: 0.1044
2750/3000 [==========================>...] - ETA: 2s - loss: 2.3108 - accuracy: 0.1036
3000/3000 [==============================] - 32s 11ms/step - loss: 2.3112 - accuracy: 0.1023 - val_loss: 2.3129 - val_accuracy: 0.1013
Epoch 5/5

 250/3000 [=>............................] - ETA: 28s - loss: 2.3056 - accuracy: 0.0920
 500/3000 [====>.........................] - ETA: 27s - loss: 2.3000 - accuracy: 0.1080
 750/3000 [======>.......................] - ETA: 25s - loss: 2.3045 - accuracy: 0.1013
1000/3000 [=========>....................] - ETA: 21s - loss: 2.3070 - accuracy: 0.0980
1250/3000 [===========>..................] - ETA: 19s - loss: 2.3071 - accuracy: 0.1032
1500/3000 [==============>...............] - ETA: 16s - loss: 2.3093 - accuracy: 0.1013
1750/3000 [================>.............] - ETA: 13s - loss: 2.3094 - accuracy: 0.1069
2000/3000 [===================>..........] - ETA: 10s - loss: 2.3088 - accuracy: 0.1105
2250/3000 [=====================>........] - ETA: 8s - loss: 2.3097 - accuracy: 0.1058 
2500/3000 [========================>.....] - ETA: 5s - loss: 2.3107 - accuracy: 0.1028
2750/3000 [==========================>...] - ETA: 2s - loss: 2.3101 - accuracy: 0.1040
3000/3000 [==============================] - 33s 11ms/step - loss: 2.3109 - accuracy: 0.1030 - val_loss: 2.3124 - val_accuracy: 0.1013
Latency --- 162.0306851863861 seconds ---
For delta=0.000200, the current epsilon is: 0.1520
Saving model with new accuracy, previous accuracy was 0 and present is 0.10300000011920929
Saved model to disk
=====================Iteration========================== 2
For delta=0.000200, the current epsilon is: 0.1520
Noise Mutiplier 30
in grads Tensor("loss_1/mul:0", shape=(?,), dtype=float32)
Train on 3000 samples, validate on 750 samples
Epoch 1/5

 250/3000 [=>............................] - ETA: 28s - loss: 2.3030 - accuracy: 0.1040
 500/3000 [====>.........................] - ETA: 25s - loss: 2.3032 - accuracy: 0.0920
 750/3000 [======>.......................] - ETA: 22s - loss: 2.3037 - accuracy: 0.0893
1000/3000 [=========>....................] - ETA: 20s - loss: 2.3022 - accuracy: 0.0950
1250/3000 [===========>..................] - ETA: 17s - loss: 2.3012 - accuracy: 0.0984
1500/3000 [==============>...............] - ETA: 15s - loss: 2.3009 - accuracy: 0.1000
1750/3000 [================>.............] - ETA: 12s - loss: 2.3001 - accuracy: 0.1034
2000/3000 [===================>..........] - ETA: 10s - loss: 2.2998 - accuracy: 0.1025
2250/3000 [=====================>........] - ETA: 7s - loss: 2.2997 - accuracy: 0.1049 
2500/3000 [========================>.....] - ETA: 5s - loss: 2.2997 - accuracy: 0.1056
2750/3000 [==========================>...] - ETA: 2s - loss: 2.3004 - accuracy: 0.1055
3000/3000 [==============================] - 30s 10ms/step - loss: 2.3006 - accuracy: 0.1030 - val_loss: 2.3060 - val_accuracy: 0.1040
Epoch 2/5

 250/3000 [=>............................] - ETA: 27s - loss: 2.3019 - accuracy: 0.1160
 500/3000 [====>.........................] - ETA: 25s - loss: 2.3029 - accuracy: 0.1100
 750/3000 [======>.......................] - ETA: 22s - loss: 2.3014 - accuracy: 0.1147
1000/3000 [=========>....................] - ETA: 20s - loss: 2.3004 - accuracy: 0.1100
1250/3000 [===========>..................] - ETA: 17s - loss: 2.3014 - accuracy: 0.1072
1500/3000 [==============>...............] - ETA: 15s - loss: 2.3017 - accuracy: 0.1060
1750/3000 [================>.............] - ETA: 12s - loss: 2.3017 - accuracy: 0.1023
2000/3000 [===================>..........] - ETA: 10s - loss: 2.3012 - accuracy: 0.1030
2250/3000 [=====================>........] - ETA: 7s - loss: 2.3007 - accuracy: 0.1022 
2500/3000 [========================>.....] - ETA: 5s - loss: 2.3006 - accuracy: 0.1000
2750/3000 [==========================>...] - ETA: 2s - loss: 2.3005 - accuracy: 0.0996
3000/3000 [==============================] - 30s 10ms/step - loss: 2.3007 - accuracy: 0.1013 - val_loss: 2.3067 - val_accuracy: 0.1027
Epoch 3/5

 250/3000 [=>............................] - ETA: 28s - loss: 2.2963 - accuracy: 0.1120
 500/3000 [====>.........................] - ETA: 25s - loss: 2.3003 - accuracy: 0.0920
 750/3000 [======>.......................] - ETA: 22s - loss: 2.2985 - accuracy: 0.1013
1000/3000 [=========>....................] - ETA: 19s - loss: 2.3010 - accuracy: 0.0940
1250/3000 [===========>..................] - ETA: 17s - loss: 2.3019 - accuracy: 0.0920
1500/3000 [==============>...............] - ETA: 15s - loss: 2.3014 - accuracy: 0.0987
1750/3000 [================>.............] - ETA: 12s - loss: 2.3006 - accuracy: 0.0983
2000/3000 [===================>..........] - ETA: 10s - loss: 2.3013 - accuracy: 0.1005
2250/3000 [=====================>........] - ETA: 7s - loss: 2.3012 - accuracy: 0.1000 
2500/3000 [========================>.....] - ETA: 5s - loss: 2.3018 - accuracy: 0.0980
2750/3000 [==========================>...] - ETA: 2s - loss: 2.3017 - accuracy: 0.0989
3000/3000 [==============================] - 30s 10ms/step - loss: 2.3014 - accuracy: 0.0983 - val_loss: 2.3066 - val_accuracy: 0.1120
Epoch 4/5

 250/3000 [=>............................] - ETA: 27s - loss: 2.2977 - accuracy: 0.0960
 500/3000 [====>.........................] - ETA: 25s - loss: 2.2960 - accuracy: 0.1000
 750/3000 [======>.......................] - ETA: 22s - loss: 2.3019 - accuracy: 0.0840
1000/3000 [=========>....................] - ETA: 20s - loss: 2.3020 - accuracy: 0.0930
1250/3000 [===========>..................] - ETA: 17s - loss: 2.3014 - accuracy: 0.0960
1500/3000 [==============>...............] - ETA: 15s - loss: 2.3003 - accuracy: 0.0987
1750/3000 [================>.............] - ETA: 12s - loss: 2.3002 - accuracy: 0.1034
2000/3000 [===================>..........] - ETA: 10s - loss: 2.2983 - accuracy: 0.1080
2250/3000 [=====================>........] - ETA: 7s - loss: 2.2988 - accuracy: 0.1053 
2500/3000 [========================>.....] - ETA: 5s - loss: 2.3000 - accuracy: 0.1028
2750/3000 [==========================>...] - ETA: 2s - loss: 2.3002 - accuracy: 0.1022
3000/3000 [==============================] - 30s 10ms/step - loss: 2.3010 - accuracy: 0.1007 - val_loss: 2.3059 - val_accuracy: 0.1053
Epoch 5/5

 250/3000 [=>............................] - ETA: 27s - loss: 2.2994 - accuracy: 0.1000
 500/3000 [====>.........................] - ETA: 24s - loss: 2.3006 - accuracy: 0.1020
 750/3000 [======>.......................] - ETA: 22s - loss: 2.3009 - accuracy: 0.0947
1000/3000 [=========>....................] - ETA: 20s - loss: 2.2994 - accuracy: 0.1000
1250/3000 [===========>..................] - ETA: 17s - loss: 2.2997 - accuracy: 0.1048
1500/3000 [==============>...............] - ETA: 15s - loss: 2.3004 - accuracy: 0.1053
1750/3000 [================>.............] - ETA: 12s - loss: 2.3005 - accuracy: 0.1074
2000/3000 [===================>..........] - ETA: 10s - loss: 2.3002 - accuracy: 0.1045
2250/3000 [=====================>........] - ETA: 7s - loss: 2.3009 - accuracy: 0.1044 
2500/3000 [========================>.....] - ETA: 5s - loss: 2.3009 - accuracy: 0.1040
2750/3000 [==========================>...] - ETA: 2s - loss: 2.3008 - accuracy: 0.1033
3000/3000 [==============================] - 30s 10ms/step - loss: 2.3008 - accuracy: 0.1023 - val_loss: 2.3063 - val_accuracy: 0.1027
Latency --- 152.23557806015015 seconds ---
For delta=0.000200, the current epsilon is: 0.1520
=====================Iteration========================== 3
For delta=0.000200, the current epsilon is: 0.1520
Noise Mutiplier 30
in grads Tensor("loss_2/mul:0", shape=(?,), dtype=float32)
Train on 3000 samples, validate on 750 samples
Epoch 1/5

 250/3000 [=>............................] - ETA: 29s - loss: 2.3112 - accuracy: 0.0800
 500/3000 [====>.........................] - ETA: 25s - loss: 2.3117 - accuracy: 0.0980
 750/3000 [======>.......................] - ETA: 23s - loss: 2.3112 - accuracy: 0.1080
1000/3000 [=========>....................] - ETA: 20s - loss: 2.3094 - accuracy: 0.1050
1250/3000 [===========>..................] - ETA: 17s - loss: 2.3096 - accuracy: 0.1080
1500/3000 [==============>...............] - ETA: 15s - loss: 2.3093 - accuracy: 0.1047
1750/3000 [================>.............] - ETA: 12s - loss: 2.3107 - accuracy: 0.1046
2000/3000 [===================>..........] - ETA: 10s - loss: 2.3100 - accuracy: 0.1040
2250/3000 [=====================>........] - ETA: 7s - loss: 2.3096 - accuracy: 0.1044 
2500/3000 [========================>.....] - ETA: 5s - loss: 2.3083 - accuracy: 0.1064
2750/3000 [==========================>...] - ETA: 2s - loss: 2.3087 - accuracy: 0.1029
3000/3000 [==============================] - 30s 10ms/step - loss: 2.3096 - accuracy: 0.1027 - val_loss: 2.3121 - val_accuracy: 0.0853
Epoch 2/5

 250/3000 [=>............................] - ETA: 27s - loss: 2.3063 - accuracy: 0.1160
 500/3000 [====>.........................] - ETA: 24s - loss: 2.3086 - accuracy: 0.1260
 750/3000 [======>.......................] - ETA: 22s - loss: 2.3104 - accuracy: 0.1240
1000/3000 [=========>....................] - ETA: 19s - loss: 2.3101 - accuracy: 0.1220
1250/3000 [===========>..................] - ETA: 17s - loss: 2.3082 - accuracy: 0.1192
1500/3000 [==============>...............] - ETA: 14s - loss: 2.3085 - accuracy: 0.1147
1750/3000 [================>.............] - ETA: 12s - loss: 2.3094 - accuracy: 0.1143
2000/3000 [===================>..........] - ETA: 9s - loss: 2.3099 - accuracy: 0.1130 
2250/3000 [=====================>........] - ETA: 7s - loss: 2.3083 - accuracy: 0.1133
2500/3000 [========================>.....] - ETA: 5s - loss: 2.3078 - accuracy: 0.1164
2750/3000 [==========================>...] - ETA: 2s - loss: 2.3081 - accuracy: 0.1167
3000/3000 [==============================] - 30s 10ms/step - loss: 2.3093 - accuracy: 0.1150 - val_loss: 2.3122 - val_accuracy: 0.0827
Epoch 3/5

 250/3000 [=>............................] - ETA: 26s - loss: 2.2978 - accuracy: 0.0960
 500/3000 [====>.........................] - ETA: 24s - loss: 2.3081 - accuracy: 0.0960
 750/3000 [======>.......................] - ETA: 22s - loss: 2.3113 - accuracy: 0.1027
1000/3000 [=========>....................] - ETA: 19s - loss: 2.3093 - accuracy: 0.1150
1250/3000 [===========>..................] - ETA: 17s - loss: 2.3089 - accuracy: 0.1168
1500/3000 [==============>...............] - ETA: 14s - loss: 2.3097 - accuracy: 0.1160
1750/3000 [================>.............] - ETA: 12s - loss: 2.3108 - accuracy: 0.1143
2000/3000 [===================>..........] - ETA: 10s - loss: 2.3118 - accuracy: 0.1145
2250/3000 [=====================>........] - ETA: 7s - loss: 2.3118 - accuracy: 0.1156 
2500/3000 [========================>.....] - ETA: 5s - loss: 2.3108 - accuracy: 0.1176
2750/3000 [==========================>...] - ETA: 2s - loss: 2.3101 - accuracy: 0.1142
3000/3000 [==============================] - 30s 10ms/step - loss: 2.3095 - accuracy: 0.1170 - val_loss: 2.3122 - val_accuracy: 0.0853
Epoch 4/5

 250/3000 [=>............................] - ETA: 28s - loss: 2.3115 - accuracy: 0.1080
 500/3000 [====>.........................] - ETA: 25s - loss: 2.3138 - accuracy: 0.1120
 750/3000 [======>.......................] - ETA: 22s - loss: 2.3144 - accuracy: 0.1120
1000/3000 [=========>....................] - ETA: 20s - loss: 2.3124 - accuracy: 0.1190
1250/3000 [===========>..................] - ETA: 17s - loss: 2.3135 - accuracy: 0.1160
1500/3000 [==============>...............] - ETA: 15s - loss: 2.3125 - accuracy: 0.1140
1750/3000 [================>.............] - ETA: 12s - loss: 2.3117 - accuracy: 0.1143
2000/3000 [===================>..........] - ETA: 10s - loss: 2.3096 - accuracy: 0.1170
2250/3000 [=====================>........] - ETA: 7s - loss: 2.3083 - accuracy: 0.1200 
2500/3000 [========================>.....] - ETA: 5s - loss: 2.3096 - accuracy: 0.1152
2750/3000 [==========================>...] - ETA: 2s - loss: 2.3097 - accuracy: 0.1164
3000/3000 [==============================] - 30s 10ms/step - loss: 2.3099 - accuracy: 0.1173 - val_loss: 2.3124 - val_accuracy: 0.0787
Epoch 5/5

 250/3000 [=>............................] - ETA: 26s - loss: 2.3064 - accuracy: 0.1120
 500/3000 [====>.........................] - ETA: 24s - loss: 2.3060 - accuracy: 0.1140
 750/3000 [======>.......................] - ETA: 22s - loss: 2.3062 - accuracy: 0.1147
1000/3000 [=========>....................] - ETA: 19s - loss: 2.3055 - accuracy: 0.1180
1250/3000 [===========>..................] - ETA: 17s - loss: 2.3085 - accuracy: 0.1096
1500/3000 [==============>...............] - ETA: 14s - loss: 2.3090 - accuracy: 0.1120
1750/3000 [================>.............] - ETA: 12s - loss: 2.3082 - accuracy: 0.1131
2000/3000 [===================>..........] - ETA: 9s - loss: 2.3072 - accuracy: 0.1100 
2250/3000 [=====================>........] - ETA: 7s - loss: 2.3084 - accuracy: 0.1093
2500/3000 [========================>.....] - ETA: 4s - loss: 2.3092 - accuracy: 0.1096
2750/3000 [==========================>...] - ETA: 2s - loss: 2.3096 - accuracy: 0.1095
3000/3000 [==============================] - 30s 10ms/step - loss: 2.3098 - accuracy: 0.1107 - val_loss: 2.3130 - val_accuracy: 0.0880
Latency --- 151.86568188667297 seconds ---
For delta=0.000200, the current epsilon is: 0.1520
Saving model with new accuracy, previous accuracy was 0.10300000011920929 and present is 0.1106666699051857
Saved model to disk
=====================Iteration========================== 4
For delta=0.000200, the current epsilon is: 0.1520
Noise Mutiplier 30
in grads Tensor("loss_3/mul:0", shape=(?,), dtype=float32)
Train on 3000 samples, validate on 750 samples
Epoch 1/5

 250/3000 [=>............................] - ETA: 29s - loss: 2.3152 - accuracy: 0.0960
 500/3000 [====>.........................] - ETA: 25s - loss: 2.3113 - accuracy: 0.1100
 750/3000 [======>.......................] - ETA: 23s - loss: 2.3077 - accuracy: 0.1080
1000/3000 [=========>....................] - ETA: 20s - loss: 2.3071 - accuracy: 0.1110
1250/3000 [===========>..................] - ETA: 17s - loss: 2.3095 - accuracy: 0.1176
1500/3000 [==============>...............] - ETA: 15s - loss: 2.3102 - accuracy: 0.1193
1750/3000 [================>.............] - ETA: 12s - loss: 2.3107 - accuracy: 0.1131
2000/3000 [===================>..........] - ETA: 10s - loss: 2.3108 - accuracy: 0.1100
2250/3000 [=====================>........] - ETA: 7s - loss: 2.3095 - accuracy: 0.1124 
2500/3000 [========================>.....] - ETA: 5s - loss: 2.3103 - accuracy: 0.1092
2750/3000 [==========================>...] - ETA: 2s - loss: 2.3099 - accuracy: 0.1091
3000/3000 [==============================] - 31s 10ms/step - loss: 2.3092 - accuracy: 0.1100 - val_loss: 2.3152 - val_accuracy: 0.1013
Epoch 2/5

 250/3000 [=>............................] - ETA: 27s - loss: 2.3181 - accuracy: 0.1000
 500/3000 [====>.........................] - ETA: 25s - loss: 2.3066 - accuracy: 0.1180
 750/3000 [======>.......................] - ETA: 22s - loss: 2.3073 - accuracy: 0.1120
1000/3000 [=========>....................] - ETA: 20s - loss: 2.3107 - accuracy: 0.1120
1250/3000 [===========>..................] - ETA: 17s - loss: 2.3110 - accuracy: 0.1152
1500/3000 [==============>...............] - ETA: 15s - loss: 2.3128 - accuracy: 0.1120
1750/3000 [================>.............] - ETA: 12s - loss: 2.3119 - accuracy: 0.1109
2000/3000 [===================>..........] - ETA: 10s - loss: 2.3117 - accuracy: 0.1085
2250/3000 [=====================>........] - ETA: 7s - loss: 2.3095 - accuracy: 0.1120 
2500/3000 [========================>.....] - ETA: 5s - loss: 2.3104 - accuracy: 0.1108
2750/3000 [==========================>...] - ETA: 2s - loss: 2.3093 - accuracy: 0.1131
3000/3000 [==============================] - 31s 10ms/step - loss: 2.3092 - accuracy: 0.1113 - val_loss: 2.3159 - val_accuracy: 0.0907
Epoch 3/5

 250/3000 [=>............................] - ETA: 27s - loss: 2.3058 - accuracy: 0.1120
 500/3000 [====>.........................] - ETA: 25s - loss: 2.3074 - accuracy: 0.0900
 750/3000 [======>.......................] - ETA: 22s - loss: 2.3038 - accuracy: 0.1080
1000/3000 [=========>....................] - ETA: 20s - loss: 2.3026 - accuracy: 0.1130
1250/3000 [===========>..................] - ETA: 17s - loss: 2.3070 - accuracy: 0.1072
1500/3000 [==============>...............] - ETA: 15s - loss: 2.3095 - accuracy: 0.1060
1750/3000 [================>.............] - ETA: 12s - loss: 2.3078 - accuracy: 0.1103
2000/3000 [===================>..........] - ETA: 10s - loss: 2.3120 - accuracy: 0.1055
2250/3000 [=====================>........] - ETA: 7s - loss: 2.3115 - accuracy: 0.1067 
2500/3000 [========================>.....] - ETA: 5s - loss: 2.3094 - accuracy: 0.1084
2750/3000 [==========================>...] - ETA: 2s - loss: 2.3094 - accuracy: 0.1084
3000/3000 [==============================] - 31s 10ms/step - loss: 2.3098 - accuracy: 0.1097 - val_loss: 2.3172 - val_accuracy: 0.0907
Epoch 4/5

 250/3000 [=>............................] - ETA: 28s - loss: 2.3028 - accuracy: 0.1480
 500/3000 [====>.........................] - ETA: 25s - loss: 2.3019 - accuracy: 0.1360
 750/3000 [======>.......................] - ETA: 22s - loss: 2.3026 - accuracy: 0.1293
1000/3000 [=========>....................] - ETA: 20s - loss: 2.3028 - accuracy: 0.1220
1250/3000 [===========>..................] - ETA: 17s - loss: 2.3062 - accuracy: 0.1184
1500/3000 [==============>...............] - ETA: 15s - loss: 2.3069 - accuracy: 0.1167
1750/3000 [================>.............] - ETA: 12s - loss: 2.3076 - accuracy: 0.1126
2000/3000 [===================>..........] - ETA: 10s - loss: 2.3102 - accuracy: 0.1090
2250/3000 [=====================>........] - ETA: 7s - loss: 2.3095 - accuracy: 0.1111 
2500/3000 [========================>.....] - ETA: 5s - loss: 2.3092 - accuracy: 0.1080
2750/3000 [==========================>...] - ETA: 2s - loss: 2.3098 - accuracy: 0.1084
3000/3000 [==============================] - 30s 10ms/step - loss: 2.3104 - accuracy: 0.1087 - val_loss: 2.3185 - val_accuracy: 0.0933
Epoch 5/5

 250/3000 [=>............................] - ETA: 27s - loss: 2.3107 - accuracy: 0.0960
 500/3000 [====>.........................] - ETA: 25s - loss: 2.3097 - accuracy: 0.1020
 750/3000 [======>.......................] - ETA: 23s - loss: 2.3109 - accuracy: 0.1013
1000/3000 [=========>....................] - ETA: 20s - loss: 2.3108 - accuracy: 0.1030
1250/3000 [===========>..................] - ETA: 17s - loss: 2.3120 - accuracy: 0.0992
1500/3000 [==============>...............] - ETA: 15s - loss: 2.3135 - accuracy: 0.1007
1750/3000 [================>.............] - ETA: 12s - loss: 2.3128 - accuracy: 0.1029
2000/3000 [===================>..........] - ETA: 10s - loss: 2.3103 - accuracy: 0.1065
2250/3000 [=====================>........] - ETA: 7s - loss: 2.3104 - accuracy: 0.1062 
2500/3000 [========================>.....] - ETA: 5s - loss: 2.3106 - accuracy: 0.1072
2750/3000 [==========================>...] - ETA: 2s - loss: 2.3108 - accuracy: 0.1087
3000/3000 [==============================] - 31s 10ms/step - loss: 2.3102 - accuracy: 0.1087 - val_loss: 2.3190 - val_accuracy: 0.0933
Latency --- 153.93596029281616 seconds ---
For delta=0.000200, the current epsilon is: 0.1520
=====================Iteration========================== 5
For delta=0.000200, the current epsilon is: 0.1520
Noise Mutiplier 30
in grads Tensor("loss_4/mul:0", shape=(?,), dtype=float32)
Train on 3000 samples, validate on 750 samples
Epoch 1/5

 250/3000 [=>............................] - ETA: 28s - loss: 2.3020 - accuracy: 0.1080
 500/3000 [====>.........................] - ETA: 25s - loss: 2.3026 - accuracy: 0.1120
 750/3000 [======>.......................] - ETA: 22s - loss: 2.3026 - accuracy: 0.1000
1000/3000 [=========>....................] - ETA: 20s - loss: 2.3029 - accuracy: 0.1120
1250/3000 [===========>..................] - ETA: 17s - loss: 2.3025 - accuracy: 0.1184
1500/3000 [==============>...............] - ETA: 15s - loss: 2.3022 - accuracy: 0.1160
1750/3000 [================>.............] - ETA: 12s - loss: 2.3022 - accuracy: 0.1143
2000/3000 [===================>..........] - ETA: 9s - loss: 2.3024 - accuracy: 0.1125 
2250/3000 [=====================>........] - ETA: 7s - loss: 2.3023 - accuracy: 0.1102
2500/3000 [========================>.....] - ETA: 4s - loss: 2.3028 - accuracy: 0.1084
2750/3000 [==========================>...] - ETA: 2s - loss: 2.3024 - accuracy: 0.1084
3000/3000 [==============================] - 30s 10ms/step - loss: 2.3022 - accuracy: 0.1083 - val_loss: 2.3058 - val_accuracy: 0.0907
Epoch 2/5

 250/3000 [=>............................] - ETA: 27s - loss: 2.3018 - accuracy: 0.1000
 500/3000 [====>.........................] - ETA: 24s - loss: 2.2997 - accuracy: 0.1160
 750/3000 [======>.......................] - ETA: 22s - loss: 2.3001 - accuracy: 0.1200
1000/3000 [=========>....................] - ETA: 19s - loss: 2.3000 - accuracy: 0.1160
1250/3000 [===========>..................] - ETA: 17s - loss: 2.3006 - accuracy: 0.1144
1500/3000 [==============>...............] - ETA: 14s - loss: 2.3012 - accuracy: 0.1113
1750/3000 [================>.............] - ETA: 12s - loss: 2.3017 - accuracy: 0.1069
2000/3000 [===================>..........] - ETA: 9s - loss: 2.3021 - accuracy: 0.1070 
2250/3000 [=====================>........] - ETA: 7s - loss: 2.3023 - accuracy: 0.1071
2500/3000 [========================>.....] - ETA: 4s - loss: 2.3015 - accuracy: 0.1124
2750/3000 [==========================>...] - ETA: 2s - loss: 2.3017 - accuracy: 0.1113
3000/3000 [==============================] - 30s 10ms/step - loss: 2.3015 - accuracy: 0.1123 - val_loss: 2.3056 - val_accuracy: 0.0893
Epoch 3/5

 250/3000 [=>............................] - ETA: 26s - loss: 2.2988 - accuracy: 0.1120
 500/3000 [====>.........................] - ETA: 24s - loss: 2.3036 - accuracy: 0.1040
 750/3000 [======>.......................] - ETA: 22s - loss: 2.3009 - accuracy: 0.1147
1000/3000 [=========>....................] - ETA: 19s - loss: 2.3007 - accuracy: 0.1200
1250/3000 [===========>..................] - ETA: 17s - loss: 2.3015 - accuracy: 0.1088
1500/3000 [==============>...............] - ETA: 14s - loss: 2.3005 - accuracy: 0.1080
1750/3000 [================>.............] - ETA: 12s - loss: 2.3001 - accuracy: 0.1131
2000/3000 [===================>..........] - ETA: 9s - loss: 2.3007 - accuracy: 0.1105 
2250/3000 [=====================>........] - ETA: 7s - loss: 2.3006 - accuracy: 0.1116
2500/3000 [========================>.....] - ETA: 4s - loss: 2.3008 - accuracy: 0.1108
2750/3000 [==========================>...] - ETA: 2s - loss: 2.3008 - accuracy: 0.1120
3000/3000 [==============================] - 30s 10ms/step - loss: 2.3006 - accuracy: 0.1123 - val_loss: 2.3059 - val_accuracy: 0.0893
Epoch 4/5

 250/3000 [=>............................] - ETA: 27s - loss: 2.2985 - accuracy: 0.1240
 500/3000 [====>.........................] - ETA: 24s - loss: 2.3007 - accuracy: 0.1120
 750/3000 [======>.......................] - ETA: 22s - loss: 2.2983 - accuracy: 0.1227
1000/3000 [=========>....................] - ETA: 19s - loss: 2.2973 - accuracy: 0.1310
1250/3000 [===========>..................] - ETA: 17s - loss: 2.2974 - accuracy: 0.1216
1500/3000 [==============>...............] - ETA: 14s - loss: 2.2988 - accuracy: 0.1133
1750/3000 [================>.............] - ETA: 12s - loss: 2.2981 - accuracy: 0.1160
2000/3000 [===================>..........] - ETA: 9s - loss: 2.2982 - accuracy: 0.1150 
2250/3000 [=====================>........] - ETA: 7s - loss: 2.2988 - accuracy: 0.1142
2500/3000 [========================>.....] - ETA: 4s - loss: 2.2989 - accuracy: 0.1160
2750/3000 [==========================>...] - ETA: 2s - loss: 2.2993 - accuracy: 0.1124
3000/3000 [==============================] - 30s 10ms/step - loss: 2.2999 - accuracy: 0.1103 - val_loss: 2.3061 - val_accuracy: 0.0907
Epoch 5/5

 250/3000 [=>............................] - ETA: 27s - loss: 2.3014 - accuracy: 0.1160
 500/3000 [====>.........................] - ETA: 24s - loss: 2.2992 - accuracy: 0.1140
 750/3000 [======>.......................] - ETA: 22s - loss: 2.2995 - accuracy: 0.1093
1000/3000 [=========>....................] - ETA: 19s - loss: 2.3007 - accuracy: 0.1040
1250/3000 [===========>..................] - ETA: 17s - loss: 2.2998 - accuracy: 0.1104
1500/3000 [==============>...............] - ETA: 14s - loss: 2.2998 - accuracy: 0.1093
1750/3000 [================>.............] - ETA: 12s - loss: 2.2995 - accuracy: 0.1097
2000/3000 [===================>..........] - ETA: 9s - loss: 2.2988 - accuracy: 0.1105 
2250/3000 [=====================>........] - ETA: 7s - loss: 2.2985 - accuracy: 0.1151
2500/3000 [========================>.....] - ETA: 4s - loss: 2.2992 - accuracy: 0.1128
2750/3000 [==========================>...] - ETA: 2s - loss: 2.2994 - accuracy: 0.1105
3000/3000 [==============================] - 30s 10ms/step - loss: 2.2999 - accuracy: 0.1097 - val_loss: 2.3063 - val_accuracy: 0.0907
Latency --- 150.16274642944336 seconds ---
For delta=0.000200, the current epsilon is: 0.1520
=====================Iteration========================== 6
For delta=0.000200, the current epsilon is: 0.1520
Noise Mutiplier 30
in grads Tensor("loss_5/mul:0", shape=(?,), dtype=float32)
Train on 3000 samples, validate on 750 samples
Epoch 1/5

 250/3000 [=>............................] - ETA: 28s - loss: 2.3066 - accuracy: 0.0920
 500/3000 [====>.........................] - ETA: 25s - loss: 2.3070 - accuracy: 0.1000
 750/3000 [======>.......................] - ETA: 22s - loss: 2.3082 - accuracy: 0.1067
1000/3000 [=========>....................] - ETA: 20s - loss: 2.3086 - accuracy: 0.1020
1250/3000 [===========>..................] - ETA: 17s - loss: 2.3085 - accuracy: 0.1008
1500/3000 [==============>...............] - ETA: 15s - loss: 2.3080 - accuracy: 0.1060
1750/3000 [================>.............] - ETA: 12s - loss: 2.3073 - accuracy: 0.1091
2000/3000 [===================>..........] - ETA: 10s - loss: 2.3068 - accuracy: 0.1120
2250/3000 [=====================>........] - ETA: 7s - loss: 2.3067 - accuracy: 0.1080 
2500/3000 [========================>.....] - ETA: 4s - loss: 2.3071 - accuracy: 0.1068
2750/3000 [==========================>...] - ETA: 2s - loss: 2.3072 - accuracy: 0.1073
3000/3000 [==============================] - 30s 10ms/step - loss: 2.3067 - accuracy: 0.1073 - val_loss: 2.3019 - val_accuracy: 0.1040
Epoch 2/5

 250/3000 [=>............................] - ETA: 27s - loss: 2.3074 - accuracy: 0.1000
 500/3000 [====>.........................] - ETA: 25s - loss: 2.3090 - accuracy: 0.0960
 750/3000 [======>.......................] - ETA: 22s - loss: 2.3073 - accuracy: 0.1053
1000/3000 [=========>....................] - ETA: 20s - loss: 2.3085 - accuracy: 0.1030
1250/3000 [===========>..................] - ETA: 17s - loss: 2.3074 - accuracy: 0.1048
1500/3000 [==============>...............] - ETA: 15s - loss: 2.3069 - accuracy: 0.1080
1750/3000 [================>.............] - ETA: 12s - loss: 2.3056 - accuracy: 0.1086
2000/3000 [===================>..........] - ETA: 10s - loss: 2.3056 - accuracy: 0.1075
2250/3000 [=====================>........] - ETA: 7s - loss: 2.3056 - accuracy: 0.1062 
2500/3000 [========================>.....] - ETA: 5s - loss: 2.3062 - accuracy: 0.1064
2750/3000 [==========================>...] - ETA: 2s - loss: 2.3068 - accuracy: 0.1051
3000/3000 [==============================] - 30s 10ms/step - loss: 2.3060 - accuracy: 0.1073 - val_loss: 2.3014 - val_accuracy: 0.1027
Epoch 3/5

 250/3000 [=>............................] - ETA: 26s - loss: 2.2989 - accuracy: 0.1280
 500/3000 [====>.........................] - ETA: 24s - loss: 2.3013 - accuracy: 0.1180
 750/3000 [======>.......................] - ETA: 22s - loss: 2.3048 - accuracy: 0.1173
1000/3000 [=========>....................] - ETA: 19s - loss: 2.3058 - accuracy: 0.1160
1250/3000 [===========>..................] - ETA: 17s - loss: 2.3058 - accuracy: 0.1136
1500/3000 [==============>...............] - ETA: 14s - loss: 2.3063 - accuracy: 0.1153
1750/3000 [================>.............] - ETA: 12s - loss: 2.3063 - accuracy: 0.1126
2000/3000 [===================>..........] - ETA: 9s - loss: 2.3061 - accuracy: 0.1125 
2250/3000 [=====================>........] - ETA: 7s - loss: 2.3059 - accuracy: 0.1120
2500/3000 [========================>.....] - ETA: 4s - loss: 2.3069 - accuracy: 0.1084
2750/3000 [==========================>...] - ETA: 2s - loss: 2.3067 - accuracy: 0.1073
3000/3000 [==============================] - 30s 10ms/step - loss: 2.3057 - accuracy: 0.1073 - val_loss: 2.3017 - val_accuracy: 0.1027
Epoch 4/5

 250/3000 [=>............................] - ETA: 27s - loss: 2.3055 - accuracy: 0.1120
 500/3000 [====>.........................] - ETA: 25s - loss: 2.3100 - accuracy: 0.1040
 750/3000 [======>.......................] - ETA: 22s - loss: 2.3055 - accuracy: 0.1200
1000/3000 [=========>....................] - ETA: 19s - loss: 2.3033 - accuracy: 0.1230
1250/3000 [===========>..................] - ETA: 17s - loss: 2.3043 - accuracy: 0.1128
1500/3000 [==============>...............] - ETA: 14s - loss: 2.3049 - accuracy: 0.1107
1750/3000 [================>.............] - ETA: 12s - loss: 2.3057 - accuracy: 0.1114
2000/3000 [===================>..........] - ETA: 9s - loss: 2.3066 - accuracy: 0.1075 
2250/3000 [=====================>........] - ETA: 7s - loss: 2.3066 - accuracy: 0.1067
2500/3000 [========================>.....] - ETA: 4s - loss: 2.3070 - accuracy: 0.1024
2750/3000 [==========================>...] - ETA: 2s - loss: 2.3073 - accuracy: 0.1040
3000/3000 [==============================] - 30s 10ms/step - loss: 2.3060 - accuracy: 0.1070 - val_loss: 2.3016 - val_accuracy: 0.1000
Epoch 5/5

 250/3000 [=>............................] - ETA: 26s - loss: 2.3012 - accuracy: 0.1080
 500/3000 [====>.........................] - ETA: 24s - loss: 2.3028 - accuracy: 0.0960
 750/3000 [======>.......................] - ETA: 22s - loss: 2.3029 - accuracy: 0.1000
1000/3000 [=========>....................] - ETA: 19s - loss: 2.3056 - accuracy: 0.1030
1250/3000 [===========>..................] - ETA: 17s - loss: 2.3060 - accuracy: 0.0968
1500/3000 [==============>...............] - ETA: 14s - loss: 2.3070 - accuracy: 0.1000
1750/3000 [================>.............] - ETA: 12s - loss: 2.3064 - accuracy: 0.1051
2000/3000 [===================>..........] - ETA: 9s - loss: 2.3066 - accuracy: 0.1060 
2250/3000 [=====================>........] - ETA: 7s - loss: 2.3072 - accuracy: 0.1044
2500/3000 [========================>.....] - ETA: 4s - loss: 2.3070 - accuracy: 0.1028
2750/3000 [==========================>...] - ETA: 2s - loss: 2.3065 - accuracy: 0.1069
3000/3000 [==============================] - 30s 10ms/step - loss: 2.3065 - accuracy: 0.1083 - val_loss: 2.3014 - val_accuracy: 0.0987
Latency --- 151.49567484855652 seconds ---
For delta=0.000200, the current epsilon is: 0.1520
=====================Iteration========================== 7
For delta=0.000200, the current epsilon is: 0.1520
Noise Mutiplier 30
in grads Tensor("loss_6/mul:0", shape=(?,), dtype=float32)
Train on 3000 samples, validate on 750 samples
Epoch 1/5

 250/3000 [=>............................] - ETA: 28s - loss: 2.3104 - accuracy: 0.0800
 500/3000 [====>.........................] - ETA: 25s - loss: 2.3078 - accuracy: 0.0800
 750/3000 [======>.......................] - ETA: 22s - loss: 2.3078 - accuracy: 0.0867
1000/3000 [=========>....................] - ETA: 20s - loss: 2.3070 - accuracy: 0.0890
1250/3000 [===========>..................] - ETA: 17s - loss: 2.3075 - accuracy: 0.0896
1500/3000 [==============>...............] - ETA: 15s - loss: 2.3073 - accuracy: 0.0927
1750/3000 [================>.............] - ETA: 12s - loss: 2.3069 - accuracy: 0.0960
2000/3000 [===================>..........] - ETA: 10s - loss: 2.3068 - accuracy: 0.0975
2250/3000 [=====================>........] - ETA: 7s - loss: 2.3071 - accuracy: 0.0987 
2500/3000 [========================>.....] - ETA: 5s - loss: 2.3068 - accuracy: 0.0976
2750/3000 [==========================>...] - ETA: 2s - loss: 2.3069 - accuracy: 0.0985
3000/3000 [==============================] - 30s 10ms/step - loss: 2.3064 - accuracy: 0.1020 - val_loss: 2.3059 - val_accuracy: 0.1013
Epoch 2/5

 250/3000 [=>............................] - ETA: 27s - loss: 2.3060 - accuracy: 0.0800
 500/3000 [====>.........................] - ETA: 24s - loss: 2.3082 - accuracy: 0.0860
 750/3000 [======>.......................] - ETA: 22s - loss: 2.3052 - accuracy: 0.1053
1000/3000 [=========>....................] - ETA: 20s - loss: 2.3045 - accuracy: 0.1100
1250/3000 [===========>..................] - ETA: 17s - loss: 2.3058 - accuracy: 0.1120
1500/3000 [==============>...............] - ETA: 15s - loss: 2.3065 - accuracy: 0.1027
1750/3000 [================>.............] - ETA: 12s - loss: 2.3056 - accuracy: 0.1057
2000/3000 [===================>..........] - ETA: 10s - loss: 2.3066 - accuracy: 0.1040
2250/3000 [=====================>........] - ETA: 7s - loss: 2.3064 - accuracy: 0.1009 
2500/3000 [========================>.....] - ETA: 5s - loss: 2.3063 - accuracy: 0.1028
2750/3000 [==========================>...] - ETA: 2s - loss: 2.3060 - accuracy: 0.1062
3000/3000 [==============================] - 30s 10ms/step - loss: 2.3059 - accuracy: 0.1077 - val_loss: 2.3063 - val_accuracy: 0.0987
Epoch 3/5

 250/3000 [=>............................] - ETA: 27s - loss: 2.3015 - accuracy: 0.1200
 500/3000 [====>.........................] - ETA: 24s - loss: 2.3024 - accuracy: 0.1240
 750/3000 [======>.......................] - ETA: 22s - loss: 2.3037 - accuracy: 0.1227
1000/3000 [=========>....................] - ETA: 20s - loss: 2.3063 - accuracy: 0.1170
1250/3000 [===========>..................] - ETA: 17s - loss: 2.3059 - accuracy: 0.1136
1500/3000 [==============>...............] - ETA: 15s - loss: 2.3055 - accuracy: 0.1140
1750/3000 [================>.............] - ETA: 12s - loss: 2.3054 - accuracy: 0.1097
2000/3000 [===================>..........] - ETA: 9s - loss: 2.3051 - accuracy: 0.1120 
2250/3000 [=====================>........] - ETA: 7s - loss: 2.3051 - accuracy: 0.1107
2500/3000 [========================>.....] - ETA: 4s - loss: 2.3059 - accuracy: 0.1104
2750/3000 [==========================>...] - ETA: 2s - loss: 2.3056 - accuracy: 0.1087
3000/3000 [==============================] - 30s 10ms/step - loss: 2.3052 - accuracy: 0.1147 - val_loss: 2.3056 - val_accuracy: 0.1080
Epoch 4/5

 250/3000 [=>............................] - ETA: 27s - loss: 2.3081 - accuracy: 0.1080
 500/3000 [====>.........................] - ETA: 24s - loss: 2.3020 - accuracy: 0.1340
 750/3000 [======>.......................] - ETA: 22s - loss: 2.3023 - accuracy: 0.1307
1000/3000 [=========>....................] - ETA: 19s - loss: 2.3030 - accuracy: 0.1180
1250/3000 [===========>..................] - ETA: 17s - loss: 2.3030 - accuracy: 0.1208
1500/3000 [==============>...............] - ETA: 14s - loss: 2.3037 - accuracy: 0.1187
1750/3000 [================>.............] - ETA: 12s - loss: 2.3035 - accuracy: 0.1189
2000/3000 [===================>..........] - ETA: 9s - loss: 2.3043 - accuracy: 0.1185 
2250/3000 [=====================>........] - ETA: 7s - loss: 2.3045 - accuracy: 0.1160
2500/3000 [========================>.....] - ETA: 4s - loss: 2.3047 - accuracy: 0.1144
2750/3000 [==========================>...] - ETA: 2s - loss: 2.3049 - accuracy: 0.1178
3000/3000 [==============================] - 30s 10ms/step - loss: 2.3048 - accuracy: 0.1183 - val_loss: 2.3049 - val_accuracy: 0.1027
Epoch 5/5

 250/3000 [=>............................] - ETA: 26s - loss: 2.3006 - accuracy: 0.1280
 500/3000 [====>.........................] - ETA: 24s - loss: 2.3021 - accuracy: 0.1280
 750/3000 [======>.......................] - ETA: 22s - loss: 2.3033 - accuracy: 0.1200
1000/3000 [=========>....................] - ETA: 20s - loss: 2.3040 - accuracy: 0.1150
1250/3000 [===========>..................] - ETA: 17s - loss: 2.3040 - accuracy: 0.1168
1500/3000 [==============>...............] - ETA: 15s - loss: 2.3037 - accuracy: 0.1167
1750/3000 [================>.............] - ETA: 12s - loss: 2.3034 - accuracy: 0.1200
2000/3000 [===================>..........] - ETA: 10s - loss: 2.3039 - accuracy: 0.1185
2250/3000 [=====================>........] - ETA: 7s - loss: 2.3039 - accuracy: 0.1173 
2500/3000 [========================>.....] - ETA: 5s - loss: 2.3043 - accuracy: 0.1176
2750/3000 [==========================>...] - ETA: 2s - loss: 2.3039 - accuracy: 0.1200
3000/3000 [==============================] - 30s 10ms/step - loss: 2.3046 - accuracy: 0.1170 - val_loss: 2.3050 - val_accuracy: 0.1080
Latency --- 151.78783512115479 seconds ---
For delta=0.000200, the current epsilon is: 0.1520
Saving model with new accuracy, previous accuracy was 0.1106666699051857 and present is 0.11699999868869781
Saved model to disk
=====================Iteration========================== 8
For delta=0.000200, the current epsilon is: 0.1520
Noise Mutiplier 30
in grads Tensor("loss_7/mul:0", shape=(?,), dtype=float32)
Train on 3000 samples, validate on 750 samples
Epoch 1/5

 250/3000 [=>............................] - ETA: 30s - loss: 2.3024 - accuracy: 0.0920
 500/3000 [====>.........................] - ETA: 25s - loss: 2.3008 - accuracy: 0.0960
 750/3000 [======>.......................] - ETA: 23s - loss: 2.3029 - accuracy: 0.0893
1000/3000 [=========>....................] - ETA: 20s - loss: 2.3023 - accuracy: 0.0920
1250/3000 [===========>..................] - ETA: 17s - loss: 2.3020 - accuracy: 0.1016
1500/3000 [==============>...............] - ETA: 15s - loss: 2.3031 - accuracy: 0.1053
1750/3000 [================>.............] - ETA: 12s - loss: 2.3025 - accuracy: 0.1063
2000/3000 [===================>..........] - ETA: 10s - loss: 2.3032 - accuracy: 0.1065
2250/3000 [=====================>........] - ETA: 7s - loss: 2.3036 - accuracy: 0.1049 
2500/3000 [========================>.....] - ETA: 5s - loss: 2.3044 - accuracy: 0.1020
2750/3000 [==========================>...] - ETA: 2s - loss: 2.3047 - accuracy: 0.1015
3000/3000 [==============================] - 30s 10ms/step - loss: 2.3049 - accuracy: 0.1000 - val_loss: 2.3043 - val_accuracy: 0.1067
Epoch 2/5

 250/3000 [=>............................] - ETA: 27s - loss: 2.3054 - accuracy: 0.1080
 500/3000 [====>.........................] - ETA: 24s - loss: 2.3053 - accuracy: 0.1000
 750/3000 [======>.......................] - ETA: 22s - loss: 2.3032 - accuracy: 0.1120
1000/3000 [=========>....................] - ETA: 19s - loss: 2.3043 - accuracy: 0.1050
1250/3000 [===========>..................] - ETA: 17s - loss: 2.3051 - accuracy: 0.1048
1500/3000 [==============>...............] - ETA: 14s - loss: 2.3061 - accuracy: 0.1073
1750/3000 [================>.............] - ETA: 12s - loss: 2.3061 - accuracy: 0.0994
2000/3000 [===================>..........] - ETA: 9s - loss: 2.3059 - accuracy: 0.0955 
2250/3000 [=====================>........] - ETA: 7s - loss: 2.3060 - accuracy: 0.0969
2500/3000 [========================>.....] - ETA: 4s - loss: 2.3063 - accuracy: 0.0960
2750/3000 [==========================>...] - ETA: 2s - loss: 2.3064 - accuracy: 0.0971
3000/3000 [==============================] - 30s 10ms/step - loss: 2.3062 - accuracy: 0.0977 - val_loss: 2.3050 - val_accuracy: 0.1080
Epoch 3/5

 250/3000 [=>............................] - ETA: 27s - loss: 2.3060 - accuracy: 0.0960
 500/3000 [====>.........................] - ETA: 25s - loss: 2.3090 - accuracy: 0.1240
 750/3000 [======>.......................] - ETA: 22s - loss: 2.3051 - accuracy: 0.1213
1000/3000 [=========>....................] - ETA: 20s - loss: 2.3076 - accuracy: 0.1090
1250/3000 [===========>..................] - ETA: 17s - loss: 2.3078 - accuracy: 0.1056
1500/3000 [==============>...............] - ETA: 15s - loss: 2.3088 - accuracy: 0.1020
1750/3000 [================>.............] - ETA: 12s - loss: 2.3079 - accuracy: 0.1034
2000/3000 [===================>..........] - ETA: 10s - loss: 2.3073 - accuracy: 0.1015
2250/3000 [=====================>........] - ETA: 7s - loss: 2.3074 - accuracy: 0.1022 
2500/3000 [========================>.....] - ETA: 5s - loss: 2.3071 - accuracy: 0.1004
2750/3000 [==========================>...] - ETA: 2s - loss: 2.3071 - accuracy: 0.0993
3000/3000 [==============================] - 30s 10ms/step - loss: 2.3071 - accuracy: 0.0973 - val_loss: 2.3051 - val_accuracy: 0.0973
Epoch 4/5

 250/3000 [=>............................] - ETA: 27s - loss: 2.3158 - accuracy: 0.0560
 500/3000 [====>.........................] - ETA: 24s - loss: 2.3131 - accuracy: 0.0760
 750/3000 [======>.......................] - ETA: 22s - loss: 2.3113 - accuracy: 0.0840
1000/3000 [=========>....................] - ETA: 20s - loss: 2.3093 - accuracy: 0.0880
1250/3000 [===========>..................] - ETA: 17s - loss: 2.3097 - accuracy: 0.0888
1500/3000 [==============>...............] - ETA: 14s - loss: 2.3096 - accuracy: 0.0907
1750/3000 [================>.............] - ETA: 12s - loss: 2.3090 - accuracy: 0.0891
2000/3000 [===================>..........] - ETA: 9s - loss: 2.3082 - accuracy: 0.0910 
2250/3000 [=====================>........] - ETA: 7s - loss: 2.3078 - accuracy: 0.0898
2500/3000 [========================>.....] - ETA: 4s - loss: 2.3075 - accuracy: 0.0912
2750/3000 [==========================>...] - ETA: 2s - loss: 2.3075 - accuracy: 0.0924
3000/3000 [==============================] - 30s 10ms/step - loss: 2.3077 - accuracy: 0.0920 - val_loss: 2.3048 - val_accuracy: 0.1000
Epoch 5/5

 250/3000 [=>............................] - ETA: 27s - loss: 2.3037 - accuracy: 0.1160
 500/3000 [====>.........................] - ETA: 25s - loss: 2.3045 - accuracy: 0.0860
 750/3000 [======>.......................] - ETA: 22s - loss: 2.3079 - accuracy: 0.0827
1000/3000 [=========>....................] - ETA: 19s - loss: 2.3071 - accuracy: 0.0860
1250/3000 [===========>..................] - ETA: 17s - loss: 2.3070 - accuracy: 0.0880
1500/3000 [==============>...............] - ETA: 15s - loss: 2.3067 - accuracy: 0.0880
1750/3000 [================>.............] - ETA: 12s - loss: 2.3071 - accuracy: 0.0886
2000/3000 [===================>..........] - ETA: 10s - loss: 2.3085 - accuracy: 0.0900
2250/3000 [=====================>........] - ETA: 7s - loss: 2.3079 - accuracy: 0.0938 
2500/3000 [========================>.....] - ETA: 5s - loss: 2.3078 - accuracy: 0.0916
2750/3000 [==========================>...] - ETA: 2s - loss: 2.3077 - accuracy: 0.0916
3000/3000 [==============================] - 30s 10ms/step - loss: 2.3077 - accuracy: 0.0907 - val_loss: 2.3048 - val_accuracy: 0.1013
Latency --- 152.64005541801453 seconds ---
For delta=0.000200, the current epsilon is: 0.1520
=====================Iteration========================== 9
For delta=0.000200, the current epsilon is: 0.1520
Noise Mutiplier 30
in grads Tensor("loss_8/mul:0", shape=(?,), dtype=float32)
Train on 3000 samples, validate on 750 samples
Epoch 1/5

 250/3000 [=>............................] - ETA: 28s - loss: 2.3074 - accuracy: 0.0600
 500/3000 [====>.........................] - ETA: 25s - loss: 2.3164 - accuracy: 0.0720
 750/3000 [======>.......................] - ETA: 23s - loss: 2.3062 - accuracy: 0.0800
1000/3000 [=========>....................] - ETA: 20s - loss: 2.3044 - accuracy: 0.0860
1250/3000 [===========>..................] - ETA: 17s - loss: 2.3060 - accuracy: 0.0792
1500/3000 [==============>...............] - ETA: 15s - loss: 2.3057 - accuracy: 0.0787
1750/3000 [================>.............] - ETA: 12s - loss: 2.3056 - accuracy: 0.0777
2000/3000 [===================>..........] - ETA: 10s - loss: 2.3069 - accuracy: 0.0755
2250/3000 [=====================>........] - ETA: 7s - loss: 2.3073 - accuracy: 0.0769 
2500/3000 [========================>.....] - ETA: 5s - loss: 2.3071 - accuracy: 0.0768
2750/3000 [==========================>...] - ETA: 2s - loss: 2.3067 - accuracy: 0.0749
3000/3000 [==============================] - 30s 10ms/step - loss: 2.3076 - accuracy: 0.0730 - val_loss: 2.3063 - val_accuracy: 0.1093
Epoch 2/5

 250/3000 [=>............................] - ETA: 26s - loss: 2.3010 - accuracy: 0.0760
 500/3000 [====>.........................] - ETA: 24s - loss: 2.3043 - accuracy: 0.0700
 750/3000 [======>.......................] - ETA: 21s - loss: 2.3024 - accuracy: 0.0840
1000/3000 [=========>....................] - ETA: 19s - loss: 2.3032 - accuracy: 0.0790
1250/3000 [===========>..................] - ETA: 17s - loss: 2.3031 - accuracy: 0.0768
1500/3000 [==============>...............] - ETA: 14s - loss: 2.3036 - accuracy: 0.0747
1750/3000 [================>.............] - ETA: 12s - loss: 2.3043 - accuracy: 0.0766
2000/3000 [===================>..........] - ETA: 9s - loss: 2.3053 - accuracy: 0.0775 
2250/3000 [=====================>........] - ETA: 7s - loss: 2.3058 - accuracy: 0.0787
2500/3000 [========================>.....] - ETA: 4s - loss: 2.3058 - accuracy: 0.0800
2750/3000 [==========================>...] - ETA: 2s - loss: 2.3056 - accuracy: 0.0800
3000/3000 [==============================] - 30s 10ms/step - loss: 2.3060 - accuracy: 0.0797 - val_loss: 2.3048 - val_accuracy: 0.1067
Epoch 3/5

 250/3000 [=>............................] - ETA: 27s - loss: 2.3083 - accuracy: 0.1360
 500/3000 [====>.........................] - ETA: 24s - loss: 2.3099 - accuracy: 0.0960
 750/3000 [======>.......................] - ETA: 22s - loss: 2.3036 - accuracy: 0.0920
1000/3000 [=========>....................] - ETA: 20s - loss: 2.3042 - accuracy: 0.0840
1250/3000 [===========>..................] - ETA: 17s - loss: 2.3034 - accuracy: 0.0896
1500/3000 [==============>...............] - ETA: 15s - loss: 2.3026 - accuracy: 0.0927
1750/3000 [================>.............] - ETA: 12s - loss: 2.3025 - accuracy: 0.0914
2000/3000 [===================>..........] - ETA: 9s - loss: 2.3023 - accuracy: 0.0930 
2250/3000 [=====================>........] - ETA: 7s - loss: 2.3025 - accuracy: 0.0916
2500/3000 [========================>.....] - ETA: 4s - loss: 2.3043 - accuracy: 0.0888
2750/3000 [==========================>...] - ETA: 2s - loss: 2.3040 - accuracy: 0.0902
3000/3000 [==============================] - 30s 10ms/step - loss: 2.3041 - accuracy: 0.0887 - val_loss: 2.3042 - val_accuracy: 0.1027
Epoch 4/5

 250/3000 [=>............................] - ETA: 26s - loss: 2.3181 - accuracy: 0.0800
 500/3000 [====>.........................] - ETA: 24s - loss: 2.3138 - accuracy: 0.0820
 750/3000 [======>.......................] - ETA: 22s - loss: 2.3057 - accuracy: 0.0920
1000/3000 [=========>....................] - ETA: 19s - loss: 2.3058 - accuracy: 0.0960
1250/3000 [===========>..................] - ETA: 17s - loss: 2.3054 - accuracy: 0.0976
1500/3000 [==============>...............] - ETA: 14s - loss: 2.3055 - accuracy: 0.0947
1750/3000 [================>.............] - ETA: 12s - loss: 2.3055 - accuracy: 0.0954
2000/3000 [===================>..........] - ETA: 9s - loss: 2.3053 - accuracy: 0.0945 
2250/3000 [=====================>........] - ETA: 7s - loss: 2.3048 - accuracy: 0.0964
2500/3000 [========================>.....] - ETA: 4s - loss: 2.3037 - accuracy: 0.0952
2750/3000 [==========================>...] - ETA: 2s - loss: 2.3028 - accuracy: 0.0964
3000/3000 [==============================] - 30s 10ms/step - loss: 2.3034 - accuracy: 0.0957 - val_loss: 2.3041 - val_accuracy: 0.1013
Epoch 5/5

 250/3000 [=>............................] - ETA: 28s - loss: 2.3151 - accuracy: 0.1000
 500/3000 [====>.........................] - ETA: 25s - loss: 2.3061 - accuracy: 0.1040
 750/3000 [======>.......................] - ETA: 22s - loss: 2.3025 - accuracy: 0.1013
1000/3000 [=========>....................] - ETA: 19s - loss: 2.3060 - accuracy: 0.0900
1250/3000 [===========>..................] - ETA: 17s - loss: 2.3071 - accuracy: 0.0904
1500/3000 [==============>...............] - ETA: 14s - loss: 2.3057 - accuracy: 0.0920
1750/3000 [================>.............] - ETA: 12s - loss: 2.3052 - accuracy: 0.0914
2000/3000 [===================>..........] - ETA: 9s - loss: 2.3049 - accuracy: 0.0945 
2250/3000 [=====================>........] - ETA: 7s - loss: 2.3034 - accuracy: 0.0991
2500/3000 [========================>.....] - ETA: 4s - loss: 2.3034 - accuracy: 0.1008
2750/3000 [==========================>...] - ETA: 2s - loss: 2.3029 - accuracy: 0.1040
3000/3000 [==============================] - 30s 10ms/step - loss: 2.3027 - accuracy: 0.1027 - val_loss: 2.3047 - val_accuracy: 0.1000
Latency --- 151.3183376789093 seconds ---
For delta=0.000200, the current epsilon is: 0.1520
=====================Iteration========================== 10
For delta=0.000200, the current epsilon is: 0.1520
Noise Mutiplier 30
in grads Tensor("loss_9/mul:0", shape=(?,), dtype=float32)
Train on 3000 samples, validate on 750 samples
Epoch 1/5

 250/3000 [=>............................] - ETA: 29s - loss: 2.3109 - accuracy: 0.0840
 500/3000 [====>.........................] - ETA: 25s - loss: 2.3091 - accuracy: 0.0880
 750/3000 [======>.......................] - ETA: 22s - loss: 2.3071 - accuracy: 0.1027
1000/3000 [=========>....................] - ETA: 20s - loss: 2.3081 - accuracy: 0.1010
1250/3000 [===========>..................] - ETA: 17s - loss: 2.3069 - accuracy: 0.1040
1500/3000 [==============>...............] - ETA: 15s - loss: 2.3060 - accuracy: 0.1067
1750/3000 [================>.............] - ETA: 12s - loss: 2.3066 - accuracy: 0.1086
2000/3000 [===================>..........] - ETA: 10s - loss: 2.3069 - accuracy: 0.1090
2250/3000 [=====================>........] - ETA: 7s - loss: 2.3065 - accuracy: 0.1111 
2500/3000 [========================>.....] - ETA: 4s - loss: 2.3066 - accuracy: 0.1128
2750/3000 [==========================>...] - ETA: 2s - loss: 2.3068 - accuracy: 0.1113
3000/3000 [==============================] - 30s 10ms/step - loss: 2.3070 - accuracy: 0.1120 - val_loss: 2.3049 - val_accuracy: 0.0867
Epoch 2/5

 250/3000 [=>............................] - ETA: 27s - loss: 2.3093 - accuracy: 0.1200
 500/3000 [====>.........................] - ETA: 24s - loss: 2.3053 - accuracy: 0.1100
 750/3000 [======>.......................] - ETA: 22s - loss: 2.3053 - accuracy: 0.1187
1000/3000 [=========>....................] - ETA: 19s - loss: 2.3063 - accuracy: 0.1190
1250/3000 [===========>..................] - ETA: 17s - loss: 2.3061 - accuracy: 0.1184
1500/3000 [==============>...............] - ETA: 14s - loss: 2.3070 - accuracy: 0.1180
1750/3000 [================>.............] - ETA: 12s - loss: 2.3068 - accuracy: 0.1223
2000/3000 [===================>..........] - ETA: 9s - loss: 2.3066 - accuracy: 0.1245 
2250/3000 [=====================>........] - ETA: 7s - loss: 2.3069 - accuracy: 0.1200
2500/3000 [========================>.....] - ETA: 4s - loss: 2.3065 - accuracy: 0.1196
2750/3000 [==========================>...] - ETA: 2s - loss: 2.3065 - accuracy: 0.1211
3000/3000 [==============================] - 30s 10ms/step - loss: 2.3067 - accuracy: 0.1213 - val_loss: 2.3046 - val_accuracy: 0.1027
Epoch 3/5

 250/3000 [=>............................] - ETA: 27s - loss: 2.3049 - accuracy: 0.1200
 500/3000 [====>.........................] - ETA: 25s - loss: 2.3092 - accuracy: 0.1120
 750/3000 [======>.......................] - ETA: 22s - loss: 2.3081 - accuracy: 0.1187
1000/3000 [=========>....................] - ETA: 20s - loss: 2.3082 - accuracy: 0.1110
1250/3000 [===========>..................] - ETA: 17s - loss: 2.3078 - accuracy: 0.1136
1500/3000 [==============>...............] - ETA: 15s - loss: 2.3086 - accuracy: 0.1100
1750/3000 [================>.............] - ETA: 12s - loss: 2.3068 - accuracy: 0.1194
2000/3000 [===================>..........] - ETA: 9s - loss: 2.3068 - accuracy: 0.1205 
2250/3000 [=====================>........] - ETA: 7s - loss: 2.3060 - accuracy: 0.1196
2500/3000 [========================>.....] - ETA: 4s - loss: 2.3054 - accuracy: 0.1200
2750/3000 [==========================>...] - ETA: 2s - loss: 2.3063 - accuracy: 0.1204
3000/3000 [==============================] - 30s 10ms/step - loss: 2.3067 - accuracy: 0.1193 - val_loss: 2.3048 - val_accuracy: 0.1053
Epoch 4/5

 250/3000 [=>............................] - ETA: 27s - loss: 2.3159 - accuracy: 0.1040
 500/3000 [====>.........................] - ETA: 24s - loss: 2.3082 - accuracy: 0.1080
 750/3000 [======>.......................] - ETA: 22s - loss: 2.3078 - accuracy: 0.1093
1000/3000 [=========>....................] - ETA: 19s - loss: 2.3058 - accuracy: 0.1130
1250/3000 [===========>..................] - ETA: 17s - loss: 2.3072 - accuracy: 0.1056
1500/3000 [==============>...............] - ETA: 14s - loss: 2.3074 - accuracy: 0.1073
1750/3000 [================>.............] - ETA: 12s - loss: 2.3068 - accuracy: 0.1097
2000/3000 [===================>..........] - ETA: 9s - loss: 2.3069 - accuracy: 0.1115 
2250/3000 [=====================>........] - ETA: 7s - loss: 2.3072 - accuracy: 0.1111
2500/3000 [========================>.....] - ETA: 4s - loss: 2.3072 - accuracy: 0.1128
2750/3000 [==========================>...] - ETA: 2s - loss: 2.3066 - accuracy: 0.1138
3000/3000 [==============================] - 30s 10ms/step - loss: 2.3065 - accuracy: 0.1160 - val_loss: 2.3050 - val_accuracy: 0.1000
Epoch 5/5

 250/3000 [=>............................] - ETA: 26s - loss: 2.3058 - accuracy: 0.1120
 500/3000 [====>.........................] - ETA: 24s - loss: 2.3009 - accuracy: 0.1200
 750/3000 [======>.......................] - ETA: 22s - loss: 2.3045 - accuracy: 0.1173
1000/3000 [=========>....................] - ETA: 19s - loss: 2.3057 - accuracy: 0.1140
1250/3000 [===========>..................] - ETA: 17s - loss: 2.3055 - accuracy: 0.1184
1500/3000 [==============>...............] - ETA: 14s - loss: 2.3057 - accuracy: 0.1193
1750/3000 [================>.............] - ETA: 12s - loss: 2.3045 - accuracy: 0.1217
2000/3000 [===================>..........] - ETA: 10s - loss: 2.3060 - accuracy: 0.1175
2250/3000 [=====================>........] - ETA: 7s - loss: 2.3056 - accuracy: 0.1204 
2500/3000 [========================>.....] - ETA: 5s - loss: 2.3052 - accuracy: 0.1248
2750/3000 [==========================>...] - ETA: 2s - loss: 2.3052 - accuracy: 0.1262
3000/3000 [==============================] - 30s 10ms/step - loss: 2.3057 - accuracy: 0.1223 - val_loss: 2.3047 - val_accuracy: 0.0947
Latency --- 151.73689889907837 seconds ---
For delta=0.000200, the current epsilon is: 0.1520
Saving model with new accuracy, previous accuracy was 0.11699999868869781 and present is 0.1223333328962326
Saved model to disk
