
=====================ITERATION 1==========================
We are using Tensorflow version 1.15.2
Keras API version: 2.3.1
Noise Mutiplier 30

# Evaluate on test data

 250/3000 [=>............................] - ETA: 0s
 500/3000 [====>.........................] - ETA: 0s
 750/3000 [======>.......................] - ETA: 0s
1000/3000 [=========>....................] - ETA: 0s
1250/3000 [===========>..................] - ETA: 0s
1500/3000 [==============>...............] - ETA: 0s
1750/3000 [================>.............] - ETA: 0s
2000/3000 [===================>..........] - ETA: 0s
2250/3000 [=====================>........] - ETA: 0s
2750/3000 [==========================>...] - ETA: 0s
3000/3000 [==============================] - 1s 223us/step
Accuracy: 9.933333098888397
Latency --- 0.7343010902404785 seconds ---
Trained with vanilla non-private SGD optimizer
=====================ITERATION 2==========================
We are using Tensorflow version 1.15.2
Keras API version: 2.3.1
Noise Mutiplier 30

# Evaluate on test data

 250/3000 [=>............................] - ETA: 0s
 500/3000 [====>.........................] - ETA: 0s
 750/3000 [======>.......................] - ETA: 0s
1000/3000 [=========>....................] - ETA: 0s
1250/3000 [===========>..................] - ETA: 0s
1500/3000 [==============>...............] - ETA: 0s
1750/3000 [================>.............] - ETA: 0s
2000/3000 [===================>..........] - ETA: 0s
2250/3000 [=====================>........] - ETA: 0s
2500/3000 [========================>.....] - ETA: 0s
2750/3000 [==========================>...] - ETA: 0s
3000/3000 [==============================] - 1s 228us/step
Accuracy: 9.933333098888397
Latency --- 0.7473435401916504 seconds ---
Trained with vanilla non-private SGD optimizer
=====================ITERATION 3==========================
We are using Tensorflow version 1.15.2
Keras API version: 2.3.1
Noise Mutiplier 30

# Evaluate on test data

 250/3000 [=>............................] - ETA: 0s
 500/3000 [====>.........................] - ETA: 0s
 750/3000 [======>.......................] - ETA: 0s
1000/3000 [=========>....................] - ETA: 0s
1250/3000 [===========>..................] - ETA: 0s
1500/3000 [==============>...............] - ETA: 0s
1750/3000 [================>.............] - ETA: 0s
2000/3000 [===================>..........] - ETA: 0s
2250/3000 [=====================>........] - ETA: 0s
2500/3000 [========================>.....] - ETA: 0s
3000/3000 [==============================] - 1s 223us/step
Accuracy: 9.933333098888397
Latency --- 0.7352452278137207 seconds ---
Trained with vanilla non-private SGD optimizer
=====================ITERATION 4==========================
We are using Tensorflow version 1.15.2
Keras API version: 2.3.1
Noise Mutiplier 30

# Evaluate on test data

 250/3000 [=>............................] - ETA: 0s
 500/3000 [====>.........................] - ETA: 0s
 750/3000 [======>.......................] - ETA: 0s
1000/3000 [=========>....................] - ETA: 0s
1250/3000 [===========>..................] - ETA: 0s
1500/3000 [==============>...............] - ETA: 0s
1750/3000 [================>.............] - ETA: 0s
2000/3000 [===================>..........] - ETA: 0s
2250/3000 [=====================>........] - ETA: 0s
2500/3000 [========================>.....] - ETA: 0s
2750/3000 [==========================>...] - ETA: 0s
3000/3000 [==============================] - 1s 229us/step
Accuracy: 9.933333098888397
Latency --- 0.7528891563415527 seconds ---
Trained with vanilla non-private SGD optimizer
=====================ITERATION 5==========================
We are using Tensorflow version 1.15.2
Keras API version: 2.3.1
Noise Mutiplier 30

# Evaluate on test data

 250/3000 [=>............................] - ETA: 0s
 500/3000 [====>.........................] - ETA: 0s
 750/3000 [======>.......................] - ETA: 0s
1000/3000 [=========>....................] - ETA: 0s
1500/3000 [==============>...............] - ETA: 0s
1750/3000 [================>.............] - ETA: 0s
2000/3000 [===================>..........] - ETA: 0s
2250/3000 [=====================>........] - ETA: 0s
2500/3000 [========================>.....] - ETA: 0s
2750/3000 [==========================>...] - ETA: 0s
3000/3000 [==============================] - 1s 224us/step
Accuracy: 9.933333098888397
Latency --- 0.7345905303955078 seconds ---
Trained with vanilla non-private SGD optimizer
=====================ITERATION 6==========================
We are using Tensorflow version 1.15.2
Keras API version: 2.3.1
Noise Mutiplier 30

# Evaluate on test data

 250/3000 [=>............................] - ETA: 0s
 500/3000 [====>.........................] - ETA: 0s
 750/3000 [======>.......................] - ETA: 0s
1000/3000 [=========>....................] - ETA: 0s
1500/3000 [==============>...............] - ETA: 0s
1750/3000 [================>.............] - ETA: 0s
2000/3000 [===================>..........] - ETA: 0s
2250/3000 [=====================>........] - ETA: 0s
2500/3000 [========================>.....] - ETA: 0s
2750/3000 [==========================>...] - ETA: 0s
3000/3000 [==============================] - 1s 222us/step
Accuracy: 9.933333098888397
Latency --- 0.7298994064331055 seconds ---
Trained with vanilla non-private SGD optimizer
=====================ITERATION 7==========================
We are using Tensorflow version 1.15.2
Keras API version: 2.3.1
Noise Mutiplier 30

# Evaluate on test data

 250/3000 [=>............................] - ETA: 0s
 500/3000 [====>.........................] - ETA: 0s
 750/3000 [======>.......................] - ETA: 0s
1000/3000 [=========>....................] - ETA: 0s
1250/3000 [===========>..................] - ETA: 0s
1500/3000 [==============>...............] - ETA: 0s
1750/3000 [================>.............] - ETA: 0s
2000/3000 [===================>..........] - ETA: 0s
2250/3000 [=====================>........] - ETA: 0s
2750/3000 [==========================>...] - ETA: 0s
3000/3000 [==============================] - 1s 223us/step
Accuracy: 9.933333098888397
Latency --- 0.7327771186828613 seconds ---
Trained with vanilla non-private SGD optimizer
=====================ITERATION 8==========================
We are using Tensorflow version 1.15.2
Keras API version: 2.3.1
Noise Mutiplier 30

# Evaluate on test data

 250/3000 [=>............................] - ETA: 0s
 500/3000 [====>.........................] - ETA: 0s
 750/3000 [======>.......................] - ETA: 0s
1000/3000 [=========>....................] - ETA: 0s
1250/3000 [===========>..................] - ETA: 0s
1750/3000 [================>.............] - ETA: 0s
2000/3000 [===================>..........] - ETA: 0s
2250/3000 [=====================>........] - ETA: 0s
2500/3000 [========================>.....] - ETA: 0s
2750/3000 [==========================>...] - ETA: 0s
3000/3000 [==============================] - 1s 226us/step
Accuracy: 9.933333098888397
Latency --- 0.7420344352722168 seconds ---
Trained with vanilla non-private SGD optimizer
=====================ITERATION 9==========================
We are using Tensorflow version 1.15.2
Keras API version: 2.3.1
Noise Mutiplier 30

# Evaluate on test data

 250/3000 [=>............................] - ETA: 0s
 500/3000 [====>.........................] - ETA: 0s
 750/3000 [======>.......................] - ETA: 0s
1000/3000 [=========>....................] - ETA: 0s
1500/3000 [==============>...............] - ETA: 0s
1750/3000 [================>.............] - ETA: 0s
2000/3000 [===================>..........] - ETA: 0s
2250/3000 [=====================>........] - ETA: 0s
2500/3000 [========================>.....] - ETA: 0s
2750/3000 [==========================>...] - ETA: 0s
3000/3000 [==============================] - 1s 225us/step
Accuracy: 9.933333098888397
Latency --- 0.7405846118927002 seconds ---
Trained with vanilla non-private SGD optimizer
=====================ITERATION 10==========================
We are using Tensorflow version 1.15.2
Keras API version: 2.3.1
Noise Mutiplier 30

# Evaluate on test data

 250/3000 [=>............................] - ETA: 0s
 500/3000 [====>.........................] - ETA: 0s
 750/3000 [======>.......................] - ETA: 0s
1000/3000 [=========>....................] - ETA: 0s
1500/3000 [==============>...............] - ETA: 0s
1750/3000 [================>.............] - ETA: 0s
2000/3000 [===================>..........] - ETA: 0s
2250/3000 [=====================>........] - ETA: 0s
2500/3000 [========================>.....] - ETA: 0s
2750/3000 [==========================>...] - ETA: 0s
3000/3000 [==============================] - 1s 222us/step
Accuracy: 9.933333098888397
Latency --- 0.7304391860961914 seconds ---
Trained with vanilla non-private SGD optimizer
