We are using Tensorflow version 1.15.2
Keras API version: 2.3.1
=====================Iteration========================== 1
For delta=0.000100, the current epsilon is: 6.0095
Noise Mutiplier 0.83
loss= <keras.losses.CategoricalCrossentropy object at 0x101734add0>
in grads Tensor("loss/mul:0", shape=(?,), dtype=float32)
Train on 10000 samples, validate on 2500 samples
Epoch 1/5

  500/10000 [>.............................] - ETA: 2:36 - loss: 2.3033 - accuracy: 0.1200
 1000/10000 [==>...........................] - ETA: 2:21 - loss: 2.3011 - accuracy: 0.1080
 1500/10000 [===>..........................] - ETA: 2:13 - loss: 2.2935 - accuracy: 0.1473
 2000/10000 [=====>........................] - ETA: 2:02 - loss: 2.2824 - accuracy: 0.1685
 2500/10000 [======>.......................] - ETA: 1:54 - loss: 2.2680 - accuracy: 0.1820
 3000/10000 [========>.....................] - ETA: 1:48 - loss: 2.2570 - accuracy: 0.2003
 3500/10000 [=========>....................] - ETA: 1:39 - loss: 2.2462 - accuracy: 0.2060
 4000/10000 [===========>..................] - ETA: 1:32 - loss: 2.2356 - accuracy: 0.2020
 4500/10000 [============>.................] - ETA: 1:24 - loss: 2.2226 - accuracy: 0.2033
 5000/10000 [==============>...............] - ETA: 1:16 - loss: 2.2155 - accuracy: 0.2066
 5500/10000 [===============>..............] - ETA: 1:09 - loss: 2.2085 - accuracy: 0.2127
 6000/10000 [=================>............] - ETA: 1:01 - loss: 2.1971 - accuracy: 0.2257
 6500/10000 [==================>...........] - ETA: 53s - loss: 2.1829 - accuracy: 0.2349 
 7000/10000 [====================>.........] - ETA: 46s - loss: 2.1658 - accuracy: 0.2500
 7500/10000 [=====================>........] - ETA: 38s - loss: 2.1486 - accuracy: 0.2571
 8000/10000 [=======================>......] - ETA: 30s - loss: 2.1305 - accuracy: 0.2706
 8500/10000 [========================>.....] - ETA: 23s - loss: 2.1146 - accuracy: 0.2702
 9000/10000 [==========================>...] - ETA: 15s - loss: 2.1083 - accuracy: 0.2717
 9500/10000 [===========================>..] - ETA: 7s - loss: 2.0889 - accuracy: 0.2834 
10000/10000 [==============================] - 155s 16ms/step - loss: 2.0766 - accuracy: 0.2919 - val_loss: 1.8740 - val_accuracy: 0.3096
Epoch 2/5

  500/10000 [>.............................] - ETA: 2:29 - loss: 1.9027 - accuracy: 0.3280
 1000/10000 [==>...........................] - ETA: 2:23 - loss: 1.8925 - accuracy: 0.4060
 1500/10000 [===>..........................] - ETA: 2:12 - loss: 1.8552 - accuracy: 0.4000
 2000/10000 [=====>........................] - ETA: 2:02 - loss: 1.7986 - accuracy: 0.4345
 2500/10000 [======>.......................] - ETA: 1:55 - loss: 1.7644 - accuracy: 0.4356
 3000/10000 [========>.....................] - ETA: 1:47 - loss: 1.7282 - accuracy: 0.4457
 3500/10000 [=========>....................] - ETA: 1:39 - loss: 1.7067 - accuracy: 0.4509
 4000/10000 [===========>..................] - ETA: 1:31 - loss: 1.7175 - accuracy: 0.4448
 4500/10000 [============>.................] - ETA: 1:23 - loss: 1.6960 - accuracy: 0.4556
 5000/10000 [==============>...............] - ETA: 1:16 - loss: 1.6739 - accuracy: 0.4614
 5500/10000 [===============>..............] - ETA: 1:08 - loss: 1.6692 - accuracy: 0.4573
 6000/10000 [=================>............] - ETA: 1:01 - loss: 1.6414 - accuracy: 0.4672
 6500/10000 [==================>...........] - ETA: 53s - loss: 1.6218 - accuracy: 0.4774 
 7000/10000 [====================>.........] - ETA: 45s - loss: 1.5995 - accuracy: 0.4851
 7500/10000 [=====================>........] - ETA: 37s - loss: 1.5931 - accuracy: 0.4883
 8000/10000 [=======================>......] - ETA: 30s - loss: 1.5738 - accuracy: 0.4946
 8500/10000 [========================>.....] - ETA: 22s - loss: 1.5573 - accuracy: 0.4994
 9000/10000 [==========================>...] - ETA: 15s - loss: 1.5521 - accuracy: 0.5051
 9500/10000 [===========================>..] - ETA: 7s - loss: 1.5372 - accuracy: 0.5077 
10000/10000 [==============================] - 151s 15ms/step - loss: 1.5245 - accuracy: 0.5141 - val_loss: 1.3002 - val_accuracy: 0.5480
Epoch 3/5

  500/10000 [>.............................] - ETA: 2:19 - loss: 1.1919 - accuracy: 0.6080
 1000/10000 [==>...........................] - ETA: 2:13 - loss: 1.1979 - accuracy: 0.6170
 1500/10000 [===>..........................] - ETA: 2:02 - loss: 1.1974 - accuracy: 0.6067
 2000/10000 [=====>........................] - ETA: 1:57 - loss: 1.1803 - accuracy: 0.6195
 2500/10000 [======>.......................] - ETA: 1:49 - loss: 1.1646 - accuracy: 0.6192
 3000/10000 [========>.....................] - ETA: 1:42 - loss: 1.1801 - accuracy: 0.6127
 3500/10000 [=========>....................] - ETA: 1:35 - loss: 1.1691 - accuracy: 0.6143
 4000/10000 [===========>..................] - ETA: 1:28 - loss: 1.1709 - accuracy: 0.6170
 4500/10000 [============>.................] - ETA: 1:21 - loss: 1.1626 - accuracy: 0.6216
 5000/10000 [==============>...............] - ETA: 1:14 - loss: 1.1503 - accuracy: 0.6256
 5500/10000 [===============>..............] - ETA: 1:07 - loss: 1.1440 - accuracy: 0.6276
 6000/10000 [=================>............] - ETA: 59s - loss: 1.1396 - accuracy: 0.6297 
 6500/10000 [==================>...........] - ETA: 52s - loss: 1.1287 - accuracy: 0.6315
 7000/10000 [====================>.........] - ETA: 44s - loss: 1.1155 - accuracy: 0.6370
 7500/10000 [=====================>........] - ETA: 37s - loss: 1.1054 - accuracy: 0.6423
 8000/10000 [=======================>......] - ETA: 30s - loss: 1.0974 - accuracy: 0.6447
 8500/10000 [========================>.....] - ETA: 22s - loss: 1.1116 - accuracy: 0.6431
 9000/10000 [==========================>...] - ETA: 15s - loss: 1.0976 - accuracy: 0.6482
 9500/10000 [===========================>..] - ETA: 7s - loss: 1.0832 - accuracy: 0.6547 
10000/10000 [==============================] - 151s 15ms/step - loss: 1.0832 - accuracy: 0.6548 - val_loss: 1.0083 - val_accuracy: 0.6556
Epoch 4/5

  500/10000 [>.............................] - ETA: 2:26 - loss: 0.9213 - accuracy: 0.6940
 1000/10000 [==>...........................] - ETA: 2:19 - loss: 0.9111 - accuracy: 0.7010
 1500/10000 [===>..........................] - ETA: 2:12 - loss: 0.8683 - accuracy: 0.7133
 2000/10000 [=====>........................] - ETA: 2:02 - loss: 0.8611 - accuracy: 0.7220
 2500/10000 [======>.......................] - ETA: 1:55 - loss: 0.8523 - accuracy: 0.7228
 3000/10000 [========>.....................] - ETA: 1:47 - loss: 0.8407 - accuracy: 0.7247
 3500/10000 [=========>....................] - ETA: 1:40 - loss: 0.8279 - accuracy: 0.7314
 4000/10000 [===========>..................] - ETA: 1:31 - loss: 0.7993 - accuracy: 0.7395
 4500/10000 [============>.................] - ETA: 1:23 - loss: 0.7879 - accuracy: 0.7451
 5000/10000 [==============>...............] - ETA: 1:15 - loss: 0.8074 - accuracy: 0.7356
 5500/10000 [===============>..............] - ETA: 1:08 - loss: 0.8136 - accuracy: 0.7358
 6000/10000 [=================>............] - ETA: 1:00 - loss: 0.8204 - accuracy: 0.7320
 6500/10000 [==================>...........] - ETA: 52s - loss: 0.8220 - accuracy: 0.7314 
 7000/10000 [====================>.........] - ETA: 45s - loss: 0.8123 - accuracy: 0.7359
 7500/10000 [=====================>........] - ETA: 38s - loss: 0.8039 - accuracy: 0.7396
 8000/10000 [=======================>......] - ETA: 30s - loss: 0.8066 - accuracy: 0.7390
 8500/10000 [========================>.....] - ETA: 22s - loss: 0.8090 - accuracy: 0.7386
 9000/10000 [==========================>...] - ETA: 15s - loss: 0.8073 - accuracy: 0.7392
 9500/10000 [===========================>..] - ETA: 7s - loss: 0.8040 - accuracy: 0.7392 
10000/10000 [==============================] - 153s 15ms/step - loss: 0.7969 - accuracy: 0.7422 - val_loss: 0.7323 - val_accuracy: 0.7664
Epoch 5/5

  500/10000 [>.............................] - ETA: 2:27 - loss: 0.6143 - accuracy: 0.8060
 1000/10000 [==>...........................] - ETA: 2:20 - loss: 0.6130 - accuracy: 0.8030
 1500/10000 [===>..........................] - ETA: 2:12 - loss: 0.6619 - accuracy: 0.7893
 2000/10000 [=====>........................] - ETA: 2:05 - loss: 0.6770 - accuracy: 0.7845
 2500/10000 [======>.......................] - ETA: 1:57 - loss: 0.6785 - accuracy: 0.7844
 3000/10000 [========>.....................] - ETA: 1:49 - loss: 0.6800 - accuracy: 0.7797
 3500/10000 [=========>....................] - ETA: 1:41 - loss: 0.6901 - accuracy: 0.7760
 4000/10000 [===========>..................] - ETA: 1:33 - loss: 0.6991 - accuracy: 0.7725
 4500/10000 [============>.................] - ETA: 1:25 - loss: 0.6965 - accuracy: 0.7736
 5000/10000 [==============>...............] - ETA: 1:17 - loss: 0.6940 - accuracy: 0.7760
 5500/10000 [===============>..............] - ETA: 1:10 - loss: 0.7015 - accuracy: 0.7736
 6000/10000 [=================>............] - ETA: 1:02 - loss: 0.6908 - accuracy: 0.7763
 6500/10000 [==================>...........] - ETA: 54s - loss: 0.6831 - accuracy: 0.7789 
 7000/10000 [====================>.........] - ETA: 46s - loss: 0.6778 - accuracy: 0.7806
 7500/10000 [=====================>........] - ETA: 38s - loss: 0.6724 - accuracy: 0.7825
 8000/10000 [=======================>......] - ETA: 31s - loss: 0.6727 - accuracy: 0.7825
 8500/10000 [========================>.....] - ETA: 23s - loss: 0.6700 - accuracy: 0.7846
 9000/10000 [==========================>...] - ETA: 15s - loss: 0.6658 - accuracy: 0.7867
 9500/10000 [===========================>..] - ETA: 7s - loss: 0.6627 - accuracy: 0.7875 
10000/10000 [==============================] - 155s 16ms/step - loss: 0.6606 - accuracy: 0.7882 - val_loss: 0.6392 - val_accuracy: 0.8052
Latency --- 767.5016393661499 seconds ---
For delta=0.000100, the current epsilon is: 6.0095
Saving model with new accuracy, previous accuracy was 0 and present is 0.7882000207901001
Saved model to disk
=====================Iteration========================== 2
For delta=0.000100, the current epsilon is: 6.0095
Noise Mutiplier 0.83
loss= <keras.losses.CategoricalCrossentropy object at 0x101960b790>
in grads Tensor("loss_1/mul:0", shape=(?,), dtype=float32)
Train on 10000 samples, validate on 2500 samples
Epoch 1/5

  500/10000 [>.............................] - ETA: 2:28 - loss: 2.3174 - accuracy: 0.0720
 1000/10000 [==>...........................] - ETA: 2:18 - loss: 2.3045 - accuracy: 0.1030
 1500/10000 [===>..........................] - ETA: 2:12 - loss: 2.2881 - accuracy: 0.1727
 2000/10000 [=====>........................] - ETA: 2:04 - loss: 2.2745 - accuracy: 0.1770
 2500/10000 [======>.......................] - ETA: 1:56 - loss: 2.2577 - accuracy: 0.2068
 3000/10000 [========>.....................] - ETA: 1:48 - loss: 2.2413 - accuracy: 0.2200
 3500/10000 [=========>....................] - ETA: 1:41 - loss: 2.2242 - accuracy: 0.2371
 4000/10000 [===========>..................] - ETA: 1:33 - loss: 2.2072 - accuracy: 0.2342
 4500/10000 [============>.................] - ETA: 1:25 - loss: 2.1925 - accuracy: 0.2360
 5000/10000 [==============>...............] - ETA: 1:18 - loss: 2.1844 - accuracy: 0.2294
 5500/10000 [===============>..............] - ETA: 1:10 - loss: 2.1760 - accuracy: 0.2264
 6000/10000 [=================>............] - ETA: 1:02 - loss: 2.1672 - accuracy: 0.2262
 6500/10000 [==================>...........] - ETA: 54s - loss: 2.1528 - accuracy: 0.2275 
 7000/10000 [====================>.........] - ETA: 46s - loss: 2.1371 - accuracy: 0.2286
 7500/10000 [=====================>........] - ETA: 39s - loss: 2.1217 - accuracy: 0.2363
 8000/10000 [=======================>......] - ETA: 31s - loss: 2.1011 - accuracy: 0.2488
 8500/10000 [========================>.....] - ETA: 23s - loss: 2.0851 - accuracy: 0.2544
 9000/10000 [==========================>...] - ETA: 15s - loss: 2.0644 - accuracy: 0.2678
 9500/10000 [===========================>..] - ETA: 7s - loss: 2.0460 - accuracy: 0.2749 
10000/10000 [==============================] - 158s 16ms/step - loss: 2.0300 - accuracy: 0.2820 - val_loss: 1.6905 - val_accuracy: 0.4120
Epoch 2/5

  500/10000 [>.............................] - ETA: 2:32 - loss: 1.6834 - accuracy: 0.4240
 1000/10000 [==>...........................] - ETA: 2:23 - loss: 1.6560 - accuracy: 0.4260
 1500/10000 [===>..........................] - ETA: 2:14 - loss: 1.6433 - accuracy: 0.4220
 2000/10000 [=====>........................] - ETA: 2:06 - loss: 1.6109 - accuracy: 0.4490
 2500/10000 [======>.......................] - ETA: 1:56 - loss: 1.6048 - accuracy: 0.4464
 3000/10000 [========>.....................] - ETA: 1:48 - loss: 1.5819 - accuracy: 0.4677
 3500/10000 [=========>....................] - ETA: 1:41 - loss: 1.5748 - accuracy: 0.4734
 4000/10000 [===========>..................] - ETA: 1:33 - loss: 1.5719 - accuracy: 0.4712
 4500/10000 [============>.................] - ETA: 1:26 - loss: 1.5656 - accuracy: 0.4762
 5000/10000 [==============>...............] - ETA: 1:18 - loss: 1.5405 - accuracy: 0.4864
 5500/10000 [===============>..............] - ETA: 1:10 - loss: 1.5335 - accuracy: 0.4882
 6000/10000 [=================>............] - ETA: 1:02 - loss: 1.5252 - accuracy: 0.4878
 6500/10000 [==================>...........] - ETA: 54s - loss: 1.5080 - accuracy: 0.4971 
 7000/10000 [====================>.........] - ETA: 46s - loss: 1.5034 - accuracy: 0.4996
 7500/10000 [=====================>........] - ETA: 38s - loss: 1.4979 - accuracy: 0.5043
 8000/10000 [=======================>......] - ETA: 31s - loss: 1.4935 - accuracy: 0.5080
 8500/10000 [========================>.....] - ETA: 23s - loss: 1.4847 - accuracy: 0.5161
 9000/10000 [==========================>...] - ETA: 15s - loss: 1.4652 - accuracy: 0.5243
 9500/10000 [===========================>..] - ETA: 7s - loss: 1.4487 - accuracy: 0.5286 
10000/10000 [==============================] - 156s 16ms/step - loss: 1.4407 - accuracy: 0.5309 - val_loss: 1.3232 - val_accuracy: 0.5236
Epoch 3/5

  500/10000 [>.............................] - ETA: 2:21 - loss: 1.2612 - accuracy: 0.5540
 1000/10000 [==>...........................] - ETA: 2:21 - loss: 1.3128 - accuracy: 0.5660
 1500/10000 [===>..........................] - ETA: 2:11 - loss: 1.2887 - accuracy: 0.5853
 2000/10000 [=====>........................] - ETA: 2:03 - loss: 1.2401 - accuracy: 0.6120
 2500/10000 [======>.......................] - ETA: 1:54 - loss: 1.2341 - accuracy: 0.6160
 3000/10000 [========>.....................] - ETA: 1:48 - loss: 1.2185 - accuracy: 0.6250
 3500/10000 [=========>....................] - ETA: 1:39 - loss: 1.2003 - accuracy: 0.6326
 4000/10000 [===========>..................] - ETA: 1:33 - loss: 1.1801 - accuracy: 0.6382
 4500/10000 [============>.................] - ETA: 1:25 - loss: 1.1784 - accuracy: 0.6393
 5000/10000 [==============>...............] - ETA: 1:17 - loss: 1.1758 - accuracy: 0.6366
 5500/10000 [===============>..............] - ETA: 1:10 - loss: 1.1677 - accuracy: 0.6402
 6000/10000 [=================>............] - ETA: 1:02 - loss: 1.1619 - accuracy: 0.6420
 6500/10000 [==================>...........] - ETA: 54s - loss: 1.1369 - accuracy: 0.6511 
 7000/10000 [====================>.........] - ETA: 46s - loss: 1.1320 - accuracy: 0.6514
 7500/10000 [=====================>........] - ETA: 38s - loss: 1.1288 - accuracy: 0.6517
 8000/10000 [=======================>......] - ETA: 31s - loss: 1.1151 - accuracy: 0.6549
 8500/10000 [========================>.....] - ETA: 23s - loss: 1.1097 - accuracy: 0.6558
 9000/10000 [==========================>...] - ETA: 15s - loss: 1.0985 - accuracy: 0.6594
 9500/10000 [===========================>..] - ETA: 7s - loss: 1.0836 - accuracy: 0.6627 
10000/10000 [==============================] - 156s 16ms/step - loss: 1.0782 - accuracy: 0.6626 - val_loss: 0.9695 - val_accuracy: 0.6784
Epoch 4/5

  500/10000 [>.............................] - ETA: 2:21 - loss: 0.9816 - accuracy: 0.6760
 1000/10000 [==>...........................] - ETA: 2:14 - loss: 1.0211 - accuracy: 0.6700
 1500/10000 [===>..........................] - ETA: 2:06 - loss: 0.9790 - accuracy: 0.6880
 2000/10000 [=====>........................] - ETA: 2:00 - loss: 0.9647 - accuracy: 0.6920
 2500/10000 [======>.......................] - ETA: 1:53 - loss: 0.9437 - accuracy: 0.6932
 3000/10000 [========>.....................] - ETA: 1:45 - loss: 0.9431 - accuracy: 0.6947
 3500/10000 [=========>....................] - ETA: 1:37 - loss: 0.9338 - accuracy: 0.6994
 4000/10000 [===========>..................] - ETA: 1:30 - loss: 0.9260 - accuracy: 0.7042
 4500/10000 [============>.................] - ETA: 1:22 - loss: 0.9107 - accuracy: 0.7084
 5000/10000 [==============>...............] - ETA: 1:15 - loss: 0.8867 - accuracy: 0.7162
 5500/10000 [===============>..............] - ETA: 1:08 - loss: 0.8720 - accuracy: 0.7218
 6000/10000 [=================>............] - ETA: 1:00 - loss: 0.8564 - accuracy: 0.7275
 6500/10000 [==================>...........] - ETA: 53s - loss: 0.8423 - accuracy: 0.7302 
 7000/10000 [====================>.........] - ETA: 45s - loss: 0.8387 - accuracy: 0.7293
 7500/10000 [=====================>........] - ETA: 38s - loss: 0.8393 - accuracy: 0.7305
 8000/10000 [=======================>......] - ETA: 30s - loss: 0.8303 - accuracy: 0.7337
 8500/10000 [========================>.....] - ETA: 23s - loss: 0.8275 - accuracy: 0.7349
 9000/10000 [==========================>...] - ETA: 15s - loss: 0.8293 - accuracy: 0.7343
 9500/10000 [===========================>..] - ETA: 7s - loss: 0.8248 - accuracy: 0.7362 
10000/10000 [==============================] - 153s 15ms/step - loss: 0.8262 - accuracy: 0.7356 - val_loss: 0.8084 - val_accuracy: 0.7556
Epoch 5/5

  500/10000 [>.............................] - ETA: 2:30 - loss: 0.7155 - accuracy: 0.7780
 1000/10000 [==>...........................] - ETA: 2:25 - loss: 0.6719 - accuracy: 0.7790
 1500/10000 [===>..........................] - ETA: 2:13 - loss: 0.6914 - accuracy: 0.7753
 2000/10000 [=====>........................] - ETA: 2:05 - loss: 0.7123 - accuracy: 0.7700
 2500/10000 [======>.......................] - ETA: 1:58 - loss: 0.7190 - accuracy: 0.7708
 3000/10000 [========>.....................] - ETA: 1:49 - loss: 0.7177 - accuracy: 0.7703
 3500/10000 [=========>....................] - ETA: 1:41 - loss: 0.7150 - accuracy: 0.7709
 4000/10000 [===========>..................] - ETA: 1:34 - loss: 0.7088 - accuracy: 0.7742
 4500/10000 [============>.................] - ETA: 1:26 - loss: 0.6965 - accuracy: 0.7760
 5000/10000 [==============>...............] - ETA: 1:18 - loss: 0.6987 - accuracy: 0.7748
 5500/10000 [===============>..............] - ETA: 1:10 - loss: 0.6936 - accuracy: 0.7769
 6000/10000 [=================>............] - ETA: 1:02 - loss: 0.6907 - accuracy: 0.7787
 6500/10000 [==================>...........] - ETA: 54s - loss: 0.6908 - accuracy: 0.7800 
 7000/10000 [====================>.........] - ETA: 46s - loss: 0.6898 - accuracy: 0.7817
 7500/10000 [=====================>........] - ETA: 39s - loss: 0.6886 - accuracy: 0.7813
 8000/10000 [=======================>......] - ETA: 31s - loss: 0.6873 - accuracy: 0.7829
 8500/10000 [========================>.....] - ETA: 23s - loss: 0.6800 - accuracy: 0.7842
 9000/10000 [==========================>...] - ETA: 15s - loss: 0.6781 - accuracy: 0.7841
 9500/10000 [===========================>..] - ETA: 7s - loss: 0.6801 - accuracy: 0.7833 
10000/10000 [==============================] - 157s 16ms/step - loss: 0.6783 - accuracy: 0.7841 - val_loss: 0.6525 - val_accuracy: 0.7888
Latency --- 781.702390909195 seconds ---
For delta=0.000100, the current epsilon is: 6.0095
=====================Iteration========================== 3
For delta=0.000100, the current epsilon is: 6.0095
Noise Mutiplier 0.83
loss= <keras.losses.CategoricalCrossentropy object at 0x1019777390>
in grads Tensor("loss_2/mul:0", shape=(?,), dtype=float32)
Train on 10000 samples, validate on 2500 samples
Epoch 1/5

  500/10000 [>.............................] - ETA: 2:29 - loss: 2.3231 - accuracy: 0.1080
 1000/10000 [==>...........................] - ETA: 2:21 - loss: 2.3054 - accuracy: 0.1080
 1500/10000 [===>..........................] - ETA: 2:15 - loss: 2.2971 - accuracy: 0.1133
 2000/10000 [=====>........................] - ETA: 2:06 - loss: 2.2874 - accuracy: 0.1275
 2500/10000 [======>.......................] - ETA: 1:56 - loss: 2.2752 - accuracy: 0.1424
 3000/10000 [========>.....................] - ETA: 1:48 - loss: 2.2620 - accuracy: 0.1637
 3500/10000 [=========>....................] - ETA: 1:40 - loss: 2.2523 - accuracy: 0.1663
 4000/10000 [===========>..................] - ETA: 1:32 - loss: 2.2393 - accuracy: 0.1832
 4500/10000 [============>.................] - ETA: 1:24 - loss: 2.2249 - accuracy: 0.1927
 5000/10000 [==============>...............] - ETA: 1:16 - loss: 2.2089 - accuracy: 0.2044
 5500/10000 [===============>..............] - ETA: 1:08 - loss: 2.1922 - accuracy: 0.2104
 6000/10000 [=================>............] - ETA: 1:01 - loss: 2.1743 - accuracy: 0.2270
 6500/10000 [==================>...........] - ETA: 53s - loss: 2.1538 - accuracy: 0.2334 
 7000/10000 [====================>.........] - ETA: 45s - loss: 2.1404 - accuracy: 0.2481
 7500/10000 [=====================>........] - ETA: 38s - loss: 2.1242 - accuracy: 0.2607
 8000/10000 [=======================>......] - ETA: 30s - loss: 2.1076 - accuracy: 0.2727
 8500/10000 [========================>.....] - ETA: 22s - loss: 2.0898 - accuracy: 0.2839
 9000/10000 [==========================>...] - ETA: 15s - loss: 2.0722 - accuracy: 0.2923
 9500/10000 [===========================>..] - ETA: 7s - loss: 2.0546 - accuracy: 0.2973 
10000/10000 [==============================] - 151s 15ms/step - loss: 2.0451 - accuracy: 0.3040 - val_loss: 1.8025 - val_accuracy: 0.4236
Epoch 2/5

  500/10000 [>.............................] - ETA: 2:29 - loss: 1.7597 - accuracy: 0.4400
 1000/10000 [==>...........................] - ETA: 2:17 - loss: 1.7636 - accuracy: 0.4320
 1500/10000 [===>..........................] - ETA: 2:07 - loss: 1.7509 - accuracy: 0.4273
 2000/10000 [=====>........................] - ETA: 1:59 - loss: 1.7250 - accuracy: 0.4605
 2500/10000 [======>.......................] - ETA: 1:52 - loss: 1.6851 - accuracy: 0.4740
 3000/10000 [========>.....................] - ETA: 1:45 - loss: 1.6615 - accuracy: 0.4840
 3500/10000 [=========>....................] - ETA: 1:37 - loss: 1.6339 - accuracy: 0.4834
 4000/10000 [===========>..................] - ETA: 1:29 - loss: 1.6256 - accuracy: 0.4857
 4500/10000 [============>.................] - ETA: 1:22 - loss: 1.5773 - accuracy: 0.5082
 5000/10000 [==============>...............] - ETA: 1:15 - loss: 1.5417 - accuracy: 0.5150
 5500/10000 [===============>..............] - ETA: 1:07 - loss: 1.5185 - accuracy: 0.5216
 6000/10000 [=================>............] - ETA: 1:00 - loss: 1.5098 - accuracy: 0.5233
 6500/10000 [==================>...........] - ETA: 52s - loss: 1.4966 - accuracy: 0.5292 
 7000/10000 [====================>.........] - ETA: 45s - loss: 1.4782 - accuracy: 0.5356
 7500/10000 [=====================>........] - ETA: 37s - loss: 1.4645 - accuracy: 0.5405
 8000/10000 [=======================>......] - ETA: 30s - loss: 1.4443 - accuracy: 0.5500
 8500/10000 [========================>.....] - ETA: 22s - loss: 1.4337 - accuracy: 0.5539
 9000/10000 [==========================>...] - ETA: 15s - loss: 1.4328 - accuracy: 0.5518
 9500/10000 [===========================>..] - ETA: 7s - loss: 1.4256 - accuracy: 0.5580 
10000/10000 [==============================] - 152s 15ms/step - loss: 1.4121 - accuracy: 0.5595 - val_loss: 1.3306 - val_accuracy: 0.6228
Epoch 3/5

  500/10000 [>.............................] - ETA: 2:17 - loss: 1.2644 - accuracy: 0.6240
 1000/10000 [==>...........................] - ETA: 2:14 - loss: 1.1572 - accuracy: 0.6530
 1500/10000 [===>..........................] - ETA: 2:06 - loss: 1.0960 - accuracy: 0.6727
 2000/10000 [=====>........................] - ETA: 2:00 - loss: 1.0645 - accuracy: 0.6820
 2500/10000 [======>.......................] - ETA: 1:53 - loss: 1.0562 - accuracy: 0.6800
 3000/10000 [========>.....................] - ETA: 1:46 - loss: 1.0524 - accuracy: 0.6780
 3500/10000 [=========>....................] - ETA: 1:39 - loss: 1.0584 - accuracy: 0.6791
 4000/10000 [===========>..................] - ETA: 1:31 - loss: 1.0661 - accuracy: 0.6752
 4500/10000 [============>.................] - ETA: 1:24 - loss: 1.0723 - accuracy: 0.6742
 5000/10000 [==============>...............] - ETA: 1:16 - loss: 1.0670 - accuracy: 0.6738
 5500/10000 [===============>..............] - ETA: 1:08 - loss: 1.0691 - accuracy: 0.6680
 6000/10000 [=================>............] - ETA: 1:01 - loss: 1.0589 - accuracy: 0.6693
 6500/10000 [==================>...........] - ETA: 53s - loss: 1.0527 - accuracy: 0.6728 
 7000/10000 [====================>.........] - ETA: 45s - loss: 1.0547 - accuracy: 0.6713
 7500/10000 [=====================>........] - ETA: 38s - loss: 1.0466 - accuracy: 0.6755
 8000/10000 [=======================>......] - ETA: 30s - loss: 1.0376 - accuracy: 0.6787
 8500/10000 [========================>.....] - ETA: 22s - loss: 1.0253 - accuracy: 0.6827
 9000/10000 [==========================>...] - ETA: 15s - loss: 1.0059 - accuracy: 0.6891
 9500/10000 [===========================>..] - ETA: 7s - loss: 0.9927 - accuracy: 0.6925 
10000/10000 [==============================] - 152s 15ms/step - loss: 0.9920 - accuracy: 0.6929 - val_loss: 0.9825 - val_accuracy: 0.6772
Epoch 4/5

  500/10000 [>.............................] - ETA: 2:26 - loss: 0.8653 - accuracy: 0.7240
 1000/10000 [==>...........................] - ETA: 2:15 - loss: 0.8551 - accuracy: 0.7130
 1500/10000 [===>..........................] - ETA: 2:07 - loss: 0.8239 - accuracy: 0.7240
 2000/10000 [=====>........................] - ETA: 1:59 - loss: 0.8432 - accuracy: 0.7180
 2500/10000 [======>.......................] - ETA: 1:53 - loss: 0.8432 - accuracy: 0.7228
 3000/10000 [========>.....................] - ETA: 1:46 - loss: 0.8282 - accuracy: 0.7257
 3500/10000 [=========>....................] - ETA: 1:38 - loss: 0.8498 - accuracy: 0.7223
 4000/10000 [===========>..................] - ETA: 1:31 - loss: 0.8330 - accuracy: 0.7308
 4500/10000 [============>.................] - ETA: 1:23 - loss: 0.8148 - accuracy: 0.7351
 5000/10000 [==============>...............] - ETA: 1:16 - loss: 0.8022 - accuracy: 0.7388
 5500/10000 [===============>..............] - ETA: 1:08 - loss: 0.8067 - accuracy: 0.7373
 6000/10000 [=================>............] - ETA: 1:00 - loss: 0.7940 - accuracy: 0.7385
 6500/10000 [==================>...........] - ETA: 52s - loss: 0.8076 - accuracy: 0.7365 
 7000/10000 [====================>.........] - ETA: 45s - loss: 0.8169 - accuracy: 0.7321
 7500/10000 [=====================>........] - ETA: 37s - loss: 0.8153 - accuracy: 0.7316
 8000/10000 [=======================>......] - ETA: 30s - loss: 0.8154 - accuracy: 0.7306
 8500/10000 [========================>.....] - ETA: 22s - loss: 0.8147 - accuracy: 0.7307
 9000/10000 [==========================>...] - ETA: 15s - loss: 0.8129 - accuracy: 0.7314
 9500/10000 [===========================>..] - ETA: 7s - loss: 0.8103 - accuracy: 0.7331 
10000/10000 [==============================] - 151s 15ms/step - loss: 0.7983 - accuracy: 0.7383 - val_loss: 0.8980 - val_accuracy: 0.7412
Epoch 5/5

  500/10000 [>.............................] - ETA: 2:28 - loss: 0.7056 - accuracy: 0.7860
 1000/10000 [==>...........................] - ETA: 2:20 - loss: 0.7367 - accuracy: 0.7770
 1500/10000 [===>..........................] - ETA: 2:10 - loss: 0.7400 - accuracy: 0.7673
 2000/10000 [=====>........................] - ETA: 2:01 - loss: 0.7440 - accuracy: 0.7580
 2500/10000 [======>.......................] - ETA: 1:54 - loss: 0.7272 - accuracy: 0.7660
 3000/10000 [========>.....................] - ETA: 1:46 - loss: 0.6981 - accuracy: 0.7757
 3500/10000 [=========>....................] - ETA: 1:38 - loss: 0.7010 - accuracy: 0.7711
 4000/10000 [===========>..................] - ETA: 1:30 - loss: 0.7101 - accuracy: 0.7695
 4500/10000 [============>.................] - ETA: 1:23 - loss: 0.7226 - accuracy: 0.7658
 5000/10000 [==============>...............] - ETA: 1:15 - loss: 0.7178 - accuracy: 0.7694
 5500/10000 [===============>..............] - ETA: 1:08 - loss: 0.7061 - accuracy: 0.7740
 6000/10000 [=================>............] - ETA: 1:00 - loss: 0.6977 - accuracy: 0.7767
 6500/10000 [==================>...........] - ETA: 52s - loss: 0.6903 - accuracy: 0.7794 
 7000/10000 [====================>.........] - ETA: 45s - loss: 0.6887 - accuracy: 0.7803
 7500/10000 [=====================>........] - ETA: 37s - loss: 0.6876 - accuracy: 0.7805
 8000/10000 [=======================>......] - ETA: 30s - loss: 0.6839 - accuracy: 0.7829
 8500/10000 [========================>.....] - ETA: 22s - loss: 0.6844 - accuracy: 0.7820
 9000/10000 [==========================>...] - ETA: 15s - loss: 0.6875 - accuracy: 0.7821
 9500/10000 [===========================>..] - ETA: 7s - loss: 0.6823 - accuracy: 0.7827 
10000/10000 [==============================] - 152s 15ms/step - loss: 0.6781 - accuracy: 0.7822 - val_loss: 0.6653 - val_accuracy: 0.7900
Latency --- 760.6885814666748 seconds ---
For delta=0.000100, the current epsilon is: 6.0095
=====================Iteration========================== 4
For delta=0.000100, the current epsilon is: 6.0095
Noise Mutiplier 0.83
loss= <keras.losses.CategoricalCrossentropy object at 0x1019901110>
in grads Tensor("loss_3/mul:0", shape=(?,), dtype=float32)
Train on 10000 samples, validate on 2500 samples
Epoch 1/5

  500/10000 [>.............................] - ETA: 2:36 - loss: 2.3132 - accuracy: 0.1160
 1000/10000 [==>...........................] - ETA: 2:21 - loss: 2.3076 - accuracy: 0.1270
 1500/10000 [===>..........................] - ETA: 2:08 - loss: 2.2997 - accuracy: 0.1313
 2000/10000 [=====>........................] - ETA: 2:01 - loss: 2.2936 - accuracy: 0.1370
 2500/10000 [======>.......................] - ETA: 1:52 - loss: 2.2886 - accuracy: 0.1460
 3000/10000 [========>.....................] - ETA: 1:44 - loss: 2.2817 - accuracy: 0.1630
 3500/10000 [=========>....................] - ETA: 1:36 - loss: 2.2727 - accuracy: 0.1714
 4000/10000 [===========>..................] - ETA: 1:29 - loss: 2.2621 - accuracy: 0.1835
 4500/10000 [============>.................] - ETA: 1:22 - loss: 2.2504 - accuracy: 0.2031
 5000/10000 [==============>...............] - ETA: 1:15 - loss: 2.2456 - accuracy: 0.2040
 5500/10000 [===============>..............] - ETA: 1:07 - loss: 2.2389 - accuracy: 0.2096
 6000/10000 [=================>............] - ETA: 1:00 - loss: 2.2330 - accuracy: 0.2135
 6500/10000 [==================>...........] - ETA: 52s - loss: 2.2236 - accuracy: 0.2178 
 7000/10000 [====================>.........] - ETA: 45s - loss: 2.2116 - accuracy: 0.2256
 7500/10000 [=====================>........] - ETA: 37s - loss: 2.1996 - accuracy: 0.2289
 8000/10000 [=======================>......] - ETA: 30s - loss: 2.1871 - accuracy: 0.2339
 8500/10000 [========================>.....] - ETA: 22s - loss: 2.1738 - accuracy: 0.2366
 9000/10000 [==========================>...] - ETA: 15s - loss: 2.1687 - accuracy: 0.2390
 9500/10000 [===========================>..] - ETA: 7s - loss: 2.1587 - accuracy: 0.2388 
10000/10000 [==============================] - 152s 15ms/step - loss: 2.1523 - accuracy: 0.2449 - val_loss: 1.9976 - val_accuracy: 0.3256
Epoch 2/5

  500/10000 [>.............................] - ETA: 2:24 - loss: 1.9608 - accuracy: 0.3020
 1000/10000 [==>...........................] - ETA: 2:11 - loss: 1.9390 - accuracy: 0.3620
 1500/10000 [===>..........................] - ETA: 2:03 - loss: 1.9016 - accuracy: 0.3800
 2000/10000 [=====>........................] - ETA: 1:56 - loss: 1.8889 - accuracy: 0.3920
 2500/10000 [======>.......................] - ETA: 1:50 - loss: 1.8718 - accuracy: 0.3924
 3000/10000 [========>.....................] - ETA: 1:44 - loss: 1.8571 - accuracy: 0.3963
 3500/10000 [=========>....................] - ETA: 1:37 - loss: 1.8429 - accuracy: 0.3966
 4000/10000 [===========>..................] - ETA: 1:30 - loss: 1.8233 - accuracy: 0.4067
 4500/10000 [============>.................] - ETA: 1:22 - loss: 1.8237 - accuracy: 0.4044
 5000/10000 [==============>...............] - ETA: 1:15 - loss: 1.8003 - accuracy: 0.4162
 5500/10000 [===============>..............] - ETA: 1:08 - loss: 1.7846 - accuracy: 0.4204
 6000/10000 [=================>............] - ETA: 1:00 - loss: 1.7726 - accuracy: 0.4248
 6500/10000 [==================>...........] - ETA: 52s - loss: 1.7568 - accuracy: 0.4328 
 7000/10000 [====================>.........] - ETA: 45s - loss: 1.7427 - accuracy: 0.4366
 7500/10000 [=====================>........] - ETA: 37s - loss: 1.7213 - accuracy: 0.4384
 8000/10000 [=======================>......] - ETA: 30s - loss: 1.7026 - accuracy: 0.4426
 8500/10000 [========================>.....] - ETA: 22s - loss: 1.6842 - accuracy: 0.4456
 9000/10000 [==========================>...] - ETA: 15s - loss: 1.6685 - accuracy: 0.4507
 9500/10000 [===========================>..] - ETA: 7s - loss: 1.6593 - accuracy: 0.4527 
10000/10000 [==============================] - 151s 15ms/step - loss: 1.6476 - accuracy: 0.4567 - val_loss: 1.9517 - val_accuracy: 0.4276
Epoch 3/5

  500/10000 [>.............................] - ETA: 2:26 - loss: 1.8626 - accuracy: 0.4460
 1000/10000 [==>...........................] - ETA: 2:18 - loss: 1.6910 - accuracy: 0.4700
 1500/10000 [===>..........................] - ETA: 2:10 - loss: 1.6795 - accuracy: 0.4960
 2000/10000 [=====>........................] - ETA: 2:02 - loss: 1.6438 - accuracy: 0.4710
 2500/10000 [======>.......................] - ETA: 1:53 - loss: 1.6221 - accuracy: 0.4724
 3000/10000 [========>.....................] - ETA: 1:46 - loss: 1.6467 - accuracy: 0.4573
 3500/10000 [=========>....................] - ETA: 1:39 - loss: 1.6260 - accuracy: 0.4694
 4000/10000 [===========>..................] - ETA: 1:31 - loss: 1.6135 - accuracy: 0.4688
 4500/10000 [============>.................] - ETA: 1:24 - loss: 1.5688 - accuracy: 0.4860
 5000/10000 [==============>...............] - ETA: 1:16 - loss: 1.5695 - accuracy: 0.4822
 5500/10000 [===============>..............] - ETA: 1:08 - loss: 1.5420 - accuracy: 0.4913
 6000/10000 [=================>............] - ETA: 1:00 - loss: 1.5218 - accuracy: 0.4983
 6500/10000 [==================>...........] - ETA: 52s - loss: 1.5118 - accuracy: 0.4995 
 7000/10000 [====================>.........] - ETA: 45s - loss: 1.4949 - accuracy: 0.5017
 7500/10000 [=====================>........] - ETA: 37s - loss: 1.4774 - accuracy: 0.5071
 8000/10000 [=======================>......] - ETA: 30s - loss: 1.4724 - accuracy: 0.5056
 8500/10000 [========================>.....] - ETA: 22s - loss: 1.4542 - accuracy: 0.5100
 9000/10000 [==========================>...] - ETA: 15s - loss: 1.4380 - accuracy: 0.5176
 9500/10000 [===========================>..] - ETA: 7s - loss: 1.4237 - accuracy: 0.5211 
10000/10000 [==============================] - 151s 15ms/step - loss: 1.4050 - accuracy: 0.5298 - val_loss: 1.2652 - val_accuracy: 0.5944
Epoch 4/5

  500/10000 [>.............................] - ETA: 2:20 - loss: 1.1635 - accuracy: 0.5880
 1000/10000 [==>...........................] - ETA: 2:14 - loss: 1.1716 - accuracy: 0.6060
 1500/10000 [===>..........................] - ETA: 2:03 - loss: 1.1438 - accuracy: 0.6093
 2000/10000 [=====>........................] - ETA: 1:59 - loss: 1.1467 - accuracy: 0.6130
 2500/10000 [======>.......................] - ETA: 1:53 - loss: 1.1570 - accuracy: 0.6044
 3000/10000 [========>.....................] - ETA: 1:45 - loss: 1.1409 - accuracy: 0.6150
 3500/10000 [=========>....................] - ETA: 1:38 - loss: 1.1341 - accuracy: 0.6183
 4000/10000 [===========>..................] - ETA: 1:30 - loss: 1.1350 - accuracy: 0.6202
 4500/10000 [============>.................] - ETA: 1:22 - loss: 1.1277 - accuracy: 0.6224
 5000/10000 [==============>...............] - ETA: 1:14 - loss: 1.1404 - accuracy: 0.6184
 5500/10000 [===============>..............] - ETA: 1:07 - loss: 1.1488 - accuracy: 0.6182
 6000/10000 [=================>............] - ETA: 1:00 - loss: 1.1508 - accuracy: 0.6205
 6500/10000 [==================>...........] - ETA: 52s - loss: 1.1461 - accuracy: 0.6214 
 7000/10000 [====================>.........] - ETA: 45s - loss: 1.1380 - accuracy: 0.6223
 7500/10000 [=====================>........] - ETA: 37s - loss: 1.1299 - accuracy: 0.6255
 8000/10000 [=======================>......] - ETA: 30s - loss: 1.1159 - accuracy: 0.6309
 8500/10000 [========================>.....] - ETA: 22s - loss: 1.1020 - accuracy: 0.6347
 9000/10000 [==========================>...] - ETA: 15s - loss: 1.1112 - accuracy: 0.6330
 9500/10000 [===========================>..] - ETA: 7s - loss: 1.1082 - accuracy: 0.6348 
10000/10000 [==============================] - 152s 15ms/step - loss: 1.1003 - accuracy: 0.6379 - val_loss: 1.1301 - val_accuracy: 0.6180
Epoch 5/5

  500/10000 [>.............................] - ETA: 2:24 - loss: 1.0277 - accuracy: 0.6700
 1000/10000 [==>...........................] - ETA: 2:15 - loss: 0.9832 - accuracy: 0.6930
 1500/10000 [===>..........................] - ETA: 2:05 - loss: 0.9339 - accuracy: 0.6980
 2000/10000 [=====>........................] - ETA: 1:59 - loss: 0.9118 - accuracy: 0.7125
 2500/10000 [======>.......................] - ETA: 1:51 - loss: 0.8953 - accuracy: 0.7204
 3000/10000 [========>.....................] - ETA: 1:44 - loss: 0.9217 - accuracy: 0.7100
 3500/10000 [=========>....................] - ETA: 1:36 - loss: 0.9074 - accuracy: 0.7137
 4000/10000 [===========>..................] - ETA: 1:29 - loss: 0.8979 - accuracy: 0.7182
 4500/10000 [============>.................] - ETA: 1:21 - loss: 0.8970 - accuracy: 0.7216
 5000/10000 [==============>...............] - ETA: 1:14 - loss: 0.9083 - accuracy: 0.7158
 5500/10000 [===============>..............] - ETA: 1:06 - loss: 0.8979 - accuracy: 0.7200
 6000/10000 [=================>............] - ETA: 59s - loss: 0.8932 - accuracy: 0.7203 
 6500/10000 [==================>...........] - ETA: 52s - loss: 0.8997 - accuracy: 0.7171
 7000/10000 [====================>.........] - ETA: 44s - loss: 0.8905 - accuracy: 0.7199
 7500/10000 [=====================>........] - ETA: 37s - loss: 0.8829 - accuracy: 0.7221
 8000/10000 [=======================>......] - ETA: 29s - loss: 0.8801 - accuracy: 0.7230
 8500/10000 [========================>.....] - ETA: 22s - loss: 0.8652 - accuracy: 0.7288
 9000/10000 [==========================>...] - ETA: 14s - loss: 0.8502 - accuracy: 0.7342
 9500/10000 [===========================>..] - ETA: 7s - loss: 0.8441 - accuracy: 0.7359 
10000/10000 [==============================] - 150s 15ms/step - loss: 0.8365 - accuracy: 0.7379 - val_loss: 0.9256 - val_accuracy: 0.6868
Latency --- 758.968067407608 seconds ---
For delta=0.000100, the current epsilon is: 6.0095
=====================Iteration========================== 5
For delta=0.000100, the current epsilon is: 6.0095
Noise Mutiplier 0.83
loss= <keras.losses.CategoricalCrossentropy object at 0x1019a76e10>
in grads Tensor("loss_4/mul:0", shape=(?,), dtype=float32)
Train on 10000 samples, validate on 2500 samples
Epoch 1/5

  500/10000 [>.............................] - ETA: 2:31 - loss: 2.3116 - accuracy: 0.1200
 1000/10000 [==>...........................] - ETA: 2:23 - loss: 2.2921 - accuracy: 0.1470
 1500/10000 [===>..........................] - ETA: 2:16 - loss: 2.2773 - accuracy: 0.1540
 2000/10000 [=====>........................] - ETA: 2:07 - loss: 2.2634 - accuracy: 0.1600
 2500/10000 [======>.......................] - ETA: 1:57 - loss: 2.2506 - accuracy: 0.1792
 3000/10000 [========>.....................] - ETA: 1:50 - loss: 2.2361 - accuracy: 0.1773
 3500/10000 [=========>....................] - ETA: 1:42 - loss: 2.2247 - accuracy: 0.1831
 4000/10000 [===========>..................] - ETA: 1:34 - loss: 2.2130 - accuracy: 0.1852
 4500/10000 [============>.................] - ETA: 1:26 - loss: 2.1948 - accuracy: 0.1944
 5000/10000 [==============>...............] - ETA: 1:18 - loss: 2.1799 - accuracy: 0.1894
 5500/10000 [===============>..............] - ETA: 1:10 - loss: 2.1608 - accuracy: 0.1987
 6000/10000 [=================>............] - ETA: 1:02 - loss: 2.1365 - accuracy: 0.2205
 6500/10000 [==================>...........] - ETA: 54s - loss: 2.1150 - accuracy: 0.2337 
 7000/10000 [====================>.........] - ETA: 46s - loss: 2.1014 - accuracy: 0.2451
 7500/10000 [=====================>........] - ETA: 39s - loss: 2.0803 - accuracy: 0.2527
 8000/10000 [=======================>......] - ETA: 31s - loss: 2.0619 - accuracy: 0.2685
 8500/10000 [========================>.....] - ETA: 23s - loss: 2.0438 - accuracy: 0.2747
 9000/10000 [==========================>...] - ETA: 15s - loss: 2.0282 - accuracy: 0.2831
 9500/10000 [===========================>..] - ETA: 7s - loss: 2.0157 - accuracy: 0.2904 
10000/10000 [==============================] - 157s 16ms/step - loss: 2.0035 - accuracy: 0.2996 - val_loss: 1.7263 - val_accuracy: 0.4672
Epoch 2/5

  500/10000 [>.............................] - ETA: 2:19 - loss: 1.6929 - accuracy: 0.4900
 1000/10000 [==>...........................] - ETA: 2:15 - loss: 1.7139 - accuracy: 0.4950
 1500/10000 [===>..........................] - ETA: 2:07 - loss: 1.6906 - accuracy: 0.4647
 2000/10000 [=====>........................] - ETA: 2:01 - loss: 1.6581 - accuracy: 0.4835
 2500/10000 [======>.......................] - ETA: 1:53 - loss: 1.6157 - accuracy: 0.4928
 3000/10000 [========>.....................] - ETA: 1:46 - loss: 1.5840 - accuracy: 0.5010
 3500/10000 [=========>....................] - ETA: 1:39 - loss: 1.5872 - accuracy: 0.4963
 4000/10000 [===========>..................] - ETA: 1:32 - loss: 1.5941 - accuracy: 0.4995
 4500/10000 [============>.................] - ETA: 1:24 - loss: 1.5790 - accuracy: 0.5029
 5000/10000 [==============>...............] - ETA: 1:17 - loss: 1.5640 - accuracy: 0.5064
 5500/10000 [===============>..............] - ETA: 1:09 - loss: 1.5446 - accuracy: 0.5096
 6000/10000 [=================>............] - ETA: 1:01 - loss: 1.5318 - accuracy: 0.5118
 6500/10000 [==================>...........] - ETA: 53s - loss: 1.5237 - accuracy: 0.5137 
 7000/10000 [====================>.........] - ETA: 46s - loss: 1.5258 - accuracy: 0.5146
 7500/10000 [=====================>........] - ETA: 38s - loss: 1.5216 - accuracy: 0.5160
 8000/10000 [=======================>......] - ETA: 30s - loss: 1.5085 - accuracy: 0.5215
 8500/10000 [========================>.....] - ETA: 23s - loss: 1.4921 - accuracy: 0.5269
 9000/10000 [==========================>...] - ETA: 15s - loss: 1.4843 - accuracy: 0.5301
 9500/10000 [===========================>..] - ETA: 7s - loss: 1.4790 - accuracy: 0.5315 
10000/10000 [==============================] - 154s 15ms/step - loss: 1.4645 - accuracy: 0.5345 - val_loss: 1.1861 - val_accuracy: 0.6360
Epoch 3/5

  500/10000 [>.............................] - ETA: 2:22 - loss: 1.0507 - accuracy: 0.6620
 1000/10000 [==>...........................] - ETA: 2:18 - loss: 1.0688 - accuracy: 0.6600
 1500/10000 [===>..........................] - ETA: 2:06 - loss: 1.1112 - accuracy: 0.6333
 2000/10000 [=====>........................] - ETA: 2:02 - loss: 1.1401 - accuracy: 0.6280
 2500/10000 [======>.......................] - ETA: 1:54 - loss: 1.1271 - accuracy: 0.6388
 3000/10000 [========>.....................] - ETA: 1:47 - loss: 1.1045 - accuracy: 0.6507
 3500/10000 [=========>....................] - ETA: 1:40 - loss: 1.0748 - accuracy: 0.6640
 4000/10000 [===========>..................] - ETA: 1:32 - loss: 1.0726 - accuracy: 0.6565
 4500/10000 [============>.................] - ETA: 1:25 - loss: 1.0737 - accuracy: 0.6536
 5000/10000 [==============>...............] - ETA: 1:17 - loss: 1.0665 - accuracy: 0.6548
 5500/10000 [===============>..............] - ETA: 1:09 - loss: 1.0517 - accuracy: 0.6604
 6000/10000 [=================>............] - ETA: 1:01 - loss: 1.0383 - accuracy: 0.6663
 6500/10000 [==================>...........] - ETA: 54s - loss: 1.0339 - accuracy: 0.6672 
 7000/10000 [====================>.........] - ETA: 46s - loss: 1.0181 - accuracy: 0.6734
 7500/10000 [=====================>........] - ETA: 38s - loss: 1.0202 - accuracy: 0.6719
 8000/10000 [=======================>......] - ETA: 30s - loss: 1.0173 - accuracy: 0.6740
 8500/10000 [========================>.....] - ETA: 23s - loss: 1.0118 - accuracy: 0.6745
 9000/10000 [==========================>...] - ETA: 15s - loss: 1.0071 - accuracy: 0.6766
 9500/10000 [===========================>..] - ETA: 7s - loss: 1.0080 - accuracy: 0.6756 
10000/10000 [==============================] - 155s 16ms/step - loss: 1.0023 - accuracy: 0.6781 - val_loss: 0.9565 - val_accuracy: 0.6904
Epoch 4/5

  500/10000 [>.............................] - ETA: 2:25 - loss: 0.8179 - accuracy: 0.7500
 1000/10000 [==>...........................] - ETA: 2:17 - loss: 0.7747 - accuracy: 0.7670
 1500/10000 [===>..........................] - ETA: 2:09 - loss: 0.7848 - accuracy: 0.7560
 2000/10000 [=====>........................] - ETA: 2:02 - loss: 0.7706 - accuracy: 0.7590
 2500/10000 [======>.......................] - ETA: 1:55 - loss: 0.8044 - accuracy: 0.7484
 3000/10000 [========>.....................] - ETA: 1:49 - loss: 0.7824 - accuracy: 0.7557
 3500/10000 [=========>....................] - ETA: 1:41 - loss: 0.7951 - accuracy: 0.7526
 4000/10000 [===========>..................] - ETA: 1:33 - loss: 0.7963 - accuracy: 0.7520
 4500/10000 [============>.................] - ETA: 1:25 - loss: 0.7964 - accuracy: 0.7513
 5000/10000 [==============>...............] - ETA: 1:17 - loss: 0.7884 - accuracy: 0.7524
 5500/10000 [===============>..............] - ETA: 1:09 - loss: 0.7935 - accuracy: 0.7515
 6000/10000 [=================>............] - ETA: 1:01 - loss: 0.7931 - accuracy: 0.7503
 6500/10000 [==================>...........] - ETA: 53s - loss: 0.7895 - accuracy: 0.7522 
 7000/10000 [====================>.........] - ETA: 46s - loss: 0.7919 - accuracy: 0.7500
 7500/10000 [=====================>........] - ETA: 38s - loss: 0.7826 - accuracy: 0.7532
 8000/10000 [=======================>......] - ETA: 30s - loss: 0.7825 - accuracy: 0.7526
 8500/10000 [========================>.....] - ETA: 23s - loss: 0.7838 - accuracy: 0.7511
 9000/10000 [==========================>...] - ETA: 15s - loss: 0.7780 - accuracy: 0.7529
 9500/10000 [===========================>..] - ETA: 7s - loss: 0.7735 - accuracy: 0.7541 
10000/10000 [==============================] - 154s 15ms/step - loss: 0.7686 - accuracy: 0.7550 - val_loss: 0.7495 - val_accuracy: 0.7528
Epoch 5/5

  500/10000 [>.............................] - ETA: 2:25 - loss: 0.6370 - accuracy: 0.7740
 1000/10000 [==>...........................] - ETA: 2:21 - loss: 0.6534 - accuracy: 0.7690
 1500/10000 [===>..........................] - ETA: 2:12 - loss: 0.6540 - accuracy: 0.7740
 2000/10000 [=====>........................] - ETA: 2:02 - loss: 0.6457 - accuracy: 0.7770
 2500/10000 [======>.......................] - ETA: 1:56 - loss: 0.6396 - accuracy: 0.7792
 3000/10000 [========>.....................] - ETA: 1:48 - loss: 0.6238 - accuracy: 0.7883
 3500/10000 [=========>....................] - ETA: 1:40 - loss: 0.6283 - accuracy: 0.7874
 4000/10000 [===========>..................] - ETA: 1:33 - loss: 0.6335 - accuracy: 0.7872
 4500/10000 [============>.................] - ETA: 1:26 - loss: 0.6272 - accuracy: 0.7869
 5000/10000 [==============>...............] - ETA: 1:18 - loss: 0.6256 - accuracy: 0.7882
 5500/10000 [===============>..............] - ETA: 1:10 - loss: 0.6309 - accuracy: 0.7869
 6000/10000 [=================>............] - ETA: 1:02 - loss: 0.6256 - accuracy: 0.7903
 6500/10000 [==================>...........] - ETA: 54s - loss: 0.6240 - accuracy: 0.7902 
 7000/10000 [====================>.........] - ETA: 46s - loss: 0.6275 - accuracy: 0.7899
 7500/10000 [=====================>........] - ETA: 39s - loss: 0.6269 - accuracy: 0.7915
 8000/10000 [=======================>......] - ETA: 31s - loss: 0.6275 - accuracy: 0.7914
 8500/10000 [========================>.....] - ETA: 23s - loss: 0.6223 - accuracy: 0.7934
 9000/10000 [==========================>...] - ETA: 15s - loss: 0.6187 - accuracy: 0.7950
 9500/10000 [===========================>..] - ETA: 7s - loss: 0.6190 - accuracy: 0.7960 
10000/10000 [==============================] - 157s 16ms/step - loss: 0.6172 - accuracy: 0.7965 - val_loss: 0.7906 - val_accuracy: 0.7376
Latency --- 780.8491814136505 seconds ---
For delta=0.000100, the current epsilon is: 6.0095
Saving model with new accuracy, previous accuracy was 0.7882000207901001 and present is 0.796500027179718
Saved model to disk
=====================Iteration========================== 6
For delta=0.000100, the current epsilon is: 6.0095
Noise Mutiplier 0.83
loss= <keras.losses.CategoricalCrossentropy object at 0x1019bf4e10>
in grads Tensor("loss_5/mul:0", shape=(?,), dtype=float32)
Train on 10000 samples, validate on 2500 samples
Epoch 1/5

  500/10000 [>.............................] - ETA: 2:32 - loss: 2.3437 - accuracy: 0.1080
 1000/10000 [==>...........................] - ETA: 2:21 - loss: 2.3248 - accuracy: 0.0990
 1500/10000 [===>..........................] - ETA: 2:13 - loss: 2.3169 - accuracy: 0.1040
 2000/10000 [=====>........................] - ETA: 2:05 - loss: 2.3110 - accuracy: 0.1120
 2500/10000 [======>.......................] - ETA: 1:56 - loss: 2.3036 - accuracy: 0.1332
 3000/10000 [========>.....................] - ETA: 1:48 - loss: 2.2971 - accuracy: 0.1533
 3500/10000 [=========>....................] - ETA: 1:41 - loss: 2.2872 - accuracy: 0.1654
 4000/10000 [===========>..................] - ETA: 1:33 - loss: 2.2782 - accuracy: 0.1735
 4500/10000 [============>.................] - ETA: 1:25 - loss: 2.2655 - accuracy: 0.1889
 5000/10000 [==============>...............] - ETA: 1:17 - loss: 2.2524 - accuracy: 0.2050
 5500/10000 [===============>..............] - ETA: 1:10 - loss: 2.2346 - accuracy: 0.2276
 6000/10000 [=================>............] - ETA: 1:02 - loss: 2.2144 - accuracy: 0.2432
 6500/10000 [==================>...........] - ETA: 54s - loss: 2.1994 - accuracy: 0.2474 
 7000/10000 [====================>.........] - ETA: 46s - loss: 2.1931 - accuracy: 0.2504
 7500/10000 [=====================>........] - ETA: 38s - loss: 2.1832 - accuracy: 0.2551
 8000/10000 [=======================>......] - ETA: 31s - loss: 2.1665 - accuracy: 0.2627
 8500/10000 [========================>.....] - ETA: 23s - loss: 2.1488 - accuracy: 0.2735
 9000/10000 [==========================>...] - ETA: 15s - loss: 2.1322 - accuracy: 0.2801
 9500/10000 [===========================>..] - ETA: 7s - loss: 2.1135 - accuracy: 0.2892 
10000/10000 [==============================] - 155s 16ms/step - loss: 2.0944 - accuracy: 0.2967 - val_loss: 1.6950 - val_accuracy: 0.4916
Epoch 2/5

  500/10000 [>.............................] - ETA: 2:18 - loss: 1.6769 - accuracy: 0.5040
 1000/10000 [==>...........................] - ETA: 2:15 - loss: 1.6644 - accuracy: 0.4670
 1500/10000 [===>..........................] - ETA: 2:10 - loss: 1.6924 - accuracy: 0.4447
 2000/10000 [=====>........................] - ETA: 2:02 - loss: 1.6577 - accuracy: 0.4645
 2500/10000 [======>.......................] - ETA: 1:54 - loss: 1.6574 - accuracy: 0.4584
 3000/10000 [========>.....................] - ETA: 1:46 - loss: 1.6507 - accuracy: 0.4683
 3500/10000 [=========>....................] - ETA: 1:39 - loss: 1.6269 - accuracy: 0.4740
 4000/10000 [===========>..................] - ETA: 1:31 - loss: 1.6111 - accuracy: 0.4735
 4500/10000 [============>.................] - ETA: 1:24 - loss: 1.5900 - accuracy: 0.4784
 5000/10000 [==============>...............] - ETA: 1:16 - loss: 1.5735 - accuracy: 0.4896
 5500/10000 [===============>..............] - ETA: 1:09 - loss: 1.5642 - accuracy: 0.4873
 6000/10000 [=================>............] - ETA: 1:01 - loss: 1.5468 - accuracy: 0.4947
 6500/10000 [==================>...........] - ETA: 54s - loss: 1.5383 - accuracy: 0.4948 
 7000/10000 [====================>.........] - ETA: 46s - loss: 1.5292 - accuracy: 0.4996
 7500/10000 [=====================>........] - ETA: 38s - loss: 1.5135 - accuracy: 0.5043
 8000/10000 [=======================>......] - ETA: 30s - loss: 1.5026 - accuracy: 0.5051
 8500/10000 [========================>.....] - ETA: 23s - loss: 1.5053 - accuracy: 0.5042
 9000/10000 [==========================>...] - ETA: 15s - loss: 1.4890 - accuracy: 0.5126
 9500/10000 [===========================>..] - ETA: 7s - loss: 1.4740 - accuracy: 0.5178 
10000/10000 [==============================] - 155s 15ms/step - loss: 1.4610 - accuracy: 0.5208 - val_loss: 1.3352 - val_accuracy: 0.5368
Epoch 3/5

  500/10000 [>.............................] - ETA: 2:24 - loss: 1.2186 - accuracy: 0.5960
 1000/10000 [==>...........................] - ETA: 2:15 - loss: 1.2254 - accuracy: 0.6100
 1500/10000 [===>..........................] - ETA: 2:08 - loss: 1.1870 - accuracy: 0.6067
 2000/10000 [=====>........................] - ETA: 2:02 - loss: 1.1453 - accuracy: 0.6285
 2500/10000 [======>.......................] - ETA: 1:54 - loss: 1.1526 - accuracy: 0.6220
 3000/10000 [========>.....................] - ETA: 1:46 - loss: 1.1243 - accuracy: 0.6443
 3500/10000 [=========>....................] - ETA: 1:38 - loss: 1.0984 - accuracy: 0.6454
 4000/10000 [===========>..................] - ETA: 1:31 - loss: 1.0823 - accuracy: 0.6547
 4500/10000 [============>.................] - ETA: 1:23 - loss: 1.0739 - accuracy: 0.6513
 5000/10000 [==============>...............] - ETA: 1:16 - loss: 1.0726 - accuracy: 0.6532
 5500/10000 [===============>..............] - ETA: 1:08 - loss: 1.0647 - accuracy: 0.6531
 6000/10000 [=================>............] - ETA: 1:00 - loss: 1.0535 - accuracy: 0.6552
 6500/10000 [==================>...........] - ETA: 53s - loss: 1.0421 - accuracy: 0.6588 
 7000/10000 [====================>.........] - ETA: 45s - loss: 1.0327 - accuracy: 0.6621
 7500/10000 [=====================>........] - ETA: 38s - loss: 1.0318 - accuracy: 0.6591
 8000/10000 [=======================>......] - ETA: 30s - loss: 1.0164 - accuracy: 0.6670
 8500/10000 [========================>.....] - ETA: 22s - loss: 1.0066 - accuracy: 0.6700
 9000/10000 [==========================>...] - ETA: 15s - loss: 0.9988 - accuracy: 0.6740
 9500/10000 [===========================>..] - ETA: 7s - loss: 0.9888 - accuracy: 0.6771 
10000/10000 [==============================] - 153s 15ms/step - loss: 0.9764 - accuracy: 0.6812 - val_loss: 0.9377 - val_accuracy: 0.7312
Epoch 4/5

  500/10000 [>.............................] - ETA: 2:19 - loss: 0.7889 - accuracy: 0.7440
 1000/10000 [==>...........................] - ETA: 2:17 - loss: 0.7773 - accuracy: 0.7510
 1500/10000 [===>..........................] - ETA: 2:11 - loss: 0.8036 - accuracy: 0.7400
 2000/10000 [=====>........................] - ETA: 2:02 - loss: 0.8089 - accuracy: 0.7375
 2500/10000 [======>.......................] - ETA: 1:55 - loss: 0.7971 - accuracy: 0.7440
 3000/10000 [========>.....................] - ETA: 1:48 - loss: 0.7706 - accuracy: 0.7473
 3500/10000 [=========>....................] - ETA: 1:40 - loss: 0.7563 - accuracy: 0.7531
 4000/10000 [===========>..................] - ETA: 1:32 - loss: 0.7465 - accuracy: 0.7573
 4500/10000 [============>.................] - ETA: 1:24 - loss: 0.7327 - accuracy: 0.7644
 5000/10000 [==============>...............] - ETA: 1:17 - loss: 0.7264 - accuracy: 0.7644
 5500/10000 [===============>..............] - ETA: 1:09 - loss: 0.7254 - accuracy: 0.7653
 6000/10000 [=================>............] - ETA: 1:01 - loss: 0.7223 - accuracy: 0.7640
 6500/10000 [==================>...........] - ETA: 54s - loss: 0.7262 - accuracy: 0.7651 
 7000/10000 [====================>.........] - ETA: 46s - loss: 0.7318 - accuracy: 0.7616
 7500/10000 [=====================>........] - ETA: 38s - loss: 0.7196 - accuracy: 0.7661
 8000/10000 [=======================>......] - ETA: 31s - loss: 0.7190 - accuracy: 0.7649
 8500/10000 [========================>.....] - ETA: 23s - loss: 0.7173 - accuracy: 0.7658
 9000/10000 [==========================>...] - ETA: 15s - loss: 0.7121 - accuracy: 0.7670
 9500/10000 [===========================>..] - ETA: 7s - loss: 0.7067 - accuracy: 0.7687 
10000/10000 [==============================] - 158s 16ms/step - loss: 0.7059 - accuracy: 0.7682 - val_loss: 0.8083 - val_accuracy: 0.7232
Epoch 5/5

  500/10000 [>.............................] - ETA: 2:22 - loss: 0.7754 - accuracy: 0.7480
 1000/10000 [==>...........................] - ETA: 2:15 - loss: 0.6889 - accuracy: 0.7820
 1500/10000 [===>..........................] - ETA: 2:06 - loss: 0.6597 - accuracy: 0.7947
 2000/10000 [=====>........................] - ETA: 2:01 - loss: 0.6467 - accuracy: 0.7960
 2500/10000 [======>.......................] - ETA: 1:54 - loss: 0.6076 - accuracy: 0.8072
 3000/10000 [========>.....................] - ETA: 1:47 - loss: 0.5891 - accuracy: 0.8133
 3500/10000 [=========>....................] - ETA: 1:39 - loss: 0.5679 - accuracy: 0.8206
 4000/10000 [===========>..................] - ETA: 1:31 - loss: 0.5504 - accuracy: 0.8260
 4500/10000 [============>.................] - ETA: 1:24 - loss: 0.5446 - accuracy: 0.8287
 5000/10000 [==============>...............] - ETA: 1:15 - loss: 0.5456 - accuracy: 0.8272
 5500/10000 [===============>..............] - ETA: 1:08 - loss: 0.5442 - accuracy: 0.8280
 6000/10000 [=================>............] - ETA: 1:00 - loss: 0.5503 - accuracy: 0.8267
 6500/10000 [==================>...........] - ETA: 53s - loss: 0.5437 - accuracy: 0.8280 
 7000/10000 [====================>.........] - ETA: 45s - loss: 0.5452 - accuracy: 0.8287
 7500/10000 [=====================>........] - ETA: 37s - loss: 0.5473 - accuracy: 0.8271
 8000/10000 [=======================>......] - ETA: 30s - loss: 0.5440 - accuracy: 0.8280
 8500/10000 [========================>.....] - ETA: 22s - loss: 0.5469 - accuracy: 0.8269
 9000/10000 [==========================>...] - ETA: 15s - loss: 0.5430 - accuracy: 0.8286
 9500/10000 [===========================>..] - ETA: 7s - loss: 0.5417 - accuracy: 0.8284 
10000/10000 [==============================] - 153s 15ms/step - loss: 0.5355 - accuracy: 0.8308 - val_loss: 0.4943 - val_accuracy: 0.8536
Latency --- 776.9798367023468 seconds ---
For delta=0.000100, the current epsilon is: 6.0095
Saving model with new accuracy, previous accuracy was 0.796500027179718 and present is 0.8307999968528748
Saved model to disk
=====================Iteration========================== 7
For delta=0.000100, the current epsilon is: 6.0095
Noise Mutiplier 0.83
loss= <keras.losses.CategoricalCrossentropy object at 0x1019d85d50>
in grads Tensor("loss_6/mul:0", shape=(?,), dtype=float32)
Train on 10000 samples, validate on 2500 samples
Epoch 1/5

  500/10000 [>.............................] - ETA: 2:32 - loss: 2.3306 - accuracy: 0.1080
 1000/10000 [==>...........................] - ETA: 2:23 - loss: 2.3140 - accuracy: 0.1220
 1500/10000 [===>..........................] - ETA: 2:13 - loss: 2.3030 - accuracy: 0.1447
 2000/10000 [=====>........................] - ETA: 2:05 - loss: 2.2918 - accuracy: 0.1655
 2500/10000 [======>.......................] - ETA: 1:56 - loss: 2.2797 - accuracy: 0.1764
 3000/10000 [========>.....................] - ETA: 1:49 - loss: 2.2661 - accuracy: 0.1883
 3500/10000 [=========>....................] - ETA: 1:40 - loss: 2.2557 - accuracy: 0.1971
 4000/10000 [===========>..................] - ETA: 1:32 - loss: 2.2472 - accuracy: 0.2002
 4500/10000 [============>.................] - ETA: 1:25 - loss: 2.2351 - accuracy: 0.2096
 5000/10000 [==============>...............] - ETA: 1:17 - loss: 2.2233 - accuracy: 0.2182
 5500/10000 [===============>..............] - ETA: 1:10 - loss: 2.2139 - accuracy: 0.2193
 6000/10000 [=================>............] - ETA: 1:02 - loss: 2.2050 - accuracy: 0.2217
 6500/10000 [==================>...........] - ETA: 54s - loss: 2.1911 - accuracy: 0.2303 
 7000/10000 [====================>.........] - ETA: 46s - loss: 2.1785 - accuracy: 0.2387
 7500/10000 [=====================>........] - ETA: 38s - loss: 2.1638 - accuracy: 0.2416
 8000/10000 [=======================>......] - ETA: 31s - loss: 2.1493 - accuracy: 0.2535
 8500/10000 [========================>.....] - ETA: 23s - loss: 2.1416 - accuracy: 0.2553
 9000/10000 [==========================>...] - ETA: 15s - loss: 2.1308 - accuracy: 0.2618
 9500/10000 [===========================>..] - ETA: 7s - loss: 2.1195 - accuracy: 0.2668 
10000/10000 [==============================] - 157s 16ms/step - loss: 2.1034 - accuracy: 0.2773 - val_loss: 1.8557 - val_accuracy: 0.2788
Epoch 2/5

  500/10000 [>.............................] - ETA: 2:24 - loss: 1.7648 - accuracy: 0.3260
 1000/10000 [==>...........................] - ETA: 2:18 - loss: 1.7692 - accuracy: 0.3570
 1500/10000 [===>..........................] - ETA: 2:10 - loss: 1.7425 - accuracy: 0.4233
 2000/10000 [=====>........................] - ETA: 2:04 - loss: 1.7260 - accuracy: 0.4215
 2500/10000 [======>.......................] - ETA: 1:55 - loss: 1.6969 - accuracy: 0.4560
 3000/10000 [========>.....................] - ETA: 1:47 - loss: 1.6618 - accuracy: 0.4710
 3500/10000 [=========>....................] - ETA: 1:39 - loss: 1.6361 - accuracy: 0.4806
 4000/10000 [===========>..................] - ETA: 1:32 - loss: 1.6468 - accuracy: 0.4685
 4500/10000 [============>.................] - ETA: 1:24 - loss: 1.6228 - accuracy: 0.4827
 5000/10000 [==============>...............] - ETA: 1:16 - loss: 1.6168 - accuracy: 0.4780
 5500/10000 [===============>..............] - ETA: 1:08 - loss: 1.6032 - accuracy: 0.4873
 6000/10000 [=================>............] - ETA: 1:01 - loss: 1.5782 - accuracy: 0.4978
 6500/10000 [==================>...........] - ETA: 53s - loss: 1.5576 - accuracy: 0.5068 
 7000/10000 [====================>.........] - ETA: 45s - loss: 1.5459 - accuracy: 0.5060
 7500/10000 [=====================>........] - ETA: 38s - loss: 1.5222 - accuracy: 0.5183
 8000/10000 [=======================>......] - ETA: 30s - loss: 1.5152 - accuracy: 0.5163
 8500/10000 [========================>.....] - ETA: 22s - loss: 1.4878 - accuracy: 0.5282
 9000/10000 [==========================>...] - ETA: 15s - loss: 1.4736 - accuracy: 0.5322
 9500/10000 [===========================>..] - ETA: 7s - loss: 1.4584 - accuracy: 0.5361 
10000/10000 [==============================] - 154s 15ms/step - loss: 1.4524 - accuracy: 0.5382 - val_loss: 1.4532 - val_accuracy: 0.4732
Epoch 3/5

  500/10000 [>.............................] - ETA: 2:26 - loss: 1.1641 - accuracy: 0.5940
 1000/10000 [==>...........................] - ETA: 2:23 - loss: 1.1845 - accuracy: 0.6170
 1500/10000 [===>..........................] - ETA: 2:17 - loss: 1.1432 - accuracy: 0.6387
 2000/10000 [=====>........................] - ETA: 2:07 - loss: 1.1623 - accuracy: 0.6340
 2500/10000 [======>.......................] - ETA: 1:57 - loss: 1.1425 - accuracy: 0.6388
 3000/10000 [========>.....................] - ETA: 1:49 - loss: 1.1272 - accuracy: 0.6420
 3500/10000 [=========>....................] - ETA: 1:40 - loss: 1.0987 - accuracy: 0.6566
 4000/10000 [===========>..................] - ETA: 1:33 - loss: 1.0718 - accuracy: 0.6612
 4500/10000 [============>.................] - ETA: 1:25 - loss: 1.0603 - accuracy: 0.6631
 5000/10000 [==============>...............] - ETA: 1:17 - loss: 1.0499 - accuracy: 0.6606
 5500/10000 [===============>..............] - ETA: 1:09 - loss: 1.0397 - accuracy: 0.6642
 6000/10000 [=================>............] - ETA: 1:01 - loss: 1.0229 - accuracy: 0.6680
 6500/10000 [==================>...........] - ETA: 54s - loss: 1.0188 - accuracy: 0.6677 
 7000/10000 [====================>.........] - ETA: 46s - loss: 1.0051 - accuracy: 0.6741
 7500/10000 [=====================>........] - ETA: 38s - loss: 0.9990 - accuracy: 0.6760
 8000/10000 [=======================>......] - ETA: 30s - loss: 0.9999 - accuracy: 0.6762
 8500/10000 [========================>.....] - ETA: 23s - loss: 0.9926 - accuracy: 0.6782
 9000/10000 [==========================>...] - ETA: 15s - loss: 0.9875 - accuracy: 0.6790
 9500/10000 [===========================>..] - ETA: 7s - loss: 0.9792 - accuracy: 0.6812 
10000/10000 [==============================] - 155s 16ms/step - loss: 0.9746 - accuracy: 0.6818 - val_loss: 0.9559 - val_accuracy: 0.6844
Epoch 4/5

  500/10000 [>.............................] - ETA: 2:26 - loss: 0.7568 - accuracy: 0.7820
 1000/10000 [==>...........................] - ETA: 2:18 - loss: 0.7906 - accuracy: 0.7620
 1500/10000 [===>..........................] - ETA: 2:09 - loss: 0.8104 - accuracy: 0.7447
 2000/10000 [=====>........................] - ETA: 2:01 - loss: 0.7665 - accuracy: 0.7645
 2500/10000 [======>.......................] - ETA: 1:54 - loss: 0.7529 - accuracy: 0.7644
 3000/10000 [========>.....................] - ETA: 1:46 - loss: 0.7712 - accuracy: 0.7643
 3500/10000 [=========>....................] - ETA: 1:39 - loss: 0.7553 - accuracy: 0.7694
 4000/10000 [===========>..................] - ETA: 1:31 - loss: 0.8028 - accuracy: 0.7573
 4500/10000 [============>.................] - ETA: 1:23 - loss: 0.8009 - accuracy: 0.7522
 5000/10000 [==============>...............] - ETA: 1:16 - loss: 0.8069 - accuracy: 0.7458
 5500/10000 [===============>..............] - ETA: 1:08 - loss: 0.8044 - accuracy: 0.7438
 6000/10000 [=================>............] - ETA: 1:00 - loss: 0.8074 - accuracy: 0.7440
 6500/10000 [==================>...........] - ETA: 53s - loss: 0.8173 - accuracy: 0.7403 
 7000/10000 [====================>.........] - ETA: 45s - loss: 0.8212 - accuracy: 0.7400
 7500/10000 [=====================>........] - ETA: 38s - loss: 0.8103 - accuracy: 0.7435
 8000/10000 [=======================>......] - ETA: 30s - loss: 0.8042 - accuracy: 0.7467
 8500/10000 [========================>.....] - ETA: 22s - loss: 0.7989 - accuracy: 0.7469
 9000/10000 [==========================>...] - ETA: 15s - loss: 0.7950 - accuracy: 0.7491
 9500/10000 [===========================>..] - ETA: 7s - loss: 0.7929 - accuracy: 0.7482 
10000/10000 [==============================] - 154s 15ms/step - loss: 0.7847 - accuracy: 0.7512 - val_loss: 0.7381 - val_accuracy: 0.7720
Epoch 5/5

  500/10000 [>.............................] - ETA: 2:27 - loss: 0.5784 - accuracy: 0.8220
 1000/10000 [==>...........................] - ETA: 2:17 - loss: 0.6058 - accuracy: 0.8040
 1500/10000 [===>..........................] - ETA: 2:10 - loss: 0.6431 - accuracy: 0.7907
 2000/10000 [=====>........................] - ETA: 2:02 - loss: 0.6796 - accuracy: 0.7775
 2500/10000 [======>.......................] - ETA: 1:54 - loss: 0.6961 - accuracy: 0.7748
 3000/10000 [========>.....................] - ETA: 1:46 - loss: 0.7369 - accuracy: 0.7610
 3500/10000 [=========>....................] - ETA: 1:38 - loss: 0.7370 - accuracy: 0.7597
 4000/10000 [===========>..................] - ETA: 1:31 - loss: 0.7220 - accuracy: 0.7642
 4500/10000 [============>.................] - ETA: 1:24 - loss: 0.7148 - accuracy: 0.7664
 5000/10000 [==============>...............] - ETA: 1:16 - loss: 0.7147 - accuracy: 0.7676
 5500/10000 [===============>..............] - ETA: 1:09 - loss: 0.7259 - accuracy: 0.7647
 6000/10000 [=================>............] - ETA: 1:01 - loss: 0.7122 - accuracy: 0.7707
 6500/10000 [==================>...........] - ETA: 53s - loss: 0.7081 - accuracy: 0.7734 
 7000/10000 [====================>.........] - ETA: 46s - loss: 0.7006 - accuracy: 0.7759
 7500/10000 [=====================>........] - ETA: 38s - loss: 0.6864 - accuracy: 0.7825
 8000/10000 [=======================>......] - ETA: 30s - loss: 0.6703 - accuracy: 0.7890
 8500/10000 [========================>.....] - ETA: 23s - loss: 0.6646 - accuracy: 0.7919
 9000/10000 [==========================>...] - ETA: 15s - loss: 0.6619 - accuracy: 0.7929
 9500/10000 [===========================>..] - ETA: 7s - loss: 0.6569 - accuracy: 0.7944 
10000/10000 [==============================] - 154s 15ms/step - loss: 0.6505 - accuracy: 0.7960 - val_loss: 0.6157 - val_accuracy: 0.8104
Latency --- 777.3523762226105 seconds ---
For delta=0.000100, the current epsilon is: 6.0095
=====================Iteration========================== 8
For delta=0.000100, the current epsilon is: 6.0095
Noise Mutiplier 0.83
loss= <keras.losses.CategoricalCrossentropy object at 0x101a43b5d0>
in grads Tensor("loss_7/mul:0", shape=(?,), dtype=float32)
Train on 10000 samples, validate on 2500 samples
Epoch 1/5

  500/10000 [>.............................] - ETA: 2:36 - loss: 2.3106 - accuracy: 0.1040
 1000/10000 [==>...........................] - ETA: 2:22 - loss: 2.2970 - accuracy: 0.1050
 1500/10000 [===>..........................] - ETA: 2:14 - loss: 2.2897 - accuracy: 0.1080
 2000/10000 [=====>........................] - ETA: 2:04 - loss: 2.2796 - accuracy: 0.1205
 2500/10000 [======>.......................] - ETA: 1:59 - loss: 2.2689 - accuracy: 0.1356
 3000/10000 [========>.....................] - ETA: 1:50 - loss: 2.2653 - accuracy: 0.1427
 3500/10000 [=========>....................] - ETA: 1:42 - loss: 2.2599 - accuracy: 0.1383
 4000/10000 [===========>..................] - ETA: 1:34 - loss: 2.2499 - accuracy: 0.1575
 4500/10000 [============>.................] - ETA: 1:26 - loss: 2.2361 - accuracy: 0.1762
 5000/10000 [==============>...............] - ETA: 1:18 - loss: 2.2234 - accuracy: 0.1844
 5500/10000 [===============>..............] - ETA: 1:10 - loss: 2.2174 - accuracy: 0.1818
 6000/10000 [=================>............] - ETA: 1:02 - loss: 2.2080 - accuracy: 0.1927
 6500/10000 [==================>...........] - ETA: 54s - loss: 2.1975 - accuracy: 0.1980 
 7000/10000 [====================>.........] - ETA: 46s - loss: 2.1801 - accuracy: 0.2110
 7500/10000 [=====================>........] - ETA: 39s - loss: 2.1649 - accuracy: 0.2199
 8000/10000 [=======================>......] - ETA: 31s - loss: 2.1509 - accuracy: 0.2269
 8500/10000 [========================>.....] - ETA: 23s - loss: 2.1392 - accuracy: 0.2361
 9000/10000 [==========================>...] - ETA: 15s - loss: 2.1299 - accuracy: 0.2391
 9500/10000 [===========================>..] - ETA: 7s - loss: 2.1233 - accuracy: 0.2506 
10000/10000 [==============================] - 157s 16ms/step - loss: 2.1037 - accuracy: 0.2664 - val_loss: 1.7385 - val_accuracy: 0.5124
Epoch 2/5

  500/10000 [>.............................] - ETA: 2:24 - loss: 1.6969 - accuracy: 0.5260
 1000/10000 [==>...........................] - ETA: 2:22 - loss: 1.7059 - accuracy: 0.4740
 1500/10000 [===>..........................] - ETA: 2:14 - loss: 1.6928 - accuracy: 0.4947
 2000/10000 [=====>........................] - ETA: 2:06 - loss: 1.6721 - accuracy: 0.4905
 2500/10000 [======>.......................] - ETA: 1:57 - loss: 1.6676 - accuracy: 0.5068
 3000/10000 [========>.....................] - ETA: 1:50 - loss: 1.6820 - accuracy: 0.4923
 3500/10000 [=========>....................] - ETA: 1:41 - loss: 1.6534 - accuracy: 0.5097
 4000/10000 [===========>..................] - ETA: 1:33 - loss: 1.6299 - accuracy: 0.5185
 4500/10000 [============>.................] - ETA: 1:25 - loss: 1.6193 - accuracy: 0.5231
 5000/10000 [==============>...............] - ETA: 1:16 - loss: 1.6021 - accuracy: 0.5290
 5500/10000 [===============>..............] - ETA: 1:09 - loss: 1.5933 - accuracy: 0.5285
 6000/10000 [=================>............] - ETA: 1:01 - loss: 1.5746 - accuracy: 0.5330
 6500/10000 [==================>...........] - ETA: 53s - loss: 1.5632 - accuracy: 0.5332 
 7000/10000 [====================>.........] - ETA: 45s - loss: 1.5440 - accuracy: 0.5373
 7500/10000 [=====================>........] - ETA: 38s - loss: 1.5417 - accuracy: 0.5336
 8000/10000 [=======================>......] - ETA: 30s - loss: 1.5318 - accuracy: 0.5354
 8500/10000 [========================>.....] - ETA: 22s - loss: 1.5155 - accuracy: 0.5422
 9000/10000 [==========================>...] - ETA: 15s - loss: 1.4903 - accuracy: 0.5510
 9500/10000 [===========================>..] - ETA: 7s - loss: 1.4710 - accuracy: 0.5578 
10000/10000 [==============================] - 153s 15ms/step - loss: 1.4522 - accuracy: 0.5637 - val_loss: 1.2969 - val_accuracy: 0.5720
Epoch 3/5

  500/10000 [>.............................] - ETA: 2:30 - loss: 1.2525 - accuracy: 0.6120
 1000/10000 [==>...........................] - ETA: 2:18 - loss: 1.2096 - accuracy: 0.6270
 1500/10000 [===>..........................] - ETA: 2:07 - loss: 1.1857 - accuracy: 0.6380
 2000/10000 [=====>........................] - ETA: 2:00 - loss: 1.1963 - accuracy: 0.6285
 2500/10000 [======>.......................] - ETA: 1:53 - loss: 1.1808 - accuracy: 0.6316
 3000/10000 [========>.....................] - ETA: 1:46 - loss: 1.1722 - accuracy: 0.6267
 3500/10000 [=========>....................] - ETA: 1:39 - loss: 1.1662 - accuracy: 0.6297
 4000/10000 [===========>..................] - ETA: 1:31 - loss: 1.1736 - accuracy: 0.6290
 4500/10000 [============>.................] - ETA: 1:24 - loss: 1.1532 - accuracy: 0.6362
 5000/10000 [==============>...............] - ETA: 1:16 - loss: 1.1460 - accuracy: 0.6382
 5500/10000 [===============>..............] - ETA: 1:08 - loss: 1.1291 - accuracy: 0.6453
 6000/10000 [=================>............] - ETA: 1:00 - loss: 1.1080 - accuracy: 0.6528
 6500/10000 [==================>...........] - ETA: 53s - loss: 1.0932 - accuracy: 0.6574 
 7000/10000 [====================>.........] - ETA: 45s - loss: 1.0864 - accuracy: 0.6574
 7500/10000 [=====================>........] - ETA: 38s - loss: 1.0786 - accuracy: 0.6603
 8000/10000 [=======================>......] - ETA: 30s - loss: 1.0751 - accuracy: 0.6624
 8500/10000 [========================>.....] - ETA: 22s - loss: 1.0592 - accuracy: 0.6665
 9000/10000 [==========================>...] - ETA: 15s - loss: 1.0498 - accuracy: 0.6684
 9500/10000 [===========================>..] - ETA: 7s - loss: 1.0386 - accuracy: 0.6724 
10000/10000 [==============================] - 154s 15ms/step - loss: 1.0330 - accuracy: 0.6745 - val_loss: 0.9884 - val_accuracy: 0.6756
Epoch 4/5

  500/10000 [>.............................] - ETA: 2:20 - loss: 0.8722 - accuracy: 0.7200
 1000/10000 [==>...........................] - ETA: 2:17 - loss: 0.8716 - accuracy: 0.7240
 1500/10000 [===>..........................] - ETA: 2:10 - loss: 0.8731 - accuracy: 0.7240
 2000/10000 [=====>........................] - ETA: 2:03 - loss: 0.8811 - accuracy: 0.7240
 2500/10000 [======>.......................] - ETA: 1:55 - loss: 0.8694 - accuracy: 0.7216
 3000/10000 [========>.....................] - ETA: 1:48 - loss: 0.8418 - accuracy: 0.7317
 3500/10000 [=========>....................] - ETA: 1:39 - loss: 0.8240 - accuracy: 0.7343
 4000/10000 [===========>..................] - ETA: 1:31 - loss: 0.8190 - accuracy: 0.7393
 4500/10000 [============>.................] - ETA: 1:24 - loss: 0.8121 - accuracy: 0.7396
 5000/10000 [==============>...............] - ETA: 1:16 - loss: 0.8146 - accuracy: 0.7382
 5500/10000 [===============>..............] - ETA: 1:09 - loss: 0.8087 - accuracy: 0.7405
 6000/10000 [=================>............] - ETA: 1:01 - loss: 0.7995 - accuracy: 0.7415
 6500/10000 [==================>...........] - ETA: 53s - loss: 0.8139 - accuracy: 0.7388 
 7000/10000 [====================>.........] - ETA: 45s - loss: 0.8092 - accuracy: 0.7400
 7500/10000 [=====================>........] - ETA: 38s - loss: 0.8060 - accuracy: 0.7415
 8000/10000 [=======================>......] - ETA: 30s - loss: 0.7924 - accuracy: 0.7467
 8500/10000 [========================>.....] - ETA: 22s - loss: 0.7809 - accuracy: 0.7513
 9000/10000 [==========================>...] - ETA: 15s - loss: 0.7780 - accuracy: 0.7534
 9500/10000 [===========================>..] - ETA: 7s - loss: 0.7791 - accuracy: 0.7545 
10000/10000 [==============================] - 153s 15ms/step - loss: 0.7771 - accuracy: 0.7548 - val_loss: 0.7512 - val_accuracy: 0.7668
Epoch 5/5

  500/10000 [>.............................] - ETA: 2:32 - loss: 0.5668 - accuracy: 0.8280
 1000/10000 [==>...........................] - ETA: 2:19 - loss: 0.5747 - accuracy: 0.8110
 1500/10000 [===>..........................] - ETA: 2:09 - loss: 0.6050 - accuracy: 0.8033
 2000/10000 [=====>........................] - ETA: 2:01 - loss: 0.6125 - accuracy: 0.8025
 2500/10000 [======>.......................] - ETA: 1:55 - loss: 0.6050 - accuracy: 0.8072
 3000/10000 [========>.....................] - ETA: 1:46 - loss: 0.6156 - accuracy: 0.8043
 3500/10000 [=========>....................] - ETA: 1:39 - loss: 0.6116 - accuracy: 0.8083
 4000/10000 [===========>..................] - ETA: 1:31 - loss: 0.6079 - accuracy: 0.8062
 4500/10000 [============>.................] - ETA: 1:23 - loss: 0.6188 - accuracy: 0.8033
 5000/10000 [==============>...............] - ETA: 1:15 - loss: 0.6305 - accuracy: 0.8000
 5500/10000 [===============>..............] - ETA: 1:08 - loss: 0.6341 - accuracy: 0.7996
 6000/10000 [=================>............] - ETA: 1:01 - loss: 0.6291 - accuracy: 0.8003
 6500/10000 [==================>...........] - ETA: 53s - loss: 0.6253 - accuracy: 0.8023 
 7000/10000 [====================>.........] - ETA: 46s - loss: 0.6247 - accuracy: 0.8006
 7500/10000 [=====================>........] - ETA: 38s - loss: 0.6265 - accuracy: 0.7997
 8000/10000 [=======================>......] - ETA: 30s - loss: 0.6362 - accuracy: 0.7965
 8500/10000 [========================>.....] - ETA: 23s - loss: 0.6353 - accuracy: 0.7981
 9000/10000 [==========================>...] - ETA: 15s - loss: 0.6335 - accuracy: 0.7987
 9500/10000 [===========================>..] - ETA: 7s - loss: 0.6322 - accuracy: 0.8001 
10000/10000 [==============================] - 154s 15ms/step - loss: 0.6351 - accuracy: 0.8001 - val_loss: 0.8502 - val_accuracy: 0.7240
Latency --- 775.5885627269745 seconds ---
For delta=0.000100, the current epsilon is: 6.0095
=====================Iteration========================== 9
For delta=0.000100, the current epsilon is: 6.0095
Noise Mutiplier 0.83
loss= <keras.losses.CategoricalCrossentropy object at 0x101a5cfd90>
in grads Tensor("loss_8/mul:0", shape=(?,), dtype=float32)
Train on 10000 samples, validate on 2500 samples
Epoch 1/5

  500/10000 [>.............................] - ETA: 2:33 - loss: 2.3081 - accuracy: 0.0940
 1000/10000 [==>...........................] - ETA: 2:22 - loss: 2.2910 - accuracy: 0.1210
 1500/10000 [===>..........................] - ETA: 2:14 - loss: 2.2772 - accuracy: 0.1633
 2000/10000 [=====>........................] - ETA: 2:04 - loss: 2.2659 - accuracy: 0.1740
 2500/10000 [======>.......................] - ETA: 1:55 - loss: 2.2487 - accuracy: 0.1996
 3000/10000 [========>.....................] - ETA: 1:47 - loss: 2.2336 - accuracy: 0.1930
 3500/10000 [=========>....................] - ETA: 1:40 - loss: 2.2222 - accuracy: 0.1937
 4000/10000 [===========>..................] - ETA: 1:32 - loss: 2.2106 - accuracy: 0.1925
 4500/10000 [============>.................] - ETA: 1:24 - loss: 2.1932 - accuracy: 0.2078
 5000/10000 [==============>...............] - ETA: 1:17 - loss: 2.1800 - accuracy: 0.2190
 5500/10000 [===============>..............] - ETA: 1:09 - loss: 2.1652 - accuracy: 0.2296
 6000/10000 [=================>............] - ETA: 1:01 - loss: 2.1583 - accuracy: 0.2338
 6500/10000 [==================>...........] - ETA: 53s - loss: 2.1393 - accuracy: 0.2531 
 7000/10000 [====================>.........] - ETA: 46s - loss: 2.1142 - accuracy: 0.2679
 7500/10000 [=====================>........] - ETA: 38s - loss: 2.0907 - accuracy: 0.2853
 8000/10000 [=======================>......] - ETA: 30s - loss: 2.0680 - accuracy: 0.2929
 8500/10000 [========================>.....] - ETA: 23s - loss: 2.0485 - accuracy: 0.3015
 9000/10000 [==========================>...] - ETA: 15s - loss: 2.0199 - accuracy: 0.3176
 9500/10000 [===========================>..] - ETA: 7s - loss: 1.9914 - accuracy: 0.3308 
10000/10000 [==============================] - 155s 16ms/step - loss: 1.9680 - accuracy: 0.3382 - val_loss: 1.5382 - val_accuracy: 0.5592
Epoch 2/5

  500/10000 [>.............................] - ETA: 2:25 - loss: 1.4374 - accuracy: 0.6100
 1000/10000 [==>...........................] - ETA: 2:19 - loss: 1.5018 - accuracy: 0.5190
 1500/10000 [===>..........................] - ETA: 2:10 - loss: 1.5600 - accuracy: 0.5127
 2000/10000 [=====>........................] - ETA: 2:03 - loss: 1.5532 - accuracy: 0.5050
 2500/10000 [======>.......................] - ETA: 1:57 - loss: 1.5770 - accuracy: 0.5120
 3000/10000 [========>.....................] - ETA: 1:48 - loss: 1.5756 - accuracy: 0.4943
 3500/10000 [=========>....................] - ETA: 1:40 - loss: 1.5692 - accuracy: 0.4963
 4000/10000 [===========>..................] - ETA: 1:32 - loss: 1.5468 - accuracy: 0.5023
 4500/10000 [============>.................] - ETA: 1:25 - loss: 1.5144 - accuracy: 0.5109
 5000/10000 [==============>...............] - ETA: 1:18 - loss: 1.4966 - accuracy: 0.5156
 5500/10000 [===============>..............] - ETA: 1:09 - loss: 1.4821 - accuracy: 0.5175
 6000/10000 [=================>............] - ETA: 1:02 - loss: 1.4640 - accuracy: 0.5210
 6500/10000 [==================>...........] - ETA: 54s - loss: 1.4582 - accuracy: 0.5249 
 7000/10000 [====================>.........] - ETA: 46s - loss: 1.4369 - accuracy: 0.5321
 7500/10000 [=====================>........] - ETA: 38s - loss: 1.4166 - accuracy: 0.5368
 8000/10000 [=======================>......] - ETA: 30s - loss: 1.4047 - accuracy: 0.5418
 8500/10000 [========================>.....] - ETA: 23s - loss: 1.4006 - accuracy: 0.5459
 9000/10000 [==========================>...] - ETA: 15s - loss: 1.3886 - accuracy: 0.5483
 9500/10000 [===========================>..] - ETA: 7s - loss: 1.3782 - accuracy: 0.5525 
10000/10000 [==============================] - 153s 15ms/step - loss: 1.3673 - accuracy: 0.5563 - val_loss: 1.1936 - val_accuracy: 0.6264
Epoch 3/5

  500/10000 [>.............................] - ETA: 2:23 - loss: 1.1657 - accuracy: 0.6460
 1000/10000 [==>...........................] - ETA: 2:19 - loss: 1.0824 - accuracy: 0.6670
 1500/10000 [===>..........................] - ETA: 2:09 - loss: 1.1421 - accuracy: 0.6580
 2000/10000 [=====>........................] - ETA: 2:02 - loss: 1.1059 - accuracy: 0.6635
 2500/10000 [======>.......................] - ETA: 1:53 - loss: 1.0748 - accuracy: 0.6804
 3000/10000 [========>.....................] - ETA: 1:46 - loss: 1.0635 - accuracy: 0.6817
 3500/10000 [=========>....................] - ETA: 1:38 - loss: 1.0480 - accuracy: 0.6811
 4000/10000 [===========>..................] - ETA: 1:30 - loss: 1.0496 - accuracy: 0.6815
 4500/10000 [============>.................] - ETA: 1:23 - loss: 1.0277 - accuracy: 0.6907
 5000/10000 [==============>...............] - ETA: 1:16 - loss: 1.0101 - accuracy: 0.6950
 5500/10000 [===============>..............] - ETA: 1:08 - loss: 1.0061 - accuracy: 0.6944
 6000/10000 [=================>............] - ETA: 1:00 - loss: 0.9803 - accuracy: 0.7048
 6500/10000 [==================>...........] - ETA: 52s - loss: 0.9660 - accuracy: 0.7078 
 7000/10000 [====================>.........] - ETA: 45s - loss: 0.9531 - accuracy: 0.7113
 7500/10000 [=====================>........] - ETA: 37s - loss: 0.9506 - accuracy: 0.7096
 8000/10000 [=======================>......] - ETA: 30s - loss: 0.9455 - accuracy: 0.7101
 8500/10000 [========================>.....] - ETA: 22s - loss: 0.9440 - accuracy: 0.7098
 9000/10000 [==========================>...] - ETA: 15s - loss: 0.9306 - accuracy: 0.7137
 9500/10000 [===========================>..] - ETA: 7s - loss: 0.9255 - accuracy: 0.7137 
10000/10000 [==============================] - 153s 15ms/step - loss: 0.9156 - accuracy: 0.7169 - val_loss: 0.7487 - val_accuracy: 0.7552
Epoch 4/5

  500/10000 [>.............................] - ETA: 2:28 - loss: 0.6580 - accuracy: 0.7940
 1000/10000 [==>...........................] - ETA: 2:21 - loss: 0.7294 - accuracy: 0.7490
 1500/10000 [===>..........................] - ETA: 2:12 - loss: 0.7644 - accuracy: 0.7513
 2000/10000 [=====>........................] - ETA: 2:06 - loss: 0.7429 - accuracy: 0.7630
 2500/10000 [======>.......................] - ETA: 1:56 - loss: 0.7253 - accuracy: 0.7680
 3000/10000 [========>.....................] - ETA: 1:48 - loss: 0.7474 - accuracy: 0.7603
 3500/10000 [=========>....................] - ETA: 1:40 - loss: 0.7745 - accuracy: 0.7520
 4000/10000 [===========>..................] - ETA: 1:32 - loss: 0.7622 - accuracy: 0.7533
 4500/10000 [============>.................] - ETA: 1:25 - loss: 0.7573 - accuracy: 0.7573
 5000/10000 [==============>...............] - ETA: 1:16 - loss: 0.7366 - accuracy: 0.7650
 5500/10000 [===============>..............] - ETA: 1:09 - loss: 0.7149 - accuracy: 0.7724
 6000/10000 [=================>............] - ETA: 1:00 - loss: 0.7017 - accuracy: 0.7772
 6500/10000 [==================>...........] - ETA: 53s - loss: 0.6994 - accuracy: 0.7774 
 7000/10000 [====================>.........] - ETA: 45s - loss: 0.6963 - accuracy: 0.7791
 7500/10000 [=====================>........] - ETA: 38s - loss: 0.6889 - accuracy: 0.7824
 8000/10000 [=======================>......] - ETA: 30s - loss: 0.6818 - accuracy: 0.7855
 8500/10000 [========================>.....] - ETA: 22s - loss: 0.6779 - accuracy: 0.7869
 9000/10000 [==========================>...] - ETA: 15s - loss: 0.6737 - accuracy: 0.7889
 9500/10000 [===========================>..] - ETA: 7s - loss: 0.6656 - accuracy: 0.7919 
10000/10000 [==============================] - 153s 15ms/step - loss: 0.6617 - accuracy: 0.7935 - val_loss: 0.6747 - val_accuracy: 0.7856
Epoch 5/5

  500/10000 [>.............................] - ETA: 2:14 - loss: 0.5772 - accuracy: 0.8340
 1000/10000 [==>...........................] - ETA: 2:13 - loss: 0.5374 - accuracy: 0.8380
 1500/10000 [===>..........................] - ETA: 2:06 - loss: 0.5352 - accuracy: 0.8353
 2000/10000 [=====>........................] - ETA: 1:59 - loss: 0.5834 - accuracy: 0.8130
 2500/10000 [======>.......................] - ETA: 1:53 - loss: 0.5831 - accuracy: 0.8164
 3000/10000 [========>.....................] - ETA: 1:45 - loss: 0.5831 - accuracy: 0.8200
 3500/10000 [=========>....................] - ETA: 1:38 - loss: 0.5783 - accuracy: 0.8197
 4000/10000 [===========>..................] - ETA: 1:31 - loss: 0.5756 - accuracy: 0.8213
 4500/10000 [============>.................] - ETA: 1:23 - loss: 0.5655 - accuracy: 0.8229
 5000/10000 [==============>...............] - ETA: 1:16 - loss: 0.5688 - accuracy: 0.8218
 5500/10000 [===============>..............] - ETA: 1:08 - loss: 0.5779 - accuracy: 0.8202
 6000/10000 [=================>............] - ETA: 1:01 - loss: 0.5777 - accuracy: 0.8218
 6500/10000 [==================>...........] - ETA: 53s - loss: 0.5696 - accuracy: 0.8237 
 7000/10000 [====================>.........] - ETA: 46s - loss: 0.5599 - accuracy: 0.8267
 7500/10000 [=====================>........] - ETA: 38s - loss: 0.5667 - accuracy: 0.8248
 8000/10000 [=======================>......] - ETA: 30s - loss: 0.5608 - accuracy: 0.8265
 8500/10000 [========================>.....] - ETA: 23s - loss: 0.5545 - accuracy: 0.8282
 9000/10000 [==========================>...] - ETA: 15s - loss: 0.5527 - accuracy: 0.8276
 9500/10000 [===========================>..] - ETA: 7s - loss: 0.5446 - accuracy: 0.8295 
10000/10000 [==============================] - 154s 15ms/step - loss: 0.5421 - accuracy: 0.8295 - val_loss: 0.5556 - val_accuracy: 0.8328
Latency --- 772.3321146965027 seconds ---
For delta=0.000100, the current epsilon is: 6.0095
=====================Iteration========================== 10
For delta=0.000100, the current epsilon is: 6.0095
Noise Mutiplier 0.83
loss= <keras.losses.CategoricalCrossentropy object at 0x101a785610>
in grads Tensor("loss_9/mul:0", shape=(?,), dtype=float32)
Train on 10000 samples, validate on 2500 samples
Epoch 1/5

  500/10000 [>.............................] - ETA: 2:43 - loss: 2.3110 - accuracy: 0.1020
 1000/10000 [==>...........................] - ETA: 2:25 - loss: 2.2945 - accuracy: 0.1450
 1500/10000 [===>..........................] - ETA: 2:15 - loss: 2.2808 - accuracy: 0.1467
 2000/10000 [=====>........................] - ETA: 2:07 - loss: 2.2714 - accuracy: 0.1455
 2500/10000 [======>.......................] - ETA: 1:57 - loss: 2.2560 - accuracy: 0.1736
 3000/10000 [========>.....................] - ETA: 1:48 - loss: 2.2427 - accuracy: 0.1850
 3500/10000 [=========>....................] - ETA: 1:40 - loss: 2.2231 - accuracy: 0.2177
 4000/10000 [===========>..................] - ETA: 1:31 - loss: 2.2046 - accuracy: 0.2313
 4500/10000 [============>.................] - ETA: 1:24 - loss: 2.1825 - accuracy: 0.2513
 5000/10000 [==============>...............] - ETA: 1:16 - loss: 2.1596 - accuracy: 0.2646
 5500/10000 [===============>..............] - ETA: 1:08 - loss: 2.1365 - accuracy: 0.2785
 6000/10000 [=================>............] - ETA: 1:01 - loss: 2.1217 - accuracy: 0.2847
 6500/10000 [==================>...........] - ETA: 53s - loss: 2.1063 - accuracy: 0.2942 
 7000/10000 [====================>.........] - ETA: 45s - loss: 2.0800 - accuracy: 0.3070
 7500/10000 [=====================>........] - ETA: 38s - loss: 2.0682 - accuracy: 0.3069
 8000/10000 [=======================>......] - ETA: 30s - loss: 2.0501 - accuracy: 0.3159
 8500/10000 [========================>.....] - ETA: 22s - loss: 2.0406 - accuracy: 0.3194
 9000/10000 [==========================>...] - ETA: 15s - loss: 2.0293 - accuracy: 0.3194
 9500/10000 [===========================>..] - ETA: 7s - loss: 2.0148 - accuracy: 0.3260 
10000/10000 [==============================] - 154s 15ms/step - loss: 1.9936 - accuracy: 0.3372 - val_loss: 1.5539 - val_accuracy: 0.5204
Epoch 2/5

  500/10000 [>.............................] - ETA: 2:23 - loss: 1.5535 - accuracy: 0.5180
 1000/10000 [==>...........................] - ETA: 2:16 - loss: 1.5613 - accuracy: 0.5400
 1500/10000 [===>..........................] - ETA: 2:09 - loss: 1.6339 - accuracy: 0.5080
 2000/10000 [=====>........................] - ETA: 2:02 - loss: 1.5899 - accuracy: 0.5140
 2500/10000 [======>.......................] - ETA: 1:54 - loss: 1.5498 - accuracy: 0.5324
 3000/10000 [========>.....................] - ETA: 1:46 - loss: 1.5489 - accuracy: 0.5237
 3500/10000 [=========>....................] - ETA: 1:38 - loss: 1.5376 - accuracy: 0.5251
 4000/10000 [===========>..................] - ETA: 1:30 - loss: 1.5203 - accuracy: 0.5345
 4500/10000 [============>.................] - ETA: 1:23 - loss: 1.5130 - accuracy: 0.5356
 5000/10000 [==============>...............] - ETA: 1:15 - loss: 1.4984 - accuracy: 0.5402
 5500/10000 [===============>..............] - ETA: 1:07 - loss: 1.4793 - accuracy: 0.5485
 6000/10000 [=================>............] - ETA: 1:00 - loss: 1.4645 - accuracy: 0.5502
 6500/10000 [==================>...........] - ETA: 52s - loss: 1.4454 - accuracy: 0.5582 
 7000/10000 [====================>.........] - ETA: 45s - loss: 1.4272 - accuracy: 0.5627
 7500/10000 [=====================>........] - ETA: 37s - loss: 1.4115 - accuracy: 0.5683
 8000/10000 [=======================>......] - ETA: 30s - loss: 1.4002 - accuracy: 0.5688
 8500/10000 [========================>.....] - ETA: 22s - loss: 1.3962 - accuracy: 0.5686
 9000/10000 [==========================>...] - ETA: 15s - loss: 1.3805 - accuracy: 0.5737
 9500/10000 [===========================>..] - ETA: 7s - loss: 1.3655 - accuracy: 0.5782 
10000/10000 [==============================] - 153s 15ms/step - loss: 1.3561 - accuracy: 0.5782 - val_loss: 1.2478 - val_accuracy: 0.5652
Epoch 3/5

  500/10000 [>.............................] - ETA: 2:20 - loss: 1.1657 - accuracy: 0.6280
 1000/10000 [==>...........................] - ETA: 2:18 - loss: 1.1758 - accuracy: 0.6160
 1500/10000 [===>..........................] - ETA: 2:10 - loss: 1.2075 - accuracy: 0.6200
 2000/10000 [=====>........................] - ETA: 2:04 - loss: 1.1879 - accuracy: 0.6200
 2500/10000 [======>.......................] - ETA: 1:57 - loss: 1.1676 - accuracy: 0.6336
 3000/10000 [========>.....................] - ETA: 1:50 - loss: 1.1326 - accuracy: 0.6397
 3500/10000 [=========>....................] - ETA: 1:41 - loss: 1.1211 - accuracy: 0.6423
 4000/10000 [===========>..................] - ETA: 1:33 - loss: 1.0840 - accuracy: 0.6540
 4500/10000 [============>.................] - ETA: 1:25 - loss: 1.0559 - accuracy: 0.6598
 5000/10000 [==============>...............] - ETA: 1:18 - loss: 1.0511 - accuracy: 0.6614
 5500/10000 [===============>..............] - ETA: 1:10 - loss: 1.0344 - accuracy: 0.6676
 6000/10000 [=================>............] - ETA: 1:02 - loss: 1.0206 - accuracy: 0.6730
 6500/10000 [==================>...........] - ETA: 54s - loss: 1.0163 - accuracy: 0.6714 
 7000/10000 [====================>.........] - ETA: 46s - loss: 1.0113 - accuracy: 0.6724
 7500/10000 [=====================>........] - ETA: 38s - loss: 1.0060 - accuracy: 0.6724
 8000/10000 [=======================>......] - ETA: 31s - loss: 1.0014 - accuracy: 0.6727
 8500/10000 [========================>.....] - ETA: 23s - loss: 0.9910 - accuracy: 0.6769
 9000/10000 [==========================>...] - ETA: 15s - loss: 0.9859 - accuracy: 0.6787
 9500/10000 [===========================>..] - ETA: 7s - loss: 0.9778 - accuracy: 0.6809 
10000/10000 [==============================] - 157s 16ms/step - loss: 0.9754 - accuracy: 0.6813 - val_loss: 1.0748 - val_accuracy: 0.6172
Epoch 4/5

  500/10000 [>.............................] - ETA: 2:27 - loss: 0.9213 - accuracy: 0.6660
 1000/10000 [==>...........................] - ETA: 2:20 - loss: 0.9290 - accuracy: 0.6730
 1500/10000 [===>..........................] - ETA: 2:12 - loss: 0.9630 - accuracy: 0.6627
 2000/10000 [=====>........................] - ETA: 2:02 - loss: 0.9655 - accuracy: 0.6710
 2500/10000 [======>.......................] - ETA: 1:54 - loss: 0.9388 - accuracy: 0.6864
 3000/10000 [========>.....................] - ETA: 1:48 - loss: 0.9098 - accuracy: 0.7007
 3500/10000 [=========>....................] - ETA: 1:41 - loss: 0.8759 - accuracy: 0.7146
 4000/10000 [===========>..................] - ETA: 1:33 - loss: 0.8554 - accuracy: 0.7203
 4500/10000 [============>.................] - ETA: 1:25 - loss: 0.8573 - accuracy: 0.7204
 5000/10000 [==============>...............] - ETA: 1:17 - loss: 0.8511 - accuracy: 0.7224
 5500/10000 [===============>..............] - ETA: 1:09 - loss: 0.8547 - accuracy: 0.7213
 6000/10000 [=================>............] - ETA: 1:01 - loss: 0.8485 - accuracy: 0.7235
 6500/10000 [==================>...........] - ETA: 54s - loss: 0.8429 - accuracy: 0.7243 
 7000/10000 [====================>.........] - ETA: 46s - loss: 0.8302 - accuracy: 0.7291
 7500/10000 [=====================>........] - ETA: 38s - loss: 0.8271 - accuracy: 0.7315
 8000/10000 [=======================>......] - ETA: 30s - loss: 0.8261 - accuracy: 0.7312
 8500/10000 [========================>.....] - ETA: 23s - loss: 0.8323 - accuracy: 0.7308
 9000/10000 [==========================>...] - ETA: 15s - loss: 0.8250 - accuracy: 0.7330
 9500/10000 [===========================>..] - ETA: 7s - loss: 0.8255 - accuracy: 0.7326 
10000/10000 [==============================] - 153s 15ms/step - loss: 0.8316 - accuracy: 0.7286 - val_loss: 0.8179 - val_accuracy: 0.7128
Epoch 5/5

  500/10000 [>.............................] - ETA: 2:29 - loss: 0.7130 - accuracy: 0.7660
 1000/10000 [==>...........................] - ETA: 2:16 - loss: 0.8078 - accuracy: 0.7340
 1500/10000 [===>..........................] - ETA: 2:09 - loss: 0.7541 - accuracy: 0.7507
 2000/10000 [=====>........................] - ETA: 2:02 - loss: 0.7201 - accuracy: 0.7630
 2500/10000 [======>.......................] - ETA: 1:54 - loss: 0.7026 - accuracy: 0.7700
 3000/10000 [========>.....................] - ETA: 1:48 - loss: 0.7110 - accuracy: 0.7720
 3500/10000 [=========>....................] - ETA: 1:39 - loss: 0.7032 - accuracy: 0.7717
 4000/10000 [===========>..................] - ETA: 1:31 - loss: 0.6821 - accuracy: 0.7793
 4500/10000 [============>.................] - ETA: 1:23 - loss: 0.6709 - accuracy: 0.7818
 5000/10000 [==============>...............] - ETA: 1:16 - loss: 0.6685 - accuracy: 0.7824
 5500/10000 [===============>..............] - ETA: 1:08 - loss: 0.6777 - accuracy: 0.7811
 6000/10000 [=================>............] - ETA: 1:00 - loss: 0.6731 - accuracy: 0.7827
 6500/10000 [==================>...........] - ETA: 53s - loss: 0.6569 - accuracy: 0.7880 
 7000/10000 [====================>.........] - ETA: 45s - loss: 0.6534 - accuracy: 0.7903
 7500/10000 [=====================>........] - ETA: 38s - loss: 0.6528 - accuracy: 0.7917
 8000/10000 [=======================>......] - ETA: 30s - loss: 0.6483 - accuracy: 0.7926
 8500/10000 [========================>.....] - ETA: 22s - loss: 0.6425 - accuracy: 0.7949
 9000/10000 [==========================>...] - ETA: 15s - loss: 0.6414 - accuracy: 0.7949
 9500/10000 [===========================>..] - ETA: 7s - loss: 0.6357 - accuracy: 0.7972 
10000/10000 [==============================] - 154s 15ms/step - loss: 0.6381 - accuracy: 0.7961 - val_loss: 0.8013 - val_accuracy: 0.7384
Latency --- 778.8628089427948 seconds ---
For delta=0.000100, the current epsilon is: 6.0095
