We are using Tensorflow version 1.15.2
Keras API version: 2.3.1
=====================Iteration========================== 1
For delta=0.000100, the current epsilon is: 8.0198
Noise Mutiplier 0.729
loss= <keras.losses.CategoricalCrossentropy object at 0x101734fad0>
in grads Tensor("loss/mul:0", shape=(?,), dtype=float32)
Train on 10000 samples, validate on 2500 samples
Epoch 1/5

  500/10000 [>.............................] - ETA: 2:35 - loss: 2.3078 - accuracy: 0.1060
 1000/10000 [==>...........................] - ETA: 2:23 - loss: 2.3059 - accuracy: 0.1190
 1500/10000 [===>..........................] - ETA: 2:13 - loss: 2.2980 - accuracy: 0.1513
 2000/10000 [=====>........................] - ETA: 2:03 - loss: 2.2920 - accuracy: 0.1505
 2500/10000 [======>.......................] - ETA: 1:56 - loss: 2.2828 - accuracy: 0.1668
 3000/10000 [========>.....................] - ETA: 1:48 - loss: 2.2751 - accuracy: 0.1780
 3500/10000 [=========>....................] - ETA: 1:39 - loss: 2.2642 - accuracy: 0.1991
 4000/10000 [===========>..................] - ETA: 1:31 - loss: 2.2521 - accuracy: 0.2023
 4500/10000 [============>.................] - ETA: 1:24 - loss: 2.2458 - accuracy: 0.1976
 5000/10000 [==============>...............] - ETA: 1:16 - loss: 2.2343 - accuracy: 0.1946
 5500/10000 [===============>..............] - ETA: 1:09 - loss: 2.2269 - accuracy: 0.1880
 6000/10000 [=================>............] - ETA: 1:01 - loss: 2.2134 - accuracy: 0.2147
 6500/10000 [==================>...........] - ETA: 54s - loss: 2.1926 - accuracy: 0.2349 
 7000/10000 [====================>.........] - ETA: 46s - loss: 2.1684 - accuracy: 0.2491
 7500/10000 [=====================>........] - ETA: 38s - loss: 2.1484 - accuracy: 0.2567
 8000/10000 [=======================>......] - ETA: 30s - loss: 2.1325 - accuracy: 0.2601
 8500/10000 [========================>.....] - ETA: 23s - loss: 2.1207 - accuracy: 0.2696
 9000/10000 [==========================>...] - ETA: 15s - loss: 2.1023 - accuracy: 0.2781
 9500/10000 [===========================>..] - ETA: 7s - loss: 2.0798 - accuracy: 0.2899 
10000/10000 [==============================] - 154s 15ms/step - loss: 2.0640 - accuracy: 0.2944 - val_loss: 1.7990 - val_accuracy: 0.4556
Epoch 2/5

  500/10000 [>.............................] - ETA: 2:26 - loss: 1.7002 - accuracy: 0.4940
 1000/10000 [==>...........................] - ETA: 2:18 - loss: 1.6523 - accuracy: 0.5010
 1500/10000 [===>..........................] - ETA: 2:09 - loss: 1.6533 - accuracy: 0.4920
 2000/10000 [=====>........................] - ETA: 2:03 - loss: 1.6609 - accuracy: 0.4690
 2500/10000 [======>.......................] - ETA: 1:55 - loss: 1.6439 - accuracy: 0.4872
 3000/10000 [========>.....................] - ETA: 1:47 - loss: 1.6277 - accuracy: 0.4927
 3500/10000 [=========>....................] - ETA: 1:40 - loss: 1.5932 - accuracy: 0.5086
 4000/10000 [===========>..................] - ETA: 1:32 - loss: 1.5626 - accuracy: 0.5188
 4500/10000 [============>.................] - ETA: 1:25 - loss: 1.5396 - accuracy: 0.5236
 5000/10000 [==============>...............] - ETA: 1:17 - loss: 1.5204 - accuracy: 0.5270
 5500/10000 [===============>..............] - ETA: 1:09 - loss: 1.5126 - accuracy: 0.5311
 6000/10000 [=================>............] - ETA: 1:01 - loss: 1.4868 - accuracy: 0.5388
 6500/10000 [==================>...........] - ETA: 53s - loss: 1.4589 - accuracy: 0.5500 
 7000/10000 [====================>.........] - ETA: 46s - loss: 1.4503 - accuracy: 0.5496
 7500/10000 [=====================>........] - ETA: 38s - loss: 1.4321 - accuracy: 0.5576
 8000/10000 [=======================>......] - ETA: 30s - loss: 1.4064 - accuracy: 0.5665
 8500/10000 [========================>.....] - ETA: 23s - loss: 1.3913 - accuracy: 0.5709
 9000/10000 [==========================>...] - ETA: 15s - loss: 1.3735 - accuracy: 0.5749
 9500/10000 [===========================>..] - ETA: 7s - loss: 1.3542 - accuracy: 0.5803 
10000/10000 [==============================] - 153s 15ms/step - loss: 1.3351 - accuracy: 0.5851 - val_loss: 0.9550 - val_accuracy: 0.7088
Epoch 3/5

  500/10000 [>.............................] - ETA: 2:19 - loss: 0.8803 - accuracy: 0.7360
 1000/10000 [==>...........................] - ETA: 2:12 - loss: 0.9023 - accuracy: 0.7170
 1500/10000 [===>..........................] - ETA: 2:03 - loss: 0.9269 - accuracy: 0.7020
 2000/10000 [=====>........................] - ETA: 1:56 - loss: 0.9204 - accuracy: 0.7175
 2500/10000 [======>.......................] - ETA: 1:49 - loss: 0.8995 - accuracy: 0.7300
 3000/10000 [========>.....................] - ETA: 1:43 - loss: 0.8959 - accuracy: 0.7313
 3500/10000 [=========>....................] - ETA: 1:35 - loss: 0.8919 - accuracy: 0.7343
 4000/10000 [===========>..................] - ETA: 1:28 - loss: 0.8893 - accuracy: 0.7322
 4500/10000 [============>.................] - ETA: 1:20 - loss: 0.8800 - accuracy: 0.7358
 5000/10000 [==============>...............] - ETA: 1:13 - loss: 0.8717 - accuracy: 0.7336
 5500/10000 [===============>..............] - ETA: 1:06 - loss: 0.8633 - accuracy: 0.7371
 6000/10000 [=================>............] - ETA: 59s - loss: 0.8574 - accuracy: 0.7368 
 6500/10000 [==================>...........] - ETA: 51s - loss: 0.8444 - accuracy: 0.7394
 7000/10000 [====================>.........] - ETA: 44s - loss: 0.8339 - accuracy: 0.7431
 7500/10000 [=====================>........] - ETA: 37s - loss: 0.8305 - accuracy: 0.7443
 8000/10000 [=======================>......] - ETA: 29s - loss: 0.8246 - accuracy: 0.7462
 8500/10000 [========================>.....] - ETA: 22s - loss: 0.8283 - accuracy: 0.7441
 9000/10000 [==========================>...] - ETA: 14s - loss: 0.8207 - accuracy: 0.7466
 9500/10000 [===========================>..] - ETA: 7s - loss: 0.8153 - accuracy: 0.7481 
10000/10000 [==============================] - 149s 15ms/step - loss: 0.8081 - accuracy: 0.7505 - val_loss: 0.8583 - val_accuracy: 0.7172
Epoch 4/5

  500/10000 [>.............................] - ETA: 2:12 - loss: 0.7905 - accuracy: 0.7560
 1000/10000 [==>...........................] - ETA: 2:14 - loss: 0.7013 - accuracy: 0.7960
 1500/10000 [===>..........................] - ETA: 2:06 - loss: 0.6815 - accuracy: 0.7993
 2000/10000 [=====>........................] - ETA: 2:00 - loss: 0.6941 - accuracy: 0.7880
 2500/10000 [======>.......................] - ETA: 1:54 - loss: 0.6727 - accuracy: 0.7920
 3000/10000 [========>.....................] - ETA: 1:46 - loss: 0.6429 - accuracy: 0.8027
 3500/10000 [=========>....................] - ETA: 1:39 - loss: 0.6354 - accuracy: 0.8040
 4000/10000 [===========>..................] - ETA: 1:32 - loss: 0.6318 - accuracy: 0.8040
 4500/10000 [============>.................] - ETA: 1:25 - loss: 0.6358 - accuracy: 0.8011
 5000/10000 [==============>...............] - ETA: 1:17 - loss: 0.6245 - accuracy: 0.8038
 5500/10000 [===============>..............] - ETA: 1:09 - loss: 0.6113 - accuracy: 0.8082
 6000/10000 [=================>............] - ETA: 1:02 - loss: 0.6129 - accuracy: 0.8100
 6500/10000 [==================>...........] - ETA: 54s - loss: 0.6026 - accuracy: 0.8135 
 7000/10000 [====================>.........] - ETA: 46s - loss: 0.6000 - accuracy: 0.8140
 7500/10000 [=====================>........] - ETA: 38s - loss: 0.6091 - accuracy: 0.8127
 8000/10000 [=======================>......] - ETA: 30s - loss: 0.6021 - accuracy: 0.8146
 8500/10000 [========================>.....] - ETA: 23s - loss: 0.5978 - accuracy: 0.8149
 9000/10000 [==========================>...] - ETA: 15s - loss: 0.6003 - accuracy: 0.8143
 9500/10000 [===========================>..] - ETA: 7s - loss: 0.5942 - accuracy: 0.8164 
10000/10000 [==============================] - 154s 15ms/step - loss: 0.5902 - accuracy: 0.8167 - val_loss: 0.5567 - val_accuracy: 0.8224
Epoch 5/5

  500/10000 [>.............................] - ETA: 2:31 - loss: 0.4407 - accuracy: 0.8600
 1000/10000 [==>...........................] - ETA: 2:24 - loss: 0.5025 - accuracy: 0.8410
 1500/10000 [===>..........................] - ETA: 2:15 - loss: 0.5073 - accuracy: 0.8373
 2000/10000 [=====>........................] - ETA: 2:05 - loss: 0.4876 - accuracy: 0.8440
 2500/10000 [======>.......................] - ETA: 1:59 - loss: 0.5051 - accuracy: 0.8384
 3000/10000 [========>.....................] - ETA: 1:50 - loss: 0.5204 - accuracy: 0.8330
 3500/10000 [=========>....................] - ETA: 1:42 - loss: 0.5382 - accuracy: 0.8231
 4000/10000 [===========>..................] - ETA: 1:34 - loss: 0.5276 - accuracy: 0.8275
 4500/10000 [============>.................] - ETA: 1:26 - loss: 0.5131 - accuracy: 0.8324
 5000/10000 [==============>...............] - ETA: 1:18 - loss: 0.5010 - accuracy: 0.8370
 5500/10000 [===============>..............] - ETA: 1:10 - loss: 0.5018 - accuracy: 0.8365
 6000/10000 [=================>............] - ETA: 1:02 - loss: 0.4979 - accuracy: 0.8378
 6500/10000 [==================>...........] - ETA: 54s - loss: 0.4964 - accuracy: 0.8377 
 7000/10000 [====================>.........] - ETA: 46s - loss: 0.4903 - accuracy: 0.8400
 7500/10000 [=====================>........] - ETA: 39s - loss: 0.4894 - accuracy: 0.8401
 8000/10000 [=======================>......] - ETA: 31s - loss: 0.4897 - accuracy: 0.8411
 8500/10000 [========================>.....] - ETA: 23s - loss: 0.4974 - accuracy: 0.8374
 9000/10000 [==========================>...] - ETA: 15s - loss: 0.4937 - accuracy: 0.8397
 9500/10000 [===========================>..] - ETA: 7s - loss: 0.4904 - accuracy: 0.8412 
10000/10000 [==============================] - 156s 16ms/step - loss: 0.4862 - accuracy: 0.8421 - val_loss: 0.5802 - val_accuracy: 0.8088
Latency --- 767.699830532074 seconds ---
For delta=0.000100, the current epsilon is: 8.0198
Saving model with new accuracy, previous accuracy was 0 and present is 0.8421000242233276
Saved model to disk
=====================Iteration========================== 2
For delta=0.000100, the current epsilon is: 8.0198
Noise Mutiplier 0.729
loss= <keras.losses.CategoricalCrossentropy object at 0x101960b850>
in grads Tensor("loss_1/mul:0", shape=(?,), dtype=float32)
Train on 10000 samples, validate on 2500 samples
Epoch 1/5

  500/10000 [>.............................] - ETA: 2:34 - loss: 2.3199 - accuracy: 0.1000
 1000/10000 [==>...........................] - ETA: 2:24 - loss: 2.3089 - accuracy: 0.1280
 1500/10000 [===>..........................] - ETA: 2:12 - loss: 2.3012 - accuracy: 0.1287
 2000/10000 [=====>........................] - ETA: 2:04 - loss: 2.2910 - accuracy: 0.1570
 2500/10000 [======>.......................] - ETA: 1:55 - loss: 2.2788 - accuracy: 0.1788
 3000/10000 [========>.....................] - ETA: 1:48 - loss: 2.2658 - accuracy: 0.2037
 3500/10000 [=========>....................] - ETA: 1:40 - loss: 2.2544 - accuracy: 0.1954
 4000/10000 [===========>..................] - ETA: 1:33 - loss: 2.2413 - accuracy: 0.2083
 4500/10000 [============>.................] - ETA: 1:25 - loss: 2.2214 - accuracy: 0.2140
 5000/10000 [==============>...............] - ETA: 1:18 - loss: 2.1983 - accuracy: 0.2304
 5500/10000 [===============>..............] - ETA: 1:10 - loss: 2.1695 - accuracy: 0.2544
 6000/10000 [=================>............] - ETA: 1:02 - loss: 2.1393 - accuracy: 0.2742
 6500/10000 [==================>...........] - ETA: 54s - loss: 2.1169 - accuracy: 0.2840 
 7000/10000 [====================>.........] - ETA: 46s - loss: 2.1133 - accuracy: 0.2791
 7500/10000 [=====================>........] - ETA: 38s - loss: 2.0909 - accuracy: 0.2929
 8000/10000 [=======================>......] - ETA: 31s - loss: 2.0749 - accuracy: 0.3005
 8500/10000 [========================>.....] - ETA: 23s - loss: 2.0504 - accuracy: 0.3126
 9000/10000 [==========================>...] - ETA: 15s - loss: 2.0299 - accuracy: 0.3174
 9500/10000 [===========================>..] - ETA: 7s - loss: 2.0132 - accuracy: 0.3227 
10000/10000 [==============================] - 156s 16ms/step - loss: 1.9969 - accuracy: 0.3270 - val_loss: 1.6884 - val_accuracy: 0.4272
Epoch 2/5

  500/10000 [>.............................] - ETA: 2:37 - loss: 1.6185 - accuracy: 0.4680
 1000/10000 [==>...........................] - ETA: 2:20 - loss: 1.5376 - accuracy: 0.5070
 1500/10000 [===>..........................] - ETA: 2:11 - loss: 1.5197 - accuracy: 0.5280
 2000/10000 [=====>........................] - ETA: 2:04 - loss: 1.5007 - accuracy: 0.5250
 2500/10000 [======>.......................] - ETA: 1:58 - loss: 1.5036 - accuracy: 0.5196
 3000/10000 [========>.....................] - ETA: 1:48 - loss: 1.5130 - accuracy: 0.5147
 3500/10000 [=========>....................] - ETA: 1:40 - loss: 1.4924 - accuracy: 0.5326
 4000/10000 [===========>..................] - ETA: 1:32 - loss: 1.4734 - accuracy: 0.5418
 4500/10000 [============>.................] - ETA: 1:25 - loss: 1.4698 - accuracy: 0.5396
 5000/10000 [==============>...............] - ETA: 1:16 - loss: 1.4472 - accuracy: 0.5444
 5500/10000 [===============>..............] - ETA: 1:09 - loss: 1.4273 - accuracy: 0.5560
 6000/10000 [=================>............] - ETA: 1:01 - loss: 1.4199 - accuracy: 0.5552
 6500/10000 [==================>...........] - ETA: 54s - loss: 1.4135 - accuracy: 0.5565 
 7000/10000 [====================>.........] - ETA: 46s - loss: 1.3959 - accuracy: 0.5620
 7500/10000 [=====================>........] - ETA: 38s - loss: 1.3825 - accuracy: 0.5660
 8000/10000 [=======================>......] - ETA: 30s - loss: 1.3683 - accuracy: 0.5688
 8500/10000 [========================>.....] - ETA: 23s - loss: 1.3511 - accuracy: 0.5753
 9000/10000 [==========================>...] - ETA: 15s - loss: 1.3318 - accuracy: 0.5807
 9500/10000 [===========================>..] - ETA: 7s - loss: 1.3191 - accuracy: 0.5849 
10000/10000 [==============================] - 156s 16ms/step - loss: 1.2990 - accuracy: 0.5922 - val_loss: 1.0297 - val_accuracy: 0.6736
Epoch 3/5

  500/10000 [>.............................] - ETA: 2:27 - loss: 0.9767 - accuracy: 0.6740
 1000/10000 [==>...........................] - ETA: 2:23 - loss: 0.9973 - accuracy: 0.6690
 1500/10000 [===>..........................] - ETA: 2:14 - loss: 0.9594 - accuracy: 0.6933
 2000/10000 [=====>........................] - ETA: 2:06 - loss: 0.9659 - accuracy: 0.6830
 2500/10000 [======>.......................] - ETA: 1:57 - loss: 0.9465 - accuracy: 0.6968
 3000/10000 [========>.....................] - ETA: 1:50 - loss: 0.9327 - accuracy: 0.6960
 3500/10000 [=========>....................] - ETA: 1:42 - loss: 0.9204 - accuracy: 0.7017
 4000/10000 [===========>..................] - ETA: 1:33 - loss: 0.9177 - accuracy: 0.6963
 4500/10000 [============>.................] - ETA: 1:25 - loss: 0.8999 - accuracy: 0.7069
 5000/10000 [==============>...............] - ETA: 1:17 - loss: 0.8906 - accuracy: 0.7052
 5500/10000 [===============>..............] - ETA: 1:09 - loss: 0.8741 - accuracy: 0.7129
 6000/10000 [=================>............] - ETA: 1:01 - loss: 0.8725 - accuracy: 0.7138
 6500/10000 [==================>...........] - ETA: 54s - loss: 0.8691 - accuracy: 0.7160 
 7000/10000 [====================>.........] - ETA: 46s - loss: 0.8734 - accuracy: 0.7140
 7500/10000 [=====================>........] - ETA: 38s - loss: 0.8702 - accuracy: 0.7152
 8000/10000 [=======================>......] - ETA: 30s - loss: 0.8636 - accuracy: 0.7169
 8500/10000 [========================>.....] - ETA: 23s - loss: 0.8526 - accuracy: 0.7211
 9000/10000 [==========================>...] - ETA: 15s - loss: 0.8472 - accuracy: 0.7238
 9500/10000 [===========================>..] - ETA: 7s - loss: 0.8410 - accuracy: 0.7265 
10000/10000 [==============================] - 155s 16ms/step - loss: 0.8326 - accuracy: 0.7289 - val_loss: 0.8086 - val_accuracy: 0.7508
Epoch 4/5

  500/10000 [>.............................] - ETA: 2:21 - loss: 0.6666 - accuracy: 0.7920
 1000/10000 [==>...........................] - ETA: 2:19 - loss: 0.6775 - accuracy: 0.7800
 1500/10000 [===>..........................] - ETA: 2:12 - loss: 0.6497 - accuracy: 0.7960
 2000/10000 [=====>........................] - ETA: 2:02 - loss: 0.6335 - accuracy: 0.7970
 2500/10000 [======>.......................] - ETA: 1:54 - loss: 0.6435 - accuracy: 0.7844
 3000/10000 [========>.....................] - ETA: 1:47 - loss: 0.6486 - accuracy: 0.7853
 3500/10000 [=========>....................] - ETA: 1:40 - loss: 0.6655 - accuracy: 0.7749
 4000/10000 [===========>..................] - ETA: 1:32 - loss: 0.6541 - accuracy: 0.7815
 4500/10000 [============>.................] - ETA: 1:25 - loss: 0.6550 - accuracy: 0.7809
 5000/10000 [==============>...............] - ETA: 1:18 - loss: 0.6444 - accuracy: 0.7846
 5500/10000 [===============>..............] - ETA: 1:10 - loss: 0.6378 - accuracy: 0.7878
 6000/10000 [=================>............] - ETA: 1:02 - loss: 0.6327 - accuracy: 0.7923
 6500/10000 [==================>...........] - ETA: 54s - loss: 0.6269 - accuracy: 0.7937 
 7000/10000 [====================>.........] - ETA: 46s - loss: 0.6187 - accuracy: 0.7963
 7500/10000 [=====================>........] - ETA: 38s - loss: 0.6092 - accuracy: 0.7989
 8000/10000 [=======================>......] - ETA: 31s - loss: 0.6016 - accuracy: 0.8023
 8500/10000 [========================>.....] - ETA: 23s - loss: 0.5979 - accuracy: 0.8034
 9000/10000 [==========================>...] - ETA: 15s - loss: 0.6028 - accuracy: 0.8016
 9500/10000 [===========================>..] - ETA: 7s - loss: 0.6026 - accuracy: 0.8019 
10000/10000 [==============================] - 156s 16ms/step - loss: 0.6094 - accuracy: 0.8012 - val_loss: 0.6395 - val_accuracy: 0.7900
Epoch 5/5

  500/10000 [>.............................] - ETA: 2:27 - loss: 0.5492 - accuracy: 0.8240
 1000/10000 [==>...........................] - ETA: 2:12 - loss: 0.5700 - accuracy: 0.8240
 1500/10000 [===>..........................] - ETA: 2:08 - loss: 0.5632 - accuracy: 0.8180
 2000/10000 [=====>........................] - ETA: 2:03 - loss: 0.5498 - accuracy: 0.8205
 2500/10000 [======>.......................] - ETA: 1:55 - loss: 0.5668 - accuracy: 0.8192
 3000/10000 [========>.....................] - ETA: 1:47 - loss: 0.5370 - accuracy: 0.8267
 3500/10000 [=========>....................] - ETA: 1:40 - loss: 0.5409 - accuracy: 0.8274
 4000/10000 [===========>..................] - ETA: 1:33 - loss: 0.5479 - accuracy: 0.8227
 4500/10000 [============>.................] - ETA: 1:24 - loss: 0.5514 - accuracy: 0.8216
 5000/10000 [==============>...............] - ETA: 1:17 - loss: 0.5433 - accuracy: 0.8234
 5500/10000 [===============>..............] - ETA: 1:09 - loss: 0.5453 - accuracy: 0.8242
 6000/10000 [=================>............] - ETA: 1:01 - loss: 0.5367 - accuracy: 0.8268
 6500/10000 [==================>...........] - ETA: 54s - loss: 0.5280 - accuracy: 0.8298 
 7000/10000 [====================>.........] - ETA: 46s - loss: 0.5170 - accuracy: 0.8334
 7500/10000 [=====================>........] - ETA: 38s - loss: 0.5111 - accuracy: 0.8356
 8000/10000 [=======================>......] - ETA: 30s - loss: 0.5089 - accuracy: 0.8356
 8500/10000 [========================>.....] - ETA: 23s - loss: 0.5066 - accuracy: 0.8360
 9000/10000 [==========================>...] - ETA: 15s - loss: 0.5029 - accuracy: 0.8372
 9500/10000 [===========================>..] - ETA: 7s - loss: 0.5042 - accuracy: 0.8373 
10000/10000 [==============================] - 155s 15ms/step - loss: 0.4986 - accuracy: 0.8390 - val_loss: 0.5339 - val_accuracy: 0.8292
Latency --- 780.1275351047516 seconds ---
For delta=0.000100, the current epsilon is: 8.0198
=====================Iteration========================== 3
For delta=0.000100, the current epsilon is: 8.0198
Noise Mutiplier 0.729
loss= <keras.losses.CategoricalCrossentropy object at 0x1019777790>
in grads Tensor("loss_2/mul:0", shape=(?,), dtype=float32)
Train on 10000 samples, validate on 2500 samples
Epoch 1/5

  500/10000 [>.............................] - ETA: 2:31 - loss: 2.2967 - accuracy: 0.1320
 1000/10000 [==>...........................] - ETA: 2:16 - loss: 2.2939 - accuracy: 0.1100
 1500/10000 [===>..........................] - ETA: 2:10 - loss: 2.2883 - accuracy: 0.1087
 2000/10000 [=====>........................] - ETA: 2:02 - loss: 2.2793 - accuracy: 0.1290
 2500/10000 [======>.......................] - ETA: 1:54 - loss: 2.2714 - accuracy: 0.1472
 3000/10000 [========>.....................] - ETA: 1:46 - loss: 2.2602 - accuracy: 0.1830
 3500/10000 [=========>....................] - ETA: 1:39 - loss: 2.2472 - accuracy: 0.2034
 4000/10000 [===========>..................] - ETA: 1:31 - loss: 2.2336 - accuracy: 0.2253
 4500/10000 [============>.................] - ETA: 1:23 - loss: 2.2227 - accuracy: 0.2251
 5000/10000 [==============>...............] - ETA: 1:16 - loss: 2.2192 - accuracy: 0.2122
 5500/10000 [===============>..............] - ETA: 1:08 - loss: 2.2109 - accuracy: 0.2255
 6000/10000 [=================>............] - ETA: 1:00 - loss: 2.1984 - accuracy: 0.2235
 6500/10000 [==================>...........] - ETA: 53s - loss: 2.1879 - accuracy: 0.2292 
 7000/10000 [====================>.........] - ETA: 46s - loss: 2.1707 - accuracy: 0.2293
 7500/10000 [=====================>........] - ETA: 38s - loss: 2.1530 - accuracy: 0.2412
 8000/10000 [=======================>......] - ETA: 30s - loss: 2.1393 - accuracy: 0.2418
 8500/10000 [========================>.....] - ETA: 22s - loss: 2.1217 - accuracy: 0.2555
 9000/10000 [==========================>...] - ETA: 15s - loss: 2.1055 - accuracy: 0.2594
 9500/10000 [===========================>..] - ETA: 7s - loss: 2.0888 - accuracy: 0.2696 
10000/10000 [==============================] - 153s 15ms/step - loss: 2.0644 - accuracy: 0.2840 - val_loss: 1.6539 - val_accuracy: 0.4932
Epoch 2/5

  500/10000 [>.............................] - ETA: 2:29 - loss: 1.5519 - accuracy: 0.5620
 1000/10000 [==>...........................] - ETA: 2:20 - loss: 1.5907 - accuracy: 0.5300
 1500/10000 [===>..........................] - ETA: 2:12 - loss: 1.6170 - accuracy: 0.5007
 2000/10000 [=====>........................] - ETA: 2:04 - loss: 1.6321 - accuracy: 0.4895
 2500/10000 [======>.......................] - ETA: 1:55 - loss: 1.6240 - accuracy: 0.4804
 3000/10000 [========>.....................] - ETA: 1:47 - loss: 1.6141 - accuracy: 0.4820
 3500/10000 [=========>....................] - ETA: 1:39 - loss: 1.5862 - accuracy: 0.4894
 4000/10000 [===========>..................] - ETA: 1:31 - loss: 1.5602 - accuracy: 0.4958
 4500/10000 [============>.................] - ETA: 1:24 - loss: 1.5419 - accuracy: 0.4984
 5000/10000 [==============>...............] - ETA: 1:17 - loss: 1.5143 - accuracy: 0.5120
 5500/10000 [===============>..............] - ETA: 1:09 - loss: 1.5003 - accuracy: 0.5145
 6000/10000 [=================>............] - ETA: 1:01 - loss: 1.4827 - accuracy: 0.5193
 6500/10000 [==================>...........] - ETA: 53s - loss: 1.4585 - accuracy: 0.5278 
 7000/10000 [====================>.........] - ETA: 46s - loss: 1.4314 - accuracy: 0.5403
 7500/10000 [=====================>........] - ETA: 38s - loss: 1.4046 - accuracy: 0.5493
 8000/10000 [=======================>......] - ETA: 30s - loss: 1.3858 - accuracy: 0.5540
 8500/10000 [========================>.....] - ETA: 23s - loss: 1.3704 - accuracy: 0.5576
 9000/10000 [==========================>...] - ETA: 15s - loss: 1.3614 - accuracy: 0.5609
 9500/10000 [===========================>..] - ETA: 7s - loss: 1.3478 - accuracy: 0.5622 
10000/10000 [==============================] - 154s 15ms/step - loss: 1.3302 - accuracy: 0.5691 - val_loss: 1.1098 - val_accuracy: 0.6396
Epoch 3/5

  500/10000 [>.............................] - ETA: 2:19 - loss: 1.0096 - accuracy: 0.7020
 1000/10000 [==>...........................] - ETA: 2:15 - loss: 1.0062 - accuracy: 0.7090
 1500/10000 [===>..........................] - ETA: 2:10 - loss: 1.0343 - accuracy: 0.6713
 2000/10000 [=====>........................] - ETA: 2:03 - loss: 1.0175 - accuracy: 0.6805
 2500/10000 [======>.......................] - ETA: 1:56 - loss: 0.9971 - accuracy: 0.6888
 3000/10000 [========>.....................] - ETA: 1:48 - loss: 0.9812 - accuracy: 0.6907
 3500/10000 [=========>....................] - ETA: 1:40 - loss: 0.9688 - accuracy: 0.6960
 4000/10000 [===========>..................] - ETA: 1:33 - loss: 0.9552 - accuracy: 0.7010
 4500/10000 [============>.................] - ETA: 1:25 - loss: 0.9260 - accuracy: 0.7140
 5000/10000 [==============>...............] - ETA: 1:17 - loss: 0.9064 - accuracy: 0.7212
 5500/10000 [===============>..............] - ETA: 1:09 - loss: 0.8966 - accuracy: 0.7187
 6000/10000 [=================>............] - ETA: 1:01 - loss: 0.9031 - accuracy: 0.7138
 6500/10000 [==================>...........] - ETA: 53s - loss: 0.8957 - accuracy: 0.7145 
 7000/10000 [====================>.........] - ETA: 45s - loss: 0.9017 - accuracy: 0.7119
 7500/10000 [=====================>........] - ETA: 38s - loss: 0.9020 - accuracy: 0.7113
 8000/10000 [=======================>......] - ETA: 30s - loss: 0.9032 - accuracy: 0.7126
 8500/10000 [========================>.....] - ETA: 22s - loss: 0.9010 - accuracy: 0.7125
 9000/10000 [==========================>...] - ETA: 15s - loss: 0.8997 - accuracy: 0.7119
 9500/10000 [===========================>..] - ETA: 7s - loss: 0.8913 - accuracy: 0.7144 
10000/10000 [==============================] - 153s 15ms/step - loss: 0.8852 - accuracy: 0.7155 - val_loss: 0.9079 - val_accuracy: 0.6992
Epoch 4/5

  500/10000 [>.............................] - ETA: 2:26 - loss: 0.7249 - accuracy: 0.7560
 1000/10000 [==>...........................] - ETA: 2:19 - loss: 0.7213 - accuracy: 0.7690
 1500/10000 [===>..........................] - ETA: 2:10 - loss: 0.7090 - accuracy: 0.7680
 2000/10000 [=====>........................] - ETA: 2:01 - loss: 0.7299 - accuracy: 0.7595
 2500/10000 [======>.......................] - ETA: 1:54 - loss: 0.7325 - accuracy: 0.7596
 3000/10000 [========>.....................] - ETA: 1:47 - loss: 0.7323 - accuracy: 0.7623
 3500/10000 [=========>....................] - ETA: 1:40 - loss: 0.7348 - accuracy: 0.7620
 4000/10000 [===========>..................] - ETA: 1:32 - loss: 0.7259 - accuracy: 0.7645
 4500/10000 [============>.................] - ETA: 1:24 - loss: 0.7293 - accuracy: 0.7633
 5000/10000 [==============>...............] - ETA: 1:16 - loss: 0.7132 - accuracy: 0.7700
 5500/10000 [===============>..............] - ETA: 1:08 - loss: 0.7161 - accuracy: 0.7669
 6000/10000 [=================>............] - ETA: 1:01 - loss: 0.7115 - accuracy: 0.7672
 6500/10000 [==================>...........] - ETA: 53s - loss: 0.7059 - accuracy: 0.7683 
 7000/10000 [====================>.........] - ETA: 46s - loss: 0.7012 - accuracy: 0.7704
 7500/10000 [=====================>........] - ETA: 38s - loss: 0.6927 - accuracy: 0.7744
 8000/10000 [=======================>......] - ETA: 30s - loss: 0.6869 - accuracy: 0.7751
 8500/10000 [========================>.....] - ETA: 23s - loss: 0.6839 - accuracy: 0.7755
 9000/10000 [==========================>...] - ETA: 15s - loss: 0.6792 - accuracy: 0.7776
 9500/10000 [===========================>..] - ETA: 7s - loss: 0.6750 - accuracy: 0.7793 
10000/10000 [==============================] - 154s 15ms/step - loss: 0.6701 - accuracy: 0.7810 - val_loss: 0.7282 - val_accuracy: 0.7664
Epoch 5/5

  500/10000 [>.............................] - ETA: 2:25 - loss: 0.5269 - accuracy: 0.8300
 1000/10000 [==>...........................] - ETA: 2:17 - loss: 0.5859 - accuracy: 0.8080
 1500/10000 [===>..........................] - ETA: 2:09 - loss: 0.5898 - accuracy: 0.8047
 2000/10000 [=====>........................] - ETA: 2:03 - loss: 0.5727 - accuracy: 0.8120
 2500/10000 [======>.......................] - ETA: 1:56 - loss: 0.5860 - accuracy: 0.8084
 3000/10000 [========>.....................] - ETA: 1:48 - loss: 0.5755 - accuracy: 0.8137
 3500/10000 [=========>....................] - ETA: 1:40 - loss: 0.5748 - accuracy: 0.8123
 4000/10000 [===========>..................] - ETA: 1:31 - loss: 0.5651 - accuracy: 0.8142
 4500/10000 [============>.................] - ETA: 1:24 - loss: 0.5730 - accuracy: 0.8127
 5000/10000 [==============>...............] - ETA: 1:16 - loss: 0.5733 - accuracy: 0.8142
 5500/10000 [===============>..............] - ETA: 1:08 - loss: 0.5669 - accuracy: 0.8160
 6000/10000 [=================>............] - ETA: 1:01 - loss: 0.5615 - accuracy: 0.8185
 6500/10000 [==================>...........] - ETA: 53s - loss: 0.5708 - accuracy: 0.8154 
 7000/10000 [====================>.........] - ETA: 46s - loss: 0.5684 - accuracy: 0.8181
 7500/10000 [=====================>........] - ETA: 38s - loss: 0.5631 - accuracy: 0.8183
 8000/10000 [=======================>......] - ETA: 30s - loss: 0.5614 - accuracy: 0.8192
 8500/10000 [========================>.....] - ETA: 22s - loss: 0.5572 - accuracy: 0.8204
 9000/10000 [==========================>...] - ETA: 15s - loss: 0.5611 - accuracy: 0.8197
 9500/10000 [===========================>..] - ETA: 7s - loss: 0.5577 - accuracy: 0.8215 
10000/10000 [==============================] - 153s 15ms/step - loss: 0.5568 - accuracy: 0.8219 - val_loss: 0.5817 - val_accuracy: 0.8200
Latency --- 769.9694373607635 seconds ---
For delta=0.000100, the current epsilon is: 8.0198
=====================Iteration========================== 4
For delta=0.000100, the current epsilon is: 8.0198
Noise Mutiplier 0.729
loss= <keras.losses.CategoricalCrossentropy object at 0x1019901ed0>
in grads Tensor("loss_3/mul:0", shape=(?,), dtype=float32)
Train on 10000 samples, validate on 2500 samples
Epoch 1/5

  500/10000 [>.............................] - ETA: 2:43 - loss: 2.3143 - accuracy: 0.0680
 1000/10000 [==>...........................] - ETA: 2:23 - loss: 2.3011 - accuracy: 0.1000
 1500/10000 [===>..........................] - ETA: 2:13 - loss: 2.2897 - accuracy: 0.1380
 2000/10000 [=====>........................] - ETA: 2:05 - loss: 2.2801 - accuracy: 0.1555
 2500/10000 [======>.......................] - ETA: 1:56 - loss: 2.2739 - accuracy: 0.1640
 3000/10000 [========>.....................] - ETA: 1:48 - loss: 2.2661 - accuracy: 0.1743
 3500/10000 [=========>....................] - ETA: 1:40 - loss: 2.2544 - accuracy: 0.1843
 4000/10000 [===========>..................] - ETA: 1:33 - loss: 2.2438 - accuracy: 0.2037
 4500/10000 [============>.................] - ETA: 1:25 - loss: 2.2355 - accuracy: 0.2009
 5000/10000 [==============>...............] - ETA: 1:17 - loss: 2.2220 - accuracy: 0.2118
 5500/10000 [===============>..............] - ETA: 1:09 - loss: 2.2094 - accuracy: 0.2229
 6000/10000 [=================>............] - ETA: 1:01 - loss: 2.1989 - accuracy: 0.2220
 6500/10000 [==================>...........] - ETA: 54s - loss: 2.1881 - accuracy: 0.2298 
 7000/10000 [====================>.........] - ETA: 46s - loss: 2.1835 - accuracy: 0.2301
 7500/10000 [=====================>........] - ETA: 38s - loss: 2.1715 - accuracy: 0.2349
 8000/10000 [=======================>......] - ETA: 30s - loss: 2.1611 - accuracy: 0.2394
 8500/10000 [========================>.....] - ETA: 23s - loss: 2.1470 - accuracy: 0.2496
 9000/10000 [==========================>...] - ETA: 15s - loss: 2.1326 - accuracy: 0.2577
 9500/10000 [===========================>..] - ETA: 7s - loss: 2.1202 - accuracy: 0.2648 
10000/10000 [==============================] - 154s 15ms/step - loss: 2.1060 - accuracy: 0.2699 - val_loss: 1.9064 - val_accuracy: 0.4172
Epoch 2/5

  500/10000 [>.............................] - ETA: 2:25 - loss: 1.8213 - accuracy: 0.5180
 1000/10000 [==>...........................] - ETA: 2:17 - loss: 1.7898 - accuracy: 0.4750
 1500/10000 [===>..........................] - ETA: 2:10 - loss: 1.7742 - accuracy: 0.4473
 2000/10000 [=====>........................] - ETA: 2:01 - loss: 1.7570 - accuracy: 0.4385
 2500/10000 [======>.......................] - ETA: 1:52 - loss: 1.7361 - accuracy: 0.4680
 3000/10000 [========>.....................] - ETA: 1:46 - loss: 1.7076 - accuracy: 0.4777
 3500/10000 [=========>....................] - ETA: 1:39 - loss: 1.6900 - accuracy: 0.4857
 4000/10000 [===========>..................] - ETA: 1:31 - loss: 1.6656 - accuracy: 0.4895
 4500/10000 [============>.................] - ETA: 1:24 - loss: 1.6485 - accuracy: 0.4871
 5000/10000 [==============>...............] - ETA: 1:16 - loss: 1.6502 - accuracy: 0.4882
 5500/10000 [===============>..............] - ETA: 1:09 - loss: 1.6342 - accuracy: 0.4898
 6000/10000 [=================>............] - ETA: 1:01 - loss: 1.6271 - accuracy: 0.4927
 6500/10000 [==================>...........] - ETA: 53s - loss: 1.6185 - accuracy: 0.4925 
 7000/10000 [====================>.........] - ETA: 46s - loss: 1.6110 - accuracy: 0.4931
 7500/10000 [=====================>........] - ETA: 38s - loss: 1.5928 - accuracy: 0.5037
 8000/10000 [=======================>......] - ETA: 30s - loss: 1.5747 - accuracy: 0.5132
 8500/10000 [========================>.....] - ETA: 22s - loss: 1.5631 - accuracy: 0.5166
 9000/10000 [==========================>...] - ETA: 15s - loss: 1.5525 - accuracy: 0.5197
 9500/10000 [===========================>..] - ETA: 7s - loss: 1.5423 - accuracy: 0.5258 
10000/10000 [==============================] - 153s 15ms/step - loss: 1.5323 - accuracy: 0.5279 - val_loss: 1.5194 - val_accuracy: 0.5128
Epoch 3/5

  500/10000 [>.............................] - ETA: 2:26 - loss: 1.4083 - accuracy: 0.5820
 1000/10000 [==>...........................] - ETA: 2:12 - loss: 1.4744 - accuracy: 0.5350
 1500/10000 [===>..........................] - ETA: 2:06 - loss: 1.4530 - accuracy: 0.5647
 2000/10000 [=====>........................] - ETA: 1:59 - loss: 1.3805 - accuracy: 0.5760
 2500/10000 [======>.......................] - ETA: 1:52 - loss: 1.3654 - accuracy: 0.5704
 3000/10000 [========>.....................] - ETA: 1:44 - loss: 1.3653 - accuracy: 0.5747
 3500/10000 [=========>....................] - ETA: 1:37 - loss: 1.3523 - accuracy: 0.5709
 4000/10000 [===========>..................] - ETA: 1:29 - loss: 1.3396 - accuracy: 0.5760
 4500/10000 [============>.................] - ETA: 1:22 - loss: 1.3204 - accuracy: 0.5793
 5000/10000 [==============>...............] - ETA: 1:15 - loss: 1.2989 - accuracy: 0.5788
 5500/10000 [===============>..............] - ETA: 1:07 - loss: 1.2999 - accuracy: 0.5871
 6000/10000 [=================>............] - ETA: 1:00 - loss: 1.2806 - accuracy: 0.5890
 6500/10000 [==================>...........] - ETA: 52s - loss: 1.2811 - accuracy: 0.5878 
 7000/10000 [====================>.........] - ETA: 45s - loss: 1.2710 - accuracy: 0.5934
 7500/10000 [=====================>........] - ETA: 37s - loss: 1.2645 - accuracy: 0.5977
 8000/10000 [=======================>......] - ETA: 30s - loss: 1.2498 - accuracy: 0.6045
 8500/10000 [========================>.....] - ETA: 22s - loss: 1.2298 - accuracy: 0.6135
 9000/10000 [==========================>...] - ETA: 15s - loss: 1.2132 - accuracy: 0.6180
 9500/10000 [===========================>..] - ETA: 7s - loss: 1.2021 - accuracy: 0.6214 
10000/10000 [==============================] - 152s 15ms/step - loss: 1.1867 - accuracy: 0.6291 - val_loss: 1.1722 - val_accuracy: 0.6308
Epoch 4/5

  500/10000 [>.............................] - ETA: 2:23 - loss: 1.0570 - accuracy: 0.6300
 1000/10000 [==>...........................] - ETA: 2:15 - loss: 0.9819 - accuracy: 0.6880
 1500/10000 [===>..........................] - ETA: 2:07 - loss: 0.9615 - accuracy: 0.6880
 2000/10000 [=====>........................] - ETA: 1:59 - loss: 0.9888 - accuracy: 0.6780
 2500/10000 [======>.......................] - ETA: 1:52 - loss: 0.9808 - accuracy: 0.6780
 3000/10000 [========>.....................] - ETA: 1:44 - loss: 0.9901 - accuracy: 0.6653
 3500/10000 [=========>....................] - ETA: 1:37 - loss: 1.0030 - accuracy: 0.6683
 4000/10000 [===========>..................] - ETA: 1:30 - loss: 0.9747 - accuracy: 0.6793
 4500/10000 [============>.................] - ETA: 1:22 - loss: 0.9543 - accuracy: 0.6911
 5000/10000 [==============>...............] - ETA: 1:15 - loss: 0.9402 - accuracy: 0.6932
 5500/10000 [===============>..............] - ETA: 1:08 - loss: 0.9324 - accuracy: 0.6962
 6000/10000 [=================>............] - ETA: 1:00 - loss: 0.9279 - accuracy: 0.6980
 6500/10000 [==================>...........] - ETA: 53s - loss: 0.9170 - accuracy: 0.7023 
 7000/10000 [====================>.........] - ETA: 45s - loss: 0.9087 - accuracy: 0.7044
 7500/10000 [=====================>........] - ETA: 37s - loss: 0.9011 - accuracy: 0.7073
 8000/10000 [=======================>......] - ETA: 30s - loss: 0.8879 - accuracy: 0.7103
 8500/10000 [========================>.....] - ETA: 22s - loss: 0.8833 - accuracy: 0.7127
 9000/10000 [==========================>...] - ETA: 15s - loss: 0.8740 - accuracy: 0.7169
 9500/10000 [===========================>..] - ETA: 7s - loss: 0.8843 - accuracy: 0.7128 
10000/10000 [==============================] - 152s 15ms/step - loss: 0.8821 - accuracy: 0.7155 - val_loss: 0.8759 - val_accuracy: 0.6956
Epoch 5/5

  500/10000 [>.............................] - ETA: 2:18 - loss: 0.7726 - accuracy: 0.7240
 1000/10000 [==>...........................] - ETA: 2:13 - loss: 0.7645 - accuracy: 0.7300
 1500/10000 [===>..........................] - ETA: 2:08 - loss: 0.7453 - accuracy: 0.7387
 2000/10000 [=====>........................] - ETA: 2:00 - loss: 0.7338 - accuracy: 0.7510
 2500/10000 [======>.......................] - ETA: 1:53 - loss: 0.7475 - accuracy: 0.7464
 3000/10000 [========>.....................] - ETA: 1:46 - loss: 0.7677 - accuracy: 0.7377
 3500/10000 [=========>....................] - ETA: 1:38 - loss: 0.7900 - accuracy: 0.7354
 4000/10000 [===========>..................] - ETA: 1:30 - loss: 0.7719 - accuracy: 0.7440
 4500/10000 [============>.................] - ETA: 1:22 - loss: 0.7607 - accuracy: 0.7500
 5000/10000 [==============>...............] - ETA: 1:15 - loss: 0.7661 - accuracy: 0.7480
 5500/10000 [===============>..............] - ETA: 1:08 - loss: 0.7582 - accuracy: 0.7520
 6000/10000 [=================>............] - ETA: 1:00 - loss: 0.7400 - accuracy: 0.7603
 6500/10000 [==================>...........] - ETA: 53s - loss: 0.7308 - accuracy: 0.7631 
 7000/10000 [====================>.........] - ETA: 45s - loss: 0.7365 - accuracy: 0.7626
 7500/10000 [=====================>........] - ETA: 37s - loss: 0.7250 - accuracy: 0.7663
 8000/10000 [=======================>......] - ETA: 30s - loss: 0.7181 - accuracy: 0.7667
 8500/10000 [========================>.....] - ETA: 22s - loss: 0.7128 - accuracy: 0.7691
 9000/10000 [==========================>...] - ETA: 15s - loss: 0.7100 - accuracy: 0.7703
 9500/10000 [===========================>..] - ETA: 7s - loss: 0.7016 - accuracy: 0.7731 
10000/10000 [==============================] - 152s 15ms/step - loss: 0.6997 - accuracy: 0.7732 - val_loss: 0.7367 - val_accuracy: 0.7708
Latency --- 765.5535190105438 seconds ---
For delta=0.000100, the current epsilon is: 8.0198
=====================Iteration========================== 5
For delta=0.000100, the current epsilon is: 8.0198
Noise Mutiplier 0.729
loss= <keras.losses.CategoricalCrossentropy object at 0x1019a76110>
in grads Tensor("loss_4/mul:0", shape=(?,), dtype=float32)
Train on 10000 samples, validate on 2500 samples
Epoch 1/5

  500/10000 [>.............................] - ETA: 2:29 - loss: 2.3122 - accuracy: 0.0940
 1000/10000 [==>...........................] - ETA: 2:18 - loss: 2.3009 - accuracy: 0.1150
 1500/10000 [===>..........................] - ETA: 2:11 - loss: 2.2868 - accuracy: 0.1187
 2000/10000 [=====>........................] - ETA: 2:03 - loss: 2.2746 - accuracy: 0.1410
 2500/10000 [======>.......................] - ETA: 1:56 - loss: 2.2671 - accuracy: 0.1524
 3000/10000 [========>.....................] - ETA: 1:48 - loss: 2.2547 - accuracy: 0.1697
 3500/10000 [=========>....................] - ETA: 1:39 - loss: 2.2411 - accuracy: 0.1771
 4000/10000 [===========>..................] - ETA: 1:32 - loss: 2.2204 - accuracy: 0.2035
 4500/10000 [============>.................] - ETA: 1:24 - loss: 2.2048 - accuracy: 0.2096
 5000/10000 [==============>...............] - ETA: 1:16 - loss: 2.1921 - accuracy: 0.2216
 5500/10000 [===============>..............] - ETA: 1:09 - loss: 2.1731 - accuracy: 0.2300
 6000/10000 [=================>............] - ETA: 1:01 - loss: 2.1558 - accuracy: 0.2397
 6500/10000 [==================>...........] - ETA: 53s - loss: 2.1470 - accuracy: 0.2509 
 7000/10000 [====================>.........] - ETA: 45s - loss: 2.1330 - accuracy: 0.2590
 7500/10000 [=====================>........] - ETA: 38s - loss: 2.1215 - accuracy: 0.2623
 8000/10000 [=======================>......] - ETA: 30s - loss: 2.1227 - accuracy: 0.2592
 8500/10000 [========================>.....] - ETA: 23s - loss: 2.1155 - accuracy: 0.2668
 9000/10000 [==========================>...] - ETA: 15s - loss: 2.1066 - accuracy: 0.2680
 9500/10000 [===========================>..] - ETA: 7s - loss: 2.0903 - accuracy: 0.2753 
10000/10000 [==============================] - 155s 16ms/step - loss: 2.0781 - accuracy: 0.2835 - val_loss: 1.7583 - val_accuracy: 0.4144
Epoch 2/5

  500/10000 [>.............................] - ETA: 2:25 - loss: 1.8010 - accuracy: 0.3780
 1000/10000 [==>...........................] - ETA: 2:23 - loss: 1.8344 - accuracy: 0.3810
 1500/10000 [===>..........................] - ETA: 2:13 - loss: 1.7844 - accuracy: 0.3973
 2000/10000 [=====>........................] - ETA: 2:05 - loss: 1.7798 - accuracy: 0.3980
 2500/10000 [======>.......................] - ETA: 1:58 - loss: 1.7946 - accuracy: 0.3992
 3000/10000 [========>.....................] - ETA: 1:51 - loss: 1.7744 - accuracy: 0.4040
 3500/10000 [=========>....................] - ETA: 1:43 - loss: 1.7639 - accuracy: 0.4106
 4000/10000 [===========>..................] - ETA: 1:35 - loss: 1.7436 - accuracy: 0.4120
 4500/10000 [============>.................] - ETA: 1:27 - loss: 1.7214 - accuracy: 0.4240
 5000/10000 [==============>...............] - ETA: 1:19 - loss: 1.7039 - accuracy: 0.4296
 5500/10000 [===============>..............] - ETA: 1:11 - loss: 1.7007 - accuracy: 0.4249
 6000/10000 [=================>............] - ETA: 1:03 - loss: 1.6904 - accuracy: 0.4313
 6500/10000 [==================>...........] - ETA: 55s - loss: 1.6687 - accuracy: 0.4415 
 7000/10000 [====================>.........] - ETA: 47s - loss: 1.6472 - accuracy: 0.4501
 7500/10000 [=====================>........] - ETA: 39s - loss: 1.6452 - accuracy: 0.4504
 8000/10000 [=======================>......] - ETA: 31s - loss: 1.6370 - accuracy: 0.4557
 8500/10000 [========================>.....] - ETA: 23s - loss: 1.6221 - accuracy: 0.4601
 9000/10000 [==========================>...] - ETA: 15s - loss: 1.6122 - accuracy: 0.4649
 9500/10000 [===========================>..] - ETA: 7s - loss: 1.5958 - accuracy: 0.4697 
10000/10000 [==============================] - 159s 16ms/step - loss: 1.5890 - accuracy: 0.4748 - val_loss: 1.3797 - val_accuracy: 0.5560
Epoch 3/5

  500/10000 [>.............................] - ETA: 2:26 - loss: 1.4409 - accuracy: 0.5260
 1000/10000 [==>...........................] - ETA: 2:18 - loss: 1.4728 - accuracy: 0.4940
 1500/10000 [===>..........................] - ETA: 2:13 - loss: 1.4009 - accuracy: 0.5147
 2000/10000 [=====>........................] - ETA: 2:04 - loss: 1.3437 - accuracy: 0.5450
 2500/10000 [======>.......................] - ETA: 1:56 - loss: 1.3337 - accuracy: 0.5524
 3000/10000 [========>.....................] - ETA: 1:48 - loss: 1.3176 - accuracy: 0.5547
 3500/10000 [=========>....................] - ETA: 1:41 - loss: 1.3054 - accuracy: 0.5566
 4000/10000 [===========>..................] - ETA: 1:32 - loss: 1.3078 - accuracy: 0.5627
 4500/10000 [============>.................] - ETA: 1:25 - loss: 1.2791 - accuracy: 0.5762
 5000/10000 [==============>...............] - ETA: 1:17 - loss: 1.2632 - accuracy: 0.5848
 5500/10000 [===============>..............] - ETA: 1:09 - loss: 1.2536 - accuracy: 0.5845
 6000/10000 [=================>............] - ETA: 1:02 - loss: 1.2333 - accuracy: 0.5958
 6500/10000 [==================>...........] - ETA: 54s - loss: 1.2135 - accuracy: 0.6028 
 7000/10000 [====================>.........] - ETA: 46s - loss: 1.2090 - accuracy: 0.6034
 7500/10000 [=====================>........] - ETA: 38s - loss: 1.2048 - accuracy: 0.6076
 8000/10000 [=======================>......] - ETA: 31s - loss: 1.1847 - accuracy: 0.6158
 8500/10000 [========================>.....] - ETA: 23s - loss: 1.1747 - accuracy: 0.6198
 9000/10000 [==========================>...] - ETA: 15s - loss: 1.1725 - accuracy: 0.6198
 9500/10000 [===========================>..] - ETA: 7s - loss: 1.1776 - accuracy: 0.6179 
10000/10000 [==============================] - 157s 16ms/step - loss: 1.1659 - accuracy: 0.6228 - val_loss: 1.1308 - val_accuracy: 0.6368
Epoch 4/5

  500/10000 [>.............................] - ETA: 2:34 - loss: 1.0302 - accuracy: 0.6800
 1000/10000 [==>...........................] - ETA: 2:25 - loss: 1.0838 - accuracy: 0.6660
 1500/10000 [===>..........................] - ETA: 2:18 - loss: 1.0517 - accuracy: 0.6667
 2000/10000 [=====>........................] - ETA: 2:09 - loss: 1.0550 - accuracy: 0.6675
 2500/10000 [======>.......................] - ETA: 1:59 - loss: 1.0288 - accuracy: 0.6716
 3000/10000 [========>.....................] - ETA: 1:51 - loss: 1.0172 - accuracy: 0.6797
 3500/10000 [=========>....................] - ETA: 1:42 - loss: 1.0019 - accuracy: 0.6754
 4000/10000 [===========>..................] - ETA: 1:34 - loss: 0.9871 - accuracy: 0.6825
 4500/10000 [============>.................] - ETA: 1:27 - loss: 0.9677 - accuracy: 0.6887
 5000/10000 [==============>...............] - ETA: 1:20 - loss: 0.9594 - accuracy: 0.6936
 5500/10000 [===============>..............] - ETA: 1:11 - loss: 0.9632 - accuracy: 0.6895
 6000/10000 [=================>............] - ETA: 1:03 - loss: 0.9590 - accuracy: 0.6908
 6500/10000 [==================>...........] - ETA: 55s - loss: 0.9445 - accuracy: 0.6952 
 7000/10000 [====================>.........] - ETA: 47s - loss: 0.9428 - accuracy: 0.6943
 7500/10000 [=====================>........] - ETA: 39s - loss: 0.9371 - accuracy: 0.6944
 8000/10000 [=======================>......] - ETA: 31s - loss: 0.9293 - accuracy: 0.6979
 8500/10000 [========================>.....] - ETA: 23s - loss: 0.9191 - accuracy: 0.7007
 9000/10000 [==========================>...] - ETA: 15s - loss: 0.9075 - accuracy: 0.7046
 9500/10000 [===========================>..] - ETA: 7s - loss: 0.9002 - accuracy: 0.7071 
10000/10000 [==============================] - 158s 16ms/step - loss: 0.8900 - accuracy: 0.7110 - val_loss: 0.7575 - val_accuracy: 0.7644
Epoch 5/5

  500/10000 [>.............................] - ETA: 2:25 - loss: 0.6873 - accuracy: 0.7720
 1000/10000 [==>...........................] - ETA: 2:16 - loss: 0.6340 - accuracy: 0.8030
 1500/10000 [===>..........................] - ETA: 2:10 - loss: 0.6162 - accuracy: 0.8120
 2000/10000 [=====>........................] - ETA: 2:01 - loss: 0.6355 - accuracy: 0.7995
 2500/10000 [======>.......................] - ETA: 1:53 - loss: 0.6357 - accuracy: 0.7980
 3000/10000 [========>.....................] - ETA: 1:46 - loss: 0.6509 - accuracy: 0.7907
 3500/10000 [=========>....................] - ETA: 1:39 - loss: 0.6638 - accuracy: 0.7846
 4000/10000 [===========>..................] - ETA: 1:31 - loss: 0.6681 - accuracy: 0.7822
 4500/10000 [============>.................] - ETA: 1:23 - loss: 0.6725 - accuracy: 0.7827
 5000/10000 [==============>...............] - ETA: 1:16 - loss: 0.6851 - accuracy: 0.7788
 5500/10000 [===============>..............] - ETA: 1:08 - loss: 0.6745 - accuracy: 0.7820
 6000/10000 [=================>............] - ETA: 1:00 - loss: 0.6758 - accuracy: 0.7783
 6500/10000 [==================>...........] - ETA: 53s - loss: 0.6801 - accuracy: 0.7757 
 7000/10000 [====================>.........] - ETA: 45s - loss: 0.6845 - accuracy: 0.7716
 7500/10000 [=====================>........] - ETA: 38s - loss: 0.7002 - accuracy: 0.7656
 8000/10000 [=======================>......] - ETA: 30s - loss: 0.6932 - accuracy: 0.7680
 8500/10000 [========================>.....] - ETA: 23s - loss: 0.6883 - accuracy: 0.7714
 9000/10000 [==========================>...] - ETA: 15s - loss: 0.6878 - accuracy: 0.7713
 9500/10000 [===========================>..] - ETA: 7s - loss: 0.6802 - accuracy: 0.7735 
10000/10000 [==============================] - 155s 15ms/step - loss: 0.6748 - accuracy: 0.7746 - val_loss: 0.6529 - val_accuracy: 0.7956
Latency --- 786.579511642456 seconds ---
For delta=0.000100, the current epsilon is: 8.0198
=====================Iteration========================== 6
For delta=0.000100, the current epsilon is: 8.0198
Noise Mutiplier 0.729
loss= <keras.losses.CategoricalCrossentropy object at 0x1019c06e50>
in grads Tensor("loss_5/mul:0", shape=(?,), dtype=float32)
Train on 10000 samples, validate on 2500 samples
Epoch 1/5

  500/10000 [>.............................] - ETA: 2:44 - loss: 2.3083 - accuracy: 0.1120
 1000/10000 [==>...........................] - ETA: 2:28 - loss: 2.2928 - accuracy: 0.1470
 1500/10000 [===>..........................] - ETA: 2:18 - loss: 2.2790 - accuracy: 0.1467
 2000/10000 [=====>........................] - ETA: 2:09 - loss: 2.2638 - accuracy: 0.1945
 2500/10000 [======>.......................] - ETA: 2:00 - loss: 2.2484 - accuracy: 0.2020
 3000/10000 [========>.....................] - ETA: 1:51 - loss: 2.2326 - accuracy: 0.2313
 3500/10000 [=========>....................] - ETA: 1:43 - loss: 2.2147 - accuracy: 0.2569
 4000/10000 [===========>..................] - ETA: 1:34 - loss: 2.1950 - accuracy: 0.2780
 4500/10000 [============>.................] - ETA: 1:26 - loss: 2.1793 - accuracy: 0.2784
 5000/10000 [==============>...............] - ETA: 1:18 - loss: 2.1663 - accuracy: 0.2818
 5500/10000 [===============>..............] - ETA: 1:10 - loss: 2.1545 - accuracy: 0.2829
 6000/10000 [=================>............] - ETA: 1:02 - loss: 2.1423 - accuracy: 0.2795
 6500/10000 [==================>...........] - ETA: 54s - loss: 2.1304 - accuracy: 0.2845 
 7000/10000 [====================>.........] - ETA: 46s - loss: 2.1166 - accuracy: 0.2883
 7500/10000 [=====================>........] - ETA: 38s - loss: 2.1087 - accuracy: 0.2885
 8000/10000 [=======================>......] - ETA: 31s - loss: 2.0942 - accuracy: 0.2932
 8500/10000 [========================>.....] - ETA: 23s - loss: 2.0757 - accuracy: 0.2987
 9000/10000 [==========================>...] - ETA: 15s - loss: 2.0584 - accuracy: 0.3070
 9500/10000 [===========================>..] - ETA: 7s - loss: 2.0387 - accuracy: 0.3143 
10000/10000 [==============================] - 156s 16ms/step - loss: 2.0222 - accuracy: 0.3212 - val_loss: 1.7847 - val_accuracy: 0.3792
Epoch 2/5

  500/10000 [>.............................] - ETA: 2:22 - loss: 1.6938 - accuracy: 0.4080
 1000/10000 [==>...........................] - ETA: 2:18 - loss: 1.6872 - accuracy: 0.4050
 1500/10000 [===>..........................] - ETA: 2:11 - loss: 1.6531 - accuracy: 0.4300
 2000/10000 [=====>........................] - ETA: 2:04 - loss: 1.6089 - accuracy: 0.4540
 2500/10000 [======>.......................] - ETA: 1:57 - loss: 1.5945 - accuracy: 0.4528
 3000/10000 [========>.....................] - ETA: 1:48 - loss: 1.5752 - accuracy: 0.4637
 3500/10000 [=========>....................] - ETA: 1:40 - loss: 1.5582 - accuracy: 0.4763
 4000/10000 [===========>..................] - ETA: 1:32 - loss: 1.5432 - accuracy: 0.4890
 4500/10000 [============>.................] - ETA: 1:25 - loss: 1.5220 - accuracy: 0.4927
 5000/10000 [==============>...............] - ETA: 1:17 - loss: 1.5045 - accuracy: 0.4950
 5500/10000 [===============>..............] - ETA: 1:09 - loss: 1.4870 - accuracy: 0.5044
 6000/10000 [=================>............] - ETA: 1:01 - loss: 1.4643 - accuracy: 0.5100
 6500/10000 [==================>...........] - ETA: 54s - loss: 1.4564 - accuracy: 0.5106 
 7000/10000 [====================>.........] - ETA: 46s - loss: 1.4523 - accuracy: 0.5106
 7500/10000 [=====================>........] - ETA: 38s - loss: 1.4392 - accuracy: 0.5171
 8000/10000 [=======================>......] - ETA: 31s - loss: 1.4327 - accuracy: 0.5165
 8500/10000 [========================>.....] - ETA: 23s - loss: 1.4249 - accuracy: 0.5181
 9000/10000 [==========================>...] - ETA: 15s - loss: 1.4129 - accuracy: 0.5228
 9500/10000 [===========================>..] - ETA: 7s - loss: 1.4077 - accuracy: 0.5223 
10000/10000 [==============================] - 154s 15ms/step - loss: 1.3999 - accuracy: 0.5249 - val_loss: 1.3366 - val_accuracy: 0.4928
Epoch 3/5

  500/10000 [>.............................] - ETA: 2:23 - loss: 1.3257 - accuracy: 0.4620
 1000/10000 [==>...........................] - ETA: 2:17 - loss: 1.3309 - accuracy: 0.4910
 1500/10000 [===>..........................] - ETA: 2:11 - loss: 1.3197 - accuracy: 0.5280
 2000/10000 [=====>........................] - ETA: 2:02 - loss: 1.2761 - accuracy: 0.5600
 2500/10000 [======>.......................] - ETA: 1:56 - loss: 1.2584 - accuracy: 0.5668
 3000/10000 [========>.....................] - ETA: 1:48 - loss: 1.2195 - accuracy: 0.5900
 3500/10000 [=========>....................] - ETA: 1:40 - loss: 1.2044 - accuracy: 0.5960
 4000/10000 [===========>..................] - ETA: 1:32 - loss: 1.1905 - accuracy: 0.6022
 4500/10000 [============>.................] - ETA: 1:25 - loss: 1.1874 - accuracy: 0.6027
 5000/10000 [==============>...............] - ETA: 1:17 - loss: 1.1771 - accuracy: 0.6064
 5500/10000 [===============>..............] - ETA: 1:09 - loss: 1.1677 - accuracy: 0.6087
 6000/10000 [=================>............] - ETA: 1:01 - loss: 1.1463 - accuracy: 0.6165
 6500/10000 [==================>...........] - ETA: 53s - loss: 1.1487 - accuracy: 0.6134 
 7000/10000 [====================>.........] - ETA: 46s - loss: 1.1337 - accuracy: 0.6181
 7500/10000 [=====================>........] - ETA: 38s - loss: 1.1165 - accuracy: 0.6243
 8000/10000 [=======================>......] - ETA: 30s - loss: 1.1118 - accuracy: 0.6242
 8500/10000 [========================>.....] - ETA: 23s - loss: 1.1053 - accuracy: 0.6291
 9000/10000 [==========================>...] - ETA: 15s - loss: 1.0919 - accuracy: 0.6342
 9500/10000 [===========================>..] - ETA: 7s - loss: 1.0912 - accuracy: 0.6327 
10000/10000 [==============================] - 156s 16ms/step - loss: 1.0834 - accuracy: 0.6349 - val_loss: 1.0591 - val_accuracy: 0.6500
Epoch 4/5

  500/10000 [>.............................] - ETA: 2:16 - loss: 0.9560 - accuracy: 0.6800
 1000/10000 [==>...........................] - ETA: 2:12 - loss: 0.8953 - accuracy: 0.6990
 1500/10000 [===>..........................] - ETA: 2:08 - loss: 0.8886 - accuracy: 0.7093
 2000/10000 [=====>........................] - ETA: 2:03 - loss: 0.8751 - accuracy: 0.7105
 2500/10000 [======>.......................] - ETA: 1:55 - loss: 0.8687 - accuracy: 0.7136
 3000/10000 [========>.....................] - ETA: 1:47 - loss: 0.8642 - accuracy: 0.7143
 3500/10000 [=========>....................] - ETA: 1:39 - loss: 0.8650 - accuracy: 0.7157
 4000/10000 [===========>..................] - ETA: 1:32 - loss: 0.8648 - accuracy: 0.7190
 4500/10000 [============>.................] - ETA: 1:24 - loss: 0.8664 - accuracy: 0.7153
 5000/10000 [==============>...............] - ETA: 1:17 - loss: 0.8525 - accuracy: 0.7216
 5500/10000 [===============>..............] - ETA: 1:09 - loss: 0.8459 - accuracy: 0.7245
 6000/10000 [=================>............] - ETA: 1:01 - loss: 0.8502 - accuracy: 0.7255
 6500/10000 [==================>...........] - ETA: 53s - loss: 0.8591 - accuracy: 0.7214 
 7000/10000 [====================>.........] - ETA: 46s - loss: 0.8532 - accuracy: 0.7237
 7500/10000 [=====================>........] - ETA: 38s - loss: 0.8566 - accuracy: 0.7244
 8000/10000 [=======================>......] - ETA: 30s - loss: 0.8525 - accuracy: 0.7269
 8500/10000 [========================>.....] - ETA: 23s - loss: 0.8461 - accuracy: 0.7292
 9000/10000 [==========================>...] - ETA: 15s - loss: 0.8431 - accuracy: 0.7291
 9500/10000 [===========================>..] - ETA: 7s - loss: 0.8395 - accuracy: 0.7298 
10000/10000 [==============================] - 154s 15ms/step - loss: 0.8319 - accuracy: 0.7326 - val_loss: 0.7740 - val_accuracy: 0.7452
Epoch 5/5

  500/10000 [>.............................] - ETA: 2:21 - loss: 0.6536 - accuracy: 0.7860
 1000/10000 [==>...........................] - ETA: 2:11 - loss: 0.6673 - accuracy: 0.7870
 1500/10000 [===>..........................] - ETA: 2:04 - loss: 0.7377 - accuracy: 0.7613
 2000/10000 [=====>........................] - ETA: 1:58 - loss: 0.7434 - accuracy: 0.7620
 2500/10000 [======>.......................] - ETA: 1:52 - loss: 0.7331 - accuracy: 0.7692
 3000/10000 [========>.....................] - ETA: 1:44 - loss: 0.7090 - accuracy: 0.7803
 3500/10000 [=========>....................] - ETA: 1:37 - loss: 0.7063 - accuracy: 0.7803
 4000/10000 [===========>..................] - ETA: 1:30 - loss: 0.7205 - accuracy: 0.7717
 4500/10000 [============>.................] - ETA: 1:22 - loss: 0.7316 - accuracy: 0.7682
 5000/10000 [==============>...............] - ETA: 1:15 - loss: 0.7121 - accuracy: 0.7748
 5500/10000 [===============>..............] - ETA: 1:07 - loss: 0.7079 - accuracy: 0.7762
 6000/10000 [=================>............] - ETA: 1:00 - loss: 0.7025 - accuracy: 0.7768
 6500/10000 [==================>...........] - ETA: 52s - loss: 0.6997 - accuracy: 0.7751 
 7000/10000 [====================>.........] - ETA: 45s - loss: 0.6976 - accuracy: 0.7749
 7500/10000 [=====================>........] - ETA: 37s - loss: 0.6898 - accuracy: 0.7771
 8000/10000 [=======================>......] - ETA: 30s - loss: 0.6880 - accuracy: 0.7769
 8500/10000 [========================>.....] - ETA: 22s - loss: 0.6890 - accuracy: 0.7772
 9000/10000 [==========================>...] - ETA: 15s - loss: 0.6879 - accuracy: 0.7787
 9500/10000 [===========================>..] - ETA: 7s - loss: 0.6836 - accuracy: 0.7798 
10000/10000 [==============================] - 152s 15ms/step - loss: 0.6750 - accuracy: 0.7831 - val_loss: 0.6887 - val_accuracy: 0.7692
Latency --- 775.5448694229126 seconds ---
For delta=0.000100, the current epsilon is: 8.0198
=====================Iteration========================== 7
For delta=0.000100, the current epsilon is: 8.0198
Noise Mutiplier 0.729
loss= <keras.losses.CategoricalCrossentropy object at 0x1019d745d0>
in grads Tensor("loss_6/mul:0", shape=(?,), dtype=float32)
Train on 10000 samples, validate on 2500 samples
Epoch 1/5

  500/10000 [>.............................] - ETA: 2:40 - loss: 2.3344 - accuracy: 0.1380
 1000/10000 [==>...........................] - ETA: 2:27 - loss: 2.3091 - accuracy: 0.1480
 1500/10000 [===>..........................] - ETA: 2:14 - loss: 2.2985 - accuracy: 0.1587
 2000/10000 [=====>........................] - ETA: 2:04 - loss: 2.2850 - accuracy: 0.1925
 2500/10000 [======>.......................] - ETA: 1:56 - loss: 2.2715 - accuracy: 0.2092
 3000/10000 [========>.....................] - ETA: 1:48 - loss: 2.2585 - accuracy: 0.2283
 3500/10000 [=========>....................] - ETA: 1:41 - loss: 2.2447 - accuracy: 0.2263
 4000/10000 [===========>..................] - ETA: 1:33 - loss: 2.2241 - accuracy: 0.2615
 4500/10000 [============>.................] - ETA: 1:25 - loss: 2.2006 - accuracy: 0.2780
 5000/10000 [==============>...............] - ETA: 1:17 - loss: 2.1756 - accuracy: 0.2864
 5500/10000 [===============>..............] - ETA: 1:09 - loss: 2.1577 - accuracy: 0.2942
 6000/10000 [=================>............] - ETA: 1:01 - loss: 2.1495 - accuracy: 0.2935
 6500/10000 [==================>...........] - ETA: 54s - loss: 2.1306 - accuracy: 0.2989 
 7000/10000 [====================>.........] - ETA: 46s - loss: 2.1110 - accuracy: 0.3077
 7500/10000 [=====================>........] - ETA: 38s - loss: 2.0924 - accuracy: 0.3177
 8000/10000 [=======================>......] - ETA: 30s - loss: 2.0767 - accuracy: 0.3220
 8500/10000 [========================>.....] - ETA: 23s - loss: 2.0633 - accuracy: 0.3248
 9000/10000 [==========================>...] - ETA: 15s - loss: 2.0451 - accuracy: 0.3304
 9500/10000 [===========================>..] - ETA: 7s - loss: 2.0275 - accuracy: 0.3380 
10000/10000 [==============================] - 155s 15ms/step - loss: 2.0125 - accuracy: 0.3441 - val_loss: 1.6899 - val_accuracy: 0.5012
Epoch 2/5

  500/10000 [>.............................] - ETA: 2:26 - loss: 1.6938 - accuracy: 0.4960
 1000/10000 [==>...........................] - ETA: 2:18 - loss: 1.6728 - accuracy: 0.4780
 1500/10000 [===>..........................] - ETA: 2:09 - loss: 1.6083 - accuracy: 0.5147
 2000/10000 [=====>........................] - ETA: 2:01 - loss: 1.5849 - accuracy: 0.5120
 2500/10000 [======>.......................] - ETA: 1:53 - loss: 1.5674 - accuracy: 0.5256
 3000/10000 [========>.....................] - ETA: 1:45 - loss: 1.5469 - accuracy: 0.5347
 3500/10000 [=========>....................] - ETA: 1:37 - loss: 1.5113 - accuracy: 0.5483
 4000/10000 [===========>..................] - ETA: 1:30 - loss: 1.4794 - accuracy: 0.5560
 4500/10000 [============>.................] - ETA: 1:23 - loss: 1.4744 - accuracy: 0.5562
 5000/10000 [==============>...............] - ETA: 1:15 - loss: 1.4568 - accuracy: 0.5570
 5500/10000 [===============>..............] - ETA: 1:08 - loss: 1.4444 - accuracy: 0.5584
 6000/10000 [=================>............] - ETA: 1:01 - loss: 1.4318 - accuracy: 0.5580
 6500/10000 [==================>...........] - ETA: 53s - loss: 1.4149 - accuracy: 0.5603 
 7000/10000 [====================>.........] - ETA: 45s - loss: 1.4138 - accuracy: 0.5593
 7500/10000 [=====================>........] - ETA: 38s - loss: 1.4036 - accuracy: 0.5656
 8000/10000 [=======================>......] - ETA: 30s - loss: 1.3895 - accuracy: 0.5689
 8500/10000 [========================>.....] - ETA: 22s - loss: 1.3832 - accuracy: 0.5706
 9000/10000 [==========================>...] - ETA: 15s - loss: 1.3675 - accuracy: 0.5781
 9500/10000 [===========================>..] - ETA: 7s - loss: 1.3540 - accuracy: 0.5824 
10000/10000 [==============================] - 154s 15ms/step - loss: 1.3435 - accuracy: 0.5844 - val_loss: 1.2255 - val_accuracy: 0.5888
Epoch 3/5

  500/10000 [>.............................] - ETA: 2:20 - loss: 1.1978 - accuracy: 0.6200
 1000/10000 [==>...........................] - ETA: 2:14 - loss: 1.1392 - accuracy: 0.6380
 1500/10000 [===>..........................] - ETA: 2:06 - loss: 1.0900 - accuracy: 0.6553
 2000/10000 [=====>........................] - ETA: 2:00 - loss: 1.0806 - accuracy: 0.6550
 2500/10000 [======>.......................] - ETA: 1:54 - loss: 1.0586 - accuracy: 0.6644
 3000/10000 [========>.....................] - ETA: 1:46 - loss: 1.0589 - accuracy: 0.6620
 3500/10000 [=========>....................] - ETA: 1:38 - loss: 1.0374 - accuracy: 0.6706
 4000/10000 [===========>..................] - ETA: 1:30 - loss: 1.0342 - accuracy: 0.6672
 4500/10000 [============>.................] - ETA: 1:24 - loss: 1.0172 - accuracy: 0.6729
 5000/10000 [==============>...............] - ETA: 1:16 - loss: 1.0062 - accuracy: 0.6742
 5500/10000 [===============>..............] - ETA: 1:08 - loss: 0.9984 - accuracy: 0.6796
 6000/10000 [=================>............] - ETA: 1:01 - loss: 0.9892 - accuracy: 0.6817
 6500/10000 [==================>...........] - ETA: 53s - loss: 0.9736 - accuracy: 0.6892 
 7000/10000 [====================>.........] - ETA: 45s - loss: 0.9602 - accuracy: 0.6939
 7500/10000 [=====================>........] - ETA: 38s - loss: 0.9520 - accuracy: 0.6953
 8000/10000 [=======================>......] - ETA: 30s - loss: 0.9446 - accuracy: 0.6977
 8500/10000 [========================>.....] - ETA: 22s - loss: 0.9393 - accuracy: 0.6986
 9000/10000 [==========================>...] - ETA: 15s - loss: 0.9344 - accuracy: 0.7001
 9500/10000 [===========================>..] - ETA: 7s - loss: 0.9244 - accuracy: 0.7028 
10000/10000 [==============================] - 153s 15ms/step - loss: 0.9154 - accuracy: 0.7061 - val_loss: 0.7536 - val_accuracy: 0.7688
Epoch 4/5

  500/10000 [>.............................] - ETA: 2:24 - loss: 0.7586 - accuracy: 0.7660
 1000/10000 [==>...........................] - ETA: 2:18 - loss: 0.7305 - accuracy: 0.7700
 1500/10000 [===>..........................] - ETA: 2:10 - loss: 0.7342 - accuracy: 0.7740
 2000/10000 [=====>........................] - ETA: 2:02 - loss: 0.7594 - accuracy: 0.7620
 2500/10000 [======>.......................] - ETA: 1:53 - loss: 0.7296 - accuracy: 0.7704
 3000/10000 [========>.....................] - ETA: 1:46 - loss: 0.7378 - accuracy: 0.7667
 3500/10000 [=========>....................] - ETA: 1:39 - loss: 0.7331 - accuracy: 0.7709
 4000/10000 [===========>..................] - ETA: 1:31 - loss: 0.7203 - accuracy: 0.7782
 4500/10000 [============>.................] - ETA: 1:24 - loss: 0.7189 - accuracy: 0.7784
 5000/10000 [==============>...............] - ETA: 1:16 - loss: 0.7306 - accuracy: 0.7726
 5500/10000 [===============>..............] - ETA: 1:08 - loss: 0.7313 - accuracy: 0.7729
 6000/10000 [=================>............] - ETA: 1:01 - loss: 0.7305 - accuracy: 0.7705
 6500/10000 [==================>...........] - ETA: 53s - loss: 0.7276 - accuracy: 0.7712 
 7000/10000 [====================>.........] - ETA: 45s - loss: 0.7213 - accuracy: 0.7726
 7500/10000 [=====================>........] - ETA: 38s - loss: 0.7192 - accuracy: 0.7729
 8000/10000 [=======================>......] - ETA: 30s - loss: 0.7122 - accuracy: 0.7759
 8500/10000 [========================>.....] - ETA: 23s - loss: 0.7075 - accuracy: 0.7759
 9000/10000 [==========================>...] - ETA: 15s - loss: 0.7058 - accuracy: 0.7771
 9500/10000 [===========================>..] - ETA: 7s - loss: 0.7038 - accuracy: 0.7748 
10000/10000 [==============================] - 155s 16ms/step - loss: 0.7021 - accuracy: 0.7774 - val_loss: 0.6919 - val_accuracy: 0.7664
Epoch 5/5

  500/10000 [>.............................] - ETA: 2:22 - loss: 0.5865 - accuracy: 0.7820
 1000/10000 [==>...........................] - ETA: 2:19 - loss: 0.6059 - accuracy: 0.7900
 1500/10000 [===>..........................] - ETA: 2:09 - loss: 0.5535 - accuracy: 0.8220
 2000/10000 [=====>........................] - ETA: 2:01 - loss: 0.5732 - accuracy: 0.8165
 2500/10000 [======>.......................] - ETA: 1:54 - loss: 0.5644 - accuracy: 0.8204
 3000/10000 [========>.....................] - ETA: 1:48 - loss: 0.5862 - accuracy: 0.8147
 3500/10000 [=========>....................] - ETA: 1:41 - loss: 0.5932 - accuracy: 0.8129
 4000/10000 [===========>..................] - ETA: 1:32 - loss: 0.5917 - accuracy: 0.8145
 4500/10000 [============>.................] - ETA: 1:25 - loss: 0.5816 - accuracy: 0.8176
 5000/10000 [==============>...............] - ETA: 1:17 - loss: 0.5763 - accuracy: 0.8184
 5500/10000 [===============>..............] - ETA: 1:09 - loss: 0.5762 - accuracy: 0.8193
 6000/10000 [=================>............] - ETA: 1:01 - loss: 0.5693 - accuracy: 0.8232
 6500/10000 [==================>...........] - ETA: 53s - loss: 0.5694 - accuracy: 0.8223 
 7000/10000 [====================>.........] - ETA: 46s - loss: 0.5642 - accuracy: 0.8246
 7500/10000 [=====================>........] - ETA: 38s - loss: 0.5566 - accuracy: 0.8268
 8000/10000 [=======================>......] - ETA: 30s - loss: 0.5552 - accuracy: 0.8271
 8500/10000 [========================>.....] - ETA: 23s - loss: 0.5537 - accuracy: 0.8278
 9000/10000 [==========================>...] - ETA: 15s - loss: 0.5551 - accuracy: 0.8268
 9500/10000 [===========================>..] - ETA: 7s - loss: 0.5513 - accuracy: 0.8282 
10000/10000 [==============================] - 154s 15ms/step - loss: 0.5571 - accuracy: 0.8257 - val_loss: 0.5862 - val_accuracy: 0.8184
Latency --- 775.4926507472992 seconds ---
For delta=0.000100, the current epsilon is: 8.0198
=====================Iteration========================== 8
For delta=0.000100, the current epsilon is: 8.0198
Noise Mutiplier 0.729
loss= <keras.losses.CategoricalCrossentropy object at 0x101a44ea50>
in grads Tensor("loss_7/mul:0", shape=(?,), dtype=float32)
Train on 10000 samples, validate on 2500 samples
Epoch 1/5

  500/10000 [>.............................] - ETA: 2:44 - loss: 2.3391 - accuracy: 0.1260
 1000/10000 [==>...........................] - ETA: 2:26 - loss: 2.3178 - accuracy: 0.1440
 1500/10000 [===>..........................] - ETA: 2:16 - loss: 2.3027 - accuracy: 0.1747
 2000/10000 [=====>........................] - ETA: 2:06 - loss: 2.2902 - accuracy: 0.1675
 2500/10000 [======>.......................] - ETA: 1:59 - loss: 2.2761 - accuracy: 0.1932
 3000/10000 [========>.....................] - ETA: 1:51 - loss: 2.2624 - accuracy: 0.1953
 3500/10000 [=========>....................] - ETA: 1:42 - loss: 2.2474 - accuracy: 0.2126
 4000/10000 [===========>..................] - ETA: 1:34 - loss: 2.2337 - accuracy: 0.2317
 4500/10000 [============>.................] - ETA: 1:26 - loss: 2.2145 - accuracy: 0.2453
 5000/10000 [==============>...............] - ETA: 1:18 - loss: 2.1925 - accuracy: 0.2588
 5500/10000 [===============>..............] - ETA: 1:10 - loss: 2.1658 - accuracy: 0.2764
 6000/10000 [=================>............] - ETA: 1:02 - loss: 2.1445 - accuracy: 0.2825
 6500/10000 [==================>...........] - ETA: 54s - loss: 2.1281 - accuracy: 0.2805 
 7000/10000 [====================>.........] - ETA: 46s - loss: 2.1124 - accuracy: 0.2860
 7500/10000 [=====================>........] - ETA: 38s - loss: 2.0909 - accuracy: 0.2947
 8000/10000 [=======================>......] - ETA: 31s - loss: 2.0694 - accuracy: 0.2955
 8500/10000 [========================>.....] - ETA: 23s - loss: 2.0542 - accuracy: 0.3012
 9000/10000 [==========================>...] - ETA: 15s - loss: 2.0303 - accuracy: 0.3143
 9500/10000 [===========================>..] - ETA: 7s - loss: 2.0058 - accuracy: 0.3259 
10000/10000 [==============================] - 156s 16ms/step - loss: 1.9808 - accuracy: 0.3339 - val_loss: 1.6010 - val_accuracy: 0.4260
Epoch 2/5

  500/10000 [>.............................] - ETA: 2:20 - loss: 1.6211 - accuracy: 0.4000
 1000/10000 [==>...........................] - ETA: 2:18 - loss: 1.5932 - accuracy: 0.4230
 1500/10000 [===>..........................] - ETA: 2:10 - loss: 1.5692 - accuracy: 0.4053
 2000/10000 [=====>........................] - ETA: 2:03 - loss: 1.5608 - accuracy: 0.4345
 2500/10000 [======>.......................] - ETA: 1:56 - loss: 1.5206 - accuracy: 0.4760
 3000/10000 [========>.....................] - ETA: 1:48 - loss: 1.4804 - accuracy: 0.4957
 3500/10000 [=========>....................] - ETA: 1:40 - loss: 1.4604 - accuracy: 0.5006
 4000/10000 [===========>..................] - ETA: 1:32 - loss: 1.4410 - accuracy: 0.5073
 4500/10000 [============>.................] - ETA: 1:24 - loss: 1.4166 - accuracy: 0.5156
 5000/10000 [==============>...............] - ETA: 1:16 - loss: 1.3981 - accuracy: 0.5222
 5500/10000 [===============>..............] - ETA: 1:09 - loss: 1.3915 - accuracy: 0.5245
 6000/10000 [=================>............] - ETA: 1:02 - loss: 1.3803 - accuracy: 0.5332
 6500/10000 [==================>...........] - ETA: 54s - loss: 1.3593 - accuracy: 0.5403 
 7000/10000 [====================>.........] - ETA: 46s - loss: 1.3509 - accuracy: 0.5473
 7500/10000 [=====================>........] - ETA: 38s - loss: 1.3380 - accuracy: 0.5500
 8000/10000 [=======================>......] - ETA: 31s - loss: 1.3203 - accuracy: 0.5579
 8500/10000 [========================>.....] - ETA: 23s - loss: 1.3037 - accuracy: 0.5614
 9000/10000 [==========================>...] - ETA: 15s - loss: 1.2939 - accuracy: 0.5636
 9500/10000 [===========================>..] - ETA: 7s - loss: 1.2768 - accuracy: 0.5701 
10000/10000 [==============================] - 156s 16ms/step - loss: 1.2675 - accuracy: 0.5734 - val_loss: 1.0826 - val_accuracy: 0.6032
Epoch 3/5

  500/10000 [>.............................] - ETA: 2:30 - loss: 0.9123 - accuracy: 0.6780
 1000/10000 [==>...........................] - ETA: 2:20 - loss: 0.9840 - accuracy: 0.6560
 1500/10000 [===>..........................] - ETA: 2:12 - loss: 0.9826 - accuracy: 0.6620
 2000/10000 [=====>........................] - ETA: 2:03 - loss: 0.9799 - accuracy: 0.6660
 2500/10000 [======>.......................] - ETA: 1:55 - loss: 0.9768 - accuracy: 0.6652
 3000/10000 [========>.....................] - ETA: 1:48 - loss: 1.0074 - accuracy: 0.6623
 3500/10000 [=========>....................] - ETA: 1:40 - loss: 1.0042 - accuracy: 0.6623
 4000/10000 [===========>..................] - ETA: 1:32 - loss: 0.9849 - accuracy: 0.6668
 4500/10000 [============>.................] - ETA: 1:24 - loss: 0.9866 - accuracy: 0.6627
 5000/10000 [==============>...............] - ETA: 1:17 - loss: 0.9736 - accuracy: 0.6678
 5500/10000 [===============>..............] - ETA: 1:09 - loss: 0.9700 - accuracy: 0.6667
 6000/10000 [=================>............] - ETA: 1:01 - loss: 0.9662 - accuracy: 0.6705
 6500/10000 [==================>...........] - ETA: 53s - loss: 0.9537 - accuracy: 0.6737 
 7000/10000 [====================>.........] - ETA: 46s - loss: 0.9417 - accuracy: 0.6786
 7500/10000 [=====================>........] - ETA: 38s - loss: 0.9262 - accuracy: 0.6849
 8000/10000 [=======================>......] - ETA: 30s - loss: 0.9252 - accuracy: 0.6859
 8500/10000 [========================>.....] - ETA: 22s - loss: 0.9159 - accuracy: 0.6894
 9000/10000 [==========================>...] - ETA: 15s - loss: 0.9058 - accuracy: 0.6944
 9500/10000 [===========================>..] - ETA: 7s - loss: 0.9022 - accuracy: 0.6956 
10000/10000 [==============================] - 154s 15ms/step - loss: 0.9039 - accuracy: 0.6943 - val_loss: 0.9447 - val_accuracy: 0.7056
Epoch 4/5

  500/10000 [>.............................] - ETA: 2:25 - loss: 0.7904 - accuracy: 0.7200
 1000/10000 [==>...........................] - ETA: 2:15 - loss: 0.8024 - accuracy: 0.7350
 1500/10000 [===>..........................] - ETA: 2:11 - loss: 0.8329 - accuracy: 0.7267
 2000/10000 [=====>........................] - ETA: 2:03 - loss: 0.8004 - accuracy: 0.7375
 2500/10000 [======>.......................] - ETA: 1:56 - loss: 0.7720 - accuracy: 0.7492
 3000/10000 [========>.....................] - ETA: 1:49 - loss: 0.7522 - accuracy: 0.7580
 3500/10000 [=========>....................] - ETA: 1:40 - loss: 0.7538 - accuracy: 0.7549
 4000/10000 [===========>..................] - ETA: 1:32 - loss: 0.7530 - accuracy: 0.7538
 4500/10000 [============>.................] - ETA: 1:24 - loss: 0.7767 - accuracy: 0.7449
 5000/10000 [==============>...............] - ETA: 1:17 - loss: 0.7554 - accuracy: 0.7512
 5500/10000 [===============>..............] - ETA: 1:09 - loss: 0.7442 - accuracy: 0.7540
 6000/10000 [=================>............] - ETA: 1:02 - loss: 0.7334 - accuracy: 0.7573
 6500/10000 [==================>...........] - ETA: 54s - loss: 0.7271 - accuracy: 0.7602 
 7000/10000 [====================>.........] - ETA: 46s - loss: 0.7256 - accuracy: 0.7606
 7500/10000 [=====================>........] - ETA: 38s - loss: 0.7148 - accuracy: 0.7641
 8000/10000 [=======================>......] - ETA: 31s - loss: 0.7031 - accuracy: 0.7681
 8500/10000 [========================>.....] - ETA: 23s - loss: 0.6913 - accuracy: 0.7719
 9000/10000 [==========================>...] - ETA: 15s - loss: 0.6835 - accuracy: 0.7741
 9500/10000 [===========================>..] - ETA: 7s - loss: 0.6728 - accuracy: 0.7778 
10000/10000 [==============================] - 156s 16ms/step - loss: 0.6630 - accuracy: 0.7819 - val_loss: 0.5433 - val_accuracy: 0.8224
Epoch 5/5

  500/10000 [>.............................] - ETA: 2:28 - loss: 0.4152 - accuracy: 0.8600
 1000/10000 [==>...........................] - ETA: 2:16 - loss: 0.4174 - accuracy: 0.8670
 1500/10000 [===>..........................] - ETA: 2:08 - loss: 0.4309 - accuracy: 0.8633
 2000/10000 [=====>........................] - ETA: 2:03 - loss: 0.4484 - accuracy: 0.8625
 2500/10000 [======>.......................] - ETA: 1:55 - loss: 0.4681 - accuracy: 0.8508
 3000/10000 [========>.....................] - ETA: 1:48 - loss: 0.4558 - accuracy: 0.8537
 3500/10000 [=========>....................] - ETA: 1:39 - loss: 0.4507 - accuracy: 0.8540
 4000/10000 [===========>..................] - ETA: 1:32 - loss: 0.4556 - accuracy: 0.8520
 4500/10000 [============>.................] - ETA: 1:24 - loss: 0.4703 - accuracy: 0.8476
 5000/10000 [==============>...............] - ETA: 1:17 - loss: 0.4627 - accuracy: 0.8500
 5500/10000 [===============>..............] - ETA: 1:09 - loss: 0.4677 - accuracy: 0.8476
 6000/10000 [=================>............] - ETA: 1:01 - loss: 0.4805 - accuracy: 0.8437
 6500/10000 [==================>...........] - ETA: 53s - loss: 0.4860 - accuracy: 0.8417 
 7000/10000 [====================>.........] - ETA: 46s - loss: 0.4863 - accuracy: 0.8399
 7500/10000 [=====================>........] - ETA: 38s - loss: 0.4901 - accuracy: 0.8392
 8000/10000 [=======================>......] - ETA: 30s - loss: 0.4877 - accuracy: 0.8390
 8500/10000 [========================>.....] - ETA: 23s - loss: 0.4939 - accuracy: 0.8376
 9000/10000 [==========================>...] - ETA: 15s - loss: 0.4882 - accuracy: 0.8403
 9500/10000 [===========================>..] - ETA: 7s - loss: 0.4873 - accuracy: 0.8409 
10000/10000 [==============================] - 154s 15ms/step - loss: 0.4873 - accuracy: 0.8407 - val_loss: 0.5523 - val_accuracy: 0.8336
Latency --- 779.8782541751862 seconds ---
For delta=0.000100, the current epsilon is: 8.0198
=====================Iteration========================== 9
For delta=0.000100, the current epsilon is: 8.0198
Noise Mutiplier 0.729
loss= <keras.losses.CategoricalCrossentropy object at 0x101a5be450>
in grads Tensor("loss_8/mul:0", shape=(?,), dtype=float32)
Train on 10000 samples, validate on 2500 samples
Epoch 1/5

  500/10000 [>.............................] - ETA: 2:40 - loss: 2.3075 - accuracy: 0.1180
 1000/10000 [==>...........................] - ETA: 2:23 - loss: 2.2940 - accuracy: 0.1410
 1500/10000 [===>..........................] - ETA: 2:15 - loss: 2.2846 - accuracy: 0.1320
 2000/10000 [=====>........................] - ETA: 2:06 - loss: 2.2803 - accuracy: 0.1435
 2500/10000 [======>.......................] - ETA: 1:56 - loss: 2.2720 - accuracy: 0.1400
 3000/10000 [========>.....................] - ETA: 1:48 - loss: 2.2590 - accuracy: 0.1617
 3500/10000 [=========>....................] - ETA: 1:39 - loss: 2.2496 - accuracy: 0.1674
 4000/10000 [===========>..................] - ETA: 1:31 - loss: 2.2373 - accuracy: 0.1930
 4500/10000 [============>.................] - ETA: 1:23 - loss: 2.2281 - accuracy: 0.1820
 5000/10000 [==============>...............] - ETA: 1:15 - loss: 2.2153 - accuracy: 0.2054
 5500/10000 [===============>..............] - ETA: 1:08 - loss: 2.1976 - accuracy: 0.2182
 6000/10000 [=================>............] - ETA: 1:00 - loss: 2.1832 - accuracy: 0.2322
 6500/10000 [==================>...........] - ETA: 52s - loss: 2.1646 - accuracy: 0.2488 
 7000/10000 [====================>.........] - ETA: 45s - loss: 2.1474 - accuracy: 0.2641
 7500/10000 [=====================>........] - ETA: 37s - loss: 2.1297 - accuracy: 0.2635
 8000/10000 [=======================>......] - ETA: 30s - loss: 2.1132 - accuracy: 0.2750
 8500/10000 [========================>.....] - ETA: 22s - loss: 2.0916 - accuracy: 0.2852
 9000/10000 [==========================>...] - ETA: 15s - loss: 2.0747 - accuracy: 0.2966
 9500/10000 [===========================>..] - ETA: 7s - loss: 2.0566 - accuracy: 0.3033 
10000/10000 [==============================] - 152s 15ms/step - loss: 2.0391 - accuracy: 0.3106 - val_loss: 1.6105 - val_accuracy: 0.5600
Epoch 2/5

  500/10000 [>.............................] - ETA: 2:23 - loss: 1.5386 - accuracy: 0.5780
 1000/10000 [==>...........................] - ETA: 2:15 - loss: 1.5516 - accuracy: 0.5650
 1500/10000 [===>..........................] - ETA: 2:07 - loss: 1.5307 - accuracy: 0.5660
 2000/10000 [=====>........................] - ETA: 2:00 - loss: 1.5190 - accuracy: 0.5670
 2500/10000 [======>.......................] - ETA: 1:52 - loss: 1.5016 - accuracy: 0.5700
 3000/10000 [========>.....................] - ETA: 1:44 - loss: 1.4907 - accuracy: 0.5660
 3500/10000 [=========>....................] - ETA: 1:38 - loss: 1.4746 - accuracy: 0.5709
 4000/10000 [===========>..................] - ETA: 1:30 - loss: 1.4482 - accuracy: 0.5785
 4500/10000 [============>.................] - ETA: 1:23 - loss: 1.4443 - accuracy: 0.5693
 5000/10000 [==============>...............] - ETA: 1:15 - loss: 1.4177 - accuracy: 0.5780
 5500/10000 [===============>..............] - ETA: 1:08 - loss: 1.4049 - accuracy: 0.5749
 6000/10000 [=================>............] - ETA: 1:00 - loss: 1.3850 - accuracy: 0.5823
 6500/10000 [==================>...........] - ETA: 52s - loss: 1.3689 - accuracy: 0.5843 
 7000/10000 [====================>.........] - ETA: 45s - loss: 1.3516 - accuracy: 0.5891
 7500/10000 [=====================>........] - ETA: 37s - loss: 1.3368 - accuracy: 0.5924
 8000/10000 [=======================>......] - ETA: 30s - loss: 1.3243 - accuracy: 0.5916
 8500/10000 [========================>.....] - ETA: 22s - loss: 1.3063 - accuracy: 0.5967
 9000/10000 [==========================>...] - ETA: 15s - loss: 1.2963 - accuracy: 0.5978
 9500/10000 [===========================>..] - ETA: 7s - loss: 1.2766 - accuracy: 0.6048 
10000/10000 [==============================] - 151s 15ms/step - loss: 1.2614 - accuracy: 0.6095 - val_loss: 1.0141 - val_accuracy: 0.6916
Epoch 3/5

  500/10000 [>.............................] - ETA: 2:25 - loss: 0.9133 - accuracy: 0.7280
 1000/10000 [==>...........................] - ETA: 2:19 - loss: 0.8783 - accuracy: 0.7190
 1500/10000 [===>..........................] - ETA: 2:09 - loss: 0.8879 - accuracy: 0.7140
 2000/10000 [=====>........................] - ETA: 2:00 - loss: 0.8965 - accuracy: 0.7105
 2500/10000 [======>.......................] - ETA: 1:53 - loss: 0.8727 - accuracy: 0.7192
 3000/10000 [========>.....................] - ETA: 1:45 - loss: 0.8603 - accuracy: 0.7217
 3500/10000 [=========>....................] - ETA: 1:38 - loss: 0.8430 - accuracy: 0.7277
 4000/10000 [===========>..................] - ETA: 1:30 - loss: 0.8404 - accuracy: 0.7325
 4500/10000 [============>.................] - ETA: 1:23 - loss: 0.8346 - accuracy: 0.7329
 5000/10000 [==============>...............] - ETA: 1:16 - loss: 0.8368 - accuracy: 0.7368
 5500/10000 [===============>..............] - ETA: 1:08 - loss: 0.8174 - accuracy: 0.7440
 6000/10000 [=================>............] - ETA: 1:01 - loss: 0.8138 - accuracy: 0.7445
 6500/10000 [==================>...........] - ETA: 53s - loss: 0.8083 - accuracy: 0.7463 
 7000/10000 [====================>.........] - ETA: 45s - loss: 0.7971 - accuracy: 0.7510
 7500/10000 [=====================>........] - ETA: 38s - loss: 0.7894 - accuracy: 0.7545
 8000/10000 [=======================>......] - ETA: 30s - loss: 0.7798 - accuracy: 0.7566
 8500/10000 [========================>.....] - ETA: 22s - loss: 0.7884 - accuracy: 0.7531
 9000/10000 [==========================>...] - ETA: 15s - loss: 0.7807 - accuracy: 0.7566
 9500/10000 [===========================>..] - ETA: 7s - loss: 0.7795 - accuracy: 0.7568 
10000/10000 [==============================] - 153s 15ms/step - loss: 0.7780 - accuracy: 0.7567 - val_loss: 0.7745 - val_accuracy: 0.7384
Epoch 4/5

  500/10000 [>.............................] - ETA: 2:20 - loss: 0.7014 - accuracy: 0.7680
 1000/10000 [==>...........................] - ETA: 2:14 - loss: 0.6943 - accuracy: 0.7620
 1500/10000 [===>..........................] - ETA: 2:09 - loss: 0.6888 - accuracy: 0.7607
 2000/10000 [=====>........................] - ETA: 2:02 - loss: 0.6589 - accuracy: 0.7780
 2500/10000 [======>.......................] - ETA: 1:54 - loss: 0.6503 - accuracy: 0.7836
 3000/10000 [========>.....................] - ETA: 1:46 - loss: 0.6481 - accuracy: 0.7887
 3500/10000 [=========>....................] - ETA: 1:39 - loss: 0.6590 - accuracy: 0.7826
 4000/10000 [===========>..................] - ETA: 1:30 - loss: 0.6600 - accuracy: 0.7818
 4500/10000 [============>.................] - ETA: 1:23 - loss: 0.6629 - accuracy: 0.7816
 5000/10000 [==============>...............] - ETA: 1:15 - loss: 0.6644 - accuracy: 0.7814
 5500/10000 [===============>..............] - ETA: 1:08 - loss: 0.6532 - accuracy: 0.7845
 6000/10000 [=================>............] - ETA: 1:00 - loss: 0.6574 - accuracy: 0.7840
 6500/10000 [==================>...........] - ETA: 52s - loss: 0.6511 - accuracy: 0.7858 
 7000/10000 [====================>.........] - ETA: 45s - loss: 0.6575 - accuracy: 0.7846
 7500/10000 [=====================>........] - ETA: 37s - loss: 0.6447 - accuracy: 0.7892
 8000/10000 [=======================>......] - ETA: 30s - loss: 0.6390 - accuracy: 0.7916
 8500/10000 [========================>.....] - ETA: 22s - loss: 0.6293 - accuracy: 0.7947
 9000/10000 [==========================>...] - ETA: 15s - loss: 0.6275 - accuracy: 0.7961
 9500/10000 [===========================>..] - ETA: 7s - loss: 0.6224 - accuracy: 0.7981 
10000/10000 [==============================] - 151s 15ms/step - loss: 0.6162 - accuracy: 0.8008 - val_loss: 0.7023 - val_accuracy: 0.7752
Epoch 5/5

  500/10000 [>.............................] - ETA: 2:20 - loss: 0.4644 - accuracy: 0.8360
 1000/10000 [==>...........................] - ETA: 2:16 - loss: 0.5327 - accuracy: 0.8230
 1500/10000 [===>..........................] - ETA: 2:07 - loss: 0.5624 - accuracy: 0.8200
 2000/10000 [=====>........................] - ETA: 2:01 - loss: 0.5565 - accuracy: 0.8200
 2500/10000 [======>.......................] - ETA: 1:53 - loss: 0.5742 - accuracy: 0.8196
 3000/10000 [========>.....................] - ETA: 1:45 - loss: 0.5724 - accuracy: 0.8187
 3500/10000 [=========>....................] - ETA: 1:38 - loss: 0.5645 - accuracy: 0.8231
 4000/10000 [===========>..................] - ETA: 1:31 - loss: 0.5692 - accuracy: 0.8220
 4500/10000 [============>.................] - ETA: 1:23 - loss: 0.5548 - accuracy: 0.8267
 5000/10000 [==============>...............] - ETA: 1:16 - loss: 0.5546 - accuracy: 0.8264
 5500/10000 [===============>..............] - ETA: 1:08 - loss: 0.5453 - accuracy: 0.8298
 6000/10000 [=================>............] - ETA: 1:00 - loss: 0.5382 - accuracy: 0.8302
 6500/10000 [==================>...........] - ETA: 53s - loss: 0.5300 - accuracy: 0.8318 
 7000/10000 [====================>.........] - ETA: 45s - loss: 0.5306 - accuracy: 0.8320
 7500/10000 [=====================>........] - ETA: 38s - loss: 0.5264 - accuracy: 0.8321
 8000/10000 [=======================>......] - ETA: 30s - loss: 0.5277 - accuracy: 0.8316
 8500/10000 [========================>.....] - ETA: 22s - loss: 0.5278 - accuracy: 0.8312
 9000/10000 [==========================>...] - ETA: 15s - loss: 0.5292 - accuracy: 0.8307
 9500/10000 [===========================>..] - ETA: 7s - loss: 0.5277 - accuracy: 0.8299 
10000/10000 [==============================] - 152s 15ms/step - loss: 0.5209 - accuracy: 0.8321 - val_loss: 0.6615 - val_accuracy: 0.7696
Latency --- 763.448047876358 seconds ---
For delta=0.000100, the current epsilon is: 8.0198
=====================Iteration========================== 10
For delta=0.000100, the current epsilon is: 8.0198
Noise Mutiplier 0.729
loss= <keras.losses.CategoricalCrossentropy object at 0x101a797e50>
in grads Tensor("loss_9/mul:0", shape=(?,), dtype=float32)
Train on 10000 samples, validate on 2500 samples
Epoch 1/5

  500/10000 [>.............................] - ETA: 2:44 - loss: 2.3162 - accuracy: 0.0960
 1000/10000 [==>...........................] - ETA: 2:28 - loss: 2.3048 - accuracy: 0.1050
 1500/10000 [===>..........................] - ETA: 2:13 - loss: 2.2962 - accuracy: 0.1287
 2000/10000 [=====>........................] - ETA: 2:04 - loss: 2.2893 - accuracy: 0.1485
 2500/10000 [======>.......................] - ETA: 1:57 - loss: 2.2814 - accuracy: 0.1584
 3000/10000 [========>.....................] - ETA: 1:49 - loss: 2.2725 - accuracy: 0.1797
 3500/10000 [=========>....................] - ETA: 1:41 - loss: 2.2623 - accuracy: 0.1926
 4000/10000 [===========>..................] - ETA: 1:33 - loss: 2.2491 - accuracy: 0.2148
 4500/10000 [============>.................] - ETA: 1:25 - loss: 2.2360 - accuracy: 0.2316
 5000/10000 [==============>...............] - ETA: 1:17 - loss: 2.2233 - accuracy: 0.2422
 5500/10000 [===============>..............] - ETA: 1:09 - loss: 2.2091 - accuracy: 0.2587
 6000/10000 [=================>............] - ETA: 1:01 - loss: 2.1923 - accuracy: 0.2645
 6500/10000 [==================>...........] - ETA: 53s - loss: 2.1829 - accuracy: 0.2671 
 7000/10000 [====================>.........] - ETA: 46s - loss: 2.1637 - accuracy: 0.2820
 7500/10000 [=====================>........] - ETA: 38s - loss: 2.1431 - accuracy: 0.2987
 8000/10000 [=======================>......] - ETA: 30s - loss: 2.1264 - accuracy: 0.2990
 8500/10000 [========================>.....] - ETA: 23s - loss: 2.1126 - accuracy: 0.3038
 9000/10000 [==========================>...] - ETA: 15s - loss: 2.0933 - accuracy: 0.3110
 9500/10000 [===========================>..] - ETA: 7s - loss: 2.0731 - accuracy: 0.3227 
10000/10000 [==============================] - 155s 16ms/step - loss: 2.0518 - accuracy: 0.3307 - val_loss: 1.7931 - val_accuracy: 0.3496
Epoch 2/5

  500/10000 [>.............................] - ETA: 2:13 - loss: 1.7854 - accuracy: 0.3540
 1000/10000 [==>...........................] - ETA: 2:11 - loss: 1.7321 - accuracy: 0.3850
 1500/10000 [===>..........................] - ETA: 2:06 - loss: 1.7312 - accuracy: 0.4213
 2000/10000 [=====>........................] - ETA: 1:59 - loss: 1.6865 - accuracy: 0.4450
 2500/10000 [======>.......................] - ETA: 1:53 - loss: 1.6533 - accuracy: 0.4608
 3000/10000 [========>.....................] - ETA: 1:45 - loss: 1.6282 - accuracy: 0.4663
 3500/10000 [=========>....................] - ETA: 1:38 - loss: 1.5980 - accuracy: 0.4769
 4000/10000 [===========>..................] - ETA: 1:31 - loss: 1.5935 - accuracy: 0.4728
 4500/10000 [============>.................] - ETA: 1:23 - loss: 1.6020 - accuracy: 0.4707
 5000/10000 [==============>...............] - ETA: 1:16 - loss: 1.5804 - accuracy: 0.4846
 5500/10000 [===============>..............] - ETA: 1:08 - loss: 1.5602 - accuracy: 0.4884
 6000/10000 [=================>............] - ETA: 1:01 - loss: 1.5526 - accuracy: 0.4882
 6500/10000 [==================>...........] - ETA: 54s - loss: 1.5327 - accuracy: 0.4943 
 7000/10000 [====================>.........] - ETA: 46s - loss: 1.5212 - accuracy: 0.5004
 7500/10000 [=====================>........] - ETA: 38s - loss: 1.5044 - accuracy: 0.5083
 8000/10000 [=======================>......] - ETA: 30s - loss: 1.4839 - accuracy: 0.5176
 8500/10000 [========================>.....] - ETA: 23s - loss: 1.4690 - accuracy: 0.5242
 9000/10000 [==========================>...] - ETA: 15s - loss: 1.4498 - accuracy: 0.5312
 9500/10000 [===========================>..] - ETA: 7s - loss: 1.4391 - accuracy: 0.5362 
10000/10000 [==============================] - 155s 15ms/step - loss: 1.4280 - accuracy: 0.5396 - val_loss: 1.3384 - val_accuracy: 0.5460
Epoch 3/5

  500/10000 [>.............................] - ETA: 2:31 - loss: 1.1579 - accuracy: 0.6040
 1000/10000 [==>...........................] - ETA: 2:18 - loss: 1.1462 - accuracy: 0.6180
 1500/10000 [===>..........................] - ETA: 2:09 - loss: 1.1201 - accuracy: 0.6187
 2000/10000 [=====>........................] - ETA: 2:02 - loss: 1.1307 - accuracy: 0.6120
 2500/10000 [======>.......................] - ETA: 1:55 - loss: 1.1227 - accuracy: 0.6168
 3000/10000 [========>.....................] - ETA: 1:47 - loss: 1.0914 - accuracy: 0.6390
 3500/10000 [=========>....................] - ETA: 1:39 - loss: 1.0837 - accuracy: 0.6417
 4000/10000 [===========>..................] - ETA: 1:32 - loss: 1.0819 - accuracy: 0.6435
 4500/10000 [============>.................] - ETA: 1:25 - loss: 1.0561 - accuracy: 0.6533
 5000/10000 [==============>...............] - ETA: 1:17 - loss: 1.0461 - accuracy: 0.6580
 5500/10000 [===============>..............] - ETA: 1:10 - loss: 1.0461 - accuracy: 0.6569
 6000/10000 [=================>............] - ETA: 1:02 - loss: 1.0454 - accuracy: 0.6603
 6500/10000 [==================>...........] - ETA: 54s - loss: 1.0292 - accuracy: 0.6677 
 7000/10000 [====================>.........] - ETA: 46s - loss: 1.0237 - accuracy: 0.6681
 7500/10000 [=====================>........] - ETA: 38s - loss: 1.0193 - accuracy: 0.6712
 8000/10000 [=======================>......] - ETA: 30s - loss: 1.0132 - accuracy: 0.6741
 8500/10000 [========================>.....] - ETA: 23s - loss: 1.0112 - accuracy: 0.6727
 9000/10000 [==========================>...] - ETA: 15s - loss: 1.0101 - accuracy: 0.6707
 9500/10000 [===========================>..] - ETA: 7s - loss: 1.0071 - accuracy: 0.6691 
10000/10000 [==============================] - 155s 16ms/step - loss: 1.0077 - accuracy: 0.6660 - val_loss: 1.0406 - val_accuracy: 0.6712
Epoch 4/5

  500/10000 [>.............................] - ETA: 2:25 - loss: 1.0640 - accuracy: 0.6700
 1000/10000 [==>...........................] - ETA: 2:17 - loss: 0.9574 - accuracy: 0.6920
 1500/10000 [===>..........................] - ETA: 2:09 - loss: 0.9246 - accuracy: 0.7113
 2000/10000 [=====>........................] - ETA: 2:02 - loss: 0.8855 - accuracy: 0.7210
 2500/10000 [======>.......................] - ETA: 1:52 - loss: 0.8646 - accuracy: 0.7280
 3000/10000 [========>.....................] - ETA: 1:45 - loss: 0.8835 - accuracy: 0.7273
 3500/10000 [=========>....................] - ETA: 1:38 - loss: 0.8707 - accuracy: 0.7263
 4000/10000 [===========>..................] - ETA: 1:31 - loss: 0.8746 - accuracy: 0.7228
 4500/10000 [============>.................] - ETA: 1:23 - loss: 0.8623 - accuracy: 0.7269
 5000/10000 [==============>...............] - ETA: 1:15 - loss: 0.8483 - accuracy: 0.7326
 5500/10000 [===============>..............] - ETA: 1:08 - loss: 0.8341 - accuracy: 0.7351
 6000/10000 [=================>............] - ETA: 1:00 - loss: 0.8284 - accuracy: 0.7370
 6500/10000 [==================>...........] - ETA: 53s - loss: 0.8266 - accuracy: 0.7377 
 7000/10000 [====================>.........] - ETA: 45s - loss: 0.8251 - accuracy: 0.7349
 7500/10000 [=====================>........] - ETA: 38s - loss: 0.8258 - accuracy: 0.7351
 8000/10000 [=======================>......] - ETA: 30s - loss: 0.8273 - accuracy: 0.7311
 8500/10000 [========================>.....] - ETA: 22s - loss: 0.8220 - accuracy: 0.7339
 9000/10000 [==========================>...] - ETA: 15s - loss: 0.8209 - accuracy: 0.7338
 9500/10000 [===========================>..] - ETA: 7s - loss: 0.8168 - accuracy: 0.7353 
10000/10000 [==============================] - 153s 15ms/step - loss: 0.8138 - accuracy: 0.7352 - val_loss: 0.8140 - val_accuracy: 0.7148
Epoch 5/5

  500/10000 [>.............................] - ETA: 2:27 - loss: 0.7308 - accuracy: 0.7680
 1000/10000 [==>...........................] - ETA: 2:17 - loss: 0.7463 - accuracy: 0.7590
 1500/10000 [===>..........................] - ETA: 2:12 - loss: 0.7102 - accuracy: 0.7627
 2000/10000 [=====>........................] - ETA: 2:06 - loss: 0.7050 - accuracy: 0.7605
 2500/10000 [======>.......................] - ETA: 1:57 - loss: 0.6855 - accuracy: 0.7676
 3000/10000 [========>.....................] - ETA: 1:48 - loss: 0.6646 - accuracy: 0.7767
 3500/10000 [=========>....................] - ETA: 1:41 - loss: 0.6548 - accuracy: 0.7811
 4000/10000 [===========>..................] - ETA: 1:33 - loss: 0.6661 - accuracy: 0.7770
 4500/10000 [============>.................] - ETA: 1:25 - loss: 0.6520 - accuracy: 0.7840
 5000/10000 [==============>...............] - ETA: 1:17 - loss: 0.6570 - accuracy: 0.7840
 5500/10000 [===============>..............] - ETA: 1:09 - loss: 0.6588 - accuracy: 0.7807
 6000/10000 [=================>............] - ETA: 1:01 - loss: 0.6792 - accuracy: 0.7737
 6500/10000 [==================>...........] - ETA: 54s - loss: 0.6782 - accuracy: 0.7762 
 7000/10000 [====================>.........] - ETA: 46s - loss: 0.6808 - accuracy: 0.7749
 7500/10000 [=====================>........] - ETA: 38s - loss: 0.6782 - accuracy: 0.7785
 8000/10000 [=======================>......] - ETA: 30s - loss: 0.6761 - accuracy: 0.7795
 8500/10000 [========================>.....] - ETA: 23s - loss: 0.6642 - accuracy: 0.7838
 9000/10000 [==========================>...] - ETA: 15s - loss: 0.6583 - accuracy: 0.7853
 9500/10000 [===========================>..] - ETA: 7s - loss: 0.6595 - accuracy: 0.7857 
10000/10000 [==============================] - 154s 15ms/step - loss: 0.6548 - accuracy: 0.7876 - val_loss: 0.7519 - val_accuracy: 0.7552
Latency --- 779.7161633968353 seconds ---
For delta=0.000100, the current epsilon is: 8.0198
