
=====================ITERATION 1==========================
We are using Tensorflow version 1.15.2
Keras API version: 2.3.1
Noise Mutiplier 30
loss= <keras.losses.CategoricalCrossentropy object at 0x1015b710d0>

# Evaluate on test data

  500/10000 [>.............................] - ETA: 6s
 1000/10000 [==>...........................] - ETA: 3s
 1500/10000 [===>..........................] - ETA: 2s
 2000/10000 [=====>........................] - ETA: 2s
 2500/10000 [======>.......................] - ETA: 1s
 3000/10000 [========>.....................] - ETA: 1s
 3500/10000 [=========>....................] - ETA: 1s
 4000/10000 [===========>..................] - ETA: 1s
 4500/10000 [============>.................] - ETA: 0s
 5000/10000 [==============>...............] - ETA: 0s
 5500/10000 [===============>..............] - ETA: 0s
 6000/10000 [=================>............] - ETA: 0s
 6500/10000 [==================>...........] - ETA: 0s
 7000/10000 [====================>.........] - ETA: 0s
 7500/10000 [=====================>........] - ETA: 0s
 8000/10000 [=======================>......] - ETA: 0s
 8500/10000 [========================>.....] - ETA: 0s
 9000/10000 [==========================>...] - ETA: 0s
 9500/10000 [===========================>..] - ETA: 0s
10000/10000 [==============================] - 1s 143us/step
Accuracy: 13.050000369548798
Latency --- 1.6578264236450195 seconds ---
trained with DP
=====================ITERATION 2==========================
We are using Tensorflow version 1.15.2
Keras API version: 2.3.1
Noise Mutiplier 30
loss= <keras.losses.CategoricalCrossentropy object at 0x1015b5d910>

# Evaluate on test data

  500/10000 [>.............................] - ETA: 6s
 1000/10000 [==>...........................] - ETA: 3s
 1500/10000 [===>..........................] - ETA: 2s
 2000/10000 [=====>........................] - ETA: 2s
 2500/10000 [======>.......................] - ETA: 1s
 3000/10000 [========>.....................] - ETA: 1s
 3500/10000 [=========>....................] - ETA: 1s
 4000/10000 [===========>..................] - ETA: 1s
 4500/10000 [============>.................] - ETA: 0s
 5000/10000 [==============>...............] - ETA: 0s
 5500/10000 [===============>..............] - ETA: 0s
 6000/10000 [=================>............] - ETA: 0s
 6500/10000 [==================>...........] - ETA: 0s
 7000/10000 [====================>.........] - ETA: 0s
 8000/10000 [=======================>......] - ETA: 0s
 8500/10000 [========================>.....] - ETA: 0s
 9000/10000 [==========================>...] - ETA: 0s
 9500/10000 [===========================>..] - ETA: 0s
10000/10000 [==============================] - 1s 143us/step
Accuracy: 13.050000369548798
Latency --- 1.649111270904541 seconds ---
trained with DP
=====================ITERATION 3==========================
We are using Tensorflow version 1.15.2
Keras API version: 2.3.1
Noise Mutiplier 30
loss= <keras.losses.CategoricalCrossentropy object at 0x1015395610>

# Evaluate on test data

  500/10000 [>.............................] - ETA: 6s
 1000/10000 [==>...........................] - ETA: 3s
 1500/10000 [===>..........................] - ETA: 2s
 2000/10000 [=====>........................] - ETA: 2s
 2500/10000 [======>.......................] - ETA: 1s
 3000/10000 [========>.....................] - ETA: 1s
 3500/10000 [=========>....................] - ETA: 1s
 4000/10000 [===========>..................] - ETA: 1s
 4500/10000 [============>.................] - ETA: 0s
 5000/10000 [==============>...............] - ETA: 0s
 5500/10000 [===============>..............] - ETA: 0s
 6000/10000 [=================>............] - ETA: 0s
 6500/10000 [==================>...........] - ETA: 0s
 7000/10000 [====================>.........] - ETA: 0s
 7500/10000 [=====================>........] - ETA: 0s
 8000/10000 [=======================>......] - ETA: 0s
 8500/10000 [========================>.....] - ETA: 0s
 9000/10000 [==========================>...] - ETA: 0s
10000/10000 [==============================] - 1s 142us/step
Accuracy: 13.050000369548798
Latency --- 1.6479685306549072 seconds ---
trained with DP
=====================ITERATION 4==========================
We are using Tensorflow version 1.15.2
Keras API version: 2.3.1
Noise Mutiplier 30
loss= <keras.losses.CategoricalCrossentropy object at 0x10158028d0>

# Evaluate on test data

  500/10000 [>.............................] - ETA: 6s
 1000/10000 [==>...........................] - ETA: 3s
 1500/10000 [===>..........................] - ETA: 2s
 2000/10000 [=====>........................] - ETA: 2s
 2500/10000 [======>.......................] - ETA: 1s
 3000/10000 [========>.....................] - ETA: 1s
 3500/10000 [=========>....................] - ETA: 1s
 4000/10000 [===========>..................] - ETA: 1s
 4500/10000 [============>.................] - ETA: 0s
 5000/10000 [==============>...............] - ETA: 0s
 5500/10000 [===============>..............] - ETA: 0s
 6000/10000 [=================>............] - ETA: 0s
 6500/10000 [==================>...........] - ETA: 0s
 7000/10000 [====================>.........] - ETA: 0s
 7500/10000 [=====================>........] - ETA: 0s
 8000/10000 [=======================>......] - ETA: 0s
 8500/10000 [========================>.....] - ETA: 0s
 9000/10000 [==========================>...] - ETA: 0s
 9500/10000 [===========================>..] - ETA: 0s
10000/10000 [==============================] - 1s 143us/step
Accuracy: 13.050000369548798
Latency --- 1.6505777835845947 seconds ---
trained with DP
=====================ITERATION 5==========================
We are using Tensorflow version 1.15.2
Keras API version: 2.3.1
Noise Mutiplier 30
loss= <keras.losses.CategoricalCrossentropy object at 0x10158024d0>

# Evaluate on test data

  500/10000 [>.............................] - ETA: 6s
 1000/10000 [==>...........................] - ETA: 3s
 1500/10000 [===>..........................] - ETA: 2s
 2000/10000 [=====>........................] - ETA: 2s
 2500/10000 [======>.......................] - ETA: 1s
 3000/10000 [========>.....................] - ETA: 1s
 3500/10000 [=========>....................] - ETA: 1s
 4000/10000 [===========>..................] - ETA: 1s
 4500/10000 [============>.................] - ETA: 0s
 5000/10000 [==============>...............] - ETA: 0s
 5500/10000 [===============>..............] - ETA: 0s
 6000/10000 [=================>............] - ETA: 0s
 6500/10000 [==================>...........] - ETA: 0s
 7000/10000 [====================>.........] - ETA: 0s
 7500/10000 [=====================>........] - ETA: 0s
 8000/10000 [=======================>......] - ETA: 0s
 8500/10000 [========================>.....] - ETA: 0s
 9000/10000 [==========================>...] - ETA: 0s
 9500/10000 [===========================>..] - ETA: 0s
10000/10000 [==============================] - 1s 143us/step
Accuracy: 13.050000369548798
Latency --- 1.659562349319458 seconds ---
trained with DP
=====================ITERATION 6==========================
We are using Tensorflow version 1.15.2
Keras API version: 2.3.1
Noise Mutiplier 30
loss= <keras.losses.CategoricalCrossentropy object at 0x1015394d10>

# Evaluate on test data

  500/10000 [>.............................] - ETA: 6s
 1000/10000 [==>...........................] - ETA: 3s
 1500/10000 [===>..........................] - ETA: 2s
 2000/10000 [=====>........................] - ETA: 2s
 2500/10000 [======>.......................] - ETA: 1s
 3500/10000 [=========>....................] - ETA: 1s
 4000/10000 [===========>..................] - ETA: 1s
 4500/10000 [============>.................] - ETA: 0s
 5000/10000 [==============>...............] - ETA: 0s
 5500/10000 [===============>..............] - ETA: 0s
 6000/10000 [=================>............] - ETA: 0s
 6500/10000 [==================>...........] - ETA: 0s
 7000/10000 [====================>.........] - ETA: 0s
 7500/10000 [=====================>........] - ETA: 0s
 8000/10000 [=======================>......] - ETA: 0s
 8500/10000 [========================>.....] - ETA: 0s
 9000/10000 [==========================>...] - ETA: 0s
 9500/10000 [===========================>..] - ETA: 0s
10000/10000 [==============================] - 1s 142us/step
Accuracy: 13.050000369548798
Latency --- 1.6405141353607178 seconds ---
trained with DP
=====================ITERATION 7==========================
We are using Tensorflow version 1.15.2
Keras API version: 2.3.1
Noise Mutiplier 30
loss= <keras.losses.CategoricalCrossentropy object at 0x10150b23d0>

# Evaluate on test data

  500/10000 [>.............................] - ETA: 6s
 1000/10000 [==>...........................] - ETA: 3s
 1500/10000 [===>..........................] - ETA: 2s
 2000/10000 [=====>........................] - ETA: 2s
 2500/10000 [======>.......................] - ETA: 1s
 3000/10000 [========>.....................] - ETA: 1s
 3500/10000 [=========>....................] - ETA: 1s
 4000/10000 [===========>..................] - ETA: 1s
 4500/10000 [============>.................] - ETA: 0s
 5000/10000 [==============>...............] - ETA: 0s
 5500/10000 [===============>..............] - ETA: 0s
 6000/10000 [=================>............] - ETA: 0s
 6500/10000 [==================>...........] - ETA: 0s
 7000/10000 [====================>.........] - ETA: 0s
 7500/10000 [=====================>........] - ETA: 0s
 8000/10000 [=======================>......] - ETA: 0s
 8500/10000 [========================>.....] - ETA: 0s
 9000/10000 [==========================>...] - ETA: 0s
 9500/10000 [===========================>..] - ETA: 0s
10000/10000 [==============================] - 1s 142us/step
Accuracy: 13.050000369548798
Latency --- 1.646587610244751 seconds ---
trained with DP
=====================ITERATION 8==========================
We are using Tensorflow version 1.15.2
Keras API version: 2.3.1
Noise Mutiplier 30
loss= <keras.losses.CategoricalCrossentropy object at 0x1014f0fe50>

# Evaluate on test data

  500/10000 [>.............................] - ETA: 6s
 1000/10000 [==>...........................] - ETA: 3s
 1500/10000 [===>..........................] - ETA: 2s
 2000/10000 [=====>........................] - ETA: 2s
 2500/10000 [======>.......................] - ETA: 1s
 3500/10000 [=========>....................] - ETA: 1s
 4000/10000 [===========>..................] - ETA: 1s
 4500/10000 [============>.................] - ETA: 0s
 5000/10000 [==============>...............] - ETA: 0s
 5500/10000 [===============>..............] - ETA: 0s
 6000/10000 [=================>............] - ETA: 0s
 6500/10000 [==================>...........] - ETA: 0s
 7000/10000 [====================>.........] - ETA: 0s
 8000/10000 [=======================>......] - ETA: 0s
 8500/10000 [========================>.....] - ETA: 0s
 9000/10000 [==========================>...] - ETA: 0s
 9500/10000 [===========================>..] - ETA: 0s
10000/10000 [==============================] - 1s 143us/step
Accuracy: 13.050000369548798
Latency --- 1.6502652168273926 seconds ---
trained with DP
=====================ITERATION 9==========================
We are using Tensorflow version 1.15.2
Keras API version: 2.3.1
Noise Mutiplier 30
loss= <keras.losses.CategoricalCrossentropy object at 0x101576ff90>

# Evaluate on test data

  500/10000 [>.............................] - ETA: 6s
 1000/10000 [==>...........................] - ETA: 3s
 1500/10000 [===>..........................] - ETA: 2s
 2000/10000 [=====>........................] - ETA: 2s
 2500/10000 [======>.......................] - ETA: 1s
 3000/10000 [========>.....................] - ETA: 1s
 3500/10000 [=========>....................] - ETA: 1s
 4000/10000 [===========>..................] - ETA: 1s
 4500/10000 [============>.................] - ETA: 0s
 5000/10000 [==============>...............] - ETA: 0s
 5500/10000 [===============>..............] - ETA: 0s
 6000/10000 [=================>............] - ETA: 0s
 6500/10000 [==================>...........] - ETA: 0s
 7000/10000 [====================>.........] - ETA: 0s
 7500/10000 [=====================>........] - ETA: 0s
 8000/10000 [=======================>......] - ETA: 0s
 8500/10000 [========================>.....] - ETA: 0s
 9000/10000 [==========================>...] - ETA: 0s
 9500/10000 [===========================>..] - ETA: 0s
10000/10000 [==============================] - 1s 143us/step
Accuracy: 13.050000369548798
Latency --- 1.6554911136627197 seconds ---
trained with DP
=====================ITERATION 10==========================
We are using Tensorflow version 1.15.2
Keras API version: 2.3.1
Noise Mutiplier 30
loss= <keras.losses.CategoricalCrossentropy object at 0x1015675dd0>

# Evaluate on test data

  500/10000 [>.............................] - ETA: 6s
 1000/10000 [==>...........................] - ETA: 3s
 1500/10000 [===>..........................] - ETA: 2s
 2000/10000 [=====>........................] - ETA: 2s
 3000/10000 [========>.....................] - ETA: 1s
 3500/10000 [=========>....................] - ETA: 1s
 4000/10000 [===========>..................] - ETA: 1s
 4500/10000 [============>.................] - ETA: 0s
 5000/10000 [==============>...............] - ETA: 0s
 5500/10000 [===============>..............] - ETA: 0s
 6000/10000 [=================>............] - ETA: 0s
 6500/10000 [==================>...........] - ETA: 0s
 7000/10000 [====================>.........] - ETA: 0s
 7500/10000 [=====================>........] - ETA: 0s
 8000/10000 [=======================>......] - ETA: 0s
 8500/10000 [========================>.....] - ETA: 0s
 9000/10000 [==========================>...] - ETA: 0s
 9500/10000 [===========================>..] - ETA: 0s
10000/10000 [==============================] - 1s 142us/step
Accuracy: 13.050000369548798
Latency --- 1.644477367401123 seconds ---
trained with DP
