We are using Tensorflow version 1.15.2
Keras API version: 2.3.1
=====================Iteration========================== 1
For delta=0.000100, the current epsilon is: 1.0774
Noise Mutiplier 2.35
loss= <keras.losses.CategoricalCrossentropy object at 0x1016db1510>
in grads Tensor("loss/mul:0", shape=(?,), dtype=float32)
Train on 10000 samples, validate on 2500 samples
Epoch 1/5

  500/10000 [>.............................] - ETA: 2:19 - loss: 2.3026 - accuracy: 0.1100
 1000/10000 [==>...........................] - ETA: 2:14 - loss: 2.3032 - accuracy: 0.1200
 1500/10000 [===>..........................] - ETA: 2:07 - loss: 2.3055 - accuracy: 0.1107
 2000/10000 [=====>........................] - ETA: 2:01 - loss: 2.3019 - accuracy: 0.1115
 2500/10000 [======>.......................] - ETA: 1:53 - loss: 2.3039 - accuracy: 0.1044
 3000/10000 [========>.....................] - ETA: 1:45 - loss: 2.3038 - accuracy: 0.1063
 3500/10000 [=========>....................] - ETA: 1:38 - loss: 2.2993 - accuracy: 0.1171
 4000/10000 [===========>..................] - ETA: 1:31 - loss: 2.3245 - accuracy: 0.1128
 4500/10000 [============>.................] - ETA: 1:23 - loss: 2.3259 - accuracy: 0.1124
 5000/10000 [==============>...............] - ETA: 1:16 - loss: 2.3280 - accuracy: 0.1092
 5500/10000 [===============>..............] - ETA: 1:08 - loss: 2.3374 - accuracy: 0.1080
 6000/10000 [=================>............] - ETA: 1:01 - loss: 2.3380 - accuracy: 0.1112
 6500/10000 [==================>...........] - ETA: 53s - loss: 2.3505 - accuracy: 0.1118 
 7000/10000 [====================>.........] - ETA: 45s - loss: 2.3466 - accuracy: 0.1143
 7500/10000 [=====================>........] - ETA: 38s - loss: 2.3474 - accuracy: 0.1192
 8000/10000 [=======================>......] - ETA: 30s - loss: 2.3385 - accuracy: 0.1249
 8500/10000 [========================>.....] - ETA: 22s - loss: 2.3515 - accuracy: 0.1273
 9000/10000 [==========================>...] - ETA: 15s - loss: 2.3456 - accuracy: 0.1337
 9500/10000 [===========================>..] - ETA: 7s - loss: 2.3579 - accuracy: 0.1347 
10000/10000 [==============================] - 154s 15ms/step - loss: 2.3517 - accuracy: 0.1411 - val_loss: 2.7410 - val_accuracy: 0.1312
Epoch 2/5

  500/10000 [>.............................] - ETA: 2:17 - loss: 2.8338 - accuracy: 0.1160
 1000/10000 [==>...........................] - ETA: 2:16 - loss: 2.5817 - accuracy: 0.1470
 1500/10000 [===>..........................] - ETA: 2:09 - loss: 2.4274 - accuracy: 0.1707
 2000/10000 [=====>........................] - ETA: 2:03 - loss: 2.4211 - accuracy: 0.1775
 2500/10000 [======>.......................] - ETA: 1:55 - loss: 2.3911 - accuracy: 0.1752
 3000/10000 [========>.....................] - ETA: 1:47 - loss: 2.3428 - accuracy: 0.1833
 3500/10000 [=========>....................] - ETA: 1:40 - loss: 2.3520 - accuracy: 0.1794
 4000/10000 [===========>..................] - ETA: 1:32 - loss: 2.3388 - accuracy: 0.1842
 4500/10000 [============>.................] - ETA: 1:25 - loss: 2.3134 - accuracy: 0.1958
 5000/10000 [==============>...............] - ETA: 1:17 - loss: 2.3234 - accuracy: 0.2004
 5500/10000 [===============>..............] - ETA: 1:09 - loss: 2.3043 - accuracy: 0.2082
 6000/10000 [=================>............] - ETA: 1:02 - loss: 2.3151 - accuracy: 0.2050
 6500/10000 [==================>...........] - ETA: 54s - loss: 2.3013 - accuracy: 0.2086 
 7000/10000 [====================>.........] - ETA: 46s - loss: 2.2814 - accuracy: 0.2163
 7500/10000 [=====================>........] - ETA: 38s - loss: 2.2636 - accuracy: 0.2200
 8000/10000 [=======================>......] - ETA: 31s - loss: 2.2577 - accuracy: 0.2272
 8500/10000 [========================>.....] - ETA: 23s - loss: 2.2726 - accuracy: 0.2248
 9000/10000 [==========================>...] - ETA: 15s - loss: 2.2631 - accuracy: 0.2254
 9500/10000 [===========================>..] - ETA: 7s - loss: 2.2669 - accuracy: 0.2246 
10000/10000 [==============================] - 156s 16ms/step - loss: 2.2584 - accuracy: 0.2267 - val_loss: 2.0854 - val_accuracy: 0.2780
Epoch 3/5

  500/10000 [>.............................] - ETA: 2:24 - loss: 2.0351 - accuracy: 0.2860
 1000/10000 [==>...........................] - ETA: 2:17 - loss: 2.0619 - accuracy: 0.2600
 1500/10000 [===>..........................] - ETA: 2:11 - loss: 2.1045 - accuracy: 0.2460
 2000/10000 [=====>........................] - ETA: 2:03 - loss: 2.1464 - accuracy: 0.2330
 2500/10000 [======>.......................] - ETA: 1:56 - loss: 2.2132 - accuracy: 0.2284
 3000/10000 [========>.....................] - ETA: 1:47 - loss: 2.1921 - accuracy: 0.2337
 3500/10000 [=========>....................] - ETA: 1:40 - loss: 2.1912 - accuracy: 0.2383
 4000/10000 [===========>..................] - ETA: 1:32 - loss: 2.1838 - accuracy: 0.2430
 4500/10000 [============>.................] - ETA: 1:24 - loss: 2.1646 - accuracy: 0.2451
 5000/10000 [==============>...............] - ETA: 1:17 - loss: 2.1740 - accuracy: 0.2474
 5500/10000 [===============>..............] - ETA: 1:09 - loss: 2.1821 - accuracy: 0.2467
 6000/10000 [=================>............] - ETA: 1:02 - loss: 2.1808 - accuracy: 0.2465
 6500/10000 [==================>...........] - ETA: 54s - loss: 2.1848 - accuracy: 0.2438 
 7000/10000 [====================>.........] - ETA: 46s - loss: 2.1777 - accuracy: 0.2470
 7500/10000 [=====================>........] - ETA: 38s - loss: 2.1865 - accuracy: 0.2463
 8000/10000 [=======================>......] - ETA: 30s - loss: 2.1859 - accuracy: 0.2474
 8500/10000 [========================>.....] - ETA: 23s - loss: 2.2126 - accuracy: 0.2434
 9000/10000 [==========================>...] - ETA: 15s - loss: 2.2260 - accuracy: 0.2418
 9500/10000 [===========================>..] - ETA: 7s - loss: 2.2238 - accuracy: 0.2409 
10000/10000 [==============================] - 154s 15ms/step - loss: 2.2161 - accuracy: 0.2438 - val_loss: 2.4655 - val_accuracy: 0.2356
Epoch 4/5

  500/10000 [>.............................] - ETA: 2:19 - loss: 2.4682 - accuracy: 0.2480
 1000/10000 [==>...........................] - ETA: 2:16 - loss: 2.3668 - accuracy: 0.2360
 1500/10000 [===>..........................] - ETA: 2:08 - loss: 2.3887 - accuracy: 0.2493
 2000/10000 [=====>........................] - ETA: 2:00 - loss: 2.3376 - accuracy: 0.2550
 2500/10000 [======>.......................] - ETA: 1:54 - loss: 2.3115 - accuracy: 0.2524
 3000/10000 [========>.....................] - ETA: 1:47 - loss: 2.2829 - accuracy: 0.2527
 3500/10000 [=========>....................] - ETA: 1:39 - loss: 2.2640 - accuracy: 0.2494
 4000/10000 [===========>..................] - ETA: 1:31 - loss: 2.2643 - accuracy: 0.2555
 4500/10000 [============>.................] - ETA: 1:23 - loss: 2.2468 - accuracy: 0.2516
 5000/10000 [==============>...............] - ETA: 1:15 - loss: 2.2823 - accuracy: 0.2500
 5500/10000 [===============>..............] - ETA: 1:08 - loss: 2.2893 - accuracy: 0.2498
 6000/10000 [=================>............] - ETA: 1:00 - loss: 2.2828 - accuracy: 0.2475
 6500/10000 [==================>...........] - ETA: 53s - loss: 2.2786 - accuracy: 0.2469 
 7000/10000 [====================>.........] - ETA: 45s - loss: 2.2858 - accuracy: 0.2514
 7500/10000 [=====================>........] - ETA: 38s - loss: 2.2898 - accuracy: 0.2481
 8000/10000 [=======================>......] - ETA: 30s - loss: 2.2801 - accuracy: 0.2466
 8500/10000 [========================>.....] - ETA: 22s - loss: 2.2734 - accuracy: 0.2475
 9000/10000 [==========================>...] - ETA: 15s - loss: 2.2701 - accuracy: 0.2473
 9500/10000 [===========================>..] - ETA: 7s - loss: 2.2915 - accuracy: 0.2493 
10000/10000 [==============================] - 152s 15ms/step - loss: 2.2850 - accuracy: 0.2478 - val_loss: 2.1579 - val_accuracy: 0.2360
Epoch 5/5

  500/10000 [>.............................] - ETA: 2:34 - loss: 2.0265 - accuracy: 0.2840
 1000/10000 [==>...........................] - ETA: 2:23 - loss: 2.0383 - accuracy: 0.2670
 1500/10000 [===>..........................] - ETA: 2:12 - loss: 2.0729 - accuracy: 0.2500
 2000/10000 [=====>........................] - ETA: 2:04 - loss: 2.0793 - accuracy: 0.2435
 2500/10000 [======>.......................] - ETA: 1:55 - loss: 2.0974 - accuracy: 0.2428
 3000/10000 [========>.....................] - ETA: 1:47 - loss: 2.1613 - accuracy: 0.2503
 3500/10000 [=========>....................] - ETA: 1:38 - loss: 2.1839 - accuracy: 0.2506
 4000/10000 [===========>..................] - ETA: 1:31 - loss: 2.1771 - accuracy: 0.2498
 4500/10000 [============>.................] - ETA: 1:23 - loss: 2.1551 - accuracy: 0.2580
 5000/10000 [==============>...............] - ETA: 1:16 - loss: 2.1851 - accuracy: 0.2598
 5500/10000 [===============>..............] - ETA: 1:08 - loss: 2.1830 - accuracy: 0.2615
 6000/10000 [=================>............] - ETA: 1:00 - loss: 2.1788 - accuracy: 0.2585
 6500/10000 [==================>...........] - ETA: 53s - loss: 2.1695 - accuracy: 0.2595 
 7000/10000 [====================>.........] - ETA: 45s - loss: 2.1699 - accuracy: 0.2644
 7500/10000 [=====================>........] - ETA: 37s - loss: 2.1780 - accuracy: 0.2615
 8000/10000 [=======================>......] - ETA: 30s - loss: 2.1998 - accuracy: 0.2623
 8500/10000 [========================>.....] - ETA: 22s - loss: 2.2137 - accuracy: 0.2606
 9000/10000 [==========================>...] - ETA: 15s - loss: 2.2244 - accuracy: 0.2579
 9500/10000 [===========================>..] - ETA: 7s - loss: 2.2259 - accuracy: 0.2564 
10000/10000 [==============================] - 153s 15ms/step - loss: 2.2229 - accuracy: 0.2572 - val_loss: 2.3020 - val_accuracy: 0.2352
Latency --- 770.4311294555664 seconds ---
For delta=0.000100, the current epsilon is: 1.0774
Saving model with new accuracy, previous accuracy was 0 and present is 0.2572000026702881
Saved model to disk
=====================Iteration========================== 2
For delta=0.000100, the current epsilon is: 1.0774
Noise Mutiplier 2.35
loss= <keras.losses.CategoricalCrossentropy object at 0x101960b890>
in grads Tensor("loss_1/mul:0", shape=(?,), dtype=float32)
Train on 10000 samples, validate on 2500 samples
Epoch 1/5

  500/10000 [>.............................] - ETA: 2:30 - loss: 2.3070 - accuracy: 0.0860
 1000/10000 [==>...........................] - ETA: 2:19 - loss: 2.3083 - accuracy: 0.1010
 1500/10000 [===>..........................] - ETA: 2:10 - loss: 2.3009 - accuracy: 0.1087
 2000/10000 [=====>........................] - ETA: 2:00 - loss: 2.3030 - accuracy: 0.1030
 2500/10000 [======>.......................] - ETA: 1:53 - loss: 2.2974 - accuracy: 0.1248
 3000/10000 [========>.....................] - ETA: 1:45 - loss: 2.2976 - accuracy: 0.1273
 3500/10000 [=========>....................] - ETA: 1:39 - loss: 2.2855 - accuracy: 0.1346
 4000/10000 [===========>..................] - ETA: 1:31 - loss: 2.2755 - accuracy: 0.1425
 4500/10000 [============>.................] - ETA: 1:24 - loss: 2.3209 - accuracy: 0.1498
 5000/10000 [==============>...............] - ETA: 1:16 - loss: 2.3232 - accuracy: 0.1524
 5500/10000 [===============>..............] - ETA: 1:08 - loss: 2.3081 - accuracy: 0.1553
 6000/10000 [=================>............] - ETA: 1:01 - loss: 2.2988 - accuracy: 0.1565
 6500/10000 [==================>...........] - ETA: 53s - loss: 2.2822 - accuracy: 0.1654 
 7000/10000 [====================>.........] - ETA: 46s - loss: 2.2769 - accuracy: 0.1651
 7500/10000 [=====================>........] - ETA: 38s - loss: 2.2588 - accuracy: 0.1769
 8000/10000 [=======================>......] - ETA: 30s - loss: 2.2471 - accuracy: 0.1797
 8500/10000 [========================>.....] - ETA: 22s - loss: 2.2419 - accuracy: 0.1839
 9000/10000 [==========================>...] - ETA: 15s - loss: 2.2742 - accuracy: 0.1809
 9500/10000 [===========================>..] - ETA: 7s - loss: 2.2751 - accuracy: 0.1835 
10000/10000 [==============================] - 155s 15ms/step - loss: 2.3041 - accuracy: 0.1812 - val_loss: 2.3456 - val_accuracy: 0.2192
Epoch 2/5

  500/10000 [>.............................] - ETA: 2:22 - loss: 2.4140 - accuracy: 0.1720
 1000/10000 [==>...........................] - ETA: 2:16 - loss: 2.2683 - accuracy: 0.2010
 1500/10000 [===>..........................] - ETA: 2:10 - loss: 2.2346 - accuracy: 0.2087
 2000/10000 [=====>........................] - ETA: 2:02 - loss: 2.3505 - accuracy: 0.1960
 2500/10000 [======>.......................] - ETA: 1:55 - loss: 2.3871 - accuracy: 0.2012
 3000/10000 [========>.....................] - ETA: 1:47 - loss: 2.4426 - accuracy: 0.1953
 3500/10000 [=========>....................] - ETA: 1:40 - loss: 2.4792 - accuracy: 0.1963
 4000/10000 [===========>..................] - ETA: 1:32 - loss: 2.4589 - accuracy: 0.1972
 4500/10000 [============>.................] - ETA: 1:24 - loss: 2.4634 - accuracy: 0.1960
 5000/10000 [==============>...............] - ETA: 1:17 - loss: 2.4422 - accuracy: 0.1990
 5500/10000 [===============>..............] - ETA: 1:09 - loss: 2.4316 - accuracy: 0.2015
 6000/10000 [=================>............] - ETA: 1:02 - loss: 2.4139 - accuracy: 0.2078
 6500/10000 [==================>...........] - ETA: 54s - loss: 2.4338 - accuracy: 0.2040 
 7000/10000 [====================>.........] - ETA: 46s - loss: 2.4083 - accuracy: 0.2100
 7500/10000 [=====================>........] - ETA: 38s - loss: 2.3882 - accuracy: 0.2133
 8000/10000 [=======================>......] - ETA: 30s - loss: 2.3759 - accuracy: 0.2166
 8500/10000 [========================>.....] - ETA: 23s - loss: 2.3591 - accuracy: 0.2194
 9000/10000 [==========================>...] - ETA: 15s - loss: 2.3616 - accuracy: 0.2214
 9500/10000 [===========================>..] - ETA: 7s - loss: 2.3550 - accuracy: 0.2206 
10000/10000 [==============================] - 155s 15ms/step - loss: 2.3472 - accuracy: 0.2220 - val_loss: 2.1475 - val_accuracy: 0.2460
Epoch 3/5

  500/10000 [>.............................] - ETA: 2:28 - loss: 2.1933 - accuracy: 0.2540
 1000/10000 [==>...........................] - ETA: 2:24 - loss: 2.3057 - accuracy: 0.2430
 1500/10000 [===>..........................] - ETA: 2:16 - loss: 2.4306 - accuracy: 0.2260
 2000/10000 [=====>........................] - ETA: 2:07 - loss: 2.4140 - accuracy: 0.2330
 2500/10000 [======>.......................] - ETA: 1:58 - loss: 2.4217 - accuracy: 0.2280
 3000/10000 [========>.....................] - ETA: 1:50 - loss: 2.3853 - accuracy: 0.2333
 3500/10000 [=========>....................] - ETA: 1:42 - loss: 2.3920 - accuracy: 0.2417
 4000/10000 [===========>..................] - ETA: 1:34 - loss: 2.3510 - accuracy: 0.2517
 4500/10000 [============>.................] - ETA: 1:26 - loss: 2.3252 - accuracy: 0.2516
 5000/10000 [==============>...............] - ETA: 1:18 - loss: 2.2870 - accuracy: 0.2626
 5500/10000 [===============>..............] - ETA: 1:11 - loss: 2.2561 - accuracy: 0.2702
 6000/10000 [=================>............] - ETA: 1:03 - loss: 2.2410 - accuracy: 0.2760
 6500/10000 [==================>...........] - ETA: 55s - loss: 2.2294 - accuracy: 0.2812 
 7000/10000 [====================>.........] - ETA: 47s - loss: 2.2436 - accuracy: 0.2814
 7500/10000 [=====================>........] - ETA: 39s - loss: 2.2426 - accuracy: 0.2828
 8000/10000 [=======================>......] - ETA: 31s - loss: 2.2353 - accuracy: 0.2836
 8500/10000 [========================>.....] - ETA: 23s - loss: 2.2214 - accuracy: 0.2875
 9000/10000 [==========================>...] - ETA: 15s - loss: 2.2385 - accuracy: 0.2836
 9500/10000 [===========================>..] - ETA: 7s - loss: 2.2473 - accuracy: 0.2831 
10000/10000 [==============================] - 158s 16ms/step - loss: 2.2501 - accuracy: 0.2797 - val_loss: 2.0427 - val_accuracy: 0.2800
Epoch 4/5

  500/10000 [>.............................] - ETA: 2:30 - loss: 2.0332 - accuracy: 0.2540
 1000/10000 [==>...........................] - ETA: 2:21 - loss: 2.0904 - accuracy: 0.2700
 1500/10000 [===>..........................] - ETA: 2:13 - loss: 2.1406 - accuracy: 0.2620
 2000/10000 [=====>........................] - ETA: 2:05 - loss: 2.2064 - accuracy: 0.2515
 2500/10000 [======>.......................] - ETA: 1:57 - loss: 2.2013 - accuracy: 0.2496
 3000/10000 [========>.....................] - ETA: 1:49 - loss: 2.2176 - accuracy: 0.2473
 3500/10000 [=========>....................] - ETA: 1:42 - loss: 2.2049 - accuracy: 0.2446
 4000/10000 [===========>..................] - ETA: 1:34 - loss: 2.2073 - accuracy: 0.2498
 4500/10000 [============>.................] - ETA: 1:25 - loss: 2.2035 - accuracy: 0.2462
 5000/10000 [==============>...............] - ETA: 1:17 - loss: 2.1917 - accuracy: 0.2482
 5500/10000 [===============>..............] - ETA: 1:10 - loss: 2.1914 - accuracy: 0.2515
 6000/10000 [=================>............] - ETA: 1:02 - loss: 2.1841 - accuracy: 0.2508
 6500/10000 [==================>...........] - ETA: 54s - loss: 2.1629 - accuracy: 0.2594 
 7000/10000 [====================>.........] - ETA: 46s - loss: 2.1846 - accuracy: 0.2637
 7500/10000 [=====================>........] - ETA: 39s - loss: 2.2052 - accuracy: 0.2625
 8000/10000 [=======================>......] - ETA: 31s - loss: 2.1969 - accuracy: 0.2640
 8500/10000 [========================>.....] - ETA: 23s - loss: 2.1967 - accuracy: 0.2652
 9000/10000 [==========================>...] - ETA: 15s - loss: 2.1968 - accuracy: 0.2649
 9500/10000 [===========================>..] - ETA: 7s - loss: 2.1894 - accuracy: 0.2687 
10000/10000 [==============================] - 157s 16ms/step - loss: 2.1841 - accuracy: 0.2706 - val_loss: 2.1452 - val_accuracy: 0.3084
Epoch 5/5

  500/10000 [>.............................] - ETA: 2:17 - loss: 2.2334 - accuracy: 0.2780
 1000/10000 [==>...........................] - ETA: 2:14 - loss: 2.1123 - accuracy: 0.3210
 1500/10000 [===>..........................] - ETA: 2:10 - loss: 2.0863 - accuracy: 0.3060
 2000/10000 [=====>........................] - ETA: 2:01 - loss: 2.0679 - accuracy: 0.2980
 2500/10000 [======>.......................] - ETA: 1:55 - loss: 2.0542 - accuracy: 0.2928
 3000/10000 [========>.....................] - ETA: 1:49 - loss: 2.0981 - accuracy: 0.2923
 3500/10000 [=========>....................] - ETA: 1:41 - loss: 2.0917 - accuracy: 0.2894
 4000/10000 [===========>..................] - ETA: 1:34 - loss: 2.0889 - accuracy: 0.2858
 4500/10000 [============>.................] - ETA: 1:25 - loss: 2.0863 - accuracy: 0.2940
 5000/10000 [==============>...............] - ETA: 1:17 - loss: 2.0937 - accuracy: 0.2968
 5500/10000 [===============>..............] - ETA: 1:09 - loss: 2.0884 - accuracy: 0.2964
 6000/10000 [=================>............] - ETA: 1:02 - loss: 2.0785 - accuracy: 0.2992
 6500/10000 [==================>...........] - ETA: 54s - loss: 2.0722 - accuracy: 0.2982 
 7000/10000 [====================>.........] - ETA: 46s - loss: 2.0701 - accuracy: 0.2997
 7500/10000 [=====================>........] - ETA: 38s - loss: 2.0714 - accuracy: 0.3019
 8000/10000 [=======================>......] - ETA: 30s - loss: 2.0706 - accuracy: 0.3029
 8500/10000 [========================>.....] - ETA: 23s - loss: 2.0694 - accuracy: 0.3029
 9000/10000 [==========================>...] - ETA: 15s - loss: 2.0750 - accuracy: 0.3023
 9500/10000 [===========================>..] - ETA: 7s - loss: 2.0717 - accuracy: 0.3034 
10000/10000 [==============================] - 155s 15ms/step - loss: 2.0699 - accuracy: 0.3019 - val_loss: 2.0445 - val_accuracy: 0.3204
Latency --- 781.2577791213989 seconds ---
For delta=0.000100, the current epsilon is: 1.0774
Saving model with new accuracy, previous accuracy was 0.2572000026702881 and present is 0.3018999993801117
Saved model to disk
=====================Iteration========================== 3
For delta=0.000100, the current epsilon is: 1.0774
Noise Mutiplier 2.35
loss= <keras.losses.CategoricalCrossentropy object at 0x1019776ad0>
in grads Tensor("loss_2/mul:0", shape=(?,), dtype=float32)
Train on 10000 samples, validate on 2500 samples
Epoch 1/5

  500/10000 [>.............................] - ETA: 2:38 - loss: 2.2940 - accuracy: 0.0780
 1000/10000 [==>...........................] - ETA: 2:22 - loss: 2.3184 - accuracy: 0.0940
 1500/10000 [===>..........................] - ETA: 2:10 - loss: 2.3133 - accuracy: 0.0993
 2000/10000 [=====>........................] - ETA: 2:01 - loss: 2.3087 - accuracy: 0.1115
 2500/10000 [======>.......................] - ETA: 1:54 - loss: 2.3068 - accuracy: 0.1232
 3000/10000 [========>.....................] - ETA: 1:46 - loss: 2.2916 - accuracy: 0.1340
 3500/10000 [=========>....................] - ETA: 1:39 - loss: 2.2808 - accuracy: 0.1531
 4000/10000 [===========>..................] - ETA: 1:32 - loss: 2.2865 - accuracy: 0.1530
 4500/10000 [============>.................] - ETA: 1:24 - loss: 2.2944 - accuracy: 0.1513
 5000/10000 [==============>...............] - ETA: 1:16 - loss: 2.2923 - accuracy: 0.1534
 5500/10000 [===============>..............] - ETA: 1:09 - loss: 2.2832 - accuracy: 0.1582
 6000/10000 [=================>............] - ETA: 1:01 - loss: 2.2778 - accuracy: 0.1662
 6500/10000 [==================>...........] - ETA: 53s - loss: 2.2779 - accuracy: 0.1682 
 7000/10000 [====================>.........] - ETA: 45s - loss: 2.2630 - accuracy: 0.1761
 7500/10000 [=====================>........] - ETA: 38s - loss: 2.2473 - accuracy: 0.1851
 8000/10000 [=======================>......] - ETA: 30s - loss: 2.2406 - accuracy: 0.1879
 8500/10000 [========================>.....] - ETA: 22s - loss: 2.2289 - accuracy: 0.1919
 9000/10000 [==========================>...] - ETA: 15s - loss: 2.2220 - accuracy: 0.1958
 9500/10000 [===========================>..] - ETA: 7s - loss: 2.2483 - accuracy: 0.1945 
10000/10000 [==============================] - 153s 15ms/step - loss: 2.2517 - accuracy: 0.1969 - val_loss: 2.4341 - val_accuracy: 0.2092
Epoch 2/5

  500/10000 [>.............................] - ETA: 2:09 - loss: 2.4592 - accuracy: 0.1900
 1000/10000 [==>...........................] - ETA: 2:13 - loss: 2.4511 - accuracy: 0.1950
 1500/10000 [===>..........................] - ETA: 2:08 - loss: 2.4256 - accuracy: 0.2087
 2000/10000 [=====>........................] - ETA: 2:01 - loss: 2.4038 - accuracy: 0.2070
 2500/10000 [======>.......................] - ETA: 1:54 - loss: 2.4518 - accuracy: 0.2000
 3000/10000 [========>.....................] - ETA: 1:47 - loss: 2.4897 - accuracy: 0.2030
 3500/10000 [=========>....................] - ETA: 1:39 - loss: 2.4478 - accuracy: 0.2123
 4000/10000 [===========>..................] - ETA: 1:32 - loss: 2.4362 - accuracy: 0.2160
 4500/10000 [============>.................] - ETA: 1:24 - loss: 2.4144 - accuracy: 0.2178
 5000/10000 [==============>...............] - ETA: 1:16 - loss: 2.3899 - accuracy: 0.2298
 5500/10000 [===============>..............] - ETA: 1:09 - loss: 2.3716 - accuracy: 0.2338
 6000/10000 [=================>............] - ETA: 1:01 - loss: 2.3512 - accuracy: 0.2413
 6500/10000 [==================>...........] - ETA: 53s - loss: 2.3276 - accuracy: 0.2455 
 7000/10000 [====================>.........] - ETA: 46s - loss: 2.3157 - accuracy: 0.2507
 7500/10000 [=====================>........] - ETA: 38s - loss: 2.3091 - accuracy: 0.2565
 8000/10000 [=======================>......] - ETA: 30s - loss: 2.3051 - accuracy: 0.2614
 8500/10000 [========================>.....] - ETA: 22s - loss: 2.2892 - accuracy: 0.2664
 9000/10000 [==========================>...] - ETA: 15s - loss: 2.2729 - accuracy: 0.2709
 9500/10000 [===========================>..] - ETA: 7s - loss: 2.2568 - accuracy: 0.2768 
10000/10000 [==============================] - 152s 15ms/step - loss: 2.2542 - accuracy: 0.2786 - val_loss: 2.1273 - val_accuracy: 0.3036
Epoch 3/5

  500/10000 [>.............................] - ETA: 2:19 - loss: 2.2040 - accuracy: 0.2620
 1000/10000 [==>...........................] - ETA: 2:12 - loss: 2.0903 - accuracy: 0.3270
 1500/10000 [===>..........................] - ETA: 2:07 - loss: 2.0217 - accuracy: 0.3513
 2000/10000 [=====>........................] - ETA: 1:59 - loss: 2.0355 - accuracy: 0.3525
 2500/10000 [======>.......................] - ETA: 1:52 - loss: 2.0071 - accuracy: 0.3524
 3000/10000 [========>.....................] - ETA: 1:44 - loss: 2.0164 - accuracy: 0.3540
 3500/10000 [=========>....................] - ETA: 1:37 - loss: 2.0050 - accuracy: 0.3509
 4000/10000 [===========>..................] - ETA: 1:29 - loss: 1.9952 - accuracy: 0.3523
 4500/10000 [============>.................] - ETA: 1:22 - loss: 1.9933 - accuracy: 0.3518
 5000/10000 [==============>...............] - ETA: 1:14 - loss: 1.9979 - accuracy: 0.3532
 5500/10000 [===============>..............] - ETA: 1:07 - loss: 2.0020 - accuracy: 0.3509
 6000/10000 [=================>............] - ETA: 59s - loss: 2.0231 - accuracy: 0.3435 
 6500/10000 [==================>...........] - ETA: 52s - loss: 2.0380 - accuracy: 0.3408
 7000/10000 [====================>.........] - ETA: 44s - loss: 2.0415 - accuracy: 0.3344
 7500/10000 [=====================>........] - ETA: 37s - loss: 2.0275 - accuracy: 0.3377
 8000/10000 [=======================>......] - ETA: 29s - loss: 2.0539 - accuracy: 0.3369
 8500/10000 [========================>.....] - ETA: 22s - loss: 2.0449 - accuracy: 0.3393
 9000/10000 [==========================>...] - ETA: 14s - loss: 2.0433 - accuracy: 0.3390
 9500/10000 [===========================>..] - ETA: 7s - loss: 2.0371 - accuracy: 0.3431 
10000/10000 [==============================] - 150s 15ms/step - loss: 2.0298 - accuracy: 0.3434 - val_loss: 1.9504 - val_accuracy: 0.3728
Epoch 4/5

  500/10000 [>.............................] - ETA: 2:13 - loss: 1.9885 - accuracy: 0.3800
 1000/10000 [==>...........................] - ETA: 2:07 - loss: 2.0544 - accuracy: 0.3490
 1500/10000 [===>..........................] - ETA: 2:01 - loss: 2.0515 - accuracy: 0.3347
 2000/10000 [=====>........................] - ETA: 1:56 - loss: 2.0401 - accuracy: 0.3550
 2500/10000 [======>.......................] - ETA: 1:48 - loss: 2.0099 - accuracy: 0.3600
 3000/10000 [========>.....................] - ETA: 1:41 - loss: 1.9957 - accuracy: 0.3657
 3500/10000 [=========>....................] - ETA: 1:35 - loss: 1.9841 - accuracy: 0.3677
 4000/10000 [===========>..................] - ETA: 1:28 - loss: 1.9847 - accuracy: 0.3710
 4500/10000 [============>.................] - ETA: 1:21 - loss: 1.9813 - accuracy: 0.3684
 5000/10000 [==============>...............] - ETA: 1:14 - loss: 1.9732 - accuracy: 0.3662
 5500/10000 [===============>..............] - ETA: 1:06 - loss: 1.9780 - accuracy: 0.3658
 6000/10000 [=================>............] - ETA: 59s - loss: 1.9857 - accuracy: 0.3633 
 6500/10000 [==================>...........] - ETA: 52s - loss: 1.9821 - accuracy: 0.3635
 7000/10000 [====================>.........] - ETA: 44s - loss: 2.0052 - accuracy: 0.3587
 7500/10000 [=====================>........] - ETA: 37s - loss: 2.0110 - accuracy: 0.3569
 8000/10000 [=======================>......] - ETA: 29s - loss: 2.0114 - accuracy: 0.3545
 8500/10000 [========================>.....] - ETA: 22s - loss: 2.0117 - accuracy: 0.3508
 9000/10000 [==========================>...] - ETA: 15s - loss: 2.0149 - accuracy: 0.3470
 9500/10000 [===========================>..] - ETA: 7s - loss: 2.0140 - accuracy: 0.3449 
10000/10000 [==============================] - 151s 15ms/step - loss: 2.0065 - accuracy: 0.3483 - val_loss: 1.9525 - val_accuracy: 0.3768
Epoch 5/5

  500/10000 [>.............................] - ETA: 2:21 - loss: 1.9607 - accuracy: 0.3760
 1000/10000 [==>...........................] - ETA: 2:13 - loss: 1.9573 - accuracy: 0.3850
 1500/10000 [===>..........................] - ETA: 2:10 - loss: 1.9734 - accuracy: 0.3860
 2000/10000 [=====>........................] - ETA: 2:01 - loss: 1.9671 - accuracy: 0.3855
 2500/10000 [======>.......................] - ETA: 1:53 - loss: 1.9587 - accuracy: 0.3880
 3000/10000 [========>.....................] - ETA: 1:46 - loss: 1.9449 - accuracy: 0.3803
 3500/10000 [=========>....................] - ETA: 1:39 - loss: 1.9485 - accuracy: 0.3746
 4000/10000 [===========>..................] - ETA: 1:32 - loss: 1.9529 - accuracy: 0.3655
 4500/10000 [============>.................] - ETA: 1:24 - loss: 1.9677 - accuracy: 0.3624
 5000/10000 [==============>...............] - ETA: 1:17 - loss: 1.9697 - accuracy: 0.3612
 5500/10000 [===============>..............] - ETA: 1:08 - loss: 1.9870 - accuracy: 0.3595
 6000/10000 [=================>............] - ETA: 1:01 - loss: 1.9971 - accuracy: 0.3490
 6500/10000 [==================>...........] - ETA: 53s - loss: 1.9935 - accuracy: 0.3531 
 7000/10000 [====================>.........] - ETA: 45s - loss: 1.9888 - accuracy: 0.3500
 7500/10000 [=====================>........] - ETA: 38s - loss: 1.9859 - accuracy: 0.3497
 8000/10000 [=======================>......] - ETA: 30s - loss: 1.9818 - accuracy: 0.3450
 8500/10000 [========================>.....] - ETA: 22s - loss: 1.9814 - accuracy: 0.3461
 9000/10000 [==========================>...] - ETA: 15s - loss: 1.9863 - accuracy: 0.3434
 9500/10000 [===========================>..] - ETA: 7s - loss: 1.9872 - accuracy: 0.3401 
10000/10000 [==============================] - 153s 15ms/step - loss: 1.9851 - accuracy: 0.3383 - val_loss: 2.2794 - val_accuracy: 0.3032
Latency --- 761.4938814640045 seconds ---
For delta=0.000100, the current epsilon is: 1.0774
Saving model with new accuracy, previous accuracy was 0.3018999993801117 and present is 0.3382999897003174
Saved model to disk
=====================Iteration========================== 4
For delta=0.000100, the current epsilon is: 1.0774
Noise Mutiplier 2.35
loss= <keras.losses.CategoricalCrossentropy object at 0x10198d3c50>
in grads Tensor("loss_3/mul:0", shape=(?,), dtype=float32)
Train on 10000 samples, validate on 2500 samples
Epoch 1/5

  500/10000 [>.............................] - ETA: 2:33 - loss: 2.3198 - accuracy: 0.1020
 1000/10000 [==>...........................] - ETA: 2:20 - loss: 2.3135 - accuracy: 0.0800
 1500/10000 [===>..........................] - ETA: 2:09 - loss: 2.3116 - accuracy: 0.0820
 2000/10000 [=====>........................] - ETA: 2:01 - loss: 2.3045 - accuracy: 0.0980
 2500/10000 [======>.......................] - ETA: 1:53 - loss: 2.2882 - accuracy: 0.1120
 3000/10000 [========>.....................] - ETA: 1:46 - loss: 2.2715 - accuracy: 0.1380
 3500/10000 [=========>....................] - ETA: 1:38 - loss: 2.2633 - accuracy: 0.1406
 4000/10000 [===========>..................] - ETA: 1:32 - loss: 2.2571 - accuracy: 0.1517
 4500/10000 [============>.................] - ETA: 1:24 - loss: 2.2546 - accuracy: 0.1613
 5000/10000 [==============>...............] - ETA: 1:16 - loss: 2.2483 - accuracy: 0.1674
 5500/10000 [===============>..............] - ETA: 1:09 - loss: 2.2486 - accuracy: 0.1687
 6000/10000 [=================>............] - ETA: 1:01 - loss: 2.2445 - accuracy: 0.1702
 6500/10000 [==================>...........] - ETA: 53s - loss: 2.2692 - accuracy: 0.1654 
 7000/10000 [====================>.........] - ETA: 45s - loss: 2.2737 - accuracy: 0.1647
 7500/10000 [=====================>........] - ETA: 38s - loss: 2.2797 - accuracy: 0.1652
 8000/10000 [=======================>......] - ETA: 30s - loss: 2.2851 - accuracy: 0.1690
 8500/10000 [========================>.....] - ETA: 22s - loss: 2.2828 - accuracy: 0.1701
 9000/10000 [==========================>...] - ETA: 15s - loss: 2.2875 - accuracy: 0.1699
 9500/10000 [===========================>..] - ETA: 7s - loss: 2.2748 - accuracy: 0.1735 
10000/10000 [==============================] - 154s 15ms/step - loss: 2.2622 - accuracy: 0.1817 - val_loss: 2.2220 - val_accuracy: 0.2240
Epoch 2/5

  500/10000 [>.............................] - ETA: 2:21 - loss: 2.2184 - accuracy: 0.2000
 1000/10000 [==>...........................] - ETA: 2:12 - loss: 2.3321 - accuracy: 0.2020
 1500/10000 [===>..........................] - ETA: 2:05 - loss: 2.2846 - accuracy: 0.2220
 2000/10000 [=====>........................] - ETA: 1:58 - loss: 2.3076 - accuracy: 0.2125
 2500/10000 [======>.......................] - ETA: 1:52 - loss: 2.3541 - accuracy: 0.2164
 3000/10000 [========>.....................] - ETA: 1:43 - loss: 2.3755 - accuracy: 0.2120
 3500/10000 [=========>....................] - ETA: 1:36 - loss: 2.3537 - accuracy: 0.2194
 4000/10000 [===========>..................] - ETA: 1:29 - loss: 2.3844 - accuracy: 0.2097
 4500/10000 [============>.................] - ETA: 1:22 - loss: 2.3610 - accuracy: 0.2182
 5000/10000 [==============>...............] - ETA: 1:14 - loss: 2.3429 - accuracy: 0.2194
 5500/10000 [===============>..............] - ETA: 1:07 - loss: 2.3222 - accuracy: 0.2198
 6000/10000 [=================>............] - ETA: 59s - loss: 2.3227 - accuracy: 0.2298 
 6500/10000 [==================>...........] - ETA: 52s - loss: 2.3166 - accuracy: 0.2311
 7000/10000 [====================>.........] - ETA: 44s - loss: 2.3280 - accuracy: 0.2349
 7500/10000 [=====================>........] - ETA: 37s - loss: 2.3105 - accuracy: 0.2391
 8000/10000 [=======================>......] - ETA: 29s - loss: 2.3125 - accuracy: 0.2411
 8500/10000 [========================>.....] - ETA: 22s - loss: 2.3013 - accuracy: 0.2442
 9000/10000 [==========================>...] - ETA: 14s - loss: 2.2878 - accuracy: 0.2497
 9500/10000 [===========================>..] - ETA: 7s - loss: 2.2752 - accuracy: 0.2507 
10000/10000 [==============================] - 150s 15ms/step - loss: 2.2670 - accuracy: 0.2550 - val_loss: 2.0681 - val_accuracy: 0.3108
Epoch 3/5

  500/10000 [>.............................] - ETA: 2:30 - loss: 1.9153 - accuracy: 0.3560
 1000/10000 [==>...........................] - ETA: 2:20 - loss: 1.9973 - accuracy: 0.3580
 1500/10000 [===>..........................] - ETA: 2:08 - loss: 2.2308 - accuracy: 0.3207
 2000/10000 [=====>........................] - ETA: 2:00 - loss: 2.1781 - accuracy: 0.3240
 2500/10000 [======>.......................] - ETA: 1:54 - loss: 2.2044 - accuracy: 0.3176
 3000/10000 [========>.....................] - ETA: 1:45 - loss: 2.2103 - accuracy: 0.3240
 3500/10000 [=========>....................] - ETA: 1:39 - loss: 2.2882 - accuracy: 0.3209
 4000/10000 [===========>..................] - ETA: 1:31 - loss: 2.3111 - accuracy: 0.3155
 4500/10000 [============>.................] - ETA: 1:24 - loss: 2.3046 - accuracy: 0.3158
 5000/10000 [==============>...............] - ETA: 1:15 - loss: 2.3029 - accuracy: 0.3098
 5500/10000 [===============>..............] - ETA: 1:08 - loss: 2.3085 - accuracy: 0.3040
 6000/10000 [=================>............] - ETA: 1:00 - loss: 2.2840 - accuracy: 0.3057
 6500/10000 [==================>...........] - ETA: 53s - loss: 2.2975 - accuracy: 0.3042 
 7000/10000 [====================>.........] - ETA: 45s - loss: 2.3039 - accuracy: 0.3016
 7500/10000 [=====================>........] - ETA: 38s - loss: 2.3035 - accuracy: 0.2987
 8000/10000 [=======================>......] - ETA: 30s - loss: 2.2955 - accuracy: 0.2959
 8500/10000 [========================>.....] - ETA: 22s - loss: 2.2748 - accuracy: 0.2986
 9000/10000 [==========================>...] - ETA: 15s - loss: 2.2747 - accuracy: 0.3012
 9500/10000 [===========================>..] - ETA: 7s - loss: 2.2712 - accuracy: 0.2998 
10000/10000 [==============================] - 153s 15ms/step - loss: 2.2606 - accuracy: 0.3034 - val_loss: 2.2970 - val_accuracy: 0.2548
Epoch 4/5

  500/10000 [>.............................] - ETA: 2:28 - loss: 2.2697 - accuracy: 0.2900
 1000/10000 [==>...........................] - ETA: 2:19 - loss: 2.3343 - accuracy: 0.2910
 1500/10000 [===>..........................] - ETA: 2:11 - loss: 2.2371 - accuracy: 0.3113
 2000/10000 [=====>........................] - ETA: 2:02 - loss: 2.1515 - accuracy: 0.3380
 2500/10000 [======>.......................] - ETA: 1:54 - loss: 2.1121 - accuracy: 0.3340
 3000/10000 [========>.....................] - ETA: 1:46 - loss: 2.0830 - accuracy: 0.3297
 3500/10000 [=========>....................] - ETA: 1:38 - loss: 2.0688 - accuracy: 0.3277
 4000/10000 [===========>..................] - ETA: 1:31 - loss: 2.0616 - accuracy: 0.3282
 4500/10000 [============>.................] - ETA: 1:22 - loss: 2.0707 - accuracy: 0.3256
 5000/10000 [==============>...............] - ETA: 1:14 - loss: 2.0550 - accuracy: 0.3258
 5500/10000 [===============>..............] - ETA: 1:07 - loss: 2.0415 - accuracy: 0.3325
 6000/10000 [=================>............] - ETA: 1:00 - loss: 2.0375 - accuracy: 0.3325
 6500/10000 [==================>...........] - ETA: 52s - loss: 2.0298 - accuracy: 0.3392 
 7000/10000 [====================>.........] - ETA: 44s - loss: 2.0386 - accuracy: 0.3374
 7500/10000 [=====================>........] - ETA: 37s - loss: 2.0406 - accuracy: 0.3349
 8000/10000 [=======================>......] - ETA: 29s - loss: 2.0587 - accuracy: 0.3310
 8500/10000 [========================>.....] - ETA: 22s - loss: 2.0750 - accuracy: 0.3260
 9000/10000 [==========================>...] - ETA: 14s - loss: 2.1160 - accuracy: 0.3219
 9500/10000 [===========================>..] - ETA: 7s - loss: 2.1276 - accuracy: 0.3168 
10000/10000 [==============================] - 150s 15ms/step - loss: 2.1366 - accuracy: 0.3113 - val_loss: 2.4344 - val_accuracy: 0.2184
Epoch 5/5

  500/10000 [>.............................] - ETA: 2:15 - loss: 2.3020 - accuracy: 0.2240
 1000/10000 [==>...........................] - ETA: 2:15 - loss: 2.3440 - accuracy: 0.2240
 1500/10000 [===>..........................] - ETA: 2:08 - loss: 2.3124 - accuracy: 0.2393
 2000/10000 [=====>........................] - ETA: 2:00 - loss: 2.2787 - accuracy: 0.2415
 2500/10000 [======>.......................] - ETA: 1:53 - loss: 2.2459 - accuracy: 0.2592
 3000/10000 [========>.....................] - ETA: 1:45 - loss: 2.2207 - accuracy: 0.2697
 3500/10000 [=========>....................] - ETA: 1:38 - loss: 2.1751 - accuracy: 0.2823
 4000/10000 [===========>..................] - ETA: 1:30 - loss: 2.1841 - accuracy: 0.2848
 4500/10000 [============>.................] - ETA: 1:22 - loss: 2.1760 - accuracy: 0.2811
 5000/10000 [==============>...............] - ETA: 1:15 - loss: 2.1607 - accuracy: 0.2822
 5500/10000 [===============>..............] - ETA: 1:08 - loss: 2.1621 - accuracy: 0.2847
 6000/10000 [=================>............] - ETA: 1:00 - loss: 2.1484 - accuracy: 0.2832
 6500/10000 [==================>...........] - ETA: 52s - loss: 2.1425 - accuracy: 0.2815 
 7000/10000 [====================>.........] - ETA: 45s - loss: 2.1398 - accuracy: 0.2781
 7500/10000 [=====================>........] - ETA: 37s - loss: 2.1335 - accuracy: 0.2773
 8000/10000 [=======================>......] - ETA: 30s - loss: 2.1289 - accuracy: 0.2783
 8500/10000 [========================>.....] - ETA: 22s - loss: 2.1395 - accuracy: 0.2778
 9000/10000 [==========================>...] - ETA: 15s - loss: 2.1373 - accuracy: 0.2764
 9500/10000 [===========================>..] - ETA: 7s - loss: 2.1399 - accuracy: 0.2759 
10000/10000 [==============================] - 152s 15ms/step - loss: 2.1385 - accuracy: 0.2772 - val_loss: 2.1992 - val_accuracy: 0.2688
Latency --- 761.275009393692 seconds ---
For delta=0.000100, the current epsilon is: 1.0774
=====================Iteration========================== 5
For delta=0.000100, the current epsilon is: 1.0774
Noise Mutiplier 2.35
loss= <keras.losses.CategoricalCrossentropy object at 0x1019a74650>
in grads Tensor("loss_4/mul:0", shape=(?,), dtype=float32)
Train on 10000 samples, validate on 2500 samples
Epoch 1/5

  500/10000 [>.............................] - ETA: 2:32 - loss: 2.3262 - accuracy: 0.0640
 1000/10000 [==>...........................] - ETA: 2:19 - loss: 2.3181 - accuracy: 0.1000
 1500/10000 [===>..........................] - ETA: 2:12 - loss: 2.3003 - accuracy: 0.1453
 2000/10000 [=====>........................] - ETA: 2:05 - loss: 2.2819 - accuracy: 0.1500
 2500/10000 [======>.......................] - ETA: 1:57 - loss: 2.2707 - accuracy: 0.1616
 3000/10000 [========>.....................] - ETA: 1:49 - loss: 2.2740 - accuracy: 0.1543
 3500/10000 [=========>....................] - ETA: 1:41 - loss: 2.2871 - accuracy: 0.1477
 4000/10000 [===========>..................] - ETA: 1:34 - loss: 2.2837 - accuracy: 0.1532
 4500/10000 [============>.................] - ETA: 1:26 - loss: 2.2913 - accuracy: 0.1507
 5000/10000 [==============>...............] - ETA: 1:19 - loss: 2.2739 - accuracy: 0.1552
 5500/10000 [===============>..............] - ETA: 1:10 - loss: 2.2568 - accuracy: 0.1620
 6000/10000 [=================>............] - ETA: 1:02 - loss: 2.2798 - accuracy: 0.1612
 6500/10000 [==================>...........] - ETA: 54s - loss: 2.2600 - accuracy: 0.1665 
 7000/10000 [====================>.........] - ETA: 47s - loss: 2.2530 - accuracy: 0.1687
 7500/10000 [=====================>........] - ETA: 39s - loss: 2.2422 - accuracy: 0.1731
 8000/10000 [=======================>......] - ETA: 31s - loss: 2.2522 - accuracy: 0.1716
 8500/10000 [========================>.....] - ETA: 23s - loss: 2.2351 - accuracy: 0.1789
 9000/10000 [==========================>...] - ETA: 15s - loss: 2.2213 - accuracy: 0.1860
 9500/10000 [===========================>..] - ETA: 7s - loss: 2.2514 - accuracy: 0.1862 
10000/10000 [==============================] - 157s 16ms/step - loss: 2.2590 - accuracy: 0.1865 - val_loss: 2.2905 - val_accuracy: 0.2016
Epoch 2/5

  500/10000 [>.............................] - ETA: 2:18 - loss: 2.2159 - accuracy: 0.2420
 1000/10000 [==>...........................] - ETA: 2:15 - loss: 2.2266 - accuracy: 0.2280
 1500/10000 [===>..........................] - ETA: 2:07 - loss: 2.2261 - accuracy: 0.2567
 2000/10000 [=====>........................] - ETA: 2:00 - loss: 2.2215 - accuracy: 0.2590
 2500/10000 [======>.......................] - ETA: 1:54 - loss: 2.2213 - accuracy: 0.2432
 3000/10000 [========>.....................] - ETA: 1:46 - loss: 2.2120 - accuracy: 0.2527
 3500/10000 [=========>....................] - ETA: 1:39 - loss: 2.2382 - accuracy: 0.2414
 4000/10000 [===========>..................] - ETA: 1:31 - loss: 2.2132 - accuracy: 0.2397
 4500/10000 [============>.................] - ETA: 1:24 - loss: 2.1947 - accuracy: 0.2473
 5000/10000 [==============>...............] - ETA: 1:17 - loss: 2.1887 - accuracy: 0.2552
 5500/10000 [===============>..............] - ETA: 1:09 - loss: 2.1870 - accuracy: 0.2525
 6000/10000 [=================>............] - ETA: 1:02 - loss: 2.1853 - accuracy: 0.2557
 6500/10000 [==================>...........] - ETA: 54s - loss: 2.1825 - accuracy: 0.2592 
 7000/10000 [====================>.........] - ETA: 46s - loss: 2.1882 - accuracy: 0.2614
 7500/10000 [=====================>........] - ETA: 38s - loss: 2.2011 - accuracy: 0.2605
 8000/10000 [=======================>......] - ETA: 30s - loss: 2.1981 - accuracy: 0.2636
 8500/10000 [========================>.....] - ETA: 23s - loss: 2.2111 - accuracy: 0.2639
 9000/10000 [==========================>...] - ETA: 15s - loss: 2.1940 - accuracy: 0.2683
 9500/10000 [===========================>..] - ETA: 7s - loss: 2.1984 - accuracy: 0.2713 
10000/10000 [==============================] - 156s 16ms/step - loss: 2.1996 - accuracy: 0.2731 - val_loss: 2.1826 - val_accuracy: 0.3060
Epoch 3/5

  500/10000 [>.............................] - ETA: 2:22 - loss: 2.1923 - accuracy: 0.3320
 1000/10000 [==>...........................] - ETA: 2:17 - loss: 2.1744 - accuracy: 0.3430
 1500/10000 [===>..........................] - ETA: 2:10 - loss: 2.2172 - accuracy: 0.3267
 2000/10000 [=====>........................] - ETA: 2:02 - loss: 2.2657 - accuracy: 0.3405
 2500/10000 [======>.......................] - ETA: 1:54 - loss: 2.1993 - accuracy: 0.3500
 3000/10000 [========>.....................] - ETA: 1:47 - loss: 2.2767 - accuracy: 0.3417
 3500/10000 [=========>....................] - ETA: 1:39 - loss: 2.2946 - accuracy: 0.3346
 4000/10000 [===========>..................] - ETA: 1:31 - loss: 2.2503 - accuracy: 0.3395
 4500/10000 [============>.................] - ETA: 1:24 - loss: 2.2262 - accuracy: 0.3420
 5000/10000 [==============>...............] - ETA: 1:16 - loss: 2.2275 - accuracy: 0.3408
 5500/10000 [===============>..............] - ETA: 1:09 - loss: 2.2465 - accuracy: 0.3404
 6000/10000 [=================>............] - ETA: 1:01 - loss: 2.2721 - accuracy: 0.3335
 6500/10000 [==================>...........] - ETA: 53s - loss: 2.3255 - accuracy: 0.3252 
 7000/10000 [====================>.........] - ETA: 45s - loss: 2.3334 - accuracy: 0.3183
 7500/10000 [=====================>........] - ETA: 38s - loss: 2.3277 - accuracy: 0.3153
 8000/10000 [=======================>......] - ETA: 30s - loss: 2.3505 - accuracy: 0.3133
 8500/10000 [========================>.....] - ETA: 22s - loss: 2.3435 - accuracy: 0.3108
 9000/10000 [==========================>...] - ETA: 15s - loss: 2.3331 - accuracy: 0.3099
 9500/10000 [===========================>..] - ETA: 7s - loss: 2.3356 - accuracy: 0.3033 
10000/10000 [==============================] - 154s 15ms/step - loss: 2.3315 - accuracy: 0.3014 - val_loss: 2.1510 - val_accuracy: 0.1980
Epoch 4/5

  500/10000 [>.............................] - ETA: 2:24 - loss: 2.1344 - accuracy: 0.2320
 1000/10000 [==>...........................] - ETA: 2:14 - loss: 2.2777 - accuracy: 0.2280
 1500/10000 [===>..........................] - ETA: 2:07 - loss: 2.2398 - accuracy: 0.2233
 2000/10000 [=====>........................] - ETA: 2:01 - loss: 2.2039 - accuracy: 0.2455
 2500/10000 [======>.......................] - ETA: 1:55 - loss: 2.1898 - accuracy: 0.2584
 3000/10000 [========>.....................] - ETA: 1:46 - loss: 2.1767 - accuracy: 0.2623
 3500/10000 [=========>....................] - ETA: 1:38 - loss: 2.2171 - accuracy: 0.2569
 4000/10000 [===========>..................] - ETA: 1:31 - loss: 2.2262 - accuracy: 0.2495
 4500/10000 [============>.................] - ETA: 1:24 - loss: 2.2384 - accuracy: 0.2587
 5000/10000 [==============>...............] - ETA: 1:16 - loss: 2.2282 - accuracy: 0.2506
 5500/10000 [===============>..............] - ETA: 1:09 - loss: 2.2178 - accuracy: 0.2447
 6000/10000 [=================>............] - ETA: 1:01 - loss: 2.2117 - accuracy: 0.2478
 6500/10000 [==================>...........] - ETA: 53s - loss: 2.1996 - accuracy: 0.2497 
 7000/10000 [====================>.........] - ETA: 46s - loss: 2.2042 - accuracy: 0.2503
 7500/10000 [=====================>........] - ETA: 38s - loss: 2.2060 - accuracy: 0.2499
 8000/10000 [=======================>......] - ETA: 30s - loss: 2.2048 - accuracy: 0.2510
 8500/10000 [========================>.....] - ETA: 22s - loss: 2.1952 - accuracy: 0.2525
 9000/10000 [==========================>...] - ETA: 15s - loss: 2.1946 - accuracy: 0.2526
 9500/10000 [===========================>..] - ETA: 7s - loss: 2.1925 - accuracy: 0.2509 
10000/10000 [==============================] - 153s 15ms/step - loss: 2.1933 - accuracy: 0.2492 - val_loss: 2.3020 - val_accuracy: 0.2472
Epoch 5/5

  500/10000 [>.............................] - ETA: 2:21 - loss: 2.1706 - accuracy: 0.2980
 1000/10000 [==>...........................] - ETA: 2:14 - loss: 2.1719 - accuracy: 0.2570
 1500/10000 [===>..........................] - ETA: 2:08 - loss: 2.2874 - accuracy: 0.2467
 2000/10000 [=====>........................] - ETA: 2:02 - loss: 2.2719 - accuracy: 0.2320
 2500/10000 [======>.......................] - ETA: 1:55 - loss: 2.2736 - accuracy: 0.2216
 3000/10000 [========>.....................] - ETA: 1:48 - loss: 2.2613 - accuracy: 0.2237
 3500/10000 [=========>....................] - ETA: 1:40 - loss: 2.3529 - accuracy: 0.2183
 4000/10000 [===========>..................] - ETA: 1:32 - loss: 2.3511 - accuracy: 0.2080
 4500/10000 [============>.................] - ETA: 1:24 - loss: 2.3435 - accuracy: 0.1973
 5000/10000 [==============>...............] - ETA: 1:17 - loss: 2.3316 - accuracy: 0.2004
 5500/10000 [===============>..............] - ETA: 1:09 - loss: 2.3274 - accuracy: 0.1987
 6000/10000 [=================>............] - ETA: 1:02 - loss: 2.3154 - accuracy: 0.1980
 6500/10000 [==================>...........] - ETA: 54s - loss: 2.3024 - accuracy: 0.1982 
 7000/10000 [====================>.........] - ETA: 46s - loss: 2.3114 - accuracy: 0.2013
 7500/10000 [=====================>........] - ETA: 38s - loss: 2.3114 - accuracy: 0.2013
 8000/10000 [=======================>......] - ETA: 31s - loss: 2.3018 - accuracy: 0.2031
 8500/10000 [========================>.....] - ETA: 23s - loss: 2.2962 - accuracy: 0.2025
 9000/10000 [==========================>...] - ETA: 15s - loss: 2.2868 - accuracy: 0.2052
 9500/10000 [===========================>..] - ETA: 7s - loss: 2.2767 - accuracy: 0.2093 
10000/10000 [==============================] - 155s 15ms/step - loss: 2.2652 - accuracy: 0.2125 - val_loss: 2.2401 - val_accuracy: 0.2644
Latency --- 778.3732335567474 seconds ---
For delta=0.000100, the current epsilon is: 1.0774
=====================Iteration========================== 6
For delta=0.000100, the current epsilon is: 1.0774
Noise Mutiplier 2.35
loss= <keras.losses.CategoricalCrossentropy object at 0x1019c04ed0>
in grads Tensor("loss_5/mul:0", shape=(?,), dtype=float32)
Train on 10000 samples, validate on 2500 samples
Epoch 1/5

  500/10000 [>.............................] - ETA: 2:35 - loss: 2.2988 - accuracy: 0.1520
 1000/10000 [==>...........................] - ETA: 2:20 - loss: 2.2955 - accuracy: 0.1370
 1500/10000 [===>..........................] - ETA: 2:13 - loss: 2.3028 - accuracy: 0.1233
 2000/10000 [=====>........................] - ETA: 2:05 - loss: 2.3036 - accuracy: 0.1230
 2500/10000 [======>.......................] - ETA: 1:57 - loss: 2.3009 - accuracy: 0.1172
 3000/10000 [========>.....................] - ETA: 1:48 - loss: 2.2993 - accuracy: 0.1207
 3500/10000 [=========>....................] - ETA: 1:40 - loss: 2.3109 - accuracy: 0.1154
 4000/10000 [===========>..................] - ETA: 1:32 - loss: 2.3108 - accuracy: 0.1123
 4500/10000 [============>.................] - ETA: 1:25 - loss: 2.3069 - accuracy: 0.1149
 5000/10000 [==============>...............] - ETA: 1:17 - loss: 2.3042 - accuracy: 0.1214
 5500/10000 [===============>..............] - ETA: 1:09 - loss: 2.2965 - accuracy: 0.1253
 6000/10000 [=================>............] - ETA: 1:02 - loss: 2.2883 - accuracy: 0.1260
 6500/10000 [==================>...........] - ETA: 54s - loss: 2.2822 - accuracy: 0.1277 
 7000/10000 [====================>.........] - ETA: 46s - loss: 2.2835 - accuracy: 0.1321
 7500/10000 [=====================>........] - ETA: 38s - loss: 2.2842 - accuracy: 0.1339
 8000/10000 [=======================>......] - ETA: 30s - loss: 2.2795 - accuracy: 0.1389
 8500/10000 [========================>.....] - ETA: 23s - loss: 2.2720 - accuracy: 0.1413
 9000/10000 [==========================>...] - ETA: 15s - loss: 2.2647 - accuracy: 0.1438
 9500/10000 [===========================>..] - ETA: 7s - loss: 2.2586 - accuracy: 0.1489 
10000/10000 [==============================] - 155s 15ms/step - loss: 2.2653 - accuracy: 0.1493 - val_loss: 2.2778 - val_accuracy: 0.2116
Epoch 2/5

  500/10000 [>.............................] - ETA: 2:32 - loss: 2.2301 - accuracy: 0.2280
 1000/10000 [==>...........................] - ETA: 2:18 - loss: 2.1819 - accuracy: 0.2370
 1500/10000 [===>..........................] - ETA: 2:11 - loss: 2.0992 - accuracy: 0.2633
 2000/10000 [=====>........................] - ETA: 2:01 - loss: 2.0325 - accuracy: 0.2955
 2500/10000 [======>.......................] - ETA: 1:55 - loss: 2.0051 - accuracy: 0.3056
 3000/10000 [========>.....................] - ETA: 1:47 - loss: 1.9821 - accuracy: 0.3140
 3500/10000 [=========>....................] - ETA: 1:38 - loss: 1.9774 - accuracy: 0.3174
 4000/10000 [===========>..................] - ETA: 1:31 - loss: 1.9692 - accuracy: 0.3277
 4500/10000 [============>.................] - ETA: 1:23 - loss: 2.0153 - accuracy: 0.3249
 5000/10000 [==============>...............] - ETA: 1:16 - loss: 2.0573 - accuracy: 0.3216
 5500/10000 [===============>..............] - ETA: 1:08 - loss: 2.0606 - accuracy: 0.3185
 6000/10000 [=================>............] - ETA: 1:00 - loss: 2.0597 - accuracy: 0.3172
 6500/10000 [==================>...........] - ETA: 52s - loss: 2.0654 - accuracy: 0.3135 
 7000/10000 [====================>.........] - ETA: 45s - loss: 2.0878 - accuracy: 0.3066
 7500/10000 [=====================>........] - ETA: 37s - loss: 2.0978 - accuracy: 0.3040
 8000/10000 [=======================>......] - ETA: 30s - loss: 2.0998 - accuracy: 0.3009
 8500/10000 [========================>.....] - ETA: 22s - loss: 2.0940 - accuracy: 0.3008
 9000/10000 [==========================>...] - ETA: 15s - loss: 2.0894 - accuracy: 0.3019
 9500/10000 [===========================>..] - ETA: 7s - loss: 2.0873 - accuracy: 0.3032 
10000/10000 [==============================] - 152s 15ms/step - loss: 2.0877 - accuracy: 0.3040 - val_loss: 2.3129 - val_accuracy: 0.3148
Epoch 3/5

  500/10000 [>.............................] - ETA: 2:24 - loss: 2.2788 - accuracy: 0.3240
 1000/10000 [==>...........................] - ETA: 2:21 - loss: 2.1393 - accuracy: 0.3210
 1500/10000 [===>..........................] - ETA: 2:10 - loss: 2.1092 - accuracy: 0.3227
 2000/10000 [=====>........................] - ETA: 2:02 - loss: 2.1398 - accuracy: 0.3215
 2500/10000 [======>.......................] - ETA: 1:55 - loss: 2.1338 - accuracy: 0.3256
 3000/10000 [========>.....................] - ETA: 1:48 - loss: 2.1422 - accuracy: 0.3240
 3500/10000 [=========>....................] - ETA: 1:39 - loss: 2.1551 - accuracy: 0.3237
 4000/10000 [===========>..................] - ETA: 1:31 - loss: 2.1503 - accuracy: 0.3215
 4500/10000 [============>.................] - ETA: 1:23 - loss: 2.1603 - accuracy: 0.3191
 5000/10000 [==============>...............] - ETA: 1:15 - loss: 2.1215 - accuracy: 0.3270
 5500/10000 [===============>..............] - ETA: 1:08 - loss: 2.1289 - accuracy: 0.3273
 6000/10000 [=================>............] - ETA: 1:00 - loss: 2.1036 - accuracy: 0.3308
 6500/10000 [==================>...........] - ETA: 52s - loss: 2.0845 - accuracy: 0.3337 
 7000/10000 [====================>.........] - ETA: 45s - loss: 2.0764 - accuracy: 0.3370
 7500/10000 [=====================>........] - ETA: 37s - loss: 2.0648 - accuracy: 0.3403
 8000/10000 [=======================>......] - ETA: 30s - loss: 2.0668 - accuracy: 0.3415
 8500/10000 [========================>.....] - ETA: 22s - loss: 2.0611 - accuracy: 0.3428
 9000/10000 [==========================>...] - ETA: 15s - loss: 2.0516 - accuracy: 0.3440
 9500/10000 [===========================>..] - ETA: 7s - loss: 2.0645 - accuracy: 0.3416 
10000/10000 [==============================] - 152s 15ms/step - loss: 2.0726 - accuracy: 0.3420 - val_loss: 2.1277 - val_accuracy: 0.3460
Epoch 4/5

  500/10000 [>.............................] - ETA: 2:20 - loss: 1.8768 - accuracy: 0.3960
 1000/10000 [==>...........................] - ETA: 2:14 - loss: 1.9254 - accuracy: 0.3980
 1500/10000 [===>..........................] - ETA: 2:08 - loss: 1.9356 - accuracy: 0.3720
 2000/10000 [=====>........................] - ETA: 2:03 - loss: 1.9623 - accuracy: 0.3740
 2500/10000 [======>.......................] - ETA: 1:54 - loss: 1.9676 - accuracy: 0.3688
 3000/10000 [========>.....................] - ETA: 1:47 - loss: 1.9962 - accuracy: 0.3760
 3500/10000 [=========>....................] - ETA: 1:40 - loss: 2.0518 - accuracy: 0.3620
 4000/10000 [===========>..................] - ETA: 1:32 - loss: 2.0666 - accuracy: 0.3593
 4500/10000 [============>.................] - ETA: 1:24 - loss: 2.0655 - accuracy: 0.3589
 5000/10000 [==============>...............] - ETA: 1:17 - loss: 2.0668 - accuracy: 0.3552
 5500/10000 [===============>..............] - ETA: 1:09 - loss: 2.0471 - accuracy: 0.3567
 6000/10000 [=================>............] - ETA: 1:01 - loss: 2.0316 - accuracy: 0.3602
 6500/10000 [==================>...........] - ETA: 53s - loss: 2.0321 - accuracy: 0.3642 
 7000/10000 [====================>.........] - ETA: 45s - loss: 2.0283 - accuracy: 0.3634
 7500/10000 [=====================>........] - ETA: 38s - loss: 2.0312 - accuracy: 0.3623
 8000/10000 [=======================>......] - ETA: 30s - loss: 2.0217 - accuracy: 0.3638
 8500/10000 [========================>.....] - ETA: 23s - loss: 2.0166 - accuracy: 0.3647
 9000/10000 [==========================>...] - ETA: 15s - loss: 2.0553 - accuracy: 0.3602
 9500/10000 [===========================>..] - ETA: 7s - loss: 2.0601 - accuracy: 0.3572 
10000/10000 [==============================] - 154s 15ms/step - loss: 2.0658 - accuracy: 0.3555 - val_loss: 2.1136 - val_accuracy: 0.3528
Epoch 5/5

  500/10000 [>.............................] - ETA: 2:26 - loss: 1.9503 - accuracy: 0.4000
 1000/10000 [==>...........................] - ETA: 2:17 - loss: 2.0315 - accuracy: 0.3510
 1500/10000 [===>..........................] - ETA: 2:09 - loss: 1.9843 - accuracy: 0.3707
 2000/10000 [=====>........................] - ETA: 2:02 - loss: 1.9276 - accuracy: 0.3820
 2500/10000 [======>.......................] - ETA: 1:55 - loss: 1.9324 - accuracy: 0.3796
 3000/10000 [========>.....................] - ETA: 1:47 - loss: 1.9640 - accuracy: 0.3777
 3500/10000 [=========>....................] - ETA: 1:39 - loss: 1.9390 - accuracy: 0.3754
 4000/10000 [===========>..................] - ETA: 1:32 - loss: 1.9118 - accuracy: 0.3778
 4500/10000 [============>.................] - ETA: 1:24 - loss: 1.9110 - accuracy: 0.3818
 5000/10000 [==============>...............] - ETA: 1:16 - loss: 1.9112 - accuracy: 0.3814
 5500/10000 [===============>..............] - ETA: 1:08 - loss: 1.9172 - accuracy: 0.3782
 6000/10000 [=================>............] - ETA: 1:01 - loss: 1.9246 - accuracy: 0.3740
 6500/10000 [==================>...........] - ETA: 53s - loss: 1.9337 - accuracy: 0.3703 
 7000/10000 [====================>.........] - ETA: 45s - loss: 1.9271 - accuracy: 0.3701
 7500/10000 [=====================>........] - ETA: 38s - loss: 1.9227 - accuracy: 0.3679
 8000/10000 [=======================>......] - ETA: 30s - loss: 1.9244 - accuracy: 0.3659
 8500/10000 [========================>.....] - ETA: 22s - loss: 1.9560 - accuracy: 0.3641
 9000/10000 [==========================>...] - ETA: 15s - loss: 1.9544 - accuracy: 0.3626
 9500/10000 [===========================>..] - ETA: 7s - loss: 1.9564 - accuracy: 0.3631 
10000/10000 [==============================] - 153s 15ms/step - loss: 1.9532 - accuracy: 0.3627 - val_loss: 2.0723 - val_accuracy: 0.3264
Latency --- 769.0563714504242 seconds ---
For delta=0.000100, the current epsilon is: 1.0774
Saving model with new accuracy, previous accuracy was 0.3382999897003174 and present is 0.3626999855041504
Saved model to disk
=====================Iteration========================== 7
For delta=0.000100, the current epsilon is: 1.0774
Noise Mutiplier 2.35
loss= <keras.losses.CategoricalCrossentropy object at 0x1019d852d0>
in grads Tensor("loss_6/mul:0", shape=(?,), dtype=float32)
Train on 10000 samples, validate on 2500 samples
Epoch 1/5

  500/10000 [>.............................] - ETA: 2:33 - loss: 2.3128 - accuracy: 0.0960
 1000/10000 [==>...........................] - ETA: 2:20 - loss: 2.3101 - accuracy: 0.1130
 1500/10000 [===>..........................] - ETA: 2:12 - loss: 2.2952 - accuracy: 0.1153
 2000/10000 [=====>........................] - ETA: 2:03 - loss: 2.2947 - accuracy: 0.1250
 2500/10000 [======>.......................] - ETA: 1:55 - loss: 2.2988 - accuracy: 0.1336
 3000/10000 [========>.....................] - ETA: 1:47 - loss: 2.3015 - accuracy: 0.1433
 3500/10000 [=========>....................] - ETA: 1:40 - loss: 2.3049 - accuracy: 0.1457
 4000/10000 [===========>..................] - ETA: 1:32 - loss: 2.3011 - accuracy: 0.1425
 4500/10000 [============>.................] - ETA: 1:24 - loss: 2.2984 - accuracy: 0.1420
 5000/10000 [==============>...............] - ETA: 1:16 - loss: 2.2917 - accuracy: 0.1456
 5500/10000 [===============>..............] - ETA: 1:09 - loss: 2.2948 - accuracy: 0.1415
 6000/10000 [=================>............] - ETA: 1:01 - loss: 2.2987 - accuracy: 0.1415
 6500/10000 [==================>...........] - ETA: 53s - loss: 2.2926 - accuracy: 0.1455 
 7000/10000 [====================>.........] - ETA: 46s - loss: 2.2893 - accuracy: 0.1490
 7500/10000 [=====================>........] - ETA: 38s - loss: 2.2865 - accuracy: 0.1524
 8000/10000 [=======================>......] - ETA: 30s - loss: 2.2766 - accuracy: 0.1580
 8500/10000 [========================>.....] - ETA: 23s - loss: 2.2634 - accuracy: 0.1656
 9000/10000 [==========================>...] - ETA: 15s - loss: 2.2492 - accuracy: 0.1740
 9500/10000 [===========================>..] - ETA: 7s - loss: 2.2611 - accuracy: 0.1771 
10000/10000 [==============================] - 155s 15ms/step - loss: 2.2644 - accuracy: 0.1801 - val_loss: 2.1000 - val_accuracy: 0.2708
Epoch 2/5

  500/10000 [>.............................] - ETA: 2:31 - loss: 1.9942 - accuracy: 0.3320
 1000/10000 [==>...........................] - ETA: 2:21 - loss: 1.9733 - accuracy: 0.3290
 1500/10000 [===>..........................] - ETA: 2:10 - loss: 1.9619 - accuracy: 0.3333
 2000/10000 [=====>........................] - ETA: 2:03 - loss: 2.0635 - accuracy: 0.3140
 2500/10000 [======>.......................] - ETA: 1:55 - loss: 2.0524 - accuracy: 0.3204
 3000/10000 [========>.....................] - ETA: 1:47 - loss: 2.0469 - accuracy: 0.3140
 3500/10000 [=========>....................] - ETA: 1:40 - loss: 2.0494 - accuracy: 0.3089
 4000/10000 [===========>..................] - ETA: 1:32 - loss: 2.0679 - accuracy: 0.2995
 4500/10000 [============>.................] - ETA: 1:24 - loss: 2.0614 - accuracy: 0.2978
 5000/10000 [==============>...............] - ETA: 1:17 - loss: 2.0452 - accuracy: 0.3054
 5500/10000 [===============>..............] - ETA: 1:09 - loss: 2.0637 - accuracy: 0.3058
 6000/10000 [=================>............] - ETA: 1:01 - loss: 2.0809 - accuracy: 0.3028
 6500/10000 [==================>...........] - ETA: 53s - loss: 2.0753 - accuracy: 0.2957 
 7000/10000 [====================>.........] - ETA: 46s - loss: 2.0812 - accuracy: 0.2919
 7500/10000 [=====================>........] - ETA: 38s - loss: 2.0946 - accuracy: 0.2900
 8000/10000 [=======================>......] - ETA: 30s - loss: 2.1058 - accuracy: 0.2878
 8500/10000 [========================>.....] - ETA: 23s - loss: 2.1207 - accuracy: 0.2874
 9000/10000 [==========================>...] - ETA: 15s - loss: 2.1204 - accuracy: 0.2888
 9500/10000 [===========================>..] - ETA: 7s - loss: 2.1280 - accuracy: 0.2892 
10000/10000 [==============================] - 155s 15ms/step - loss: 2.1364 - accuracy: 0.2891 - val_loss: 2.6248 - val_accuracy: 0.2696
Epoch 3/5

  500/10000 [>.............................] - ETA: 2:22 - loss: 2.6899 - accuracy: 0.2300
 1000/10000 [==>...........................] - ETA: 2:16 - loss: 2.5902 - accuracy: 0.2260
 1500/10000 [===>..........................] - ETA: 2:09 - loss: 2.5453 - accuracy: 0.2407
 2000/10000 [=====>........................] - ETA: 2:02 - loss: 2.4794 - accuracy: 0.2385
 2500/10000 [======>.......................] - ETA: 1:54 - loss: 2.3991 - accuracy: 0.2508
 3000/10000 [========>.....................] - ETA: 1:46 - loss: 2.3696 - accuracy: 0.2507
 3500/10000 [=========>....................] - ETA: 1:38 - loss: 2.3328 - accuracy: 0.2563
 4000/10000 [===========>..................] - ETA: 1:31 - loss: 2.2997 - accuracy: 0.2570
 4500/10000 [============>.................] - ETA: 1:23 - loss: 2.2721 - accuracy: 0.2604
 5000/10000 [==============>...............] - ETA: 1:15 - loss: 2.2525 - accuracy: 0.2650
 5500/10000 [===============>..............] - ETA: 1:08 - loss: 2.2350 - accuracy: 0.2675
 6000/10000 [=================>............] - ETA: 1:00 - loss: 2.2201 - accuracy: 0.2705
 6500/10000 [==================>...........] - ETA: 52s - loss: 2.2234 - accuracy: 0.2685 
 7000/10000 [====================>.........] - ETA: 45s - loss: 2.2203 - accuracy: 0.2693
 7500/10000 [=====================>........] - ETA: 37s - loss: 2.2094 - accuracy: 0.2720
 8000/10000 [=======================>......] - ETA: 30s - loss: 2.1978 - accuracy: 0.2744
 8500/10000 [========================>.....] - ETA: 22s - loss: 2.1884 - accuracy: 0.2765
 9000/10000 [==========================>...] - ETA: 15s - loss: 2.1850 - accuracy: 0.2761
 9500/10000 [===========================>..] - ETA: 7s - loss: 2.1865 - accuracy: 0.2768 
10000/10000 [==============================] - 152s 15ms/step - loss: 2.1973 - accuracy: 0.2728 - val_loss: 2.2563 - val_accuracy: 0.1704
Epoch 4/5

  500/10000 [>.............................] - ETA: 2:25 - loss: 2.2048 - accuracy: 0.2100
 1000/10000 [==>...........................] - ETA: 2:17 - loss: 2.2202 - accuracy: 0.2090
 1500/10000 [===>..........................] - ETA: 2:06 - loss: 2.2072 - accuracy: 0.2140
 2000/10000 [=====>........................] - ETA: 1:59 - loss: 2.1922 - accuracy: 0.2305
 2500/10000 [======>.......................] - ETA: 1:52 - loss: 2.1936 - accuracy: 0.2328
 3000/10000 [========>.....................] - ETA: 1:45 - loss: 2.2056 - accuracy: 0.2313
 3500/10000 [=========>....................] - ETA: 1:37 - loss: 2.2087 - accuracy: 0.2280
 4000/10000 [===========>..................] - ETA: 1:29 - loss: 2.2267 - accuracy: 0.2265
 4500/10000 [============>.................] - ETA: 1:22 - loss: 2.2201 - accuracy: 0.2262
 5000/10000 [==============>...............] - ETA: 1:15 - loss: 2.2106 - accuracy: 0.2292
 5500/10000 [===============>..............] - ETA: 1:07 - loss: 2.2137 - accuracy: 0.2331
 6000/10000 [=================>............] - ETA: 1:00 - loss: 2.2045 - accuracy: 0.2365
 6500/10000 [==================>...........] - ETA: 53s - loss: 2.1990 - accuracy: 0.2374 
 7000/10000 [====================>.........] - ETA: 45s - loss: 2.2026 - accuracy: 0.2413
 7500/10000 [=====================>........] - ETA: 37s - loss: 2.1954 - accuracy: 0.2427
 8000/10000 [=======================>......] - ETA: 30s - loss: 2.2061 - accuracy: 0.2436
 8500/10000 [========================>.....] - ETA: 22s - loss: 2.2061 - accuracy: 0.2429
 9000/10000 [==========================>...] - ETA: 15s - loss: 2.2079 - accuracy: 0.2426
 9500/10000 [===========================>..] - ETA: 7s - loss: 2.2067 - accuracy: 0.2425 
10000/10000 [==============================] - 152s 15ms/step - loss: 2.2098 - accuracy: 0.2421 - val_loss: 2.1723 - val_accuracy: 0.2600
Epoch 5/5

  500/10000 [>.............................] - ETA: 2:22 - loss: 2.1639 - accuracy: 0.2420
 1000/10000 [==>...........................] - ETA: 2:17 - loss: 2.1847 - accuracy: 0.2700
 1500/10000 [===>..........................] - ETA: 2:10 - loss: 2.1981 - accuracy: 0.2747
 2000/10000 [=====>........................] - ETA: 2:02 - loss: 2.2223 - accuracy: 0.2585
 2500/10000 [======>.......................] - ETA: 1:54 - loss: 2.1994 - accuracy: 0.2596
 3000/10000 [========>.....................] - ETA: 1:46 - loss: 2.2041 - accuracy: 0.2597
 3500/10000 [=========>....................] - ETA: 1:39 - loss: 2.1980 - accuracy: 0.2634
 4000/10000 [===========>..................] - ETA: 1:31 - loss: 2.2009 - accuracy: 0.2567
 4500/10000 [============>.................] - ETA: 1:24 - loss: 2.1925 - accuracy: 0.2562
 5000/10000 [==============>...............] - ETA: 1:16 - loss: 2.1999 - accuracy: 0.2570
 5500/10000 [===============>..............] - ETA: 1:08 - loss: 2.2062 - accuracy: 0.2531
 6000/10000 [=================>............] - ETA: 1:01 - loss: 2.2069 - accuracy: 0.2557
 6500/10000 [==================>...........] - ETA: 53s - loss: 2.2020 - accuracy: 0.2538 
 7000/10000 [====================>.........] - ETA: 45s - loss: 2.2002 - accuracy: 0.2536
 7500/10000 [=====================>........] - ETA: 37s - loss: 2.2009 - accuracy: 0.2529
 8000/10000 [=======================>......] - ETA: 30s - loss: 2.2041 - accuracy: 0.2500
 8500/10000 [========================>.....] - ETA: 22s - loss: 2.2131 - accuracy: 0.2478
 9000/10000 [==========================>...] - ETA: 15s - loss: 2.2187 - accuracy: 0.2426
 9500/10000 [===========================>..] - ETA: 7s - loss: 2.2236 - accuracy: 0.2413 
10000/10000 [==============================] - 152s 15ms/step - loss: 2.2244 - accuracy: 0.2373 - val_loss: 2.2104 - val_accuracy: 0.2040
Latency --- 769.9866309165955 seconds ---
For delta=0.000100, the current epsilon is: 1.0774
=====================Iteration========================== 8
For delta=0.000100, the current epsilon is: 1.0774
Noise Mutiplier 2.35
loss= <keras.losses.CategoricalCrossentropy object at 0x101a43ce50>
in grads Tensor("loss_7/mul:0", shape=(?,), dtype=float32)
Train on 10000 samples, validate on 2500 samples
Epoch 1/5

  500/10000 [>.............................] - ETA: 2:45 - loss: 2.3143 - accuracy: 0.0840
 1000/10000 [==>...........................] - ETA: 2:25 - loss: 2.3022 - accuracy: 0.0980
 1500/10000 [===>..........................] - ETA: 2:17 - loss: 2.3046 - accuracy: 0.1033
 2000/10000 [=====>........................] - ETA: 2:07 - loss: 2.2950 - accuracy: 0.1200
 2500/10000 [======>.......................] - ETA: 1:59 - loss: 2.2946 - accuracy: 0.1332
 3000/10000 [========>.....................] - ETA: 1:49 - loss: 2.2961 - accuracy: 0.1433
 3500/10000 [=========>....................] - ETA: 1:41 - loss: 2.2923 - accuracy: 0.1360
 4000/10000 [===========>..................] - ETA: 1:34 - loss: 2.2827 - accuracy: 0.1485
 4500/10000 [============>.................] - ETA: 1:26 - loss: 2.2747 - accuracy: 0.1547
 5000/10000 [==============>...............] - ETA: 1:17 - loss: 2.2754 - accuracy: 0.1560
 5500/10000 [===============>..............] - ETA: 1:09 - loss: 2.2839 - accuracy: 0.1571
 6000/10000 [=================>............] - ETA: 1:01 - loss: 2.2738 - accuracy: 0.1610
 6500/10000 [==================>...........] - ETA: 54s - loss: 2.2629 - accuracy: 0.1698 
 7000/10000 [====================>.........] - ETA: 46s - loss: 2.2599 - accuracy: 0.1741
 7500/10000 [=====================>........] - ETA: 38s - loss: 2.2542 - accuracy: 0.1769
 8000/10000 [=======================>......] - ETA: 31s - loss: 2.2507 - accuracy: 0.1800
 8500/10000 [========================>.....] - ETA: 23s - loss: 2.2599 - accuracy: 0.1842
 9000/10000 [==========================>...] - ETA: 15s - loss: 2.2710 - accuracy: 0.1830
 9500/10000 [===========================>..] - ETA: 7s - loss: 2.2710 - accuracy: 0.1794 
10000/10000 [==============================] - 156s 16ms/step - loss: 2.2770 - accuracy: 0.1803 - val_loss: 2.2220 - val_accuracy: 0.1848
Epoch 2/5

  500/10000 [>.............................] - ETA: 2:20 - loss: 2.2330 - accuracy: 0.1880
 1000/10000 [==>...........................] - ETA: 2:18 - loss: 2.2075 - accuracy: 0.1980
 1500/10000 [===>..........................] - ETA: 2:10 - loss: 2.1881 - accuracy: 0.2160
 2000/10000 [=====>........................] - ETA: 2:03 - loss: 2.1879 - accuracy: 0.2250
 2500/10000 [======>.......................] - ETA: 1:55 - loss: 2.2094 - accuracy: 0.2220
 3000/10000 [========>.....................] - ETA: 1:48 - loss: 2.3303 - accuracy: 0.2213
 3500/10000 [=========>....................] - ETA: 1:41 - loss: 2.3053 - accuracy: 0.2369
 4000/10000 [===========>..................] - ETA: 1:33 - loss: 2.2890 - accuracy: 0.2405
 4500/10000 [============>.................] - ETA: 1:24 - loss: 2.2928 - accuracy: 0.2413
 5000/10000 [==============>...............] - ETA: 1:16 - loss: 2.2814 - accuracy: 0.2454
 5500/10000 [===============>..............] - ETA: 1:09 - loss: 2.2853 - accuracy: 0.2507
 6000/10000 [=================>............] - ETA: 1:01 - loss: 2.2744 - accuracy: 0.2560
 6500/10000 [==================>...........] - ETA: 54s - loss: 2.2688 - accuracy: 0.2589 
 7000/10000 [====================>.........] - ETA: 46s - loss: 2.2720 - accuracy: 0.2610
 7500/10000 [=====================>........] - ETA: 38s - loss: 2.2701 - accuracy: 0.2641
 8000/10000 [=======================>......] - ETA: 30s - loss: 2.2768 - accuracy: 0.2640
 8500/10000 [========================>.....] - ETA: 23s - loss: 2.2731 - accuracy: 0.2652
 9000/10000 [==========================>...] - ETA: 15s - loss: 2.2669 - accuracy: 0.2721
 9500/10000 [===========================>..] - ETA: 7s - loss: 2.2715 - accuracy: 0.2734 
10000/10000 [==============================] - 155s 16ms/step - loss: 2.2947 - accuracy: 0.2712 - val_loss: 2.4655 - val_accuracy: 0.2680
Epoch 3/5

  500/10000 [>.............................] - ETA: 2:31 - loss: 2.3669 - accuracy: 0.3120
 1000/10000 [==>...........................] - ETA: 2:21 - loss: 2.4781 - accuracy: 0.2770
 1500/10000 [===>..........................] - ETA: 2:13 - loss: 2.4804 - accuracy: 0.2720
 2000/10000 [=====>........................] - ETA: 2:05 - loss: 2.5081 - accuracy: 0.2585
 2500/10000 [======>.......................] - ETA: 1:56 - loss: 2.6968 - accuracy: 0.2468
 3000/10000 [========>.....................] - ETA: 1:47 - loss: 2.6215 - accuracy: 0.2600
 3500/10000 [=========>....................] - ETA: 1:40 - loss: 2.5605 - accuracy: 0.2697
 4000/10000 [===========>..................] - ETA: 1:33 - loss: 2.5179 - accuracy: 0.2727
 4500/10000 [============>.................] - ETA: 1:25 - loss: 2.4858 - accuracy: 0.2756
 5000/10000 [==============>...............] - ETA: 1:17 - loss: 2.4753 - accuracy: 0.2752
 5500/10000 [===============>..............] - ETA: 1:09 - loss: 2.4931 - accuracy: 0.2749
 6000/10000 [=================>............] - ETA: 1:01 - loss: 2.5138 - accuracy: 0.2690
 6500/10000 [==================>...........] - ETA: 54s - loss: 2.5527 - accuracy: 0.2634 
 7000/10000 [====================>.........] - ETA: 46s - loss: 2.5430 - accuracy: 0.2646
 7500/10000 [=====================>........] - ETA: 38s - loss: 2.6097 - accuracy: 0.2609
 8000/10000 [=======================>......] - ETA: 30s - loss: 2.6148 - accuracy: 0.2634
 8500/10000 [========================>.....] - ETA: 23s - loss: 2.6348 - accuracy: 0.2639
 9000/10000 [==========================>...] - ETA: 15s - loss: 2.6610 - accuracy: 0.2618
 9500/10000 [===========================>..] - ETA: 7s - loss: 2.6399 - accuracy: 0.2663 
10000/10000 [==============================] - 154s 15ms/step - loss: 2.6282 - accuracy: 0.2674 - val_loss: 2.4790 - val_accuracy: 0.2584
Epoch 4/5

  500/10000 [>.............................] - ETA: 2:21 - loss: 2.4026 - accuracy: 0.2780
 1000/10000 [==>...........................] - ETA: 2:18 - loss: 2.2667 - accuracy: 0.3230
 1500/10000 [===>..........................] - ETA: 2:13 - loss: 2.2816 - accuracy: 0.3080
 2000/10000 [=====>........................] - ETA: 2:05 - loss: 2.2758 - accuracy: 0.3115
 2500/10000 [======>.......................] - ETA: 1:56 - loss: 2.2740 - accuracy: 0.3028
 3000/10000 [========>.....................] - ETA: 1:49 - loss: 2.3191 - accuracy: 0.2950
 3500/10000 [=========>....................] - ETA: 1:41 - loss: 2.3246 - accuracy: 0.2949
 4000/10000 [===========>..................] - ETA: 1:32 - loss: 2.3202 - accuracy: 0.2965
 4500/10000 [============>.................] - ETA: 1:25 - loss: 2.3276 - accuracy: 0.2942
 5000/10000 [==============>...............] - ETA: 1:18 - loss: 2.3471 - accuracy: 0.2932
 5500/10000 [===============>..............] - ETA: 1:10 - loss: 2.3516 - accuracy: 0.2929
 6000/10000 [=================>............] - ETA: 1:02 - loss: 2.3367 - accuracy: 0.2975
 6500/10000 [==================>...........] - ETA: 54s - loss: 2.3132 - accuracy: 0.3037 
 7000/10000 [====================>.........] - ETA: 46s - loss: 2.3045 - accuracy: 0.3054
 7500/10000 [=====================>........] - ETA: 38s - loss: 2.3032 - accuracy: 0.3071
 8000/10000 [=======================>......] - ETA: 30s - loss: 2.3050 - accuracy: 0.3047
 8500/10000 [========================>.....] - ETA: 23s - loss: 2.2988 - accuracy: 0.3049
 9000/10000 [==========================>...] - ETA: 15s - loss: 2.3022 - accuracy: 0.3024
 9500/10000 [===========================>..] - ETA: 7s - loss: 2.3353 - accuracy: 0.2977 
10000/10000 [==============================] - 156s 16ms/step - loss: 2.3397 - accuracy: 0.2969 - val_loss: 2.3114 - val_accuracy: 0.2588
Epoch 5/5

  500/10000 [>.............................] - ETA: 2:19 - loss: 2.3367 - accuracy: 0.2520
 1000/10000 [==>...........................] - ETA: 2:14 - loss: 2.3118 - accuracy: 0.2840
 1500/10000 [===>..........................] - ETA: 2:08 - loss: 2.3361 - accuracy: 0.2780
 2000/10000 [=====>........................] - ETA: 1:59 - loss: 2.4020 - accuracy: 0.2655
 2500/10000 [======>.......................] - ETA: 1:52 - loss: 2.4291 - accuracy: 0.2632
 3000/10000 [========>.....................] - ETA: 1:45 - loss: 2.4436 - accuracy: 0.2523
 3500/10000 [=========>....................] - ETA: 1:38 - loss: 2.4221 - accuracy: 0.2437
 4000/10000 [===========>..................] - ETA: 1:31 - loss: 2.4175 - accuracy: 0.2390
 4500/10000 [============>.................] - ETA: 1:23 - loss: 2.4267 - accuracy: 0.2373
 5000/10000 [==============>...............] - ETA: 1:16 - loss: 2.4138 - accuracy: 0.2384
 5500/10000 [===============>..............] - ETA: 1:08 - loss: 2.3994 - accuracy: 0.2416
 6000/10000 [=================>............] - ETA: 1:00 - loss: 2.4001 - accuracy: 0.2432
 6500/10000 [==================>...........] - ETA: 53s - loss: 2.4021 - accuracy: 0.2446 
 7000/10000 [====================>.........] - ETA: 45s - loss: 2.3976 - accuracy: 0.2457
 7500/10000 [=====================>........] - ETA: 38s - loss: 2.3960 - accuracy: 0.2432
 8000/10000 [=======================>......] - ETA: 30s - loss: 2.3977 - accuracy: 0.2425
 8500/10000 [========================>.....] - ETA: 22s - loss: 2.3893 - accuracy: 0.2429
 9000/10000 [==========================>...] - ETA: 15s - loss: 2.3800 - accuracy: 0.2437
 9500/10000 [===========================>..] - ETA: 7s - loss: 2.3838 - accuracy: 0.2448 
10000/10000 [==============================] - 153s 15ms/step - loss: 2.3940 - accuracy: 0.2450 - val_loss: 2.4619 - val_accuracy: 0.2304
Latency --- 778.3091948032379 seconds ---
For delta=0.000100, the current epsilon is: 1.0774
=====================Iteration========================== 9
For delta=0.000100, the current epsilon is: 1.0774
Noise Mutiplier 2.35
loss= <keras.losses.CategoricalCrossentropy object at 0x101a5cdd50>
in grads Tensor("loss_8/mul:0", shape=(?,), dtype=float32)
Train on 10000 samples, validate on 2500 samples
Epoch 1/5

  500/10000 [>.............................] - ETA: 2:35 - loss: 2.3206 - accuracy: 0.0920
 1000/10000 [==>...........................] - ETA: 2:19 - loss: 2.3217 - accuracy: 0.0800
 1500/10000 [===>..........................] - ETA: 2:13 - loss: 2.3196 - accuracy: 0.0860
 2000/10000 [=====>........................] - ETA: 2:03 - loss: 2.3034 - accuracy: 0.0970
 2500/10000 [======>.......................] - ETA: 1:56 - loss: 2.2955 - accuracy: 0.1120
 3000/10000 [========>.....................] - ETA: 1:49 - loss: 2.2926 - accuracy: 0.1247
 3500/10000 [=========>....................] - ETA: 1:41 - loss: 2.2895 - accuracy: 0.1294
 4000/10000 [===========>..................] - ETA: 1:33 - loss: 2.2890 - accuracy: 0.1465
 4500/10000 [============>.................] - ETA: 1:25 - loss: 2.2764 - accuracy: 0.1509
 5000/10000 [==============>...............] - ETA: 1:17 - loss: 2.2539 - accuracy: 0.1596
 5500/10000 [===============>..............] - ETA: 1:10 - loss: 2.2501 - accuracy: 0.1573
 6000/10000 [=================>............] - ETA: 1:02 - loss: 2.2515 - accuracy: 0.1562
 6500/10000 [==================>...........] - ETA: 54s - loss: 2.2546 - accuracy: 0.1560 
 7000/10000 [====================>.........] - ETA: 46s - loss: 2.2530 - accuracy: 0.1571
 7500/10000 [=====================>........] - ETA: 38s - loss: 2.2543 - accuracy: 0.1560
 8000/10000 [=======================>......] - ETA: 31s - loss: 2.2431 - accuracy: 0.1640
 8500/10000 [========================>.....] - ETA: 23s - loss: 2.2346 - accuracy: 0.1692
 9000/10000 [==========================>...] - ETA: 15s - loss: 2.2240 - accuracy: 0.1760
 9500/10000 [===========================>..] - ETA: 7s - loss: 2.2149 - accuracy: 0.1807 
10000/10000 [==============================] - 155s 16ms/step - loss: 2.2077 - accuracy: 0.1885 - val_loss: 1.9842 - val_accuracy: 0.2696
Epoch 2/5

  500/10000 [>.............................] - ETA: 2:22 - loss: 1.9942 - accuracy: 0.2700
 1000/10000 [==>...........................] - ETA: 2:16 - loss: 1.9809 - accuracy: 0.2850
 1500/10000 [===>..........................] - ETA: 2:08 - loss: 2.0309 - accuracy: 0.2827
 2000/10000 [=====>........................] - ETA: 2:00 - loss: 1.9909 - accuracy: 0.2910
 2500/10000 [======>.......................] - ETA: 1:52 - loss: 1.9525 - accuracy: 0.3052
 3000/10000 [========>.....................] - ETA: 1:45 - loss: 1.9486 - accuracy: 0.3053
 3500/10000 [=========>....................] - ETA: 1:37 - loss: 1.9398 - accuracy: 0.3100
 4000/10000 [===========>..................] - ETA: 1:29 - loss: 1.9504 - accuracy: 0.3158
 4500/10000 [============>.................] - ETA: 1:23 - loss: 1.9502 - accuracy: 0.3191
 5000/10000 [==============>...............] - ETA: 1:15 - loss: 1.9573 - accuracy: 0.3200
 5500/10000 [===============>..............] - ETA: 1:08 - loss: 1.9501 - accuracy: 0.3271
 6000/10000 [=================>............] - ETA: 1:00 - loss: 1.9959 - accuracy: 0.3233
 6500/10000 [==================>...........] - ETA: 53s - loss: 2.0450 - accuracy: 0.3197 
 7000/10000 [====================>.........] - ETA: 45s - loss: 2.0709 - accuracy: 0.3184
 7500/10000 [=====================>........] - ETA: 37s - loss: 2.0819 - accuracy: 0.3192
 8000/10000 [=======================>......] - ETA: 30s - loss: 2.0735 - accuracy: 0.3223
 8500/10000 [========================>.....] - ETA: 22s - loss: 2.0531 - accuracy: 0.3286
 9000/10000 [==========================>...] - ETA: 15s - loss: 2.0393 - accuracy: 0.3354
 9500/10000 [===========================>..] - ETA: 7s - loss: 2.0270 - accuracy: 0.3400 
10000/10000 [==============================] - 153s 15ms/step - loss: 2.0236 - accuracy: 0.3410 - val_loss: 2.4096 - val_accuracy: 0.3248
Epoch 3/5

  500/10000 [>.............................] - ETA: 2:25 - loss: 2.5159 - accuracy: 0.3260
 1000/10000 [==>...........................] - ETA: 2:17 - loss: 2.3301 - accuracy: 0.3400
 1500/10000 [===>..........................] - ETA: 2:11 - loss: 2.2253 - accuracy: 0.3453
 2000/10000 [=====>........................] - ETA: 2:03 - loss: 2.2829 - accuracy: 0.3460
 2500/10000 [======>.......................] - ETA: 1:56 - loss: 2.2169 - accuracy: 0.3540
 3000/10000 [========>.....................] - ETA: 1:48 - loss: 2.1708 - accuracy: 0.3570
 3500/10000 [=========>....................] - ETA: 1:40 - loss: 2.1757 - accuracy: 0.3531
 4000/10000 [===========>..................] - ETA: 1:32 - loss: 2.1872 - accuracy: 0.3487
 4500/10000 [============>.................] - ETA: 1:24 - loss: 2.1990 - accuracy: 0.3429
 5000/10000 [==============>...............] - ETA: 1:16 - loss: 2.1890 - accuracy: 0.3484
 5500/10000 [===============>..............] - ETA: 1:08 - loss: 2.1939 - accuracy: 0.3509
 6000/10000 [=================>............] - ETA: 1:01 - loss: 2.1959 - accuracy: 0.3495
 6500/10000 [==================>...........] - ETA: 53s - loss: 2.2139 - accuracy: 0.3495 
 7000/10000 [====================>.........] - ETA: 45s - loss: 2.2400 - accuracy: 0.3484
 7500/10000 [=====================>........] - ETA: 38s - loss: 2.2412 - accuracy: 0.3481
 8000/10000 [=======================>......] - ETA: 30s - loss: 2.2309 - accuracy: 0.3480
 8500/10000 [========================>.....] - ETA: 23s - loss: 2.2607 - accuracy: 0.3449
 9000/10000 [==========================>...] - ETA: 15s - loss: 2.2728 - accuracy: 0.3426
 9500/10000 [===========================>..] - ETA: 7s - loss: 2.2668 - accuracy: 0.3449 
10000/10000 [==============================] - 154s 15ms/step - loss: 2.2601 - accuracy: 0.3456 - val_loss: 2.1893 - val_accuracy: 0.3656
Epoch 4/5

  500/10000 [>.............................] - ETA: 2:24 - loss: 2.1864 - accuracy: 0.3560
 1000/10000 [==>...........................] - ETA: 2:15 - loss: 1.9920 - accuracy: 0.3980
 1500/10000 [===>..........................] - ETA: 2:06 - loss: 1.9338 - accuracy: 0.4053
 2000/10000 [=====>........................] - ETA: 1:59 - loss: 1.9638 - accuracy: 0.3925
 2500/10000 [======>.......................] - ETA: 1:52 - loss: 2.0015 - accuracy: 0.3956
 3000/10000 [========>.....................] - ETA: 1:44 - loss: 2.0439 - accuracy: 0.3850
 3500/10000 [=========>....................] - ETA: 1:37 - loss: 2.1075 - accuracy: 0.3760
 4000/10000 [===========>..................] - ETA: 1:30 - loss: 2.0992 - accuracy: 0.3783
 4500/10000 [============>.................] - ETA: 1:22 - loss: 2.0769 - accuracy: 0.3789
 5000/10000 [==============>...............] - ETA: 1:15 - loss: 2.0681 - accuracy: 0.3782
 5500/10000 [===============>..............] - ETA: 1:08 - loss: 2.0395 - accuracy: 0.3855
 6000/10000 [=================>............] - ETA: 1:00 - loss: 2.0227 - accuracy: 0.3885
 6500/10000 [==================>...........] - ETA: 53s - loss: 2.0020 - accuracy: 0.3923 
 7000/10000 [====================>.........] - ETA: 45s - loss: 1.9978 - accuracy: 0.3917
 7500/10000 [=====================>........] - ETA: 38s - loss: 2.0326 - accuracy: 0.3880
 8000/10000 [=======================>......] - ETA: 30s - loss: 2.0153 - accuracy: 0.3911
 8500/10000 [========================>.....] - ETA: 22s - loss: 2.0039 - accuracy: 0.3931
 9000/10000 [==========================>...] - ETA: 15s - loss: 1.9984 - accuracy: 0.3900
 9500/10000 [===========================>..] - ETA: 7s - loss: 1.9937 - accuracy: 0.3904 
10000/10000 [==============================] - 154s 15ms/step - loss: 1.9955 - accuracy: 0.3858 - val_loss: 2.0156 - val_accuracy: 0.3128
Epoch 5/5

  500/10000 [>.............................] - ETA: 2:19 - loss: 1.9616 - accuracy: 0.3140
 1000/10000 [==>...........................] - ETA: 2:16 - loss: 1.9030 - accuracy: 0.3330
 1500/10000 [===>..........................] - ETA: 2:08 - loss: 1.9555 - accuracy: 0.3367
 2000/10000 [=====>........................] - ETA: 1:58 - loss: 1.9230 - accuracy: 0.3550
 2500/10000 [======>.......................] - ETA: 1:53 - loss: 1.8841 - accuracy: 0.3584
 3000/10000 [========>.....................] - ETA: 1:46 - loss: 1.9092 - accuracy: 0.3613
 3500/10000 [=========>....................] - ETA: 1:39 - loss: 1.9186 - accuracy: 0.3680
 4000/10000 [===========>..................] - ETA: 1:31 - loss: 1.9364 - accuracy: 0.3577
 4500/10000 [============>.................] - ETA: 1:24 - loss: 1.9401 - accuracy: 0.3582
 5000/10000 [==============>...............] - ETA: 1:15 - loss: 1.9453 - accuracy: 0.3552
 5500/10000 [===============>..............] - ETA: 1:08 - loss: 1.9410 - accuracy: 0.3540
 6000/10000 [=================>............] - ETA: 1:00 - loss: 1.9525 - accuracy: 0.3552
 6500/10000 [==================>...........] - ETA: 53s - loss: 1.9550 - accuracy: 0.3537 
 7000/10000 [====================>.........] - ETA: 45s - loss: 1.9535 - accuracy: 0.3554
 7500/10000 [=====================>........] - ETA: 38s - loss: 1.9590 - accuracy: 0.3547
 8000/10000 [=======================>......] - ETA: 30s - loss: 1.9708 - accuracy: 0.3516
 8500/10000 [========================>.....] - ETA: 22s - loss: 1.9638 - accuracy: 0.3506
 9000/10000 [==========================>...] - ETA: 15s - loss: 1.9680 - accuracy: 0.3509
 9500/10000 [===========================>..] - ETA: 7s - loss: 1.9602 - accuracy: 0.3513 
10000/10000 [==============================] - 152s 15ms/step - loss: 1.9625 - accuracy: 0.3522 - val_loss: 2.0947 - val_accuracy: 0.3528
Latency --- 772.9712238311768 seconds ---
For delta=0.000100, the current epsilon is: 1.0774
=====================Iteration========================== 10
For delta=0.000100, the current epsilon is: 1.0774
Noise Mutiplier 2.35
loss= <keras.losses.CategoricalCrossentropy object at 0x101a785a10>
in grads Tensor("loss_9/mul:0", shape=(?,), dtype=float32)
Train on 10000 samples, validate on 2500 samples
Epoch 1/5

  500/10000 [>.............................] - ETA: 2:44 - loss: 2.2979 - accuracy: 0.1140
 1000/10000 [==>...........................] - ETA: 2:28 - loss: 2.3036 - accuracy: 0.1090
 1500/10000 [===>..........................] - ETA: 2:15 - loss: 2.3003 - accuracy: 0.0980
 2000/10000 [=====>........................] - ETA: 2:04 - loss: 2.2863 - accuracy: 0.1110
 2500/10000 [======>.......................] - ETA: 1:56 - loss: 2.2865 - accuracy: 0.1096
 3000/10000 [========>.....................] - ETA: 1:49 - loss: 2.2791 - accuracy: 0.1130
 3500/10000 [=========>....................] - ETA: 1:41 - loss: 2.2651 - accuracy: 0.1337
 4000/10000 [===========>..................] - ETA: 1:33 - loss: 2.2507 - accuracy: 0.1430
 4500/10000 [============>.................] - ETA: 1:25 - loss: 2.2697 - accuracy: 0.1400
 5000/10000 [==============>...............] - ETA: 1:17 - loss: 2.2912 - accuracy: 0.1400
 5500/10000 [===============>..............] - ETA: 1:10 - loss: 2.2824 - accuracy: 0.1453
 6000/10000 [=================>............] - ETA: 1:02 - loss: 2.2735 - accuracy: 0.1518
 6500/10000 [==================>...........] - ETA: 54s - loss: 2.2767 - accuracy: 0.1505 
 7000/10000 [====================>.........] - ETA: 46s - loss: 2.2811 - accuracy: 0.1480
 7500/10000 [=====================>........] - ETA: 38s - loss: 2.2841 - accuracy: 0.1483
 8000/10000 [=======================>......] - ETA: 31s - loss: 2.3130 - accuracy: 0.1459
 8500/10000 [========================>.....] - ETA: 23s - loss: 2.3049 - accuracy: 0.1502
 9000/10000 [==========================>...] - ETA: 15s - loss: 2.3124 - accuracy: 0.1517
 9500/10000 [===========================>..] - ETA: 7s - loss: 2.3124 - accuracy: 0.1560 
10000/10000 [==============================] - 156s 16ms/step - loss: 2.3069 - accuracy: 0.1611 - val_loss: 2.1806 - val_accuracy: 0.2048
Epoch 2/5

  500/10000 [>.............................] - ETA: 2:22 - loss: 2.1537 - accuracy: 0.2460
 1000/10000 [==>...........................] - ETA: 2:14 - loss: 2.2288 - accuracy: 0.2040
 1500/10000 [===>..........................] - ETA: 2:04 - loss: 2.2673 - accuracy: 0.2000
 2000/10000 [=====>........................] - ETA: 1:57 - loss: 2.3331 - accuracy: 0.1965
 2500/10000 [======>.......................] - ETA: 1:52 - loss: 2.3821 - accuracy: 0.2036
 3000/10000 [========>.....................] - ETA: 1:44 - loss: 2.3351 - accuracy: 0.2123
 3500/10000 [=========>....................] - ETA: 1:38 - loss: 2.2926 - accuracy: 0.2197
 4000/10000 [===========>..................] - ETA: 1:30 - loss: 2.2877 - accuracy: 0.2240
 4500/10000 [============>.................] - ETA: 1:22 - loss: 2.3622 - accuracy: 0.2180
 5000/10000 [==============>...............] - ETA: 1:15 - loss: 2.3722 - accuracy: 0.2150
 5500/10000 [===============>..............] - ETA: 1:07 - loss: 2.3946 - accuracy: 0.2155
 6000/10000 [=================>............] - ETA: 59s - loss: 2.3712 - accuracy: 0.2195 
 6500/10000 [==================>...........] - ETA: 52s - loss: 2.3537 - accuracy: 0.2226
 7000/10000 [====================>.........] - ETA: 45s - loss: 2.3547 - accuracy: 0.2223
 7500/10000 [=====================>........] - ETA: 37s - loss: 2.3391 - accuracy: 0.2264
 8000/10000 [=======================>......] - ETA: 30s - loss: 2.3303 - accuracy: 0.2330
 8500/10000 [========================>.....] - ETA: 22s - loss: 2.3379 - accuracy: 0.2341
 9000/10000 [==========================>...] - ETA: 15s - loss: 2.3322 - accuracy: 0.2373
 9500/10000 [===========================>..] - ETA: 7s - loss: 2.3371 - accuracy: 0.2399 
10000/10000 [==============================] - 152s 15ms/step - loss: 2.3277 - accuracy: 0.2417 - val_loss: 2.3843 - val_accuracy: 0.2572
Epoch 3/5

  500/10000 [>.............................] - ETA: 2:32 - loss: 2.4826 - accuracy: 0.2540
 1000/10000 [==>...........................] - ETA: 2:19 - loss: 2.3794 - accuracy: 0.2570
 1500/10000 [===>..........................] - ETA: 2:12 - loss: 2.2899 - accuracy: 0.2780
 2000/10000 [=====>........................] - ETA: 2:05 - loss: 2.2335 - accuracy: 0.2880
 2500/10000 [======>.......................] - ETA: 1:59 - loss: 2.3964 - accuracy: 0.2784
 3000/10000 [========>.....................] - ETA: 1:50 - loss: 2.4379 - accuracy: 0.2717
 3500/10000 [=========>....................] - ETA: 1:42 - loss: 2.4049 - accuracy: 0.2843
 4000/10000 [===========>..................] - ETA: 1:34 - loss: 2.4220 - accuracy: 0.2898
 4500/10000 [============>.................] - ETA: 1:26 - loss: 2.3978 - accuracy: 0.2962
 5000/10000 [==============>...............] - ETA: 1:18 - loss: 2.3488 - accuracy: 0.3098
 5500/10000 [===============>..............] - ETA: 1:10 - loss: 2.3404 - accuracy: 0.3116
 6000/10000 [=================>............] - ETA: 1:02 - loss: 2.3139 - accuracy: 0.3192
 6500/10000 [==================>...........] - ETA: 54s - loss: 2.3137 - accuracy: 0.3166 
 7000/10000 [====================>.........] - ETA: 46s - loss: 2.2889 - accuracy: 0.3209
 7500/10000 [=====================>........] - ETA: 38s - loss: 2.2752 - accuracy: 0.3221
 8000/10000 [=======================>......] - ETA: 30s - loss: 2.2646 - accuracy: 0.3262
 8500/10000 [========================>.....] - ETA: 23s - loss: 2.2558 - accuracy: 0.3282
 9000/10000 [==========================>...] - ETA: 15s - loss: 2.2343 - accuracy: 0.3318
 9500/10000 [===========================>..] - ETA: 7s - loss: 2.2232 - accuracy: 0.3355 
10000/10000 [==============================] - 154s 15ms/step - loss: 2.2191 - accuracy: 0.3363 - val_loss: 2.0491 - val_accuracy: 0.3668
Epoch 4/5

  500/10000 [>.............................] - ETA: 2:26 - loss: 1.7895 - accuracy: 0.4360
 1000/10000 [==>...........................] - ETA: 2:19 - loss: 1.9621 - accuracy: 0.3930
 1500/10000 [===>..........................] - ETA: 2:11 - loss: 1.9213 - accuracy: 0.4053
 2000/10000 [=====>........................] - ETA: 2:03 - loss: 1.9400 - accuracy: 0.3975
 2500/10000 [======>.......................] - ETA: 1:55 - loss: 1.9811 - accuracy: 0.3912
 3000/10000 [========>.....................] - ETA: 1:48 - loss: 1.9622 - accuracy: 0.3903
 3500/10000 [=========>....................] - ETA: 1:39 - loss: 1.9866 - accuracy: 0.3837
 4000/10000 [===========>..................] - ETA: 1:32 - loss: 1.9868 - accuracy: 0.3828
 4500/10000 [============>.................] - ETA: 1:24 - loss: 1.9568 - accuracy: 0.3907
 5000/10000 [==============>...............] - ETA: 1:16 - loss: 1.9638 - accuracy: 0.3928
 5500/10000 [===============>..............] - ETA: 1:08 - loss: 2.0229 - accuracy: 0.3845
 6000/10000 [=================>............] - ETA: 1:01 - loss: 2.0549 - accuracy: 0.3825
 6500/10000 [==================>...........] - ETA: 53s - loss: 2.1197 - accuracy: 0.3802 
 7000/10000 [====================>.........] - ETA: 45s - loss: 2.1255 - accuracy: 0.3817
 7500/10000 [=====================>........] - ETA: 38s - loss: 2.1298 - accuracy: 0.3844
 8000/10000 [=======================>......] - ETA: 30s - loss: 2.1089 - accuracy: 0.3896
 8500/10000 [========================>.....] - ETA: 22s - loss: 2.0998 - accuracy: 0.3920
 9000/10000 [==========================>...] - ETA: 15s - loss: 2.0912 - accuracy: 0.3919
 9500/10000 [===========================>..] - ETA: 7s - loss: 2.0895 - accuracy: 0.3899 
10000/10000 [==============================] - 152s 15ms/step - loss: 2.0890 - accuracy: 0.3900 - val_loss: 2.1019 - val_accuracy: 0.3680
Epoch 5/5

  500/10000 [>.............................] - ETA: 2:14 - loss: 2.1117 - accuracy: 0.3500
 1000/10000 [==>...........................] - ETA: 2:13 - loss: 2.0794 - accuracy: 0.3600
 1500/10000 [===>..........................] - ETA: 2:05 - loss: 2.0747 - accuracy: 0.3687
 2000/10000 [=====>........................] - ETA: 1:58 - loss: 2.2628 - accuracy: 0.3585
 2500/10000 [======>.......................] - ETA: 1:52 - loss: 2.2322 - accuracy: 0.3596
 3000/10000 [========>.....................] - ETA: 1:45 - loss: 2.2268 - accuracy: 0.3457
 3500/10000 [=========>....................] - ETA: 1:37 - loss: 2.1708 - accuracy: 0.3537
 4000/10000 [===========>..................] - ETA: 1:31 - loss: 2.1376 - accuracy: 0.3602
 4500/10000 [============>.................] - ETA: 1:23 - loss: 2.1108 - accuracy: 0.3658
 5000/10000 [==============>...............] - ETA: 1:16 - loss: 2.0695 - accuracy: 0.3730
 5500/10000 [===============>..............] - ETA: 1:09 - loss: 2.0553 - accuracy: 0.3756
 6000/10000 [=================>............] - ETA: 1:01 - loss: 2.0282 - accuracy: 0.3827
 6500/10000 [==================>...........] - ETA: 53s - loss: 2.0146 - accuracy: 0.3792 
 7000/10000 [====================>.........] - ETA: 46s - loss: 2.0130 - accuracy: 0.3794
 7500/10000 [=====================>........] - ETA: 38s - loss: 2.0144 - accuracy: 0.3789
 8000/10000 [=======================>......] - ETA: 30s - loss: 2.0031 - accuracy: 0.3808
 8500/10000 [========================>.....] - ETA: 22s - loss: 1.9856 - accuracy: 0.3822
 9000/10000 [==========================>...] - ETA: 15s - loss: 2.0153 - accuracy: 0.3837
 9500/10000 [===========================>..] - ETA: 7s - loss: 2.0185 - accuracy: 0.3865 
10000/10000 [==============================] - 153s 15ms/step - loss: 2.0271 - accuracy: 0.3857 - val_loss: 2.9592 - val_accuracy: 0.3504
Latency --- 774.3471398353577 seconds ---
For delta=0.000100, the current epsilon is: 1.0774
Saving model with new accuracy, previous accuracy was 0.3626999855041504 and present is 0.385699987411499
Saved model to disk
