We are using Tensorflow version 1.15.2
Keras API version: 2.3.1
=====================Iteration========================== 1
For delta=0.000100, the current epsilon is: 2.0042
Noise Mutiplier 1.49
loss= <keras.losses.CategoricalCrossentropy object at 0x101733dfd0>
in grads Tensor("loss/mul:0", shape=(?,), dtype=float32)
Train on 10000 samples, validate on 2500 samples
Epoch 1/5

  500/10000 [>.............................] - ETA: 2:32 - loss: 2.2865 - accuracy: 0.1200
 1000/10000 [==>...........................] - ETA: 2:24 - loss: 2.2833 - accuracy: 0.1100
 1500/10000 [===>..........................] - ETA: 2:10 - loss: 2.2800 - accuracy: 0.1387
 2000/10000 [=====>........................] - ETA: 2:03 - loss: 2.2770 - accuracy: 0.1505
 2500/10000 [======>.......................] - ETA: 1:54 - loss: 2.2664 - accuracy: 0.1508
 3000/10000 [========>.....................] - ETA: 1:46 - loss: 2.2556 - accuracy: 0.1633
 3500/10000 [=========>....................] - ETA: 1:39 - loss: 2.2528 - accuracy: 0.1560
 4000/10000 [===========>..................] - ETA: 1:31 - loss: 2.2421 - accuracy: 0.1737
 4500/10000 [============>.................] - ETA: 1:23 - loss: 2.2344 - accuracy: 0.1776
 5000/10000 [==============>...............] - ETA: 1:15 - loss: 2.2239 - accuracy: 0.1898
 5500/10000 [===============>..............] - ETA: 1:08 - loss: 2.2093 - accuracy: 0.1964
 6000/10000 [=================>............] - ETA: 1:00 - loss: 2.1939 - accuracy: 0.2118
 6500/10000 [==================>...........] - ETA: 52s - loss: 2.1987 - accuracy: 0.2111 
 7000/10000 [====================>.........] - ETA: 45s - loss: 2.1878 - accuracy: 0.2169
 7500/10000 [=====================>........] - ETA: 37s - loss: 2.1735 - accuracy: 0.2268
 8000/10000 [=======================>......] - ETA: 30s - loss: 2.1739 - accuracy: 0.2290
 8500/10000 [========================>.....] - ETA: 22s - loss: 2.1628 - accuracy: 0.2346
 9000/10000 [==========================>...] - ETA: 15s - loss: 2.1557 - accuracy: 0.2424
 9500/10000 [===========================>..] - ETA: 7s - loss: 2.1487 - accuracy: 0.2439 
10000/10000 [==============================] - 151s 15ms/step - loss: 2.1380 - accuracy: 0.2501 - val_loss: 1.9210 - val_accuracy: 0.3116
Epoch 2/5

  500/10000 [>.............................] - ETA: 2:27 - loss: 1.8743 - accuracy: 0.3320
 1000/10000 [==>...........................] - ETA: 2:16 - loss: 1.9811 - accuracy: 0.3800
 1500/10000 [===>..........................] - ETA: 2:08 - loss: 1.9765 - accuracy: 0.3500
 2000/10000 [=====>........................] - ETA: 2:02 - loss: 1.9385 - accuracy: 0.3685
 2500/10000 [======>.......................] - ETA: 1:54 - loss: 1.9011 - accuracy: 0.3836
 3000/10000 [========>.....................] - ETA: 1:46 - loss: 1.8943 - accuracy: 0.3840
 3500/10000 [=========>....................] - ETA: 1:37 - loss: 1.9096 - accuracy: 0.3749
 4000/10000 [===========>..................] - ETA: 1:29 - loss: 1.9172 - accuracy: 0.3720
 4500/10000 [============>.................] - ETA: 1:21 - loss: 1.9108 - accuracy: 0.3747
 5000/10000 [==============>...............] - ETA: 1:14 - loss: 1.8835 - accuracy: 0.3864
 5500/10000 [===============>..............] - ETA: 1:07 - loss: 1.8672 - accuracy: 0.3880
 6000/10000 [=================>............] - ETA: 59s - loss: 1.8643 - accuracy: 0.3935 
 6500/10000 [==================>...........] - ETA: 52s - loss: 1.8624 - accuracy: 0.3868
 7000/10000 [====================>.........] - ETA: 44s - loss: 1.8477 - accuracy: 0.3897
 7500/10000 [=====================>........] - ETA: 37s - loss: 1.8342 - accuracy: 0.3945
 8000/10000 [=======================>......] - ETA: 29s - loss: 1.8260 - accuracy: 0.3963
 8500/10000 [========================>.....] - ETA: 22s - loss: 1.8262 - accuracy: 0.3987
 9000/10000 [==========================>...] - ETA: 14s - loss: 1.8236 - accuracy: 0.3958
 9500/10000 [===========================>..] - ETA: 7s - loss: 1.8296 - accuracy: 0.3946 
10000/10000 [==============================] - 150s 15ms/step - loss: 1.8389 - accuracy: 0.3881 - val_loss: 1.9522 - val_accuracy: 0.3932
Epoch 3/5

  500/10000 [>.............................] - ETA: 2:21 - loss: 1.9871 - accuracy: 0.3300
 1000/10000 [==>...........................] - ETA: 2:10 - loss: 1.8812 - accuracy: 0.3500
 1500/10000 [===>..........................] - ETA: 2:04 - loss: 1.7659 - accuracy: 0.3927
 2000/10000 [=====>........................] - ETA: 1:57 - loss: 1.7491 - accuracy: 0.4000
 2500/10000 [======>.......................] - ETA: 1:51 - loss: 1.7645 - accuracy: 0.3920
 3000/10000 [========>.....................] - ETA: 1:44 - loss: 1.7578 - accuracy: 0.4083
 3500/10000 [=========>....................] - ETA: 1:37 - loss: 1.7449 - accuracy: 0.4037
 4000/10000 [===========>..................] - ETA: 1:30 - loss: 1.7210 - accuracy: 0.4150
 4500/10000 [============>.................] - ETA: 1:22 - loss: 1.7182 - accuracy: 0.4184
 5000/10000 [==============>...............] - ETA: 1:15 - loss: 1.7351 - accuracy: 0.4160
 5500/10000 [===============>..............] - ETA: 1:07 - loss: 1.7683 - accuracy: 0.4085
 6000/10000 [=================>............] - ETA: 59s - loss: 1.7434 - accuracy: 0.4128 
 6500/10000 [==================>...........] - ETA: 52s - loss: 1.7398 - accuracy: 0.4146
 7000/10000 [====================>.........] - ETA: 44s - loss: 1.7518 - accuracy: 0.4096
 7500/10000 [=====================>........] - ETA: 37s - loss: 1.7628 - accuracy: 0.4081
 8000/10000 [=======================>......] - ETA: 29s - loss: 1.7527 - accuracy: 0.4123
 8500/10000 [========================>.....] - ETA: 22s - loss: 1.7379 - accuracy: 0.4195
 9000/10000 [==========================>...] - ETA: 14s - loss: 1.7360 - accuracy: 0.4187
 9500/10000 [===========================>..] - ETA: 7s - loss: 1.7149 - accuracy: 0.4264 
10000/10000 [==============================] - 150s 15ms/step - loss: 1.7126 - accuracy: 0.4271 - val_loss: 1.5940 - val_accuracy: 0.4876
Epoch 4/5

  500/10000 [>.............................] - ETA: 2:28 - loss: 1.5509 - accuracy: 0.5000
 1000/10000 [==>...........................] - ETA: 2:20 - loss: 1.5610 - accuracy: 0.4890
 1500/10000 [===>..........................] - ETA: 2:10 - loss: 1.5398 - accuracy: 0.4940
 2000/10000 [=====>........................] - ETA: 2:01 - loss: 1.5211 - accuracy: 0.5000
 2500/10000 [======>.......................] - ETA: 1:54 - loss: 1.4836 - accuracy: 0.5060
 3000/10000 [========>.....................] - ETA: 1:46 - loss: 1.4891 - accuracy: 0.5050
 3500/10000 [=========>....................] - ETA: 1:38 - loss: 1.4595 - accuracy: 0.5140
 4000/10000 [===========>..................] - ETA: 1:31 - loss: 1.4565 - accuracy: 0.5160
 4500/10000 [============>.................] - ETA: 1:23 - loss: 1.4275 - accuracy: 0.5256
 5000/10000 [==============>...............] - ETA: 1:15 - loss: 1.4053 - accuracy: 0.5336
 5500/10000 [===============>..............] - ETA: 1:08 - loss: 1.4049 - accuracy: 0.5356
 6000/10000 [=================>............] - ETA: 1:00 - loss: 1.3906 - accuracy: 0.5388
 6500/10000 [==================>...........] - ETA: 53s - loss: 1.3891 - accuracy: 0.5397 
 7000/10000 [====================>.........] - ETA: 45s - loss: 1.3784 - accuracy: 0.5409
 7500/10000 [=====================>........] - ETA: 37s - loss: 1.3776 - accuracy: 0.5403
 8000/10000 [=======================>......] - ETA: 30s - loss: 1.3776 - accuracy: 0.5406
 8500/10000 [========================>.....] - ETA: 22s - loss: 1.3816 - accuracy: 0.5399
 9000/10000 [==========================>...] - ETA: 15s - loss: 1.3748 - accuracy: 0.5413
 9500/10000 [===========================>..] - ETA: 7s - loss: 1.3745 - accuracy: 0.5424 
10000/10000 [==============================] - 151s 15ms/step - loss: 1.3841 - accuracy: 0.5387 - val_loss: 1.2493 - val_accuracy: 0.5808
Epoch 5/5

  500/10000 [>.............................] - ETA: 2:24 - loss: 1.1576 - accuracy: 0.6060
 1000/10000 [==>...........................] - ETA: 2:15 - loss: 1.0095 - accuracy: 0.6630
 1500/10000 [===>..........................] - ETA: 2:11 - loss: 1.0377 - accuracy: 0.6660
 2000/10000 [=====>........................] - ETA: 2:02 - loss: 1.0355 - accuracy: 0.6630
 2500/10000 [======>.......................] - ETA: 1:55 - loss: 1.0636 - accuracy: 0.6496
 3000/10000 [========>.....................] - ETA: 1:48 - loss: 1.1061 - accuracy: 0.6390
 3500/10000 [=========>....................] - ETA: 1:41 - loss: 1.1132 - accuracy: 0.6380
 4000/10000 [===========>..................] - ETA: 1:33 - loss: 1.0884 - accuracy: 0.6442
 4500/10000 [============>.................] - ETA: 1:25 - loss: 1.0993 - accuracy: 0.6413
 5000/10000 [==============>...............] - ETA: 1:17 - loss: 1.1133 - accuracy: 0.6390
 5500/10000 [===============>..............] - ETA: 1:09 - loss: 1.1174 - accuracy: 0.6362
 6000/10000 [=================>............] - ETA: 1:01 - loss: 1.1140 - accuracy: 0.6385
 6500/10000 [==================>...........] - ETA: 53s - loss: 1.1299 - accuracy: 0.6355 
 7000/10000 [====================>.........] - ETA: 45s - loss: 1.1424 - accuracy: 0.6341
 7500/10000 [=====================>........] - ETA: 38s - loss: 1.1310 - accuracy: 0.6369
 8000/10000 [=======================>......] - ETA: 30s - loss: 1.1304 - accuracy: 0.6378
 8500/10000 [========================>.....] - ETA: 23s - loss: 1.1297 - accuracy: 0.6398
 9000/10000 [==========================>...] - ETA: 15s - loss: 1.1308 - accuracy: 0.6402
 9500/10000 [===========================>..] - ETA: 7s - loss: 1.1333 - accuracy: 0.6405 
10000/10000 [==============================] - 154s 15ms/step - loss: 1.1318 - accuracy: 0.6425 - val_loss: 1.2495 - val_accuracy: 0.6056
Latency --- 757.2844154834747 seconds ---
For delta=0.000100, the current epsilon is: 2.0042
Saving model with new accuracy, previous accuracy was 0 and present is 0.6424999833106995
Saved model to disk
=====================Iteration========================== 2
For delta=0.000100, the current epsilon is: 2.0042
Noise Mutiplier 1.49
loss= <keras.losses.CategoricalCrossentropy object at 0x101960b850>
in grads Tensor("loss_1/mul:0", shape=(?,), dtype=float32)
Train on 10000 samples, validate on 2500 samples
Epoch 1/5

  500/10000 [>.............................] - ETA: 2:38 - loss: 2.2989 - accuracy: 0.1140
 1000/10000 [==>...........................] - ETA: 2:22 - loss: 2.2940 - accuracy: 0.1120
 1500/10000 [===>..........................] - ETA: 2:14 - loss: 2.2941 - accuracy: 0.1207
 2000/10000 [=====>........................] - ETA: 2:04 - loss: 2.2926 - accuracy: 0.1410
 2500/10000 [======>.......................] - ETA: 1:57 - loss: 2.2897 - accuracy: 0.1424
 3000/10000 [========>.....................] - ETA: 1:49 - loss: 2.2792 - accuracy: 0.1610
 3500/10000 [=========>....................] - ETA: 1:42 - loss: 2.2704 - accuracy: 0.1680
 4000/10000 [===========>..................] - ETA: 1:34 - loss: 2.2587 - accuracy: 0.1797
 4500/10000 [============>.................] - ETA: 1:26 - loss: 2.2440 - accuracy: 0.1858
 5000/10000 [==============>...............] - ETA: 1:19 - loss: 2.2342 - accuracy: 0.1930
 5500/10000 [===============>..............] - ETA: 1:10 - loss: 2.2281 - accuracy: 0.1975
 6000/10000 [=================>............] - ETA: 1:03 - loss: 2.2146 - accuracy: 0.2025
 6500/10000 [==================>...........] - ETA: 55s - loss: 2.2068 - accuracy: 0.2115 
 7000/10000 [====================>.........] - ETA: 47s - loss: 2.1912 - accuracy: 0.2147
 7500/10000 [=====================>........] - ETA: 39s - loss: 2.2034 - accuracy: 0.2083
 8000/10000 [=======================>......] - ETA: 31s - loss: 2.1954 - accuracy: 0.2142
 8500/10000 [========================>.....] - ETA: 23s - loss: 2.1880 - accuracy: 0.2194
 9000/10000 [==========================>...] - ETA: 15s - loss: 2.1901 - accuracy: 0.2230
 9500/10000 [===========================>..] - ETA: 7s - loss: 2.1822 - accuracy: 0.2277 
10000/10000 [==============================] - 158s 16ms/step - loss: 2.1720 - accuracy: 0.2365 - val_loss: 2.0553 - val_accuracy: 0.2656
Epoch 2/5

  500/10000 [>.............................] - ETA: 2:39 - loss: 2.0000 - accuracy: 0.2860
 1000/10000 [==>...........................] - ETA: 2:26 - loss: 2.0706 - accuracy: 0.3470
 1500/10000 [===>..........................] - ETA: 2:14 - loss: 2.1040 - accuracy: 0.3020
 2000/10000 [=====>........................] - ETA: 2:05 - loss: 2.1230 - accuracy: 0.3025
 2500/10000 [======>.......................] - ETA: 1:59 - loss: 2.0963 - accuracy: 0.3000
 3000/10000 [========>.....................] - ETA: 1:51 - loss: 2.0551 - accuracy: 0.3133
 3500/10000 [=========>....................] - ETA: 1:44 - loss: 2.0294 - accuracy: 0.3189
 4000/10000 [===========>..................] - ETA: 1:35 - loss: 2.0107 - accuracy: 0.3300
 4500/10000 [============>.................] - ETA: 1:27 - loss: 1.9912 - accuracy: 0.3351
 5000/10000 [==============>...............] - ETA: 1:19 - loss: 2.0013 - accuracy: 0.3358
 5500/10000 [===============>..............] - ETA: 1:11 - loss: 1.9959 - accuracy: 0.3260
 6000/10000 [=================>............] - ETA: 1:03 - loss: 2.0158 - accuracy: 0.3248
 6500/10000 [==================>...........] - ETA: 55s - loss: 2.0020 - accuracy: 0.3262 
 7000/10000 [====================>.........] - ETA: 47s - loss: 1.9847 - accuracy: 0.3354
 7500/10000 [=====================>........] - ETA: 39s - loss: 1.9768 - accuracy: 0.3351
 8000/10000 [=======================>......] - ETA: 31s - loss: 1.9712 - accuracy: 0.3360
 8500/10000 [========================>.....] - ETA: 23s - loss: 1.9640 - accuracy: 0.3364
 9000/10000 [==========================>...] - ETA: 15s - loss: 1.9556 - accuracy: 0.3374
 9500/10000 [===========================>..] - ETA: 7s - loss: 1.9485 - accuracy: 0.3404 
10000/10000 [==============================] - 158s 16ms/step - loss: 1.9327 - accuracy: 0.3468 - val_loss: 1.7333 - val_accuracy: 0.4272
Epoch 3/5

  500/10000 [>.............................] - ETA: 2:33 - loss: 1.6098 - accuracy: 0.4640
 1000/10000 [==>...........................] - ETA: 2:22 - loss: 1.6316 - accuracy: 0.4520
 1500/10000 [===>..........................] - ETA: 2:14 - loss: 1.7909 - accuracy: 0.3973
 2000/10000 [=====>........................] - ETA: 2:06 - loss: 1.7418 - accuracy: 0.4210
 2500/10000 [======>.......................] - ETA: 1:59 - loss: 1.7739 - accuracy: 0.4108
 3000/10000 [========>.....................] - ETA: 1:51 - loss: 1.7551 - accuracy: 0.4177
 3500/10000 [=========>....................] - ETA: 1:43 - loss: 1.7523 - accuracy: 0.4169
 4000/10000 [===========>..................] - ETA: 1:35 - loss: 1.7517 - accuracy: 0.4190
 4500/10000 [============>.................] - ETA: 1:27 - loss: 1.7384 - accuracy: 0.4231
 5000/10000 [==============>...............] - ETA: 1:19 - loss: 1.7213 - accuracy: 0.4308
 5500/10000 [===============>..............] - ETA: 1:11 - loss: 1.7015 - accuracy: 0.4335
 6000/10000 [=================>............] - ETA: 1:02 - loss: 1.6917 - accuracy: 0.4368
 6500/10000 [==================>...........] - ETA: 54s - loss: 1.6730 - accuracy: 0.4380 
 7000/10000 [====================>.........] - ETA: 46s - loss: 1.6523 - accuracy: 0.4491
 7500/10000 [=====================>........] - ETA: 39s - loss: 1.6588 - accuracy: 0.4415
 8000/10000 [=======================>......] - ETA: 31s - loss: 1.6770 - accuracy: 0.4401
 8500/10000 [========================>.....] - ETA: 23s - loss: 1.6660 - accuracy: 0.4413
 9000/10000 [==========================>...] - ETA: 15s - loss: 1.6602 - accuracy: 0.4446
 9500/10000 [===========================>..] - ETA: 7s - loss: 1.6571 - accuracy: 0.4424 
10000/10000 [==============================] - 157s 16ms/step - loss: 1.6423 - accuracy: 0.4485 - val_loss: 1.5674 - val_accuracy: 0.4448
Epoch 4/5

  500/10000 [>.............................] - ETA: 2:32 - loss: 1.4922 - accuracy: 0.4940
 1000/10000 [==>...........................] - ETA: 2:28 - loss: 1.5850 - accuracy: 0.4760
 1500/10000 [===>..........................] - ETA: 2:17 - loss: 1.5962 - accuracy: 0.4653
 2000/10000 [=====>........................] - ETA: 2:09 - loss: 1.5757 - accuracy: 0.4630
 2500/10000 [======>.......................] - ETA: 2:01 - loss: 1.5303 - accuracy: 0.4916
 3000/10000 [========>.....................] - ETA: 1:52 - loss: 1.4888 - accuracy: 0.5010
 3500/10000 [=========>....................] - ETA: 1:43 - loss: 1.4851 - accuracy: 0.5051
 4000/10000 [===========>..................] - ETA: 1:35 - loss: 1.5100 - accuracy: 0.4985
 4500/10000 [============>.................] - ETA: 1:28 - loss: 1.5220 - accuracy: 0.4960
 5000/10000 [==============>...............] - ETA: 1:20 - loss: 1.5007 - accuracy: 0.4980
 5500/10000 [===============>..............] - ETA: 1:12 - loss: 1.4870 - accuracy: 0.5031
 6000/10000 [=================>............] - ETA: 1:04 - loss: 1.4847 - accuracy: 0.5000
 6500/10000 [==================>...........] - ETA: 56s - loss: 1.4856 - accuracy: 0.4966 
 7000/10000 [====================>.........] - ETA: 48s - loss: 1.4983 - accuracy: 0.4970
 7500/10000 [=====================>........] - ETA: 40s - loss: 1.4984 - accuracy: 0.4975
 8000/10000 [=======================>......] - ETA: 31s - loss: 1.4964 - accuracy: 0.4980
 8500/10000 [========================>.....] - ETA: 23s - loss: 1.4831 - accuracy: 0.5024
 9000/10000 [==========================>...] - ETA: 15s - loss: 1.4724 - accuracy: 0.5049
 9500/10000 [===========================>..] - ETA: 7s - loss: 1.4596 - accuracy: 0.5103 
10000/10000 [==============================] - 159s 16ms/step - loss: 1.4539 - accuracy: 0.5127 - val_loss: 1.4732 - val_accuracy: 0.5552
Epoch 5/5

  500/10000 [>.............................] - ETA: 2:24 - loss: 1.1948 - accuracy: 0.6240
 1000/10000 [==>...........................] - ETA: 2:21 - loss: 1.2314 - accuracy: 0.5980
 1500/10000 [===>..........................] - ETA: 2:11 - loss: 1.2129 - accuracy: 0.6007
 2000/10000 [=====>........................] - ETA: 2:02 - loss: 1.2303 - accuracy: 0.5935
 2500/10000 [======>.......................] - ETA: 1:56 - loss: 1.2756 - accuracy: 0.5884
 3000/10000 [========>.....................] - ETA: 1:50 - loss: 1.3048 - accuracy: 0.5763
 3500/10000 [=========>....................] - ETA: 1:42 - loss: 1.3358 - accuracy: 0.5806
 4000/10000 [===========>..................] - ETA: 1:34 - loss: 1.3332 - accuracy: 0.5788
 4500/10000 [============>.................] - ETA: 1:26 - loss: 1.3478 - accuracy: 0.5733
 5000/10000 [==============>...............] - ETA: 1:18 - loss: 1.3617 - accuracy: 0.5672
 5500/10000 [===============>..............] - ETA: 1:10 - loss: 1.3602 - accuracy: 0.5691
 6000/10000 [=================>............] - ETA: 1:02 - loss: 1.3812 - accuracy: 0.5618
 6500/10000 [==================>...........] - ETA: 54s - loss: 1.3735 - accuracy: 0.5626 
 7000/10000 [====================>.........] - ETA: 46s - loss: 1.3656 - accuracy: 0.5629
 7500/10000 [=====================>........] - ETA: 39s - loss: 1.3748 - accuracy: 0.5663
 8000/10000 [=======================>......] - ETA: 31s - loss: 1.3647 - accuracy: 0.5683
 8500/10000 [========================>.....] - ETA: 23s - loss: 1.3564 - accuracy: 0.5707
 9000/10000 [==========================>...] - ETA: 15s - loss: 1.3484 - accuracy: 0.5724
 9500/10000 [===========================>..] - ETA: 7s - loss: 1.3505 - accuracy: 0.5722 
10000/10000 [==============================] - 157s 16ms/step - loss: 1.3448 - accuracy: 0.5736 - val_loss: 1.3442 - val_accuracy: 0.5784
Latency --- 790.310672044754 seconds ---
For delta=0.000100, the current epsilon is: 2.0042
=====================Iteration========================== 3
For delta=0.000100, the current epsilon is: 2.0042
Noise Mutiplier 1.49
loss= <keras.losses.CategoricalCrossentropy object at 0x1019777490>
in grads Tensor("loss_2/mul:0", shape=(?,), dtype=float32)
Train on 10000 samples, validate on 2500 samples
Epoch 1/5

  500/10000 [>.............................] - ETA: 2:34 - loss: 2.3148 - accuracy: 0.0800
 1000/10000 [==>...........................] - ETA: 2:22 - loss: 2.3135 - accuracy: 0.0720
 1500/10000 [===>..........................] - ETA: 2:12 - loss: 2.3067 - accuracy: 0.1000
 2000/10000 [=====>........................] - ETA: 2:04 - loss: 2.2935 - accuracy: 0.1225
 2500/10000 [======>.......................] - ETA: 1:53 - loss: 2.2855 - accuracy: 0.1276
 3000/10000 [========>.....................] - ETA: 1:46 - loss: 2.2739 - accuracy: 0.1493
 3500/10000 [=========>....................] - ETA: 1:38 - loss: 2.2626 - accuracy: 0.1686
 4000/10000 [===========>..................] - ETA: 1:30 - loss: 2.2533 - accuracy: 0.1685
 4500/10000 [============>.................] - ETA: 1:23 - loss: 2.2452 - accuracy: 0.1713
 5000/10000 [==============>...............] - ETA: 1:15 - loss: 2.2405 - accuracy: 0.1754
 5500/10000 [===============>..............] - ETA: 1:08 - loss: 2.2311 - accuracy: 0.1820
 6000/10000 [=================>............] - ETA: 1:00 - loss: 2.2250 - accuracy: 0.1933
 6500/10000 [==================>...........] - ETA: 53s - loss: 2.2172 - accuracy: 0.1974 
 7000/10000 [====================>.........] - ETA: 45s - loss: 2.2032 - accuracy: 0.2041
 7500/10000 [=====================>........] - ETA: 38s - loss: 2.1926 - accuracy: 0.2089
 8000/10000 [=======================>......] - ETA: 30s - loss: 2.1807 - accuracy: 0.2125
 8500/10000 [========================>.....] - ETA: 22s - loss: 2.1658 - accuracy: 0.2193
 9000/10000 [==========================>...] - ETA: 15s - loss: 2.1553 - accuracy: 0.2224
 9500/10000 [===========================>..] - ETA: 7s - loss: 2.1532 - accuracy: 0.2286 
10000/10000 [==============================] - 153s 15ms/step - loss: 2.1349 - accuracy: 0.2359 - val_loss: 1.7904 - val_accuracy: 0.4380
Epoch 2/5

  500/10000 [>.............................] - ETA: 2:17 - loss: 1.7050 - accuracy: 0.4720
 1000/10000 [==>...........................] - ETA: 2:15 - loss: 1.7908 - accuracy: 0.4090
 1500/10000 [===>..........................] - ETA: 2:10 - loss: 1.8664 - accuracy: 0.3900
 2000/10000 [=====>........................] - ETA: 1:58 - loss: 1.8513 - accuracy: 0.3690
 2500/10000 [======>.......................] - ETA: 1:52 - loss: 1.8216 - accuracy: 0.3908
 3000/10000 [========>.....................] - ETA: 1:44 - loss: 1.7819 - accuracy: 0.4003
 3500/10000 [=========>....................] - ETA: 1:37 - loss: 1.8025 - accuracy: 0.3889
 4000/10000 [===========>..................] - ETA: 1:30 - loss: 1.8007 - accuracy: 0.3995
 4500/10000 [============>.................] - ETA: 1:22 - loss: 1.8248 - accuracy: 0.3882
 5000/10000 [==============>...............] - ETA: 1:15 - loss: 1.8212 - accuracy: 0.3906
 5500/10000 [===============>..............] - ETA: 1:07 - loss: 1.8125 - accuracy: 0.3907
 6000/10000 [=================>............] - ETA: 59s - loss: 1.7988 - accuracy: 0.3973 
 6500/10000 [==================>...........] - ETA: 52s - loss: 1.7841 - accuracy: 0.3992
 7000/10000 [====================>.........] - ETA: 45s - loss: 1.7719 - accuracy: 0.4044
 7500/10000 [=====================>........] - ETA: 37s - loss: 1.7477 - accuracy: 0.4135
 8000/10000 [=======================>......] - ETA: 30s - loss: 1.7321 - accuracy: 0.4174
 8500/10000 [========================>.....] - ETA: 22s - loss: 1.7197 - accuracy: 0.4213
 9000/10000 [==========================>...] - ETA: 15s - loss: 1.7167 - accuracy: 0.4234
 9500/10000 [===========================>..] - ETA: 7s - loss: 1.7111 - accuracy: 0.4241 
10000/10000 [==============================] - 151s 15ms/step - loss: 1.7058 - accuracy: 0.4295 - val_loss: 1.6595 - val_accuracy: 0.4696
Epoch 3/5

  500/10000 [>.............................] - ETA: 2:23 - loss: 1.4759 - accuracy: 0.5200
 1000/10000 [==>...........................] - ETA: 2:18 - loss: 1.4589 - accuracy: 0.5460
 1500/10000 [===>..........................] - ETA: 2:10 - loss: 1.4375 - accuracy: 0.5433
 2000/10000 [=====>........................] - ETA: 2:02 - loss: 1.4698 - accuracy: 0.5360
 2500/10000 [======>.......................] - ETA: 1:52 - loss: 1.4074 - accuracy: 0.5536
 3000/10000 [========>.....................] - ETA: 1:44 - loss: 1.4269 - accuracy: 0.5500
 3500/10000 [=========>....................] - ETA: 1:37 - loss: 1.4174 - accuracy: 0.5511
 4000/10000 [===========>..................] - ETA: 1:30 - loss: 1.4280 - accuracy: 0.5452
 4500/10000 [============>.................] - ETA: 1:22 - loss: 1.4704 - accuracy: 0.5387
 5000/10000 [==============>...............] - ETA: 1:15 - loss: 1.4672 - accuracy: 0.5358
 5500/10000 [===============>..............] - ETA: 1:08 - loss: 1.4545 - accuracy: 0.5360
 6000/10000 [=================>............] - ETA: 1:00 - loss: 1.4639 - accuracy: 0.5353
 6500/10000 [==================>...........] - ETA: 53s - loss: 1.4414 - accuracy: 0.5409 
 7000/10000 [====================>.........] - ETA: 45s - loss: 1.4365 - accuracy: 0.5411
 7500/10000 [=====================>........] - ETA: 37s - loss: 1.4247 - accuracy: 0.5455
 8000/10000 [=======================>......] - ETA: 30s - loss: 1.4133 - accuracy: 0.5476
 8500/10000 [========================>.....] - ETA: 22s - loss: 1.4177 - accuracy: 0.5462
 9000/10000 [==========================>...] - ETA: 15s - loss: 1.4214 - accuracy: 0.5448
 9500/10000 [===========================>..] - ETA: 7s - loss: 1.4326 - accuracy: 0.5426 
10000/10000 [==============================] - 151s 15ms/step - loss: 1.4369 - accuracy: 0.5416 - val_loss: 1.4987 - val_accuracy: 0.5488
Epoch 4/5

  500/10000 [>.............................] - ETA: 2:23 - loss: 1.3431 - accuracy: 0.6200
 1000/10000 [==>...........................] - ETA: 2:16 - loss: 1.3967 - accuracy: 0.5870
 1500/10000 [===>..........................] - ETA: 2:07 - loss: 1.4557 - accuracy: 0.5607
 2000/10000 [=====>........................] - ETA: 1:59 - loss: 1.5381 - accuracy: 0.5405
 2500/10000 [======>.......................] - ETA: 1:52 - loss: 1.5671 - accuracy: 0.5228
 3000/10000 [========>.....................] - ETA: 1:45 - loss: 1.5237 - accuracy: 0.5310
 3500/10000 [=========>....................] - ETA: 1:38 - loss: 1.4822 - accuracy: 0.5411
 4000/10000 [===========>..................] - ETA: 1:31 - loss: 1.4777 - accuracy: 0.5430
 4500/10000 [============>.................] - ETA: 1:24 - loss: 1.4496 - accuracy: 0.5509
 5000/10000 [==============>...............] - ETA: 1:16 - loss: 1.4258 - accuracy: 0.5556
 5500/10000 [===============>..............] - ETA: 1:08 - loss: 1.4220 - accuracy: 0.5585
 6000/10000 [=================>............] - ETA: 1:00 - loss: 1.4605 - accuracy: 0.5540
 6500/10000 [==================>...........] - ETA: 53s - loss: 1.4521 - accuracy: 0.5569 
 7000/10000 [====================>.........] - ETA: 45s - loss: 1.4320 - accuracy: 0.5629
 7500/10000 [=====================>........] - ETA: 37s - loss: 1.4552 - accuracy: 0.5593
 8000/10000 [=======================>......] - ETA: 30s - loss: 1.4546 - accuracy: 0.5600
 8500/10000 [========================>.....] - ETA: 22s - loss: 1.4483 - accuracy: 0.5614
 9000/10000 [==========================>...] - ETA: 15s - loss: 1.4490 - accuracy: 0.5608
 9500/10000 [===========================>..] - ETA: 7s - loss: 1.4377 - accuracy: 0.5634 
10000/10000 [==============================] - 152s 15ms/step - loss: 1.4293 - accuracy: 0.5653 - val_loss: 1.4625 - val_accuracy: 0.5656
Epoch 5/5

  500/10000 [>.............................] - ETA: 2:20 - loss: 1.3369 - accuracy: 0.5840
 1000/10000 [==>...........................] - ETA: 2:15 - loss: 1.7032 - accuracy: 0.5680
 1500/10000 [===>..........................] - ETA: 2:07 - loss: 1.5492 - accuracy: 0.5813
 2000/10000 [=====>........................] - ETA: 2:00 - loss: 1.4652 - accuracy: 0.5875
 2500/10000 [======>.......................] - ETA: 1:53 - loss: 1.5015 - accuracy: 0.5840
 3000/10000 [========>.....................] - ETA: 1:45 - loss: 1.4432 - accuracy: 0.5893
 3500/10000 [=========>....................] - ETA: 1:38 - loss: 1.4257 - accuracy: 0.5883
 4000/10000 [===========>..................] - ETA: 1:31 - loss: 1.3914 - accuracy: 0.5930
 4500/10000 [============>.................] - ETA: 1:23 - loss: 1.3751 - accuracy: 0.5967
 5000/10000 [==============>...............] - ETA: 1:15 - loss: 1.3994 - accuracy: 0.5900
 5500/10000 [===============>..............] - ETA: 1:08 - loss: 1.4086 - accuracy: 0.5893
 6000/10000 [=================>............] - ETA: 1:00 - loss: 1.4200 - accuracy: 0.5812
 6500/10000 [==================>...........] - ETA: 52s - loss: 1.4229 - accuracy: 0.5831 
 7000/10000 [====================>.........] - ETA: 45s - loss: 1.4403 - accuracy: 0.5806
 7500/10000 [=====================>........] - ETA: 37s - loss: 1.4324 - accuracy: 0.5828
 8000/10000 [=======================>......] - ETA: 30s - loss: 1.4412 - accuracy: 0.5799
 8500/10000 [========================>.....] - ETA: 22s - loss: 1.4210 - accuracy: 0.5852
 9000/10000 [==========================>...] - ETA: 15s - loss: 1.4034 - accuracy: 0.5894
 9500/10000 [===========================>..] - ETA: 7s - loss: 1.3881 - accuracy: 0.5939 
10000/10000 [==============================] - 152s 15ms/step - loss: 1.3741 - accuracy: 0.5963 - val_loss: 1.7844 - val_accuracy: 0.5572
Latency --- 762.5400280952454 seconds ---
For delta=0.000100, the current epsilon is: 2.0042
=====================Iteration========================== 4
For delta=0.000100, the current epsilon is: 2.0042
Noise Mutiplier 1.49
loss= <keras.losses.CategoricalCrossentropy object at 0x1019901110>
in grads Tensor("loss_3/mul:0", shape=(?,), dtype=float32)
Train on 10000 samples, validate on 2500 samples
Epoch 1/5

  500/10000 [>.............................] - ETA: 2:46 - loss: 2.3029 - accuracy: 0.0840
 1000/10000 [==>...........................] - ETA: 2:26 - loss: 2.2908 - accuracy: 0.0940
 1500/10000 [===>..........................] - ETA: 2:14 - loss: 2.2883 - accuracy: 0.1060
 2000/10000 [=====>........................] - ETA: 2:04 - loss: 2.2821 - accuracy: 0.1285
 2500/10000 [======>.......................] - ETA: 1:56 - loss: 2.2753 - accuracy: 0.1240
 3000/10000 [========>.....................] - ETA: 1:47 - loss: 2.2671 - accuracy: 0.1313
 3500/10000 [=========>....................] - ETA: 1:39 - loss: 2.2591 - accuracy: 0.1346
 4000/10000 [===========>..................] - ETA: 1:31 - loss: 2.2502 - accuracy: 0.1330
 4500/10000 [============>.................] - ETA: 1:24 - loss: 2.2480 - accuracy: 0.1291
 5000/10000 [==============>...............] - ETA: 1:16 - loss: 2.2395 - accuracy: 0.1374
 5500/10000 [===============>..............] - ETA: 1:08 - loss: 2.2287 - accuracy: 0.1389
 6000/10000 [=================>............] - ETA: 1:00 - loss: 2.2242 - accuracy: 0.1410
 6500/10000 [==================>...........] - ETA: 53s - loss: 2.2148 - accuracy: 0.1468 
 7000/10000 [====================>.........] - ETA: 45s - loss: 2.1995 - accuracy: 0.1636
 7500/10000 [=====================>........] - ETA: 38s - loss: 2.1868 - accuracy: 0.1723
 8000/10000 [=======================>......] - ETA: 30s - loss: 2.1740 - accuracy: 0.1845
 8500/10000 [========================>.....] - ETA: 22s - loss: 2.1705 - accuracy: 0.1841
 9000/10000 [==========================>...] - ETA: 15s - loss: 2.1662 - accuracy: 0.1923
 9500/10000 [===========================>..] - ETA: 7s - loss: 2.1493 - accuracy: 0.2011 
10000/10000 [==============================] - 153s 15ms/step - loss: 2.1320 - accuracy: 0.2084 - val_loss: 2.0278 - val_accuracy: 0.3192
Epoch 2/5

  500/10000 [>.............................] - ETA: 2:19 - loss: 1.9644 - accuracy: 0.3340
 1000/10000 [==>...........................] - ETA: 2:13 - loss: 1.8793 - accuracy: 0.3720
 1500/10000 [===>..........................] - ETA: 2:06 - loss: 1.9169 - accuracy: 0.3527
 2000/10000 [=====>........................] - ETA: 2:01 - loss: 1.8518 - accuracy: 0.3740
 2500/10000 [======>.......................] - ETA: 1:54 - loss: 1.8183 - accuracy: 0.3740
 3000/10000 [========>.....................] - ETA: 1:47 - loss: 1.8195 - accuracy: 0.3640
 3500/10000 [=========>....................] - ETA: 1:39 - loss: 1.8401 - accuracy: 0.3586
 4000/10000 [===========>..................] - ETA: 1:31 - loss: 1.8216 - accuracy: 0.3620
 4500/10000 [============>.................] - ETA: 1:23 - loss: 1.8020 - accuracy: 0.3751
 5000/10000 [==============>...............] - ETA: 1:15 - loss: 1.7762 - accuracy: 0.3868
 5500/10000 [===============>..............] - ETA: 1:08 - loss: 1.7513 - accuracy: 0.3991
 6000/10000 [=================>............] - ETA: 1:00 - loss: 1.7424 - accuracy: 0.4088
 6500/10000 [==================>...........] - ETA: 52s - loss: 1.7722 - accuracy: 0.4031 
 7000/10000 [====================>.........] - ETA: 45s - loss: 1.7760 - accuracy: 0.4013
 7500/10000 [=====================>........] - ETA: 37s - loss: 1.7675 - accuracy: 0.4052
 8000/10000 [=======================>......] - ETA: 30s - loss: 1.7796 - accuracy: 0.3968
 8500/10000 [========================>.....] - ETA: 22s - loss: 1.7646 - accuracy: 0.3989
 9000/10000 [==========================>...] - ETA: 15s - loss: 1.7644 - accuracy: 0.4008
 9500/10000 [===========================>..] - ETA: 7s - loss: 1.7583 - accuracy: 0.4004 
10000/10000 [==============================] - 151s 15ms/step - loss: 1.7465 - accuracy: 0.4043 - val_loss: 2.0837 - val_accuracy: 0.3116
Epoch 3/5

  500/10000 [>.............................] - ETA: 2:21 - loss: 1.8482 - accuracy: 0.3560
 1000/10000 [==>...........................] - ETA: 2:14 - loss: 1.7250 - accuracy: 0.4250
 1500/10000 [===>..........................] - ETA: 2:05 - loss: 1.6371 - accuracy: 0.4533
 2000/10000 [=====>........................] - ETA: 1:57 - loss: 1.6044 - accuracy: 0.4630
 2500/10000 [======>.......................] - ETA: 1:51 - loss: 1.6016 - accuracy: 0.4612
 3000/10000 [========>.....................] - ETA: 1:43 - loss: 1.5945 - accuracy: 0.4660
 3500/10000 [=========>....................] - ETA: 1:36 - loss: 1.5969 - accuracy: 0.4649
 4000/10000 [===========>..................] - ETA: 1:29 - loss: 1.6182 - accuracy: 0.4665
 4500/10000 [============>.................] - ETA: 1:22 - loss: 1.6089 - accuracy: 0.4678
 5000/10000 [==============>...............] - ETA: 1:15 - loss: 1.5932 - accuracy: 0.4746
 5500/10000 [===============>..............] - ETA: 1:08 - loss: 1.5681 - accuracy: 0.4835
 6000/10000 [=================>............] - ETA: 1:00 - loss: 1.5558 - accuracy: 0.4890
 6500/10000 [==================>...........] - ETA: 52s - loss: 1.5469 - accuracy: 0.4877 
 7000/10000 [====================>.........] - ETA: 45s - loss: 1.5601 - accuracy: 0.4829
 7500/10000 [=====================>........] - ETA: 37s - loss: 1.5630 - accuracy: 0.4805
 8000/10000 [=======================>......] - ETA: 30s - loss: 1.5631 - accuracy: 0.4812
 8500/10000 [========================>.....] - ETA: 22s - loss: 1.5550 - accuracy: 0.4834
 9000/10000 [==========================>...] - ETA: 15s - loss: 1.5560 - accuracy: 0.4856
 9500/10000 [===========================>..] - ETA: 7s - loss: 1.5734 - accuracy: 0.4811 
10000/10000 [==============================] - 151s 15ms/step - loss: 1.5720 - accuracy: 0.4813 - val_loss: 1.8308 - val_accuracy: 0.4352
Epoch 4/5

  500/10000 [>.............................] - ETA: 2:25 - loss: 1.7833 - accuracy: 0.4260
 1000/10000 [==>...........................] - ETA: 2:18 - loss: 1.6357 - accuracy: 0.4640
 1500/10000 [===>..........................] - ETA: 2:09 - loss: 1.6993 - accuracy: 0.4660
 2000/10000 [=====>........................] - ETA: 2:00 - loss: 1.6662 - accuracy: 0.4635
 2500/10000 [======>.......................] - ETA: 1:54 - loss: 1.6047 - accuracy: 0.4824
 3000/10000 [========>.....................] - ETA: 1:46 - loss: 1.5755 - accuracy: 0.4867
 3500/10000 [=========>....................] - ETA: 1:39 - loss: 1.5462 - accuracy: 0.4946
 4000/10000 [===========>..................] - ETA: 1:31 - loss: 1.5187 - accuracy: 0.5013
 4500/10000 [============>.................] - ETA: 1:23 - loss: 1.5144 - accuracy: 0.5069
 5000/10000 [==============>...............] - ETA: 1:16 - loss: 1.5211 - accuracy: 0.5076
 5500/10000 [===============>..............] - ETA: 1:08 - loss: 1.5343 - accuracy: 0.5044
 6000/10000 [=================>............] - ETA: 1:00 - loss: 1.5454 - accuracy: 0.5058
 6500/10000 [==================>...........] - ETA: 53s - loss: 1.5182 - accuracy: 0.5137 
 7000/10000 [====================>.........] - ETA: 45s - loss: 1.4991 - accuracy: 0.5179
 7500/10000 [=====================>........] - ETA: 37s - loss: 1.4818 - accuracy: 0.5227
 8000/10000 [=======================>......] - ETA: 30s - loss: 1.4663 - accuracy: 0.5263
 8500/10000 [========================>.....] - ETA: 22s - loss: 1.4795 - accuracy: 0.5228
 9000/10000 [==========================>...] - ETA: 15s - loss: 1.5055 - accuracy: 0.5197
 9500/10000 [===========================>..] - ETA: 7s - loss: 1.5062 - accuracy: 0.5186 
10000/10000 [==============================] - 152s 15ms/step - loss: 1.5115 - accuracy: 0.5215 - val_loss: 1.5585 - val_accuracy: 0.5048
Epoch 5/5

  500/10000 [>.............................] - ETA: 2:23 - loss: 1.5374 - accuracy: 0.5040
 1000/10000 [==>...........................] - ETA: 2:15 - loss: 1.5918 - accuracy: 0.5180
 1500/10000 [===>..........................] - ETA: 2:08 - loss: 1.5920 - accuracy: 0.5013
 2000/10000 [=====>........................] - ETA: 2:00 - loss: 1.5513 - accuracy: 0.5240
 2500/10000 [======>.......................] - ETA: 1:52 - loss: 1.5786 - accuracy: 0.5132
 3000/10000 [========>.....................] - ETA: 1:44 - loss: 1.5576 - accuracy: 0.5213
 3500/10000 [=========>....................] - ETA: 1:37 - loss: 1.6128 - accuracy: 0.5100
 4000/10000 [===========>..................] - ETA: 1:30 - loss: 1.5834 - accuracy: 0.5178
 4500/10000 [============>.................] - ETA: 1:22 - loss: 1.5490 - accuracy: 0.5240
 5000/10000 [==============>...............] - ETA: 1:15 - loss: 1.5811 - accuracy: 0.5134
 5500/10000 [===============>..............] - ETA: 1:07 - loss: 1.5632 - accuracy: 0.5173
 6000/10000 [=================>............] - ETA: 1:00 - loss: 1.5490 - accuracy: 0.5218
 6500/10000 [==================>...........] - ETA: 52s - loss: 1.5597 - accuracy: 0.5218 
 7000/10000 [====================>.........] - ETA: 45s - loss: 1.5973 - accuracy: 0.5157
 7500/10000 [=====================>........] - ETA: 37s - loss: 1.6124 - accuracy: 0.5180
 8000/10000 [=======================>......] - ETA: 30s - loss: 1.6175 - accuracy: 0.5157
 8500/10000 [========================>.....] - ETA: 22s - loss: 1.6024 - accuracy: 0.5187
 9000/10000 [==========================>...] - ETA: 15s - loss: 1.5970 - accuracy: 0.5207
 9500/10000 [===========================>..] - ETA: 7s - loss: 1.5915 - accuracy: 0.5224 
10000/10000 [==============================] - 151s 15ms/step - loss: 1.5847 - accuracy: 0.5228 - val_loss: 1.7440 - val_accuracy: 0.5512
Latency --- 760.7913575172424 seconds ---
For delta=0.000100, the current epsilon is: 2.0042
=====================Iteration========================== 5
For delta=0.000100, the current epsilon is: 2.0042
Noise Mutiplier 1.49
loss= <keras.losses.CategoricalCrossentropy object at 0x1019a76250>
in grads Tensor("loss_4/mul:0", shape=(?,), dtype=float32)
Train on 10000 samples, validate on 2500 samples
Epoch 1/5

  500/10000 [>.............................] - ETA: 2:36 - loss: 2.3081 - accuracy: 0.1060
 1000/10000 [==>...........................] - ETA: 2:21 - loss: 2.3002 - accuracy: 0.1220
 1500/10000 [===>..........................] - ETA: 2:12 - loss: 2.2959 - accuracy: 0.1180
 2000/10000 [=====>........................] - ETA: 2:04 - loss: 2.2868 - accuracy: 0.1225
 2500/10000 [======>.......................] - ETA: 1:55 - loss: 2.2768 - accuracy: 0.1428
 3000/10000 [========>.....................] - ETA: 1:47 - loss: 2.2693 - accuracy: 0.1493
 3500/10000 [=========>....................] - ETA: 1:39 - loss: 2.2626 - accuracy: 0.1583
 4000/10000 [===========>..................] - ETA: 1:32 - loss: 2.2557 - accuracy: 0.1570
 4500/10000 [============>.................] - ETA: 1:24 - loss: 2.2443 - accuracy: 0.1702
 5000/10000 [==============>...............] - ETA: 1:17 - loss: 2.2334 - accuracy: 0.1828
 5500/10000 [===============>..............] - ETA: 1:09 - loss: 2.2216 - accuracy: 0.1920
 6000/10000 [=================>............] - ETA: 1:01 - loss: 2.2073 - accuracy: 0.1998
 6500/10000 [==================>...........] - ETA: 54s - loss: 2.1980 - accuracy: 0.1985 
 7000/10000 [====================>.........] - ETA: 46s - loss: 2.1951 - accuracy: 0.2013
 7500/10000 [=====================>........] - ETA: 38s - loss: 2.1890 - accuracy: 0.2063
 8000/10000 [=======================>......] - ETA: 30s - loss: 2.1836 - accuracy: 0.2085
 8500/10000 [========================>.....] - ETA: 23s - loss: 2.1710 - accuracy: 0.2174
 9000/10000 [==========================>...] - ETA: 15s - loss: 2.1584 - accuracy: 0.2259
 9500/10000 [===========================>..] - ETA: 7s - loss: 2.1458 - accuracy: 0.2268 
10000/10000 [==============================] - 155s 16ms/step - loss: 2.1510 - accuracy: 0.2295 - val_loss: 1.8827 - val_accuracy: 0.3200
Epoch 2/5

  500/10000 [>.............................] - ETA: 2:22 - loss: 1.8559 - accuracy: 0.3200
 1000/10000 [==>...........................] - ETA: 2:13 - loss: 1.8600 - accuracy: 0.3490
 1500/10000 [===>..........................] - ETA: 2:08 - loss: 1.8366 - accuracy: 0.3600
 2000/10000 [=====>........................] - ETA: 2:01 - loss: 1.8175 - accuracy: 0.3950
 2500/10000 [======>.......................] - ETA: 1:53 - loss: 1.7802 - accuracy: 0.4056
 3000/10000 [========>.....................] - ETA: 1:47 - loss: 1.7947 - accuracy: 0.3930
 3500/10000 [=========>....................] - ETA: 1:40 - loss: 1.7380 - accuracy: 0.4189
 4000/10000 [===========>..................] - ETA: 1:32 - loss: 1.7296 - accuracy: 0.4207
 4500/10000 [============>.................] - ETA: 1:24 - loss: 1.7220 - accuracy: 0.4242
 5000/10000 [==============>...............] - ETA: 1:17 - loss: 1.7081 - accuracy: 0.4380
 5500/10000 [===============>..............] - ETA: 1:09 - loss: 1.6862 - accuracy: 0.4442
 6000/10000 [=================>............] - ETA: 1:01 - loss: 1.6553 - accuracy: 0.4563
 6500/10000 [==================>...........] - ETA: 54s - loss: 1.6428 - accuracy: 0.4603 
 7000/10000 [====================>.........] - ETA: 46s - loss: 1.6356 - accuracy: 0.4626
 7500/10000 [=====================>........] - ETA: 38s - loss: 1.6432 - accuracy: 0.4591
 8000/10000 [=======================>......] - ETA: 30s - loss: 1.6341 - accuracy: 0.4630
 8500/10000 [========================>.....] - ETA: 23s - loss: 1.6361 - accuracy: 0.4594
 9000/10000 [==========================>...] - ETA: 15s - loss: 1.6229 - accuracy: 0.4632
 9500/10000 [===========================>..] - ETA: 7s - loss: 1.6137 - accuracy: 0.4641 
10000/10000 [==============================] - 155s 15ms/step - loss: 1.6054 - accuracy: 0.4678 - val_loss: 1.6571 - val_accuracy: 0.4740
Epoch 3/5

  500/10000 [>.............................] - ETA: 2:22 - loss: 1.7179 - accuracy: 0.4240
 1000/10000 [==>...........................] - ETA: 2:18 - loss: 1.5650 - accuracy: 0.4650
 1500/10000 [===>..........................] - ETA: 2:15 - loss: 1.4567 - accuracy: 0.4940
 2000/10000 [=====>........................] - ETA: 2:06 - loss: 1.4779 - accuracy: 0.5015
 2500/10000 [======>.......................] - ETA: 1:58 - loss: 1.4959 - accuracy: 0.4888
 3000/10000 [========>.....................] - ETA: 1:50 - loss: 1.5093 - accuracy: 0.4910
 3500/10000 [=========>....................] - ETA: 1:41 - loss: 1.4822 - accuracy: 0.4991
 4000/10000 [===========>..................] - ETA: 1:33 - loss: 1.4695 - accuracy: 0.5050
 4500/10000 [============>.................] - ETA: 1:26 - loss: 1.4561 - accuracy: 0.5073
 5000/10000 [==============>...............] - ETA: 1:18 - loss: 1.4540 - accuracy: 0.5078
 5500/10000 [===============>..............] - ETA: 1:10 - loss: 1.4670 - accuracy: 0.5038
 6000/10000 [=================>............] - ETA: 1:02 - loss: 1.4752 - accuracy: 0.5040
 6500/10000 [==================>...........] - ETA: 54s - loss: 1.4804 - accuracy: 0.5031 
 7000/10000 [====================>.........] - ETA: 46s - loss: 1.4886 - accuracy: 0.5017
 7500/10000 [=====================>........] - ETA: 39s - loss: 1.4875 - accuracy: 0.5073
 8000/10000 [=======================>......] - ETA: 31s - loss: 1.4879 - accuracy: 0.5074
 8500/10000 [========================>.....] - ETA: 23s - loss: 1.4781 - accuracy: 0.5108
 9000/10000 [==========================>...] - ETA: 15s - loss: 1.4799 - accuracy: 0.5104
 9500/10000 [===========================>..] - ETA: 7s - loss: 1.4813 - accuracy: 0.5124 
10000/10000 [==============================] - 156s 16ms/step - loss: 1.4716 - accuracy: 0.5143 - val_loss: 1.3283 - val_accuracy: 0.5524
Epoch 4/5

  500/10000 [>.............................] - ETA: 2:31 - loss: 1.1558 - accuracy: 0.6360
 1000/10000 [==>...........................] - ETA: 2:22 - loss: 1.2824 - accuracy: 0.5960
 1500/10000 [===>..........................] - ETA: 2:14 - loss: 1.2903 - accuracy: 0.5813
 2000/10000 [=====>........................] - ETA: 2:05 - loss: 1.3446 - accuracy: 0.5660
 2500/10000 [======>.......................] - ETA: 1:57 - loss: 1.3130 - accuracy: 0.5744
 3000/10000 [========>.....................] - ETA: 1:48 - loss: 1.2924 - accuracy: 0.5803
 3500/10000 [=========>....................] - ETA: 1:41 - loss: 1.2843 - accuracy: 0.5811
 4000/10000 [===========>..................] - ETA: 1:33 - loss: 1.2655 - accuracy: 0.5867
 4500/10000 [============>.................] - ETA: 1:25 - loss: 1.2672 - accuracy: 0.5860
 5000/10000 [==============>...............] - ETA: 1:17 - loss: 1.2894 - accuracy: 0.5776
 5500/10000 [===============>..............] - ETA: 1:09 - loss: 1.2935 - accuracy: 0.5773
 6000/10000 [=================>............] - ETA: 1:02 - loss: 1.2869 - accuracy: 0.5812
 6500/10000 [==================>...........] - ETA: 54s - loss: 1.2962 - accuracy: 0.5774 
 7000/10000 [====================>.........] - ETA: 46s - loss: 1.3178 - accuracy: 0.5756
 7500/10000 [=====================>........] - ETA: 38s - loss: 1.3104 - accuracy: 0.5780
 8000/10000 [=======================>......] - ETA: 31s - loss: 1.3077 - accuracy: 0.5769
 8500/10000 [========================>.....] - ETA: 23s - loss: 1.2995 - accuracy: 0.5784
 9000/10000 [==========================>...] - ETA: 15s - loss: 1.3094 - accuracy: 0.5748
 9500/10000 [===========================>..] - ETA: 7s - loss: 1.3127 - accuracy: 0.5772 
10000/10000 [==============================] - 155s 16ms/step - loss: 1.3094 - accuracy: 0.5795 - val_loss: 1.4879 - val_accuracy: 0.5676
Epoch 5/5

  500/10000 [>.............................] - ETA: 2:28 - loss: 1.3859 - accuracy: 0.5880
 1000/10000 [==>...........................] - ETA: 2:25 - loss: 1.2990 - accuracy: 0.6070
 1500/10000 [===>..........................] - ETA: 2:16 - loss: 1.3706 - accuracy: 0.5920
 2000/10000 [=====>........................] - ETA: 2:08 - loss: 1.4082 - accuracy: 0.5765
 2500/10000 [======>.......................] - ETA: 2:00 - loss: 1.3452 - accuracy: 0.5900
 3000/10000 [========>.....................] - ETA: 1:52 - loss: 1.3545 - accuracy: 0.5873
 3500/10000 [=========>....................] - ETA: 1:43 - loss: 1.3384 - accuracy: 0.5877
 4000/10000 [===========>..................] - ETA: 1:35 - loss: 1.3045 - accuracy: 0.5943
 4500/10000 [============>.................] - ETA: 1:27 - loss: 1.2826 - accuracy: 0.6018
 5000/10000 [==============>...............] - ETA: 1:19 - loss: 1.2830 - accuracy: 0.5994
 5500/10000 [===============>..............] - ETA: 1:11 - loss: 1.3015 - accuracy: 0.5965
 6000/10000 [=================>............] - ETA: 1:03 - loss: 1.3084 - accuracy: 0.5968
 6500/10000 [==================>...........] - ETA: 55s - loss: 1.3042 - accuracy: 0.5962 
 7000/10000 [====================>.........] - ETA: 47s - loss: 1.2994 - accuracy: 0.5967
 7500/10000 [=====================>........] - ETA: 39s - loss: 1.3061 - accuracy: 0.5953
 8000/10000 [=======================>......] - ETA: 31s - loss: 1.3074 - accuracy: 0.5944
 8500/10000 [========================>.....] - ETA: 23s - loss: 1.3024 - accuracy: 0.5961
 9000/10000 [==========================>...] - ETA: 15s - loss: 1.2896 - accuracy: 0.5989
 9500/10000 [===========================>..] - ETA: 7s - loss: 1.2718 - accuracy: 0.6033 
10000/10000 [==============================] - 157s 16ms/step - loss: 1.2588 - accuracy: 0.6060 - val_loss: 1.1076 - val_accuracy: 0.6524
Latency --- 781.522955417633 seconds ---
For delta=0.000100, the current epsilon is: 2.0042
=====================Iteration========================== 6
For delta=0.000100, the current epsilon is: 2.0042
Noise Mutiplier 1.49
loss= <keras.losses.CategoricalCrossentropy object at 0x1019c06dd0>
in grads Tensor("loss_5/mul:0", shape=(?,), dtype=float32)
Train on 10000 samples, validate on 2500 samples
Epoch 1/5

  500/10000 [>.............................] - ETA: 2:39 - loss: 2.3113 - accuracy: 0.0900
 1000/10000 [==>...........................] - ETA: 2:23 - loss: 2.2968 - accuracy: 0.1430
 1500/10000 [===>..........................] - ETA: 2:13 - loss: 2.2894 - accuracy: 0.1747
 2000/10000 [=====>........................] - ETA: 2:05 - loss: 2.2862 - accuracy: 0.1735
 2500/10000 [======>.......................] - ETA: 1:57 - loss: 2.2797 - accuracy: 0.1636
 3000/10000 [========>.....................] - ETA: 1:48 - loss: 2.2724 - accuracy: 0.1563
 3500/10000 [=========>....................] - ETA: 1:40 - loss: 2.2597 - accuracy: 0.1691
 4000/10000 [===========>..................] - ETA: 1:32 - loss: 2.2469 - accuracy: 0.1637
 4500/10000 [============>.................] - ETA: 1:24 - loss: 2.2374 - accuracy: 0.1689
 5000/10000 [==============>...............] - ETA: 1:16 - loss: 2.2250 - accuracy: 0.1754
 5500/10000 [===============>..............] - ETA: 1:09 - loss: 2.2079 - accuracy: 0.1938
 6000/10000 [=================>............] - ETA: 1:01 - loss: 2.1889 - accuracy: 0.2098
 6500/10000 [==================>...........] - ETA: 53s - loss: 2.1738 - accuracy: 0.2209 
 7000/10000 [====================>.........] - ETA: 45s - loss: 2.1751 - accuracy: 0.2207
 7500/10000 [=====================>........] - ETA: 38s - loss: 2.1610 - accuracy: 0.2284
 8000/10000 [=======================>......] - ETA: 30s - loss: 2.1536 - accuracy: 0.2300
 8500/10000 [========================>.....] - ETA: 22s - loss: 2.1391 - accuracy: 0.2387
 9000/10000 [==========================>...] - ETA: 15s - loss: 2.1250 - accuracy: 0.2458
 9500/10000 [===========================>..] - ETA: 7s - loss: 2.1147 - accuracy: 0.2528 
10000/10000 [==============================] - 154s 15ms/step - loss: 2.1015 - accuracy: 0.2574 - val_loss: 1.9187 - val_accuracy: 0.3500
Epoch 2/5

  500/10000 [>.............................] - ETA: 2:30 - loss: 1.8318 - accuracy: 0.3640
 1000/10000 [==>...........................] - ETA: 2:17 - loss: 1.7908 - accuracy: 0.3800
 1500/10000 [===>..........................] - ETA: 2:11 - loss: 1.7856 - accuracy: 0.3847
 2000/10000 [=====>........................] - ETA: 2:02 - loss: 1.8852 - accuracy: 0.3650
 2500/10000 [======>.......................] - ETA: 1:53 - loss: 1.8924 - accuracy: 0.3480
 3000/10000 [========>.....................] - ETA: 1:46 - loss: 1.8984 - accuracy: 0.3453
 3500/10000 [=========>....................] - ETA: 1:39 - loss: 1.8601 - accuracy: 0.3557
 4000/10000 [===========>..................] - ETA: 1:31 - loss: 1.8667 - accuracy: 0.3543
 4500/10000 [============>.................] - ETA: 1:24 - loss: 1.8442 - accuracy: 0.3622
 5000/10000 [==============>...............] - ETA: 1:16 - loss: 1.8278 - accuracy: 0.3646
 5500/10000 [===============>..............] - ETA: 1:09 - loss: 1.8395 - accuracy: 0.3613
 6000/10000 [=================>............] - ETA: 1:01 - loss: 1.8272 - accuracy: 0.3682
 6500/10000 [==================>...........] - ETA: 53s - loss: 1.7989 - accuracy: 0.3774 
 7000/10000 [====================>.........] - ETA: 46s - loss: 1.7749 - accuracy: 0.3869
 7500/10000 [=====================>........] - ETA: 38s - loss: 1.7578 - accuracy: 0.3952
 8000/10000 [=======================>......] - ETA: 30s - loss: 1.7519 - accuracy: 0.3997
 8500/10000 [========================>.....] - ETA: 23s - loss: 1.7277 - accuracy: 0.4079
 9000/10000 [==========================>...] - ETA: 15s - loss: 1.7087 - accuracy: 0.4157
 9500/10000 [===========================>..] - ETA: 7s - loss: 1.7039 - accuracy: 0.4184 
10000/10000 [==============================] - 154s 15ms/step - loss: 1.6984 - accuracy: 0.4204 - val_loss: 1.7353 - val_accuracy: 0.4924
Epoch 3/5

  500/10000 [>.............................] - ETA: 2:30 - loss: 1.6316 - accuracy: 0.5040
 1000/10000 [==>...........................] - ETA: 2:20 - loss: 1.5964 - accuracy: 0.5000
 1500/10000 [===>..........................] - ETA: 2:14 - loss: 1.5836 - accuracy: 0.4913
 2000/10000 [=====>........................] - ETA: 2:04 - loss: 1.5400 - accuracy: 0.4910
 2500/10000 [======>.......................] - ETA: 1:55 - loss: 1.5456 - accuracy: 0.4944
 3000/10000 [========>.....................] - ETA: 1:47 - loss: 1.5313 - accuracy: 0.5007
 3500/10000 [=========>....................] - ETA: 1:39 - loss: 1.4744 - accuracy: 0.5174
 4000/10000 [===========>..................] - ETA: 1:31 - loss: 1.4762 - accuracy: 0.5132
 4500/10000 [============>.................] - ETA: 1:23 - loss: 1.5252 - accuracy: 0.5029
 5000/10000 [==============>...............] - ETA: 1:15 - loss: 1.5205 - accuracy: 0.5070
 5500/10000 [===============>..............] - ETA: 1:08 - loss: 1.5266 - accuracy: 0.5056
 6000/10000 [=================>............] - ETA: 1:00 - loss: 1.5208 - accuracy: 0.5080
 6500/10000 [==================>...........] - ETA: 53s - loss: 1.5019 - accuracy: 0.5137 
 7000/10000 [====================>.........] - ETA: 45s - loss: 1.4793 - accuracy: 0.5181
 7500/10000 [=====================>........] - ETA: 38s - loss: 1.4734 - accuracy: 0.5207
 8000/10000 [=======================>......] - ETA: 30s - loss: 1.4539 - accuracy: 0.5284
 8500/10000 [========================>.....] - ETA: 22s - loss: 1.4410 - accuracy: 0.5313
 9000/10000 [==========================>...] - ETA: 15s - loss: 1.4370 - accuracy: 0.5316
 9500/10000 [===========================>..] - ETA: 7s - loss: 1.4230 - accuracy: 0.5353 
10000/10000 [==============================] - 152s 15ms/step - loss: 1.4093 - accuracy: 0.5398 - val_loss: 1.2291 - val_accuracy: 0.6036
Epoch 4/5

  500/10000 [>.............................] - ETA: 2:23 - loss: 1.0845 - accuracy: 0.6660
 1000/10000 [==>...........................] - ETA: 2:24 - loss: 1.1428 - accuracy: 0.6220
 1500/10000 [===>..........................] - ETA: 2:11 - loss: 1.1541 - accuracy: 0.6193
 2000/10000 [=====>........................] - ETA: 2:03 - loss: 1.1640 - accuracy: 0.6090
 2500/10000 [======>.......................] - ETA: 1:55 - loss: 1.1540 - accuracy: 0.6124
 3000/10000 [========>.....................] - ETA: 1:47 - loss: 1.1405 - accuracy: 0.6183
 3500/10000 [=========>....................] - ETA: 1:39 - loss: 1.1560 - accuracy: 0.6111
 4000/10000 [===========>..................] - ETA: 1:32 - loss: 1.1679 - accuracy: 0.6077
 4500/10000 [============>.................] - ETA: 1:23 - loss: 1.2033 - accuracy: 0.6009
 5000/10000 [==============>...............] - ETA: 1:16 - loss: 1.1979 - accuracy: 0.6050
 5500/10000 [===============>..............] - ETA: 1:09 - loss: 1.1923 - accuracy: 0.6093
 6000/10000 [=================>............] - ETA: 1:01 - loss: 1.1947 - accuracy: 0.6080
 6500/10000 [==================>...........] - ETA: 53s - loss: 1.2200 - accuracy: 0.6085 
 7000/10000 [====================>.........] - ETA: 45s - loss: 1.2211 - accuracy: 0.6084
 7500/10000 [=====================>........] - ETA: 38s - loss: 1.2143 - accuracy: 0.6129
 8000/10000 [=======================>......] - ETA: 30s - loss: 1.2092 - accuracy: 0.6154
 8500/10000 [========================>.....] - ETA: 22s - loss: 1.2009 - accuracy: 0.6186
 9000/10000 [==========================>...] - ETA: 15s - loss: 1.2024 - accuracy: 0.6181
 9500/10000 [===========================>..] - ETA: 7s - loss: 1.2076 - accuracy: 0.6199 
10000/10000 [==============================] - 153s 15ms/step - loss: 1.2075 - accuracy: 0.6203 - val_loss: 1.3795 - val_accuracy: 0.6320
Epoch 5/5

  500/10000 [>.............................] - ETA: 2:20 - loss: 1.2258 - accuracy: 0.6420
 1000/10000 [==>...........................] - ETA: 2:14 - loss: 1.2246 - accuracy: 0.6270
 1500/10000 [===>..........................] - ETA: 2:05 - loss: 1.2653 - accuracy: 0.6213
 2000/10000 [=====>........................] - ETA: 1:56 - loss: 1.3499 - accuracy: 0.5950
 2500/10000 [======>.......................] - ETA: 1:50 - loss: 1.3930 - accuracy: 0.5820
 3000/10000 [========>.....................] - ETA: 1:44 - loss: 1.3705 - accuracy: 0.5920
 3500/10000 [=========>....................] - ETA: 1:37 - loss: 1.3415 - accuracy: 0.5957
 4000/10000 [===========>..................] - ETA: 1:30 - loss: 1.3269 - accuracy: 0.5990
 4500/10000 [============>.................] - ETA: 1:22 - loss: 1.3305 - accuracy: 0.5956
 5000/10000 [==============>...............] - ETA: 1:14 - loss: 1.3282 - accuracy: 0.5966
 5500/10000 [===============>..............] - ETA: 1:07 - loss: 1.3119 - accuracy: 0.6009
 6000/10000 [=================>............] - ETA: 1:00 - loss: 1.3212 - accuracy: 0.5995
 6500/10000 [==================>...........] - ETA: 53s - loss: 1.3076 - accuracy: 0.6031 
 7000/10000 [====================>.........] - ETA: 45s - loss: 1.3354 - accuracy: 0.5980
 7500/10000 [=====================>........] - ETA: 37s - loss: 1.3419 - accuracy: 0.5969
 8000/10000 [=======================>......] - ETA: 30s - loss: 1.3400 - accuracy: 0.5981
 8500/10000 [========================>.....] - ETA: 22s - loss: 1.3347 - accuracy: 0.6008
 9000/10000 [==========================>...] - ETA: 15s - loss: 1.3294 - accuracy: 0.6023
 9500/10000 [===========================>..] - ETA: 7s - loss: 1.3151 - accuracy: 0.6063 
10000/10000 [==============================] - 153s 15ms/step - loss: 1.3077 - accuracy: 0.6089 - val_loss: 1.3753 - val_accuracy: 0.6236
Latency --- 769.7467420101166 seconds ---
For delta=0.000100, the current epsilon is: 2.0042
=====================Iteration========================== 7
For delta=0.000100, the current epsilon is: 2.0042
Noise Mutiplier 1.49
loss= <keras.losses.CategoricalCrossentropy object at 0x1019d74990>
in grads Tensor("loss_6/mul:0", shape=(?,), dtype=float32)
Train on 10000 samples, validate on 2500 samples
Epoch 1/5

  500/10000 [>.............................] - ETA: 2:31 - loss: 2.3102 - accuracy: 0.1080
 1000/10000 [==>...........................] - ETA: 2:19 - loss: 2.3043 - accuracy: 0.1180
 1500/10000 [===>..........................] - ETA: 2:10 - loss: 2.2947 - accuracy: 0.1120
 2000/10000 [=====>........................] - ETA: 2:04 - loss: 2.2896 - accuracy: 0.1130
 2500/10000 [======>.......................] - ETA: 1:56 - loss: 2.2760 - accuracy: 0.1356
 3000/10000 [========>.....................] - ETA: 1:48 - loss: 2.2706 - accuracy: 0.1413
 3500/10000 [=========>....................] - ETA: 1:40 - loss: 2.2576 - accuracy: 0.1423
 4000/10000 [===========>..................] - ETA: 1:32 - loss: 2.2445 - accuracy: 0.1655
 4500/10000 [============>.................] - ETA: 1:25 - loss: 2.2366 - accuracy: 0.1622
 5000/10000 [==============>...............] - ETA: 1:17 - loss: 2.2206 - accuracy: 0.1758
 5500/10000 [===============>..............] - ETA: 1:09 - loss: 2.2065 - accuracy: 0.1962
 6000/10000 [=================>............] - ETA: 1:02 - loss: 2.1998 - accuracy: 0.1892
 6500/10000 [==================>...........] - ETA: 54s - loss: 2.1907 - accuracy: 0.1957 
 7000/10000 [====================>.........] - ETA: 46s - loss: 2.1795 - accuracy: 0.1990
 7500/10000 [=====================>........] - ETA: 38s - loss: 2.1771 - accuracy: 0.2027
 8000/10000 [=======================>......] - ETA: 30s - loss: 2.1847 - accuracy: 0.2002
 8500/10000 [========================>.....] - ETA: 23s - loss: 2.1766 - accuracy: 0.2047
 9000/10000 [==========================>...] - ETA: 15s - loss: 2.1674 - accuracy: 0.2106
 9500/10000 [===========================>..] - ETA: 7s - loss: 2.1582 - accuracy: 0.2127 
10000/10000 [==============================] - 155s 15ms/step - loss: 2.1701 - accuracy: 0.2148 - val_loss: 2.2103 - val_accuracy: 0.1400
Epoch 2/5

  500/10000 [>.............................] - ETA: 2:26 - loss: 2.1408 - accuracy: 0.1820
 1000/10000 [==>...........................] - ETA: 2:17 - loss: 2.0249 - accuracy: 0.3050
 1500/10000 [===>..........................] - ETA: 2:08 - loss: 1.9943 - accuracy: 0.3040
 2000/10000 [=====>........................] - ETA: 2:00 - loss: 1.9519 - accuracy: 0.3120
 2500/10000 [======>.......................] - ETA: 1:53 - loss: 1.9315 - accuracy: 0.3260
 3000/10000 [========>.....................] - ETA: 1:45 - loss: 1.9282 - accuracy: 0.3257
 3500/10000 [=========>....................] - ETA: 1:38 - loss: 1.9295 - accuracy: 0.3391
 4000/10000 [===========>..................] - ETA: 1:31 - loss: 1.9365 - accuracy: 0.3345
 4500/10000 [============>.................] - ETA: 1:23 - loss: 1.9483 - accuracy: 0.3316
 5000/10000 [==============>...............] - ETA: 1:16 - loss: 1.9593 - accuracy: 0.3326
 5500/10000 [===============>..............] - ETA: 1:08 - loss: 1.9465 - accuracy: 0.3422
 6000/10000 [=================>............] - ETA: 1:00 - loss: 1.9324 - accuracy: 0.3498
 6500/10000 [==================>...........] - ETA: 52s - loss: 1.9246 - accuracy: 0.3525 
 7000/10000 [====================>.........] - ETA: 45s - loss: 1.9138 - accuracy: 0.3579
 7500/10000 [=====================>........] - ETA: 37s - loss: 1.8917 - accuracy: 0.3684
 8000/10000 [=======================>......] - ETA: 30s - loss: 1.8976 - accuracy: 0.3680
 8500/10000 [========================>.....] - ETA: 22s - loss: 1.9016 - accuracy: 0.3648
 9000/10000 [==========================>...] - ETA: 15s - loss: 1.8931 - accuracy: 0.3702
 9500/10000 [===========================>..] - ETA: 7s - loss: 1.8938 - accuracy: 0.3718 
10000/10000 [==============================] - 151s 15ms/step - loss: 1.8875 - accuracy: 0.3755 - val_loss: 1.8679 - val_accuracy: 0.3636
Epoch 3/5

  500/10000 [>.............................] - ETA: 2:27 - loss: 1.7538 - accuracy: 0.3960
 1000/10000 [==>...........................] - ETA: 2:19 - loss: 1.8502 - accuracy: 0.4000
 1500/10000 [===>..........................] - ETA: 2:10 - loss: 1.8159 - accuracy: 0.4000
 2000/10000 [=====>........................] - ETA: 2:03 - loss: 1.7883 - accuracy: 0.4090
 2500/10000 [======>.......................] - ETA: 1:56 - loss: 1.7561 - accuracy: 0.4228
 3000/10000 [========>.....................] - ETA: 1:47 - loss: 1.7107 - accuracy: 0.4347
 3500/10000 [=========>....................] - ETA: 1:39 - loss: 1.6779 - accuracy: 0.4457
 4000/10000 [===========>..................] - ETA: 1:32 - loss: 1.6503 - accuracy: 0.4530
 4500/10000 [============>.................] - ETA: 1:24 - loss: 1.6155 - accuracy: 0.4651
 5000/10000 [==============>...............] - ETA: 1:16 - loss: 1.6299 - accuracy: 0.4596
 5500/10000 [===============>..............] - ETA: 1:08 - loss: 1.6452 - accuracy: 0.4569
 6000/10000 [=================>............] - ETA: 1:01 - loss: 1.6212 - accuracy: 0.4640
 6500/10000 [==================>...........] - ETA: 53s - loss: 1.6080 - accuracy: 0.4695 
 7000/10000 [====================>.........] - ETA: 45s - loss: 1.5907 - accuracy: 0.4759
 7500/10000 [=====================>........] - ETA: 38s - loss: 1.5758 - accuracy: 0.4815
 8000/10000 [=======================>......] - ETA: 30s - loss: 1.5880 - accuracy: 0.4820
 8500/10000 [========================>.....] - ETA: 22s - loss: 1.5900 - accuracy: 0.4805
 9000/10000 [==========================>...] - ETA: 15s - loss: 1.5849 - accuracy: 0.4803
 9500/10000 [===========================>..] - ETA: 7s - loss: 1.5815 - accuracy: 0.4813 
10000/10000 [==============================] - 153s 15ms/step - loss: 1.5815 - accuracy: 0.4814 - val_loss: 1.5092 - val_accuracy: 0.4792
Epoch 4/5

  500/10000 [>.............................] - ETA: 2:19 - loss: 1.3852 - accuracy: 0.5020
 1000/10000 [==>...........................] - ETA: 2:16 - loss: 1.4237 - accuracy: 0.4960
 1500/10000 [===>..........................] - ETA: 2:07 - loss: 1.4597 - accuracy: 0.4880
 2000/10000 [=====>........................] - ETA: 2:00 - loss: 1.5037 - accuracy: 0.4695
 2500/10000 [======>.......................] - ETA: 1:52 - loss: 1.5130 - accuracy: 0.4716
 3000/10000 [========>.....................] - ETA: 1:45 - loss: 1.5032 - accuracy: 0.4727
 3500/10000 [=========>....................] - ETA: 1:38 - loss: 1.4766 - accuracy: 0.4823
 4000/10000 [===========>..................] - ETA: 1:30 - loss: 1.4848 - accuracy: 0.4800
 4500/10000 [============>.................] - ETA: 1:23 - loss: 1.4553 - accuracy: 0.4916
 5000/10000 [==============>...............] - ETA: 1:15 - loss: 1.4396 - accuracy: 0.4992
 5500/10000 [===============>..............] - ETA: 1:08 - loss: 1.4328 - accuracy: 0.5045
 6000/10000 [=================>............] - ETA: 1:01 - loss: 1.4280 - accuracy: 0.5078
 6500/10000 [==================>...........] - ETA: 53s - loss: 1.4292 - accuracy: 0.5082 
 7000/10000 [====================>.........] - ETA: 46s - loss: 1.4207 - accuracy: 0.5141
 7500/10000 [=====================>........] - ETA: 38s - loss: 1.4180 - accuracy: 0.5148
 8000/10000 [=======================>......] - ETA: 30s - loss: 1.4172 - accuracy: 0.5163
 8500/10000 [========================>.....] - ETA: 23s - loss: 1.4181 - accuracy: 0.5161
 9000/10000 [==========================>...] - ETA: 15s - loss: 1.4345 - accuracy: 0.5140
 9500/10000 [===========================>..] - ETA: 7s - loss: 1.4351 - accuracy: 0.5152 
10000/10000 [==============================] - 154s 15ms/step - loss: 1.4295 - accuracy: 0.5169 - val_loss: 1.4521 - val_accuracy: 0.5248
Epoch 5/5

  500/10000 [>.............................] - ETA: 2:19 - loss: 1.3083 - accuracy: 0.5780
 1000/10000 [==>...........................] - ETA: 2:11 - loss: 1.3318 - accuracy: 0.5510
 1500/10000 [===>..........................] - ETA: 2:06 - loss: 1.3254 - accuracy: 0.5613
 2000/10000 [=====>........................] - ETA: 1:58 - loss: 1.4593 - accuracy: 0.5370
 2500/10000 [======>.......................] - ETA: 1:52 - loss: 1.4496 - accuracy: 0.5292
 3000/10000 [========>.....................] - ETA: 1:45 - loss: 1.4907 - accuracy: 0.5203
 3500/10000 [=========>....................] - ETA: 1:37 - loss: 1.4670 - accuracy: 0.5266
 4000/10000 [===========>..................] - ETA: 1:30 - loss: 1.4475 - accuracy: 0.5300
 4500/10000 [============>.................] - ETA: 1:22 - loss: 1.4488 - accuracy: 0.5293
 5000/10000 [==============>...............] - ETA: 1:15 - loss: 1.4279 - accuracy: 0.5340
 5500/10000 [===============>..............] - ETA: 1:07 - loss: 1.4208 - accuracy: 0.5373
 6000/10000 [=================>............] - ETA: 1:00 - loss: 1.4144 - accuracy: 0.5393
 6500/10000 [==================>...........] - ETA: 52s - loss: 1.4103 - accuracy: 0.5443 
 7000/10000 [====================>.........] - ETA: 45s - loss: 1.4082 - accuracy: 0.5471
 7500/10000 [=====================>........] - ETA: 37s - loss: 1.4411 - accuracy: 0.5423
 8000/10000 [=======================>......] - ETA: 30s - loss: 1.4242 - accuracy: 0.5479
 8500/10000 [========================>.....] - ETA: 22s - loss: 1.4085 - accuracy: 0.5518
 9000/10000 [==========================>...] - ETA: 15s - loss: 1.4005 - accuracy: 0.5538
 9500/10000 [===========================>..] - ETA: 7s - loss: 1.3959 - accuracy: 0.5563 
10000/10000 [==============================] - 152s 15ms/step - loss: 1.3775 - accuracy: 0.5614 - val_loss: 1.2861 - val_accuracy: 0.5944
Latency --- 768.6004464626312 seconds ---
For delta=0.000100, the current epsilon is: 2.0042
=====================Iteration========================== 8
For delta=0.000100, the current epsilon is: 2.0042
Noise Mutiplier 1.49
loss= <keras.losses.CategoricalCrossentropy object at 0x101a44fed0>
in grads Tensor("loss_7/mul:0", shape=(?,), dtype=float32)
Train on 10000 samples, validate on 2500 samples
Epoch 1/5

  500/10000 [>.............................] - ETA: 2:35 - loss: 2.3130 - accuracy: 0.1040
 1000/10000 [==>...........................] - ETA: 2:26 - loss: 2.3101 - accuracy: 0.1170
 1500/10000 [===>..........................] - ETA: 2:12 - loss: 2.3016 - accuracy: 0.1187
 2000/10000 [=====>........................] - ETA: 2:03 - loss: 2.2819 - accuracy: 0.1200
 2500/10000 [======>.......................] - ETA: 1:55 - loss: 2.2705 - accuracy: 0.1192
 3000/10000 [========>.....................] - ETA: 1:47 - loss: 2.2546 - accuracy: 0.1307
 3500/10000 [=========>....................] - ETA: 1:40 - loss: 2.2372 - accuracy: 0.1646
 4000/10000 [===========>..................] - ETA: 1:32 - loss: 2.2271 - accuracy: 0.1743
 4500/10000 [============>.................] - ETA: 1:25 - loss: 2.2247 - accuracy: 0.1798
 5000/10000 [==============>...............] - ETA: 1:17 - loss: 2.2384 - accuracy: 0.1812
 5500/10000 [===============>..............] - ETA: 1:09 - loss: 2.2250 - accuracy: 0.1862
 6000/10000 [=================>............] - ETA: 1:01 - loss: 2.2105 - accuracy: 0.1985
 6500/10000 [==================>...........] - ETA: 54s - loss: 2.1992 - accuracy: 0.2075 
 7000/10000 [====================>.........] - ETA: 46s - loss: 2.1951 - accuracy: 0.2130
 7500/10000 [=====================>........] - ETA: 38s - loss: 2.1878 - accuracy: 0.2172
 8000/10000 [=======================>......] - ETA: 30s - loss: 2.1745 - accuracy: 0.2246
 8500/10000 [========================>.....] - ETA: 23s - loss: 2.1648 - accuracy: 0.2248
 9000/10000 [==========================>...] - ETA: 15s - loss: 2.1677 - accuracy: 0.2250
 9500/10000 [===========================>..] - ETA: 7s - loss: 2.1609 - accuracy: 0.2294 
10000/10000 [==============================] - 156s 16ms/step - loss: 2.1523 - accuracy: 0.2355 - val_loss: 1.9981 - val_accuracy: 0.3780
Epoch 2/5

  500/10000 [>.............................] - ETA: 2:34 - loss: 1.9656 - accuracy: 0.3740
 1000/10000 [==>...........................] - ETA: 2:25 - loss: 2.0045 - accuracy: 0.2910
 1500/10000 [===>..........................] - ETA: 2:14 - loss: 2.0127 - accuracy: 0.3200
 2000/10000 [=====>........................] - ETA: 2:04 - loss: 2.0793 - accuracy: 0.2895
 2500/10000 [======>.......................] - ETA: 1:56 - loss: 2.0983 - accuracy: 0.2984
 3000/10000 [========>.....................] - ETA: 1:48 - loss: 2.0798 - accuracy: 0.3077
 3500/10000 [=========>....................] - ETA: 1:40 - loss: 2.0700 - accuracy: 0.3120
 4000/10000 [===========>..................] - ETA: 1:32 - loss: 2.0370 - accuracy: 0.3133
 4500/10000 [============>.................] - ETA: 1:25 - loss: 2.0346 - accuracy: 0.3167
 5000/10000 [==============>...............] - ETA: 1:17 - loss: 2.0122 - accuracy: 0.3286
 5500/10000 [===============>..............] - ETA: 1:10 - loss: 1.9768 - accuracy: 0.3362
 6000/10000 [=================>............] - ETA: 1:02 - loss: 1.9396 - accuracy: 0.3492
 6500/10000 [==================>...........] - ETA: 54s - loss: 1.9255 - accuracy: 0.3528 
 7000/10000 [====================>.........] - ETA: 46s - loss: 1.9103 - accuracy: 0.3599
 7500/10000 [=====================>........] - ETA: 38s - loss: 1.8901 - accuracy: 0.3667
 8000/10000 [=======================>......] - ETA: 31s - loss: 1.8798 - accuracy: 0.3675
 8500/10000 [========================>.....] - ETA: 23s - loss: 1.8589 - accuracy: 0.3746
 9000/10000 [==========================>...] - ETA: 15s - loss: 1.8353 - accuracy: 0.3828
 9500/10000 [===========================>..] - ETA: 7s - loss: 1.8332 - accuracy: 0.3859 
10000/10000 [==============================] - 155s 16ms/step - loss: 1.8286 - accuracy: 0.3862 - val_loss: 1.9507 - val_accuracy: 0.3912
Epoch 3/5

  500/10000 [>.............................] - ETA: 2:25 - loss: 1.7653 - accuracy: 0.4200
 1000/10000 [==>...........................] - ETA: 2:17 - loss: 1.6893 - accuracy: 0.4610
 1500/10000 [===>..........................] - ETA: 2:12 - loss: 1.6082 - accuracy: 0.4693
 2000/10000 [=====>........................] - ETA: 2:04 - loss: 1.5813 - accuracy: 0.4750
 2500/10000 [======>.......................] - ETA: 1:56 - loss: 1.5661 - accuracy: 0.4752
 3000/10000 [========>.....................] - ETA: 1:49 - loss: 1.5410 - accuracy: 0.4807
 3500/10000 [=========>....................] - ETA: 1:40 - loss: 1.5904 - accuracy: 0.4651
 4000/10000 [===========>..................] - ETA: 1:32 - loss: 1.6059 - accuracy: 0.4635
 4500/10000 [============>.................] - ETA: 1:24 - loss: 1.5663 - accuracy: 0.4736
 5000/10000 [==============>...............] - ETA: 1:16 - loss: 1.5575 - accuracy: 0.4736
 5500/10000 [===============>..............] - ETA: 1:09 - loss: 1.5667 - accuracy: 0.4740
 6000/10000 [=================>............] - ETA: 1:01 - loss: 1.5598 - accuracy: 0.4728
 6500/10000 [==================>...........] - ETA: 53s - loss: 1.5419 - accuracy: 0.4763 
 7000/10000 [====================>.........] - ETA: 46s - loss: 1.5308 - accuracy: 0.4776
 7500/10000 [=====================>........] - ETA: 38s - loss: 1.5318 - accuracy: 0.4772
 8000/10000 [=======================>......] - ETA: 30s - loss: 1.5193 - accuracy: 0.4806
 8500/10000 [========================>.....] - ETA: 23s - loss: 1.5209 - accuracy: 0.4782
 9000/10000 [==========================>...] - ETA: 15s - loss: 1.5181 - accuracy: 0.4819
 9500/10000 [===========================>..] - ETA: 7s - loss: 1.5185 - accuracy: 0.4796 
10000/10000 [==============================] - 154s 15ms/step - loss: 1.5070 - accuracy: 0.4841 - val_loss: 1.4613 - val_accuracy: 0.4832
Epoch 4/5

  500/10000 [>.............................] - ETA: 2:15 - loss: 1.3838 - accuracy: 0.5160
 1000/10000 [==>...........................] - ETA: 2:17 - loss: 1.3789 - accuracy: 0.5440
 1500/10000 [===>..........................] - ETA: 2:07 - loss: 1.3581 - accuracy: 0.5380
 2000/10000 [=====>........................] - ETA: 2:02 - loss: 1.5230 - accuracy: 0.5260
 2500/10000 [======>.......................] - ETA: 1:56 - loss: 1.5226 - accuracy: 0.5328
 3000/10000 [========>.....................] - ETA: 1:47 - loss: 1.5395 - accuracy: 0.5337
 3500/10000 [=========>....................] - ETA: 1:40 - loss: 1.4954 - accuracy: 0.5311
 4000/10000 [===========>..................] - ETA: 1:32 - loss: 1.5027 - accuracy: 0.5335
 4500/10000 [============>.................] - ETA: 1:24 - loss: 1.4604 - accuracy: 0.5409
 5000/10000 [==============>...............] - ETA: 1:16 - loss: 1.4499 - accuracy: 0.5462
 5500/10000 [===============>..............] - ETA: 1:08 - loss: 1.4671 - accuracy: 0.5376
 6000/10000 [=================>............] - ETA: 1:01 - loss: 1.4579 - accuracy: 0.5403
 6500/10000 [==================>...........] - ETA: 53s - loss: 1.4328 - accuracy: 0.5442 
 7000/10000 [====================>.........] - ETA: 46s - loss: 1.4208 - accuracy: 0.5471
 7500/10000 [=====================>........] - ETA: 38s - loss: 1.4132 - accuracy: 0.5499
 8000/10000 [=======================>......] - ETA: 30s - loss: 1.4070 - accuracy: 0.5516
 8500/10000 [========================>.....] - ETA: 23s - loss: 1.4159 - accuracy: 0.5474
 9000/10000 [==========================>...] - ETA: 15s - loss: 1.4020 - accuracy: 0.5508
 9500/10000 [===========================>..] - ETA: 7s - loss: 1.4142 - accuracy: 0.5477 
10000/10000 [==============================] - 154s 15ms/step - loss: 1.4260 - accuracy: 0.5470 - val_loss: 1.5003 - val_accuracy: 0.5056
Epoch 5/5

  500/10000 [>.............................] - ETA: 2:29 - loss: 1.2319 - accuracy: 0.5900
 1000/10000 [==>...........................] - ETA: 2:20 - loss: 1.2433 - accuracy: 0.5710
 1500/10000 [===>..........................] - ETA: 2:10 - loss: 1.2554 - accuracy: 0.5727
 2000/10000 [=====>........................] - ETA: 2:04 - loss: 1.2678 - accuracy: 0.5750
 2500/10000 [======>.......................] - ETA: 1:56 - loss: 1.2588 - accuracy: 0.5848
 3000/10000 [========>.....................] - ETA: 1:48 - loss: 1.3087 - accuracy: 0.5800
 3500/10000 [=========>....................] - ETA: 1:40 - loss: 1.3639 - accuracy: 0.5643
 4000/10000 [===========>..................] - ETA: 1:32 - loss: 1.3967 - accuracy: 0.5615
 4500/10000 [============>.................] - ETA: 1:25 - loss: 1.4038 - accuracy: 0.5591
 5000/10000 [==============>...............] - ETA: 1:16 - loss: 1.3959 - accuracy: 0.5612
 5500/10000 [===============>..............] - ETA: 1:09 - loss: 1.4038 - accuracy: 0.5589
 6000/10000 [=================>............] - ETA: 1:01 - loss: 1.4269 - accuracy: 0.5543
 6500/10000 [==================>...........] - ETA: 53s - loss: 1.4270 - accuracy: 0.5551 
 7000/10000 [====================>.........] - ETA: 46s - loss: 1.4145 - accuracy: 0.5596
 7500/10000 [=====================>........] - ETA: 38s - loss: 1.4085 - accuracy: 0.5604
 8000/10000 [=======================>......] - ETA: 30s - loss: 1.3929 - accuracy: 0.5635
 8500/10000 [========================>.....] - ETA: 22s - loss: 1.3855 - accuracy: 0.5684
 9000/10000 [==========================>...] - ETA: 15s - loss: 1.3959 - accuracy: 0.5658
 9500/10000 [===========================>..] - ETA: 7s - loss: 1.4059 - accuracy: 0.5659 
10000/10000 [==============================] - 153s 15ms/step - loss: 1.4051 - accuracy: 0.5645 - val_loss: 1.6412 - val_accuracy: 0.5292
Latency --- 777.8875868320465 seconds ---
For delta=0.000100, the current epsilon is: 2.0042
=====================Iteration========================== 9
For delta=0.000100, the current epsilon is: 2.0042
Noise Mutiplier 1.49
loss= <keras.losses.CategoricalCrossentropy object at 0x101a5be610>
in grads Tensor("loss_8/mul:0", shape=(?,), dtype=float32)
Train on 10000 samples, validate on 2500 samples
Epoch 1/5

  500/10000 [>.............................] - ETA: 2:37 - loss: 2.3230 - accuracy: 0.0880
 1000/10000 [==>...........................] - ETA: 2:21 - loss: 2.3067 - accuracy: 0.1080
 1500/10000 [===>..........................] - ETA: 2:13 - loss: 2.2907 - accuracy: 0.1407
 2000/10000 [=====>........................] - ETA: 2:06 - loss: 2.2954 - accuracy: 0.1300
 2500/10000 [======>.......................] - ETA: 1:57 - loss: 2.2886 - accuracy: 0.1372
 3000/10000 [========>.....................] - ETA: 1:49 - loss: 2.2720 - accuracy: 0.1587
 3500/10000 [=========>....................] - ETA: 1:41 - loss: 2.2492 - accuracy: 0.1774
 4000/10000 [===========>..................] - ETA: 1:32 - loss: 2.2378 - accuracy: 0.1787
 4500/10000 [============>.................] - ETA: 1:25 - loss: 2.2285 - accuracy: 0.1878
 5000/10000 [==============>...............] - ETA: 1:17 - loss: 2.2391 - accuracy: 0.1950
 5500/10000 [===============>..............] - ETA: 1:09 - loss: 2.2252 - accuracy: 0.2058
 6000/10000 [=================>............] - ETA: 1:01 - loss: 2.2066 - accuracy: 0.2163
 6500/10000 [==================>...........] - ETA: 53s - loss: 2.1895 - accuracy: 0.2254 
 7000/10000 [====================>.........] - ETA: 46s - loss: 2.1862 - accuracy: 0.2229
 7500/10000 [=====================>........] - ETA: 38s - loss: 2.1675 - accuracy: 0.2316
 8000/10000 [=======================>......] - ETA: 30s - loss: 2.1505 - accuracy: 0.2416
 8500/10000 [========================>.....] - ETA: 22s - loss: 2.1385 - accuracy: 0.2425
 9000/10000 [==========================>...] - ETA: 15s - loss: 2.1245 - accuracy: 0.2489
 9500/10000 [===========================>..] - ETA: 7s - loss: 2.1240 - accuracy: 0.2495 
10000/10000 [==============================] - 153s 15ms/step - loss: 2.1152 - accuracy: 0.2533 - val_loss: 1.9256 - val_accuracy: 0.3872
Epoch 2/5

  500/10000 [>.............................] - ETA: 2:33 - loss: 1.9038 - accuracy: 0.3840
 1000/10000 [==>...........................] - ETA: 2:21 - loss: 1.8392 - accuracy: 0.3970
 1500/10000 [===>..........................] - ETA: 2:09 - loss: 1.8169 - accuracy: 0.4173
 2000/10000 [=====>........................] - ETA: 2:03 - loss: 1.8375 - accuracy: 0.4030
 2500/10000 [======>.......................] - ETA: 1:56 - loss: 1.8403 - accuracy: 0.3920
 3000/10000 [========>.....................] - ETA: 1:47 - loss: 1.8096 - accuracy: 0.3977
 3500/10000 [=========>....................] - ETA: 1:40 - loss: 1.7733 - accuracy: 0.4089
 4000/10000 [===========>..................] - ETA: 1:32 - loss: 1.7509 - accuracy: 0.4087
 4500/10000 [============>.................] - ETA: 1:24 - loss: 1.7584 - accuracy: 0.4087
 5000/10000 [==============>...............] - ETA: 1:16 - loss: 1.7379 - accuracy: 0.4158
 5500/10000 [===============>..............] - ETA: 1:09 - loss: 1.7660 - accuracy: 0.4138
 6000/10000 [=================>............] - ETA: 1:01 - loss: 1.7540 - accuracy: 0.4152
 6500/10000 [==================>...........] - ETA: 53s - loss: 1.7671 - accuracy: 0.4114 
 7000/10000 [====================>.........] - ETA: 46s - loss: 1.7503 - accuracy: 0.4147
 7500/10000 [=====================>........] - ETA: 38s - loss: 1.7457 - accuracy: 0.4156
 8000/10000 [=======================>......] - ETA: 30s - loss: 1.7380 - accuracy: 0.4190
 8500/10000 [========================>.....] - ETA: 22s - loss: 1.7381 - accuracy: 0.4199
 9000/10000 [==========================>...] - ETA: 15s - loss: 1.7340 - accuracy: 0.4226
 9500/10000 [===========================>..] - ETA: 7s - loss: 1.7302 - accuracy: 0.4202 
10000/10000 [==============================] - 153s 15ms/step - loss: 1.7351 - accuracy: 0.4232 - val_loss: 1.6239 - val_accuracy: 0.4404
Epoch 3/5

  500/10000 [>.............................] - ETA: 2:27 - loss: 1.4833 - accuracy: 0.4700
 1000/10000 [==>...........................] - ETA: 2:18 - loss: 1.5532 - accuracy: 0.4560
 1500/10000 [===>..........................] - ETA: 2:10 - loss: 1.5790 - accuracy: 0.4507
 2000/10000 [=====>........................] - ETA: 2:02 - loss: 1.6047 - accuracy: 0.4440
 2500/10000 [======>.......................] - ETA: 1:57 - loss: 1.6113 - accuracy: 0.4456
 3000/10000 [========>.....................] - ETA: 1:49 - loss: 1.5697 - accuracy: 0.4620
 3500/10000 [=========>....................] - ETA: 1:40 - loss: 1.5604 - accuracy: 0.4677
 4000/10000 [===========>..................] - ETA: 1:33 - loss: 1.5895 - accuracy: 0.4650
 4500/10000 [============>.................] - ETA: 1:25 - loss: 1.5658 - accuracy: 0.4724
 5000/10000 [==============>...............] - ETA: 1:17 - loss: 1.5838 - accuracy: 0.4724
 5500/10000 [===============>..............] - ETA: 1:09 - loss: 1.5647 - accuracy: 0.4751
 6000/10000 [=================>............] - ETA: 1:01 - loss: 1.5514 - accuracy: 0.4778
 6500/10000 [==================>...........] - ETA: 54s - loss: 1.5376 - accuracy: 0.4865 
 7000/10000 [====================>.........] - ETA: 46s - loss: 1.5574 - accuracy: 0.4829
 7500/10000 [=====================>........] - ETA: 38s - loss: 1.5569 - accuracy: 0.4836
 8000/10000 [=======================>......] - ETA: 30s - loss: 1.5431 - accuracy: 0.4897
 8500/10000 [========================>.....] - ETA: 23s - loss: 1.5337 - accuracy: 0.4931
 9000/10000 [==========================>...] - ETA: 15s - loss: 1.5553 - accuracy: 0.4898
 9500/10000 [===========================>..] - ETA: 7s - loss: 1.5401 - accuracy: 0.4928 
10000/10000 [==============================] - 155s 15ms/step - loss: 1.5365 - accuracy: 0.4933 - val_loss: 1.6695 - val_accuracy: 0.5084
Epoch 4/5

  500/10000 [>.............................] - ETA: 2:20 - loss: 1.5584 - accuracy: 0.5000
 1000/10000 [==>...........................] - ETA: 2:14 - loss: 1.3969 - accuracy: 0.5420
 1500/10000 [===>..........................] - ETA: 2:05 - loss: 1.4547 - accuracy: 0.5327
 2000/10000 [=====>........................] - ETA: 1:59 - loss: 1.4335 - accuracy: 0.5405
 2500/10000 [======>.......................] - ETA: 1:52 - loss: 1.4202 - accuracy: 0.5436
 3000/10000 [========>.....................] - ETA: 1:44 - loss: 1.5018 - accuracy: 0.5297
 3500/10000 [=========>....................] - ETA: 1:37 - loss: 1.4928 - accuracy: 0.5320
 4000/10000 [===========>..................] - ETA: 1:29 - loss: 1.4807 - accuracy: 0.5340
 4500/10000 [============>.................] - ETA: 1:22 - loss: 1.4818 - accuracy: 0.5342
 5000/10000 [==============>...............] - ETA: 1:15 - loss: 1.4890 - accuracy: 0.5332
 5500/10000 [===============>..............] - ETA: 1:07 - loss: 1.4722 - accuracy: 0.5344
 6000/10000 [=================>............] - ETA: 1:00 - loss: 1.4894 - accuracy: 0.5327
 6500/10000 [==================>...........] - ETA: 52s - loss: 1.4886 - accuracy: 0.5302 
 7000/10000 [====================>.........] - ETA: 45s - loss: 1.4964 - accuracy: 0.5290
 7500/10000 [=====================>........] - ETA: 37s - loss: 1.4789 - accuracy: 0.5317
 8000/10000 [=======================>......] - ETA: 30s - loss: 1.4771 - accuracy: 0.5346
 8500/10000 [========================>.....] - ETA: 22s - loss: 1.4798 - accuracy: 0.5316
 9000/10000 [==========================>...] - ETA: 15s - loss: 1.4718 - accuracy: 0.5350
 9500/10000 [===========================>..] - ETA: 7s - loss: 1.4526 - accuracy: 0.5396 
10000/10000 [==============================] - 152s 15ms/step - loss: 1.4572 - accuracy: 0.5408 - val_loss: 1.3716 - val_accuracy: 0.5620
Epoch 5/5

  500/10000 [>.............................] - ETA: 2:16 - loss: 1.0757 - accuracy: 0.6360
 1000/10000 [==>...........................] - ETA: 2:12 - loss: 1.2684 - accuracy: 0.5880
 1500/10000 [===>..........................] - ETA: 2:07 - loss: 1.2509 - accuracy: 0.5973
 2000/10000 [=====>........................] - ETA: 2:00 - loss: 1.2202 - accuracy: 0.6015
 2500/10000 [======>.......................] - ETA: 1:52 - loss: 1.1866 - accuracy: 0.6116
 3000/10000 [========>.....................] - ETA: 1:46 - loss: 1.1804 - accuracy: 0.6120
 3500/10000 [=========>....................] - ETA: 1:38 - loss: 1.1767 - accuracy: 0.6111
 4000/10000 [===========>..................] - ETA: 1:30 - loss: 1.1991 - accuracy: 0.6062
 4500/10000 [============>.................] - ETA: 1:23 - loss: 1.1955 - accuracy: 0.6076
 5000/10000 [==============>...............] - ETA: 1:15 - loss: 1.1984 - accuracy: 0.6052
 5500/10000 [===============>..............] - ETA: 1:08 - loss: 1.1959 - accuracy: 0.6069
 6000/10000 [=================>............] - ETA: 1:01 - loss: 1.1931 - accuracy: 0.6062
 6500/10000 [==================>...........] - ETA: 53s - loss: 1.1851 - accuracy: 0.6102 
 7000/10000 [====================>.........] - ETA: 46s - loss: 1.1766 - accuracy: 0.6134
 7500/10000 [=====================>........] - ETA: 38s - loss: 1.1702 - accuracy: 0.6172
 8000/10000 [=======================>......] - ETA: 30s - loss: 1.1665 - accuracy: 0.6192
 8500/10000 [========================>.....] - ETA: 22s - loss: 1.1846 - accuracy: 0.6148
 9000/10000 [==========================>...] - ETA: 15s - loss: 1.1730 - accuracy: 0.6184
 9500/10000 [===========================>..] - ETA: 7s - loss: 1.1697 - accuracy: 0.6203 
10000/10000 [==============================] - 153s 15ms/step - loss: 1.1648 - accuracy: 0.6240 - val_loss: 1.3140 - val_accuracy: 0.6140
Latency --- 770.5571186542511 seconds ---
For delta=0.000100, the current epsilon is: 2.0042
=====================Iteration========================== 10
For delta=0.000100, the current epsilon is: 2.0042
Noise Mutiplier 1.49
loss= <keras.losses.CategoricalCrossentropy object at 0x101a799e90>
in grads Tensor("loss_9/mul:0", shape=(?,), dtype=float32)
Train on 10000 samples, validate on 2500 samples
Epoch 1/5

  500/10000 [>.............................] - ETA: 2:40 - loss: 2.3106 - accuracy: 0.0820
 1000/10000 [==>...........................] - ETA: 2:19 - loss: 2.3015 - accuracy: 0.0730
 1500/10000 [===>..........................] - ETA: 2:08 - loss: 2.2976 - accuracy: 0.0827
 2000/10000 [=====>........................] - ETA: 2:01 - loss: 2.2939 - accuracy: 0.0990
 2500/10000 [======>.......................] - ETA: 1:53 - loss: 2.2887 - accuracy: 0.1156
 3000/10000 [========>.....................] - ETA: 1:46 - loss: 2.2840 - accuracy: 0.1307
 3500/10000 [=========>....................] - ETA: 1:38 - loss: 2.2805 - accuracy: 0.1366
 4000/10000 [===========>..................] - ETA: 1:31 - loss: 2.2690 - accuracy: 0.1595
 4500/10000 [============>.................] - ETA: 1:24 - loss: 2.2628 - accuracy: 0.1667
 5000/10000 [==============>...............] - ETA: 1:16 - loss: 2.2555 - accuracy: 0.1774
 5500/10000 [===============>..............] - ETA: 1:09 - loss: 2.2488 - accuracy: 0.1811
 6000/10000 [=================>............] - ETA: 1:01 - loss: 2.2434 - accuracy: 0.1842
 6500/10000 [==================>...........] - ETA: 53s - loss: 2.2382 - accuracy: 0.1894 
 7000/10000 [====================>.........] - ETA: 46s - loss: 2.2286 - accuracy: 0.2003
 7500/10000 [=====================>........] - ETA: 38s - loss: 2.2162 - accuracy: 0.2039
 8000/10000 [=======================>......] - ETA: 30s - loss: 2.2037 - accuracy: 0.2138
 8500/10000 [========================>.....] - ETA: 23s - loss: 2.1982 - accuracy: 0.2172
 9000/10000 [==========================>...] - ETA: 15s - loss: 2.1829 - accuracy: 0.2280
 9500/10000 [===========================>..] - ETA: 7s - loss: 2.1660 - accuracy: 0.2361 
10000/10000 [==============================] - 155s 15ms/step - loss: 2.1515 - accuracy: 0.2440 - val_loss: 1.8068 - val_accuracy: 0.4628
Epoch 2/5

  500/10000 [>.............................] - ETA: 2:19 - loss: 1.7126 - accuracy: 0.4740
 1000/10000 [==>...........................] - ETA: 2:11 - loss: 1.7891 - accuracy: 0.4380
 1500/10000 [===>..........................] - ETA: 2:08 - loss: 1.7743 - accuracy: 0.4227
 2000/10000 [=====>........................] - ETA: 2:01 - loss: 1.7723 - accuracy: 0.4060
 2500/10000 [======>.......................] - ETA: 1:54 - loss: 1.7367 - accuracy: 0.4244
 3000/10000 [========>.....................] - ETA: 1:47 - loss: 1.7077 - accuracy: 0.4493
 3500/10000 [=========>....................] - ETA: 1:39 - loss: 1.7087 - accuracy: 0.4440
 4000/10000 [===========>..................] - ETA: 1:32 - loss: 1.7128 - accuracy: 0.4423
 4500/10000 [============>.................] - ETA: 1:24 - loss: 1.7123 - accuracy: 0.4378
 5000/10000 [==============>...............] - ETA: 1:16 - loss: 1.7063 - accuracy: 0.4360
 5500/10000 [===============>..............] - ETA: 1:08 - loss: 1.7082 - accuracy: 0.4347
 6000/10000 [=================>............] - ETA: 1:00 - loss: 1.7610 - accuracy: 0.4263
 6500/10000 [==================>...........] - ETA: 53s - loss: 1.7494 - accuracy: 0.4285 
 7000/10000 [====================>.........] - ETA: 45s - loss: 1.7273 - accuracy: 0.4340
 7500/10000 [=====================>........] - ETA: 37s - loss: 1.7166 - accuracy: 0.4384
 8000/10000 [=======================>......] - ETA: 30s - loss: 1.6977 - accuracy: 0.4437
 8500/10000 [========================>.....] - ETA: 22s - loss: 1.6924 - accuracy: 0.4424
 9000/10000 [==========================>...] - ETA: 15s - loss: 1.6839 - accuracy: 0.4458
 9500/10000 [===========================>..] - ETA: 7s - loss: 1.6721 - accuracy: 0.4500 
10000/10000 [==============================] - 153s 15ms/step - loss: 1.6761 - accuracy: 0.4500 - val_loss: 1.6143 - val_accuracy: 0.4588
Epoch 3/5

  500/10000 [>.............................] - ETA: 2:25 - loss: 1.4360 - accuracy: 0.5140
 1000/10000 [==>...........................] - ETA: 2:16 - loss: 1.4094 - accuracy: 0.5140
 1500/10000 [===>..........................] - ETA: 2:10 - loss: 1.3897 - accuracy: 0.5233
 2000/10000 [=====>........................] - ETA: 2:01 - loss: 1.3509 - accuracy: 0.5430
 2500/10000 [======>.......................] - ETA: 1:53 - loss: 1.3173 - accuracy: 0.5536
 3000/10000 [========>.....................] - ETA: 1:47 - loss: 1.3027 - accuracy: 0.5597
 3500/10000 [=========>....................] - ETA: 1:38 - loss: 1.3014 - accuracy: 0.5637
 4000/10000 [===========>..................] - ETA: 1:31 - loss: 1.3022 - accuracy: 0.5605
 4500/10000 [============>.................] - ETA: 1:23 - loss: 1.3020 - accuracy: 0.5620
 5000/10000 [==============>...............] - ETA: 1:16 - loss: 1.3189 - accuracy: 0.5554
 5500/10000 [===============>..............] - ETA: 1:08 - loss: 1.2986 - accuracy: 0.5642
 6000/10000 [=================>............] - ETA: 1:01 - loss: 1.2903 - accuracy: 0.5690
 6500/10000 [==================>...........] - ETA: 53s - loss: 1.2794 - accuracy: 0.5745 
 7000/10000 [====================>.........] - ETA: 46s - loss: 1.2659 - accuracy: 0.5777
 7500/10000 [=====================>........] - ETA: 38s - loss: 1.2616 - accuracy: 0.5777
 8000/10000 [=======================>......] - ETA: 30s - loss: 1.2630 - accuracy: 0.5781
 8500/10000 [========================>.....] - ETA: 22s - loss: 1.2562 - accuracy: 0.5802
 9000/10000 [==========================>...] - ETA: 15s - loss: 1.2578 - accuracy: 0.5782
 9500/10000 [===========================>..] - ETA: 7s - loss: 1.2595 - accuracy: 0.5787 
10000/10000 [==============================] - 153s 15ms/step - loss: 1.2518 - accuracy: 0.5814 - val_loss: 1.4317 - val_accuracy: 0.5064
Epoch 4/5

  500/10000 [>.............................] - ETA: 2:19 - loss: 1.1866 - accuracy: 0.6180
 1000/10000 [==>...........................] - ETA: 2:15 - loss: 1.1256 - accuracy: 0.6320
 1500/10000 [===>..........................] - ETA: 2:08 - loss: 1.0790 - accuracy: 0.6387
 2000/10000 [=====>........................] - ETA: 2:01 - loss: 1.0669 - accuracy: 0.6420
 2500/10000 [======>.......................] - ETA: 1:53 - loss: 1.0555 - accuracy: 0.6420
 3000/10000 [========>.....................] - ETA: 1:45 - loss: 1.0896 - accuracy: 0.6330
 3500/10000 [=========>....................] - ETA: 1:38 - loss: 1.1043 - accuracy: 0.6314
 4000/10000 [===========>..................] - ETA: 1:30 - loss: 1.0993 - accuracy: 0.6365
 4500/10000 [============>.................] - ETA: 1:24 - loss: 1.0941 - accuracy: 0.6391
 5000/10000 [==============>...............] - ETA: 1:15 - loss: 1.0871 - accuracy: 0.6418
 5500/10000 [===============>..............] - ETA: 1:08 - loss: 1.0845 - accuracy: 0.6422
 6000/10000 [=================>............] - ETA: 1:00 - loss: 1.0995 - accuracy: 0.6370
 6500/10000 [==================>...........] - ETA: 53s - loss: 1.1079 - accuracy: 0.6363 
 7000/10000 [====================>.........] - ETA: 45s - loss: 1.1203 - accuracy: 0.6314
 7500/10000 [=====================>........] - ETA: 38s - loss: 1.1375 - accuracy: 0.6293
 8000/10000 [=======================>......] - ETA: 30s - loss: 1.1401 - accuracy: 0.6286
 8500/10000 [========================>.....] - ETA: 22s - loss: 1.1401 - accuracy: 0.6291
 9000/10000 [==========================>...] - ETA: 15s - loss: 1.1400 - accuracy: 0.6299
 9500/10000 [===========================>..] - ETA: 7s - loss: 1.1458 - accuracy: 0.6289 
10000/10000 [==============================] - 153s 15ms/step - loss: 1.1461 - accuracy: 0.6280 - val_loss: 1.3693 - val_accuracy: 0.5796
Epoch 5/5

  500/10000 [>.............................] - ETA: 2:25 - loss: 1.1465 - accuracy: 0.6380
 1000/10000 [==>...........................] - ETA: 2:19 - loss: 1.0666 - accuracy: 0.6630
 1500/10000 [===>..........................] - ETA: 2:10 - loss: 1.0732 - accuracy: 0.6627
 2000/10000 [=====>........................] - ETA: 2:04 - loss: 1.1353 - accuracy: 0.6460
 2500/10000 [======>.......................] - ETA: 1:54 - loss: 1.1451 - accuracy: 0.6444
 3000/10000 [========>.....................] - ETA: 1:46 - loss: 1.1231 - accuracy: 0.6497
 3500/10000 [=========>....................] - ETA: 1:38 - loss: 1.1378 - accuracy: 0.6477
 4000/10000 [===========>..................] - ETA: 1:31 - loss: 1.1338 - accuracy: 0.6492
 4500/10000 [============>.................] - ETA: 1:23 - loss: 1.1149 - accuracy: 0.6564
 5000/10000 [==============>...............] - ETA: 1:15 - loss: 1.0785 - accuracy: 0.6648
 5500/10000 [===============>..............] - ETA: 1:08 - loss: 1.0691 - accuracy: 0.6667
 6000/10000 [=================>............] - ETA: 1:00 - loss: 1.0700 - accuracy: 0.6685
 6500/10000 [==================>...........] - ETA: 53s - loss: 1.0760 - accuracy: 0.6674 
 7000/10000 [====================>.........] - ETA: 45s - loss: 1.1172 - accuracy: 0.6579
 7500/10000 [=====================>........] - ETA: 38s - loss: 1.1125 - accuracy: 0.6585
 8000/10000 [=======================>......] - ETA: 30s - loss: 1.1257 - accuracy: 0.6568
 8500/10000 [========================>.....] - ETA: 22s - loss: 1.1404 - accuracy: 0.6551
 9000/10000 [==========================>...] - ETA: 15s - loss: 1.1576 - accuracy: 0.6522
 9500/10000 [===========================>..] - ETA: 7s - loss: 1.1672 - accuracy: 0.6505 
10000/10000 [==============================] - 152s 15ms/step - loss: 1.1709 - accuracy: 0.6493 - val_loss: 1.5079 - val_accuracy: 0.5968
Latency --- 773.427449464798 seconds ---
For delta=0.000100, the current epsilon is: 2.0042
Saving model with new accuracy, previous accuracy was 0.6424999833106995 and present is 0.6492999792098999
Saved model to disk
