
=====================ITERATION 1==========================
We are using Tensorflow version 1.15.2
Keras API version: 2.3.1
Noise Mutiplier 0.83
loss= <keras.losses.CategoricalCrossentropy object at 0x10150adb90>

# Evaluate on test data

  500/10000 [>.............................] - ETA: 6s
 1000/10000 [==>...........................] - ETA: 3s
 1500/10000 [===>..........................] - ETA: 2s
 2000/10000 [=====>........................] - ETA: 2s
 2500/10000 [======>.......................] - ETA: 1s
 3000/10000 [========>.....................] - ETA: 1s
 3500/10000 [=========>....................] - ETA: 1s
 4000/10000 [===========>..................] - ETA: 1s
 4500/10000 [============>.................] - ETA: 0s
 5000/10000 [==============>...............] - ETA: 0s
 5500/10000 [===============>..............] - ETA: 0s
 6000/10000 [=================>............] - ETA: 0s
 6500/10000 [==================>...........] - ETA: 0s
 7000/10000 [====================>.........] - ETA: 0s
 7500/10000 [=====================>........] - ETA: 0s
 8000/10000 [=======================>......] - ETA: 0s
 8500/10000 [========================>.....] - ETA: 0s
 9000/10000 [==========================>...] - ETA: 0s
 9500/10000 [===========================>..] - ETA: 0s
10000/10000 [==============================] - 1s 143us/step
Accuracy: 88.22000026702881
Latency --- 1.6499760150909424 seconds ---
trained with DP
=====================ITERATION 2==========================
We are using Tensorflow version 1.15.2
Keras API version: 2.3.1
Noise Mutiplier 0.83
loss= <keras.losses.CategoricalCrossentropy object at 0x1015e79290>

# Evaluate on test data

  500/10000 [>.............................] - ETA: 6s
 1000/10000 [==>...........................] - ETA: 3s
 1500/10000 [===>..........................] - ETA: 2s
 2000/10000 [=====>........................] - ETA: 2s
 2500/10000 [======>.......................] - ETA: 1s
 3000/10000 [========>.....................] - ETA: 1s
 3500/10000 [=========>....................] - ETA: 1s
 4000/10000 [===========>..................] - ETA: 1s
 4500/10000 [============>.................] - ETA: 0s
 5000/10000 [==============>...............] - ETA: 0s
 5500/10000 [===============>..............] - ETA: 0s
 6000/10000 [=================>............] - ETA: 0s
 6500/10000 [==================>...........] - ETA: 0s
 7000/10000 [====================>.........] - ETA: 0s
 7500/10000 [=====================>........] - ETA: 0s
 8000/10000 [=======================>......] - ETA: 0s
 8500/10000 [========================>.....] - ETA: 0s
 9000/10000 [==========================>...] - ETA: 0s
10000/10000 [==============================] - 1s 143us/step
Accuracy: 88.22000026702881
Latency --- 1.649693250656128 seconds ---
trained with DP
=====================ITERATION 3==========================
We are using Tensorflow version 1.15.2
Keras API version: 2.3.1
Noise Mutiplier 0.83
loss= <keras.losses.CategoricalCrossentropy object at 0x101576f650>

# Evaluate on test data

  500/10000 [>.............................] - ETA: 6s
 1000/10000 [==>...........................] - ETA: 3s
 1500/10000 [===>..........................] - ETA: 2s
 2000/10000 [=====>........................] - ETA: 2s
 2500/10000 [======>.......................] - ETA: 1s
 3000/10000 [========>.....................] - ETA: 1s
 3500/10000 [=========>....................] - ETA: 1s
 4000/10000 [===========>..................] - ETA: 1s
 4500/10000 [============>.................] - ETA: 0s
 5000/10000 [==============>...............] - ETA: 0s
 5500/10000 [===============>..............] - ETA: 0s
 6000/10000 [=================>............] - ETA: 0s
 6500/10000 [==================>...........] - ETA: 0s
 7000/10000 [====================>.........] - ETA: 0s
 7500/10000 [=====================>........] - ETA: 0s
 8000/10000 [=======================>......] - ETA: 0s
 8500/10000 [========================>.....] - ETA: 0s
 9000/10000 [==========================>...] - ETA: 0s
 9500/10000 [===========================>..] - ETA: 0s
10000/10000 [==============================] - 1s 142us/step
Accuracy: 88.22000026702881
Latency --- 1.639662265777588 seconds ---
trained with DP
=====================ITERATION 4==========================
We are using Tensorflow version 1.15.2
Keras API version: 2.3.1
Noise Mutiplier 0.83
loss= <keras.losses.CategoricalCrossentropy object at 0x1014d0ec10>

# Evaluate on test data

  500/10000 [>.............................] - ETA: 6s
 1000/10000 [==>...........................] - ETA: 3s
 1500/10000 [===>..........................] - ETA: 2s
 2000/10000 [=====>........................] - ETA: 2s
 2500/10000 [======>.......................] - ETA: 1s
 3000/10000 [========>.....................] - ETA: 1s
 3500/10000 [=========>....................] - ETA: 1s
 4000/10000 [===========>..................] - ETA: 1s
 4500/10000 [============>.................] - ETA: 0s
 5000/10000 [==============>...............] - ETA: 0s
 5500/10000 [===============>..............] - ETA: 0s
 6000/10000 [=================>............] - ETA: 0s
 6500/10000 [==================>...........] - ETA: 0s
 7000/10000 [====================>.........] - ETA: 0s
 8000/10000 [=======================>......] - ETA: 0s
 8500/10000 [========================>.....] - ETA: 0s
 9000/10000 [==========================>...] - ETA: 0s
 9500/10000 [===========================>..] - ETA: 0s
10000/10000 [==============================] - 1s 143us/step
Accuracy: 88.22000026702881
Latency --- 1.6524288654327393 seconds ---
trained with DP
=====================ITERATION 5==========================
We are using Tensorflow version 1.15.2
Keras API version: 2.3.1
Noise Mutiplier 0.83
loss= <keras.losses.CategoricalCrossentropy object at 0x1015ecfc10>

# Evaluate on test data

  500/10000 [>.............................] - ETA: 6s
 1000/10000 [==>...........................] - ETA: 3s
 1500/10000 [===>..........................] - ETA: 2s
 2000/10000 [=====>........................] - ETA: 2s
 2500/10000 [======>.......................] - ETA: 1s
 3000/10000 [========>.....................] - ETA: 1s
 3500/10000 [=========>....................] - ETA: 1s
 4000/10000 [===========>..................] - ETA: 1s
 4500/10000 [============>.................] - ETA: 0s
 5500/10000 [===============>..............] - ETA: 0s
 6000/10000 [=================>............] - ETA: 0s
 6500/10000 [==================>...........] - ETA: 0s
 7000/10000 [====================>.........] - ETA: 0s
 7500/10000 [=====================>........] - ETA: 0s
 8000/10000 [=======================>......] - ETA: 0s
 8500/10000 [========================>.....] - ETA: 0s
 9000/10000 [==========================>...] - ETA: 0s
 9500/10000 [===========================>..] - ETA: 0s
10000/10000 [==============================] - 1s 141us/step
Accuracy: 88.22000026702881
Latency --- 1.6398200988769531 seconds ---
trained with DP
=====================ITERATION 6==========================
We are using Tensorflow version 1.15.2
Keras API version: 2.3.1
Noise Mutiplier 0.83
loss= <keras.losses.CategoricalCrossentropy object at 0x10150aead0>

# Evaluate on test data

  500/10000 [>.............................] - ETA: 6s
 1000/10000 [==>...........................] - ETA: 3s
 1500/10000 [===>..........................] - ETA: 2s
 2000/10000 [=====>........................] - ETA: 2s
 2500/10000 [======>.......................] - ETA: 1s
 3000/10000 [========>.....................] - ETA: 1s
 3500/10000 [=========>....................] - ETA: 1s
 4000/10000 [===========>..................] - ETA: 1s
 4500/10000 [============>.................] - ETA: 0s
 5000/10000 [==============>...............] - ETA: 0s
 5500/10000 [===============>..............] - ETA: 0s
 6000/10000 [=================>............] - ETA: 0s
 6500/10000 [==================>...........] - ETA: 0s
 7000/10000 [====================>.........] - ETA: 0s
 7500/10000 [=====================>........] - ETA: 0s
 8000/10000 [=======================>......] - ETA: 0s
 8500/10000 [========================>.....] - ETA: 0s
 9000/10000 [==========================>...] - ETA: 0s
 9500/10000 [===========================>..] - ETA: 0s
10000/10000 [==============================] - 1s 143us/step
Accuracy: 88.22000026702881
Latency --- 1.648972749710083 seconds ---
trained with DP
=====================ITERATION 7==========================
We are using Tensorflow version 1.15.2
Keras API version: 2.3.1
Noise Mutiplier 0.83
loss= <keras.losses.CategoricalCrossentropy object at 0x10150adad0>

# Evaluate on test data

  500/10000 [>.............................] - ETA: 6s
 1000/10000 [==>...........................] - ETA: 3s
 1500/10000 [===>..........................] - ETA: 2s
 2000/10000 [=====>........................] - ETA: 2s
 2500/10000 [======>.......................] - ETA: 1s
 3000/10000 [========>.....................] - ETA: 1s
 3500/10000 [=========>....................] - ETA: 1s
 4000/10000 [===========>..................] - ETA: 1s
 4500/10000 [============>.................] - ETA: 0s
 5000/10000 [==============>...............] - ETA: 0s
 5500/10000 [===============>..............] - ETA: 0s
 6000/10000 [=================>............] - ETA: 0s
 6500/10000 [==================>...........] - ETA: 0s
 7000/10000 [====================>.........] - ETA: 0s
 7500/10000 [=====================>........] - ETA: 0s
 8000/10000 [=======================>......] - ETA: 0s
 8500/10000 [========================>.....] - ETA: 0s
 9000/10000 [==========================>...] - ETA: 0s
 9500/10000 [===========================>..] - ETA: 0s
10000/10000 [==============================] - 1s 143us/step
Accuracy: 88.22000026702881
Latency --- 1.6525123119354248 seconds ---
trained with DP
=====================ITERATION 8==========================
We are using Tensorflow version 1.15.2
Keras API version: 2.3.1
Noise Mutiplier 0.83
loss= <keras.losses.CategoricalCrossentropy object at 0x1015e9c6d0>

# Evaluate on test data

  500/10000 [>.............................] - ETA: 6s
 1000/10000 [==>...........................] - ETA: 3s
 1500/10000 [===>..........................] - ETA: 2s
 2000/10000 [=====>........................] - ETA: 2s
 2500/10000 [======>.......................] - ETA: 1s
 3000/10000 [========>.....................] - ETA: 1s
 3500/10000 [=========>....................] - ETA: 1s
 4000/10000 [===========>..................] - ETA: 1s
 4500/10000 [============>.................] - ETA: 0s
 5000/10000 [==============>...............] - ETA: 0s
 5500/10000 [===============>..............] - ETA: 0s
 6000/10000 [=================>............] - ETA: 0s
 6500/10000 [==================>...........] - ETA: 0s
 7000/10000 [====================>.........] - ETA: 0s
 7500/10000 [=====================>........] - ETA: 0s
 8000/10000 [=======================>......] - ETA: 0s
 8500/10000 [========================>.....] - ETA: 0s
 9000/10000 [==========================>...] - ETA: 0s
 9500/10000 [===========================>..] - ETA: 0s
10000/10000 [==============================] - 1s 143us/step
Accuracy: 88.22000026702881
Latency --- 1.6489744186401367 seconds ---
trained with DP
=====================ITERATION 9==========================
We are using Tensorflow version 1.15.2
Keras API version: 2.3.1
Noise Mutiplier 0.83
loss= <keras.losses.CategoricalCrossentropy object at 0x1015ea85d0>

# Evaluate on test data

  500/10000 [>.............................] - ETA: 6s
 1000/10000 [==>...........................] - ETA: 3s
 1500/10000 [===>..........................] - ETA: 2s
 2000/10000 [=====>........................] - ETA: 2s
 2500/10000 [======>.......................] - ETA: 1s
 3000/10000 [========>.....................] - ETA: 1s
 3500/10000 [=========>....................] - ETA: 1s
 4000/10000 [===========>..................] - ETA: 1s
 4500/10000 [============>.................] - ETA: 0s
 5000/10000 [==============>...............] - ETA: 0s
 5500/10000 [===============>..............] - ETA: 0s
 6000/10000 [=================>............] - ETA: 0s
 6500/10000 [==================>...........] - ETA: 0s
 7000/10000 [====================>.........] - ETA: 0s
 7500/10000 [=====================>........] - ETA: 0s
 8000/10000 [=======================>......] - ETA: 0s
 8500/10000 [========================>.....] - ETA: 0s
 9000/10000 [==========================>...] - ETA: 0s
10000/10000 [==============================] - 1s 143us/step
Accuracy: 88.22000026702881
Latency --- 1.648207426071167 seconds ---
trained with DP
=====================ITERATION 10==========================
We are using Tensorflow version 1.15.2
Keras API version: 2.3.1
Noise Mutiplier 0.83
loss= <keras.losses.CategoricalCrossentropy object at 0x1015ea8bd0>

# Evaluate on test data

  500/10000 [>.............................] - ETA: 6s
 1000/10000 [==>...........................] - ETA: 3s
 1500/10000 [===>..........................] - ETA: 2s
 2000/10000 [=====>........................] - ETA: 2s
 2500/10000 [======>.......................] - ETA: 1s
 3000/10000 [========>.....................] - ETA: 1s
 3500/10000 [=========>....................] - ETA: 1s
 4000/10000 [===========>..................] - ETA: 1s
 4500/10000 [============>.................] - ETA: 0s
 5000/10000 [==============>...............] - ETA: 0s
 5500/10000 [===============>..............] - ETA: 0s
 6000/10000 [=================>............] - ETA: 0s
 6500/10000 [==================>...........] - ETA: 0s
 7000/10000 [====================>.........] - ETA: 0s
 8000/10000 [=======================>......] - ETA: 0s
 8500/10000 [========================>.....] - ETA: 0s
 9000/10000 [==========================>...] - ETA: 0s
 9500/10000 [===========================>..] - ETA: 0s
10000/10000 [==============================] - 1s 143us/step
Accuracy: 88.22000026702881
Latency --- 1.6503486633300781 seconds ---
trained with DP
