We are using Tensorflow version 1.15.2
Keras API version: 2.3.1
=====================Iteration========================== 1
For delta=0.000100, the current epsilon is: 4.0678
Noise Mutiplier 1
loss= <keras.losses.CategoricalCrossentropy object at 0x101733dc10>
in grads Tensor("loss/mul:0", shape=(?,), dtype=float32)
Train on 10000 samples, validate on 2500 samples
Epoch 1/5

  500/10000 [>.............................] - ETA: 2:38 - loss: 2.3113 - accuracy: 0.0760
 1000/10000 [==>...........................] - ETA: 2:27 - loss: 2.2989 - accuracy: 0.0700
 1500/10000 [===>..........................] - ETA: 2:14 - loss: 2.2862 - accuracy: 0.0820
 2000/10000 [=====>........................] - ETA: 2:06 - loss: 2.2752 - accuracy: 0.1035
 2500/10000 [======>.......................] - ETA: 1:58 - loss: 2.2625 - accuracy: 0.1248
 3000/10000 [========>.....................] - ETA: 1:49 - loss: 2.2500 - accuracy: 0.1453
 3500/10000 [=========>....................] - ETA: 1:41 - loss: 2.2369 - accuracy: 0.1603
 4000/10000 [===========>..................] - ETA: 1:33 - loss: 2.2227 - accuracy: 0.1715
 4500/10000 [============>.................] - ETA: 1:25 - loss: 2.2141 - accuracy: 0.1824
 5000/10000 [==============>...............] - ETA: 1:17 - loss: 2.2017 - accuracy: 0.2040
 5500/10000 [===============>..............] - ETA: 1:09 - loss: 2.1906 - accuracy: 0.2053
 6000/10000 [=================>............] - ETA: 1:01 - loss: 2.1834 - accuracy: 0.2102
 6500/10000 [==================>...........] - ETA: 54s - loss: 2.1835 - accuracy: 0.2085 
 7000/10000 [====================>.........] - ETA: 46s - loss: 2.1741 - accuracy: 0.2180
 7500/10000 [=====================>........] - ETA: 38s - loss: 2.1612 - accuracy: 0.2244
 8000/10000 [=======================>......] - ETA: 30s - loss: 2.1485 - accuracy: 0.2336
 8500/10000 [========================>.....] - ETA: 23s - loss: 2.1406 - accuracy: 0.2359
 9000/10000 [==========================>...] - ETA: 15s - loss: 2.1287 - accuracy: 0.2437
 9500/10000 [===========================>..] - ETA: 7s - loss: 2.1191 - accuracy: 0.2475 
10000/10000 [==============================] - 154s 15ms/step - loss: 2.1071 - accuracy: 0.2571 - val_loss: 1.8672 - val_accuracy: 0.3940
Epoch 2/5

  500/10000 [>.............................] - ETA: 2:17 - loss: 1.8202 - accuracy: 0.3640
 1000/10000 [==>...........................] - ETA: 2:08 - loss: 1.8108 - accuracy: 0.4080
 1500/10000 [===>..........................] - ETA: 2:04 - loss: 1.7933 - accuracy: 0.4080
 2000/10000 [=====>........................] - ETA: 1:55 - loss: 1.8275 - accuracy: 0.4280
 2500/10000 [======>.......................] - ETA: 1:48 - loss: 1.7851 - accuracy: 0.4488
 3000/10000 [========>.....................] - ETA: 1:42 - loss: 1.7501 - accuracy: 0.4703
 3500/10000 [=========>....................] - ETA: 1:35 - loss: 1.7132 - accuracy: 0.4837
 4000/10000 [===========>..................] - ETA: 1:28 - loss: 1.6987 - accuracy: 0.4820
 4500/10000 [============>.................] - ETA: 1:21 - loss: 1.7063 - accuracy: 0.4709
 5000/10000 [==============>...............] - ETA: 1:14 - loss: 1.7045 - accuracy: 0.4738
 5500/10000 [===============>..............] - ETA: 1:07 - loss: 1.6966 - accuracy: 0.4700
 6000/10000 [=================>............] - ETA: 59s - loss: 1.7055 - accuracy: 0.4645 
 6500/10000 [==================>...........] - ETA: 52s - loss: 1.7024 - accuracy: 0.4680
 7000/10000 [====================>.........] - ETA: 44s - loss: 1.6903 - accuracy: 0.4724
 7500/10000 [=====================>........] - ETA: 37s - loss: 1.6748 - accuracy: 0.4737
 8000/10000 [=======================>......] - ETA: 29s - loss: 1.6703 - accuracy: 0.4725
 8500/10000 [========================>.....] - ETA: 22s - loss: 1.6571 - accuracy: 0.4761
 9000/10000 [==========================>...] - ETA: 14s - loss: 1.6392 - accuracy: 0.4799
 9500/10000 [===========================>..] - ETA: 7s - loss: 1.6383 - accuracy: 0.4808 
10000/10000 [==============================] - 151s 15ms/step - loss: 1.6269 - accuracy: 0.4865 - val_loss: 1.4319 - val_accuracy: 0.5192
Epoch 3/5

  500/10000 [>.............................] - ETA: 2:28 - loss: 1.2938 - accuracy: 0.5940
 1000/10000 [==>...........................] - ETA: 2:21 - loss: 1.3563 - accuracy: 0.5760
 1500/10000 [===>..........................] - ETA: 2:13 - loss: 1.2929 - accuracy: 0.5973
 2000/10000 [=====>........................] - ETA: 2:05 - loss: 1.4085 - accuracy: 0.5485
 2500/10000 [======>.......................] - ETA: 1:56 - loss: 1.3833 - accuracy: 0.5724
 3000/10000 [========>.....................] - ETA: 1:47 - loss: 1.3558 - accuracy: 0.5873
 3500/10000 [=========>....................] - ETA: 1:39 - loss: 1.3531 - accuracy: 0.5849
 4000/10000 [===========>..................] - ETA: 1:31 - loss: 1.3515 - accuracy: 0.5770
 4500/10000 [============>.................] - ETA: 1:23 - loss: 1.3768 - accuracy: 0.5711
 5000/10000 [==============>...............] - ETA: 1:15 - loss: 1.3552 - accuracy: 0.5804
 5500/10000 [===============>..............] - ETA: 1:07 - loss: 1.3278 - accuracy: 0.5860
 6000/10000 [=================>............] - ETA: 59s - loss: 1.3226 - accuracy: 0.5855 
 6500/10000 [==================>...........] - ETA: 52s - loss: 1.3168 - accuracy: 0.5837
 7000/10000 [====================>.........] - ETA: 44s - loss: 1.3480 - accuracy: 0.5777
 7500/10000 [=====================>........] - ETA: 37s - loss: 1.3449 - accuracy: 0.5773
 8000/10000 [=======================>......] - ETA: 30s - loss: 1.3288 - accuracy: 0.5816
 8500/10000 [========================>.....] - ETA: 22s - loss: 1.3439 - accuracy: 0.5775
 9000/10000 [==========================>...] - ETA: 15s - loss: 1.3319 - accuracy: 0.5829
 9500/10000 [===========================>..] - ETA: 7s - loss: 1.3135 - accuracy: 0.5868 
10000/10000 [==============================] - 153s 15ms/step - loss: 1.3119 - accuracy: 0.5832 - val_loss: 1.2439 - val_accuracy: 0.6220
Epoch 4/5

  500/10000 [>.............................] - ETA: 2:23 - loss: 1.2166 - accuracy: 0.6500
 1000/10000 [==>...........................] - ETA: 2:18 - loss: 1.1778 - accuracy: 0.6490
 1500/10000 [===>..........................] - ETA: 2:09 - loss: 1.2013 - accuracy: 0.6353
 2000/10000 [=====>........................] - ETA: 2:02 - loss: 1.1524 - accuracy: 0.6395
 2500/10000 [======>.......................] - ETA: 1:53 - loss: 1.1291 - accuracy: 0.6460
 3000/10000 [========>.....................] - ETA: 1:46 - loss: 1.1301 - accuracy: 0.6423
 3500/10000 [=========>....................] - ETA: 1:38 - loss: 1.1178 - accuracy: 0.6471
 4000/10000 [===========>..................] - ETA: 1:31 - loss: 1.1601 - accuracy: 0.6320
 4500/10000 [============>.................] - ETA: 1:23 - loss: 1.1744 - accuracy: 0.6324
 5000/10000 [==============>...............] - ETA: 1:15 - loss: 1.1652 - accuracy: 0.6328
 5500/10000 [===============>..............] - ETA: 1:08 - loss: 1.1578 - accuracy: 0.6360
 6000/10000 [=================>............] - ETA: 1:00 - loss: 1.1397 - accuracy: 0.6408
 6500/10000 [==================>...........] - ETA: 53s - loss: 1.1261 - accuracy: 0.6440 
 7000/10000 [====================>.........] - ETA: 45s - loss: 1.1048 - accuracy: 0.6499
 7500/10000 [=====================>........] - ETA: 38s - loss: 1.0918 - accuracy: 0.6527
 8000/10000 [=======================>......] - ETA: 30s - loss: 1.0721 - accuracy: 0.6604
 8500/10000 [========================>.....] - ETA: 22s - loss: 1.0632 - accuracy: 0.6631
 9000/10000 [==========================>...] - ETA: 15s - loss: 1.0685 - accuracy: 0.6597
 9500/10000 [===========================>..] - ETA: 7s - loss: 1.0742 - accuracy: 0.6608 
10000/10000 [==============================] - 152s 15ms/step - loss: 1.0580 - accuracy: 0.6670 - val_loss: 1.0149 - val_accuracy: 0.6500
Epoch 5/5

  500/10000 [>.............................] - ETA: 2:24 - loss: 0.8610 - accuracy: 0.7120
 1000/10000 [==>...........................] - ETA: 2:19 - loss: 0.9190 - accuracy: 0.7090
 1500/10000 [===>..........................] - ETA: 2:09 - loss: 0.9181 - accuracy: 0.7040
 2000/10000 [=====>........................] - ETA: 2:02 - loss: 0.9257 - accuracy: 0.7025
 2500/10000 [======>.......................] - ETA: 1:55 - loss: 0.9018 - accuracy: 0.7080
 3000/10000 [========>.....................] - ETA: 1:46 - loss: 0.8970 - accuracy: 0.7120
 3500/10000 [=========>....................] - ETA: 1:38 - loss: 0.9266 - accuracy: 0.7029
 4000/10000 [===========>..................] - ETA: 1:31 - loss: 0.9164 - accuracy: 0.7080
 4500/10000 [============>.................] - ETA: 1:24 - loss: 0.9196 - accuracy: 0.7078
 5000/10000 [==============>...............] - ETA: 1:16 - loss: 0.9080 - accuracy: 0.7112
 5500/10000 [===============>..............] - ETA: 1:08 - loss: 0.8932 - accuracy: 0.7162
 6000/10000 [=================>............] - ETA: 1:00 - loss: 0.8898 - accuracy: 0.7168
 6500/10000 [==================>...........] - ETA: 53s - loss: 0.8716 - accuracy: 0.7212 
 7000/10000 [====================>.........] - ETA: 45s - loss: 0.8615 - accuracy: 0.7247
 7500/10000 [=====================>........] - ETA: 38s - loss: 0.8637 - accuracy: 0.7244
 8000/10000 [=======================>......] - ETA: 30s - loss: 0.8709 - accuracy: 0.7245
 8500/10000 [========================>.....] - ETA: 22s - loss: 0.8727 - accuracy: 0.7221
 9000/10000 [==========================>...] - ETA: 15s - loss: 0.8679 - accuracy: 0.7249
 9500/10000 [===========================>..] - ETA: 7s - loss: 0.8676 - accuracy: 0.7242 
10000/10000 [==============================] - 153s 15ms/step - loss: 0.8603 - accuracy: 0.7264 - val_loss: 1.1405 - val_accuracy: 0.6552
Latency --- 764.7056419849396 seconds ---
For delta=0.000100, the current epsilon is: 4.0678
Saving model with new accuracy, previous accuracy was 0 and present is 0.7264000177383423
Saved model to disk
=====================Iteration========================== 2
For delta=0.000100, the current epsilon is: 4.0678
Noise Mutiplier 1
loss= <keras.losses.CategoricalCrossentropy object at 0x101960bb90>
in grads Tensor("loss_1/mul:0", shape=(?,), dtype=float32)
Train on 10000 samples, validate on 2500 samples
Epoch 1/5

  500/10000 [>.............................] - ETA: 2:32 - loss: 2.2949 - accuracy: 0.0860
 1000/10000 [==>...........................] - ETA: 2:24 - loss: 2.2787 - accuracy: 0.1210
 1500/10000 [===>..........................] - ETA: 2:15 - loss: 2.2688 - accuracy: 0.1307
 2000/10000 [=====>........................] - ETA: 2:07 - loss: 2.2554 - accuracy: 0.1595
 2500/10000 [======>.......................] - ETA: 1:59 - loss: 2.2441 - accuracy: 0.1676
 3000/10000 [========>.....................] - ETA: 1:50 - loss: 2.2340 - accuracy: 0.1673
 3500/10000 [=========>....................] - ETA: 1:41 - loss: 2.2219 - accuracy: 0.1717
 4000/10000 [===========>..................] - ETA: 1:34 - loss: 2.2088 - accuracy: 0.1717
 4500/10000 [============>.................] - ETA: 1:26 - loss: 2.2055 - accuracy: 0.1822
 5000/10000 [==============>...............] - ETA: 1:17 - loss: 2.1919 - accuracy: 0.1860
 5500/10000 [===============>..............] - ETA: 1:10 - loss: 2.1781 - accuracy: 0.1951
 6000/10000 [=================>............] - ETA: 1:02 - loss: 2.1725 - accuracy: 0.1960
 6500/10000 [==================>...........] - ETA: 54s - loss: 2.1582 - accuracy: 0.2060 
 7000/10000 [====================>.........] - ETA: 46s - loss: 2.1467 - accuracy: 0.2119
 7500/10000 [=====================>........] - ETA: 39s - loss: 2.1324 - accuracy: 0.2239
 8000/10000 [=======================>......] - ETA: 31s - loss: 2.1190 - accuracy: 0.2275
 8500/10000 [========================>.....] - ETA: 23s - loss: 2.1035 - accuracy: 0.2424
 9000/10000 [==========================>...] - ETA: 15s - loss: 2.0836 - accuracy: 0.2561
 9500/10000 [===========================>..] - ETA: 7s - loss: 2.0662 - accuracy: 0.2681 
10000/10000 [==============================] - 157s 16ms/step - loss: 2.0552 - accuracy: 0.2716 - val_loss: 1.7558 - val_accuracy: 0.4236
Epoch 2/5

  500/10000 [>.............................] - ETA: 2:26 - loss: 1.6585 - accuracy: 0.4620
 1000/10000 [==>...........................] - ETA: 2:21 - loss: 1.7197 - accuracy: 0.4510
 1500/10000 [===>..........................] - ETA: 2:12 - loss: 1.6860 - accuracy: 0.4840
 2000/10000 [=====>........................] - ETA: 2:03 - loss: 1.6926 - accuracy: 0.4895
 2500/10000 [======>.......................] - ETA: 1:56 - loss: 1.6717 - accuracy: 0.4864
 3000/10000 [========>.....................] - ETA: 1:49 - loss: 1.6680 - accuracy: 0.4887
 3500/10000 [=========>....................] - ETA: 1:40 - loss: 1.6425 - accuracy: 0.4980
 4000/10000 [===========>..................] - ETA: 1:32 - loss: 1.6364 - accuracy: 0.4927
 4500/10000 [============>.................] - ETA: 1:24 - loss: 1.6263 - accuracy: 0.4980
 5000/10000 [==============>...............] - ETA: 1:17 - loss: 1.6079 - accuracy: 0.5018
 5500/10000 [===============>..............] - ETA: 1:09 - loss: 1.6179 - accuracy: 0.4936
 6000/10000 [=================>............] - ETA: 1:01 - loss: 1.6007 - accuracy: 0.5045
 6500/10000 [==================>...........] - ETA: 54s - loss: 1.6123 - accuracy: 0.4998 
 7000/10000 [====================>.........] - ETA: 46s - loss: 1.6057 - accuracy: 0.4970
 7500/10000 [=====================>........] - ETA: 38s - loss: 1.5958 - accuracy: 0.4985
 8000/10000 [=======================>......] - ETA: 30s - loss: 1.5994 - accuracy: 0.4905
 8500/10000 [========================>.....] - ETA: 23s - loss: 1.5789 - accuracy: 0.4967
 9000/10000 [==========================>...] - ETA: 15s - loss: 1.5660 - accuracy: 0.4987
 9500/10000 [===========================>..] - ETA: 7s - loss: 1.5516 - accuracy: 0.5027 
10000/10000 [==============================] - 154s 15ms/step - loss: 1.5613 - accuracy: 0.4973 - val_loss: 1.3973 - val_accuracy: 0.5904
Epoch 3/5

  500/10000 [>.............................] - ETA: 2:29 - loss: 1.3959 - accuracy: 0.5800
 1000/10000 [==>...........................] - ETA: 2:21 - loss: 1.4067 - accuracy: 0.5610
 1500/10000 [===>..........................] - ETA: 2:12 - loss: 1.4481 - accuracy: 0.5487
 2000/10000 [=====>........................] - ETA: 2:04 - loss: 1.3965 - accuracy: 0.5685
 2500/10000 [======>.......................] - ETA: 1:56 - loss: 1.3791 - accuracy: 0.5696
 3000/10000 [========>.....................] - ETA: 1:48 - loss: 1.3500 - accuracy: 0.5817
 3500/10000 [=========>....................] - ETA: 1:39 - loss: 1.3191 - accuracy: 0.5900
 4000/10000 [===========>..................] - ETA: 1:32 - loss: 1.3129 - accuracy: 0.5900
 4500/10000 [============>.................] - ETA: 1:25 - loss: 1.2921 - accuracy: 0.5998
 5000/10000 [==============>...............] - ETA: 1:17 - loss: 1.2651 - accuracy: 0.6044
 5500/10000 [===============>..............] - ETA: 1:09 - loss: 1.2616 - accuracy: 0.6080
 6000/10000 [=================>............] - ETA: 1:01 - loss: 1.2498 - accuracy: 0.6078
 6500/10000 [==================>...........] - ETA: 54s - loss: 1.2375 - accuracy: 0.6114 
 7000/10000 [====================>.........] - ETA: 46s - loss: 1.2108 - accuracy: 0.6186
 7500/10000 [=====================>........] - ETA: 38s - loss: 1.1976 - accuracy: 0.6247
 8000/10000 [=======================>......] - ETA: 31s - loss: 1.1881 - accuracy: 0.6269
 8500/10000 [========================>.....] - ETA: 23s - loss: 1.1765 - accuracy: 0.6324
 9000/10000 [==========================>...] - ETA: 15s - loss: 1.1779 - accuracy: 0.6326
 9500/10000 [===========================>..] - ETA: 7s - loss: 1.1672 - accuracy: 0.6365 
10000/10000 [==============================] - 156s 16ms/step - loss: 1.1612 - accuracy: 0.6391 - val_loss: 1.2940 - val_accuracy: 0.5968
Epoch 4/5

  500/10000 [>.............................] - ETA: 2:25 - loss: 1.1593 - accuracy: 0.6140
 1000/10000 [==>...........................] - ETA: 2:17 - loss: 1.1229 - accuracy: 0.6210
 1500/10000 [===>..........................] - ETA: 2:13 - loss: 1.0568 - accuracy: 0.6467
 2000/10000 [=====>........................] - ETA: 2:03 - loss: 1.0463 - accuracy: 0.6490
 2500/10000 [======>.......................] - ETA: 1:56 - loss: 1.0189 - accuracy: 0.6672
 3000/10000 [========>.....................] - ETA: 1:47 - loss: 0.9986 - accuracy: 0.6723
 3500/10000 [=========>....................] - ETA: 1:40 - loss: 0.9745 - accuracy: 0.6831
 4000/10000 [===========>..................] - ETA: 1:32 - loss: 0.9692 - accuracy: 0.6790
 4500/10000 [============>.................] - ETA: 1:24 - loss: 0.9713 - accuracy: 0.6793
 5000/10000 [==============>...............] - ETA: 1:17 - loss: 0.9555 - accuracy: 0.6828
 5500/10000 [===============>..............] - ETA: 1:09 - loss: 0.9513 - accuracy: 0.6869
 6000/10000 [=================>............] - ETA: 1:01 - loss: 0.9330 - accuracy: 0.6932
 6500/10000 [==================>...........] - ETA: 54s - loss: 0.9310 - accuracy: 0.6988 
 7000/10000 [====================>.........] - ETA: 46s - loss: 0.9253 - accuracy: 0.7019
 7500/10000 [=====================>........] - ETA: 38s - loss: 0.9162 - accuracy: 0.7053
 8000/10000 [=======================>......] - ETA: 31s - loss: 0.9116 - accuracy: 0.7082
 8500/10000 [========================>.....] - ETA: 23s - loss: 0.9078 - accuracy: 0.7099
 9000/10000 [==========================>...] - ETA: 15s - loss: 0.9086 - accuracy: 0.7083
 9500/10000 [===========================>..] - ETA: 7s - loss: 0.9057 - accuracy: 0.7108 
10000/10000 [==============================] - 157s 16ms/step - loss: 0.9017 - accuracy: 0.7113 - val_loss: 0.8843 - val_accuracy: 0.7364
Epoch 5/5

  500/10000 [>.............................] - ETA: 2:21 - loss: 0.6903 - accuracy: 0.7660
 1000/10000 [==>...........................] - ETA: 2:15 - loss: 0.7352 - accuracy: 0.7570
 1500/10000 [===>..........................] - ETA: 2:08 - loss: 0.8444 - accuracy: 0.7193
 2000/10000 [=====>........................] - ETA: 2:01 - loss: 0.8398 - accuracy: 0.7240
 2500/10000 [======>.......................] - ETA: 1:54 - loss: 0.8534 - accuracy: 0.7232
 3000/10000 [========>.....................] - ETA: 1:48 - loss: 0.8723 - accuracy: 0.7180
 3500/10000 [=========>....................] - ETA: 1:40 - loss: 0.8968 - accuracy: 0.7106
 4000/10000 [===========>..................] - ETA: 1:31 - loss: 0.8919 - accuracy: 0.7113
 4500/10000 [============>.................] - ETA: 1:24 - loss: 0.8987 - accuracy: 0.7102
 5000/10000 [==============>...............] - ETA: 1:16 - loss: 0.8726 - accuracy: 0.7176
 5500/10000 [===============>..............] - ETA: 1:08 - loss: 0.8654 - accuracy: 0.7187
 6000/10000 [=================>............] - ETA: 1:01 - loss: 0.8485 - accuracy: 0.7257
 6500/10000 [==================>...........] - ETA: 54s - loss: 0.8409 - accuracy: 0.7262 
 7000/10000 [====================>.........] - ETA: 46s - loss: 0.8345 - accuracy: 0.7297
 7500/10000 [=====================>........] - ETA: 38s - loss: 0.8194 - accuracy: 0.7344
 8000/10000 [=======================>......] - ETA: 30s - loss: 0.8122 - accuracy: 0.7359
 8500/10000 [========================>.....] - ETA: 23s - loss: 0.8126 - accuracy: 0.7375
 9000/10000 [==========================>...] - ETA: 15s - loss: 0.7996 - accuracy: 0.7422
 9500/10000 [===========================>..] - ETA: 7s - loss: 0.7914 - accuracy: 0.7449 
10000/10000 [==============================] - 154s 15ms/step - loss: 0.7895 - accuracy: 0.7460 - val_loss: 1.0117 - val_accuracy: 0.6888
Latency --- 779.7719020843506 seconds ---
For delta=0.000100, the current epsilon is: 4.0678
Saving model with new accuracy, previous accuracy was 0.7264000177383423 and present is 0.7459999918937683
Saved model to disk
=====================Iteration========================== 3
For delta=0.000100, the current epsilon is: 4.0678
Noise Mutiplier 1
loss= <keras.losses.CategoricalCrossentropy object at 0x10197767d0>
in grads Tensor("loss_2/mul:0", shape=(?,), dtype=float32)
Train on 10000 samples, validate on 2500 samples
Epoch 1/5

  500/10000 [>.............................] - ETA: 2:30 - loss: 2.3113 - accuracy: 0.0860
 1000/10000 [==>...........................] - ETA: 2:18 - loss: 2.2954 - accuracy: 0.1060
 1500/10000 [===>..........................] - ETA: 2:09 - loss: 2.2801 - accuracy: 0.1420
 2000/10000 [=====>........................] - ETA: 2:02 - loss: 2.2662 - accuracy: 0.1755
 2500/10000 [======>.......................] - ETA: 1:55 - loss: 2.2513 - accuracy: 0.1848
 3000/10000 [========>.....................] - ETA: 1:46 - loss: 2.2375 - accuracy: 0.2083
 3500/10000 [=========>....................] - ETA: 1:38 - loss: 2.2243 - accuracy: 0.2223
 4000/10000 [===========>..................] - ETA: 1:30 - loss: 2.2168 - accuracy: 0.2192
 4500/10000 [============>.................] - ETA: 1:22 - loss: 2.2046 - accuracy: 0.2240
 5000/10000 [==============>...............] - ETA: 1:15 - loss: 2.1915 - accuracy: 0.2342
 5500/10000 [===============>..............] - ETA: 1:08 - loss: 2.1792 - accuracy: 0.2405
 6000/10000 [=================>............] - ETA: 1:00 - loss: 2.1624 - accuracy: 0.2390
 6500/10000 [==================>...........] - ETA: 53s - loss: 2.1528 - accuracy: 0.2428 
 7000/10000 [====================>.........] - ETA: 45s - loss: 2.1384 - accuracy: 0.2441
 7500/10000 [=====================>........] - ETA: 37s - loss: 2.1272 - accuracy: 0.2521
 8000/10000 [=======================>......] - ETA: 30s - loss: 2.1178 - accuracy: 0.2501
 8500/10000 [========================>.....] - ETA: 22s - loss: 2.1104 - accuracy: 0.2547
 9000/10000 [==========================>...] - ETA: 15s - loss: 2.0959 - accuracy: 0.2579
 9500/10000 [===========================>..] - ETA: 7s - loss: 2.0794 - accuracy: 0.2675 
10000/10000 [==============================] - 152s 15ms/step - loss: 2.0659 - accuracy: 0.2750 - val_loss: 1.7972 - val_accuracy: 0.3696
Epoch 2/5

  500/10000 [>.............................] - ETA: 2:17 - loss: 1.7765 - accuracy: 0.3740
 1000/10000 [==>...........................] - ETA: 2:10 - loss: 1.8089 - accuracy: 0.3510
 1500/10000 [===>..........................] - ETA: 2:06 - loss: 1.7787 - accuracy: 0.3827
 2000/10000 [=====>........................] - ETA: 2:00 - loss: 1.7484 - accuracy: 0.3820
 2500/10000 [======>.......................] - ETA: 1:51 - loss: 1.7520 - accuracy: 0.3940
 3000/10000 [========>.....................] - ETA: 1:44 - loss: 1.7360 - accuracy: 0.3967
 3500/10000 [=========>....................] - ETA: 1:37 - loss: 1.7350 - accuracy: 0.4040
 4000/10000 [===========>..................] - ETA: 1:30 - loss: 1.7262 - accuracy: 0.4000
 4500/10000 [============>.................] - ETA: 1:23 - loss: 1.7163 - accuracy: 0.4184
 5000/10000 [==============>...............] - ETA: 1:15 - loss: 1.7031 - accuracy: 0.4222
 5500/10000 [===============>..............] - ETA: 1:08 - loss: 1.6938 - accuracy: 0.4233
 6000/10000 [=================>............] - ETA: 1:00 - loss: 1.6907 - accuracy: 0.4228
 6500/10000 [==================>...........] - ETA: 53s - loss: 1.6714 - accuracy: 0.4289 
 7000/10000 [====================>.........] - ETA: 45s - loss: 1.6569 - accuracy: 0.4356
 7500/10000 [=====================>........] - ETA: 37s - loss: 1.6639 - accuracy: 0.4359
 8000/10000 [=======================>......] - ETA: 30s - loss: 1.6510 - accuracy: 0.4406
 8500/10000 [========================>.....] - ETA: 22s - loss: 1.6370 - accuracy: 0.4484
 9000/10000 [==========================>...] - ETA: 15s - loss: 1.6312 - accuracy: 0.4470
 9500/10000 [===========================>..] - ETA: 7s - loss: 1.6239 - accuracy: 0.4518 
10000/10000 [==============================] - 151s 15ms/step - loss: 1.6077 - accuracy: 0.4592 - val_loss: 1.4023 - val_accuracy: 0.5748
Epoch 3/5

  500/10000 [>.............................] - ETA: 2:19 - loss: 1.3916 - accuracy: 0.5340
 1000/10000 [==>...........................] - ETA: 2:12 - loss: 1.4279 - accuracy: 0.5230
 1500/10000 [===>..........................] - ETA: 2:03 - loss: 1.3522 - accuracy: 0.5573
 2000/10000 [=====>........................] - ETA: 1:58 - loss: 1.3987 - accuracy: 0.5435
 2500/10000 [======>.......................] - ETA: 1:52 - loss: 1.3802 - accuracy: 0.5540
 3000/10000 [========>.....................] - ETA: 1:44 - loss: 1.3579 - accuracy: 0.5587
 3500/10000 [=========>....................] - ETA: 1:38 - loss: 1.3705 - accuracy: 0.5606
 4000/10000 [===========>..................] - ETA: 1:29 - loss: 1.3549 - accuracy: 0.5600
 4500/10000 [============>.................] - ETA: 1:22 - loss: 1.3560 - accuracy: 0.5629
 5000/10000 [==============>...............] - ETA: 1:15 - loss: 1.3844 - accuracy: 0.5508
 5500/10000 [===============>..............] - ETA: 1:07 - loss: 1.3667 - accuracy: 0.5618
 6000/10000 [=================>............] - ETA: 1:00 - loss: 1.3472 - accuracy: 0.5662
 6500/10000 [==================>...........] - ETA: 52s - loss: 1.3319 - accuracy: 0.5686 
 7000/10000 [====================>.........] - ETA: 45s - loss: 1.3245 - accuracy: 0.5683
 7500/10000 [=====================>........] - ETA: 37s - loss: 1.3081 - accuracy: 0.5739
 8000/10000 [=======================>......] - ETA: 30s - loss: 1.2921 - accuracy: 0.5782
 8500/10000 [========================>.....] - ETA: 22s - loss: 1.2979 - accuracy: 0.5744
 9000/10000 [==========================>...] - ETA: 15s - loss: 1.3007 - accuracy: 0.5712
 9500/10000 [===========================>..] - ETA: 7s - loss: 1.2908 - accuracy: 0.5746 
10000/10000 [==============================] - 150s 15ms/step - loss: 1.2803 - accuracy: 0.5774 - val_loss: 1.1378 - val_accuracy: 0.6208
Epoch 4/5

  500/10000 [>.............................] - ETA: 2:19 - loss: 1.0153 - accuracy: 0.6320
 1000/10000 [==>...........................] - ETA: 2:12 - loss: 1.0639 - accuracy: 0.6590
 1500/10000 [===>..........................] - ETA: 2:05 - loss: 1.0548 - accuracy: 0.6640
 2000/10000 [=====>........................] - ETA: 1:58 - loss: 1.0506 - accuracy: 0.6555
 2500/10000 [======>.......................] - ETA: 1:51 - loss: 1.0479 - accuracy: 0.6544
 3000/10000 [========>.....................] - ETA: 1:45 - loss: 1.0970 - accuracy: 0.6390
 3500/10000 [=========>....................] - ETA: 1:38 - loss: 1.1225 - accuracy: 0.6351
 4000/10000 [===========>..................] - ETA: 1:31 - loss: 1.0856 - accuracy: 0.6485
 4500/10000 [============>.................] - ETA: 1:23 - loss: 1.0776 - accuracy: 0.6489
 5000/10000 [==============>...............] - ETA: 1:15 - loss: 1.0851 - accuracy: 0.6426
 5500/10000 [===============>..............] - ETA: 1:07 - loss: 1.0680 - accuracy: 0.6484
 6000/10000 [=================>............] - ETA: 59s - loss: 1.0680 - accuracy: 0.6495 
 6500/10000 [==================>...........] - ETA: 52s - loss: 1.0663 - accuracy: 0.6492
 7000/10000 [====================>.........] - ETA: 44s - loss: 1.0711 - accuracy: 0.6517
 7500/10000 [=====================>........] - ETA: 37s - loss: 1.0748 - accuracy: 0.6520
 8000/10000 [=======================>......] - ETA: 30s - loss: 1.0680 - accuracy: 0.6541
 8500/10000 [========================>.....] - ETA: 22s - loss: 1.0662 - accuracy: 0.6538
 9000/10000 [==========================>...] - ETA: 15s - loss: 1.0728 - accuracy: 0.6512
 9500/10000 [===========================>..] - ETA: 7s - loss: 1.0667 - accuracy: 0.6538 
10000/10000 [==============================] - 151s 15ms/step - loss: 1.0617 - accuracy: 0.6550 - val_loss: 1.1798 - val_accuracy: 0.6560
Epoch 5/5

  500/10000 [>.............................] - ETA: 2:26 - loss: 1.0564 - accuracy: 0.7120
 1000/10000 [==>...........................] - ETA: 2:17 - loss: 0.9998 - accuracy: 0.7030
 1500/10000 [===>..........................] - ETA: 2:09 - loss: 0.9367 - accuracy: 0.7207
 2000/10000 [=====>........................] - ETA: 2:02 - loss: 0.9451 - accuracy: 0.7040
 2500/10000 [======>.......................] - ETA: 1:54 - loss: 0.9139 - accuracy: 0.7140
 3000/10000 [========>.....................] - ETA: 1:46 - loss: 0.8936 - accuracy: 0.7147
 3500/10000 [=========>....................] - ETA: 1:39 - loss: 0.9112 - accuracy: 0.7031
 4000/10000 [===========>..................] - ETA: 1:31 - loss: 0.9103 - accuracy: 0.7045
 4500/10000 [============>.................] - ETA: 1:24 - loss: 0.9172 - accuracy: 0.6982
 5000/10000 [==============>...............] - ETA: 1:16 - loss: 0.9136 - accuracy: 0.6992
 5500/10000 [===============>..............] - ETA: 1:09 - loss: 0.9064 - accuracy: 0.7009
 6000/10000 [=================>............] - ETA: 1:01 - loss: 0.8983 - accuracy: 0.7040
 6500/10000 [==================>...........] - ETA: 53s - loss: 0.8944 - accuracy: 0.7062 
 7000/10000 [====================>.........] - ETA: 45s - loss: 0.8946 - accuracy: 0.7080
 7500/10000 [=====================>........] - ETA: 38s - loss: 0.8831 - accuracy: 0.7100
 8000/10000 [=======================>......] - ETA: 30s - loss: 0.8801 - accuracy: 0.7103
 8500/10000 [========================>.....] - ETA: 23s - loss: 0.8708 - accuracy: 0.7119
 9000/10000 [==========================>...] - ETA: 15s - loss: 0.8635 - accuracy: 0.7137
 9500/10000 [===========================>..] - ETA: 7s - loss: 0.8542 - accuracy: 0.7161 
10000/10000 [==============================] - 154s 15ms/step - loss: 0.8513 - accuracy: 0.7166 - val_loss: 1.1851 - val_accuracy: 0.6812
Latency --- 759.9153695106506 seconds ---
For delta=0.000100, the current epsilon is: 4.0678
=====================Iteration========================== 4
For delta=0.000100, the current epsilon is: 4.0678
Noise Mutiplier 1
loss= <keras.losses.CategoricalCrossentropy object at 0x1019908910>
in grads Tensor("loss_3/mul:0", shape=(?,), dtype=float32)
Train on 10000 samples, validate on 2500 samples
Epoch 1/5

  500/10000 [>.............................] - ETA: 2:36 - loss: 2.3090 - accuracy: 0.0960
 1000/10000 [==>...........................] - ETA: 2:22 - loss: 2.3017 - accuracy: 0.1260
 1500/10000 [===>..........................] - ETA: 2:11 - loss: 2.2935 - accuracy: 0.1487
 2000/10000 [=====>........................] - ETA: 2:01 - loss: 2.2898 - accuracy: 0.1480
 2500/10000 [======>.......................] - ETA: 1:55 - loss: 2.2798 - accuracy: 0.1732
 3000/10000 [========>.....................] - ETA: 1:47 - loss: 2.2662 - accuracy: 0.1870
 3500/10000 [=========>....................] - ETA: 1:39 - loss: 2.2538 - accuracy: 0.1943
 4000/10000 [===========>..................] - ETA: 1:31 - loss: 2.2432 - accuracy: 0.2075
 4500/10000 [============>.................] - ETA: 1:24 - loss: 2.2370 - accuracy: 0.2129
 5000/10000 [==============>...............] - ETA: 1:16 - loss: 2.2266 - accuracy: 0.2252
 5500/10000 [===============>..............] - ETA: 1:08 - loss: 2.2176 - accuracy: 0.2315
 6000/10000 [=================>............] - ETA: 1:01 - loss: 2.2076 - accuracy: 0.2337
 6500/10000 [==================>...........] - ETA: 53s - loss: 2.1945 - accuracy: 0.2348 
 7000/10000 [====================>.........] - ETA: 45s - loss: 2.1793 - accuracy: 0.2464
 7500/10000 [=====================>........] - ETA: 38s - loss: 2.1653 - accuracy: 0.2520
 8000/10000 [=======================>......] - ETA: 30s - loss: 2.1518 - accuracy: 0.2540
 8500/10000 [========================>.....] - ETA: 23s - loss: 2.1375 - accuracy: 0.2566
 9000/10000 [==========================>...] - ETA: 15s - loss: 2.1230 - accuracy: 0.2616
 9500/10000 [===========================>..] - ETA: 7s - loss: 2.1128 - accuracy: 0.2638 
10000/10000 [==============================] - 155s 15ms/step - loss: 2.0906 - accuracy: 0.2786 - val_loss: 1.7921 - val_accuracy: 0.4044
Epoch 2/5

  500/10000 [>.............................] - ETA: 2:22 - loss: 1.7801 - accuracy: 0.3720
 1000/10000 [==>...........................] - ETA: 2:15 - loss: 1.7459 - accuracy: 0.3980
 1500/10000 [===>..........................] - ETA: 2:05 - loss: 1.7233 - accuracy: 0.4187
 2000/10000 [=====>........................] - ETA: 1:58 - loss: 1.6848 - accuracy: 0.4370
 2500/10000 [======>.......................] - ETA: 1:50 - loss: 1.6650 - accuracy: 0.4416
 3000/10000 [========>.....................] - ETA: 1:43 - loss: 1.6191 - accuracy: 0.4610
 3500/10000 [=========>....................] - ETA: 1:36 - loss: 1.5845 - accuracy: 0.4814
 4000/10000 [===========>..................] - ETA: 1:29 - loss: 1.5635 - accuracy: 0.4885
 4500/10000 [============>.................] - ETA: 1:22 - loss: 1.5471 - accuracy: 0.4924
 5000/10000 [==============>...............] - ETA: 1:15 - loss: 1.5308 - accuracy: 0.5008
 5500/10000 [===============>..............] - ETA: 1:08 - loss: 1.5306 - accuracy: 0.4995
 6000/10000 [=================>............] - ETA: 1:00 - loss: 1.5049 - accuracy: 0.5118
 6500/10000 [==================>...........] - ETA: 52s - loss: 1.4878 - accuracy: 0.5168 
 7000/10000 [====================>.........] - ETA: 45s - loss: 1.4813 - accuracy: 0.5207
 7500/10000 [=====================>........] - ETA: 37s - loss: 1.4630 - accuracy: 0.5279
 8000/10000 [=======================>......] - ETA: 29s - loss: 1.4550 - accuracy: 0.5285
 8500/10000 [========================>.....] - ETA: 22s - loss: 1.4490 - accuracy: 0.5274
 9000/10000 [==========================>...] - ETA: 15s - loss: 1.4397 - accuracy: 0.5291
 9500/10000 [===========================>..] - ETA: 7s - loss: 1.4314 - accuracy: 0.5314 
10000/10000 [==============================] - 150s 15ms/step - loss: 1.4183 - accuracy: 0.5374 - val_loss: 1.3866 - val_accuracy: 0.5076
Epoch 3/5

  500/10000 [>.............................] - ETA: 2:22 - loss: 1.3450 - accuracy: 0.5260
 1000/10000 [==>...........................] - ETA: 2:14 - loss: 1.2474 - accuracy: 0.5720
 1500/10000 [===>..........................] - ETA: 2:06 - loss: 1.2653 - accuracy: 0.5740
 2000/10000 [=====>........................] - ETA: 1:57 - loss: 1.2969 - accuracy: 0.5575
 2500/10000 [======>.......................] - ETA: 1:51 - loss: 1.2615 - accuracy: 0.5724
 3000/10000 [========>.....................] - ETA: 1:44 - loss: 1.2533 - accuracy: 0.5733
 3500/10000 [=========>....................] - ETA: 1:37 - loss: 1.2513 - accuracy: 0.5783
 4000/10000 [===========>..................] - ETA: 1:30 - loss: 1.2640 - accuracy: 0.5715
 4500/10000 [============>.................] - ETA: 1:22 - loss: 1.2432 - accuracy: 0.5847
 5000/10000 [==============>...............] - ETA: 1:15 - loss: 1.2362 - accuracy: 0.5874
 5500/10000 [===============>..............] - ETA: 1:07 - loss: 1.2517 - accuracy: 0.5811
 6000/10000 [=================>............] - ETA: 1:00 - loss: 1.2455 - accuracy: 0.5818
 6500/10000 [==================>...........] - ETA: 52s - loss: 1.2317 - accuracy: 0.5891 
 7000/10000 [====================>.........] - ETA: 45s - loss: 1.2119 - accuracy: 0.5957
 7500/10000 [=====================>........] - ETA: 37s - loss: 1.2019 - accuracy: 0.5985
 8000/10000 [=======================>......] - ETA: 29s - loss: 1.2016 - accuracy: 0.5964
 8500/10000 [========================>.....] - ETA: 22s - loss: 1.2037 - accuracy: 0.5986
 9000/10000 [==========================>...] - ETA: 15s - loss: 1.2042 - accuracy: 0.5979
 9500/10000 [===========================>..] - ETA: 7s - loss: 1.1935 - accuracy: 0.6019 
10000/10000 [==============================] - 150s 15ms/step - loss: 1.1845 - accuracy: 0.6040 - val_loss: 1.2536 - val_accuracy: 0.6316
Epoch 4/5

  500/10000 [>.............................] - ETA: 2:16 - loss: 1.2775 - accuracy: 0.6200
 1000/10000 [==>...........................] - ETA: 2:16 - loss: 1.1415 - accuracy: 0.6570
 1500/10000 [===>..........................] - ETA: 2:10 - loss: 1.1149 - accuracy: 0.6547
 2000/10000 [=====>........................] - ETA: 2:02 - loss: 1.1025 - accuracy: 0.6540
 2500/10000 [======>.......................] - ETA: 1:55 - loss: 1.1148 - accuracy: 0.6532
 3000/10000 [========>.....................] - ETA: 1:48 - loss: 1.1129 - accuracy: 0.6543
 3500/10000 [=========>....................] - ETA: 1:41 - loss: 1.0997 - accuracy: 0.6557
 4000/10000 [===========>..................] - ETA: 1:32 - loss: 1.0946 - accuracy: 0.6535
 4500/10000 [============>.................] - ETA: 1:25 - loss: 1.0824 - accuracy: 0.6580
 5000/10000 [==============>...............] - ETA: 1:17 - loss: 1.0611 - accuracy: 0.6628
 5500/10000 [===============>..............] - ETA: 1:09 - loss: 1.0536 - accuracy: 0.6664
 6000/10000 [=================>............] - ETA: 1:01 - loss: 1.0344 - accuracy: 0.6730
 6500/10000 [==================>...........] - ETA: 54s - loss: 1.0144 - accuracy: 0.6778 
 7000/10000 [====================>.........] - ETA: 46s - loss: 0.9985 - accuracy: 0.6811
 7500/10000 [=====================>........] - ETA: 38s - loss: 1.0028 - accuracy: 0.6820
 8000/10000 [=======================>......] - ETA: 30s - loss: 0.9928 - accuracy: 0.6835
 8500/10000 [========================>.....] - ETA: 23s - loss: 0.9891 - accuracy: 0.6846
 9000/10000 [==========================>...] - ETA: 15s - loss: 0.9860 - accuracy: 0.6854
 9500/10000 [===========================>..] - ETA: 7s - loss: 0.9814 - accuracy: 0.6871 
10000/10000 [==============================] - 154s 15ms/step - loss: 0.9778 - accuracy: 0.6873 - val_loss: 0.8990 - val_accuracy: 0.7244
Epoch 5/5

  500/10000 [>.............................] - ETA: 2:22 - loss: 0.8415 - accuracy: 0.7340
 1000/10000 [==>...........................] - ETA: 2:12 - loss: 0.8387 - accuracy: 0.7340
 1500/10000 [===>..........................] - ETA: 2:04 - loss: 0.8473 - accuracy: 0.7420
 2000/10000 [=====>........................] - ETA: 1:58 - loss: 0.8104 - accuracy: 0.7560
 2500/10000 [======>.......................] - ETA: 1:51 - loss: 0.8026 - accuracy: 0.7536
 3000/10000 [========>.....................] - ETA: 1:44 - loss: 0.7954 - accuracy: 0.7547
 3500/10000 [=========>....................] - ETA: 1:37 - loss: 0.7850 - accuracy: 0.7577
 4000/10000 [===========>..................] - ETA: 1:29 - loss: 0.7722 - accuracy: 0.7623
 4500/10000 [============>.................] - ETA: 1:22 - loss: 0.7900 - accuracy: 0.7571
 5000/10000 [==============>...............] - ETA: 1:14 - loss: 0.7808 - accuracy: 0.7586
 5500/10000 [===============>..............] - ETA: 1:07 - loss: 0.7777 - accuracy: 0.7596
 6000/10000 [=================>............] - ETA: 1:00 - loss: 0.7839 - accuracy: 0.7577
 6500/10000 [==================>...........] - ETA: 52s - loss: 0.7810 - accuracy: 0.7597 
 7000/10000 [====================>.........] - ETA: 45s - loss: 0.7676 - accuracy: 0.7636
 7500/10000 [=====================>........] - ETA: 37s - loss: 0.7616 - accuracy: 0.7648
 8000/10000 [=======================>......] - ETA: 30s - loss: 0.7711 - accuracy: 0.7636
 8500/10000 [========================>.....] - ETA: 22s - loss: 0.7795 - accuracy: 0.7606
 9000/10000 [==========================>...] - ETA: 15s - loss: 0.7812 - accuracy: 0.7603
 9500/10000 [===========================>..] - ETA: 7s - loss: 0.7817 - accuracy: 0.7599 
10000/10000 [==============================] - 152s 15ms/step - loss: 0.7806 - accuracy: 0.7598 - val_loss: 0.9177 - val_accuracy: 0.6940
Latency --- 764.0452635288239 seconds ---
For delta=0.000100, the current epsilon is: 4.0678
Saving model with new accuracy, previous accuracy was 0.7459999918937683 and present is 0.7598000168800354
Saved model to disk
=====================Iteration========================== 5
For delta=0.000100, the current epsilon is: 4.0678
Noise Mutiplier 1
loss= <keras.losses.CategoricalCrossentropy object at 0x1019a88fd0>
in grads Tensor("loss_4/mul:0", shape=(?,), dtype=float32)
Train on 10000 samples, validate on 2500 samples
Epoch 1/5

  500/10000 [>.............................] - ETA: 2:36 - loss: 2.3205 - accuracy: 0.0960
 1000/10000 [==>...........................] - ETA: 2:29 - loss: 2.3038 - accuracy: 0.1030
 1500/10000 [===>..........................] - ETA: 2:17 - loss: 2.2976 - accuracy: 0.1120
 2000/10000 [=====>........................] - ETA: 2:08 - loss: 2.2917 - accuracy: 0.1175
 2500/10000 [======>.......................] - ETA: 2:00 - loss: 2.2820 - accuracy: 0.1228
 3000/10000 [========>.....................] - ETA: 1:52 - loss: 2.2744 - accuracy: 0.1280
 3500/10000 [=========>....................] - ETA: 1:43 - loss: 2.2652 - accuracy: 0.1409
 4000/10000 [===========>..................] - ETA: 1:35 - loss: 2.2564 - accuracy: 0.1460
 4500/10000 [============>.................] - ETA: 1:26 - loss: 2.2448 - accuracy: 0.1669
 5000/10000 [==============>...............] - ETA: 1:18 - loss: 2.2317 - accuracy: 0.1732
 5500/10000 [===============>..............] - ETA: 1:10 - loss: 2.2212 - accuracy: 0.1798
 6000/10000 [=================>............] - ETA: 1:03 - loss: 2.2104 - accuracy: 0.1767
 6500/10000 [==================>...........] - ETA: 55s - loss: 2.2050 - accuracy: 0.1731 
 7000/10000 [====================>.........] - ETA: 47s - loss: 2.1981 - accuracy: 0.1801
 7500/10000 [=====================>........] - ETA: 39s - loss: 2.1884 - accuracy: 0.1861
 8000/10000 [=======================>......] - ETA: 31s - loss: 2.1771 - accuracy: 0.1941
 8500/10000 [========================>.....] - ETA: 23s - loss: 2.1634 - accuracy: 0.2007
 9000/10000 [==========================>...] - ETA: 15s - loss: 2.1473 - accuracy: 0.2161
 9500/10000 [===========================>..] - ETA: 7s - loss: 2.1314 - accuracy: 0.2287 
10000/10000 [==============================] - 157s 16ms/step - loss: 2.1162 - accuracy: 0.2390 - val_loss: 1.8187 - val_accuracy: 0.4604
Epoch 2/5

  500/10000 [>.............................] - ETA: 2:28 - loss: 1.8363 - accuracy: 0.4580
 1000/10000 [==>...........................] - ETA: 2:21 - loss: 1.8301 - accuracy: 0.4510
 1500/10000 [===>..........................] - ETA: 2:12 - loss: 1.8133 - accuracy: 0.4367
 2000/10000 [=====>........................] - ETA: 2:04 - loss: 1.7947 - accuracy: 0.4525
 2500/10000 [======>.......................] - ETA: 1:55 - loss: 1.8080 - accuracy: 0.4400
 3000/10000 [========>.....................] - ETA: 1:47 - loss: 1.7993 - accuracy: 0.4323
 3500/10000 [=========>....................] - ETA: 1:39 - loss: 1.7780 - accuracy: 0.4386
 4000/10000 [===========>..................] - ETA: 1:31 - loss: 1.7460 - accuracy: 0.4442
 4500/10000 [============>.................] - ETA: 1:24 - loss: 1.7255 - accuracy: 0.4509
 5000/10000 [==============>...............] - ETA: 1:16 - loss: 1.6912 - accuracy: 0.4622
 5500/10000 [===============>..............] - ETA: 1:09 - loss: 1.6742 - accuracy: 0.4680
 6000/10000 [=================>............] - ETA: 1:01 - loss: 1.6566 - accuracy: 0.4673
 6500/10000 [==================>...........] - ETA: 53s - loss: 1.6361 - accuracy: 0.4731 
 7000/10000 [====================>.........] - ETA: 45s - loss: 1.6091 - accuracy: 0.4811
 7500/10000 [=====================>........] - ETA: 38s - loss: 1.5940 - accuracy: 0.4869
 8000/10000 [=======================>......] - ETA: 30s - loss: 1.5741 - accuracy: 0.4924
 8500/10000 [========================>.....] - ETA: 22s - loss: 1.5683 - accuracy: 0.4934
 9000/10000 [==========================>...] - ETA: 15s - loss: 1.5567 - accuracy: 0.4972
 9500/10000 [===========================>..] - ETA: 7s - loss: 1.5394 - accuracy: 0.5022 
10000/10000 [==============================] - 153s 15ms/step - loss: 1.5452 - accuracy: 0.5007 - val_loss: 1.1634 - val_accuracy: 0.6236
Epoch 3/5

  500/10000 [>.............................] - ETA: 2:26 - loss: 1.1054 - accuracy: 0.6460
 1000/10000 [==>...........................] - ETA: 2:22 - loss: 1.1271 - accuracy: 0.6470
 1500/10000 [===>..........................] - ETA: 2:12 - loss: 1.1494 - accuracy: 0.6167
 2000/10000 [=====>........................] - ETA: 2:06 - loss: 1.1250 - accuracy: 0.6260
 2500/10000 [======>.......................] - ETA: 1:59 - loss: 1.1531 - accuracy: 0.6144
 3000/10000 [========>.....................] - ETA: 1:50 - loss: 1.1804 - accuracy: 0.6087
 3500/10000 [=========>....................] - ETA: 1:41 - loss: 1.2321 - accuracy: 0.5911
 4000/10000 [===========>..................] - ETA: 1:34 - loss: 1.2331 - accuracy: 0.5853
 4500/10000 [============>.................] - ETA: 1:26 - loss: 1.2237 - accuracy: 0.5896
 5000/10000 [==============>...............] - ETA: 1:19 - loss: 1.2085 - accuracy: 0.5928
 5500/10000 [===============>..............] - ETA: 1:11 - loss: 1.2160 - accuracy: 0.5905
 6000/10000 [=================>............] - ETA: 1:03 - loss: 1.1954 - accuracy: 0.5987
 6500/10000 [==================>...........] - ETA: 55s - loss: 1.1806 - accuracy: 0.6038 
 7000/10000 [====================>.........] - ETA: 47s - loss: 1.1776 - accuracy: 0.6056
 7500/10000 [=====================>........] - ETA: 39s - loss: 1.1782 - accuracy: 0.6053
 8000/10000 [=======================>......] - ETA: 31s - loss: 1.1804 - accuracy: 0.6061
 8500/10000 [========================>.....] - ETA: 23s - loss: 1.1691 - accuracy: 0.6115
 9000/10000 [==========================>...] - ETA: 15s - loss: 1.1677 - accuracy: 0.6147
 9500/10000 [===========================>..] - ETA: 7s - loss: 1.1581 - accuracy: 0.6181 
10000/10000 [==============================] - 158s 16ms/step - loss: 1.1539 - accuracy: 0.6211 - val_loss: 1.0066 - val_accuracy: 0.6596
Epoch 4/5

  500/10000 [>.............................] - ETA: 2:25 - loss: 0.9782 - accuracy: 0.6880
 1000/10000 [==>...........................] - ETA: 2:18 - loss: 1.0254 - accuracy: 0.6820
 1500/10000 [===>..........................] - ETA: 2:09 - loss: 1.0349 - accuracy: 0.6760
 2000/10000 [=====>........................] - ETA: 2:01 - loss: 1.0297 - accuracy: 0.6725
 2500/10000 [======>.......................] - ETA: 1:55 - loss: 0.9940 - accuracy: 0.6852
 3000/10000 [========>.....................] - ETA: 1:48 - loss: 0.9914 - accuracy: 0.6877
 3500/10000 [=========>....................] - ETA: 1:39 - loss: 0.9818 - accuracy: 0.6903
 4000/10000 [===========>..................] - ETA: 1:32 - loss: 0.9671 - accuracy: 0.6948
 4500/10000 [============>.................] - ETA: 1:24 - loss: 0.9680 - accuracy: 0.6951
 5000/10000 [==============>...............] - ETA: 1:16 - loss: 0.9717 - accuracy: 0.6920
 5500/10000 [===============>..............] - ETA: 1:09 - loss: 0.9515 - accuracy: 0.6962
 6000/10000 [=================>............] - ETA: 1:01 - loss: 0.9618 - accuracy: 0.6927
 6500/10000 [==================>...........] - ETA: 54s - loss: 0.9450 - accuracy: 0.6986 
 7000/10000 [====================>.........] - ETA: 46s - loss: 0.9282 - accuracy: 0.7054
 7500/10000 [=====================>........] - ETA: 38s - loss: 0.9247 - accuracy: 0.7052
 8000/10000 [=======================>......] - ETA: 30s - loss: 0.9115 - accuracy: 0.7091
 8500/10000 [========================>.....] - ETA: 23s - loss: 0.9064 - accuracy: 0.7101
 9000/10000 [==========================>...] - ETA: 15s - loss: 0.9074 - accuracy: 0.7091
 9500/10000 [===========================>..] - ETA: 7s - loss: 0.9075 - accuracy: 0.7086 
10000/10000 [==============================] - 156s 16ms/step - loss: 0.9057 - accuracy: 0.7089 - val_loss: 1.0485 - val_accuracy: 0.6460
Epoch 5/5

  500/10000 [>.............................] - ETA: 2:32 - loss: 0.8924 - accuracy: 0.6980
 1000/10000 [==>...........................] - ETA: 2:21 - loss: 0.8927 - accuracy: 0.6970
 1500/10000 [===>..........................] - ETA: 2:14 - loss: 0.8795 - accuracy: 0.7073
 2000/10000 [=====>........................] - ETA: 2:06 - loss: 0.9220 - accuracy: 0.6900
 2500/10000 [======>.......................] - ETA: 1:58 - loss: 0.8855 - accuracy: 0.7028
 3000/10000 [========>.....................] - ETA: 1:50 - loss: 0.8911 - accuracy: 0.7047
 3500/10000 [=========>....................] - ETA: 1:42 - loss: 0.8803 - accuracy: 0.7097
 4000/10000 [===========>..................] - ETA: 1:33 - loss: 0.8530 - accuracy: 0.7212
 4500/10000 [============>.................] - ETA: 1:25 - loss: 0.8367 - accuracy: 0.7262
 5000/10000 [==============>...............] - ETA: 1:17 - loss: 0.8237 - accuracy: 0.7312
 5500/10000 [===============>..............] - ETA: 1:09 - loss: 0.8198 - accuracy: 0.7325
 6000/10000 [=================>............] - ETA: 1:01 - loss: 0.8111 - accuracy: 0.7335
 6500/10000 [==================>...........] - ETA: 54s - loss: 0.8077 - accuracy: 0.7358 
 7000/10000 [====================>.........] - ETA: 46s - loss: 0.7940 - accuracy: 0.7410
 7500/10000 [=====================>........] - ETA: 38s - loss: 0.7845 - accuracy: 0.7449
 8000/10000 [=======================>......] - ETA: 30s - loss: 0.7712 - accuracy: 0.7486
 8500/10000 [========================>.....] - ETA: 23s - loss: 0.7630 - accuracy: 0.7516
 9000/10000 [==========================>...] - ETA: 15s - loss: 0.7561 - accuracy: 0.7541
 9500/10000 [===========================>..] - ETA: 7s - loss: 0.7511 - accuracy: 0.7558 
10000/10000 [==============================] - 155s 15ms/step - loss: 0.7484 - accuracy: 0.7581 - val_loss: 0.7604 - val_accuracy: 0.7472
Latency --- 782.2255840301514 seconds ---
For delta=0.000100, the current epsilon is: 4.0678
=====================Iteration========================== 6
For delta=0.000100, the current epsilon is: 4.0678
Noise Mutiplier 1
loss= <keras.losses.CategoricalCrossentropy object at 0x1019bf3690>
in grads Tensor("loss_5/mul:0", shape=(?,), dtype=float32)
Train on 10000 samples, validate on 2500 samples
Epoch 1/5

  500/10000 [>.............................] - ETA: 2:49 - loss: 2.3007 - accuracy: 0.1240
 1000/10000 [==>...........................] - ETA: 2:25 - loss: 2.2978 - accuracy: 0.1210
 1500/10000 [===>..........................] - ETA: 2:15 - loss: 2.2901 - accuracy: 0.1167
 2000/10000 [=====>........................] - ETA: 2:07 - loss: 2.2825 - accuracy: 0.1190
 2500/10000 [======>.......................] - ETA: 1:59 - loss: 2.2754 - accuracy: 0.1420
 3000/10000 [========>.....................] - ETA: 1:50 - loss: 2.2659 - accuracy: 0.1353
 3500/10000 [=========>....................] - ETA: 1:42 - loss: 2.2580 - accuracy: 0.1446
 4000/10000 [===========>..................] - ETA: 1:34 - loss: 2.2447 - accuracy: 0.1472
 4500/10000 [============>.................] - ETA: 1:25 - loss: 2.2344 - accuracy: 0.1553
 5000/10000 [==============>...............] - ETA: 1:17 - loss: 2.2248 - accuracy: 0.1582
 5500/10000 [===============>..............] - ETA: 1:09 - loss: 2.2178 - accuracy: 0.1678
 6000/10000 [=================>............] - ETA: 1:02 - loss: 2.2121 - accuracy: 0.1663
 6500/10000 [==================>...........] - ETA: 54s - loss: 2.2008 - accuracy: 0.1783 
 7000/10000 [====================>.........] - ETA: 46s - loss: 2.1882 - accuracy: 0.1883
 7500/10000 [=====================>........] - ETA: 38s - loss: 2.1790 - accuracy: 0.1920
 8000/10000 [=======================>......] - ETA: 31s - loss: 2.1693 - accuracy: 0.2000
 8500/10000 [========================>.....] - ETA: 23s - loss: 2.1517 - accuracy: 0.2169
 9000/10000 [==========================>...] - ETA: 15s - loss: 2.1303 - accuracy: 0.2344
 9500/10000 [===========================>..] - ETA: 7s - loss: 2.1113 - accuracy: 0.2414 
10000/10000 [==============================] - 156s 16ms/step - loss: 2.0933 - accuracy: 0.2524 - val_loss: 1.7359 - val_accuracy: 0.3796
Epoch 2/5

  500/10000 [>.............................] - ETA: 2:35 - loss: 1.6579 - accuracy: 0.4060
 1000/10000 [==>...........................] - ETA: 2:27 - loss: 1.7141 - accuracy: 0.3950
 1500/10000 [===>..........................] - ETA: 2:16 - loss: 1.6636 - accuracy: 0.4000
 2000/10000 [=====>........................] - ETA: 2:07 - loss: 1.6629 - accuracy: 0.4005
 2500/10000 [======>.......................] - ETA: 1:58 - loss: 1.6776 - accuracy: 0.4064
 3000/10000 [========>.....................] - ETA: 1:50 - loss: 1.6663 - accuracy: 0.4237
 3500/10000 [=========>....................] - ETA: 1:43 - loss: 1.6289 - accuracy: 0.4403
 4000/10000 [===========>..................] - ETA: 1:35 - loss: 1.6032 - accuracy: 0.4502
 4500/10000 [============>.................] - ETA: 1:26 - loss: 1.6151 - accuracy: 0.4458
 5000/10000 [==============>...............] - ETA: 1:18 - loss: 1.6058 - accuracy: 0.4460
 5500/10000 [===============>..............] - ETA: 1:10 - loss: 1.5991 - accuracy: 0.4473
 6000/10000 [=================>............] - ETA: 1:02 - loss: 1.5938 - accuracy: 0.4455
 6500/10000 [==================>...........] - ETA: 54s - loss: 1.5926 - accuracy: 0.4463 
 7000/10000 [====================>.........] - ETA: 47s - loss: 1.5751 - accuracy: 0.4524
 7500/10000 [=====================>........] - ETA: 39s - loss: 1.5603 - accuracy: 0.4616
 8000/10000 [=======================>......] - ETA: 31s - loss: 1.5528 - accuracy: 0.4666
 8500/10000 [========================>.....] - ETA: 23s - loss: 1.5438 - accuracy: 0.4727
 9000/10000 [==========================>...] - ETA: 15s - loss: 1.5391 - accuracy: 0.4736
 9500/10000 [===========================>..] - ETA: 7s - loss: 1.5386 - accuracy: 0.4787 
10000/10000 [==============================] - 157s 16ms/step - loss: 1.5410 - accuracy: 0.4807 - val_loss: 1.3851 - val_accuracy: 0.5284
Epoch 3/5

  500/10000 [>.............................] - ETA: 2:21 - loss: 1.3754 - accuracy: 0.5160
 1000/10000 [==>...........................] - ETA: 2:15 - loss: 1.3097 - accuracy: 0.5430
 1500/10000 [===>..........................] - ETA: 2:08 - loss: 1.3018 - accuracy: 0.5467
 2000/10000 [=====>........................] - ETA: 2:03 - loss: 1.2954 - accuracy: 0.5535
 2500/10000 [======>.......................] - ETA: 1:56 - loss: 1.2561 - accuracy: 0.5736
 3000/10000 [========>.....................] - ETA: 1:48 - loss: 1.2396 - accuracy: 0.5857
 3500/10000 [=========>....................] - ETA: 1:40 - loss: 1.2396 - accuracy: 0.5814
 4000/10000 [===========>..................] - ETA: 1:32 - loss: 1.2393 - accuracy: 0.5807
 4500/10000 [============>.................] - ETA: 1:24 - loss: 1.2278 - accuracy: 0.5831
 5000/10000 [==============>...............] - ETA: 1:17 - loss: 1.2385 - accuracy: 0.5778
 5500/10000 [===============>..............] - ETA: 1:09 - loss: 1.2456 - accuracy: 0.5775
 6000/10000 [=================>............] - ETA: 1:01 - loss: 1.2354 - accuracy: 0.5802
 6500/10000 [==================>...........] - ETA: 54s - loss: 1.2247 - accuracy: 0.5863 
 7000/10000 [====================>.........] - ETA: 46s - loss: 1.2126 - accuracy: 0.5897
 7500/10000 [=====================>........] - ETA: 38s - loss: 1.2220 - accuracy: 0.5844
 8000/10000 [=======================>......] - ETA: 30s - loss: 1.2107 - accuracy: 0.5910
 8500/10000 [========================>.....] - ETA: 23s - loss: 1.2030 - accuracy: 0.5933
 9000/10000 [==========================>...] - ETA: 15s - loss: 1.1986 - accuracy: 0.5951
 9500/10000 [===========================>..] - ETA: 7s - loss: 1.1931 - accuracy: 0.5988 
10000/10000 [==============================] - 155s 15ms/step - loss: 1.1811 - accuracy: 0.6031 - val_loss: 1.1898 - val_accuracy: 0.6280
Epoch 4/5

  500/10000 [>.............................] - ETA: 2:29 - loss: 1.0577 - accuracy: 0.6640
 1000/10000 [==>...........................] - ETA: 2:18 - loss: 1.1075 - accuracy: 0.6350
 1500/10000 [===>..........................] - ETA: 2:09 - loss: 1.1053 - accuracy: 0.6280
 2000/10000 [=====>........................] - ETA: 2:04 - loss: 1.0777 - accuracy: 0.6265
 2500/10000 [======>.......................] - ETA: 1:57 - loss: 1.0619 - accuracy: 0.6308
 3000/10000 [========>.....................] - ETA: 1:49 - loss: 1.0513 - accuracy: 0.6407
 3500/10000 [=========>....................] - ETA: 1:41 - loss: 1.0339 - accuracy: 0.6509
 4000/10000 [===========>..................] - ETA: 1:33 - loss: 1.0255 - accuracy: 0.6562
 4500/10000 [============>.................] - ETA: 1:25 - loss: 1.0194 - accuracy: 0.6596
 5000/10000 [==============>...............] - ETA: 1:17 - loss: 1.0256 - accuracy: 0.6592
 5500/10000 [===============>..............] - ETA: 1:09 - loss: 1.0070 - accuracy: 0.6673
 6000/10000 [=================>............] - ETA: 1:01 - loss: 1.0016 - accuracy: 0.6672
 6500/10000 [==================>...........] - ETA: 53s - loss: 0.9966 - accuracy: 0.6683 
 7000/10000 [====================>.........] - ETA: 46s - loss: 0.9939 - accuracy: 0.6689
 7500/10000 [=====================>........] - ETA: 38s - loss: 0.9942 - accuracy: 0.6723
 8000/10000 [=======================>......] - ETA: 30s - loss: 0.9870 - accuracy: 0.6730
 8500/10000 [========================>.....] - ETA: 23s - loss: 0.9774 - accuracy: 0.6764
 9000/10000 [==========================>...] - ETA: 15s - loss: 0.9790 - accuracy: 0.6750
 9500/10000 [===========================>..] - ETA: 7s - loss: 0.9818 - accuracy: 0.6741 
10000/10000 [==============================] - 154s 15ms/step - loss: 0.9788 - accuracy: 0.6743 - val_loss: 1.0774 - val_accuracy: 0.6572
Epoch 5/5

  500/10000 [>.............................] - ETA: 2:18 - loss: 0.9339 - accuracy: 0.6920
 1000/10000 [==>...........................] - ETA: 2:15 - loss: 0.8830 - accuracy: 0.7320
 1500/10000 [===>..........................] - ETA: 2:06 - loss: 0.8493 - accuracy: 0.7340
 2000/10000 [=====>........................] - ETA: 1:59 - loss: 0.8585 - accuracy: 0.7255
 2500/10000 [======>.......................] - ETA: 1:51 - loss: 0.8760 - accuracy: 0.7228
 3000/10000 [========>.....................] - ETA: 1:44 - loss: 0.8777 - accuracy: 0.7217
 3500/10000 [=========>....................] - ETA: 1:36 - loss: 0.8887 - accuracy: 0.7157
 4000/10000 [===========>..................] - ETA: 1:29 - loss: 0.9291 - accuracy: 0.7007
 4500/10000 [============>.................] - ETA: 1:22 - loss: 0.9380 - accuracy: 0.6976
 5000/10000 [==============>...............] - ETA: 1:15 - loss: 0.9319 - accuracy: 0.6972
 5500/10000 [===============>..............] - ETA: 1:08 - loss: 0.9127 - accuracy: 0.6998
 6000/10000 [=================>............] - ETA: 1:00 - loss: 0.9131 - accuracy: 0.6980
 6500/10000 [==================>...........] - ETA: 53s - loss: 0.9097 - accuracy: 0.6989 
 7000/10000 [====================>.........] - ETA: 45s - loss: 0.9030 - accuracy: 0.7024
 7500/10000 [=====================>........] - ETA: 38s - loss: 0.9010 - accuracy: 0.7013
 8000/10000 [=======================>......] - ETA: 30s - loss: 0.8919 - accuracy: 0.7065
 8500/10000 [========================>.....] - ETA: 22s - loss: 0.8917 - accuracy: 0.7058
 9000/10000 [==========================>...] - ETA: 15s - loss: 0.8957 - accuracy: 0.7042
 9500/10000 [===========================>..] - ETA: 7s - loss: 0.8903 - accuracy: 0.7061 
10000/10000 [==============================] - 153s 15ms/step - loss: 0.8898 - accuracy: 0.7059 - val_loss: 0.9288 - val_accuracy: 0.6812
Latency --- 777.9021654129028 seconds ---
For delta=0.000100, the current epsilon is: 4.0678
=====================Iteration========================== 7
For delta=0.000100, the current epsilon is: 4.0678
Noise Mutiplier 1
loss= <keras.losses.CategoricalCrossentropy object at 0x1019d86fd0>
in grads Tensor("loss_6/mul:0", shape=(?,), dtype=float32)
Train on 10000 samples, validate on 2500 samples
Epoch 1/5

  500/10000 [>.............................] - ETA: 2:34 - loss: 2.2978 - accuracy: 0.1200
 1000/10000 [==>...........................] - ETA: 2:24 - loss: 2.2863 - accuracy: 0.1370
 1500/10000 [===>..........................] - ETA: 2:13 - loss: 2.2765 - accuracy: 0.1467
 2000/10000 [=====>........................] - ETA: 2:06 - loss: 2.2617 - accuracy: 0.1610
 2500/10000 [======>.......................] - ETA: 1:58 - loss: 2.2557 - accuracy: 0.1844
 3000/10000 [========>.....................] - ETA: 1:50 - loss: 2.2433 - accuracy: 0.1907
 3500/10000 [=========>....................] - ETA: 1:41 - loss: 2.2333 - accuracy: 0.1951
 4000/10000 [===========>..................] - ETA: 1:34 - loss: 2.2225 - accuracy: 0.2118
 4500/10000 [============>.................] - ETA: 1:26 - loss: 2.2079 - accuracy: 0.2278
 5000/10000 [==============>...............] - ETA: 1:18 - loss: 2.1989 - accuracy: 0.2332
 5500/10000 [===============>..............] - ETA: 1:10 - loss: 2.1913 - accuracy: 0.2333
 6000/10000 [=================>............] - ETA: 1:02 - loss: 2.1836 - accuracy: 0.2363
 6500/10000 [==================>...........] - ETA: 54s - loss: 2.1721 - accuracy: 0.2386 
 7000/10000 [====================>.........] - ETA: 47s - loss: 2.1604 - accuracy: 0.2491
 7500/10000 [=====================>........] - ETA: 39s - loss: 2.1446 - accuracy: 0.2603
 8000/10000 [=======================>......] - ETA: 31s - loss: 2.1254 - accuracy: 0.2695
 8500/10000 [========================>.....] - ETA: 23s - loss: 2.1079 - accuracy: 0.2795
 9000/10000 [==========================>...] - ETA: 15s - loss: 2.0876 - accuracy: 0.2917
 9500/10000 [===========================>..] - ETA: 7s - loss: 2.0723 - accuracy: 0.2942 
10000/10000 [==============================] - 157s 16ms/step - loss: 2.0614 - accuracy: 0.2986 - val_loss: 1.9040 - val_accuracy: 0.3280
Epoch 2/5

  500/10000 [>.............................] - ETA: 2:31 - loss: 2.0214 - accuracy: 0.2580
 1000/10000 [==>...........................] - ETA: 2:14 - loss: 1.9061 - accuracy: 0.3560
 1500/10000 [===>..........................] - ETA: 2:12 - loss: 1.9352 - accuracy: 0.3293
 2000/10000 [=====>........................] - ETA: 2:05 - loss: 1.8855 - accuracy: 0.3515
 2500/10000 [======>.......................] - ETA: 1:58 - loss: 1.8694 - accuracy: 0.3572
 3000/10000 [========>.....................] - ETA: 1:49 - loss: 1.8504 - accuracy: 0.3687
 3500/10000 [=========>....................] - ETA: 1:41 - loss: 1.8298 - accuracy: 0.3763
 4000/10000 [===========>..................] - ETA: 1:34 - loss: 1.8060 - accuracy: 0.3770
 4500/10000 [============>.................] - ETA: 1:25 - loss: 1.7828 - accuracy: 0.3960
 5000/10000 [==============>...............] - ETA: 1:17 - loss: 1.7652 - accuracy: 0.4006
 5500/10000 [===============>..............] - ETA: 1:09 - loss: 1.7832 - accuracy: 0.3844
 6000/10000 [=================>............] - ETA: 1:01 - loss: 1.7712 - accuracy: 0.3930
 6500/10000 [==================>...........] - ETA: 54s - loss: 1.7538 - accuracy: 0.4015 
 7000/10000 [====================>.........] - ETA: 46s - loss: 1.7457 - accuracy: 0.4070
 7500/10000 [=====================>........] - ETA: 38s - loss: 1.7305 - accuracy: 0.4100
 8000/10000 [=======================>......] - ETA: 30s - loss: 1.7178 - accuracy: 0.4123
 8500/10000 [========================>.....] - ETA: 23s - loss: 1.7016 - accuracy: 0.4221
 9000/10000 [==========================>...] - ETA: 15s - loss: 1.6870 - accuracy: 0.4271
 9500/10000 [===========================>..] - ETA: 7s - loss: 1.6698 - accuracy: 0.4329 
10000/10000 [==============================] - 155s 15ms/step - loss: 1.6639 - accuracy: 0.4346 - val_loss: 1.3821 - val_accuracy: 0.5564
Epoch 3/5

  500/10000 [>.............................] - ETA: 2:33 - loss: 1.4178 - accuracy: 0.5100
 1000/10000 [==>...........................] - ETA: 2:18 - loss: 1.4201 - accuracy: 0.5170
 1500/10000 [===>..........................] - ETA: 2:09 - loss: 1.3808 - accuracy: 0.5400
 2000/10000 [=====>........................] - ETA: 2:02 - loss: 1.3547 - accuracy: 0.5470
 2500/10000 [======>.......................] - ETA: 1:55 - loss: 1.3430 - accuracy: 0.5468
 3000/10000 [========>.....................] - ETA: 1:48 - loss: 1.3295 - accuracy: 0.5477
 3500/10000 [=========>....................] - ETA: 1:40 - loss: 1.3294 - accuracy: 0.5557
 4000/10000 [===========>..................] - ETA: 1:32 - loss: 1.3127 - accuracy: 0.5605
 4500/10000 [============>.................] - ETA: 1:25 - loss: 1.2920 - accuracy: 0.5696
 5000/10000 [==============>...............] - ETA: 1:17 - loss: 1.2797 - accuracy: 0.5740
 5500/10000 [===============>..............] - ETA: 1:09 - loss: 1.2696 - accuracy: 0.5782
 6000/10000 [=================>............] - ETA: 1:01 - loss: 1.2485 - accuracy: 0.5868
 6500/10000 [==================>...........] - ETA: 54s - loss: 1.2243 - accuracy: 0.5951 
 7000/10000 [====================>.........] - ETA: 46s - loss: 1.2115 - accuracy: 0.6019
 7500/10000 [=====================>........] - ETA: 38s - loss: 1.2142 - accuracy: 0.6016
 8000/10000 [=======================>......] - ETA: 31s - loss: 1.2023 - accuracy: 0.6077
 8500/10000 [========================>.....] - ETA: 23s - loss: 1.1987 - accuracy: 0.6101
 9000/10000 [==========================>...] - ETA: 15s - loss: 1.1890 - accuracy: 0.6132
 9500/10000 [===========================>..] - ETA: 7s - loss: 1.1849 - accuracy: 0.6145 
10000/10000 [==============================] - 155s 16ms/step - loss: 1.1709 - accuracy: 0.6202 - val_loss: 1.1303 - val_accuracy: 0.6224
Epoch 4/5

  500/10000 [>.............................] - ETA: 2:20 - loss: 1.0451 - accuracy: 0.6380
 1000/10000 [==>...........................] - ETA: 2:13 - loss: 1.0389 - accuracy: 0.6630
 1500/10000 [===>..........................] - ETA: 2:07 - loss: 1.0191 - accuracy: 0.6660
 2000/10000 [=====>........................] - ETA: 2:00 - loss: 0.9930 - accuracy: 0.6735
 2500/10000 [======>.......................] - ETA: 1:52 - loss: 0.9678 - accuracy: 0.6832
 3000/10000 [========>.....................] - ETA: 1:45 - loss: 0.9500 - accuracy: 0.6917
 3500/10000 [=========>....................] - ETA: 1:38 - loss: 0.9428 - accuracy: 0.6943
 4000/10000 [===========>..................] - ETA: 1:31 - loss: 0.9354 - accuracy: 0.7003
 4500/10000 [============>.................] - ETA: 1:23 - loss: 0.9239 - accuracy: 0.7049
 5000/10000 [==============>...............] - ETA: 1:16 - loss: 0.9053 - accuracy: 0.7098
 5500/10000 [===============>..............] - ETA: 1:08 - loss: 0.8996 - accuracy: 0.7109
 6000/10000 [=================>............] - ETA: 1:01 - loss: 0.9070 - accuracy: 0.7087
 6500/10000 [==================>...........] - ETA: 53s - loss: 0.9073 - accuracy: 0.7089 
 7000/10000 [====================>.........] - ETA: 46s - loss: 0.8933 - accuracy: 0.7130
 7500/10000 [=====================>........] - ETA: 38s - loss: 0.8845 - accuracy: 0.7155
 8000/10000 [=======================>......] - ETA: 30s - loss: 0.8905 - accuracy: 0.7136
 8500/10000 [========================>.....] - ETA: 23s - loss: 0.8917 - accuracy: 0.7139
 9000/10000 [==========================>...] - ETA: 15s - loss: 0.8849 - accuracy: 0.7159
 9500/10000 [===========================>..] - ETA: 7s - loss: 0.8819 - accuracy: 0.7152 
10000/10000 [==============================] - 154s 15ms/step - loss: 0.8901 - accuracy: 0.7124 - val_loss: 0.8681 - val_accuracy: 0.7092
Epoch 5/5

  500/10000 [>.............................] - ETA: 2:23 - loss: 0.7670 - accuracy: 0.7760
 1000/10000 [==>...........................] - ETA: 2:22 - loss: 0.7597 - accuracy: 0.7610
 1500/10000 [===>..........................] - ETA: 2:13 - loss: 0.7685 - accuracy: 0.7513
 2000/10000 [=====>........................] - ETA: 2:04 - loss: 0.7473 - accuracy: 0.7600
 2500/10000 [======>.......................] - ETA: 1:58 - loss: 0.7385 - accuracy: 0.7576
 3000/10000 [========>.....................] - ETA: 1:49 - loss: 0.7303 - accuracy: 0.7623
 3500/10000 [=========>....................] - ETA: 1:41 - loss: 0.7251 - accuracy: 0.7634
 4000/10000 [===========>..................] - ETA: 1:33 - loss: 0.7421 - accuracy: 0.7617
 4500/10000 [============>.................] - ETA: 1:25 - loss: 0.7474 - accuracy: 0.7604
 5000/10000 [==============>...............] - ETA: 1:18 - loss: 0.7584 - accuracy: 0.7570
 5500/10000 [===============>..............] - ETA: 1:09 - loss: 0.7548 - accuracy: 0.7578
 6000/10000 [=================>............] - ETA: 1:01 - loss: 0.7411 - accuracy: 0.7607
 6500/10000 [==================>...........] - ETA: 54s - loss: 0.7329 - accuracy: 0.7634 
 7000/10000 [====================>.........] - ETA: 46s - loss: 0.7309 - accuracy: 0.7654
 7500/10000 [=====================>........] - ETA: 38s - loss: 0.7287 - accuracy: 0.7665
 8000/10000 [=======================>......] - ETA: 30s - loss: 0.7302 - accuracy: 0.7676
 8500/10000 [========================>.....] - ETA: 23s - loss: 0.7343 - accuracy: 0.7672
 9000/10000 [==========================>...] - ETA: 15s - loss: 0.7310 - accuracy: 0.7678
 9500/10000 [===========================>..] - ETA: 7s - loss: 0.7252 - accuracy: 0.7693 
10000/10000 [==============================] - 155s 15ms/step - loss: 0.7219 - accuracy: 0.7704 - val_loss: 0.7929 - val_accuracy: 0.7472
Latency --- 779.3756923675537 seconds ---
For delta=0.000100, the current epsilon is: 4.0678
Saving model with new accuracy, previous accuracy was 0.7598000168800354 and present is 0.7703999876976013
Saved model to disk
=====================Iteration========================== 8
For delta=0.000100, the current epsilon is: 4.0678
Noise Mutiplier 1
loss= <keras.losses.CategoricalCrossentropy object at 0x101a44b190>
in grads Tensor("loss_7/mul:0", shape=(?,), dtype=float32)
Train on 10000 samples, validate on 2500 samples
Epoch 1/5

  500/10000 [>.............................] - ETA: 2:41 - loss: 2.3290 - accuracy: 0.0680
 1000/10000 [==>...........................] - ETA: 2:26 - loss: 2.3081 - accuracy: 0.0910
 1500/10000 [===>..........................] - ETA: 2:15 - loss: 2.2940 - accuracy: 0.1087
 2000/10000 [=====>........................] - ETA: 2:04 - loss: 2.2835 - accuracy: 0.1045
 2500/10000 [======>.......................] - ETA: 1:57 - loss: 2.2695 - accuracy: 0.1368
 3000/10000 [========>.....................] - ETA: 1:48 - loss: 2.2655 - accuracy: 0.1450
 3500/10000 [=========>....................] - ETA: 1:40 - loss: 2.2551 - accuracy: 0.1563
 4000/10000 [===========>..................] - ETA: 1:32 - loss: 2.2409 - accuracy: 0.1650
 4500/10000 [============>.................] - ETA: 1:25 - loss: 2.2272 - accuracy: 0.1802
 5000/10000 [==============>...............] - ETA: 1:17 - loss: 2.2159 - accuracy: 0.1864
 5500/10000 [===============>..............] - ETA: 1:09 - loss: 2.2013 - accuracy: 0.2062
 6000/10000 [=================>............] - ETA: 1:02 - loss: 2.1919 - accuracy: 0.2032
 6500/10000 [==================>...........] - ETA: 54s - loss: 2.1835 - accuracy: 0.2098 
 7000/10000 [====================>.........] - ETA: 46s - loss: 2.1664 - accuracy: 0.2186
 7500/10000 [=====================>........] - ETA: 39s - loss: 2.1518 - accuracy: 0.2281
 8000/10000 [=======================>......] - ETA: 31s - loss: 2.1367 - accuracy: 0.2313
 8500/10000 [========================>.....] - ETA: 23s - loss: 2.1233 - accuracy: 0.2393
 9000/10000 [==========================>...] - ETA: 15s - loss: 2.1035 - accuracy: 0.2532
 9500/10000 [===========================>..] - ETA: 7s - loss: 2.0831 - accuracy: 0.2627 
10000/10000 [==============================] - 157s 16ms/step - loss: 2.0688 - accuracy: 0.2667 - val_loss: 1.8027 - val_accuracy: 0.4100
Epoch 2/5

  500/10000 [>.............................] - ETA: 2:27 - loss: 1.6835 - accuracy: 0.4840
 1000/10000 [==>...........................] - ETA: 2:18 - loss: 1.6223 - accuracy: 0.5400
 1500/10000 [===>..........................] - ETA: 2:09 - loss: 1.6164 - accuracy: 0.5180
 2000/10000 [=====>........................] - ETA: 2:02 - loss: 1.6630 - accuracy: 0.4830
 2500/10000 [======>.......................] - ETA: 1:54 - loss: 1.6708 - accuracy: 0.4724
 3000/10000 [========>.....................] - ETA: 1:47 - loss: 1.6434 - accuracy: 0.4840
 3500/10000 [=========>....................] - ETA: 1:40 - loss: 1.6246 - accuracy: 0.4831
 4000/10000 [===========>..................] - ETA: 1:31 - loss: 1.6281 - accuracy: 0.4830
 4500/10000 [============>.................] - ETA: 1:24 - loss: 1.6053 - accuracy: 0.4856
 5000/10000 [==============>...............] - ETA: 1:16 - loss: 1.6047 - accuracy: 0.4842
 5500/10000 [===============>..............] - ETA: 1:08 - loss: 1.6043 - accuracy: 0.4836
 6000/10000 [=================>............] - ETA: 1:01 - loss: 1.5782 - accuracy: 0.4957
 6500/10000 [==================>...........] - ETA: 53s - loss: 1.5814 - accuracy: 0.4918 
 7000/10000 [====================>.........] - ETA: 45s - loss: 1.5575 - accuracy: 0.5006
 7500/10000 [=====================>........] - ETA: 38s - loss: 1.5591 - accuracy: 0.5011
 8000/10000 [=======================>......] - ETA: 30s - loss: 1.5488 - accuracy: 0.5059
 8500/10000 [========================>.....] - ETA: 23s - loss: 1.5309 - accuracy: 0.5156
 9000/10000 [==========================>...] - ETA: 15s - loss: 1.5114 - accuracy: 0.5230
 9500/10000 [===========================>..] - ETA: 7s - loss: 1.5025 - accuracy: 0.5271 
10000/10000 [==============================] - 154s 15ms/step - loss: 1.4923 - accuracy: 0.5275 - val_loss: 1.2618 - val_accuracy: 0.5792
Epoch 3/5

  500/10000 [>.............................] - ETA: 2:23 - loss: 1.0970 - accuracy: 0.6300
 1000/10000 [==>...........................] - ETA: 2:18 - loss: 1.2023 - accuracy: 0.6100
 1500/10000 [===>..........................] - ETA: 2:11 - loss: 1.1437 - accuracy: 0.6333
 2000/10000 [=====>........................] - ETA: 2:04 - loss: 1.1673 - accuracy: 0.6185
 2500/10000 [======>.......................] - ETA: 1:56 - loss: 1.1701 - accuracy: 0.6132
 3000/10000 [========>.....................] - ETA: 1:48 - loss: 1.1814 - accuracy: 0.6083
 3500/10000 [=========>....................] - ETA: 1:40 - loss: 1.1620 - accuracy: 0.6200
 4000/10000 [===========>..................] - ETA: 1:33 - loss: 1.1755 - accuracy: 0.6200
 4500/10000 [============>.................] - ETA: 1:25 - loss: 1.1731 - accuracy: 0.6240
 5000/10000 [==============>...............] - ETA: 1:18 - loss: 1.1649 - accuracy: 0.6262
 5500/10000 [===============>..............] - ETA: 1:10 - loss: 1.1581 - accuracy: 0.6265
 6000/10000 [=================>............] - ETA: 1:02 - loss: 1.1543 - accuracy: 0.6257
 6500/10000 [==================>...........] - ETA: 54s - loss: 1.1473 - accuracy: 0.6275 
 7000/10000 [====================>.........] - ETA: 46s - loss: 1.1280 - accuracy: 0.6334
 7500/10000 [=====================>........] - ETA: 38s - loss: 1.1104 - accuracy: 0.6403
 8000/10000 [=======================>......] - ETA: 30s - loss: 1.1033 - accuracy: 0.6428
 8500/10000 [========================>.....] - ETA: 23s - loss: 1.0913 - accuracy: 0.6475
 9000/10000 [==========================>...] - ETA: 15s - loss: 1.0828 - accuracy: 0.6490
 9500/10000 [===========================>..] - ETA: 7s - loss: 1.0799 - accuracy: 0.6512 
10000/10000 [==============================] - 154s 15ms/step - loss: 1.0753 - accuracy: 0.6519 - val_loss: 0.9545 - val_accuracy: 0.6900
Epoch 4/5

  500/10000 [>.............................] - ETA: 2:20 - loss: 0.8736 - accuracy: 0.7420
 1000/10000 [==>...........................] - ETA: 2:17 - loss: 0.9265 - accuracy: 0.7090
 1500/10000 [===>..........................] - ETA: 2:10 - loss: 0.9468 - accuracy: 0.7000
 2000/10000 [=====>........................] - ETA: 2:03 - loss: 0.9288 - accuracy: 0.7045
 2500/10000 [======>.......................] - ETA: 1:56 - loss: 0.9589 - accuracy: 0.6992
 3000/10000 [========>.....................] - ETA: 1:48 - loss: 0.9721 - accuracy: 0.6940
 3500/10000 [=========>....................] - ETA: 1:40 - loss: 0.9598 - accuracy: 0.6960
 4000/10000 [===========>..................] - ETA: 1:32 - loss: 0.9442 - accuracy: 0.7025
 4500/10000 [============>.................] - ETA: 1:24 - loss: 0.9523 - accuracy: 0.6991
 5000/10000 [==============>...............] - ETA: 1:16 - loss: 0.9328 - accuracy: 0.7062
 5500/10000 [===============>..............] - ETA: 1:09 - loss: 0.9258 - accuracy: 0.7067
 6000/10000 [=================>............] - ETA: 1:01 - loss: 0.9045 - accuracy: 0.7112
 6500/10000 [==================>...........] - ETA: 54s - loss: 0.9060 - accuracy: 0.7098 
 7000/10000 [====================>.........] - ETA: 46s - loss: 0.9061 - accuracy: 0.7090
 7500/10000 [=====================>........] - ETA: 38s - loss: 0.9033 - accuracy: 0.7089
 8000/10000 [=======================>......] - ETA: 30s - loss: 0.8937 - accuracy: 0.7115
 8500/10000 [========================>.....] - ETA: 23s - loss: 0.8834 - accuracy: 0.7152
 9000/10000 [==========================>...] - ETA: 15s - loss: 0.8818 - accuracy: 0.7152
 9500/10000 [===========================>..] - ETA: 7s - loss: 0.8733 - accuracy: 0.7181 
10000/10000 [==============================] - 155s 15ms/step - loss: 0.8679 - accuracy: 0.7201 - val_loss: 0.8883 - val_accuracy: 0.7224
Epoch 5/5

  500/10000 [>.............................] - ETA: 2:29 - loss: 0.7870 - accuracy: 0.7580
 1000/10000 [==>...........................] - ETA: 2:18 - loss: 0.7721 - accuracy: 0.7530
 1500/10000 [===>..........................] - ETA: 2:09 - loss: 0.7342 - accuracy: 0.7607
 2000/10000 [=====>........................] - ETA: 2:01 - loss: 0.7383 - accuracy: 0.7605
 2500/10000 [======>.......................] - ETA: 1:53 - loss: 0.7671 - accuracy: 0.7500
 3000/10000 [========>.....................] - ETA: 1:45 - loss: 0.7814 - accuracy: 0.7460
 3500/10000 [=========>....................] - ETA: 1:38 - loss: 0.7948 - accuracy: 0.7406
 4000/10000 [===========>..................] - ETA: 1:31 - loss: 0.7907 - accuracy: 0.7435
 4500/10000 [============>.................] - ETA: 1:24 - loss: 0.7944 - accuracy: 0.7453
 5000/10000 [==============>...............] - ETA: 1:17 - loss: 0.7993 - accuracy: 0.7440
 5500/10000 [===============>..............] - ETA: 1:09 - loss: 0.7996 - accuracy: 0.7449
 6000/10000 [=================>............] - ETA: 1:01 - loss: 0.7911 - accuracy: 0.7483
 6500/10000 [==================>...........] - ETA: 54s - loss: 0.7868 - accuracy: 0.7495 
 7000/10000 [====================>.........] - ETA: 46s - loss: 0.7770 - accuracy: 0.7500
 7500/10000 [=====================>........] - ETA: 38s - loss: 0.7729 - accuracy: 0.7511
 8000/10000 [=======================>......] - ETA: 30s - loss: 0.7612 - accuracy: 0.7563
 8500/10000 [========================>.....] - ETA: 23s - loss: 0.7704 - accuracy: 0.7546
 9000/10000 [==========================>...] - ETA: 15s - loss: 0.7671 - accuracy: 0.7564
 9500/10000 [===========================>..] - ETA: 7s - loss: 0.7558 - accuracy: 0.7603 
10000/10000 [==============================] - 156s 16ms/step - loss: 0.7484 - accuracy: 0.7626 - val_loss: 0.6990 - val_accuracy: 0.7652
Latency --- 779.5236029624939 seconds ---
For delta=0.000100, the current epsilon is: 4.0678
=====================Iteration========================== 9
For delta=0.000100, the current epsilon is: 4.0678
Noise Mutiplier 1
loss= <keras.losses.CategoricalCrossentropy object at 0x101a5bd890>
in grads Tensor("loss_8/mul:0", shape=(?,), dtype=float32)
Train on 10000 samples, validate on 2500 samples
Epoch 1/5

  500/10000 [>.............................] - ETA: 2:38 - loss: 2.3180 - accuracy: 0.1420
 1000/10000 [==>...........................] - ETA: 2:24 - loss: 2.3051 - accuracy: 0.1820
 1500/10000 [===>..........................] - ETA: 2:15 - loss: 2.2973 - accuracy: 0.1713
 2000/10000 [=====>........................] - ETA: 2:06 - loss: 2.2866 - accuracy: 0.1665
 2500/10000 [======>.......................] - ETA: 1:56 - loss: 2.2719 - accuracy: 0.1812
 3000/10000 [========>.....................] - ETA: 1:47 - loss: 2.2621 - accuracy: 0.1730
 3500/10000 [=========>....................] - ETA: 1:41 - loss: 2.2518 - accuracy: 0.1826
 4000/10000 [===========>..................] - ETA: 1:33 - loss: 2.2424 - accuracy: 0.1875
 4500/10000 [============>.................] - ETA: 1:25 - loss: 2.2314 - accuracy: 0.2016
 5000/10000 [==============>...............] - ETA: 1:18 - loss: 2.2207 - accuracy: 0.2134
 5500/10000 [===============>..............] - ETA: 1:10 - loss: 2.2105 - accuracy: 0.2155
 6000/10000 [=================>............] - ETA: 1:02 - loss: 2.1988 - accuracy: 0.2270
 6500/10000 [==================>...........] - ETA: 54s - loss: 2.1833 - accuracy: 0.2331 
 7000/10000 [====================>.........] - ETA: 46s - loss: 2.1648 - accuracy: 0.2439
 7500/10000 [=====================>........] - ETA: 38s - loss: 2.1567 - accuracy: 0.2505
 8000/10000 [=======================>......] - ETA: 31s - loss: 2.1550 - accuracy: 0.2520
 8500/10000 [========================>.....] - ETA: 23s - loss: 2.1448 - accuracy: 0.2539
 9000/10000 [==========================>...] - ETA: 15s - loss: 2.1368 - accuracy: 0.2610
 9500/10000 [===========================>..] - ETA: 7s - loss: 2.1216 - accuracy: 0.2688 
10000/10000 [==============================] - 156s 16ms/step - loss: 2.1050 - accuracy: 0.2744 - val_loss: 1.8104 - val_accuracy: 0.4132
Epoch 2/5

  500/10000 [>.............................] - ETA: 2:29 - loss: 1.7908 - accuracy: 0.4220
 1000/10000 [==>...........................] - ETA: 2:20 - loss: 1.8283 - accuracy: 0.3950
 1500/10000 [===>..........................] - ETA: 2:12 - loss: 1.8280 - accuracy: 0.4060
 2000/10000 [=====>........................] - ETA: 2:02 - loss: 1.8780 - accuracy: 0.3925
 2500/10000 [======>.......................] - ETA: 1:55 - loss: 1.8429 - accuracy: 0.3936
 3000/10000 [========>.....................] - ETA: 1:49 - loss: 1.8271 - accuracy: 0.3913
 3500/10000 [=========>....................] - ETA: 1:41 - loss: 1.8205 - accuracy: 0.3971
 4000/10000 [===========>..................] - ETA: 1:33 - loss: 1.7781 - accuracy: 0.4200
 4500/10000 [============>.................] - ETA: 1:25 - loss: 1.7557 - accuracy: 0.4273
 5000/10000 [==============>...............] - ETA: 1:17 - loss: 1.7449 - accuracy: 0.4394
 5500/10000 [===============>..............] - ETA: 1:10 - loss: 1.7253 - accuracy: 0.4429
 6000/10000 [=================>............] - ETA: 1:02 - loss: 1.7095 - accuracy: 0.4450
 6500/10000 [==================>...........] - ETA: 54s - loss: 1.7006 - accuracy: 0.4485 
 7000/10000 [====================>.........] - ETA: 46s - loss: 1.6937 - accuracy: 0.4507
 7500/10000 [=====================>........] - ETA: 39s - loss: 1.6731 - accuracy: 0.4571
 8000/10000 [=======================>......] - ETA: 31s - loss: 1.6476 - accuracy: 0.4667
 8500/10000 [========================>.....] - ETA: 23s - loss: 1.6348 - accuracy: 0.4685
 9000/10000 [==========================>...] - ETA: 15s - loss: 1.6205 - accuracy: 0.4751
 9500/10000 [===========================>..] - ETA: 7s - loss: 1.6003 - accuracy: 0.4834 
10000/10000 [==============================] - 156s 16ms/step - loss: 1.5963 - accuracy: 0.4838 - val_loss: 1.4583 - val_accuracy: 0.5228
Epoch 3/5

  500/10000 [>.............................] - ETA: 2:23 - loss: 1.3099 - accuracy: 0.5720
 1000/10000 [==>...........................] - ETA: 2:15 - loss: 1.2461 - accuracy: 0.5940
 1500/10000 [===>..........................] - ETA: 2:07 - loss: 1.2044 - accuracy: 0.6033
 2000/10000 [=====>........................] - ETA: 1:59 - loss: 1.2796 - accuracy: 0.5780
 2500/10000 [======>.......................] - ETA: 1:53 - loss: 1.2431 - accuracy: 0.5992
 3000/10000 [========>.....................] - ETA: 1:45 - loss: 1.2436 - accuracy: 0.5957
 3500/10000 [=========>....................] - ETA: 1:38 - loss: 1.2382 - accuracy: 0.6003
 4000/10000 [===========>..................] - ETA: 1:31 - loss: 1.2412 - accuracy: 0.5985
 4500/10000 [============>.................] - ETA: 1:24 - loss: 1.2276 - accuracy: 0.6038
 5000/10000 [==============>...............] - ETA: 1:16 - loss: 1.2014 - accuracy: 0.6142
 5500/10000 [===============>..............] - ETA: 1:09 - loss: 1.1898 - accuracy: 0.6175
 6000/10000 [=================>............] - ETA: 1:01 - loss: 1.1866 - accuracy: 0.6190
 6500/10000 [==================>...........] - ETA: 53s - loss: 1.1789 - accuracy: 0.6202 
 7000/10000 [====================>.........] - ETA: 46s - loss: 1.1811 - accuracy: 0.6189
 7500/10000 [=====================>........] - ETA: 38s - loss: 1.1856 - accuracy: 0.6165
 8000/10000 [=======================>......] - ETA: 30s - loss: 1.1929 - accuracy: 0.6137
 8500/10000 [========================>.....] - ETA: 22s - loss: 1.1855 - accuracy: 0.6162
 9000/10000 [==========================>...] - ETA: 15s - loss: 1.1857 - accuracy: 0.6168
 9500/10000 [===========================>..] - ETA: 7s - loss: 1.1801 - accuracy: 0.6189 
10000/10000 [==============================] - 154s 15ms/step - loss: 1.1769 - accuracy: 0.6181 - val_loss: 1.4254 - val_accuracy: 0.5496
Epoch 4/5

  500/10000 [>.............................] - ETA: 2:29 - loss: 1.2834 - accuracy: 0.5780
 1000/10000 [==>...........................] - ETA: 2:15 - loss: 1.1608 - accuracy: 0.6330
 1500/10000 [===>..........................] - ETA: 2:09 - loss: 1.1143 - accuracy: 0.6413
 2000/10000 [=====>........................] - ETA: 2:00 - loss: 1.0978 - accuracy: 0.6455
 2500/10000 [======>.......................] - ETA: 1:52 - loss: 1.0767 - accuracy: 0.6628
 3000/10000 [========>.....................] - ETA: 1:45 - loss: 1.0341 - accuracy: 0.6760
 3500/10000 [=========>....................] - ETA: 1:38 - loss: 1.0158 - accuracy: 0.6711
 4000/10000 [===========>..................] - ETA: 1:30 - loss: 0.9972 - accuracy: 0.6858
 4500/10000 [============>.................] - ETA: 1:23 - loss: 0.9785 - accuracy: 0.6907
 5000/10000 [==============>...............] - ETA: 1:15 - loss: 0.9635 - accuracy: 0.6952
 5500/10000 [===============>..............] - ETA: 1:08 - loss: 0.9726 - accuracy: 0.6907
 6000/10000 [=================>............] - ETA: 1:00 - loss: 0.9664 - accuracy: 0.6935
 6500/10000 [==================>...........] - ETA: 53s - loss: 0.9763 - accuracy: 0.6922 
 7000/10000 [====================>.........] - ETA: 45s - loss: 0.9741 - accuracy: 0.6933
 7500/10000 [=====================>........] - ETA: 38s - loss: 0.9692 - accuracy: 0.6944
 8000/10000 [=======================>......] - ETA: 30s - loss: 0.9632 - accuracy: 0.6957
 8500/10000 [========================>.....] - ETA: 22s - loss: 0.9730 - accuracy: 0.6926
 9000/10000 [==========================>...] - ETA: 15s - loss: 0.9627 - accuracy: 0.6967
 9500/10000 [===========================>..] - ETA: 7s - loss: 0.9684 - accuracy: 0.6937 
10000/10000 [==============================] - 153s 15ms/step - loss: 0.9724 - accuracy: 0.6915 - val_loss: 1.1605 - val_accuracy: 0.6296
Epoch 5/5

  500/10000 [>.............................] - ETA: 2:30 - loss: 0.9894 - accuracy: 0.6820
 1000/10000 [==>...........................] - ETA: 2:23 - loss: 0.8955 - accuracy: 0.7110
 1500/10000 [===>..........................] - ETA: 2:13 - loss: 0.8404 - accuracy: 0.7280
 2000/10000 [=====>........................] - ETA: 2:05 - loss: 0.8229 - accuracy: 0.7305
 2500/10000 [======>.......................] - ETA: 1:56 - loss: 0.8137 - accuracy: 0.7340
 3000/10000 [========>.....................] - ETA: 1:49 - loss: 0.8200 - accuracy: 0.7333
 3500/10000 [=========>....................] - ETA: 1:41 - loss: 0.8184 - accuracy: 0.7366
 4000/10000 [===========>..................] - ETA: 1:33 - loss: 0.8483 - accuracy: 0.7280
 4500/10000 [============>.................] - ETA: 1:26 - loss: 0.8580 - accuracy: 0.7244
 5000/10000 [==============>...............] - ETA: 1:18 - loss: 0.8597 - accuracy: 0.7220
 5500/10000 [===============>..............] - ETA: 1:10 - loss: 0.8402 - accuracy: 0.7307
 6000/10000 [=================>............] - ETA: 1:02 - loss: 0.8385 - accuracy: 0.7288
 6500/10000 [==================>...........] - ETA: 54s - loss: 0.8277 - accuracy: 0.7335 
 7000/10000 [====================>.........] - ETA: 46s - loss: 0.8332 - accuracy: 0.7321
 7500/10000 [=====================>........] - ETA: 39s - loss: 0.8481 - accuracy: 0.7288
 8000/10000 [=======================>......] - ETA: 31s - loss: 0.8530 - accuracy: 0.7265
 8500/10000 [========================>.....] - ETA: 23s - loss: 0.8482 - accuracy: 0.7276
 9000/10000 [==========================>...] - ETA: 15s - loss: 0.8399 - accuracy: 0.7301
 9500/10000 [===========================>..] - ETA: 7s - loss: 0.8322 - accuracy: 0.7321 
10000/10000 [==============================] - 157s 16ms/step - loss: 0.8326 - accuracy: 0.7324 - val_loss: 1.1551 - val_accuracy: 0.6324
Latency --- 781.2815217971802 seconds ---
For delta=0.000100, the current epsilon is: 4.0678
=====================Iteration========================== 10
For delta=0.000100, the current epsilon is: 4.0678
Noise Mutiplier 1
loss= <keras.losses.CategoricalCrossentropy object at 0x101a788950>
in grads Tensor("loss_9/mul:0", shape=(?,), dtype=float32)
Train on 10000 samples, validate on 2500 samples
Epoch 1/5

  500/10000 [>.............................] - ETA: 2:36 - loss: 2.3073 - accuracy: 0.0900
 1000/10000 [==>...........................] - ETA: 2:27 - loss: 2.2932 - accuracy: 0.1060
 1500/10000 [===>..........................] - ETA: 2:15 - loss: 2.2861 - accuracy: 0.1053
 2000/10000 [=====>........................] - ETA: 2:04 - loss: 2.2799 - accuracy: 0.1130
 2500/10000 [======>.......................] - ETA: 1:55 - loss: 2.2712 - accuracy: 0.1256
 3000/10000 [========>.....................] - ETA: 1:47 - loss: 2.2606 - accuracy: 0.1463
 3500/10000 [=========>....................] - ETA: 1:39 - loss: 2.2486 - accuracy: 0.1689
 4000/10000 [===========>..................] - ETA: 1:31 - loss: 2.2367 - accuracy: 0.1733
 4500/10000 [============>.................] - ETA: 1:24 - loss: 2.2240 - accuracy: 0.1816
 5000/10000 [==============>...............] - ETA: 1:16 - loss: 2.2105 - accuracy: 0.2004
 5500/10000 [===============>..............] - ETA: 1:08 - loss: 2.1954 - accuracy: 0.2129
 6000/10000 [=================>............] - ETA: 1:00 - loss: 2.1794 - accuracy: 0.2247
 6500/10000 [==================>...........] - ETA: 52s - loss: 2.1643 - accuracy: 0.2328 
 7000/10000 [====================>.........] - ETA: 45s - loss: 2.1486 - accuracy: 0.2443
 7500/10000 [=====================>........] - ETA: 37s - loss: 2.1490 - accuracy: 0.2423
 8000/10000 [=======================>......] - ETA: 30s - loss: 2.1414 - accuracy: 0.2451
 8500/10000 [========================>.....] - ETA: 22s - loss: 2.1295 - accuracy: 0.2487
 9000/10000 [==========================>...] - ETA: 15s - loss: 2.1226 - accuracy: 0.2461
 9500/10000 [===========================>..] - ETA: 7s - loss: 2.1035 - accuracy: 0.2548 
10000/10000 [==============================] - 152s 15ms/step - loss: 2.0864 - accuracy: 0.2639 - val_loss: 1.8030 - val_accuracy: 0.4024
Epoch 2/5

  500/10000 [>.............................] - ETA: 2:28 - loss: 1.7827 - accuracy: 0.4020
 1000/10000 [==>...........................] - ETA: 2:21 - loss: 1.7423 - accuracy: 0.4260
 1500/10000 [===>..........................] - ETA: 2:15 - loss: 1.7852 - accuracy: 0.3753
 2000/10000 [=====>........................] - ETA: 2:05 - loss: 1.7793 - accuracy: 0.3920
 2500/10000 [======>.......................] - ETA: 1:56 - loss: 1.7537 - accuracy: 0.4160
 3000/10000 [========>.....................] - ETA: 1:48 - loss: 1.7291 - accuracy: 0.4243
 3500/10000 [=========>....................] - ETA: 1:40 - loss: 1.7554 - accuracy: 0.4314
 4000/10000 [===========>..................] - ETA: 1:31 - loss: 1.7245 - accuracy: 0.4478
 4500/10000 [============>.................] - ETA: 1:23 - loss: 1.7053 - accuracy: 0.4471
 5000/10000 [==============>...............] - ETA: 1:15 - loss: 1.6925 - accuracy: 0.4554
 5500/10000 [===============>..............] - ETA: 1:08 - loss: 1.6721 - accuracy: 0.4640
 6000/10000 [=================>............] - ETA: 1:01 - loss: 1.6564 - accuracy: 0.4698
 6500/10000 [==================>...........] - ETA: 53s - loss: 1.6391 - accuracy: 0.4700 
 7000/10000 [====================>.........] - ETA: 45s - loss: 1.6291 - accuracy: 0.4743
 7500/10000 [=====================>........] - ETA: 37s - loss: 1.6243 - accuracy: 0.4692
 8000/10000 [=======================>......] - ETA: 30s - loss: 1.6225 - accuracy: 0.4733
 8500/10000 [========================>.....] - ETA: 22s - loss: 1.6086 - accuracy: 0.4778
 9000/10000 [==========================>...] - ETA: 15s - loss: 1.6032 - accuracy: 0.4801
 9500/10000 [===========================>..] - ETA: 7s - loss: 1.5945 - accuracy: 0.4822 
10000/10000 [==============================] - 152s 15ms/step - loss: 1.5827 - accuracy: 0.4885 - val_loss: 1.4740 - val_accuracy: 0.5280
Epoch 3/5

  500/10000 [>.............................] - ETA: 2:22 - loss: 1.3223 - accuracy: 0.6280
 1000/10000 [==>...........................] - ETA: 2:18 - loss: 1.3747 - accuracy: 0.5730
 1500/10000 [===>..........................] - ETA: 2:09 - loss: 1.3258 - accuracy: 0.5927
 2000/10000 [=====>........................] - ETA: 2:02 - loss: 1.2997 - accuracy: 0.5955
 2500/10000 [======>.......................] - ETA: 1:55 - loss: 1.3021 - accuracy: 0.5932
 3000/10000 [========>.....................] - ETA: 1:47 - loss: 1.2754 - accuracy: 0.6003
 3500/10000 [=========>....................] - ETA: 1:40 - loss: 1.2722 - accuracy: 0.5943
 4000/10000 [===========>..................] - ETA: 1:31 - loss: 1.2676 - accuracy: 0.5955
 4500/10000 [============>.................] - ETA: 1:23 - loss: 1.2434 - accuracy: 0.6051
 5000/10000 [==============>...............] - ETA: 1:16 - loss: 1.2381 - accuracy: 0.6104
 5500/10000 [===============>..............] - ETA: 1:09 - loss: 1.2105 - accuracy: 0.6216
 6000/10000 [=================>............] - ETA: 1:01 - loss: 1.1867 - accuracy: 0.6305
 6500/10000 [==================>...........] - ETA: 53s - loss: 1.1590 - accuracy: 0.6394 
 7000/10000 [====================>.........] - ETA: 46s - loss: 1.1434 - accuracy: 0.6456
 7500/10000 [=====================>........] - ETA: 38s - loss: 1.1229 - accuracy: 0.6497
 8000/10000 [=======================>......] - ETA: 30s - loss: 1.1175 - accuracy: 0.6538
 8500/10000 [========================>.....] - ETA: 22s - loss: 1.1006 - accuracy: 0.6592
 9000/10000 [==========================>...] - ETA: 15s - loss: 1.0834 - accuracy: 0.6648
 9500/10000 [===========================>..] - ETA: 7s - loss: 1.0704 - accuracy: 0.6694 
10000/10000 [==============================] - 154s 15ms/step - loss: 1.0532 - accuracy: 0.6747 - val_loss: 1.0826 - val_accuracy: 0.6580
Epoch 4/5

  500/10000 [>.............................] - ETA: 2:23 - loss: 0.8347 - accuracy: 0.7340
 1000/10000 [==>...........................] - ETA: 2:16 - loss: 0.8406 - accuracy: 0.7350
 1500/10000 [===>..........................] - ETA: 2:10 - loss: 0.7894 - accuracy: 0.7580
 2000/10000 [=====>........................] - ETA: 2:03 - loss: 0.8158 - accuracy: 0.7460
 2500/10000 [======>.......................] - ETA: 1:56 - loss: 0.7865 - accuracy: 0.7592
 3000/10000 [========>.....................] - ETA: 1:49 - loss: 0.7814 - accuracy: 0.7620
 3500/10000 [=========>....................] - ETA: 1:41 - loss: 0.7977 - accuracy: 0.7529
 4000/10000 [===========>..................] - ETA: 1:33 - loss: 0.7865 - accuracy: 0.7563
 4500/10000 [============>.................] - ETA: 1:25 - loss: 0.7756 - accuracy: 0.7598
 5000/10000 [==============>...............] - ETA: 1:17 - loss: 0.7716 - accuracy: 0.7590
 5500/10000 [===============>..............] - ETA: 1:09 - loss: 0.7674 - accuracy: 0.7620
 6000/10000 [=================>............] - ETA: 1:01 - loss: 0.7789 - accuracy: 0.7547
 6500/10000 [==================>...........] - ETA: 54s - loss: 0.7839 - accuracy: 0.7562 
 7000/10000 [====================>.........] - ETA: 46s - loss: 0.7811 - accuracy: 0.7554
 7500/10000 [=====================>........] - ETA: 38s - loss: 0.7758 - accuracy: 0.7564
 8000/10000 [=======================>......] - ETA: 31s - loss: 0.7874 - accuracy: 0.7521
 8500/10000 [========================>.....] - ETA: 23s - loss: 0.7880 - accuracy: 0.7509
 9000/10000 [==========================>...] - ETA: 15s - loss: 0.7829 - accuracy: 0.7542
 9500/10000 [===========================>..] - ETA: 7s - loss: 0.7786 - accuracy: 0.7561 
10000/10000 [==============================] - 155s 15ms/step - loss: 0.7672 - accuracy: 0.7599 - val_loss: 0.6971 - val_accuracy: 0.7700
Epoch 5/5

  500/10000 [>.............................] - ETA: 2:26 - loss: 0.5479 - accuracy: 0.8480
 1000/10000 [==>...........................] - ETA: 2:16 - loss: 0.5657 - accuracy: 0.8390
 1500/10000 [===>..........................] - ETA: 2:09 - loss: 0.6674 - accuracy: 0.7993
 2000/10000 [=====>........................] - ETA: 2:02 - loss: 0.6340 - accuracy: 0.8125
 2500/10000 [======>.......................] - ETA: 1:53 - loss: 0.6319 - accuracy: 0.8088
 3000/10000 [========>.....................] - ETA: 1:45 - loss: 0.6367 - accuracy: 0.8050
 3500/10000 [=========>....................] - ETA: 1:38 - loss: 0.6348 - accuracy: 0.8077
 4000/10000 [===========>..................] - ETA: 1:31 - loss: 0.6466 - accuracy: 0.8035
 4500/10000 [============>.................] - ETA: 1:23 - loss: 0.6414 - accuracy: 0.8049
 5000/10000 [==============>...............] - ETA: 1:15 - loss: 0.6576 - accuracy: 0.7976
 5500/10000 [===============>..............] - ETA: 1:08 - loss: 0.6591 - accuracy: 0.7987
 6000/10000 [=================>............] - ETA: 1:01 - loss: 0.6578 - accuracy: 0.7960
 6500/10000 [==================>...........] - ETA: 53s - loss: 0.6702 - accuracy: 0.7946 
 7000/10000 [====================>.........] - ETA: 45s - loss: 0.6523 - accuracy: 0.7994
 7500/10000 [=====================>........] - ETA: 38s - loss: 0.6439 - accuracy: 0.8021
 8000/10000 [=======================>......] - ETA: 30s - loss: 0.6554 - accuracy: 0.7993
 8500/10000 [========================>.....] - ETA: 23s - loss: 0.6688 - accuracy: 0.7951
 9000/10000 [==========================>...] - ETA: 15s - loss: 0.6646 - accuracy: 0.7949
 9500/10000 [===========================>..] - ETA: 7s - loss: 0.6637 - accuracy: 0.7957 
10000/10000 [==============================] - 154s 15ms/step - loss: 0.6627 - accuracy: 0.7957 - val_loss: 0.7801 - val_accuracy: 0.7668
Latency --- 773.9209189414978 seconds ---
For delta=0.000100, the current epsilon is: 4.0678
Saving model with new accuracy, previous accuracy was 0.7703999876976013 and present is 0.7957000136375427
Saved model to disk
