We are using Tensorflow version 1.15.2
Keras API version: 2.3.1
=====================Iteration========================== 1
For delta=0.000100, the current epsilon is: 8.0198
Noise Mutiplier 0.729
in grads Tensor("loss/mul:0", shape=(?,), dtype=float32)
Train on 10000 samples, validate on 2500 samples
Epoch 1/5

  500/10000 [>.............................] - ETA: 2:38 - loss: 2.3143 - accuracy: 0.1460
 1000/10000 [==>...........................] - ETA: 2:20 - loss: 2.3020 - accuracy: 0.1280
 1500/10000 [===>..........................] - ETA: 2:12 - loss: 2.2939 - accuracy: 0.1387
 2000/10000 [=====>........................] - ETA: 2:04 - loss: 2.2871 - accuracy: 0.1650
 2500/10000 [======>.......................] - ETA: 1:55 - loss: 2.2779 - accuracy: 0.1948
 3000/10000 [========>.....................] - ETA: 1:48 - loss: 2.2681 - accuracy: 0.2087
 3500/10000 [=========>....................] - ETA: 1:41 - loss: 2.2573 - accuracy: 0.2214
 4000/10000 [===========>..................] - ETA: 1:33 - loss: 2.2452 - accuracy: 0.2352
 4500/10000 [============>.................] - ETA: 1:25 - loss: 2.2297 - accuracy: 0.2420
 5000/10000 [==============>...............] - ETA: 1:17 - loss: 2.2170 - accuracy: 0.2444
 5500/10000 [===============>..............] - ETA: 1:10 - loss: 2.2032 - accuracy: 0.2502
 6000/10000 [=================>............] - ETA: 1:02 - loss: 2.1911 - accuracy: 0.2547
 6500/10000 [==================>...........] - ETA: 54s - loss: 2.1738 - accuracy: 0.2615 
 7000/10000 [====================>.........] - ETA: 46s - loss: 2.1563 - accuracy: 0.2650
 7500/10000 [=====================>........] - ETA: 39s - loss: 2.1478 - accuracy: 0.2612
 8000/10000 [=======================>......] - ETA: 31s - loss: 2.1329 - accuracy: 0.2702
 8500/10000 [========================>.....] - ETA: 23s - loss: 2.1193 - accuracy: 0.2709
 9000/10000 [==========================>...] - ETA: 15s - loss: 2.1033 - accuracy: 0.2808
 9500/10000 [===========================>..] - ETA: 7s - loss: 2.0841 - accuracy: 0.2882 
10000/10000 [==============================] - 157s 16ms/step - loss: 2.0707 - accuracy: 0.2909 - val_loss: 1.7398 - val_accuracy: 0.4496
Epoch 2/5

  500/10000 [>.............................] - ETA: 2:27 - loss: 1.6555 - accuracy: 0.4740
 1000/10000 [==>...........................] - ETA: 2:21 - loss: 1.6721 - accuracy: 0.4410
 1500/10000 [===>..........................] - ETA: 2:12 - loss: 1.6768 - accuracy: 0.4393
 2000/10000 [=====>........................] - ETA: 2:04 - loss: 1.6576 - accuracy: 0.4375
 2500/10000 [======>.......................] - ETA: 1:56 - loss: 1.6070 - accuracy: 0.4688
 3000/10000 [========>.....................] - ETA: 1:47 - loss: 1.6047 - accuracy: 0.4507
 3500/10000 [=========>....................] - ETA: 1:39 - loss: 1.5924 - accuracy: 0.4651
 4000/10000 [===========>..................] - ETA: 1:31 - loss: 1.5932 - accuracy: 0.4615
 4500/10000 [============>.................] - ETA: 1:23 - loss: 1.5980 - accuracy: 0.4576
 5000/10000 [==============>...............] - ETA: 1:16 - loss: 1.5762 - accuracy: 0.4652
 5500/10000 [===============>..............] - ETA: 1:08 - loss: 1.5681 - accuracy: 0.4711
 6000/10000 [=================>............] - ETA: 1:01 - loss: 1.5579 - accuracy: 0.4767
 6500/10000 [==================>...........] - ETA: 53s - loss: 1.5437 - accuracy: 0.4837 
 7000/10000 [====================>.........] - ETA: 45s - loss: 1.5299 - accuracy: 0.4886
 7500/10000 [=====================>........] - ETA: 38s - loss: 1.5075 - accuracy: 0.4997
 8000/10000 [=======================>......] - ETA: 30s - loss: 1.4852 - accuracy: 0.5061
 8500/10000 [========================>.....] - ETA: 23s - loss: 1.4647 - accuracy: 0.5158
 9000/10000 [==========================>...] - ETA: 15s - loss: 1.4505 - accuracy: 0.5207
 9500/10000 [===========================>..] - ETA: 7s - loss: 1.4458 - accuracy: 0.5236 
10000/10000 [==============================] - 155s 16ms/step - loss: 1.4342 - accuracy: 0.5288 - val_loss: 1.2817 - val_accuracy: 0.5860
Epoch 3/5

  500/10000 [>.............................] - ETA: 2:22 - loss: 1.1927 - accuracy: 0.5920
 1000/10000 [==>...........................] - ETA: 2:15 - loss: 1.2824 - accuracy: 0.5940
 1500/10000 [===>..........................] - ETA: 2:08 - loss: 1.2684 - accuracy: 0.6087
 2000/10000 [=====>........................] - ETA: 2:01 - loss: 1.3046 - accuracy: 0.5895
 2500/10000 [======>.......................] - ETA: 1:55 - loss: 1.3249 - accuracy: 0.5912
 3000/10000 [========>.....................] - ETA: 1:48 - loss: 1.2730 - accuracy: 0.6053
 3500/10000 [=========>....................] - ETA: 1:40 - loss: 1.2660 - accuracy: 0.6020
 4000/10000 [===========>..................] - ETA: 1:32 - loss: 1.2805 - accuracy: 0.5993
 4500/10000 [============>.................] - ETA: 1:24 - loss: 1.2579 - accuracy: 0.6004
 5000/10000 [==============>...............] - ETA: 1:17 - loss: 1.2406 - accuracy: 0.6042
 5500/10000 [===============>..............] - ETA: 1:09 - loss: 1.2313 - accuracy: 0.6064
 6000/10000 [=================>............] - ETA: 1:02 - loss: 1.2171 - accuracy: 0.6075
 6500/10000 [==================>...........] - ETA: 54s - loss: 1.1985 - accuracy: 0.6145 
 7000/10000 [====================>.........] - ETA: 46s - loss: 1.1965 - accuracy: 0.6140
 7500/10000 [=====================>........] - ETA: 38s - loss: 1.1740 - accuracy: 0.6216
 8000/10000 [=======================>......] - ETA: 31s - loss: 1.1630 - accuracy: 0.6266
 8500/10000 [========================>.....] - ETA: 23s - loss: 1.1527 - accuracy: 0.6304
 9000/10000 [==========================>...] - ETA: 15s - loss: 1.1507 - accuracy: 0.6312
 9500/10000 [===========================>..] - ETA: 7s - loss: 1.1377 - accuracy: 0.6361 
10000/10000 [==============================] - 155s 16ms/step - loss: 1.1269 - accuracy: 0.6380 - val_loss: 0.9319 - val_accuracy: 0.6948
Epoch 4/5

  500/10000 [>.............................] - ETA: 2:19 - loss: 0.8346 - accuracy: 0.6960
 1000/10000 [==>...........................] - ETA: 2:13 - loss: 0.8969 - accuracy: 0.6920
 1500/10000 [===>..........................] - ETA: 2:08 - loss: 0.9251 - accuracy: 0.6907
 2000/10000 [=====>........................] - ETA: 2:02 - loss: 0.9017 - accuracy: 0.7050
 2500/10000 [======>.......................] - ETA: 1:55 - loss: 0.9021 - accuracy: 0.7048
 3000/10000 [========>.....................] - ETA: 1:48 - loss: 0.8961 - accuracy: 0.7137
 3500/10000 [=========>....................] - ETA: 1:41 - loss: 0.8840 - accuracy: 0.7211
 4000/10000 [===========>..................] - ETA: 1:33 - loss: 0.8892 - accuracy: 0.7150
 4500/10000 [============>.................] - ETA: 1:26 - loss: 0.8743 - accuracy: 0.7193
 5000/10000 [==============>...............] - ETA: 1:18 - loss: 0.8771 - accuracy: 0.7234
 5500/10000 [===============>..............] - ETA: 1:10 - loss: 0.8653 - accuracy: 0.7249
 6000/10000 [=================>............] - ETA: 1:02 - loss: 0.8687 - accuracy: 0.7255
 6500/10000 [==================>...........] - ETA: 54s - loss: 0.8579 - accuracy: 0.7292 
 7000/10000 [====================>.........] - ETA: 46s - loss: 0.8640 - accuracy: 0.7306
 7500/10000 [=====================>........] - ETA: 38s - loss: 0.8514 - accuracy: 0.7347
 8000/10000 [=======================>......] - ETA: 30s - loss: 0.8377 - accuracy: 0.7400
 8500/10000 [========================>.....] - ETA: 23s - loss: 0.8280 - accuracy: 0.7441
 9000/10000 [==========================>...] - ETA: 15s - loss: 0.8311 - accuracy: 0.7420
 9500/10000 [===========================>..] - ETA: 7s - loss: 0.8251 - accuracy: 0.7443 
10000/10000 [==============================] - 156s 16ms/step - loss: 0.8254 - accuracy: 0.7461 - val_loss: 0.7342 - val_accuracy: 0.7672
Epoch 5/5

  500/10000 [>.............................] - ETA: 2:25 - loss: 0.6465 - accuracy: 0.8060
 1000/10000 [==>...........................] - ETA: 2:12 - loss: 0.7338 - accuracy: 0.7640
 1500/10000 [===>..........................] - ETA: 2:05 - loss: 0.7365 - accuracy: 0.7560
 2000/10000 [=====>........................] - ETA: 1:59 - loss: 0.7219 - accuracy: 0.7600
 2500/10000 [======>.......................] - ETA: 1:51 - loss: 0.7136 - accuracy: 0.7668
 3000/10000 [========>.....................] - ETA: 1:45 - loss: 0.7261 - accuracy: 0.7657
 3500/10000 [=========>....................] - ETA: 1:38 - loss: 0.7041 - accuracy: 0.7706
 4000/10000 [===========>..................] - ETA: 1:31 - loss: 0.6942 - accuracy: 0.7760
 4500/10000 [============>.................] - ETA: 1:23 - loss: 0.6730 - accuracy: 0.7842
 5000/10000 [==============>...............] - ETA: 1:16 - loss: 0.6689 - accuracy: 0.7858
 5500/10000 [===============>..............] - ETA: 1:08 - loss: 0.6651 - accuracy: 0.7865
 6000/10000 [=================>............] - ETA: 1:01 - loss: 0.6488 - accuracy: 0.7930
 6500/10000 [==================>...........] - ETA: 53s - loss: 0.6626 - accuracy: 0.7874 
 7000/10000 [====================>.........] - ETA: 46s - loss: 0.6616 - accuracy: 0.7880
 7500/10000 [=====================>........] - ETA: 38s - loss: 0.6608 - accuracy: 0.7868
 8000/10000 [=======================>......] - ETA: 30s - loss: 0.6568 - accuracy: 0.7872
 8500/10000 [========================>.....] - ETA: 23s - loss: 0.6543 - accuracy: 0.7885
 9000/10000 [==========================>...] - ETA: 15s - loss: 0.6519 - accuracy: 0.7891
 9500/10000 [===========================>..] - ETA: 7s - loss: 0.6460 - accuracy: 0.7909 
10000/10000 [==============================] - 155s 15ms/step - loss: 0.6364 - accuracy: 0.7944 - val_loss: 0.6657 - val_accuracy: 0.7708
Latency --- 779.2942593097687 seconds ---
For delta=0.000100, the current epsilon is: 8.0198
Saving model with new accuracy, previous accuracy was 0 and present is 0.7943999767303467
Saved model to disk
=====================Iteration========================== 2
For delta=0.000100, the current epsilon is: 8.0198
Noise Mutiplier 0.729
in grads Tensor("loss_1/mul:0", shape=(?,), dtype=float32)
Train on 10000 samples, validate on 2500 samples
Epoch 1/5

  500/10000 [>.............................] - ETA: 2:30 - loss: 2.3046 - accuracy: 0.0800
 1000/10000 [==>...........................] - ETA: 2:19 - loss: 2.2999 - accuracy: 0.1160
 1500/10000 [===>..........................] - ETA: 2:13 - loss: 2.2939 - accuracy: 0.1100
 2000/10000 [=====>........................] - ETA: 2:06 - loss: 2.2905 - accuracy: 0.1185
 2500/10000 [======>.......................] - ETA: 1:58 - loss: 2.2821 - accuracy: 0.1556
 3000/10000 [========>.....................] - ETA: 1:50 - loss: 2.2707 - accuracy: 0.1770
 3500/10000 [=========>....................] - ETA: 1:41 - loss: 2.2589 - accuracy: 0.1889
 4000/10000 [===========>..................] - ETA: 1:33 - loss: 2.2442 - accuracy: 0.2060
 4500/10000 [============>.................] - ETA: 1:25 - loss: 2.2286 - accuracy: 0.2309
 5000/10000 [==============>...............] - ETA: 1:17 - loss: 2.2160 - accuracy: 0.2380
 5500/10000 [===============>..............] - ETA: 1:09 - loss: 2.1992 - accuracy: 0.2487
 6000/10000 [=================>............] - ETA: 1:01 - loss: 2.1811 - accuracy: 0.2620
 6500/10000 [==================>...........] - ETA: 54s - loss: 2.1590 - accuracy: 0.2803 
 7000/10000 [====================>.........] - ETA: 46s - loss: 2.1414 - accuracy: 0.2911
 7500/10000 [=====================>........] - ETA: 38s - loss: 2.1281 - accuracy: 0.2908
 8000/10000 [=======================>......] - ETA: 30s - loss: 2.1152 - accuracy: 0.2970
 8500/10000 [========================>.....] - ETA: 22s - loss: 2.1030 - accuracy: 0.2982
 9000/10000 [==========================>...] - ETA: 15s - loss: 2.0904 - accuracy: 0.3032
 9500/10000 [===========================>..] - ETA: 7s - loss: 2.0712 - accuracy: 0.3145 
10000/10000 [==============================] - 154s 15ms/step - loss: 2.0577 - accuracy: 0.3197 - val_loss: 1.7268 - val_accuracy: 0.5088
Epoch 2/5

  500/10000 [>.............................] - ETA: 2:23 - loss: 1.6579 - accuracy: 0.5400
 1000/10000 [==>...........................] - ETA: 2:14 - loss: 1.6759 - accuracy: 0.5110
 1500/10000 [===>..........................] - ETA: 2:07 - loss: 1.6675 - accuracy: 0.5100
 2000/10000 [=====>........................] - ETA: 1:59 - loss: 1.6526 - accuracy: 0.5270
 2500/10000 [======>.......................] - ETA: 1:52 - loss: 1.6375 - accuracy: 0.5240
 3000/10000 [========>.....................] - ETA: 1:45 - loss: 1.6386 - accuracy: 0.5320
 3500/10000 [=========>....................] - ETA: 1:37 - loss: 1.6221 - accuracy: 0.5374
 4000/10000 [===========>..................] - ETA: 1:30 - loss: 1.6019 - accuracy: 0.5408
 4500/10000 [============>.................] - ETA: 1:23 - loss: 1.5789 - accuracy: 0.5436
 5000/10000 [==============>...............] - ETA: 1:15 - loss: 1.5628 - accuracy: 0.5456
 5500/10000 [===============>..............] - ETA: 1:07 - loss: 1.5366 - accuracy: 0.5553
 6000/10000 [=================>............] - ETA: 1:00 - loss: 1.5117 - accuracy: 0.5622
 6500/10000 [==================>...........] - ETA: 52s - loss: 1.4947 - accuracy: 0.5663 
 7000/10000 [====================>.........] - ETA: 45s - loss: 1.4786 - accuracy: 0.5687
 7500/10000 [=====================>........] - ETA: 37s - loss: 1.4698 - accuracy: 0.5703
 8000/10000 [=======================>......] - ETA: 30s - loss: 1.4574 - accuracy: 0.5741
 8500/10000 [========================>.....] - ETA: 22s - loss: 1.4407 - accuracy: 0.5771
 9000/10000 [==========================>...] - ETA: 15s - loss: 1.4258 - accuracy: 0.5799
 9500/10000 [===========================>..] - ETA: 7s - loss: 1.4157 - accuracy: 0.5838 
10000/10000 [==============================] - 152s 15ms/step - loss: 1.4053 - accuracy: 0.5841 - val_loss: 1.3111 - val_accuracy: 0.5760
Epoch 3/5

  500/10000 [>.............................] - ETA: 2:21 - loss: 1.2349 - accuracy: 0.6220
 1000/10000 [==>...........................] - ETA: 2:11 - loss: 1.1927 - accuracy: 0.6360
 1500/10000 [===>..........................] - ETA: 2:05 - loss: 1.1543 - accuracy: 0.6433
 2000/10000 [=====>........................] - ETA: 1:59 - loss: 1.1494 - accuracy: 0.6495
 2500/10000 [======>.......................] - ETA: 1:53 - loss: 1.1224 - accuracy: 0.6608
 3000/10000 [========>.....................] - ETA: 1:47 - loss: 1.0873 - accuracy: 0.6783
 3500/10000 [=========>....................] - ETA: 1:39 - loss: 1.0540 - accuracy: 0.6860
 4000/10000 [===========>..................] - ETA: 1:31 - loss: 1.0331 - accuracy: 0.6915
 4500/10000 [============>.................] - ETA: 1:24 - loss: 1.0403 - accuracy: 0.6860
 5000/10000 [==============>...............] - ETA: 1:16 - loss: 1.0237 - accuracy: 0.6910
 5500/10000 [===============>..............] - ETA: 1:08 - loss: 1.0108 - accuracy: 0.6951
 6000/10000 [=================>............] - ETA: 1:01 - loss: 0.9877 - accuracy: 0.7022
 6500/10000 [==================>...........] - ETA: 53s - loss: 0.9799 - accuracy: 0.7049 
 7000/10000 [====================>.........] - ETA: 45s - loss: 0.9649 - accuracy: 0.7084
 7500/10000 [=====================>........] - ETA: 37s - loss: 0.9535 - accuracy: 0.7117
 8000/10000 [=======================>......] - ETA: 30s - loss: 0.9485 - accuracy: 0.7100
 8500/10000 [========================>.....] - ETA: 22s - loss: 0.9419 - accuracy: 0.7101
 9000/10000 [==========================>...] - ETA: 15s - loss: 0.9352 - accuracy: 0.7112
 9500/10000 [===========================>..] - ETA: 7s - loss: 0.9249 - accuracy: 0.7126 
10000/10000 [==============================] - 152s 15ms/step - loss: 0.9186 - accuracy: 0.7140 - val_loss: 0.8524 - val_accuracy: 0.7268
Epoch 4/5

  500/10000 [>.............................] - ETA: 2:28 - loss: 0.7805 - accuracy: 0.7600
 1000/10000 [==>...........................] - ETA: 2:16 - loss: 0.7546 - accuracy: 0.7590
 1500/10000 [===>..........................] - ETA: 2:08 - loss: 0.7744 - accuracy: 0.7533
 2000/10000 [=====>........................] - ETA: 2:00 - loss: 0.7745 - accuracy: 0.7540
 2500/10000 [======>.......................] - ETA: 1:52 - loss: 0.7595 - accuracy: 0.7632
 3000/10000 [========>.....................] - ETA: 1:44 - loss: 0.7686 - accuracy: 0.7560
 3500/10000 [=========>....................] - ETA: 1:37 - loss: 0.7666 - accuracy: 0.7600
 4000/10000 [===========>..................] - ETA: 1:29 - loss: 0.7571 - accuracy: 0.7592
 4500/10000 [============>.................] - ETA: 1:21 - loss: 0.7430 - accuracy: 0.7649
 5000/10000 [==============>...............] - ETA: 1:13 - loss: 0.7249 - accuracy: 0.7716
 5500/10000 [===============>..............] - ETA: 1:06 - loss: 0.7168 - accuracy: 0.7736
 6000/10000 [=================>............] - ETA: 59s - loss: 0.7126 - accuracy: 0.7760 
 6500/10000 [==================>...........] - ETA: 51s - loss: 0.7107 - accuracy: 0.7765
 7000/10000 [====================>.........] - ETA: 44s - loss: 0.7063 - accuracy: 0.7773
 7500/10000 [=====================>........] - ETA: 37s - loss: 0.6997 - accuracy: 0.7776
 8000/10000 [=======================>......] - ETA: 29s - loss: 0.7013 - accuracy: 0.7766
 8500/10000 [========================>.....] - ETA: 22s - loss: 0.6999 - accuracy: 0.7755
 9000/10000 [==========================>...] - ETA: 14s - loss: 0.6981 - accuracy: 0.7754
 9500/10000 [===========================>..] - ETA: 7s - loss: 0.6916 - accuracy: 0.7781 
10000/10000 [==============================] - 151s 15ms/step - loss: 0.6851 - accuracy: 0.7801 - val_loss: 0.7775 - val_accuracy: 0.7408
Epoch 5/5

  500/10000 [>.............................] - ETA: 2:29 - loss: 0.7405 - accuracy: 0.7680
 1000/10000 [==>...........................] - ETA: 2:19 - loss: 0.6440 - accuracy: 0.7940
 1500/10000 [===>..........................] - ETA: 2:10 - loss: 0.6341 - accuracy: 0.8053
 2000/10000 [=====>........................] - ETA: 2:03 - loss: 0.6101 - accuracy: 0.8150
 2500/10000 [======>.......................] - ETA: 1:55 - loss: 0.6025 - accuracy: 0.8208
 3000/10000 [========>.....................] - ETA: 1:47 - loss: 0.6003 - accuracy: 0.8213
 3500/10000 [=========>....................] - ETA: 1:38 - loss: 0.5956 - accuracy: 0.8191
 4000/10000 [===========>..................] - ETA: 1:31 - loss: 0.5933 - accuracy: 0.8170
 4500/10000 [============>.................] - ETA: 1:23 - loss: 0.5860 - accuracy: 0.8209
 5000/10000 [==============>...............] - ETA: 1:15 - loss: 0.5828 - accuracy: 0.8202
 5500/10000 [===============>..............] - ETA: 1:07 - loss: 0.5755 - accuracy: 0.8222
 6000/10000 [=================>............] - ETA: 1:00 - loss: 0.5701 - accuracy: 0.8238
 6500/10000 [==================>...........] - ETA: 52s - loss: 0.5684 - accuracy: 0.8232 
 7000/10000 [====================>.........] - ETA: 45s - loss: 0.5642 - accuracy: 0.8247
 7500/10000 [=====================>........] - ETA: 37s - loss: 0.5639 - accuracy: 0.8236
 8000/10000 [=======================>......] - ETA: 30s - loss: 0.5622 - accuracy: 0.8249
 8500/10000 [========================>.....] - ETA: 22s - loss: 0.5590 - accuracy: 0.8248
 9000/10000 [==========================>...] - ETA: 15s - loss: 0.5565 - accuracy: 0.8264
 9500/10000 [===========================>..] - ETA: 7s - loss: 0.5478 - accuracy: 0.8296 
10000/10000 [==============================] - 151s 15ms/step - loss: 0.5450 - accuracy: 0.8297 - val_loss: 0.6395 - val_accuracy: 0.7952
Latency --- 762.7288599014282 seconds ---
For delta=0.000100, the current epsilon is: 8.0198
Saving model with new accuracy, previous accuracy was 0.7943999767303467 and present is 0.8296999931335449
Saved model to disk
=====================Iteration========================== 3
For delta=0.000100, the current epsilon is: 8.0198
Noise Mutiplier 0.729
in grads Tensor("loss_2/mul:0", shape=(?,), dtype=float32)
Train on 10000 samples, validate on 2500 samples
Epoch 1/5

  500/10000 [>.............................] - ETA: 2:33 - loss: 2.3045 - accuracy: 0.1180
 1000/10000 [==>...........................] - ETA: 2:21 - loss: 2.2957 - accuracy: 0.1250
 1500/10000 [===>..........................] - ETA: 2:10 - loss: 2.2890 - accuracy: 0.1367
 2000/10000 [=====>........................] - ETA: 2:01 - loss: 2.2770 - accuracy: 0.1500
 2500/10000 [======>.......................] - ETA: 1:53 - loss: 2.2639 - accuracy: 0.2008
 3000/10000 [========>.....................] - ETA: 1:46 - loss: 2.2494 - accuracy: 0.2143
 3500/10000 [=========>....................] - ETA: 1:39 - loss: 2.2319 - accuracy: 0.2437
 4000/10000 [===========>..................] - ETA: 1:31 - loss: 2.2134 - accuracy: 0.2797
 4500/10000 [============>.................] - ETA: 1:24 - loss: 2.1961 - accuracy: 0.2993
 5000/10000 [==============>...............] - ETA: 1:16 - loss: 2.1765 - accuracy: 0.3032
 5500/10000 [===============>..............] - ETA: 1:08 - loss: 2.1675 - accuracy: 0.2964
 6000/10000 [=================>............] - ETA: 1:01 - loss: 2.1805 - accuracy: 0.2902
 6500/10000 [==================>...........] - ETA: 53s - loss: 2.1739 - accuracy: 0.2869 
 7000/10000 [====================>.........] - ETA: 45s - loss: 2.1681 - accuracy: 0.2920
 7500/10000 [=====================>........] - ETA: 38s - loss: 2.1500 - accuracy: 0.2993
 8000/10000 [=======================>......] - ETA: 30s - loss: 2.1333 - accuracy: 0.3067
 8500/10000 [========================>.....] - ETA: 22s - loss: 2.1205 - accuracy: 0.3053
 9000/10000 [==========================>...] - ETA: 15s - loss: 2.1059 - accuracy: 0.3113
 9500/10000 [===========================>..] - ETA: 7s - loss: 2.0886 - accuracy: 0.3212 
10000/10000 [==============================] - 153s 15ms/step - loss: 2.0659 - accuracy: 0.3334 - val_loss: 1.7515 - val_accuracy: 0.4512
Epoch 2/5

  500/10000 [>.............................] - ETA: 2:24 - loss: 1.7143 - accuracy: 0.4640
 1000/10000 [==>...........................] - ETA: 2:13 - loss: 1.7363 - accuracy: 0.4300
 1500/10000 [===>..........................] - ETA: 2:07 - loss: 1.7263 - accuracy: 0.4193
 2000/10000 [=====>........................] - ETA: 2:01 - loss: 1.6936 - accuracy: 0.4310
 2500/10000 [======>.......................] - ETA: 1:54 - loss: 1.6768 - accuracy: 0.4384
 3000/10000 [========>.....................] - ETA: 1:45 - loss: 1.6661 - accuracy: 0.4373
 3500/10000 [=========>....................] - ETA: 1:39 - loss: 1.6438 - accuracy: 0.4483
 4000/10000 [===========>..................] - ETA: 1:30 - loss: 1.6155 - accuracy: 0.4658
 4500/10000 [============>.................] - ETA: 1:23 - loss: 1.6148 - accuracy: 0.4596
 5000/10000 [==============>...............] - ETA: 1:15 - loss: 1.6091 - accuracy: 0.4644
 5500/10000 [===============>..............] - ETA: 1:07 - loss: 1.6013 - accuracy: 0.4695
 6000/10000 [=================>............] - ETA: 1:00 - loss: 1.5776 - accuracy: 0.4802
 6500/10000 [==================>...........] - ETA: 52s - loss: 1.5827 - accuracy: 0.4808 
 7000/10000 [====================>.........] - ETA: 45s - loss: 1.5667 - accuracy: 0.4863
 7500/10000 [=====================>........] - ETA: 37s - loss: 1.5500 - accuracy: 0.4903
 8000/10000 [=======================>......] - ETA: 30s - loss: 1.5394 - accuracy: 0.4933
 8500/10000 [========================>.....] - ETA: 22s - loss: 1.5257 - accuracy: 0.4975
 9000/10000 [==========================>...] - ETA: 15s - loss: 1.5182 - accuracy: 0.4992
 9500/10000 [===========================>..] - ETA: 7s - loss: 1.5005 - accuracy: 0.5080 
10000/10000 [==============================] - 150s 15ms/step - loss: 1.4863 - accuracy: 0.5121 - val_loss: 1.2283 - val_accuracy: 0.6664
Epoch 3/5

  500/10000 [>.............................] - ETA: 2:22 - loss: 1.1515 - accuracy: 0.6960
 1000/10000 [==>...........................] - ETA: 2:12 - loss: 1.1485 - accuracy: 0.6710
 1500/10000 [===>..........................] - ETA: 2:05 - loss: 1.1176 - accuracy: 0.6773
 2000/10000 [=====>........................] - ETA: 1:59 - loss: 1.1162 - accuracy: 0.6780
 2500/10000 [======>.......................] - ETA: 1:52 - loss: 1.1132 - accuracy: 0.6724
 3000/10000 [========>.....................] - ETA: 1:45 - loss: 1.1291 - accuracy: 0.6563
 3500/10000 [=========>....................] - ETA: 1:38 - loss: 1.1260 - accuracy: 0.6543
 4000/10000 [===========>..................] - ETA: 1:30 - loss: 1.1283 - accuracy: 0.6485
 4500/10000 [============>.................] - ETA: 1:23 - loss: 1.1157 - accuracy: 0.6491
 5000/10000 [==============>...............] - ETA: 1:15 - loss: 1.1026 - accuracy: 0.6530
 5500/10000 [===============>..............] - ETA: 1:08 - loss: 1.0938 - accuracy: 0.6536
 6000/10000 [=================>............] - ETA: 1:00 - loss: 1.0873 - accuracy: 0.6532
 6500/10000 [==================>...........] - ETA: 53s - loss: 1.0875 - accuracy: 0.6552 
 7000/10000 [====================>.........] - ETA: 45s - loss: 1.0926 - accuracy: 0.6484
 7500/10000 [=====================>........] - ETA: 37s - loss: 1.0825 - accuracy: 0.6547
 8000/10000 [=======================>......] - ETA: 30s - loss: 1.0757 - accuracy: 0.6571
 8500/10000 [========================>.....] - ETA: 22s - loss: 1.0830 - accuracy: 0.6525
 9000/10000 [==========================>...] - ETA: 15s - loss: 1.0698 - accuracy: 0.6571
 9500/10000 [===========================>..] - ETA: 7s - loss: 1.0571 - accuracy: 0.6618 
10000/10000 [==============================] - 152s 15ms/step - loss: 1.0412 - accuracy: 0.6662 - val_loss: 0.9614 - val_accuracy: 0.6764
Epoch 4/5

  500/10000 [>.............................] - ETA: 2:23 - loss: 0.8990 - accuracy: 0.7000
 1000/10000 [==>...........................] - ETA: 2:13 - loss: 0.9336 - accuracy: 0.6880
 1500/10000 [===>..........................] - ETA: 2:07 - loss: 0.9079 - accuracy: 0.6967
 2000/10000 [=====>........................] - ETA: 1:58 - loss: 0.8905 - accuracy: 0.7050
 2500/10000 [======>.......................] - ETA: 1:53 - loss: 0.8692 - accuracy: 0.7188
 3000/10000 [========>.....................] - ETA: 1:45 - loss: 0.8587 - accuracy: 0.7233
 3500/10000 [=========>....................] - ETA: 1:37 - loss: 0.8688 - accuracy: 0.7180
 4000/10000 [===========>..................] - ETA: 1:30 - loss: 0.8715 - accuracy: 0.7155
 4500/10000 [============>.................] - ETA: 1:23 - loss: 0.8666 - accuracy: 0.7171
 5000/10000 [==============>...............] - ETA: 1:15 - loss: 0.8707 - accuracy: 0.7136
 5500/10000 [===============>..............] - ETA: 1:08 - loss: 0.8542 - accuracy: 0.7178
 6000/10000 [=================>............] - ETA: 1:00 - loss: 0.8555 - accuracy: 0.7170
 6500/10000 [==================>...........] - ETA: 52s - loss: 0.8572 - accuracy: 0.7180 
 7000/10000 [====================>.........] - ETA: 45s - loss: 0.8552 - accuracy: 0.7166
 7500/10000 [=====================>........] - ETA: 37s - loss: 0.8493 - accuracy: 0.7175
 8000/10000 [=======================>......] - ETA: 30s - loss: 0.8506 - accuracy: 0.7171
 8500/10000 [========================>.....] - ETA: 22s - loss: 0.8455 - accuracy: 0.7182
 9000/10000 [==========================>...] - ETA: 15s - loss: 0.8382 - accuracy: 0.7201
 9500/10000 [===========================>..] - ETA: 7s - loss: 0.8384 - accuracy: 0.7201 
10000/10000 [==============================] - 152s 15ms/step - loss: 0.8349 - accuracy: 0.7196 - val_loss: 0.9637 - val_accuracy: 0.7020
Epoch 5/5

  500/10000 [>.............................] - ETA: 2:19 - loss: 0.8517 - accuracy: 0.7380
 1000/10000 [==>...........................] - ETA: 2:14 - loss: 0.8147 - accuracy: 0.7390
 1500/10000 [===>..........................] - ETA: 2:06 - loss: 0.7845 - accuracy: 0.7473
 2000/10000 [=====>........................] - ETA: 1:59 - loss: 0.7711 - accuracy: 0.7495
 2500/10000 [======>.......................] - ETA: 1:52 - loss: 0.7433 - accuracy: 0.7676
 3000/10000 [========>.....................] - ETA: 1:45 - loss: 0.7301 - accuracy: 0.7673
 3500/10000 [=========>....................] - ETA: 1:38 - loss: 0.7150 - accuracy: 0.7760
 4000/10000 [===========>..................] - ETA: 1:31 - loss: 0.7075 - accuracy: 0.7768
 4500/10000 [============>.................] - ETA: 1:23 - loss: 0.7163 - accuracy: 0.7738
 5000/10000 [==============>...............] - ETA: 1:16 - loss: 0.7164 - accuracy: 0.7732
 5500/10000 [===============>..............] - ETA: 1:08 - loss: 0.7280 - accuracy: 0.7676
 6000/10000 [=================>............] - ETA: 1:00 - loss: 0.7197 - accuracy: 0.7707
 6500/10000 [==================>...........] - ETA: 53s - loss: 0.7154 - accuracy: 0.7722 
 7000/10000 [====================>.........] - ETA: 45s - loss: 0.7079 - accuracy: 0.7749
 7500/10000 [=====================>........] - ETA: 37s - loss: 0.7011 - accuracy: 0.7777
 8000/10000 [=======================>......] - ETA: 30s - loss: 0.6983 - accuracy: 0.7781
 8500/10000 [========================>.....] - ETA: 22s - loss: 0.7092 - accuracy: 0.7740
 9000/10000 [==========================>...] - ETA: 15s - loss: 0.7059 - accuracy: 0.7763
 9500/10000 [===========================>..] - ETA: 7s - loss: 0.6992 - accuracy: 0.7793 
10000/10000 [==============================] - 152s 15ms/step - loss: 0.7019 - accuracy: 0.7789 - val_loss: 0.6359 - val_accuracy: 0.8084
Latency --- 760.9287140369415 seconds ---
For delta=0.000100, the current epsilon is: 8.0198
=====================Iteration========================== 4
For delta=0.000100, the current epsilon is: 8.0198
Noise Mutiplier 0.729
in grads Tensor("loss_3/mul:0", shape=(?,), dtype=float32)
Train on 10000 samples, validate on 2500 samples
Epoch 1/5

  500/10000 [>.............................] - ETA: 2:30 - loss: 2.3226 - accuracy: 0.1280
 1000/10000 [==>...........................] - ETA: 2:25 - loss: 2.3069 - accuracy: 0.1230
 1500/10000 [===>..........................] - ETA: 2:12 - loss: 2.2907 - accuracy: 0.1187
 2000/10000 [=====>........................] - ETA: 2:05 - loss: 2.2777 - accuracy: 0.1205
 2500/10000 [======>.......................] - ETA: 1:58 - loss: 2.2643 - accuracy: 0.1620
 3000/10000 [========>.....................] - ETA: 1:50 - loss: 2.2464 - accuracy: 0.1770
 3500/10000 [=========>....................] - ETA: 1:41 - loss: 2.2306 - accuracy: 0.1929
 4000/10000 [===========>..................] - ETA: 1:33 - loss: 2.2160 - accuracy: 0.2023
 4500/10000 [============>.................] - ETA: 1:25 - loss: 2.2021 - accuracy: 0.2118
 5000/10000 [==============>...............] - ETA: 1:17 - loss: 2.1949 - accuracy: 0.2034
 5500/10000 [===============>..............] - ETA: 1:10 - loss: 2.1829 - accuracy: 0.2198
 6000/10000 [=================>............] - ETA: 1:02 - loss: 2.1620 - accuracy: 0.2355
 6500/10000 [==================>...........] - ETA: 54s - loss: 2.1387 - accuracy: 0.2555 
 7000/10000 [====================>.........] - ETA: 46s - loss: 2.1164 - accuracy: 0.2711
 7500/10000 [=====================>........] - ETA: 38s - loss: 2.1024 - accuracy: 0.2757
 8000/10000 [=======================>......] - ETA: 31s - loss: 2.0848 - accuracy: 0.2865
 8500/10000 [========================>.....] - ETA: 23s - loss: 2.0753 - accuracy: 0.2894
 9000/10000 [==========================>...] - ETA: 15s - loss: 2.0640 - accuracy: 0.2947
 9500/10000 [===========================>..] - ETA: 7s - loss: 2.0513 - accuracy: 0.2991 
10000/10000 [==============================] - 155s 16ms/step - loss: 2.0369 - accuracy: 0.3052 - val_loss: 1.7702 - val_accuracy: 0.3452
Epoch 2/5

  500/10000 [>.............................] - ETA: 2:23 - loss: 1.6836 - accuracy: 0.3720
 1000/10000 [==>...........................] - ETA: 2:15 - loss: 1.6941 - accuracy: 0.4020
 1500/10000 [===>..........................] - ETA: 2:09 - loss: 1.6571 - accuracy: 0.4207
 2000/10000 [=====>........................] - ETA: 2:02 - loss: 1.6292 - accuracy: 0.4445
 2500/10000 [======>.......................] - ETA: 1:53 - loss: 1.6156 - accuracy: 0.4364
 3000/10000 [========>.....................] - ETA: 1:44 - loss: 1.5986 - accuracy: 0.4577
 3500/10000 [=========>....................] - ETA: 1:36 - loss: 1.5877 - accuracy: 0.4597
 4000/10000 [===========>..................] - ETA: 1:29 - loss: 1.5805 - accuracy: 0.4575
 4500/10000 [============>.................] - ETA: 1:21 - loss: 1.5677 - accuracy: 0.4673
 5000/10000 [==============>...............] - ETA: 1:14 - loss: 1.5583 - accuracy: 0.4734
 5500/10000 [===============>..............] - ETA: 1:07 - loss: 1.5293 - accuracy: 0.4887
 6000/10000 [=================>............] - ETA: 1:00 - loss: 1.5096 - accuracy: 0.5003
 6500/10000 [==================>...........] - ETA: 52s - loss: 1.4930 - accuracy: 0.5086 
 7000/10000 [====================>.........] - ETA: 45s - loss: 1.4835 - accuracy: 0.5164
 7500/10000 [=====================>........] - ETA: 37s - loss: 1.4701 - accuracy: 0.5252
 8000/10000 [=======================>......] - ETA: 30s - loss: 1.4483 - accuracy: 0.5349
 8500/10000 [========================>.....] - ETA: 22s - loss: 1.4273 - accuracy: 0.5424
 9000/10000 [==========================>...] - ETA: 15s - loss: 1.4112 - accuracy: 0.5462
 9500/10000 [===========================>..] - ETA: 7s - loss: 1.3934 - accuracy: 0.5520 
10000/10000 [==============================] - 152s 15ms/step - loss: 1.3778 - accuracy: 0.5566 - val_loss: 1.2311 - val_accuracy: 0.6012
Epoch 3/5

  500/10000 [>.............................] - ETA: 2:34 - loss: 1.1727 - accuracy: 0.6180
 1000/10000 [==>...........................] - ETA: 2:24 - loss: 1.1613 - accuracy: 0.6090
 1500/10000 [===>..........................] - ETA: 2:13 - loss: 1.0925 - accuracy: 0.6380
 2000/10000 [=====>........................] - ETA: 2:05 - loss: 1.0943 - accuracy: 0.6370
 2500/10000 [======>.......................] - ETA: 1:57 - loss: 1.0566 - accuracy: 0.6556
 3000/10000 [========>.....................] - ETA: 1:49 - loss: 1.0242 - accuracy: 0.6670
 3500/10000 [=========>....................] - ETA: 1:40 - loss: 0.9927 - accuracy: 0.6786
 4000/10000 [===========>..................] - ETA: 1:32 - loss: 0.9931 - accuracy: 0.6808
 4500/10000 [============>.................] - ETA: 1:24 - loss: 0.9822 - accuracy: 0.6869
 5000/10000 [==============>...............] - ETA: 1:16 - loss: 0.9730 - accuracy: 0.6922
 5500/10000 [===============>..............] - ETA: 1:09 - loss: 0.9496 - accuracy: 0.7016
 6000/10000 [=================>............] - ETA: 1:01 - loss: 0.9445 - accuracy: 0.6995
 6500/10000 [==================>...........] - ETA: 53s - loss: 0.9552 - accuracy: 0.6920 
 7000/10000 [====================>.........] - ETA: 45s - loss: 0.9423 - accuracy: 0.6974
 7500/10000 [=====================>........] - ETA: 38s - loss: 0.9322 - accuracy: 0.7029
 8000/10000 [=======================>......] - ETA: 30s - loss: 0.9210 - accuracy: 0.7071
 8500/10000 [========================>.....] - ETA: 22s - loss: 0.9163 - accuracy: 0.7099
 9000/10000 [==========================>...] - ETA: 15s - loss: 0.9089 - accuracy: 0.7113
 9500/10000 [===========================>..] - ETA: 7s - loss: 0.9072 - accuracy: 0.7129 
10000/10000 [==============================] - 154s 15ms/step - loss: 0.8969 - accuracy: 0.7165 - val_loss: 0.7799 - val_accuracy: 0.7552
Epoch 4/5

  500/10000 [>.............................] - ETA: 2:27 - loss: 0.7108 - accuracy: 0.7680
 1000/10000 [==>...........................] - ETA: 2:20 - loss: 0.7082 - accuracy: 0.7800
 1500/10000 [===>..........................] - ETA: 2:11 - loss: 0.6538 - accuracy: 0.8007
 2000/10000 [=====>........................] - ETA: 2:04 - loss: 0.6449 - accuracy: 0.8005
 2500/10000 [======>.......................] - ETA: 1:56 - loss: 0.6452 - accuracy: 0.8000
 3000/10000 [========>.....................] - ETA: 1:47 - loss: 0.6656 - accuracy: 0.7850
 3500/10000 [=========>....................] - ETA: 1:39 - loss: 0.6806 - accuracy: 0.7783
 4000/10000 [===========>..................] - ETA: 1:32 - loss: 0.6996 - accuracy: 0.7697
 4500/10000 [============>.................] - ETA: 1:25 - loss: 0.7016 - accuracy: 0.7684
 5000/10000 [==============>...............] - ETA: 1:16 - loss: 0.6978 - accuracy: 0.7686
 5500/10000 [===============>..............] - ETA: 1:09 - loss: 0.7005 - accuracy: 0.7667
 6000/10000 [=================>............] - ETA: 1:01 - loss: 0.6913 - accuracy: 0.7705
 6500/10000 [==================>...........] - ETA: 53s - loss: 0.6903 - accuracy: 0.7708 
 7000/10000 [====================>.........] - ETA: 46s - loss: 0.6850 - accuracy: 0.7721
 7500/10000 [=====================>........] - ETA: 38s - loss: 0.6759 - accuracy: 0.7756
 8000/10000 [=======================>......] - ETA: 30s - loss: 0.6743 - accuracy: 0.7770
 8500/10000 [========================>.....] - ETA: 23s - loss: 0.6681 - accuracy: 0.7785
 9000/10000 [==========================>...] - ETA: 15s - loss: 0.6693 - accuracy: 0.7784
 9500/10000 [===========================>..] - ETA: 7s - loss: 0.6650 - accuracy: 0.7796 
10000/10000 [==============================] - 155s 16ms/step - loss: 0.6594 - accuracy: 0.7811 - val_loss: 0.6071 - val_accuracy: 0.8092
Epoch 5/5

  500/10000 [>.............................] - ETA: 2:32 - loss: 0.5380 - accuracy: 0.8500
 1000/10000 [==>...........................] - ETA: 2:21 - loss: 0.5611 - accuracy: 0.8190
 1500/10000 [===>..........................] - ETA: 2:13 - loss: 0.6035 - accuracy: 0.8107
 2000/10000 [=====>........................] - ETA: 2:03 - loss: 0.5864 - accuracy: 0.8155
 2500/10000 [======>.......................] - ETA: 1:57 - loss: 0.5864 - accuracy: 0.8128
 3000/10000 [========>.....................] - ETA: 1:49 - loss: 0.5826 - accuracy: 0.8103
 3500/10000 [=========>....................] - ETA: 1:41 - loss: 0.5697 - accuracy: 0.8126
 4000/10000 [===========>..................] - ETA: 1:33 - loss: 0.5648 - accuracy: 0.8170
 4500/10000 [============>.................] - ETA: 1:25 - loss: 0.5537 - accuracy: 0.8193
 5000/10000 [==============>...............] - ETA: 1:17 - loss: 0.5551 - accuracy: 0.8192
 5500/10000 [===============>..............] - ETA: 1:10 - loss: 0.5566 - accuracy: 0.8191
 6000/10000 [=================>............] - ETA: 1:02 - loss: 0.5482 - accuracy: 0.8222
 6500/10000 [==================>...........] - ETA: 54s - loss: 0.5472 - accuracy: 0.8226 
 7000/10000 [====================>.........] - ETA: 46s - loss: 0.5410 - accuracy: 0.8254
 7500/10000 [=====================>........] - ETA: 38s - loss: 0.5375 - accuracy: 0.8264
 8000/10000 [=======================>......] - ETA: 30s - loss: 0.5313 - accuracy: 0.8284
 8500/10000 [========================>.....] - ETA: 23s - loss: 0.5244 - accuracy: 0.8300
 9000/10000 [==========================>...] - ETA: 15s - loss: 0.5217 - accuracy: 0.8312
 9500/10000 [===========================>..] - ETA: 7s - loss: 0.5167 - accuracy: 0.8333 
10000/10000 [==============================] - 155s 15ms/step - loss: 0.5149 - accuracy: 0.8331 - val_loss: 0.5302 - val_accuracy: 0.8400
Latency --- 773.6666507720947 seconds ---
For delta=0.000100, the current epsilon is: 8.0198
Saving model with new accuracy, previous accuracy was 0.8296999931335449 and present is 0.8331000208854675
Saved model to disk
=====================Iteration========================== 5
For delta=0.000100, the current epsilon is: 8.0198
Noise Mutiplier 0.729
in grads Tensor("loss_4/mul:0", shape=(?,), dtype=float32)
Train on 10000 samples, validate on 2500 samples
Epoch 1/5

  500/10000 [>.............................] - ETA: 2:30 - loss: 2.3126 - accuracy: 0.1120
 1000/10000 [==>...........................] - ETA: 2:20 - loss: 2.2987 - accuracy: 0.1230
 1500/10000 [===>..........................] - ETA: 2:10 - loss: 2.2917 - accuracy: 0.1573
 2000/10000 [=====>........................] - ETA: 2:02 - loss: 2.2850 - accuracy: 0.1590
 2500/10000 [======>.......................] - ETA: 1:53 - loss: 2.2778 - accuracy: 0.1648
 3000/10000 [========>.....................] - ETA: 1:46 - loss: 2.2683 - accuracy: 0.1727
 3500/10000 [=========>....................] - ETA: 1:38 - loss: 2.2572 - accuracy: 0.1829
 4000/10000 [===========>..................] - ETA: 1:30 - loss: 2.2473 - accuracy: 0.1830
 4500/10000 [============>.................] - ETA: 1:22 - loss: 2.2368 - accuracy: 0.1904
 5000/10000 [==============>...............] - ETA: 1:15 - loss: 2.2231 - accuracy: 0.1988
 5500/10000 [===============>..............] - ETA: 1:08 - loss: 2.2080 - accuracy: 0.2122
 6000/10000 [=================>............] - ETA: 1:00 - loss: 2.1907 - accuracy: 0.2178
 6500/10000 [==================>...........] - ETA: 53s - loss: 2.1734 - accuracy: 0.2249 
 7000/10000 [====================>.........] - ETA: 45s - loss: 2.1632 - accuracy: 0.2304
 7500/10000 [=====================>........] - ETA: 37s - loss: 2.1548 - accuracy: 0.2332
 8000/10000 [=======================>......] - ETA: 30s - loss: 2.1461 - accuracy: 0.2336
 8500/10000 [========================>.....] - ETA: 22s - loss: 2.1331 - accuracy: 0.2440
 9000/10000 [==========================>...] - ETA: 15s - loss: 2.1158 - accuracy: 0.2542
 9500/10000 [===========================>..] - ETA: 7s - loss: 2.1031 - accuracy: 0.2629 
10000/10000 [==============================] - 152s 15ms/step - loss: 2.0901 - accuracy: 0.2707 - val_loss: 1.7022 - val_accuracy: 0.4596
Epoch 2/5

  500/10000 [>.............................] - ETA: 2:12 - loss: 1.6449 - accuracy: 0.4820
 1000/10000 [==>...........................] - ETA: 2:11 - loss: 1.6909 - accuracy: 0.4570
 1500/10000 [===>..........................] - ETA: 2:05 - loss: 1.7022 - accuracy: 0.4433
 2000/10000 [=====>........................] - ETA: 1:58 - loss: 1.7022 - accuracy: 0.4490
 2500/10000 [======>.......................] - ETA: 1:52 - loss: 1.7142 - accuracy: 0.4392
 3000/10000 [========>.....................] - ETA: 1:44 - loss: 1.7000 - accuracy: 0.4430
 3500/10000 [=========>....................] - ETA: 1:37 - loss: 1.6856 - accuracy: 0.4400
 4000/10000 [===========>..................] - ETA: 1:30 - loss: 1.6813 - accuracy: 0.4410
 4500/10000 [============>.................] - ETA: 1:23 - loss: 1.6482 - accuracy: 0.4647
 5000/10000 [==============>...............] - ETA: 1:16 - loss: 1.6227 - accuracy: 0.4716
 5500/10000 [===============>..............] - ETA: 1:08 - loss: 1.6186 - accuracy: 0.4725
 6000/10000 [=================>............] - ETA: 1:01 - loss: 1.6003 - accuracy: 0.4790
 6500/10000 [==================>...........] - ETA: 53s - loss: 1.5755 - accuracy: 0.4932 
 7000/10000 [====================>.........] - ETA: 45s - loss: 1.5503 - accuracy: 0.5014
 7500/10000 [=====================>........] - ETA: 38s - loss: 1.5424 - accuracy: 0.5005
 8000/10000 [=======================>......] - ETA: 30s - loss: 1.5302 - accuracy: 0.5035
 8500/10000 [========================>.....] - ETA: 22s - loss: 1.5096 - accuracy: 0.5112
 9000/10000 [==========================>...] - ETA: 15s - loss: 1.4954 - accuracy: 0.5161
 9500/10000 [===========================>..] - ETA: 7s - loss: 1.4724 - accuracy: 0.5261 
10000/10000 [==============================] - 154s 15ms/step - loss: 1.4500 - accuracy: 0.5349 - val_loss: 1.0578 - val_accuracy: 0.6880
Epoch 3/5

  500/10000 [>.............................] - ETA: 2:17 - loss: 0.9554 - accuracy: 0.7160
 1000/10000 [==>...........................] - ETA: 2:15 - loss: 1.0512 - accuracy: 0.6470
 1500/10000 [===>..........................] - ETA: 2:08 - loss: 1.0638 - accuracy: 0.6520
 2000/10000 [=====>........................] - ETA: 2:00 - loss: 1.0435 - accuracy: 0.6590
 2500/10000 [======>.......................] - ETA: 1:54 - loss: 1.0553 - accuracy: 0.6620
 3000/10000 [========>.....................] - ETA: 1:47 - loss: 1.0378 - accuracy: 0.6717
 3500/10000 [=========>....................] - ETA: 1:39 - loss: 1.0291 - accuracy: 0.6729
 4000/10000 [===========>..................] - ETA: 1:31 - loss: 1.0217 - accuracy: 0.6715
 4500/10000 [============>.................] - ETA: 1:24 - loss: 1.0148 - accuracy: 0.6756
 5000/10000 [==============>...............] - ETA: 1:16 - loss: 1.0070 - accuracy: 0.6770
 5500/10000 [===============>..............] - ETA: 1:08 - loss: 0.9934 - accuracy: 0.6831
 6000/10000 [=================>............] - ETA: 1:01 - loss: 0.9845 - accuracy: 0.6843
 6500/10000 [==================>...........] - ETA: 53s - loss: 0.9743 - accuracy: 0.6869 
 7000/10000 [====================>.........] - ETA: 45s - loss: 0.9761 - accuracy: 0.6861
 7500/10000 [=====================>........] - ETA: 38s - loss: 0.9712 - accuracy: 0.6855
 8000/10000 [=======================>......] - ETA: 30s - loss: 0.9699 - accuracy: 0.6859
 8500/10000 [========================>.....] - ETA: 22s - loss: 0.9672 - accuracy: 0.6862
 9000/10000 [==========================>...] - ETA: 15s - loss: 0.9555 - accuracy: 0.6904
 9500/10000 [===========================>..] - ETA: 7s - loss: 0.9471 - accuracy: 0.6944 
10000/10000 [==============================] - 154s 15ms/step - loss: 0.9432 - accuracy: 0.6967 - val_loss: 0.9461 - val_accuracy: 0.7120
Epoch 4/5

  500/10000 [>.............................] - ETA: 2:27 - loss: 0.8171 - accuracy: 0.7460
 1000/10000 [==>...........................] - ETA: 2:24 - loss: 0.7503 - accuracy: 0.7550
 1500/10000 [===>..........................] - ETA: 2:14 - loss: 0.7582 - accuracy: 0.7520
 2000/10000 [=====>........................] - ETA: 2:03 - loss: 0.7888 - accuracy: 0.7335
 2500/10000 [======>.......................] - ETA: 1:55 - loss: 0.7940 - accuracy: 0.7368
 3000/10000 [========>.....................] - ETA: 1:47 - loss: 0.8090 - accuracy: 0.7367
 3500/10000 [=========>....................] - ETA: 1:40 - loss: 0.7799 - accuracy: 0.7483
 4000/10000 [===========>..................] - ETA: 1:32 - loss: 0.7740 - accuracy: 0.7502
 4500/10000 [============>.................] - ETA: 1:24 - loss: 0.7656 - accuracy: 0.7551
 5000/10000 [==============>...............] - ETA: 1:16 - loss: 0.7586 - accuracy: 0.7560
 5500/10000 [===============>..............] - ETA: 1:08 - loss: 0.7560 - accuracy: 0.7582
 6000/10000 [=================>............] - ETA: 1:01 - loss: 0.7436 - accuracy: 0.7602
 6500/10000 [==================>...........] - ETA: 53s - loss: 0.7454 - accuracy: 0.7602 
 7000/10000 [====================>.........] - ETA: 45s - loss: 0.7265 - accuracy: 0.7667
 7500/10000 [=====================>........] - ETA: 38s - loss: 0.7196 - accuracy: 0.7695
 8000/10000 [=======================>......] - ETA: 30s - loss: 0.7190 - accuracy: 0.7691
 8500/10000 [========================>.....] - ETA: 23s - loss: 0.7159 - accuracy: 0.7704
 9000/10000 [==========================>...] - ETA: 15s - loss: 0.7196 - accuracy: 0.7671
 9500/10000 [===========================>..] - ETA: 7s - loss: 0.7152 - accuracy: 0.7691 
10000/10000 [==============================] - 154s 15ms/step - loss: 0.7142 - accuracy: 0.7687 - val_loss: 0.7698 - val_accuracy: 0.7772
Epoch 5/5

  500/10000 [>.............................] - ETA: 2:23 - loss: 0.6294 - accuracy: 0.8060
 1000/10000 [==>...........................] - ETA: 2:15 - loss: 0.5907 - accuracy: 0.8190
 1500/10000 [===>..........................] - ETA: 2:09 - loss: 0.5823 - accuracy: 0.8227
 2000/10000 [=====>........................] - ETA: 2:03 - loss: 0.5943 - accuracy: 0.8210
 2500/10000 [======>.......................] - ETA: 1:55 - loss: 0.6014 - accuracy: 0.8160
 3000/10000 [========>.....................] - ETA: 1:49 - loss: 0.5861 - accuracy: 0.8230
 3500/10000 [=========>....................] - ETA: 1:41 - loss: 0.5768 - accuracy: 0.8249
 4000/10000 [===========>..................] - ETA: 1:33 - loss: 0.5931 - accuracy: 0.8200
 4500/10000 [============>.................] - ETA: 1:25 - loss: 0.5884 - accuracy: 0.8216
 5000/10000 [==============>...............] - ETA: 1:17 - loss: 0.5740 - accuracy: 0.8270
 5500/10000 [===============>..............] - ETA: 1:10 - loss: 0.5683 - accuracy: 0.8262
 6000/10000 [=================>............] - ETA: 1:02 - loss: 0.5625 - accuracy: 0.8268
 6500/10000 [==================>...........] - ETA: 54s - loss: 0.5579 - accuracy: 0.8274 
 7000/10000 [====================>.........] - ETA: 46s - loss: 0.5656 - accuracy: 0.8243
 7500/10000 [=====================>........] - ETA: 38s - loss: 0.5786 - accuracy: 0.8211
 8000/10000 [=======================>......] - ETA: 30s - loss: 0.5808 - accuracy: 0.8196
 8500/10000 [========================>.....] - ETA: 23s - loss: 0.5704 - accuracy: 0.8224
 9000/10000 [==========================>...] - ETA: 15s - loss: 0.5681 - accuracy: 0.8230
 9500/10000 [===========================>..] - ETA: 7s - loss: 0.5710 - accuracy: 0.8229 
10000/10000 [==============================] - 155s 15ms/step - loss: 0.5712 - accuracy: 0.8224 - val_loss: 0.5861 - val_accuracy: 0.8152
Latency --- 770.7239618301392 seconds ---
For delta=0.000100, the current epsilon is: 8.0198
=====================Iteration========================== 6
For delta=0.000100, the current epsilon is: 8.0198
Noise Mutiplier 0.729
in grads Tensor("loss_5/mul:0", shape=(?,), dtype=float32)
Train on 10000 samples, validate on 2500 samples
Epoch 1/5

  500/10000 [>.............................] - ETA: 2:29 - loss: 2.3014 - accuracy: 0.1700
 1000/10000 [==>...........................] - ETA: 2:20 - loss: 2.2983 - accuracy: 0.1340
 1500/10000 [===>..........................] - ETA: 2:11 - loss: 2.2949 - accuracy: 0.1467
 2000/10000 [=====>........................] - ETA: 2:03 - loss: 2.2862 - accuracy: 0.1785
 2500/10000 [======>.......................] - ETA: 1:55 - loss: 2.2785 - accuracy: 0.1744
 3000/10000 [========>.....................] - ETA: 1:48 - loss: 2.2713 - accuracy: 0.1877
 3500/10000 [=========>....................] - ETA: 1:39 - loss: 2.2608 - accuracy: 0.2134
 4000/10000 [===========>..................] - ETA: 1:32 - loss: 2.2465 - accuracy: 0.2208
 4500/10000 [============>.................] - ETA: 1:23 - loss: 2.2287 - accuracy: 0.2404
 5000/10000 [==============>...............] - ETA: 1:16 - loss: 2.2163 - accuracy: 0.2414
 5500/10000 [===============>..............] - ETA: 1:08 - loss: 2.2064 - accuracy: 0.2387
 6000/10000 [=================>............] - ETA: 1:00 - loss: 2.2065 - accuracy: 0.2380
 6500/10000 [==================>...........] - ETA: 53s - loss: 2.1985 - accuracy: 0.2389 
 7000/10000 [====================>.........] - ETA: 45s - loss: 2.1901 - accuracy: 0.2393
 7500/10000 [=====================>........] - ETA: 38s - loss: 2.1781 - accuracy: 0.2403
 8000/10000 [=======================>......] - ETA: 30s - loss: 2.1668 - accuracy: 0.2442
 8500/10000 [========================>.....] - ETA: 22s - loss: 2.1536 - accuracy: 0.2465
 9000/10000 [==========================>...] - ETA: 15s - loss: 2.1376 - accuracy: 0.2506
 9500/10000 [===========================>..] - ETA: 7s - loss: 2.1268 - accuracy: 0.2547 
10000/10000 [==============================] - 154s 15ms/step - loss: 2.1144 - accuracy: 0.2559 - val_loss: 1.8714 - val_accuracy: 0.4112
Epoch 2/5

  500/10000 [>.............................] - ETA: 2:28 - loss: 1.8641 - accuracy: 0.4260
 1000/10000 [==>...........................] - ETA: 2:11 - loss: 1.7950 - accuracy: 0.4320
 1500/10000 [===>..........................] - ETA: 2:06 - loss: 1.7779 - accuracy: 0.4253
 2000/10000 [=====>........................] - ETA: 1:58 - loss: 1.7758 - accuracy: 0.3985
 2500/10000 [======>.......................] - ETA: 1:51 - loss: 1.7650 - accuracy: 0.4116
 3000/10000 [========>.....................] - ETA: 1:46 - loss: 1.7543 - accuracy: 0.4053
 3500/10000 [=========>....................] - ETA: 1:38 - loss: 1.7332 - accuracy: 0.4183
 4000/10000 [===========>..................] - ETA: 1:31 - loss: 1.7040 - accuracy: 0.4260
 4500/10000 [============>.................] - ETA: 1:23 - loss: 1.6924 - accuracy: 0.4289
 5000/10000 [==============>...............] - ETA: 1:16 - loss: 1.6758 - accuracy: 0.4292
 5500/10000 [===============>..............] - ETA: 1:09 - loss: 1.6646 - accuracy: 0.4380
 6000/10000 [=================>............] - ETA: 1:01 - loss: 1.6524 - accuracy: 0.4380
 6500/10000 [==================>...........] - ETA: 54s - loss: 1.6444 - accuracy: 0.4395 
 7000/10000 [====================>.........] - ETA: 46s - loss: 1.6317 - accuracy: 0.4497
 7500/10000 [=====================>........] - ETA: 38s - loss: 1.6195 - accuracy: 0.4537
 8000/10000 [=======================>......] - ETA: 30s - loss: 1.6123 - accuracy: 0.4544
 8500/10000 [========================>.....] - ETA: 23s - loss: 1.6006 - accuracy: 0.4567
 9000/10000 [==========================>...] - ETA: 15s - loss: 1.5909 - accuracy: 0.4596
 9500/10000 [===========================>..] - ETA: 7s - loss: 1.5831 - accuracy: 0.4611 
10000/10000 [==============================] - 155s 16ms/step - loss: 1.5721 - accuracy: 0.4646 - val_loss: 1.4110 - val_accuracy: 0.5344
Epoch 3/5

  500/10000 [>.............................] - ETA: 2:25 - loss: 1.3355 - accuracy: 0.5540
 1000/10000 [==>...........................] - ETA: 2:16 - loss: 1.3075 - accuracy: 0.5720
 1500/10000 [===>..........................] - ETA: 2:10 - loss: 1.3557 - accuracy: 0.5553
 2000/10000 [=====>........................] - ETA: 2:00 - loss: 1.3172 - accuracy: 0.5685
 2500/10000 [======>.......................] - ETA: 1:53 - loss: 1.3291 - accuracy: 0.5652
 3000/10000 [========>.....................] - ETA: 1:45 - loss: 1.2938 - accuracy: 0.5850
 3500/10000 [=========>....................] - ETA: 1:38 - loss: 1.2657 - accuracy: 0.5926
 4000/10000 [===========>..................] - ETA: 1:30 - loss: 1.2462 - accuracy: 0.6003
 4500/10000 [============>.................] - ETA: 1:23 - loss: 1.2279 - accuracy: 0.6067
 5000/10000 [==============>...............] - ETA: 1:16 - loss: 1.2193 - accuracy: 0.6050
 5500/10000 [===============>..............] - ETA: 1:08 - loss: 1.1938 - accuracy: 0.6167
 6000/10000 [=================>............] - ETA: 1:00 - loss: 1.1827 - accuracy: 0.6187
 6500/10000 [==================>...........] - ETA: 53s - loss: 1.1748 - accuracy: 0.6192 
 7000/10000 [====================>.........] - ETA: 45s - loss: 1.1734 - accuracy: 0.6190
 7500/10000 [=====================>........] - ETA: 37s - loss: 1.1530 - accuracy: 0.6273
 8000/10000 [=======================>......] - ETA: 30s - loss: 1.1561 - accuracy: 0.6242
 8500/10000 [========================>.....] - ETA: 22s - loss: 1.1411 - accuracy: 0.6293
 9000/10000 [==========================>...] - ETA: 15s - loss: 1.1554 - accuracy: 0.6259
 9500/10000 [===========================>..] - ETA: 7s - loss: 1.1443 - accuracy: 0.6297 
10000/10000 [==============================] - 153s 15ms/step - loss: 1.1288 - accuracy: 0.6349 - val_loss: 1.0257 - val_accuracy: 0.6824
Epoch 4/5

  500/10000 [>.............................] - ETA: 2:23 - loss: 1.0475 - accuracy: 0.6720
 1000/10000 [==>...........................] - ETA: 2:17 - loss: 1.0781 - accuracy: 0.6750
 1500/10000 [===>..........................] - ETA: 2:10 - loss: 1.0555 - accuracy: 0.6833
 2000/10000 [=====>........................] - ETA: 2:02 - loss: 1.0400 - accuracy: 0.6795
 2500/10000 [======>.......................] - ETA: 1:54 - loss: 0.9821 - accuracy: 0.7012
 3000/10000 [========>.....................] - ETA: 1:47 - loss: 0.9613 - accuracy: 0.7013
 3500/10000 [=========>....................] - ETA: 1:38 - loss: 0.9464 - accuracy: 0.7040
 4000/10000 [===========>..................] - ETA: 1:31 - loss: 0.9299 - accuracy: 0.7072
 4500/10000 [============>.................] - ETA: 1:23 - loss: 0.9073 - accuracy: 0.7158
 5000/10000 [==============>...............] - ETA: 1:16 - loss: 0.8903 - accuracy: 0.7222
 5500/10000 [===============>..............] - ETA: 1:08 - loss: 0.8739 - accuracy: 0.7251
 6000/10000 [=================>............] - ETA: 1:00 - loss: 0.8677 - accuracy: 0.7285
 6500/10000 [==================>...........] - ETA: 53s - loss: 0.8666 - accuracy: 0.7258 
 7000/10000 [====================>.........] - ETA: 45s - loss: 0.8653 - accuracy: 0.7257
 7500/10000 [=====================>........] - ETA: 37s - loss: 0.8691 - accuracy: 0.7227
 8000/10000 [=======================>......] - ETA: 30s - loss: 0.8718 - accuracy: 0.7207
 8500/10000 [========================>.....] - ETA: 22s - loss: 0.8626 - accuracy: 0.7225
 9000/10000 [==========================>...] - ETA: 15s - loss: 0.8606 - accuracy: 0.7222
 9500/10000 [===========================>..] - ETA: 7s - loss: 0.8605 - accuracy: 0.7207 
10000/10000 [==============================] - 152s 15ms/step - loss: 0.8549 - accuracy: 0.7225 - val_loss: 0.9185 - val_accuracy: 0.7116
Epoch 5/5

  500/10000 [>.............................] - ETA: 2:19 - loss: 0.8122 - accuracy: 0.7340
 1000/10000 [==>...........................] - ETA: 2:15 - loss: 0.7498 - accuracy: 0.7590
 1500/10000 [===>..........................] - ETA: 2:10 - loss: 0.7558 - accuracy: 0.7527
 2000/10000 [=====>........................] - ETA: 2:03 - loss: 0.7299 - accuracy: 0.7550
 2500/10000 [======>.......................] - ETA: 1:56 - loss: 0.7215 - accuracy: 0.7540
 3000/10000 [========>.....................] - ETA: 1:49 - loss: 0.7366 - accuracy: 0.7507
 3500/10000 [=========>....................] - ETA: 1:40 - loss: 0.7295 - accuracy: 0.7509
 4000/10000 [===========>..................] - ETA: 1:32 - loss: 0.7098 - accuracy: 0.7590
 4500/10000 [============>.................] - ETA: 1:24 - loss: 0.7075 - accuracy: 0.7600
 5000/10000 [==============>...............] - ETA: 1:17 - loss: 0.6975 - accuracy: 0.7654
 5500/10000 [===============>..............] - ETA: 1:09 - loss: 0.7171 - accuracy: 0.7575
 6000/10000 [=================>............] - ETA: 1:01 - loss: 0.7135 - accuracy: 0.7608
 6500/10000 [==================>...........] - ETA: 54s - loss: 0.7099 - accuracy: 0.7628 
 7000/10000 [====================>.........] - ETA: 46s - loss: 0.7019 - accuracy: 0.7650
 7500/10000 [=====================>........] - ETA: 38s - loss: 0.6955 - accuracy: 0.7667
 8000/10000 [=======================>......] - ETA: 30s - loss: 0.6918 - accuracy: 0.7682
 8500/10000 [========================>.....] - ETA: 23s - loss: 0.6865 - accuracy: 0.7706
 9000/10000 [==========================>...] - ETA: 15s - loss: 0.6811 - accuracy: 0.7729
 9500/10000 [===========================>..] - ETA: 7s - loss: 0.6762 - accuracy: 0.7736 
10000/10000 [==============================] - 155s 16ms/step - loss: 0.6763 - accuracy: 0.7739 - val_loss: 0.7848 - val_accuracy: 0.7460
Latency --- 772.2929487228394 seconds ---
For delta=0.000100, the current epsilon is: 8.0198
=====================Iteration========================== 7
For delta=0.000100, the current epsilon is: 8.0198
Noise Mutiplier 0.729
in grads Tensor("loss_6/mul:0", shape=(?,), dtype=float32)
Train on 10000 samples, validate on 2500 samples
Epoch 1/5

  500/10000 [>.............................] - ETA: 2:37 - loss: 2.2959 - accuracy: 0.1120
 1000/10000 [==>...........................] - ETA: 2:23 - loss: 2.2889 - accuracy: 0.1110
 1500/10000 [===>..........................] - ETA: 2:15 - loss: 2.2799 - accuracy: 0.1193
 2000/10000 [=====>........................] - ETA: 2:05 - loss: 2.2703 - accuracy: 0.1205
 2500/10000 [======>.......................] - ETA: 1:57 - loss: 2.2642 - accuracy: 0.1200
 3000/10000 [========>.....................] - ETA: 1:47 - loss: 2.2533 - accuracy: 0.1327
 3500/10000 [=========>....................] - ETA: 1:39 - loss: 2.2390 - accuracy: 0.1509
 4000/10000 [===========>..................] - ETA: 1:31 - loss: 2.2300 - accuracy: 0.1590
 4500/10000 [============>.................] - ETA: 1:24 - loss: 2.2169 - accuracy: 0.1740
 5000/10000 [==============>...............] - ETA: 1:16 - loss: 2.2062 - accuracy: 0.1806
 5500/10000 [===============>..............] - ETA: 1:08 - loss: 2.1910 - accuracy: 0.1924
 6000/10000 [=================>............] - ETA: 1:00 - loss: 2.1737 - accuracy: 0.1983
 6500/10000 [==================>...........] - ETA: 53s - loss: 2.1566 - accuracy: 0.2120 
 7000/10000 [====================>.........] - ETA: 45s - loss: 2.1418 - accuracy: 0.2116
 7500/10000 [=====================>........] - ETA: 37s - loss: 2.1223 - accuracy: 0.2236
 8000/10000 [=======================>......] - ETA: 30s - loss: 2.1113 - accuracy: 0.2231
 8500/10000 [========================>.....] - ETA: 22s - loss: 2.0963 - accuracy: 0.2324
 9000/10000 [==========================>...] - ETA: 15s - loss: 2.0753 - accuracy: 0.2459
 9500/10000 [===========================>..] - ETA: 7s - loss: 2.0529 - accuracy: 0.2579 
10000/10000 [==============================] - 153s 15ms/step - loss: 2.0367 - accuracy: 0.2641 - val_loss: 1.6347 - val_accuracy: 0.5376
Epoch 2/5

  500/10000 [>.............................] - ETA: 2:14 - loss: 1.5935 - accuracy: 0.5660
 1000/10000 [==>...........................] - ETA: 2:17 - loss: 1.5448 - accuracy: 0.5700
 1500/10000 [===>..........................] - ETA: 2:09 - loss: 1.5129 - accuracy: 0.5893
 2000/10000 [=====>........................] - ETA: 2:02 - loss: 1.4700 - accuracy: 0.6115
 2500/10000 [======>.......................] - ETA: 1:54 - loss: 1.4517 - accuracy: 0.5972
 3000/10000 [========>.....................] - ETA: 1:46 - loss: 1.4590 - accuracy: 0.5963
 3500/10000 [=========>....................] - ETA: 1:38 - loss: 1.4559 - accuracy: 0.5831
 4000/10000 [===========>..................] - ETA: 1:30 - loss: 1.4260 - accuracy: 0.5875
 4500/10000 [============>.................] - ETA: 1:22 - loss: 1.4070 - accuracy: 0.5907
 5000/10000 [==============>...............] - ETA: 1:15 - loss: 1.3904 - accuracy: 0.5918
 5500/10000 [===============>..............] - ETA: 1:07 - loss: 1.3777 - accuracy: 0.5916
 6000/10000 [=================>............] - ETA: 1:00 - loss: 1.3762 - accuracy: 0.5885
 6500/10000 [==================>...........] - ETA: 52s - loss: 1.3751 - accuracy: 0.5817 
 7000/10000 [====================>.........] - ETA: 45s - loss: 1.3630 - accuracy: 0.5900
 7500/10000 [=====================>........] - ETA: 37s - loss: 1.3491 - accuracy: 0.5935
 8000/10000 [=======================>......] - ETA: 29s - loss: 1.3414 - accuracy: 0.5943
 8500/10000 [========================>.....] - ETA: 22s - loss: 1.3230 - accuracy: 0.5987
 9000/10000 [==========================>...] - ETA: 14s - loss: 1.3068 - accuracy: 0.6040
 9500/10000 [===========================>..] - ETA: 7s - loss: 1.2935 - accuracy: 0.6057 
10000/10000 [==============================] - 150s 15ms/step - loss: 1.2824 - accuracy: 0.6081 - val_loss: 1.0933 - val_accuracy: 0.6936
Epoch 3/5

  500/10000 [>.............................] - ETA: 2:22 - loss: 0.8580 - accuracy: 0.7660
 1000/10000 [==>...........................] - ETA: 2:16 - loss: 0.9236 - accuracy: 0.7440
 1500/10000 [===>..........................] - ETA: 2:08 - loss: 0.9187 - accuracy: 0.7307
 2000/10000 [=====>........................] - ETA: 2:01 - loss: 0.9305 - accuracy: 0.7205
 2500/10000 [======>.......................] - ETA: 1:54 - loss: 0.9178 - accuracy: 0.7260
 3000/10000 [========>.....................] - ETA: 1:47 - loss: 0.9081 - accuracy: 0.7270
 3500/10000 [=========>....................] - ETA: 1:39 - loss: 0.9046 - accuracy: 0.7237
 4000/10000 [===========>..................] - ETA: 1:32 - loss: 0.8945 - accuracy: 0.7245
 4500/10000 [============>.................] - ETA: 1:24 - loss: 0.9009 - accuracy: 0.7173
 5000/10000 [==============>...............] - ETA: 1:16 - loss: 0.8910 - accuracy: 0.7202
 5500/10000 [===============>..............] - ETA: 1:08 - loss: 0.8840 - accuracy: 0.7205
 6000/10000 [=================>............] - ETA: 1:01 - loss: 0.8747 - accuracy: 0.7233
 6500/10000 [==================>...........] - ETA: 53s - loss: 0.8636 - accuracy: 0.7269 
 7000/10000 [====================>.........] - ETA: 45s - loss: 0.8508 - accuracy: 0.7310
 7500/10000 [=====================>........] - ETA: 38s - loss: 0.8458 - accuracy: 0.7309
 8000/10000 [=======================>......] - ETA: 30s - loss: 0.8467 - accuracy: 0.7304
 8500/10000 [========================>.....] - ETA: 23s - loss: 0.8401 - accuracy: 0.7338
 9000/10000 [==========================>...] - ETA: 15s - loss: 0.8346 - accuracy: 0.7350
 9500/10000 [===========================>..] - ETA: 7s - loss: 0.8273 - accuracy: 0.7383 
10000/10000 [==============================] - 154s 15ms/step - loss: 0.8222 - accuracy: 0.7394 - val_loss: 0.9002 - val_accuracy: 0.7404
Epoch 4/5

  500/10000 [>.............................] - ETA: 2:19 - loss: 0.7087 - accuracy: 0.7880
 1000/10000 [==>...........................] - ETA: 2:14 - loss: 0.7245 - accuracy: 0.7580
 1500/10000 [===>..........................] - ETA: 2:04 - loss: 0.7908 - accuracy: 0.7607
 2000/10000 [=====>........................] - ETA: 1:58 - loss: 0.7371 - accuracy: 0.7800
 2500/10000 [======>.......................] - ETA: 1:51 - loss: 0.7228 - accuracy: 0.7828
 3000/10000 [========>.....................] - ETA: 1:44 - loss: 0.7178 - accuracy: 0.7837
 3500/10000 [=========>....................] - ETA: 1:37 - loss: 0.7182 - accuracy: 0.7820
 4000/10000 [===========>..................] - ETA: 1:30 - loss: 0.7125 - accuracy: 0.7837
 4500/10000 [============>.................] - ETA: 1:23 - loss: 0.7199 - accuracy: 0.7813
 5000/10000 [==============>...............] - ETA: 1:15 - loss: 0.7173 - accuracy: 0.7820
 5500/10000 [===============>..............] - ETA: 1:07 - loss: 0.7215 - accuracy: 0.7807
 6000/10000 [=================>............] - ETA: 1:00 - loss: 0.7251 - accuracy: 0.7790
 6500/10000 [==================>...........] - ETA: 53s - loss: 0.7163 - accuracy: 0.7797 
 7000/10000 [====================>.........] - ETA: 45s - loss: 0.7079 - accuracy: 0.7804
 7500/10000 [=====================>........] - ETA: 37s - loss: 0.6979 - accuracy: 0.7828
 8000/10000 [=======================>......] - ETA: 30s - loss: 0.6870 - accuracy: 0.7878
 8500/10000 [========================>.....] - ETA: 22s - loss: 0.6786 - accuracy: 0.7894
 9000/10000 [==========================>...] - ETA: 15s - loss: 0.6848 - accuracy: 0.7869
 9500/10000 [===========================>..] - ETA: 7s - loss: 0.6822 - accuracy: 0.7875 
10000/10000 [==============================] - 151s 15ms/step - loss: 0.6752 - accuracy: 0.7906 - val_loss: 0.6374 - val_accuracy: 0.7896
Epoch 5/5

  500/10000 [>.............................] - ETA: 2:20 - loss: 0.5409 - accuracy: 0.8260
 1000/10000 [==>...........................] - ETA: 2:16 - loss: 0.5576 - accuracy: 0.8310
 1500/10000 [===>..........................] - ETA: 2:07 - loss: 0.5872 - accuracy: 0.8173
 2000/10000 [=====>........................] - ETA: 2:00 - loss: 0.5943 - accuracy: 0.8165
 2500/10000 [======>.......................] - ETA: 1:54 - loss: 0.5866 - accuracy: 0.8200
 3000/10000 [========>.....................] - ETA: 1:46 - loss: 0.5743 - accuracy: 0.8263
 3500/10000 [=========>....................] - ETA: 1:37 - loss: 0.6077 - accuracy: 0.8146
 4000/10000 [===========>..................] - ETA: 1:31 - loss: 0.6053 - accuracy: 0.8158
 4500/10000 [============>.................] - ETA: 1:23 - loss: 0.5985 - accuracy: 0.8178
 5000/10000 [==============>...............] - ETA: 1:15 - loss: 0.5948 - accuracy: 0.8168
 5500/10000 [===============>..............] - ETA: 1:08 - loss: 0.5965 - accuracy: 0.8151
 6000/10000 [=================>............] - ETA: 1:00 - loss: 0.6074 - accuracy: 0.8138
 6500/10000 [==================>...........] - ETA: 52s - loss: 0.6085 - accuracy: 0.8126 
 7000/10000 [====================>.........] - ETA: 45s - loss: 0.6145 - accuracy: 0.8093
 7500/10000 [=====================>........] - ETA: 37s - loss: 0.6084 - accuracy: 0.8120
 8000/10000 [=======================>......] - ETA: 30s - loss: 0.6133 - accuracy: 0.8090
 8500/10000 [========================>.....] - ETA: 22s - loss: 0.6066 - accuracy: 0.8113
 9000/10000 [==========================>...] - ETA: 15s - loss: 0.6068 - accuracy: 0.8104
 9500/10000 [===========================>..] - ETA: 7s - loss: 0.6096 - accuracy: 0.8112 
10000/10000 [==============================] - 151s 15ms/step - loss: 0.6016 - accuracy: 0.8142 - val_loss: 0.6349 - val_accuracy: 0.8044
Latency --- 761.6167950630188 seconds ---
For delta=0.000100, the current epsilon is: 8.0198
=====================Iteration========================== 8
For delta=0.000100, the current epsilon is: 8.0198
Noise Mutiplier 0.729
in grads Tensor("loss_7/mul:0", shape=(?,), dtype=float32)
Train on 10000 samples, validate on 2500 samples
Epoch 1/5

  500/10000 [>.............................] - ETA: 2:35 - loss: 2.3063 - accuracy: 0.0600
 1000/10000 [==>...........................] - ETA: 2:18 - loss: 2.3054 - accuracy: 0.0810
 1500/10000 [===>..........................] - ETA: 2:07 - loss: 2.2978 - accuracy: 0.1187
 2000/10000 [=====>........................] - ETA: 2:00 - loss: 2.2915 - accuracy: 0.1365
 2500/10000 [======>.......................] - ETA: 1:52 - loss: 2.2839 - accuracy: 0.1600
 3000/10000 [========>.....................] - ETA: 1:45 - loss: 2.2764 - accuracy: 0.1730
 3500/10000 [=========>....................] - ETA: 1:38 - loss: 2.2682 - accuracy: 0.1980
 4000/10000 [===========>..................] - ETA: 1:30 - loss: 2.2577 - accuracy: 0.2122
 4500/10000 [============>.................] - ETA: 1:21 - loss: 2.2474 - accuracy: 0.2142
 5000/10000 [==============>...............] - ETA: 1:14 - loss: 2.2347 - accuracy: 0.2312
 5500/10000 [===============>..............] - ETA: 1:07 - loss: 2.2209 - accuracy: 0.2400
 6000/10000 [=================>............] - ETA: 59s - loss: 2.2053 - accuracy: 0.2560 
 6500/10000 [==================>...........] - ETA: 52s - loss: 2.1856 - accuracy: 0.2700
 7000/10000 [====================>.........] - ETA: 45s - loss: 2.1681 - accuracy: 0.2817
 7500/10000 [=====================>........] - ETA: 37s - loss: 2.1525 - accuracy: 0.2877
 8000/10000 [=======================>......] - ETA: 29s - loss: 2.1344 - accuracy: 0.2951
 8500/10000 [========================>.....] - ETA: 22s - loss: 2.1248 - accuracy: 0.3034
 9000/10000 [==========================>...] - ETA: 14s - loss: 2.1040 - accuracy: 0.3119
 9500/10000 [===========================>..] - ETA: 7s - loss: 2.0892 - accuracy: 0.3168 
10000/10000 [==============================] - 152s 15ms/step - loss: 2.0751 - accuracy: 0.3176 - val_loss: 1.7913 - val_accuracy: 0.4496
Epoch 2/5

  500/10000 [>.............................] - ETA: 2:18 - loss: 1.7635 - accuracy: 0.4460
 1000/10000 [==>...........................] - ETA: 2:15 - loss: 1.7678 - accuracy: 0.4300
 1500/10000 [===>..........................] - ETA: 2:08 - loss: 1.7419 - accuracy: 0.4660
 2000/10000 [=====>........................] - ETA: 2:02 - loss: 1.7055 - accuracy: 0.4765
 2500/10000 [======>.......................] - ETA: 1:53 - loss: 1.7001 - accuracy: 0.4828
 3000/10000 [========>.....................] - ETA: 1:44 - loss: 1.7023 - accuracy: 0.4833
 3500/10000 [=========>....................] - ETA: 1:36 - loss: 1.6929 - accuracy: 0.4797
 4000/10000 [===========>..................] - ETA: 1:29 - loss: 1.6714 - accuracy: 0.4825
 4500/10000 [============>.................] - ETA: 1:21 - loss: 1.6510 - accuracy: 0.4907
 5000/10000 [==============>...............] - ETA: 1:14 - loss: 1.6356 - accuracy: 0.4916
 5500/10000 [===============>..............] - ETA: 1:07 - loss: 1.6228 - accuracy: 0.4918
 6000/10000 [=================>............] - ETA: 59s - loss: 1.6010 - accuracy: 0.4977 
 6500/10000 [==================>...........] - ETA: 52s - loss: 1.5987 - accuracy: 0.5002
 7000/10000 [====================>.........] - ETA: 44s - loss: 1.5861 - accuracy: 0.5010
 7500/10000 [=====================>........] - ETA: 37s - loss: 1.5711 - accuracy: 0.5057
 8000/10000 [=======================>......] - ETA: 30s - loss: 1.5653 - accuracy: 0.5052
 8500/10000 [========================>.....] - ETA: 22s - loss: 1.5601 - accuracy: 0.5034
 9000/10000 [==========================>...] - ETA: 15s - loss: 1.5517 - accuracy: 0.5052
 9500/10000 [===========================>..] - ETA: 7s - loss: 1.5390 - accuracy: 0.5091 
10000/10000 [==============================] - 150s 15ms/step - loss: 1.5259 - accuracy: 0.5155 - val_loss: 1.2299 - val_accuracy: 0.6188
Epoch 3/5

  500/10000 [>.............................] - ETA: 2:23 - loss: 1.0908 - accuracy: 0.6660
 1000/10000 [==>...........................] - ETA: 2:15 - loss: 1.1096 - accuracy: 0.6670
 1500/10000 [===>..........................] - ETA: 2:07 - loss: 1.1161 - accuracy: 0.6553
 2000/10000 [=====>........................] - ETA: 1:59 - loss: 1.1766 - accuracy: 0.6250
 2500/10000 [======>.......................] - ETA: 1:52 - loss: 1.2061 - accuracy: 0.6088
 3000/10000 [========>.....................] - ETA: 1:44 - loss: 1.2053 - accuracy: 0.6093
 3500/10000 [=========>....................] - ETA: 1:37 - loss: 1.1823 - accuracy: 0.6209
 4000/10000 [===========>..................] - ETA: 1:29 - loss: 1.1639 - accuracy: 0.6277
 4500/10000 [============>.................] - ETA: 1:21 - loss: 1.1716 - accuracy: 0.6178
 5000/10000 [==============>...............] - ETA: 1:13 - loss: 1.1566 - accuracy: 0.6238
 5500/10000 [===============>..............] - ETA: 1:06 - loss: 1.1467 - accuracy: 0.6231
 6000/10000 [=================>............] - ETA: 59s - loss: 1.1467 - accuracy: 0.6240 
 6500/10000 [==================>...........] - ETA: 51s - loss: 1.1286 - accuracy: 0.6312
 7000/10000 [====================>.........] - ETA: 44s - loss: 1.1208 - accuracy: 0.6321
 7500/10000 [=====================>........] - ETA: 37s - loss: 1.1216 - accuracy: 0.6308
 8000/10000 [=======================>......] - ETA: 29s - loss: 1.1131 - accuracy: 0.6316
 8500/10000 [========================>.....] - ETA: 22s - loss: 1.1035 - accuracy: 0.6359
 9000/10000 [==========================>...] - ETA: 14s - loss: 1.0972 - accuracy: 0.6386
 9500/10000 [===========================>..] - ETA: 7s - loss: 1.0944 - accuracy: 0.6418 
10000/10000 [==============================] - 150s 15ms/step - loss: 1.0800 - accuracy: 0.6462 - val_loss: 1.0667 - val_accuracy: 0.6640
Epoch 4/5

  500/10000 [>.............................] - ETA: 2:16 - loss: 0.9445 - accuracy: 0.6900
 1000/10000 [==>...........................] - ETA: 2:14 - loss: 0.9115 - accuracy: 0.7010
 1500/10000 [===>..........................] - ETA: 2:09 - loss: 0.9171 - accuracy: 0.7013
 2000/10000 [=====>........................] - ETA: 2:02 - loss: 0.8949 - accuracy: 0.7130
 2500/10000 [======>.......................] - ETA: 1:54 - loss: 0.8958 - accuracy: 0.7148
 3000/10000 [========>.....................] - ETA: 1:46 - loss: 0.8775 - accuracy: 0.7260
 3500/10000 [=========>....................] - ETA: 1:38 - loss: 0.8579 - accuracy: 0.7331
 4000/10000 [===========>..................] - ETA: 1:31 - loss: 0.8442 - accuracy: 0.7390
 4500/10000 [============>.................] - ETA: 1:24 - loss: 0.8349 - accuracy: 0.7402
 5000/10000 [==============>...............] - ETA: 1:16 - loss: 0.8331 - accuracy: 0.7392
 5500/10000 [===============>..............] - ETA: 1:08 - loss: 0.8369 - accuracy: 0.7391
 6000/10000 [=================>............] - ETA: 1:00 - loss: 0.8321 - accuracy: 0.7393
 6500/10000 [==================>...........] - ETA: 52s - loss: 0.8392 - accuracy: 0.7360 
 7000/10000 [====================>.........] - ETA: 45s - loss: 0.8375 - accuracy: 0.7369
 7500/10000 [=====================>........] - ETA: 37s - loss: 0.8310 - accuracy: 0.7380
 8000/10000 [=======================>......] - ETA: 30s - loss: 0.8316 - accuracy: 0.7361
 8500/10000 [========================>.....] - ETA: 22s - loss: 0.8252 - accuracy: 0.7380
 9000/10000 [==========================>...] - ETA: 15s - loss: 0.8274 - accuracy: 0.7352
 9500/10000 [===========================>..] - ETA: 7s - loss: 0.8239 - accuracy: 0.7361 
10000/10000 [==============================] - 151s 15ms/step - loss: 0.8192 - accuracy: 0.7381 - val_loss: 0.8239 - val_accuracy: 0.7436
Epoch 5/5

  500/10000 [>.............................] - ETA: 2:23 - loss: 0.7194 - accuracy: 0.7900
 1000/10000 [==>...........................] - ETA: 2:12 - loss: 0.7480 - accuracy: 0.7750
 1500/10000 [===>..........................] - ETA: 2:05 - loss: 0.7960 - accuracy: 0.7533
 2000/10000 [=====>........................] - ETA: 1:58 - loss: 0.7857 - accuracy: 0.7590
 2500/10000 [======>.......................] - ETA: 1:51 - loss: 0.7816 - accuracy: 0.7528
 3000/10000 [========>.....................] - ETA: 1:43 - loss: 0.7781 - accuracy: 0.7523
 3500/10000 [=========>....................] - ETA: 1:36 - loss: 0.7686 - accuracy: 0.7523
 4000/10000 [===========>..................] - ETA: 1:28 - loss: 0.7539 - accuracy: 0.7605
 4500/10000 [============>.................] - ETA: 1:21 - loss: 0.7463 - accuracy: 0.7611
 5000/10000 [==============>...............] - ETA: 1:14 - loss: 0.7453 - accuracy: 0.7640
 5500/10000 [===============>..............] - ETA: 1:07 - loss: 0.7294 - accuracy: 0.7680
 6000/10000 [=================>............] - ETA: 59s - loss: 0.7265 - accuracy: 0.7720 
 6500/10000 [==================>...........] - ETA: 52s - loss: 0.7199 - accuracy: 0.7748
 7000/10000 [====================>.........] - ETA: 44s - loss: 0.7128 - accuracy: 0.7771
 7500/10000 [=====================>........] - ETA: 37s - loss: 0.7034 - accuracy: 0.7793
 8000/10000 [=======================>......] - ETA: 29s - loss: 0.6976 - accuracy: 0.7800
 8500/10000 [========================>.....] - ETA: 22s - loss: 0.6934 - accuracy: 0.7807
 9000/10000 [==========================>...] - ETA: 14s - loss: 0.6902 - accuracy: 0.7824
 9500/10000 [===========================>..] - ETA: 7s - loss: 0.6926 - accuracy: 0.7815 
10000/10000 [==============================] - 149s 15ms/step - loss: 0.6791 - accuracy: 0.7866 - val_loss: 0.6205 - val_accuracy: 0.8120
Latency --- 754.8967833518982 seconds ---
For delta=0.000100, the current epsilon is: 8.0198
=====================Iteration========================== 9
For delta=0.000100, the current epsilon is: 8.0198
Noise Mutiplier 0.729
in grads Tensor("loss_8/mul:0", shape=(?,), dtype=float32)
Train on 10000 samples, validate on 2500 samples
Epoch 1/5

  500/10000 [>.............................] - ETA: 2:31 - loss: 2.3068 - accuracy: 0.1260
 1000/10000 [==>...........................] - ETA: 2:24 - loss: 2.2981 - accuracy: 0.1330
 1500/10000 [===>..........................] - ETA: 2:13 - loss: 2.2873 - accuracy: 0.1873
 2000/10000 [=====>........................] - ETA: 2:03 - loss: 2.2791 - accuracy: 0.2040
 2500/10000 [======>.......................] - ETA: 1:55 - loss: 2.2713 - accuracy: 0.2264
 3000/10000 [========>.....................] - ETA: 1:47 - loss: 2.2613 - accuracy: 0.2313
 3500/10000 [=========>....................] - ETA: 1:40 - loss: 2.2499 - accuracy: 0.2263
 4000/10000 [===========>..................] - ETA: 1:33 - loss: 2.2349 - accuracy: 0.2395
 4500/10000 [============>.................] - ETA: 1:25 - loss: 2.2185 - accuracy: 0.2567
 5000/10000 [==============>...............] - ETA: 1:17 - loss: 2.2052 - accuracy: 0.2562
 5500/10000 [===============>..............] - ETA: 1:10 - loss: 2.1934 - accuracy: 0.2695
 6000/10000 [=================>............] - ETA: 1:02 - loss: 2.1875 - accuracy: 0.2667
 6500/10000 [==================>...........] - ETA: 54s - loss: 2.1767 - accuracy: 0.2665 
 7000/10000 [====================>.........] - ETA: 47s - loss: 2.1619 - accuracy: 0.2679
 7500/10000 [=====================>........] - ETA: 39s - loss: 2.1430 - accuracy: 0.2808
 8000/10000 [=======================>......] - ETA: 31s - loss: 2.1252 - accuracy: 0.2830
 8500/10000 [========================>.....] - ETA: 23s - loss: 2.1100 - accuracy: 0.2896
 9000/10000 [==========================>...] - ETA: 15s - loss: 2.0911 - accuracy: 0.3009
 9500/10000 [===========================>..] - ETA: 7s - loss: 2.0709 - accuracy: 0.3084 
10000/10000 [==============================] - 157s 16ms/step - loss: 2.0465 - accuracy: 0.3204 - val_loss: 1.6284 - val_accuracy: 0.5492
Epoch 2/5

  500/10000 [>.............................] - ETA: 2:21 - loss: 1.5218 - accuracy: 0.5800
 1000/10000 [==>...........................] - ETA: 2:11 - loss: 1.5219 - accuracy: 0.5700
 1500/10000 [===>..........................] - ETA: 2:06 - loss: 1.5334 - accuracy: 0.5500
 2000/10000 [=====>........................] - ETA: 2:00 - loss: 1.4724 - accuracy: 0.5770
 2500/10000 [======>.......................] - ETA: 1:54 - loss: 1.4719 - accuracy: 0.5736
 3000/10000 [========>.....................] - ETA: 1:46 - loss: 1.4558 - accuracy: 0.5770
 3500/10000 [=========>....................] - ETA: 1:40 - loss: 1.4321 - accuracy: 0.5771
 4000/10000 [===========>..................] - ETA: 1:32 - loss: 1.4173 - accuracy: 0.5853
 4500/10000 [============>.................] - ETA: 1:25 - loss: 1.3999 - accuracy: 0.5862
 5000/10000 [==============>...............] - ETA: 1:17 - loss: 1.3854 - accuracy: 0.5956
 5500/10000 [===============>..............] - ETA: 1:09 - loss: 1.3628 - accuracy: 0.6016
 6000/10000 [=================>............] - ETA: 1:02 - loss: 1.3445 - accuracy: 0.6098
 6500/10000 [==================>...........] - ETA: 54s - loss: 1.3433 - accuracy: 0.6083 
 7000/10000 [====================>.........] - ETA: 46s - loss: 1.3255 - accuracy: 0.6137
 7500/10000 [=====================>........] - ETA: 38s - loss: 1.3201 - accuracy: 0.6161
 8000/10000 [=======================>......] - ETA: 30s - loss: 1.3108 - accuracy: 0.6199
 8500/10000 [========================>.....] - ETA: 23s - loss: 1.2958 - accuracy: 0.6236
 9000/10000 [==========================>...] - ETA: 15s - loss: 1.2875 - accuracy: 0.6239
 9500/10000 [===========================>..] - ETA: 7s - loss: 1.2729 - accuracy: 0.6296 
10000/10000 [==============================] - 155s 16ms/step - loss: 1.2659 - accuracy: 0.6280 - val_loss: 1.4042 - val_accuracy: 0.4952
Epoch 3/5

  500/10000 [>.............................] - ETA: 2:19 - loss: 1.3070 - accuracy: 0.5240
 1000/10000 [==>...........................] - ETA: 2:13 - loss: 1.1406 - accuracy: 0.6090
 1500/10000 [===>..........................] - ETA: 2:10 - loss: 1.0973 - accuracy: 0.6287
 2000/10000 [=====>........................] - ETA: 2:01 - loss: 1.0953 - accuracy: 0.6255
 2500/10000 [======>.......................] - ETA: 1:54 - loss: 1.0649 - accuracy: 0.6468
 3000/10000 [========>.....................] - ETA: 1:47 - loss: 1.0582 - accuracy: 0.6503
 3500/10000 [=========>....................] - ETA: 1:40 - loss: 1.0412 - accuracy: 0.6551
 4000/10000 [===========>..................] - ETA: 1:32 - loss: 1.0289 - accuracy: 0.6562
 4500/10000 [============>.................] - ETA: 1:23 - loss: 1.0439 - accuracy: 0.6484
 5000/10000 [==============>...............] - ETA: 1:16 - loss: 1.0406 - accuracy: 0.6528
 5500/10000 [===============>..............] - ETA: 1:08 - loss: 1.0365 - accuracy: 0.6545
 6000/10000 [=================>............] - ETA: 1:01 - loss: 1.0270 - accuracy: 0.6575
 6500/10000 [==================>...........] - ETA: 53s - loss: 1.0079 - accuracy: 0.6640 
 7000/10000 [====================>.........] - ETA: 45s - loss: 0.9979 - accuracy: 0.6661
 7500/10000 [=====================>........] - ETA: 38s - loss: 0.9875 - accuracy: 0.6716
 8000/10000 [=======================>......] - ETA: 30s - loss: 0.9706 - accuracy: 0.6776
 8500/10000 [========================>.....] - ETA: 22s - loss: 0.9635 - accuracy: 0.6799
 9000/10000 [==========================>...] - ETA: 15s - loss: 0.9600 - accuracy: 0.6814
 9500/10000 [===========================>..] - ETA: 7s - loss: 0.9461 - accuracy: 0.6871 
10000/10000 [==============================] - 153s 15ms/step - loss: 0.9429 - accuracy: 0.6874 - val_loss: 0.8624 - val_accuracy: 0.7316
Epoch 4/5

  500/10000 [>.............................] - ETA: 2:19 - loss: 0.8057 - accuracy: 0.7500
 1000/10000 [==>...........................] - ETA: 2:16 - loss: 0.7965 - accuracy: 0.7350
 1500/10000 [===>..........................] - ETA: 2:11 - loss: 0.8364 - accuracy: 0.7333
 2000/10000 [=====>........................] - ETA: 2:03 - loss: 0.8023 - accuracy: 0.7410
 2500/10000 [======>.......................] - ETA: 1:56 - loss: 0.7875 - accuracy: 0.7464
 3000/10000 [========>.....................] - ETA: 1:49 - loss: 0.7793 - accuracy: 0.7443
 3500/10000 [=========>....................] - ETA: 1:41 - loss: 0.7726 - accuracy: 0.7503
 4000/10000 [===========>..................] - ETA: 1:33 - loss: 0.7537 - accuracy: 0.7555
 4500/10000 [============>.................] - ETA: 1:25 - loss: 0.7538 - accuracy: 0.7558
 5000/10000 [==============>...............] - ETA: 1:17 - loss: 0.7434 - accuracy: 0.7574
 5500/10000 [===============>..............] - ETA: 1:09 - loss: 0.7349 - accuracy: 0.7615
 6000/10000 [=================>............] - ETA: 1:01 - loss: 0.7390 - accuracy: 0.7602
 6500/10000 [==================>...........] - ETA: 53s - loss: 0.7296 - accuracy: 0.7631 
 7000/10000 [====================>.........] - ETA: 46s - loss: 0.7278 - accuracy: 0.7653
 7500/10000 [=====================>........] - ETA: 38s - loss: 0.7293 - accuracy: 0.7649
 8000/10000 [=======================>......] - ETA: 30s - loss: 0.7262 - accuracy: 0.7667
 8500/10000 [========================>.....] - ETA: 23s - loss: 0.7154 - accuracy: 0.7700
 9000/10000 [==========================>...] - ETA: 15s - loss: 0.7065 - accuracy: 0.7726
 9500/10000 [===========================>..] - ETA: 7s - loss: 0.7001 - accuracy: 0.7741 
10000/10000 [==============================] - 154s 15ms/step - loss: 0.6943 - accuracy: 0.7773 - val_loss: 0.8079 - val_accuracy: 0.7472
Epoch 5/5

  500/10000 [>.............................] - ETA: 2:32 - loss: 0.6192 - accuracy: 0.7960
 1000/10000 [==>...........................] - ETA: 2:20 - loss: 0.6421 - accuracy: 0.7960
 1500/10000 [===>..........................] - ETA: 2:11 - loss: 0.6438 - accuracy: 0.7953
 2000/10000 [=====>........................] - ETA: 2:03 - loss: 0.6681 - accuracy: 0.7855
 2500/10000 [======>.......................] - ETA: 1:55 - loss: 0.6553 - accuracy: 0.7896
 3000/10000 [========>.....................] - ETA: 1:46 - loss: 0.6667 - accuracy: 0.7883
 3500/10000 [=========>....................] - ETA: 1:38 - loss: 0.6635 - accuracy: 0.7874
 4000/10000 [===========>..................] - ETA: 1:31 - loss: 0.6633 - accuracy: 0.7855
 4500/10000 [============>.................] - ETA: 1:24 - loss: 0.6616 - accuracy: 0.7880
 5000/10000 [==============>...............] - ETA: 1:16 - loss: 0.6550 - accuracy: 0.7896
 5500/10000 [===============>..............] - ETA: 1:08 - loss: 0.6396 - accuracy: 0.7942
 6000/10000 [=================>............] - ETA: 1:01 - loss: 0.6369 - accuracy: 0.7948
 6500/10000 [==================>...........] - ETA: 53s - loss: 0.6277 - accuracy: 0.7974 
 7000/10000 [====================>.........] - ETA: 45s - loss: 0.6155 - accuracy: 0.8009
 7500/10000 [=====================>........] - ETA: 38s - loss: 0.6122 - accuracy: 0.8020
 8000/10000 [=======================>......] - ETA: 30s - loss: 0.6184 - accuracy: 0.8006
 8500/10000 [========================>.....] - ETA: 22s - loss: 0.6204 - accuracy: 0.8008
 9000/10000 [==========================>...] - ETA: 15s - loss: 0.6172 - accuracy: 0.8014
 9500/10000 [===========================>..] - ETA: 7s - loss: 0.6224 - accuracy: 0.8001 
10000/10000 [==============================] - 153s 15ms/step - loss: 0.6160 - accuracy: 0.8017 - val_loss: 0.6257 - val_accuracy: 0.8040
Latency --- 776.0976760387421 seconds ---
For delta=0.000100, the current epsilon is: 8.0198
=====================Iteration========================== 10
For delta=0.000100, the current epsilon is: 8.0198
Noise Mutiplier 0.729
in grads Tensor("loss_9/mul:0", shape=(?,), dtype=float32)
Train on 10000 samples, validate on 2500 samples
Epoch 1/5

  500/10000 [>.............................] - ETA: 2:39 - loss: 2.3063 - accuracy: 0.0860
 1000/10000 [==>...........................] - ETA: 2:24 - loss: 2.2958 - accuracy: 0.0930
 1500/10000 [===>..........................] - ETA: 2:12 - loss: 2.2907 - accuracy: 0.1127
 2000/10000 [=====>........................] - ETA: 2:03 - loss: 2.2844 - accuracy: 0.1245
 2500/10000 [======>.......................] - ETA: 1:55 - loss: 2.2771 - accuracy: 0.1588
 3000/10000 [========>.....................] - ETA: 1:47 - loss: 2.2689 - accuracy: 0.1860
 3500/10000 [=========>....................] - ETA: 1:38 - loss: 2.2613 - accuracy: 0.1949
 4000/10000 [===========>..................] - ETA: 1:31 - loss: 2.2505 - accuracy: 0.2128
 4500/10000 [============>.................] - ETA: 1:23 - loss: 2.2371 - accuracy: 0.2424
 5000/10000 [==============>...............] - ETA: 1:15 - loss: 2.2240 - accuracy: 0.2524
 5500/10000 [===============>..............] - ETA: 1:08 - loss: 2.2116 - accuracy: 0.2631
 6000/10000 [=================>............] - ETA: 1:00 - loss: 2.1980 - accuracy: 0.2687
 6500/10000 [==================>...........] - ETA: 53s - loss: 2.1822 - accuracy: 0.2738 
 7000/10000 [====================>.........] - ETA: 45s - loss: 2.1713 - accuracy: 0.2747
 7500/10000 [=====================>........] - ETA: 37s - loss: 2.1632 - accuracy: 0.2764
 8000/10000 [=======================>......] - ETA: 30s - loss: 2.1496 - accuracy: 0.2835
 8500/10000 [========================>.....] - ETA: 22s - loss: 2.1353 - accuracy: 0.2908
 9000/10000 [==========================>...] - ETA: 15s - loss: 2.1226 - accuracy: 0.2947
 9500/10000 [===========================>..] - ETA: 7s - loss: 2.1093 - accuracy: 0.2997 
10000/10000 [==============================] - 152s 15ms/step - loss: 2.0979 - accuracy: 0.3021 - val_loss: 1.8746 - val_accuracy: 0.3988
Epoch 2/5

  500/10000 [>.............................] - ETA: 2:23 - loss: 1.8447 - accuracy: 0.3800
 1000/10000 [==>...........................] - ETA: 2:20 - loss: 1.7812 - accuracy: 0.3970
 1500/10000 [===>..........................] - ETA: 2:14 - loss: 1.7645 - accuracy: 0.4113
 2000/10000 [=====>........................] - ETA: 2:05 - loss: 1.7637 - accuracy: 0.4125
 2500/10000 [======>.......................] - ETA: 1:56 - loss: 1.7457 - accuracy: 0.4276
 3000/10000 [========>.....................] - ETA: 1:47 - loss: 1.7192 - accuracy: 0.4393
 3500/10000 [=========>....................] - ETA: 1:40 - loss: 1.7085 - accuracy: 0.4463
 4000/10000 [===========>..................] - ETA: 1:32 - loss: 1.6992 - accuracy: 0.4525
 4500/10000 [============>.................] - ETA: 1:24 - loss: 1.6810 - accuracy: 0.4616
 5000/10000 [==============>...............] - ETA: 1:17 - loss: 1.6786 - accuracy: 0.4600
 5500/10000 [===============>..............] - ETA: 1:09 - loss: 1.6724 - accuracy: 0.4564
 6000/10000 [=================>............] - ETA: 1:01 - loss: 1.6526 - accuracy: 0.4685
 6500/10000 [==================>...........] - ETA: 54s - loss: 1.6371 - accuracy: 0.4762 
 7000/10000 [====================>.........] - ETA: 46s - loss: 1.6303 - accuracy: 0.4790
 7500/10000 [=====================>........] - ETA: 38s - loss: 1.6122 - accuracy: 0.4837
 8000/10000 [=======================>......] - ETA: 30s - loss: 1.5967 - accuracy: 0.4876
 8500/10000 [========================>.....] - ETA: 23s - loss: 1.5864 - accuracy: 0.4892
 9000/10000 [==========================>...] - ETA: 15s - loss: 1.5728 - accuracy: 0.4913
 9500/10000 [===========================>..] - ETA: 7s - loss: 1.5549 - accuracy: 0.4968 
10000/10000 [==============================] - 154s 15ms/step - loss: 1.5366 - accuracy: 0.5019 - val_loss: 1.1995 - val_accuracy: 0.6204
Epoch 3/5

  500/10000 [>.............................] - ETA: 2:33 - loss: 1.0445 - accuracy: 0.6960
 1000/10000 [==>...........................] - ETA: 2:14 - loss: 1.1137 - accuracy: 0.6470
 1500/10000 [===>..........................] - ETA: 2:09 - loss: 1.1467 - accuracy: 0.6193
 2000/10000 [=====>........................] - ETA: 2:01 - loss: 1.1450 - accuracy: 0.6220
 2500/10000 [======>.......................] - ETA: 1:55 - loss: 1.1358 - accuracy: 0.6212
 3000/10000 [========>.....................] - ETA: 1:47 - loss: 1.1258 - accuracy: 0.6240
 3500/10000 [=========>....................] - ETA: 1:39 - loss: 1.1277 - accuracy: 0.6294
 4000/10000 [===========>..................] - ETA: 1:32 - loss: 1.1271 - accuracy: 0.6240
 4500/10000 [============>.................] - ETA: 1:24 - loss: 1.1266 - accuracy: 0.6216
 5000/10000 [==============>...............] - ETA: 1:16 - loss: 1.1289 - accuracy: 0.6184
 5500/10000 [===============>..............] - ETA: 1:09 - loss: 1.1244 - accuracy: 0.6220
 6000/10000 [=================>............] - ETA: 1:01 - loss: 1.1061 - accuracy: 0.6285
 6500/10000 [==================>...........] - ETA: 53s - loss: 1.0963 - accuracy: 0.6322 
 7000/10000 [====================>.........] - ETA: 46s - loss: 1.0939 - accuracy: 0.6329
 7500/10000 [=====================>........] - ETA: 38s - loss: 1.0898 - accuracy: 0.6332
 8000/10000 [=======================>......] - ETA: 30s - loss: 1.0856 - accuracy: 0.6350
 8500/10000 [========================>.....] - ETA: 23s - loss: 1.0760 - accuracy: 0.6388
 9000/10000 [==========================>...] - ETA: 15s - loss: 1.0689 - accuracy: 0.6419
 9500/10000 [===========================>..] - ETA: 7s - loss: 1.0604 - accuracy: 0.6451 
10000/10000 [==============================] - 154s 15ms/step - loss: 1.0523 - accuracy: 0.6484 - val_loss: 1.0061 - val_accuracy: 0.6740
Epoch 4/5

  500/10000 [>.............................] - ETA: 2:30 - loss: 0.9221 - accuracy: 0.7140
 1000/10000 [==>...........................] - ETA: 2:22 - loss: 0.9140 - accuracy: 0.7030
 1500/10000 [===>..........................] - ETA: 2:14 - loss: 0.8962 - accuracy: 0.7167
 2000/10000 [=====>........................] - ETA: 2:07 - loss: 0.8619 - accuracy: 0.7275
 2500/10000 [======>.......................] - ETA: 1:58 - loss: 0.8451 - accuracy: 0.7300
 3000/10000 [========>.....................] - ETA: 1:49 - loss: 0.8349 - accuracy: 0.7317
 3500/10000 [=========>....................] - ETA: 1:40 - loss: 0.8276 - accuracy: 0.7349
 4000/10000 [===========>..................] - ETA: 1:32 - loss: 0.8211 - accuracy: 0.7360
 4500/10000 [============>.................] - ETA: 1:24 - loss: 0.8016 - accuracy: 0.7422
 5000/10000 [==============>...............] - ETA: 1:17 - loss: 0.7909 - accuracy: 0.7476
 5500/10000 [===============>..............] - ETA: 1:09 - loss: 0.7792 - accuracy: 0.7516
 6000/10000 [=================>............] - ETA: 1:02 - loss: 0.7795 - accuracy: 0.7523
 6500/10000 [==================>...........] - ETA: 54s - loss: 0.7873 - accuracy: 0.7485 
 7000/10000 [====================>.........] - ETA: 46s - loss: 0.7896 - accuracy: 0.7479
 7500/10000 [=====================>........] - ETA: 38s - loss: 0.7826 - accuracy: 0.7517
 8000/10000 [=======================>......] - ETA: 31s - loss: 0.7764 - accuracy: 0.7534
 8500/10000 [========================>.....] - ETA: 23s - loss: 0.7748 - accuracy: 0.7531
 9000/10000 [==========================>...] - ETA: 15s - loss: 0.7674 - accuracy: 0.7562
 9500/10000 [===========================>..] - ETA: 7s - loss: 0.7623 - accuracy: 0.7578 
10000/10000 [==============================] - 156s 16ms/step - loss: 0.7595 - accuracy: 0.7594 - val_loss: 0.7952 - val_accuracy: 0.7376
Epoch 5/5

  500/10000 [>.............................] - ETA: 2:23 - loss: 0.6440 - accuracy: 0.8000
 1000/10000 [==>...........................] - ETA: 2:19 - loss: 0.7227 - accuracy: 0.7710
 1500/10000 [===>..........................] - ETA: 2:12 - loss: 0.6878 - accuracy: 0.7760
 2000/10000 [=====>........................] - ETA: 2:04 - loss: 0.7042 - accuracy: 0.7780
 2500/10000 [======>.......................] - ETA: 1:56 - loss: 0.7141 - accuracy: 0.7688
 3000/10000 [========>.....................] - ETA: 1:47 - loss: 0.7019 - accuracy: 0.7740
 3500/10000 [=========>....................] - ETA: 1:39 - loss: 0.7272 - accuracy: 0.7617
 4000/10000 [===========>..................] - ETA: 1:31 - loss: 0.7189 - accuracy: 0.7645
 4500/10000 [============>.................] - ETA: 1:23 - loss: 0.7049 - accuracy: 0.7671
 5000/10000 [==============>...............] - ETA: 1:16 - loss: 0.6880 - accuracy: 0.7730
 5500/10000 [===============>..............] - ETA: 1:08 - loss: 0.6789 - accuracy: 0.7778
 6000/10000 [=================>............] - ETA: 1:01 - loss: 0.6729 - accuracy: 0.7827
 6500/10000 [==================>...........] - ETA: 53s - loss: 0.6659 - accuracy: 0.7863 
 7000/10000 [====================>.........] - ETA: 46s - loss: 0.6583 - accuracy: 0.7887
 7500/10000 [=====================>........] - ETA: 38s - loss: 0.6480 - accuracy: 0.7917
 8000/10000 [=======================>......] - ETA: 30s - loss: 0.6451 - accuracy: 0.7930
 8500/10000 [========================>.....] - ETA: 23s - loss: 0.6396 - accuracy: 0.7946
 9000/10000 [==========================>...] - ETA: 15s - loss: 0.6358 - accuracy: 0.7959
 9500/10000 [===========================>..] - ETA: 7s - loss: 0.6329 - accuracy: 0.7964 
10000/10000 [==============================] - 155s 15ms/step - loss: 0.6275 - accuracy: 0.7986 - val_loss: 0.5963 - val_accuracy: 0.8152
Latency --- 775.6905424594879 seconds ---
For delta=0.000100, the current epsilon is: 8.0198
