=====================ITERATION 1==========================
We are using Tensorflow version 1.15.2
Keras API version: 2.3.1
=====================Iteration========================== 1
Noise Mutiplier 1.49
loss= <keras.losses.CategoricalCrossentropy object at 0x1018f5bb90>

# Evaluate on test data

  500/10000 [>.............................] - ETA: 6s
 1000/10000 [==>...........................] - ETA: 3s
 1500/10000 [===>..........................] - ETA: 2s
 2000/10000 [=====>........................] - ETA: 2s
 2500/10000 [======>.......................] - ETA: 1s
 3000/10000 [========>.....................] - ETA: 1s
 3500/10000 [=========>....................] - ETA: 1s
 4000/10000 [===========>..................] - ETA: 1s
 4500/10000 [============>.................] - ETA: 1s
 5000/10000 [==============>...............] - ETA: 0s
 5500/10000 [===============>..............] - ETA: 0s
 6000/10000 [=================>............] - ETA: 0s
 6500/10000 [==================>...........] - ETA: 0s
 7000/10000 [====================>.........] - ETA: 0s
 7500/10000 [=====================>........] - ETA: 0s
 8000/10000 [=======================>......] - ETA: 0s
 8500/10000 [========================>.....] - ETA: 0s
 9000/10000 [==========================>...] - ETA: 0s
 9500/10000 [===========================>..] - ETA: 0s
10000/10000 [==============================] - 1s 144us/step
Accuracy: 63.16999793052673
Latency --- 1.6641883850097656 seconds ---
trained with DP
=====================ITERATION 2==========================
We are using Tensorflow version 1.15.2
Keras API version: 2.3.1
=====================Iteration========================== 1
Noise Mutiplier 1.49
loss= <keras.losses.CategoricalCrossentropy object at 0x1018889850>

# Evaluate on test data

  500/10000 [>.............................] - ETA: 6s
 1000/10000 [==>...........................] - ETA: 3s
 1500/10000 [===>..........................] - ETA: 2s
 2000/10000 [=====>........................] - ETA: 2s
 2500/10000 [======>.......................] - ETA: 1s
 3000/10000 [========>.....................] - ETA: 1s
 3500/10000 [=========>....................] - ETA: 1s
 4500/10000 [============>.................] - ETA: 0s
 5000/10000 [==============>...............] - ETA: 0s
 5500/10000 [===============>..............] - ETA: 0s
 6000/10000 [=================>............] - ETA: 0s
 6500/10000 [==================>...........] - ETA: 0s
 7000/10000 [====================>.........] - ETA: 0s
 7500/10000 [=====================>........] - ETA: 0s
 8000/10000 [=======================>......] - ETA: 0s
 8500/10000 [========================>.....] - ETA: 0s
 9000/10000 [==========================>...] - ETA: 0s
 9500/10000 [===========================>..] - ETA: 0s
10000/10000 [==============================] - 1s 141us/step
Accuracy: 63.16999793052673
Latency --- 1.6255302429199219 seconds ---
trained with DP
=====================ITERATION 3==========================
We are using Tensorflow version 1.15.2
Keras API version: 2.3.1
=====================Iteration========================== 1
Noise Mutiplier 1.49
loss= <keras.losses.CategoricalCrossentropy object at 0x10184b71d0>

# Evaluate on test data

  500/10000 [>.............................] - ETA: 6s
 1000/10000 [==>...........................] - ETA: 3s
 1500/10000 [===>..........................] - ETA: 2s
 2000/10000 [=====>........................] - ETA: 2s
 2500/10000 [======>.......................] - ETA: 1s
 3000/10000 [========>.....................] - ETA: 1s
 3500/10000 [=========>....................] - ETA: 1s
 4500/10000 [============>.................] - ETA: 0s
 5000/10000 [==============>...............] - ETA: 0s
 5500/10000 [===============>..............] - ETA: 0s
 6000/10000 [=================>............] - ETA: 0s
 6500/10000 [==================>...........] - ETA: 0s
 7000/10000 [====================>.........] - ETA: 0s
 7500/10000 [=====================>........] - ETA: 0s
 8000/10000 [=======================>......] - ETA: 0s
 8500/10000 [========================>.....] - ETA: 0s
 9000/10000 [==========================>...] - ETA: 0s
 9500/10000 [===========================>..] - ETA: 0s
10000/10000 [==============================] - 1s 144us/step
Accuracy: 63.16999793052673
Latency --- 1.6652183532714844 seconds ---
trained with DP
=====================ITERATION 4==========================
We are using Tensorflow version 1.15.2
Keras API version: 2.3.1
=====================Iteration========================== 1
Noise Mutiplier 1.49
loss= <keras.losses.CategoricalCrossentropy object at 0x1018c61050>

# Evaluate on test data

  500/10000 [>.............................] - ETA: 6s
 1000/10000 [==>...........................] - ETA: 3s
 1500/10000 [===>..........................] - ETA: 2s
 2000/10000 [=====>........................] - ETA: 2s
 2500/10000 [======>.......................] - ETA: 1s
 3000/10000 [========>.....................] - ETA: 1s
 3500/10000 [=========>....................] - ETA: 1s
 4000/10000 [===========>..................] - ETA: 1s
 4500/10000 [============>.................] - ETA: 0s
 5000/10000 [==============>...............] - ETA: 0s
 5500/10000 [===============>..............] - ETA: 0s
 6000/10000 [=================>............] - ETA: 0s
 6500/10000 [==================>...........] - ETA: 0s
 7000/10000 [====================>.........] - ETA: 0s
 7500/10000 [=====================>........] - ETA: 0s
 8000/10000 [=======================>......] - ETA: 0s
 8500/10000 [========================>.....] - ETA: 0s
 9000/10000 [==========================>...] - ETA: 0s
 9500/10000 [===========================>..] - ETA: 0s
10000/10000 [==============================] - 1s 143us/step
Accuracy: 63.16999793052673
Latency --- 1.6500763893127441 seconds ---
trained with DP
=====================ITERATION 5==========================
We are using Tensorflow version 1.15.2
Keras API version: 2.3.1
=====================Iteration========================== 1
Noise Mutiplier 1.49
loss= <keras.losses.CategoricalCrossentropy object at 0x10184afc10>

# Evaluate on test data

  500/10000 [>.............................] - ETA: 6s
 1000/10000 [==>...........................] - ETA: 3s
 1500/10000 [===>..........................] - ETA: 2s
 2000/10000 [=====>........................] - ETA: 2s
 2500/10000 [======>.......................] - ETA: 1s
 3000/10000 [========>.....................] - ETA: 1s
 3500/10000 [=========>....................] - ETA: 1s
 4000/10000 [===========>..................] - ETA: 1s
 4500/10000 [============>.................] - ETA: 0s
 5000/10000 [==============>...............] - ETA: 0s
 5500/10000 [===============>..............] - ETA: 0s
 6000/10000 [=================>............] - ETA: 0s
 6500/10000 [==================>...........] - ETA: 0s
 7000/10000 [====================>.........] - ETA: 0s
 7500/10000 [=====================>........] - ETA: 0s
 8000/10000 [=======================>......] - ETA: 0s
 9000/10000 [==========================>...] - ETA: 0s
 9500/10000 [===========================>..] - ETA: 0s
10000/10000 [==============================] - 1s 143us/step
Accuracy: 63.16999793052673
Latency --- 1.6499531269073486 seconds ---
trained with DP
=====================ITERATION 6==========================
We are using Tensorflow version 1.15.2
Keras API version: 2.3.1
=====================Iteration========================== 1
Noise Mutiplier 1.49
loss= <keras.losses.CategoricalCrossentropy object at 0x101878fed0>

# Evaluate on test data

  500/10000 [>.............................] - ETA: 6s
 1000/10000 [==>...........................] - ETA: 3s
 1500/10000 [===>..........................] - ETA: 2s
 2000/10000 [=====>........................] - ETA: 2s
 2500/10000 [======>.......................] - ETA: 1s
 3000/10000 [========>.....................] - ETA: 1s
 3500/10000 [=========>....................] - ETA: 1s
 4000/10000 [===========>..................] - ETA: 1s
 4500/10000 [============>.................] - ETA: 0s
 5000/10000 [==============>...............] - ETA: 0s
 5500/10000 [===============>..............] - ETA: 0s
 6000/10000 [=================>............] - ETA: 0s
 6500/10000 [==================>...........] - ETA: 0s
 7000/10000 [====================>.........] - ETA: 0s
 7500/10000 [=====================>........] - ETA: 0s
 8000/10000 [=======================>......] - ETA: 0s
 8500/10000 [========================>.....] - ETA: 0s
 9000/10000 [==========================>...] - ETA: 0s
 9500/10000 [===========================>..] - ETA: 0s
10000/10000 [==============================] - 1s 144us/step
Accuracy: 63.16999793052673
Latency --- 1.6600937843322754 seconds ---
trained with DP
=====================ITERATION 7==========================
We are using Tensorflow version 1.15.2
Keras API version: 2.3.1
=====================Iteration========================== 1
Noise Mutiplier 1.49
loss= <keras.losses.CategoricalCrossentropy object at 0x1018889710>

# Evaluate on test data

  500/10000 [>.............................] - ETA: 6s
 1000/10000 [==>...........................] - ETA: 3s
 1500/10000 [===>..........................] - ETA: 2s
 2000/10000 [=====>........................] - ETA: 2s
 2500/10000 [======>.......................] - ETA: 1s
 3000/10000 [========>.....................] - ETA: 1s
 3500/10000 [=========>....................] - ETA: 1s
 4000/10000 [===========>..................] - ETA: 1s
 4500/10000 [============>.................] - ETA: 0s
 5000/10000 [==============>...............] - ETA: 0s
 5500/10000 [===============>..............] - ETA: 0s
 6000/10000 [=================>............] - ETA: 0s
 6500/10000 [==================>...........] - ETA: 0s
 7000/10000 [====================>.........] - ETA: 0s
 7500/10000 [=====================>........] - ETA: 0s
 8000/10000 [=======================>......] - ETA: 0s
 8500/10000 [========================>.....] - ETA: 0s
 9000/10000 [==========================>...] - ETA: 0s
 9500/10000 [===========================>..] - ETA: 0s
10000/10000 [==============================] - 1s 143us/step
Accuracy: 63.16999793052673
Latency --- 1.650543212890625 seconds ---
trained with DP
=====================ITERATION 8==========================
We are using Tensorflow version 1.15.2
Keras API version: 2.3.1
=====================Iteration========================== 1
Noise Mutiplier 1.49
loss= <keras.losses.CategoricalCrossentropy object at 0x1018f7ae10>

# Evaluate on test data

  500/10000 [>.............................] - ETA: 6s
 1000/10000 [==>...........................] - ETA: 3s
 1500/10000 [===>..........................] - ETA: 2s
 2500/10000 [======>.......................] - ETA: 1s
 3000/10000 [========>.....................] - ETA: 1s
 3500/10000 [=========>....................] - ETA: 1s
 4000/10000 [===========>..................] - ETA: 1s
 4500/10000 [============>.................] - ETA: 0s
 5000/10000 [==============>...............] - ETA: 0s
 5500/10000 [===============>..............] - ETA: 0s
 6000/10000 [=================>............] - ETA: 0s
 6500/10000 [==================>...........] - ETA: 0s
 7000/10000 [====================>.........] - ETA: 0s
 7500/10000 [=====================>........] - ETA: 0s
 8000/10000 [=======================>......] - ETA: 0s
 8500/10000 [========================>.....] - ETA: 0s
 9000/10000 [==========================>...] - ETA: 0s
 9500/10000 [===========================>..] - ETA: 0s
10000/10000 [==============================] - 1s 143us/step
Accuracy: 63.16999793052673
Latency --- 1.648857593536377 seconds ---
trained with DP
=====================ITERATION 9==========================
We are using Tensorflow version 1.15.2
Keras API version: 2.3.1
=====================Iteration========================== 1
Noise Mutiplier 1.49
loss= <keras.losses.CategoricalCrossentropy object at 0x101802be10>

# Evaluate on test data

  500/10000 [>.............................] - ETA: 6s
 1000/10000 [==>...........................] - ETA: 3s
 1500/10000 [===>..........................] - ETA: 2s
 2000/10000 [=====>........................] - ETA: 2s
 2500/10000 [======>.......................] - ETA: 1s
 3000/10000 [========>.....................] - ETA: 1s
 3500/10000 [=========>....................] - ETA: 1s
 4000/10000 [===========>..................] - ETA: 1s
 4500/10000 [============>.................] - ETA: 0s
 5000/10000 [==============>...............] - ETA: 0s
 5500/10000 [===============>..............] - ETA: 0s
 6000/10000 [=================>............] - ETA: 0s
 6500/10000 [==================>...........] - ETA: 0s
 7000/10000 [====================>.........] - ETA: 0s
 7500/10000 [=====================>........] - ETA: 0s
 8000/10000 [=======================>......] - ETA: 0s
 8500/10000 [========================>.....] - ETA: 0s
 9000/10000 [==========================>...] - ETA: 0s
 9500/10000 [===========================>..] - ETA: 0s
10000/10000 [==============================] - 1s 144us/step
Accuracy: 63.16999793052673
Latency --- 1.6584692001342773 seconds ---
trained with DP
=====================ITERATION 10==========================
We are using Tensorflow version 1.15.2
Keras API version: 2.3.1
=====================Iteration========================== 1
Noise Mutiplier 1.49
loss= <keras.losses.CategoricalCrossentropy object at 0x10181ca1d0>

# Evaluate on test data

  500/10000 [>.............................] - ETA: 7s
 1000/10000 [==>...........................] - ETA: 4s
 1500/10000 [===>..........................] - ETA: 3s
 2000/10000 [=====>........................] - ETA: 2s
 2500/10000 [======>.......................] - ETA: 2s
 3000/10000 [========>.....................] - ETA: 1s
 3500/10000 [=========>....................] - ETA: 1s
 4000/10000 [===========>..................] - ETA: 1s
 4500/10000 [============>.................] - ETA: 1s
 5000/10000 [==============>...............] - ETA: 1s
 5500/10000 [===============>..............] - ETA: 0s
 6000/10000 [=================>............] - ETA: 0s
 6500/10000 [==================>...........] - ETA: 0s
 7000/10000 [====================>.........] - ETA: 0s
 7500/10000 [=====================>........] - ETA: 0s
 8000/10000 [=======================>......] - ETA: 0s
 8500/10000 [========================>.....] - ETA: 0s
 9000/10000 [==========================>...] - ETA: 0s
 9500/10000 [===========================>..] - ETA: 0s
10000/10000 [==============================] - 2s 166us/step
Accuracy: 63.16999793052673
Latency --- 1.881181240081787 seconds ---
trained with DP
