
=====================ITERATION 1==========================
We are using Tensorflow version 1.15.2
Keras API version: 2.3.1
=====================Iteration========================== 1
Noise Mutiplier 30
Downloading data from https://s3.amazonaws.com/img-datasets/mnist.npz

    8192/11490434 [..............................] - ETA: 0s
   24576/11490434 [..............................] - ETA: 46s
   57344/11490434 [..............................] - ETA: 40s
   90112/11490434 [..............................] - ETA: 38s
  196608/11490434 [..............................] - ETA: 23s
  417792/11490434 [>.............................] - ETA: 13s
  753664/11490434 [>.............................] - ETA: 8s 
 1138688/11490434 [=>............................] - ETA: 6s
 1556480/11490434 [===>..........................] - ETA: 5s
 2629632/11490434 [=====>........................] - ETA: 3s
 3366912/11490434 [=======>......................] - ETA: 2s
 4202496/11490434 [=========>....................] - ETA: 2s
 6889472/11490434 [================>.............] - ETA: 0s
 7020544/11490434 [=================>............] - ETA: 0s
 7675904/11490434 [===================>..........] - ETA: 0s
 8970240/11490434 [======================>.......] - ETA: 0s
10772480/11490434 [===========================>..] - ETA: 0s
11493376/11490434 [==============================] - 2s 0us/step

# Evaluate on test data

  500/10000 [>.............................] - ETA: 6s
 1000/10000 [==>...........................] - ETA: 3s
 1500/10000 [===>..........................] - ETA: 2s
 2000/10000 [=====>........................] - ETA: 2s
 2500/10000 [======>.......................] - ETA: 1s
 3000/10000 [========>.....................] - ETA: 1s
 3500/10000 [=========>....................] - ETA: 1s
 4000/10000 [===========>..................] - ETA: 1s
 4500/10000 [============>.................] - ETA: 0s
 5000/10000 [==============>...............] - ETA: 0s
 5500/10000 [===============>..............] - ETA: 0s
 6000/10000 [=================>............] - ETA: 0s
 6500/10000 [==================>...........] - ETA: 0s
 7000/10000 [====================>.........] - ETA: 0s
 7500/10000 [=====================>........] - ETA: 0s
 8000/10000 [=======================>......] - ETA: 0s
 8500/10000 [========================>.....] - ETA: 0s
 9000/10000 [==========================>...] - ETA: 0s
 9500/10000 [===========================>..] - ETA: 0s
10000/10000 [==============================] - 1s 142us/step
Accuracy: 94.9899971485138
Latency --- 1.6447453498840332 seconds ---
Trained with vanilla non-private SGD optimizer
=====================ITERATION 2==========================
We are using Tensorflow version 1.15.2
Keras API version: 2.3.1
=====================Iteration========================== 1
Noise Mutiplier 30

# Evaluate on test data

  500/10000 [>.............................] - ETA: 6s
 1000/10000 [==>...........................] - ETA: 3s
 1500/10000 [===>..........................] - ETA: 2s
 2000/10000 [=====>........................] - ETA: 2s
 2500/10000 [======>.......................] - ETA: 1s
 3000/10000 [========>.....................] - ETA: 1s
 3500/10000 [=========>....................] - ETA: 1s
 4000/10000 [===========>..................] - ETA: 1s
 4500/10000 [============>.................] - ETA: 0s
 5000/10000 [==============>...............] - ETA: 0s
 5500/10000 [===============>..............] - ETA: 0s
 6000/10000 [=================>............] - ETA: 0s
 6500/10000 [==================>...........] - ETA: 0s
 7000/10000 [====================>.........] - ETA: 0s
 7500/10000 [=====================>........] - ETA: 0s
 8000/10000 [=======================>......] - ETA: 0s
 8500/10000 [========================>.....] - ETA: 0s
 9000/10000 [==========================>...] - ETA: 0s
 9500/10000 [===========================>..] - ETA: 0s
10000/10000 [==============================] - 1s 144us/step
Accuracy: 94.9899971485138
Latency --- 1.661217451095581 seconds ---
Trained with vanilla non-private SGD optimizer
=====================ITERATION 3==========================
We are using Tensorflow version 1.15.2
Keras API version: 2.3.1
=====================Iteration========================== 1
Noise Mutiplier 30

# Evaluate on test data

  500/10000 [>.............................] - ETA: 6s
 1000/10000 [==>...........................] - ETA: 3s
 1500/10000 [===>..........................] - ETA: 2s
 2000/10000 [=====>........................] - ETA: 2s
 2500/10000 [======>.......................] - ETA: 1s
 3000/10000 [========>.....................] - ETA: 1s
 3500/10000 [=========>....................] - ETA: 1s
 4500/10000 [============>.................] - ETA: 0s
 5000/10000 [==============>...............] - ETA: 0s
 5500/10000 [===============>..............] - ETA: 0s
 6000/10000 [=================>............] - ETA: 0s
 6500/10000 [==================>...........] - ETA: 0s
 7000/10000 [====================>.........] - ETA: 0s
 7500/10000 [=====================>........] - ETA: 0s
 8000/10000 [=======================>......] - ETA: 0s
 8500/10000 [========================>.....] - ETA: 0s
 9000/10000 [==========================>...] - ETA: 0s
 9500/10000 [===========================>..] - ETA: 0s
10000/10000 [==============================] - 1s 143us/step
Accuracy: 94.9899971485138
Latency --- 1.6578733921051025 seconds ---
Trained with vanilla non-private SGD optimizer
=====================ITERATION 4==========================
We are using Tensorflow version 1.15.2
Keras API version: 2.3.1
=====================Iteration========================== 1
Noise Mutiplier 30

# Evaluate on test data

  500/10000 [>.............................] - ETA: 6s
 1000/10000 [==>...........................] - ETA: 3s
 1500/10000 [===>..........................] - ETA: 2s
 2000/10000 [=====>........................] - ETA: 2s
 2500/10000 [======>.......................] - ETA: 1s
 3000/10000 [========>.....................] - ETA: 1s
 3500/10000 [=========>....................] - ETA: 1s
 4000/10000 [===========>..................] - ETA: 1s
 4500/10000 [============>.................] - ETA: 0s
 5000/10000 [==============>...............] - ETA: 0s
 5500/10000 [===============>..............] - ETA: 0s
 6000/10000 [=================>............] - ETA: 0s
 6500/10000 [==================>...........] - ETA: 0s
 7000/10000 [====================>.........] - ETA: 0s
 7500/10000 [=====================>........] - ETA: 0s
 8000/10000 [=======================>......] - ETA: 0s
 8500/10000 [========================>.....] - ETA: 0s
 9000/10000 [==========================>...] - ETA: 0s
 9500/10000 [===========================>..] - ETA: 0s
10000/10000 [==============================] - 1s 143us/step
Accuracy: 94.9899971485138
Latency --- 1.6555745601654053 seconds ---
Trained with vanilla non-private SGD optimizer
=====================ITERATION 5==========================
We are using Tensorflow version 1.15.2
Keras API version: 2.3.1
=====================Iteration========================== 1
Noise Mutiplier 30

# Evaluate on test data

  500/10000 [>.............................] - ETA: 6s
 1000/10000 [==>...........................] - ETA: 4s
 1500/10000 [===>..........................] - ETA: 2s
 2000/10000 [=====>........................] - ETA: 2s
 2500/10000 [======>.......................] - ETA: 1s
 3000/10000 [========>.....................] - ETA: 1s
 3500/10000 [=========>....................] - ETA: 1s
 4000/10000 [===========>..................] - ETA: 1s
 4500/10000 [============>.................] - ETA: 1s
 5000/10000 [==============>...............] - ETA: 0s
 5500/10000 [===============>..............] - ETA: 0s
 6000/10000 [=================>............] - ETA: 0s
 6500/10000 [==================>...........] - ETA: 0s
 7000/10000 [====================>.........] - ETA: 0s
 7500/10000 [=====================>........] - ETA: 0s
 8000/10000 [=======================>......] - ETA: 0s
 8500/10000 [========================>.....] - ETA: 0s
 9000/10000 [==========================>...] - ETA: 0s
 9500/10000 [===========================>..] - ETA: 0s
10000/10000 [==============================] - 2s 154us/step
Accuracy: 94.9899971485138
Latency --- 1.758047342300415 seconds ---
Trained with vanilla non-private SGD optimizer
=====================ITERATION 6==========================
We are using Tensorflow version 1.15.2
Keras API version: 2.3.1
=====================Iteration========================== 1
Noise Mutiplier 30

# Evaluate on test data

  500/10000 [>.............................] - ETA: 6s
 1000/10000 [==>...........................] - ETA: 3s
 1500/10000 [===>..........................] - ETA: 2s
 2000/10000 [=====>........................] - ETA: 2s
 2500/10000 [======>.......................] - ETA: 1s
 3000/10000 [========>.....................] - ETA: 1s
 3500/10000 [=========>....................] - ETA: 1s
 4000/10000 [===========>..................] - ETA: 1s
 4500/10000 [============>.................] - ETA: 0s
 5000/10000 [==============>...............] - ETA: 0s
 5500/10000 [===============>..............] - ETA: 0s
 6000/10000 [=================>............] - ETA: 0s
 6500/10000 [==================>...........] - ETA: 0s
 7000/10000 [====================>.........] - ETA: 0s
 7500/10000 [=====================>........] - ETA: 0s
 8000/10000 [=======================>......] - ETA: 0s
 9000/10000 [==========================>...] - ETA: 0s
 9500/10000 [===========================>..] - ETA: 0s
10000/10000 [==============================] - 1s 143us/step
Accuracy: 94.9899971485138
Latency --- 1.6552672386169434 seconds ---
Trained with vanilla non-private SGD optimizer
=====================ITERATION 7==========================
We are using Tensorflow version 1.15.2
Keras API version: 2.3.1
=====================Iteration========================== 1
Noise Mutiplier 30

# Evaluate on test data

  500/10000 [>.............................] - ETA: 6s
 1000/10000 [==>...........................] - ETA: 4s
 1500/10000 [===>..........................] - ETA: 3s
 2000/10000 [=====>........................] - ETA: 2s
 2500/10000 [======>.......................] - ETA: 1s
 3000/10000 [========>.....................] - ETA: 1s
 3500/10000 [=========>....................] - ETA: 1s
 4000/10000 [===========>..................] - ETA: 1s
 4500/10000 [============>.................] - ETA: 1s
 5000/10000 [==============>...............] - ETA: 0s
 5500/10000 [===============>..............] - ETA: 0s
 6000/10000 [=================>............] - ETA: 0s
 6500/10000 [==================>...........] - ETA: 0s
 7000/10000 [====================>.........] - ETA: 0s
 7500/10000 [=====================>........] - ETA: 0s
 8000/10000 [=======================>......] - ETA: 0s
 8500/10000 [========================>.....] - ETA: 0s
 9000/10000 [==========================>...] - ETA: 0s
 9500/10000 [===========================>..] - ETA: 0s
10000/10000 [==============================] - 2s 157us/step
Accuracy: 94.9899971485138
Latency --- 1.791196584701538 seconds ---
Trained with vanilla non-private SGD optimizer
=====================ITERATION 8==========================
We are using Tensorflow version 1.15.2
Keras API version: 2.3.1
=====================Iteration========================== 1
Noise Mutiplier 30

# Evaluate on test data

  500/10000 [>.............................] - ETA: 6s
 1000/10000 [==>...........................] - ETA: 3s
 1500/10000 [===>..........................] - ETA: 2s
 2000/10000 [=====>........................] - ETA: 2s
 2500/10000 [======>.......................] - ETA: 1s
 3000/10000 [========>.....................] - ETA: 1s
 3500/10000 [=========>....................] - ETA: 1s
 4000/10000 [===========>..................] - ETA: 1s
 4500/10000 [============>.................] - ETA: 0s
 5000/10000 [==============>...............] - ETA: 0s
 5500/10000 [===============>..............] - ETA: 0s
 6000/10000 [=================>............] - ETA: 0s
 6500/10000 [==================>...........] - ETA: 0s
 7000/10000 [====================>.........] - ETA: 0s
 7500/10000 [=====================>........] - ETA: 0s
 8000/10000 [=======================>......] - ETA: 0s
 8500/10000 [========================>.....] - ETA: 0s
 9000/10000 [==========================>...] - ETA: 0s
 9500/10000 [===========================>..] - ETA: 0s
10000/10000 [==============================] - 1s 143us/step
Accuracy: 94.9899971485138
Latency --- 1.6602423191070557 seconds ---
Trained with vanilla non-private SGD optimizer
=====================ITERATION 9==========================
We are using Tensorflow version 1.15.2
Keras API version: 2.3.1
=====================Iteration========================== 1
Noise Mutiplier 30

# Evaluate on test data

  500/10000 [>.............................] - ETA: 6s
 1000/10000 [==>...........................] - ETA: 4s
 1500/10000 [===>..........................] - ETA: 2s
 2000/10000 [=====>........................] - ETA: 2s
 2500/10000 [======>.......................] - ETA: 2s
 3000/10000 [========>.....................] - ETA: 1s
 3500/10000 [=========>....................] - ETA: 1s
 4000/10000 [===========>..................] - ETA: 1s
 4500/10000 [============>.................] - ETA: 1s
 5000/10000 [==============>...............] - ETA: 1s
 5500/10000 [===============>..............] - ETA: 0s
 6000/10000 [=================>............] - ETA: 0s
 6500/10000 [==================>...........] - ETA: 0s
 7000/10000 [====================>.........] - ETA: 0s
 7500/10000 [=====================>........] - ETA: 0s
 8000/10000 [=======================>......] - ETA: 0s
 8500/10000 [========================>.....] - ETA: 0s
 9000/10000 [==========================>...] - ETA: 0s
 9500/10000 [===========================>..] - ETA: 0s
10000/10000 [==============================] - 2s 164us/step
Accuracy: 94.9899971485138
Latency --- 1.8685040473937988 seconds ---
Trained with vanilla non-private SGD optimizer
=====================ITERATION 10==========================
We are using Tensorflow version 1.15.2
Keras API version: 2.3.1
=====================Iteration========================== 1
Noise Mutiplier 30

# Evaluate on test data

  500/10000 [>.............................] - ETA: 6s
 1000/10000 [==>...........................] - ETA: 3s
 1500/10000 [===>..........................] - ETA: 2s
 2000/10000 [=====>........................] - ETA: 2s
 2500/10000 [======>.......................] - ETA: 1s
 3000/10000 [========>.....................] - ETA: 1s
 3500/10000 [=========>....................] - ETA: 1s
 4000/10000 [===========>..................] - ETA: 1s
 4500/10000 [============>.................] - ETA: 0s
 5000/10000 [==============>...............] - ETA: 0s
 5500/10000 [===============>..............] - ETA: 0s
 6000/10000 [=================>............] - ETA: 0s
 6500/10000 [==================>...........] - ETA: 0s
 7000/10000 [====================>.........] - ETA: 0s
 7500/10000 [=====================>........] - ETA: 0s
 8000/10000 [=======================>......] - ETA: 0s
 8500/10000 [========================>.....] - ETA: 0s
 9000/10000 [==========================>...] - ETA: 0s
 9500/10000 [===========================>..] - ETA: 0s
10000/10000 [==============================] - 1s 143us/step
Accuracy: 94.9899971485138
Latency --- 1.659717082977295 seconds ---
Trained with vanilla non-private SGD optimizer
