=====================ITERATION 1==========================
We are using Tensorflow version 1.15.2
Keras API version: 2.3.1
=====================Iteration========================== 1
Noise Mutiplier 1
loss= <keras.losses.CategoricalCrossentropy object at 0x1018fa1c50>

# Evaluate on test data

  500/10000 [>.............................] - ETA: 6s
 1000/10000 [==>...........................] - ETA: 3s
 1500/10000 [===>..........................] - ETA: 2s
 2000/10000 [=====>........................] - ETA: 2s
 2500/10000 [======>.......................] - ETA: 1s
 3000/10000 [========>.....................] - ETA: 1s
 3500/10000 [=========>....................] - ETA: 1s
 4000/10000 [===========>..................] - ETA: 1s
 5000/10000 [==============>...............] - ETA: 0s
 5500/10000 [===============>..............] - ETA: 0s
 6000/10000 [=================>............] - ETA: 0s
 6500/10000 [==================>...........] - ETA: 0s
 7000/10000 [====================>.........] - ETA: 0s
 7500/10000 [=====================>........] - ETA: 0s
 8000/10000 [=======================>......] - ETA: 0s
 8500/10000 [========================>.....] - ETA: 0s
 9500/10000 [===========================>..] - ETA: 0s
10000/10000 [==============================] - 1s 142us/step
Accuracy: 77.24000215530396
Latency --- 1.6387736797332764 seconds ---
trained with DP
=====================ITERATION 2==========================
We are using Tensorflow version 1.15.2
Keras API version: 2.3.1
=====================Iteration========================== 1
Noise Mutiplier 1
loss= <keras.losses.CategoricalCrossentropy object at 0x1018fa1f50>

# Evaluate on test data

  500/10000 [>.............................] - ETA: 6s
 1000/10000 [==>...........................] - ETA: 3s
 1500/10000 [===>..........................] - ETA: 2s
 2000/10000 [=====>........................] - ETA: 2s
 2500/10000 [======>.......................] - ETA: 1s
 3000/10000 [========>.....................] - ETA: 1s
 3500/10000 [=========>....................] - ETA: 1s
 4000/10000 [===========>..................] - ETA: 1s
 4500/10000 [============>.................] - ETA: 0s
 5000/10000 [==============>...............] - ETA: 0s
 5500/10000 [===============>..............] - ETA: 0s
 6000/10000 [=================>............] - ETA: 0s
 6500/10000 [==================>...........] - ETA: 0s
 7000/10000 [====================>.........] - ETA: 0s
 7500/10000 [=====================>........] - ETA: 0s
 8000/10000 [=======================>......] - ETA: 0s
 8500/10000 [========================>.....] - ETA: 0s
 9000/10000 [==========================>...] - ETA: 0s
 9500/10000 [===========================>..] - ETA: 0s
10000/10000 [==============================] - 1s 144us/step
Accuracy: 77.24000215530396
Latency --- 1.658926248550415 seconds ---
trained with DP
=====================ITERATION 3==========================
We are using Tensorflow version 1.15.2
Keras API version: 2.3.1
=====================Iteration========================== 1
Noise Mutiplier 1
loss= <keras.losses.CategoricalCrossentropy object at 0x10184b76d0>

# Evaluate on test data

  500/10000 [>.............................] - ETA: 6s
 1000/10000 [==>...........................] - ETA: 3s
 1500/10000 [===>..........................] - ETA: 2s
 2000/10000 [=====>........................] - ETA: 2s
 2500/10000 [======>.......................] - ETA: 1s
 3000/10000 [========>.....................] - ETA: 1s
 3500/10000 [=========>....................] - ETA: 1s
 4000/10000 [===========>..................] - ETA: 1s
 4500/10000 [============>.................] - ETA: 0s
 5000/10000 [==============>...............] - ETA: 0s
 5500/10000 [===============>..............] - ETA: 0s
 6000/10000 [=================>............] - ETA: 0s
 6500/10000 [==================>...........] - ETA: 0s
 7000/10000 [====================>.........] - ETA: 0s
 7500/10000 [=====================>........] - ETA: 0s
 8000/10000 [=======================>......] - ETA: 0s
 8500/10000 [========================>.....] - ETA: 0s
 9000/10000 [==========================>...] - ETA: 0s
 9500/10000 [===========================>..] - ETA: 0s
10000/10000 [==============================] - 1s 144us/step
Accuracy: 77.24000215530396
Latency --- 1.6610422134399414 seconds ---
trained with DP
=====================ITERATION 4==========================
We are using Tensorflow version 1.15.2
Keras API version: 2.3.1
=====================Iteration========================== 1
Noise Mutiplier 1
loss= <keras.losses.CategoricalCrossentropy object at 0x1018b36e10>

# Evaluate on test data

  500/10000 [>.............................] - ETA: 6s
 1000/10000 [==>...........................] - ETA: 3s
 1500/10000 [===>..........................] - ETA: 2s
 2000/10000 [=====>........................] - ETA: 2s
 2500/10000 [======>.......................] - ETA: 1s
 3000/10000 [========>.....................] - ETA: 1s
 3500/10000 [=========>....................] - ETA: 1s
 4000/10000 [===========>..................] - ETA: 1s
 4500/10000 [============>.................] - ETA: 0s
 5000/10000 [==============>...............] - ETA: 0s
 5500/10000 [===============>..............] - ETA: 0s
 6000/10000 [=================>............] - ETA: 0s
 6500/10000 [==================>...........] - ETA: 0s
 7000/10000 [====================>.........] - ETA: 0s
 7500/10000 [=====================>........] - ETA: 0s
 8000/10000 [=======================>......] - ETA: 0s
 8500/10000 [========================>.....] - ETA: 0s
 9000/10000 [==========================>...] - ETA: 0s
 9500/10000 [===========================>..] - ETA: 0s
10000/10000 [==============================] - 1s 144us/step
Accuracy: 77.24000215530396
Latency --- 1.661222219467163 seconds ---
trained with DP
=====================ITERATION 5==========================
We are using Tensorflow version 1.15.2
Keras API version: 2.3.1
=====================Iteration========================== 1
Noise Mutiplier 1
loss= <keras.losses.CategoricalCrossentropy object at 0x1018977110>

# Evaluate on test data

  500/10000 [>.............................] - ETA: 6s
 1000/10000 [==>...........................] - ETA: 4s
 1500/10000 [===>..........................] - ETA: 2s
 2000/10000 [=====>........................] - ETA: 2s
 2500/10000 [======>.......................] - ETA: 1s
 3000/10000 [========>.....................] - ETA: 1s
 3500/10000 [=========>....................] - ETA: 1s
 4000/10000 [===========>..................] - ETA: 1s
 4500/10000 [============>.................] - ETA: 1s
 5000/10000 [==============>...............] - ETA: 0s
 5500/10000 [===============>..............] - ETA: 0s
 6000/10000 [=================>............] - ETA: 0s
 6500/10000 [==================>...........] - ETA: 0s
 7000/10000 [====================>.........] - ETA: 0s
 7500/10000 [=====================>........] - ETA: 0s
 8000/10000 [=======================>......] - ETA: 0s
 8500/10000 [========================>.....] - ETA: 0s
 9000/10000 [==========================>...] - ETA: 0s
 9500/10000 [===========================>..] - ETA: 0s
10000/10000 [==============================] - 2s 153us/step
Accuracy: 77.24000215530396
Latency --- 1.75453519821167 seconds ---
trained with DP
=====================ITERATION 6==========================
We are using Tensorflow version 1.15.2
Keras API version: 2.3.1
=====================Iteration========================== 1
Noise Mutiplier 1
loss= <keras.losses.CategoricalCrossentropy object at 0x1018fa2210>

# Evaluate on test data

  500/10000 [>.............................] - ETA: 6s
 1000/10000 [==>...........................] - ETA: 3s
 1500/10000 [===>..........................] - ETA: 2s
 2000/10000 [=====>........................] - ETA: 2s
 2500/10000 [======>.......................] - ETA: 1s
 3000/10000 [========>.....................] - ETA: 1s
 3500/10000 [=========>....................] - ETA: 1s
 4000/10000 [===========>..................] - ETA: 1s
 4500/10000 [============>.................] - ETA: 1s
 5000/10000 [==============>...............] - ETA: 0s
 5500/10000 [===============>..............] - ETA: 0s
 6000/10000 [=================>............] - ETA: 0s
 6500/10000 [==================>...........] - ETA: 0s
 7000/10000 [====================>.........] - ETA: 0s
 7500/10000 [=====================>........] - ETA: 0s
 8000/10000 [=======================>......] - ETA: 0s
 8500/10000 [========================>.....] - ETA: 0s
 9000/10000 [==========================>...] - ETA: 0s
 9500/10000 [===========================>..] - ETA: 0s
10000/10000 [==============================] - 1s 145us/step
Accuracy: 77.24000215530396
Latency --- 1.6727306842803955 seconds ---
trained with DP
=====================ITERATION 7==========================
We are using Tensorflow version 1.15.2
Keras API version: 2.3.1
=====================Iteration========================== 1
Noise Mutiplier 1
loss= <keras.losses.CategoricalCrossentropy object at 0x1018b71b10>

# Evaluate on test data

  500/10000 [>.............................] - ETA: 6s
 1000/10000 [==>...........................] - ETA: 3s
 1500/10000 [===>..........................] - ETA: 2s
 2000/10000 [=====>........................] - ETA: 2s
 2500/10000 [======>.......................] - ETA: 1s
 3000/10000 [========>.....................] - ETA: 1s
 3500/10000 [=========>....................] - ETA: 1s
 4000/10000 [===========>..................] - ETA: 1s
 4500/10000 [============>.................] - ETA: 0s
 5000/10000 [==============>...............] - ETA: 0s
 5500/10000 [===============>..............] - ETA: 0s
 6000/10000 [=================>............] - ETA: 0s
 6500/10000 [==================>...........] - ETA: 0s
 7000/10000 [====================>.........] - ETA: 0s
 7500/10000 [=====================>........] - ETA: 0s
 8000/10000 [=======================>......] - ETA: 0s
 8500/10000 [========================>.....] - ETA: 0s
 9000/10000 [==========================>...] - ETA: 0s
 9500/10000 [===========================>..] - ETA: 0s
10000/10000 [==============================] - 1s 144us/step
Accuracy: 77.24000215530396
Latency --- 1.6584787368774414 seconds ---
trained with DP
=====================ITERATION 8==========================
We are using Tensorflow version 1.15.2
Keras API version: 2.3.1
=====================Iteration========================== 1
Noise Mutiplier 1
loss= <keras.losses.CategoricalCrossentropy object at 0x1018f67e90>

# Evaluate on test data

  500/10000 [>.............................] - ETA: 7s
 1000/10000 [==>...........................] - ETA: 4s
 1500/10000 [===>..........................] - ETA: 3s
 2000/10000 [=====>........................] - ETA: 2s
 2500/10000 [======>.......................] - ETA: 1s
 3000/10000 [========>.....................] - ETA: 1s
 3500/10000 [=========>....................] - ETA: 1s
 4000/10000 [===========>..................] - ETA: 1s
 4500/10000 [============>.................] - ETA: 1s
 5000/10000 [==============>...............] - ETA: 0s
 5500/10000 [===============>..............] - ETA: 0s
 6000/10000 [=================>............] - ETA: 0s
 6500/10000 [==================>...........] - ETA: 0s
 7000/10000 [====================>.........] - ETA: 0s
 7500/10000 [=====================>........] - ETA: 0s
 8000/10000 [=======================>......] - ETA: 0s
 8500/10000 [========================>.....] - ETA: 0s
 9000/10000 [==========================>...] - ETA: 0s
 9500/10000 [===========================>..] - ETA: 0s
10000/10000 [==============================] - 2s 155us/step
Accuracy: 77.24000215530396
Latency --- 1.7748701572418213 seconds ---
trained with DP
=====================ITERATION 9==========================
We are using Tensorflow version 1.15.2
Keras API version: 2.3.1
=====================Iteration========================== 1
Noise Mutiplier 1
loss= <keras.losses.CategoricalCrossentropy object at 0x1018f7add0>

# Evaluate on test data

  500/10000 [>.............................] - ETA: 6s
 1000/10000 [==>...........................] - ETA: 3s
 1500/10000 [===>..........................] - ETA: 2s
 2000/10000 [=====>........................] - ETA: 2s
 2500/10000 [======>.......................] - ETA: 1s
 3000/10000 [========>.....................] - ETA: 1s
 3500/10000 [=========>....................] - ETA: 1s
 4000/10000 [===========>..................] - ETA: 1s
 5000/10000 [==============>...............] - ETA: 0s
 5500/10000 [===============>..............] - ETA: 0s
 6000/10000 [=================>............] - ETA: 0s
 6500/10000 [==================>...........] - ETA: 0s
 7000/10000 [====================>.........] - ETA: 0s
 7500/10000 [=====================>........] - ETA: 0s
 8000/10000 [=======================>......] - ETA: 0s
 8500/10000 [========================>.....] - ETA: 0s
 9500/10000 [===========================>..] - ETA: 0s
10000/10000 [==============================] - 1s 142us/step
Accuracy: 77.24000215530396
Latency --- 1.6426620483398438 seconds ---
trained with DP
=====================ITERATION 10==========================
We are using Tensorflow version 1.15.2
Keras API version: 2.3.1
=====================Iteration========================== 1
Noise Mutiplier 1
loss= <keras.losses.CategoricalCrossentropy object at 0x1018889950>

# Evaluate on test data

  500/10000 [>.............................] - ETA: 7s
 1000/10000 [==>...........................] - ETA: 4s
 1500/10000 [===>..........................] - ETA: 3s
 2000/10000 [=====>........................] - ETA: 2s
 2500/10000 [======>.......................] - ETA: 2s
 3000/10000 [========>.....................] - ETA: 1s
 3500/10000 [=========>....................] - ETA: 1s
 4000/10000 [===========>..................] - ETA: 1s
 4500/10000 [============>.................] - ETA: 1s
 5000/10000 [==============>...............] - ETA: 0s
 5500/10000 [===============>..............] - ETA: 0s
 6000/10000 [=================>............] - ETA: 0s
 6500/10000 [==================>...........] - ETA: 0s
 7000/10000 [====================>.........] - ETA: 0s
 7500/10000 [=====================>........] - ETA: 0s
 8000/10000 [=======================>......] - ETA: 0s
 8500/10000 [========================>.....] - ETA: 0s
 9000/10000 [==========================>...] - ETA: 0s
 9500/10000 [===========================>..] - ETA: 0s
10000/10000 [==============================] - 2s 158us/step
Accuracy: 77.24000215530396
Latency --- 1.7966454029083252 seconds ---
trained with DP
