We are using Tensorflow version 1.15.2
Keras API version: 2.3.1
=====================Iteration========================== 1
For delta=0.000100, the current epsilon is: 6.0095
Noise Mutiplier 0.83
in grads Tensor("loss/mul:0", shape=(?,), dtype=float32)
Train on 10000 samples, validate on 2500 samples
Epoch 1/5

  500/10000 [>.............................] - ETA: 2:44 - loss: 2.3052 - accuracy: 0.1060
 1000/10000 [==>...........................] - ETA: 2:25 - loss: 2.3019 - accuracy: 0.1080
 1500/10000 [===>..........................] - ETA: 2:15 - loss: 2.2976 - accuracy: 0.1427
 2000/10000 [=====>........................] - ETA: 2:07 - loss: 2.2899 - accuracy: 0.1535
 2500/10000 [======>.......................] - ETA: 1:58 - loss: 2.2823 - accuracy: 0.1524
 3000/10000 [========>.....................] - ETA: 1:49 - loss: 2.2766 - accuracy: 0.1613
 3500/10000 [=========>....................] - ETA: 1:41 - loss: 2.2691 - accuracy: 0.1614
 4000/10000 [===========>..................] - ETA: 1:33 - loss: 2.2586 - accuracy: 0.1725
 4500/10000 [============>.................] - ETA: 1:26 - loss: 2.2451 - accuracy: 0.1780
 5000/10000 [==============>...............] - ETA: 1:18 - loss: 2.2327 - accuracy: 0.1924
 5500/10000 [===============>..............] - ETA: 1:10 - loss: 2.2193 - accuracy: 0.1958
 6000/10000 [=================>............] - ETA: 1:02 - loss: 2.2026 - accuracy: 0.2088
 6500/10000 [==================>...........] - ETA: 54s - loss: 2.1866 - accuracy: 0.2111 
 7000/10000 [====================>.........] - ETA: 46s - loss: 2.1781 - accuracy: 0.2176
 7500/10000 [=====================>........] - ETA: 39s - loss: 2.1642 - accuracy: 0.2213
 8000/10000 [=======================>......] - ETA: 31s - loss: 2.1511 - accuracy: 0.2307
 8500/10000 [========================>.....] - ETA: 23s - loss: 2.1351 - accuracy: 0.2411
 9000/10000 [==========================>...] - ETA: 15s - loss: 2.1226 - accuracy: 0.2467
 9500/10000 [===========================>..] - ETA: 7s - loss: 2.1094 - accuracy: 0.2485 
10000/10000 [==============================] - 156s 16ms/step - loss: 2.0940 - accuracy: 0.2592 - val_loss: 1.8776 - val_accuracy: 0.2984
Epoch 2/5

  500/10000 [>.............................] - ETA: 2:29 - loss: 1.7923 - accuracy: 0.3380
 1000/10000 [==>...........................] - ETA: 2:17 - loss: 1.7702 - accuracy: 0.4060
 1500/10000 [===>..........................] - ETA: 2:12 - loss: 1.7573 - accuracy: 0.4233
 2000/10000 [=====>........................] - ETA: 2:05 - loss: 1.7218 - accuracy: 0.4490
 2500/10000 [======>.......................] - ETA: 1:58 - loss: 1.6986 - accuracy: 0.4620
 3000/10000 [========>.....................] - ETA: 1:49 - loss: 1.6881 - accuracy: 0.4510
 3500/10000 [=========>....................] - ETA: 1:41 - loss: 1.6811 - accuracy: 0.4560
 4000/10000 [===========>..................] - ETA: 1:34 - loss: 1.6528 - accuracy: 0.4730
 4500/10000 [============>.................] - ETA: 1:26 - loss: 1.6462 - accuracy: 0.4753
 5000/10000 [==============>...............] - ETA: 1:18 - loss: 1.6294 - accuracy: 0.4736
 5500/10000 [===============>..............] - ETA: 1:10 - loss: 1.6205 - accuracy: 0.4773
 6000/10000 [=================>............] - ETA: 1:02 - loss: 1.6084 - accuracy: 0.4832
 6500/10000 [==================>...........] - ETA: 54s - loss: 1.5924 - accuracy: 0.4862 
 7000/10000 [====================>.........] - ETA: 46s - loss: 1.5882 - accuracy: 0.4906
 7500/10000 [=====================>........] - ETA: 39s - loss: 1.5757 - accuracy: 0.4912
 8000/10000 [=======================>......] - ETA: 31s - loss: 1.5697 - accuracy: 0.4901
 8500/10000 [========================>.....] - ETA: 23s - loss: 1.5623 - accuracy: 0.4892
 9000/10000 [==========================>...] - ETA: 15s - loss: 1.5474 - accuracy: 0.4932
 9500/10000 [===========================>..] - ETA: 7s - loss: 1.5351 - accuracy: 0.4987 
10000/10000 [==============================] - 157s 16ms/step - loss: 1.5124 - accuracy: 0.5076 - val_loss: 1.2831 - val_accuracy: 0.5816
Epoch 3/5

  500/10000 [>.............................] - ETA: 2:20 - loss: 1.1519 - accuracy: 0.6520
 1000/10000 [==>...........................] - ETA: 2:14 - loss: 1.1889 - accuracy: 0.6150
 1500/10000 [===>..........................] - ETA: 2:05 - loss: 1.1162 - accuracy: 0.6513
 2000/10000 [=====>........................] - ETA: 1:59 - loss: 1.1390 - accuracy: 0.6320
 2500/10000 [======>.......................] - ETA: 1:52 - loss: 1.1543 - accuracy: 0.6180
 3000/10000 [========>.....................] - ETA: 1:45 - loss: 1.1482 - accuracy: 0.6220
 3500/10000 [=========>....................] - ETA: 1:37 - loss: 1.1474 - accuracy: 0.6231
 4000/10000 [===========>..................] - ETA: 1:30 - loss: 1.1341 - accuracy: 0.6267
 4500/10000 [============>.................] - ETA: 1:23 - loss: 1.1193 - accuracy: 0.6338
 5000/10000 [==============>...............] - ETA: 1:15 - loss: 1.1251 - accuracy: 0.6300
 5500/10000 [===============>..............] - ETA: 1:08 - loss: 1.1196 - accuracy: 0.6351
 6000/10000 [=================>............] - ETA: 1:00 - loss: 1.1148 - accuracy: 0.6360
 6500/10000 [==================>...........] - ETA: 53s - loss: 1.1054 - accuracy: 0.6412 
 7000/10000 [====================>.........] - ETA: 45s - loss: 1.1117 - accuracy: 0.6373
 7500/10000 [=====================>........] - ETA: 38s - loss: 1.1001 - accuracy: 0.6433
 8000/10000 [=======================>......] - ETA: 30s - loss: 1.0938 - accuracy: 0.6445
 8500/10000 [========================>.....] - ETA: 22s - loss: 1.0867 - accuracy: 0.6480
 9000/10000 [==========================>...] - ETA: 15s - loss: 1.0808 - accuracy: 0.6482
 9500/10000 [===========================>..] - ETA: 7s - loss: 1.0698 - accuracy: 0.6527 
10000/10000 [==============================] - 154s 15ms/step - loss: 1.0555 - accuracy: 0.6581 - val_loss: 0.9295 - val_accuracy: 0.7144
Epoch 4/5

  500/10000 [>.............................] - ETA: 2:30 - loss: 0.7892 - accuracy: 0.7460
 1000/10000 [==>...........................] - ETA: 2:22 - loss: 0.7614 - accuracy: 0.7520
 1500/10000 [===>..........................] - ETA: 2:13 - loss: 0.7595 - accuracy: 0.7687
 2000/10000 [=====>........................] - ETA: 2:03 - loss: 0.7799 - accuracy: 0.7535
 2500/10000 [======>.......................] - ETA: 1:55 - loss: 0.7724 - accuracy: 0.7616
 3000/10000 [========>.....................] - ETA: 1:48 - loss: 0.7584 - accuracy: 0.7650
 3500/10000 [=========>....................] - ETA: 1:39 - loss: 0.7549 - accuracy: 0.7660
 4000/10000 [===========>..................] - ETA: 1:32 - loss: 0.7672 - accuracy: 0.7588
 4500/10000 [============>.................] - ETA: 1:24 - loss: 0.7618 - accuracy: 0.7622
 5000/10000 [==============>...............] - ETA: 1:16 - loss: 0.7637 - accuracy: 0.7604
 5500/10000 [===============>..............] - ETA: 1:09 - loss: 0.7666 - accuracy: 0.7567
 6000/10000 [=================>............] - ETA: 1:01 - loss: 0.7694 - accuracy: 0.7563
 6500/10000 [==================>...........] - ETA: 53s - loss: 0.7544 - accuracy: 0.7609 
 7000/10000 [====================>.........] - ETA: 46s - loss: 0.7510 - accuracy: 0.7624
 7500/10000 [=====================>........] - ETA: 38s - loss: 0.7435 - accuracy: 0.7649
 8000/10000 [=======================>......] - ETA: 31s - loss: 0.7429 - accuracy: 0.7640
 8500/10000 [========================>.....] - ETA: 23s - loss: 0.7415 - accuracy: 0.7621
 9000/10000 [==========================>...] - ETA: 15s - loss: 0.7359 - accuracy: 0.7653
 9500/10000 [===========================>..] - ETA: 7s - loss: 0.7244 - accuracy: 0.7699 
10000/10000 [==============================] - 155s 16ms/step - loss: 0.7173 - accuracy: 0.7720 - val_loss: 0.7558 - val_accuracy: 0.7372
Epoch 5/5

  500/10000 [>.............................] - ETA: 2:17 - loss: 0.6949 - accuracy: 0.7500
 1000/10000 [==>...........................] - ETA: 2:16 - loss: 0.6548 - accuracy: 0.7800
 1500/10000 [===>..........................] - ETA: 2:12 - loss: 0.6173 - accuracy: 0.7960
 2000/10000 [=====>........................] - ETA: 2:02 - loss: 0.6096 - accuracy: 0.7980
 2500/10000 [======>.......................] - ETA: 1:56 - loss: 0.5926 - accuracy: 0.8028
 3000/10000 [========>.....................] - ETA: 1:48 - loss: 0.5721 - accuracy: 0.8083
 3500/10000 [=========>....................] - ETA: 1:41 - loss: 0.5814 - accuracy: 0.8034
 4000/10000 [===========>..................] - ETA: 1:33 - loss: 0.6082 - accuracy: 0.7943
 4500/10000 [============>.................] - ETA: 1:25 - loss: 0.6165 - accuracy: 0.7891
 5000/10000 [==============>...............] - ETA: 1:17 - loss: 0.6254 - accuracy: 0.7886
 5500/10000 [===============>..............] - ETA: 1:09 - loss: 0.6308 - accuracy: 0.7864
 6000/10000 [=================>............] - ETA: 1:01 - loss: 0.6301 - accuracy: 0.7877
 6500/10000 [==================>...........] - ETA: 54s - loss: 0.6343 - accuracy: 0.7855 
 7000/10000 [====================>.........] - ETA: 46s - loss: 0.6299 - accuracy: 0.7870
 7500/10000 [=====================>........] - ETA: 38s - loss: 0.6271 - accuracy: 0.7877
 8000/10000 [=======================>......] - ETA: 30s - loss: 0.6236 - accuracy: 0.7890
 8500/10000 [========================>.....] - ETA: 23s - loss: 0.6240 - accuracy: 0.7889
 9000/10000 [==========================>...] - ETA: 15s - loss: 0.6203 - accuracy: 0.7909
 9500/10000 [===========================>..] - ETA: 7s - loss: 0.6257 - accuracy: 0.7906 
10000/10000 [==============================] - 155s 16ms/step - loss: 0.6216 - accuracy: 0.7928 - val_loss: 0.8262 - val_accuracy: 0.7144
Latency --- 778.6474692821503 seconds ---
For delta=0.000100, the current epsilon is: 6.0095
Saving model with new accuracy, previous accuracy was 0 and present is 0.7928000092506409
Saved model to disk
=====================Iteration========================== 2
For delta=0.000100, the current epsilon is: 6.0095
Noise Mutiplier 0.83
in grads Tensor("loss_1/mul:0", shape=(?,), dtype=float32)
Train on 10000 samples, validate on 2500 samples
Epoch 1/5

  500/10000 [>.............................] - ETA: 2:32 - loss: 2.3129 - accuracy: 0.0840
 1000/10000 [==>...........................] - ETA: 2:21 - loss: 2.3022 - accuracy: 0.0960
 1500/10000 [===>..........................] - ETA: 2:12 - loss: 2.2922 - accuracy: 0.1093
 2000/10000 [=====>........................] - ETA: 2:03 - loss: 2.2854 - accuracy: 0.1205
 2500/10000 [======>.......................] - ETA: 1:55 - loss: 2.2751 - accuracy: 0.1436
 3000/10000 [========>.....................] - ETA: 1:47 - loss: 2.2641 - accuracy: 0.1580
 3500/10000 [=========>....................] - ETA: 1:38 - loss: 2.2531 - accuracy: 0.1786
 4000/10000 [===========>..................] - ETA: 1:31 - loss: 2.2371 - accuracy: 0.2025
 4500/10000 [============>.................] - ETA: 1:23 - loss: 2.2187 - accuracy: 0.2238
 5000/10000 [==============>...............] - ETA: 1:16 - loss: 2.2088 - accuracy: 0.2316
 5500/10000 [===============>..............] - ETA: 1:08 - loss: 2.1957 - accuracy: 0.2402
 6000/10000 [=================>............] - ETA: 1:00 - loss: 2.1796 - accuracy: 0.2467
 6500/10000 [==================>...........] - ETA: 53s - loss: 2.1711 - accuracy: 0.2477 
 7000/10000 [====================>.........] - ETA: 45s - loss: 2.1622 - accuracy: 0.2503
 7500/10000 [=====================>........] - ETA: 38s - loss: 2.1570 - accuracy: 0.2527
 8000/10000 [=======================>......] - ETA: 30s - loss: 2.1451 - accuracy: 0.2569
 8500/10000 [========================>.....] - ETA: 22s - loss: 2.1295 - accuracy: 0.2624
 9000/10000 [==========================>...] - ETA: 15s - loss: 2.1118 - accuracy: 0.2731
 9500/10000 [===========================>..] - ETA: 7s - loss: 2.0935 - accuracy: 0.2824 
10000/10000 [==============================] - 153s 15ms/step - loss: 2.0859 - accuracy: 0.2810 - val_loss: 2.1309 - val_accuracy: 0.2408
Epoch 2/5

  500/10000 [>.............................] - ETA: 2:22 - loss: 2.0569 - accuracy: 0.2920
 1000/10000 [==>...........................] - ETA: 2:16 - loss: 1.9490 - accuracy: 0.3020
 1500/10000 [===>..........................] - ETA: 2:08 - loss: 1.9548 - accuracy: 0.3293
 2000/10000 [=====>........................] - ETA: 1:59 - loss: 1.9653 - accuracy: 0.3170
 2500/10000 [======>.......................] - ETA: 1:52 - loss: 1.9557 - accuracy: 0.3352
 3000/10000 [========>.....................] - ETA: 1:45 - loss: 1.9150 - accuracy: 0.3533
 3500/10000 [=========>....................] - ETA: 1:37 - loss: 1.8796 - accuracy: 0.3743
 4000/10000 [===========>..................] - ETA: 1:29 - loss: 1.8772 - accuracy: 0.3725
 4500/10000 [============>.................] - ETA: 1:22 - loss: 1.8750 - accuracy: 0.3782
 5000/10000 [==============>...............] - ETA: 1:14 - loss: 1.8545 - accuracy: 0.3874
 5500/10000 [===============>..............] - ETA: 1:07 - loss: 1.8427 - accuracy: 0.3924
 6000/10000 [=================>............] - ETA: 1:00 - loss: 1.8408 - accuracy: 0.3877
 6500/10000 [==================>...........] - ETA: 52s - loss: 1.8303 - accuracy: 0.3888 
 7000/10000 [====================>.........] - ETA: 45s - loss: 1.8134 - accuracy: 0.3940
 7500/10000 [=====================>........] - ETA: 37s - loss: 1.7887 - accuracy: 0.4048
 8000/10000 [=======================>......] - ETA: 30s - loss: 1.7798 - accuracy: 0.4041
 8500/10000 [========================>.....] - ETA: 22s - loss: 1.7715 - accuracy: 0.4100
 9000/10000 [==========================>...] - ETA: 15s - loss: 1.7536 - accuracy: 0.4168
 9500/10000 [===========================>..] - ETA: 7s - loss: 1.7412 - accuracy: 0.4219 
10000/10000 [==============================] - 150s 15ms/step - loss: 1.7310 - accuracy: 0.4273 - val_loss: 1.4972 - val_accuracy: 0.4628
Epoch 3/5

  500/10000 [>.............................] - ETA: 2:28 - loss: 1.3790 - accuracy: 0.5160
 1000/10000 [==>...........................] - ETA: 2:20 - loss: 1.3699 - accuracy: 0.5580
 1500/10000 [===>..........................] - ETA: 2:11 - loss: 1.3528 - accuracy: 0.5727
 2000/10000 [=====>........................] - ETA: 2:03 - loss: 1.3453 - accuracy: 0.5760
 2500/10000 [======>.......................] - ETA: 1:54 - loss: 1.3557 - accuracy: 0.5680
 3000/10000 [========>.....................] - ETA: 1:47 - loss: 1.3393 - accuracy: 0.5797
 3500/10000 [=========>....................] - ETA: 1:38 - loss: 1.3187 - accuracy: 0.5891
 4000/10000 [===========>..................] - ETA: 1:31 - loss: 1.3140 - accuracy: 0.5878
 4500/10000 [============>.................] - ETA: 1:23 - loss: 1.3031 - accuracy: 0.5916
 5000/10000 [==============>...............] - ETA: 1:16 - loss: 1.2977 - accuracy: 0.5860
 5500/10000 [===============>..............] - ETA: 1:08 - loss: 1.3006 - accuracy: 0.5871
 6000/10000 [=================>............] - ETA: 1:00 - loss: 1.2825 - accuracy: 0.5930
 6500/10000 [==================>...........] - ETA: 53s - loss: 1.2710 - accuracy: 0.5983 
 7000/10000 [====================>.........] - ETA: 45s - loss: 1.2696 - accuracy: 0.5987
 7500/10000 [=====================>........] - ETA: 37s - loss: 1.2759 - accuracy: 0.5955
 8000/10000 [=======================>......] - ETA: 30s - loss: 1.2721 - accuracy: 0.5957
 8500/10000 [========================>.....] - ETA: 22s - loss: 1.2657 - accuracy: 0.5960
 9000/10000 [==========================>...] - ETA: 15s - loss: 1.2515 - accuracy: 0.6030
 9500/10000 [===========================>..] - ETA: 7s - loss: 1.2377 - accuracy: 0.6071 
10000/10000 [==============================] - 152s 15ms/step - loss: 1.2259 - accuracy: 0.6101 - val_loss: 1.0789 - val_accuracy: 0.6476
Epoch 4/5

  500/10000 [>.............................] - ETA: 2:27 - loss: 0.9414 - accuracy: 0.6820
 1000/10000 [==>...........................] - ETA: 2:18 - loss: 0.9945 - accuracy: 0.6620
 1500/10000 [===>..........................] - ETA: 2:11 - loss: 1.0248 - accuracy: 0.6673
 2000/10000 [=====>........................] - ETA: 2:02 - loss: 1.0135 - accuracy: 0.6695
 2500/10000 [======>.......................] - ETA: 1:54 - loss: 1.0092 - accuracy: 0.6752
 3000/10000 [========>.....................] - ETA: 1:46 - loss: 0.9754 - accuracy: 0.6903
 3500/10000 [=========>....................] - ETA: 1:39 - loss: 0.9547 - accuracy: 0.6969
 4000/10000 [===========>..................] - ETA: 1:32 - loss: 0.9472 - accuracy: 0.7007
 4500/10000 [============>.................] - ETA: 1:25 - loss: 0.9612 - accuracy: 0.6947
 5000/10000 [==============>...............] - ETA: 1:17 - loss: 0.9439 - accuracy: 0.7016
 5500/10000 [===============>..............] - ETA: 1:09 - loss: 0.9350 - accuracy: 0.7022
 6000/10000 [=================>............] - ETA: 1:01 - loss: 0.9283 - accuracy: 0.7063
 6500/10000 [==================>...........] - ETA: 54s - loss: 0.9141 - accuracy: 0.7112 
 7000/10000 [====================>.........] - ETA: 46s - loss: 0.9059 - accuracy: 0.7126
 7500/10000 [=====================>........] - ETA: 38s - loss: 0.9082 - accuracy: 0.7135
 8000/10000 [=======================>......] - ETA: 30s - loss: 0.9126 - accuracy: 0.7109
 8500/10000 [========================>.....] - ETA: 22s - loss: 0.9036 - accuracy: 0.7128
 9000/10000 [==========================>...] - ETA: 15s - loss: 0.8864 - accuracy: 0.7201
 9500/10000 [===========================>..] - ETA: 7s - loss: 0.8752 - accuracy: 0.7231 
10000/10000 [==============================] - 154s 15ms/step - loss: 0.8749 - accuracy: 0.7221 - val_loss: 0.9472 - val_accuracy: 0.7216
Epoch 5/5

  500/10000 [>.............................] - ETA: 2:31 - loss: 0.8661 - accuracy: 0.7440
 1000/10000 [==>...........................] - ETA: 2:20 - loss: 0.8061 - accuracy: 0.7490
 1500/10000 [===>..........................] - ETA: 2:12 - loss: 0.8604 - accuracy: 0.7293
 2000/10000 [=====>........................] - ETA: 2:06 - loss: 0.8333 - accuracy: 0.7420
 2500/10000 [======>.......................] - ETA: 1:56 - loss: 0.8176 - accuracy: 0.7504
 3000/10000 [========>.....................] - ETA: 1:48 - loss: 0.7955 - accuracy: 0.7563
 3500/10000 [=========>....................] - ETA: 1:39 - loss: 0.7930 - accuracy: 0.7557
 4000/10000 [===========>..................] - ETA: 1:32 - loss: 0.7824 - accuracy: 0.7598
 4500/10000 [============>.................] - ETA: 1:24 - loss: 0.7682 - accuracy: 0.7636
 5000/10000 [==============>...............] - ETA: 1:16 - loss: 0.7657 - accuracy: 0.7626
 5500/10000 [===============>..............] - ETA: 1:08 - loss: 0.7583 - accuracy: 0.7631
 6000/10000 [=================>............] - ETA: 1:00 - loss: 0.7491 - accuracy: 0.7645
 6500/10000 [==================>...........] - ETA: 53s - loss: 0.7461 - accuracy: 0.7657 
 7000/10000 [====================>.........] - ETA: 45s - loss: 0.7386 - accuracy: 0.7676
 7500/10000 [=====================>........] - ETA: 38s - loss: 0.7261 - accuracy: 0.7723
 8000/10000 [=======================>......] - ETA: 30s - loss: 0.7250 - accuracy: 0.7722
 8500/10000 [========================>.....] - ETA: 22s - loss: 0.7164 - accuracy: 0.7745
 9000/10000 [==========================>...] - ETA: 15s - loss: 0.7116 - accuracy: 0.7763
 9500/10000 [===========================>..] - ETA: 7s - loss: 0.7035 - accuracy: 0.7797 
10000/10000 [==============================] - 153s 15ms/step - loss: 0.7118 - accuracy: 0.7760 - val_loss: 0.7492 - val_accuracy: 0.7836
Latency --- 763.577309846878 seconds ---
For delta=0.000100, the current epsilon is: 6.0095
=====================Iteration========================== 3
For delta=0.000100, the current epsilon is: 6.0095
Noise Mutiplier 0.83
in grads Tensor("loss_2/mul:0", shape=(?,), dtype=float32)
Train on 10000 samples, validate on 2500 samples
Epoch 1/5

  500/10000 [>.............................] - ETA: 2:34 - loss: 2.3065 - accuracy: 0.0900
 1000/10000 [==>...........................] - ETA: 2:19 - loss: 2.2940 - accuracy: 0.0860
 1500/10000 [===>..........................] - ETA: 2:10 - loss: 2.2855 - accuracy: 0.1140
 2000/10000 [=====>........................] - ETA: 2:01 - loss: 2.2784 - accuracy: 0.1180
 2500/10000 [======>.......................] - ETA: 1:54 - loss: 2.2704 - accuracy: 0.1408
 3000/10000 [========>.....................] - ETA: 1:46 - loss: 2.2564 - accuracy: 0.1750
 3500/10000 [=========>....................] - ETA: 1:38 - loss: 2.2426 - accuracy: 0.1980
 4000/10000 [===========>..................] - ETA: 1:30 - loss: 2.2258 - accuracy: 0.2212
 4500/10000 [============>.................] - ETA: 1:23 - loss: 2.2174 - accuracy: 0.2211
 5000/10000 [==============>...............] - ETA: 1:15 - loss: 2.2172 - accuracy: 0.2198
 5500/10000 [===============>..............] - ETA: 1:07 - loss: 2.2026 - accuracy: 0.2331
 6000/10000 [=================>............] - ETA: 1:00 - loss: 2.1927 - accuracy: 0.2300
 6500/10000 [==================>...........] - ETA: 52s - loss: 2.1788 - accuracy: 0.2394 
 7000/10000 [====================>.........] - ETA: 45s - loss: 2.1620 - accuracy: 0.2507
 7500/10000 [=====================>........] - ETA: 37s - loss: 2.1481 - accuracy: 0.2521
 8000/10000 [=======================>......] - ETA: 30s - loss: 2.1382 - accuracy: 0.2553
 8500/10000 [========================>.....] - ETA: 22s - loss: 2.1234 - accuracy: 0.2621
 9000/10000 [==========================>...] - ETA: 15s - loss: 2.1051 - accuracy: 0.2712
 9500/10000 [===========================>..] - ETA: 7s - loss: 2.0969 - accuracy: 0.2727 
10000/10000 [==============================] - 152s 15ms/step - loss: 2.0788 - accuracy: 0.2800 - val_loss: 1.7663 - val_accuracy: 0.4860
Epoch 2/5

  500/10000 [>.............................] - ETA: 2:23 - loss: 1.6929 - accuracy: 0.4980
 1000/10000 [==>...........................] - ETA: 2:15 - loss: 1.6461 - accuracy: 0.4930
 1500/10000 [===>..........................] - ETA: 2:09 - loss: 1.6325 - accuracy: 0.4967
 2000/10000 [=====>........................] - ETA: 2:02 - loss: 1.5964 - accuracy: 0.5075
 2500/10000 [======>.......................] - ETA: 1:54 - loss: 1.5756 - accuracy: 0.5064
 3000/10000 [========>.....................] - ETA: 1:45 - loss: 1.5706 - accuracy: 0.4973
 3500/10000 [=========>....................] - ETA: 1:37 - loss: 1.5648 - accuracy: 0.4977
 4000/10000 [===========>..................] - ETA: 1:29 - loss: 1.5612 - accuracy: 0.4938
 4500/10000 [============>.................] - ETA: 1:21 - loss: 1.5435 - accuracy: 0.5002
 5000/10000 [==============>...............] - ETA: 1:14 - loss: 1.5222 - accuracy: 0.5162
 5500/10000 [===============>..............] - ETA: 1:07 - loss: 1.5104 - accuracy: 0.5227
 6000/10000 [=================>............] - ETA: 59s - loss: 1.5038 - accuracy: 0.5258 
 6500/10000 [==================>...........] - ETA: 52s - loss: 1.5029 - accuracy: 0.5258
 7000/10000 [====================>.........] - ETA: 45s - loss: 1.5006 - accuracy: 0.5254
 7500/10000 [=====================>........] - ETA: 37s - loss: 1.4866 - accuracy: 0.5320
 8000/10000 [=======================>......] - ETA: 29s - loss: 1.4735 - accuracy: 0.5361
 8500/10000 [========================>.....] - ETA: 22s - loss: 1.4575 - accuracy: 0.5413
 9000/10000 [==========================>...] - ETA: 15s - loss: 1.4370 - accuracy: 0.5488
 9500/10000 [===========================>..] - ETA: 7s - loss: 1.4210 - accuracy: 0.5533 
10000/10000 [==============================] - 151s 15ms/step - loss: 1.4037 - accuracy: 0.5575 - val_loss: 1.1148 - val_accuracy: 0.6488
Epoch 3/5

  500/10000 [>.............................] - ETA: 2:29 - loss: 0.9346 - accuracy: 0.6960
 1000/10000 [==>...........................] - ETA: 2:16 - loss: 0.9630 - accuracy: 0.6920
 1500/10000 [===>..........................] - ETA: 2:09 - loss: 1.0235 - accuracy: 0.6687
 2000/10000 [=====>........................] - ETA: 2:01 - loss: 1.0085 - accuracy: 0.6735
 2500/10000 [======>.......................] - ETA: 1:54 - loss: 1.0085 - accuracy: 0.6748
 3000/10000 [========>.....................] - ETA: 1:45 - loss: 1.0323 - accuracy: 0.6670
 3500/10000 [=========>....................] - ETA: 1:38 - loss: 1.0294 - accuracy: 0.6717
 4000/10000 [===========>..................] - ETA: 1:30 - loss: 1.0151 - accuracy: 0.6798
 4500/10000 [============>.................] - ETA: 1:23 - loss: 1.0088 - accuracy: 0.6844
 5000/10000 [==============>...............] - ETA: 1:15 - loss: 0.9963 - accuracy: 0.6872
 5500/10000 [===============>..............] - ETA: 1:07 - loss: 1.0119 - accuracy: 0.6820
 6000/10000 [=================>............] - ETA: 1:00 - loss: 1.0072 - accuracy: 0.6870
 6500/10000 [==================>...........] - ETA: 52s - loss: 1.0081 - accuracy: 0.6863 
 7000/10000 [====================>.........] - ETA: 45s - loss: 1.0142 - accuracy: 0.6876
 7500/10000 [=====================>........] - ETA: 37s - loss: 1.0020 - accuracy: 0.6936
 8000/10000 [=======================>......] - ETA: 30s - loss: 0.9993 - accuracy: 0.6925
 8500/10000 [========================>.....] - ETA: 22s - loss: 0.9945 - accuracy: 0.6949
 9000/10000 [==========================>...] - ETA: 15s - loss: 0.9867 - accuracy: 0.6961
 9500/10000 [===========================>..] - ETA: 7s - loss: 0.9835 - accuracy: 0.6949 
10000/10000 [==============================] - 151s 15ms/step - loss: 0.9783 - accuracy: 0.6950 - val_loss: 1.1036 - val_accuracy: 0.6572
Epoch 4/5

  500/10000 [>.............................] - ETA: 2:26 - loss: 0.9927 - accuracy: 0.6900
 1000/10000 [==>...........................] - ETA: 2:22 - loss: 0.9315 - accuracy: 0.6970
 1500/10000 [===>..........................] - ETA: 2:10 - loss: 0.8580 - accuracy: 0.7307
 2000/10000 [=====>........................] - ETA: 2:03 - loss: 0.8564 - accuracy: 0.7270
 2500/10000 [======>.......................] - ETA: 1:55 - loss: 0.8803 - accuracy: 0.7188
 3000/10000 [========>.....................] - ETA: 1:47 - loss: 0.8559 - accuracy: 0.7247
 3500/10000 [=========>....................] - ETA: 1:39 - loss: 0.8399 - accuracy: 0.7306
 4000/10000 [===========>..................] - ETA: 1:31 - loss: 0.8390 - accuracy: 0.7297
 4500/10000 [============>.................] - ETA: 1:23 - loss: 0.8313 - accuracy: 0.7342
 5000/10000 [==============>...............] - ETA: 1:16 - loss: 0.8257 - accuracy: 0.7354
 5500/10000 [===============>..............] - ETA: 1:08 - loss: 0.8064 - accuracy: 0.7424
 6000/10000 [=================>............] - ETA: 1:00 - loss: 0.8010 - accuracy: 0.7448
 6500/10000 [==================>...........] - ETA: 53s - loss: 0.7972 - accuracy: 0.7455 
 7000/10000 [====================>.........] - ETA: 45s - loss: 0.8030 - accuracy: 0.7436
 7500/10000 [=====================>........] - ETA: 37s - loss: 0.7918 - accuracy: 0.7477
 8000/10000 [=======================>......] - ETA: 30s - loss: 0.7901 - accuracy: 0.7477
 8500/10000 [========================>.....] - ETA: 22s - loss: 0.7906 - accuracy: 0.7475
 9000/10000 [==========================>...] - ETA: 15s - loss: 0.7925 - accuracy: 0.7486
 9500/10000 [===========================>..] - ETA: 7s - loss: 0.8032 - accuracy: 0.7437 
10000/10000 [==============================] - 151s 15ms/step - loss: 0.8040 - accuracy: 0.7437 - val_loss: 0.8104 - val_accuracy: 0.7388
Epoch 5/5

  500/10000 [>.............................] - ETA: 2:21 - loss: 0.6840 - accuracy: 0.8000
 1000/10000 [==>...........................] - ETA: 2:15 - loss: 0.6682 - accuracy: 0.7930
 1500/10000 [===>..........................] - ETA: 2:08 - loss: 0.6718 - accuracy: 0.7920
 2000/10000 [=====>........................] - ETA: 2:02 - loss: 0.6905 - accuracy: 0.7765
 2500/10000 [======>.......................] - ETA: 1:54 - loss: 0.6857 - accuracy: 0.7788
 3000/10000 [========>.....................] - ETA: 1:47 - loss: 0.6780 - accuracy: 0.7820
 3500/10000 [=========>....................] - ETA: 1:39 - loss: 0.6654 - accuracy: 0.7857
 4000/10000 [===========>..................] - ETA: 1:31 - loss: 0.6636 - accuracy: 0.7857
 4500/10000 [============>.................] - ETA: 1:24 - loss: 0.6628 - accuracy: 0.7871
 5000/10000 [==============>...............] - ETA: 1:16 - loss: 0.6615 - accuracy: 0.7884
 5500/10000 [===============>..............] - ETA: 1:08 - loss: 0.6529 - accuracy: 0.7884
 6000/10000 [=================>............] - ETA: 1:00 - loss: 0.6523 - accuracy: 0.7858
 6500/10000 [==================>...........] - ETA: 53s - loss: 0.6515 - accuracy: 0.7863 
 7000/10000 [====================>.........] - ETA: 45s - loss: 0.6505 - accuracy: 0.7853
 7500/10000 [=====================>........] - ETA: 37s - loss: 0.6459 - accuracy: 0.7872
 8000/10000 [=======================>......] - ETA: 30s - loss: 0.6466 - accuracy: 0.7860
 8500/10000 [========================>.....] - ETA: 22s - loss: 0.6406 - accuracy: 0.7886
 9000/10000 [==========================>...] - ETA: 15s - loss: 0.6407 - accuracy: 0.7878
 9500/10000 [===========================>..] - ETA: 7s - loss: 0.6387 - accuracy: 0.7893 
10000/10000 [==============================] - 152s 15ms/step - loss: 0.6333 - accuracy: 0.7911 - val_loss: 0.6341 - val_accuracy: 0.8028
Latency --- 759.0708317756653 seconds ---
For delta=0.000100, the current epsilon is: 6.0095
=====================Iteration========================== 4
For delta=0.000100, the current epsilon is: 6.0095
Noise Mutiplier 0.83
in grads Tensor("loss_3/mul:0", shape=(?,), dtype=float32)
Train on 10000 samples, validate on 2500 samples
Epoch 1/5

  500/10000 [>.............................] - ETA: 2:41 - loss: 2.3082 - accuracy: 0.1160
 1000/10000 [==>...........................] - ETA: 2:25 - loss: 2.2893 - accuracy: 0.1590
 1500/10000 [===>..........................] - ETA: 2:13 - loss: 2.2735 - accuracy: 0.1560
 2000/10000 [=====>........................] - ETA: 2:06 - loss: 2.2575 - accuracy: 0.1395
 2500/10000 [======>.......................] - ETA: 2:00 - loss: 2.2468 - accuracy: 0.1700
 3000/10000 [========>.....................] - ETA: 1:51 - loss: 2.2410 - accuracy: 0.1850
 3500/10000 [=========>....................] - ETA: 1:43 - loss: 2.2294 - accuracy: 0.1854
 4000/10000 [===========>..................] - ETA: 1:35 - loss: 2.2180 - accuracy: 0.2023
 4500/10000 [============>.................] - ETA: 1:26 - loss: 2.2089 - accuracy: 0.2002
 5000/10000 [==============>...............] - ETA: 1:18 - loss: 2.2040 - accuracy: 0.2082
 5500/10000 [===============>..............] - ETA: 1:10 - loss: 2.1922 - accuracy: 0.2100
 6000/10000 [=================>............] - ETA: 1:03 - loss: 2.1880 - accuracy: 0.2130
 6500/10000 [==================>...........] - ETA: 55s - loss: 2.1785 - accuracy: 0.2108 
 7000/10000 [====================>.........] - ETA: 47s - loss: 2.1685 - accuracy: 0.2160
 7500/10000 [=====================>........] - ETA: 39s - loss: 2.1617 - accuracy: 0.2151
 8000/10000 [=======================>......] - ETA: 31s - loss: 2.1483 - accuracy: 0.2199
 8500/10000 [========================>.....] - ETA: 23s - loss: 2.1324 - accuracy: 0.2276
 9000/10000 [==========================>...] - ETA: 15s - loss: 2.1146 - accuracy: 0.2323
 9500/10000 [===========================>..] - ETA: 7s - loss: 2.0961 - accuracy: 0.2422 
10000/10000 [==============================] - 157s 16ms/step - loss: 2.0767 - accuracy: 0.2536 - val_loss: 1.6675 - val_accuracy: 0.4684
Epoch 2/5

  500/10000 [>.............................] - ETA: 2:23 - loss: 1.6131 - accuracy: 0.4180
 1000/10000 [==>...........................] - ETA: 2:16 - loss: 1.6225 - accuracy: 0.4520
 1500/10000 [===>..........................] - ETA: 2:11 - loss: 1.6091 - accuracy: 0.4773
 2000/10000 [=====>........................] - ETA: 2:03 - loss: 1.6241 - accuracy: 0.4750
 2500/10000 [======>.......................] - ETA: 1:54 - loss: 1.6317 - accuracy: 0.4664
 3000/10000 [========>.....................] - ETA: 1:47 - loss: 1.6301 - accuracy: 0.4803
 3500/10000 [=========>....................] - ETA: 1:39 - loss: 1.6288 - accuracy: 0.4694
 4000/10000 [===========>..................] - ETA: 1:31 - loss: 1.6141 - accuracy: 0.4818
 4500/10000 [============>.................] - ETA: 1:24 - loss: 1.6012 - accuracy: 0.4833
 5000/10000 [==============>...............] - ETA: 1:16 - loss: 1.6012 - accuracy: 0.4846
 5500/10000 [===============>..............] - ETA: 1:09 - loss: 1.5880 - accuracy: 0.4936
 6000/10000 [=================>............] - ETA: 1:01 - loss: 1.5744 - accuracy: 0.4995
 6500/10000 [==================>...........] - ETA: 53s - loss: 1.5597 - accuracy: 0.5038 
 7000/10000 [====================>.........] - ETA: 46s - loss: 1.5426 - accuracy: 0.5084
 7500/10000 [=====================>........] - ETA: 38s - loss: 1.5267 - accuracy: 0.5133
 8000/10000 [=======================>......] - ETA: 30s - loss: 1.5092 - accuracy: 0.5185
 8500/10000 [========================>.....] - ETA: 22s - loss: 1.4908 - accuracy: 0.5229
 9000/10000 [==========================>...] - ETA: 15s - loss: 1.4846 - accuracy: 0.5230
 9500/10000 [===========================>..] - ETA: 7s - loss: 1.4763 - accuracy: 0.5237 
10000/10000 [==============================] - 153s 15ms/step - loss: 1.4632 - accuracy: 0.5296 - val_loss: 1.1302 - val_accuracy: 0.6596
Epoch 3/5

  500/10000 [>.............................] - ETA: 2:18 - loss: 1.0390 - accuracy: 0.7000
 1000/10000 [==>...........................] - ETA: 2:15 - loss: 1.1006 - accuracy: 0.6690
 1500/10000 [===>..........................] - ETA: 2:08 - loss: 1.1441 - accuracy: 0.6580
 2000/10000 [=====>........................] - ETA: 2:00 - loss: 1.1452 - accuracy: 0.6480
 2500/10000 [======>.......................] - ETA: 1:53 - loss: 1.1383 - accuracy: 0.6468
 3000/10000 [========>.....................] - ETA: 1:45 - loss: 1.1481 - accuracy: 0.6483
 3500/10000 [=========>....................] - ETA: 1:38 - loss: 1.1331 - accuracy: 0.6523
 4000/10000 [===========>..................] - ETA: 1:30 - loss: 1.1243 - accuracy: 0.6510
 4500/10000 [============>.................] - ETA: 1:22 - loss: 1.1061 - accuracy: 0.6551
 5000/10000 [==============>...............] - ETA: 1:15 - loss: 1.1084 - accuracy: 0.6528
 5500/10000 [===============>..............] - ETA: 1:07 - loss: 1.1043 - accuracy: 0.6527
 6000/10000 [=================>............] - ETA: 1:00 - loss: 1.1076 - accuracy: 0.6497
 6500/10000 [==================>...........] - ETA: 53s - loss: 1.1038 - accuracy: 0.6497 
 7000/10000 [====================>.........] - ETA: 45s - loss: 1.1009 - accuracy: 0.6496
 7500/10000 [=====================>........] - ETA: 37s - loss: 1.0906 - accuracy: 0.6524
 8000/10000 [=======================>......] - ETA: 30s - loss: 1.0853 - accuracy: 0.6545
 8500/10000 [========================>.....] - ETA: 22s - loss: 1.0750 - accuracy: 0.6576
 9000/10000 [==========================>...] - ETA: 15s - loss: 1.0670 - accuracy: 0.6597
 9500/10000 [===========================>..] - ETA: 7s - loss: 1.0609 - accuracy: 0.6604 
10000/10000 [==============================] - 153s 15ms/step - loss: 1.0528 - accuracy: 0.6634 - val_loss: 0.9295 - val_accuracy: 0.6656
Epoch 4/5

  500/10000 [>.............................] - ETA: 2:31 - loss: 0.7925 - accuracy: 0.7260
 1000/10000 [==>...........................] - ETA: 2:20 - loss: 0.8127 - accuracy: 0.7210
 1500/10000 [===>..........................] - ETA: 2:09 - loss: 0.8285 - accuracy: 0.7227
 2000/10000 [=====>........................] - ETA: 2:02 - loss: 0.8505 - accuracy: 0.7175
 2500/10000 [======>.......................] - ETA: 1:56 - loss: 0.8661 - accuracy: 0.7120
 3000/10000 [========>.....................] - ETA: 1:47 - loss: 0.8542 - accuracy: 0.7230
 3500/10000 [=========>....................] - ETA: 1:39 - loss: 0.8527 - accuracy: 0.7237
 4000/10000 [===========>..................] - ETA: 1:31 - loss: 0.8799 - accuracy: 0.7160
 4500/10000 [============>.................] - ETA: 1:23 - loss: 0.8964 - accuracy: 0.7136
 5000/10000 [==============>...............] - ETA: 1:16 - loss: 0.8821 - accuracy: 0.7192
 5500/10000 [===============>..............] - ETA: 1:08 - loss: 0.8806 - accuracy: 0.7180
 6000/10000 [=================>............] - ETA: 1:00 - loss: 0.8863 - accuracy: 0.7163
 6500/10000 [==================>...........] - ETA: 53s - loss: 0.8821 - accuracy: 0.7163 
 7000/10000 [====================>.........] - ETA: 45s - loss: 0.8759 - accuracy: 0.7187
 7500/10000 [=====================>........] - ETA: 38s - loss: 0.8775 - accuracy: 0.7165
 8000/10000 [=======================>......] - ETA: 30s - loss: 0.8828 - accuracy: 0.7134
 8500/10000 [========================>.....] - ETA: 22s - loss: 0.8807 - accuracy: 0.7134
 9000/10000 [==========================>...] - ETA: 15s - loss: 0.8705 - accuracy: 0.7172
 9500/10000 [===========================>..] - ETA: 7s - loss: 0.8599 - accuracy: 0.7207 
10000/10000 [==============================] - 154s 15ms/step - loss: 0.8532 - accuracy: 0.7228 - val_loss: 0.8830 - val_accuracy: 0.7164
Epoch 5/5

  500/10000 [>.............................] - ETA: 2:24 - loss: 0.7950 - accuracy: 0.7580
 1000/10000 [==>...........................] - ETA: 2:15 - loss: 0.8792 - accuracy: 0.7390
 1500/10000 [===>..........................] - ETA: 2:08 - loss: 0.8749 - accuracy: 0.7260
 2000/10000 [=====>........................] - ETA: 2:01 - loss: 0.8637 - accuracy: 0.7285
 2500/10000 [======>.......................] - ETA: 1:54 - loss: 0.8483 - accuracy: 0.7296
 3000/10000 [========>.....................] - ETA: 1:46 - loss: 0.8353 - accuracy: 0.7363
 3500/10000 [=========>....................] - ETA: 1:38 - loss: 0.8173 - accuracy: 0.7351
 4000/10000 [===========>..................] - ETA: 1:31 - loss: 0.8005 - accuracy: 0.7408
 4500/10000 [============>.................] - ETA: 1:24 - loss: 0.7928 - accuracy: 0.7431
 5000/10000 [==============>...............] - ETA: 1:16 - loss: 0.7828 - accuracy: 0.7462
 5500/10000 [===============>..............] - ETA: 1:09 - loss: 0.7688 - accuracy: 0.7507
 6000/10000 [=================>............] - ETA: 1:01 - loss: 0.7632 - accuracy: 0.7520
 6500/10000 [==================>...........] - ETA: 54s - loss: 0.7560 - accuracy: 0.7532 
 7000/10000 [====================>.........] - ETA: 46s - loss: 0.7516 - accuracy: 0.7541
 7500/10000 [=====================>........] - ETA: 38s - loss: 0.7520 - accuracy: 0.7545
 8000/10000 [=======================>......] - ETA: 31s - loss: 0.7519 - accuracy: 0.7546
 8500/10000 [========================>.....] - ETA: 23s - loss: 0.7525 - accuracy: 0.7533
 9000/10000 [==========================>...] - ETA: 15s - loss: 0.7463 - accuracy: 0.7552
 9500/10000 [===========================>..] - ETA: 7s - loss: 0.7387 - accuracy: 0.7584 
10000/10000 [==============================] - 155s 15ms/step - loss: 0.7304 - accuracy: 0.7607 - val_loss: 0.6801 - val_accuracy: 0.7968
Latency --- 775.0020153522491 seconds ---
For delta=0.000100, the current epsilon is: 6.0095
=====================Iteration========================== 5
For delta=0.000100, the current epsilon is: 6.0095
Noise Mutiplier 0.83
in grads Tensor("loss_4/mul:0", shape=(?,), dtype=float32)
Train on 10000 samples, validate on 2500 samples
Epoch 1/5

  500/10000 [>.............................] - ETA: 2:41 - loss: 2.3165 - accuracy: 0.1300
 1000/10000 [==>...........................] - ETA: 2:24 - loss: 2.2979 - accuracy: 0.1380
 1500/10000 [===>..........................] - ETA: 2:17 - loss: 2.2882 - accuracy: 0.1273
 2000/10000 [=====>........................] - ETA: 2:08 - loss: 2.2784 - accuracy: 0.1460
 2500/10000 [======>.......................] - ETA: 1:58 - loss: 2.2736 - accuracy: 0.1436
 3000/10000 [========>.....................] - ETA: 1:50 - loss: 2.2648 - accuracy: 0.1610
 3500/10000 [=========>....................] - ETA: 1:42 - loss: 2.2494 - accuracy: 0.1969
 4000/10000 [===========>..................] - ETA: 1:33 - loss: 2.2365 - accuracy: 0.2097
 4500/10000 [============>.................] - ETA: 1:25 - loss: 2.2216 - accuracy: 0.2124
 5000/10000 [==============>...............] - ETA: 1:18 - loss: 2.2073 - accuracy: 0.2144
 5500/10000 [===============>..............] - ETA: 1:10 - loss: 2.1878 - accuracy: 0.2245
 6000/10000 [=================>............] - ETA: 1:02 - loss: 2.1658 - accuracy: 0.2402
 6500/10000 [==================>...........] - ETA: 54s - loss: 2.1422 - accuracy: 0.2525 
 7000/10000 [====================>.........] - ETA: 46s - loss: 2.1235 - accuracy: 0.2620
 7500/10000 [=====================>........] - ETA: 38s - loss: 2.1119 - accuracy: 0.2687
 8000/10000 [=======================>......] - ETA: 31s - loss: 2.0947 - accuracy: 0.2779
 8500/10000 [========================>.....] - ETA: 23s - loss: 2.0860 - accuracy: 0.2834
 9000/10000 [==========================>...] - ETA: 15s - loss: 2.0761 - accuracy: 0.2896
 9500/10000 [===========================>..] - ETA: 7s - loss: 2.0614 - accuracy: 0.2977 
10000/10000 [==============================] - 155s 16ms/step - loss: 2.0454 - accuracy: 0.3050 - val_loss: 1.8302 - val_accuracy: 0.4232
Epoch 2/5

  500/10000 [>.............................] - ETA: 2:24 - loss: 1.8207 - accuracy: 0.4240
 1000/10000 [==>...........................] - ETA: 2:15 - loss: 1.7464 - accuracy: 0.4790
 1500/10000 [===>..........................] - ETA: 2:08 - loss: 1.7038 - accuracy: 0.4713
 2000/10000 [=====>........................] - ETA: 2:00 - loss: 1.6608 - accuracy: 0.4815
 2500/10000 [======>.......................] - ETA: 1:55 - loss: 1.6386 - accuracy: 0.4772
 3000/10000 [========>.....................] - ETA: 1:46 - loss: 1.6223 - accuracy: 0.4810
 3500/10000 [=========>....................] - ETA: 1:39 - loss: 1.6158 - accuracy: 0.4854
 4000/10000 [===========>..................] - ETA: 1:32 - loss: 1.6135 - accuracy: 0.4815
 4500/10000 [============>.................] - ETA: 1:24 - loss: 1.6060 - accuracy: 0.4813
 5000/10000 [==============>...............] - ETA: 1:16 - loss: 1.6023 - accuracy: 0.4764
 5500/10000 [===============>..............] - ETA: 1:08 - loss: 1.5868 - accuracy: 0.4855
 6000/10000 [=================>............] - ETA: 1:01 - loss: 1.5585 - accuracy: 0.4982
 6500/10000 [==================>...........] - ETA: 54s - loss: 1.5394 - accuracy: 0.5045 
 7000/10000 [====================>.........] - ETA: 46s - loss: 1.5185 - accuracy: 0.5106
 7500/10000 [=====================>........] - ETA: 38s - loss: 1.5060 - accuracy: 0.5143
 8000/10000 [=======================>......] - ETA: 30s - loss: 1.4908 - accuracy: 0.5175
 8500/10000 [========================>.....] - ETA: 23s - loss: 1.4806 - accuracy: 0.5200
 9000/10000 [==========================>...] - ETA: 15s - loss: 1.4785 - accuracy: 0.5207
 9500/10000 [===========================>..] - ETA: 7s - loss: 1.4766 - accuracy: 0.5194 
10000/10000 [==============================] - 155s 15ms/step - loss: 1.4634 - accuracy: 0.5249 - val_loss: 1.3274 - val_accuracy: 0.5760
Epoch 3/5

  500/10000 [>.............................] - ETA: 2:29 - loss: 1.1854 - accuracy: 0.6320
 1000/10000 [==>...........................] - ETA: 2:23 - loss: 1.1925 - accuracy: 0.6300
 1500/10000 [===>..........................] - ETA: 2:15 - loss: 1.2297 - accuracy: 0.5987
 2000/10000 [=====>........................] - ETA: 2:05 - loss: 1.1965 - accuracy: 0.6270
 2500/10000 [======>.......................] - ETA: 1:57 - loss: 1.1585 - accuracy: 0.6404
 3000/10000 [========>.....................] - ETA: 1:50 - loss: 1.1299 - accuracy: 0.6453
 3500/10000 [=========>....................] - ETA: 1:42 - loss: 1.1150 - accuracy: 0.6489
 4000/10000 [===========>..................] - ETA: 1:34 - loss: 1.1229 - accuracy: 0.6485
 4500/10000 [============>.................] - ETA: 1:26 - loss: 1.1099 - accuracy: 0.6493
 5000/10000 [==============>...............] - ETA: 1:18 - loss: 1.0982 - accuracy: 0.6542
 5500/10000 [===============>..............] - ETA: 1:10 - loss: 1.0984 - accuracy: 0.6536
 6000/10000 [=================>............] - ETA: 1:02 - loss: 1.0790 - accuracy: 0.6603
 6500/10000 [==================>...........] - ETA: 55s - loss: 1.0813 - accuracy: 0.6566 
 7000/10000 [====================>.........] - ETA: 46s - loss: 1.0860 - accuracy: 0.6574
 7500/10000 [=====================>........] - ETA: 39s - loss: 1.0786 - accuracy: 0.6585
 8000/10000 [=======================>......] - ETA: 31s - loss: 1.0892 - accuracy: 0.6491
 8500/10000 [========================>.....] - ETA: 23s - loss: 1.0741 - accuracy: 0.6556
 9000/10000 [==========================>...] - ETA: 15s - loss: 1.0676 - accuracy: 0.6590
 9500/10000 [===========================>..] - ETA: 7s - loss: 1.0584 - accuracy: 0.6634 
10000/10000 [==============================] - 157s 16ms/step - loss: 1.0478 - accuracy: 0.6677 - val_loss: 0.9376 - val_accuracy: 0.6880
Epoch 4/5

  500/10000 [>.............................] - ETA: 2:26 - loss: 0.8077 - accuracy: 0.7280
 1000/10000 [==>...........................] - ETA: 2:17 - loss: 0.8127 - accuracy: 0.7400
 1500/10000 [===>..........................] - ETA: 2:08 - loss: 0.7959 - accuracy: 0.7460
 2000/10000 [=====>........................] - ETA: 2:01 - loss: 0.7839 - accuracy: 0.7555
 2500/10000 [======>.......................] - ETA: 1:53 - loss: 0.8307 - accuracy: 0.7340
 3000/10000 [========>.....................] - ETA: 1:46 - loss: 0.8088 - accuracy: 0.7440
 3500/10000 [=========>....................] - ETA: 1:40 - loss: 0.8005 - accuracy: 0.7434
 4000/10000 [===========>..................] - ETA: 1:32 - loss: 0.8070 - accuracy: 0.7385
 4500/10000 [============>.................] - ETA: 1:24 - loss: 0.8144 - accuracy: 0.7347
 5000/10000 [==============>...............] - ETA: 1:16 - loss: 0.8103 - accuracy: 0.7334
 5500/10000 [===============>..............] - ETA: 1:09 - loss: 0.8077 - accuracy: 0.7333
 6000/10000 [=================>............] - ETA: 1:01 - loss: 0.8248 - accuracy: 0.7333
 6500/10000 [==================>...........] - ETA: 53s - loss: 0.8242 - accuracy: 0.7335 
 7000/10000 [====================>.........] - ETA: 46s - loss: 0.8213 - accuracy: 0.7336
 7500/10000 [=====================>........] - ETA: 38s - loss: 0.8156 - accuracy: 0.7353
 8000/10000 [=======================>......] - ETA: 30s - loss: 0.8145 - accuracy: 0.7343
 8500/10000 [========================>.....] - ETA: 23s - loss: 0.8128 - accuracy: 0.7342
 9000/10000 [==========================>...] - ETA: 15s - loss: 0.8131 - accuracy: 0.7346
 9500/10000 [===========================>..] - ETA: 7s - loss: 0.8092 - accuracy: 0.7371 
10000/10000 [==============================] - 154s 15ms/step - loss: 0.7971 - accuracy: 0.7420 - val_loss: 0.8041 - val_accuracy: 0.7432
Epoch 5/5

  500/10000 [>.............................] - ETA: 2:28 - loss: 0.6723 - accuracy: 0.8000
 1000/10000 [==>...........................] - ETA: 2:23 - loss: 0.6293 - accuracy: 0.8050
 1500/10000 [===>..........................] - ETA: 2:16 - loss: 0.6214 - accuracy: 0.8053
 2000/10000 [=====>........................] - ETA: 2:06 - loss: 0.6509 - accuracy: 0.7915
 2500/10000 [======>.......................] - ETA: 1:58 - loss: 0.6295 - accuracy: 0.8000
 3000/10000 [========>.....................] - ETA: 1:50 - loss: 0.6457 - accuracy: 0.7923
 3500/10000 [=========>....................] - ETA: 1:43 - loss: 0.6524 - accuracy: 0.7883
 4000/10000 [===========>..................] - ETA: 1:34 - loss: 0.6541 - accuracy: 0.7878
 4500/10000 [============>.................] - ETA: 1:26 - loss: 0.6554 - accuracy: 0.7864
 5000/10000 [==============>...............] - ETA: 1:18 - loss: 0.6557 - accuracy: 0.7836
 5500/10000 [===============>..............] - ETA: 1:10 - loss: 0.6665 - accuracy: 0.7813
 6000/10000 [=================>............] - ETA: 1:02 - loss: 0.6576 - accuracy: 0.7835
 6500/10000 [==================>...........] - ETA: 54s - loss: 0.6464 - accuracy: 0.7874 
 7000/10000 [====================>.........] - ETA: 46s - loss: 0.6385 - accuracy: 0.7906
 7500/10000 [=====================>........] - ETA: 38s - loss: 0.6364 - accuracy: 0.7917
 8000/10000 [=======================>......] - ETA: 31s - loss: 0.6370 - accuracy: 0.7912
 8500/10000 [========================>.....] - ETA: 23s - loss: 0.6295 - accuracy: 0.7934
 9000/10000 [==========================>...] - ETA: 15s - loss: 0.6326 - accuracy: 0.7923
 9500/10000 [===========================>..] - ETA: 7s - loss: 0.6392 - accuracy: 0.7914 
10000/10000 [==============================] - 155s 16ms/step - loss: 0.6357 - accuracy: 0.7920 - val_loss: 0.8049 - val_accuracy: 0.7440
Latency --- 778.7293529510498 seconds ---
For delta=0.000100, the current epsilon is: 6.0095
=====================Iteration========================== 6
For delta=0.000100, the current epsilon is: 6.0095
Noise Mutiplier 0.83
in grads Tensor("loss_5/mul:0", shape=(?,), dtype=float32)
Train on 10000 samples, validate on 2500 samples
Epoch 1/5

  500/10000 [>.............................] - ETA: 2:34 - loss: 2.3043 - accuracy: 0.1080
 1000/10000 [==>...........................] - ETA: 2:19 - loss: 2.3008 - accuracy: 0.1310
 1500/10000 [===>..........................] - ETA: 2:11 - loss: 2.2955 - accuracy: 0.1240
 2000/10000 [=====>........................] - ETA: 2:02 - loss: 2.2901 - accuracy: 0.1275
 2500/10000 [======>.......................] - ETA: 1:54 - loss: 2.2856 - accuracy: 0.1532
 3000/10000 [========>.....................] - ETA: 1:46 - loss: 2.2795 - accuracy: 0.1643
 3500/10000 [=========>....................] - ETA: 1:39 - loss: 2.2727 - accuracy: 0.1686
 4000/10000 [===========>..................] - ETA: 1:31 - loss: 2.2617 - accuracy: 0.2013
 4500/10000 [============>.................] - ETA: 1:23 - loss: 2.2535 - accuracy: 0.2118
 5000/10000 [==============>...............] - ETA: 1:16 - loss: 2.2436 - accuracy: 0.2258
 5500/10000 [===============>..............] - ETA: 1:08 - loss: 2.2336 - accuracy: 0.2373
 6000/10000 [=================>............] - ETA: 1:00 - loss: 2.2179 - accuracy: 0.2552
 6500/10000 [==================>...........] - ETA: 53s - loss: 2.2025 - accuracy: 0.2657 
 7000/10000 [====================>.........] - ETA: 45s - loss: 2.1869 - accuracy: 0.2770
 7500/10000 [=====================>........] - ETA: 38s - loss: 2.1689 - accuracy: 0.2836
 8000/10000 [=======================>......] - ETA: 30s - loss: 2.1509 - accuracy: 0.2981
 8500/10000 [========================>.....] - ETA: 22s - loss: 2.1317 - accuracy: 0.3033
 9000/10000 [==========================>...] - ETA: 15s - loss: 2.1125 - accuracy: 0.3130
 9500/10000 [===========================>..] - ETA: 7s - loss: 2.0956 - accuracy: 0.3178 
10000/10000 [==============================] - 154s 15ms/step - loss: 2.0754 - accuracy: 0.3273 - val_loss: 1.6717 - val_accuracy: 0.4836
Epoch 2/5

  500/10000 [>.............................] - ETA: 2:32 - loss: 1.6609 - accuracy: 0.4980
 1000/10000 [==>...........................] - ETA: 2:21 - loss: 1.5926 - accuracy: 0.5410
 1500/10000 [===>..........................] - ETA: 2:14 - loss: 1.5990 - accuracy: 0.5253
 2000/10000 [=====>........................] - ETA: 2:04 - loss: 1.5889 - accuracy: 0.5375
 2500/10000 [======>.......................] - ETA: 1:55 - loss: 1.5681 - accuracy: 0.5476
 3000/10000 [========>.....................] - ETA: 1:47 - loss: 1.5463 - accuracy: 0.5573
 3500/10000 [=========>....................] - ETA: 1:40 - loss: 1.5444 - accuracy: 0.5563
 4000/10000 [===========>..................] - ETA: 1:32 - loss: 1.5459 - accuracy: 0.5433
 4500/10000 [============>.................] - ETA: 1:25 - loss: 1.5329 - accuracy: 0.5500
 5000/10000 [==============>...............] - ETA: 1:17 - loss: 1.5037 - accuracy: 0.5612
 5500/10000 [===============>..............] - ETA: 1:09 - loss: 1.4870 - accuracy: 0.5635
 6000/10000 [=================>............] - ETA: 1:02 - loss: 1.4831 - accuracy: 0.5590
 6500/10000 [==================>...........] - ETA: 54s - loss: 1.4584 - accuracy: 0.5677 
 7000/10000 [====================>.........] - ETA: 46s - loss: 1.4461 - accuracy: 0.5649
 7500/10000 [=====================>........] - ETA: 38s - loss: 1.4333 - accuracy: 0.5692
 8000/10000 [=======================>......] - ETA: 31s - loss: 1.4261 - accuracy: 0.5669
 8500/10000 [========================>.....] - ETA: 23s - loss: 1.4149 - accuracy: 0.5714
 9000/10000 [==========================>...] - ETA: 15s - loss: 1.4099 - accuracy: 0.5716
 9500/10000 [===========================>..] - ETA: 7s - loss: 1.3979 - accuracy: 0.5757 
10000/10000 [==============================] - 155s 16ms/step - loss: 1.3847 - accuracy: 0.5787 - val_loss: 1.2878 - val_accuracy: 0.5900
Epoch 3/5

  500/10000 [>.............................] - ETA: 2:21 - loss: 1.2611 - accuracy: 0.6060
 1000/10000 [==>...........................] - ETA: 2:18 - loss: 1.1921 - accuracy: 0.6090
 1500/10000 [===>..........................] - ETA: 2:11 - loss: 1.1902 - accuracy: 0.6167
 2000/10000 [=====>........................] - ETA: 2:04 - loss: 1.1702 - accuracy: 0.6350
 2500/10000 [======>.......................] - ETA: 1:54 - loss: 1.1405 - accuracy: 0.6464
 3000/10000 [========>.....................] - ETA: 1:47 - loss: 1.1054 - accuracy: 0.6577
 3500/10000 [=========>....................] - ETA: 1:38 - loss: 1.1037 - accuracy: 0.6537
 4000/10000 [===========>..................] - ETA: 1:31 - loss: 1.0893 - accuracy: 0.6560
 4500/10000 [============>.................] - ETA: 1:24 - loss: 1.0800 - accuracy: 0.6596
 5000/10000 [==============>...............] - ETA: 1:17 - loss: 1.0577 - accuracy: 0.6700
 5500/10000 [===============>..............] - ETA: 1:09 - loss: 1.0459 - accuracy: 0.6767
 6000/10000 [=================>............] - ETA: 1:01 - loss: 1.0300 - accuracy: 0.6807
 6500/10000 [==================>...........] - ETA: 53s - loss: 1.0198 - accuracy: 0.6855 
 7000/10000 [====================>.........] - ETA: 46s - loss: 1.0059 - accuracy: 0.6873
 7500/10000 [=====================>........] - ETA: 38s - loss: 0.9994 - accuracy: 0.6895
 8000/10000 [=======================>......] - ETA: 31s - loss: 0.9834 - accuracy: 0.6933
 8500/10000 [========================>.....] - ETA: 23s - loss: 0.9780 - accuracy: 0.6954
 9000/10000 [==========================>...] - ETA: 15s - loss: 0.9707 - accuracy: 0.6967
 9500/10000 [===========================>..] - ETA: 7s - loss: 0.9600 - accuracy: 0.6995 
10000/10000 [==============================] - 155s 16ms/step - loss: 0.9465 - accuracy: 0.7039 - val_loss: 0.7358 - val_accuracy: 0.7924
Epoch 4/5

  500/10000 [>.............................] - ETA: 2:26 - loss: 0.6371 - accuracy: 0.8340
 1000/10000 [==>...........................] - ETA: 2:19 - loss: 0.7098 - accuracy: 0.7860
 1500/10000 [===>..........................] - ETA: 2:11 - loss: 0.6845 - accuracy: 0.7960
 2000/10000 [=====>........................] - ETA: 2:04 - loss: 0.6828 - accuracy: 0.7865
 2500/10000 [======>.......................] - ETA: 1:55 - loss: 0.6887 - accuracy: 0.7836
 3000/10000 [========>.....................] - ETA: 1:48 - loss: 0.6996 - accuracy: 0.7813
 3500/10000 [=========>....................] - ETA: 1:41 - loss: 0.6902 - accuracy: 0.7834
 4000/10000 [===========>..................] - ETA: 1:32 - loss: 0.7192 - accuracy: 0.7800
 4500/10000 [============>.................] - ETA: 1:24 - loss: 0.7018 - accuracy: 0.7862
 5000/10000 [==============>...............] - ETA: 1:17 - loss: 0.6968 - accuracy: 0.7876
 5500/10000 [===============>..............] - ETA: 1:09 - loss: 0.6893 - accuracy: 0.7895
 6000/10000 [=================>............] - ETA: 1:02 - loss: 0.6800 - accuracy: 0.7910
 6500/10000 [==================>...........] - ETA: 54s - loss: 0.6800 - accuracy: 0.7903 
 7000/10000 [====================>.........] - ETA: 46s - loss: 0.6776 - accuracy: 0.7907
 7500/10000 [=====================>........] - ETA: 38s - loss: 0.6738 - accuracy: 0.7917
 8000/10000 [=======================>......] - ETA: 31s - loss: 0.6678 - accuracy: 0.7928
 8500/10000 [========================>.....] - ETA: 23s - loss: 0.6606 - accuracy: 0.7954
 9000/10000 [==========================>...] - ETA: 15s - loss: 0.6527 - accuracy: 0.7966
 9500/10000 [===========================>..] - ETA: 7s - loss: 0.6518 - accuracy: 0.7967 
10000/10000 [==============================] - 156s 16ms/step - loss: 0.6505 - accuracy: 0.7959 - val_loss: 0.6492 - val_accuracy: 0.7976
Epoch 5/5

  500/10000 [>.............................] - ETA: 2:19 - loss: 0.4711 - accuracy: 0.8460
 1000/10000 [==>...........................] - ETA: 2:16 - loss: 0.5702 - accuracy: 0.8100
 1500/10000 [===>..........................] - ETA: 2:12 - loss: 0.5477 - accuracy: 0.8200
 2000/10000 [=====>........................] - ETA: 2:05 - loss: 0.6053 - accuracy: 0.8015
 2500/10000 [======>.......................] - ETA: 1:57 - loss: 0.6047 - accuracy: 0.8036
 3000/10000 [========>.....................] - ETA: 1:49 - loss: 0.6050 - accuracy: 0.8077
 3500/10000 [=========>....................] - ETA: 1:40 - loss: 0.5933 - accuracy: 0.8103
 4000/10000 [===========>..................] - ETA: 1:33 - loss: 0.6192 - accuracy: 0.8015
 4500/10000 [============>.................] - ETA: 1:25 - loss: 0.6152 - accuracy: 0.8029
 5000/10000 [==============>...............] - ETA: 1:17 - loss: 0.6078 - accuracy: 0.8054
 5500/10000 [===============>..............] - ETA: 1:09 - loss: 0.6053 - accuracy: 0.8051
 6000/10000 [=================>............] - ETA: 1:01 - loss: 0.5987 - accuracy: 0.8065
 6500/10000 [==================>...........] - ETA: 54s - loss: 0.5936 - accuracy: 0.8075 
 7000/10000 [====================>.........] - ETA: 46s - loss: 0.6060 - accuracy: 0.8046
 7500/10000 [=====================>........] - ETA: 38s - loss: 0.5998 - accuracy: 0.8060
 8000/10000 [=======================>......] - ETA: 31s - loss: 0.5918 - accuracy: 0.8100
 8500/10000 [========================>.....] - ETA: 23s - loss: 0.5845 - accuracy: 0.8120
 9000/10000 [==========================>...] - ETA: 15s - loss: 0.5825 - accuracy: 0.8124
 9500/10000 [===========================>..] - ETA: 7s - loss: 0.5786 - accuracy: 0.8139 
10000/10000 [==============================] - 156s 16ms/step - loss: 0.5692 - accuracy: 0.8174 - val_loss: 0.5611 - val_accuracy: 0.8264
Latency --- 780.7046666145325 seconds ---
For delta=0.000100, the current epsilon is: 6.0095
Saving model with new accuracy, previous accuracy was 0.7928000092506409 and present is 0.8173999786376953
Saved model to disk
=====================Iteration========================== 7
For delta=0.000100, the current epsilon is: 6.0095
Noise Mutiplier 0.83
in grads Tensor("loss_6/mul:0", shape=(?,), dtype=float32)
Train on 10000 samples, validate on 2500 samples
Epoch 1/5

  500/10000 [>.............................] - ETA: 2:39 - loss: 2.2895 - accuracy: 0.1420
 1000/10000 [==>...........................] - ETA: 2:21 - loss: 2.2749 - accuracy: 0.1490
 1500/10000 [===>..........................] - ETA: 2:15 - loss: 2.2588 - accuracy: 0.1860
 2000/10000 [=====>........................] - ETA: 2:05 - loss: 2.2406 - accuracy: 0.2035
 2500/10000 [======>.......................] - ETA: 1:57 - loss: 2.2230 - accuracy: 0.2188
 3000/10000 [========>.....................] - ETA: 1:48 - loss: 2.2082 - accuracy: 0.2373
 3500/10000 [=========>....................] - ETA: 1:40 - loss: 2.1981 - accuracy: 0.2389
 4000/10000 [===========>..................] - ETA: 1:32 - loss: 2.1866 - accuracy: 0.2298
 4500/10000 [============>.................] - ETA: 1:24 - loss: 2.1710 - accuracy: 0.2413
 5000/10000 [==============>...............] - ETA: 1:16 - loss: 2.1604 - accuracy: 0.2402
 5500/10000 [===============>..............] - ETA: 1:09 - loss: 2.1473 - accuracy: 0.2505
 6000/10000 [=================>............] - ETA: 1:01 - loss: 2.1352 - accuracy: 0.2535
 6500/10000 [==================>...........] - ETA: 54s - loss: 2.1226 - accuracy: 0.2586 
 7000/10000 [====================>.........] - ETA: 46s - loss: 2.1053 - accuracy: 0.2699
 7500/10000 [=====================>........] - ETA: 38s - loss: 2.0900 - accuracy: 0.2791
 8000/10000 [=======================>......] - ETA: 30s - loss: 2.0721 - accuracy: 0.2890
 8500/10000 [========================>.....] - ETA: 23s - loss: 2.0503 - accuracy: 0.2991
 9000/10000 [==========================>...] - ETA: 15s - loss: 2.0305 - accuracy: 0.3072
 9500/10000 [===========================>..] - ETA: 7s - loss: 2.0117 - accuracy: 0.3129 
10000/10000 [==============================] - 155s 15ms/step - loss: 1.9944 - accuracy: 0.3184 - val_loss: 1.6382 - val_accuracy: 0.4284
Epoch 2/5

  500/10000 [>.............................] - ETA: 2:27 - loss: 1.6051 - accuracy: 0.4280
 1000/10000 [==>...........................] - ETA: 2:14 - loss: 1.5898 - accuracy: 0.4460
 1500/10000 [===>..........................] - ETA: 2:07 - loss: 1.5496 - accuracy: 0.4647
 2000/10000 [=====>........................] - ETA: 2:00 - loss: 1.5320 - accuracy: 0.4880
 2500/10000 [======>.......................] - ETA: 1:53 - loss: 1.5369 - accuracy: 0.4696
 3000/10000 [========>.....................] - ETA: 1:45 - loss: 1.5334 - accuracy: 0.4710
 3500/10000 [=========>....................] - ETA: 1:38 - loss: 1.5156 - accuracy: 0.4757
 4000/10000 [===========>..................] - ETA: 1:31 - loss: 1.4874 - accuracy: 0.4965
 4500/10000 [============>.................] - ETA: 1:23 - loss: 1.4800 - accuracy: 0.5020
 5000/10000 [==============>...............] - ETA: 1:16 - loss: 1.4758 - accuracy: 0.4996
 5500/10000 [===============>..............] - ETA: 1:08 - loss: 1.4605 - accuracy: 0.5087
 6000/10000 [=================>............] - ETA: 1:00 - loss: 1.4333 - accuracy: 0.5192
 6500/10000 [==================>...........] - ETA: 53s - loss: 1.4069 - accuracy: 0.5329 
 7000/10000 [====================>.........] - ETA: 45s - loss: 1.3864 - accuracy: 0.5439
 7500/10000 [=====================>........] - ETA: 38s - loss: 1.3752 - accuracy: 0.5496
 8000/10000 [=======================>......] - ETA: 30s - loss: 1.3543 - accuracy: 0.5602
 8500/10000 [========================>.....] - ETA: 22s - loss: 1.3417 - accuracy: 0.5641
 9000/10000 [==========================>...] - ETA: 15s - loss: 1.3258 - accuracy: 0.5729
 9500/10000 [===========================>..] - ETA: 7s - loss: 1.3121 - accuracy: 0.5774 
10000/10000 [==============================] - 152s 15ms/step - loss: 1.2948 - accuracy: 0.5866 - val_loss: 1.1096 - val_accuracy: 0.6636
Epoch 3/5

  500/10000 [>.............................] - ETA: 2:23 - loss: 1.0830 - accuracy: 0.6560
 1000/10000 [==>...........................] - ETA: 2:11 - loss: 0.9998 - accuracy: 0.7060
 1500/10000 [===>..........................] - ETA: 2:05 - loss: 1.0084 - accuracy: 0.6880
 2000/10000 [=====>........................] - ETA: 1:59 - loss: 1.0380 - accuracy: 0.6780
 2500/10000 [======>.......................] - ETA: 1:53 - loss: 1.0005 - accuracy: 0.6900
 3000/10000 [========>.....................] - ETA: 1:46 - loss: 1.0046 - accuracy: 0.6827
 3500/10000 [=========>....................] - ETA: 1:38 - loss: 0.9929 - accuracy: 0.6806
 4000/10000 [===========>..................] - ETA: 1:31 - loss: 0.9938 - accuracy: 0.6805
 4500/10000 [============>.................] - ETA: 1:23 - loss: 0.9976 - accuracy: 0.6760
 5000/10000 [==============>...............] - ETA: 1:15 - loss: 1.0118 - accuracy: 0.6712
 5500/10000 [===============>..............] - ETA: 1:08 - loss: 1.0075 - accuracy: 0.6740
 6000/10000 [=================>............] - ETA: 1:00 - loss: 0.9942 - accuracy: 0.6782
 6500/10000 [==================>...........] - ETA: 53s - loss: 0.9931 - accuracy: 0.6762 
 7000/10000 [====================>.........] - ETA: 45s - loss: 0.9857 - accuracy: 0.6783
 7500/10000 [=====================>........] - ETA: 38s - loss: 0.9769 - accuracy: 0.6813
 8000/10000 [=======================>......] - ETA: 30s - loss: 0.9735 - accuracy: 0.6844
 8500/10000 [========================>.....] - ETA: 22s - loss: 0.9700 - accuracy: 0.6858
 9000/10000 [==========================>...] - ETA: 15s - loss: 0.9559 - accuracy: 0.6917
 9500/10000 [===========================>..] - ETA: 7s - loss: 0.9415 - accuracy: 0.6971 
10000/10000 [==============================] - 152s 15ms/step - loss: 0.9258 - accuracy: 0.7020 - val_loss: 0.9279 - val_accuracy: 0.6908
Epoch 4/5

  500/10000 [>.............................] - ETA: 2:17 - loss: 0.7400 - accuracy: 0.7420
 1000/10000 [==>...........................] - ETA: 2:09 - loss: 0.6763 - accuracy: 0.7700
 1500/10000 [===>..........................] - ETA: 2:03 - loss: 0.7001 - accuracy: 0.7600
 2000/10000 [=====>........................] - ETA: 1:57 - loss: 0.7233 - accuracy: 0.7580
 2500/10000 [======>.......................] - ETA: 1:50 - loss: 0.7259 - accuracy: 0.7580
 3000/10000 [========>.....................] - ETA: 1:42 - loss: 0.7229 - accuracy: 0.7560
 3500/10000 [=========>....................] - ETA: 1:35 - loss: 0.7286 - accuracy: 0.7543
 4000/10000 [===========>..................] - ETA: 1:28 - loss: 0.7248 - accuracy: 0.7580
 4500/10000 [============>.................] - ETA: 1:21 - loss: 0.7153 - accuracy: 0.7629
 5000/10000 [==============>...............] - ETA: 1:13 - loss: 0.7128 - accuracy: 0.7646
 5500/10000 [===============>..............] - ETA: 1:06 - loss: 0.7079 - accuracy: 0.7658
 6000/10000 [=================>............] - ETA: 59s - loss: 0.7090 - accuracy: 0.7682 
 6500/10000 [==================>...........] - ETA: 51s - loss: 0.7067 - accuracy: 0.7682
 7000/10000 [====================>.........] - ETA: 44s - loss: 0.7087 - accuracy: 0.7700
 7500/10000 [=====================>........] - ETA: 37s - loss: 0.6989 - accuracy: 0.7728
 8000/10000 [=======================>......] - ETA: 29s - loss: 0.6920 - accuracy: 0.7757
 8500/10000 [========================>.....] - ETA: 22s - loss: 0.6868 - accuracy: 0.7771
 9000/10000 [==========================>...] - ETA: 14s - loss: 0.6850 - accuracy: 0.7784
 9500/10000 [===========================>..] - ETA: 7s - loss: 0.6762 - accuracy: 0.7816 
10000/10000 [==============================] - 149s 15ms/step - loss: 0.6777 - accuracy: 0.7819 - val_loss: 0.6683 - val_accuracy: 0.7988
Epoch 5/5

  500/10000 [>.............................] - ETA: 2:21 - loss: 0.5108 - accuracy: 0.8520
 1000/10000 [==>...........................] - ETA: 2:16 - loss: 0.5227 - accuracy: 0.8420
 1500/10000 [===>..........................] - ETA: 2:09 - loss: 0.5262 - accuracy: 0.8353
 2000/10000 [=====>........................] - ETA: 2:00 - loss: 0.5522 - accuracy: 0.8245
 2500/10000 [======>.......................] - ETA: 1:54 - loss: 0.5738 - accuracy: 0.8152
 3000/10000 [========>.....................] - ETA: 1:47 - loss: 0.5787 - accuracy: 0.8170
 3500/10000 [=========>....................] - ETA: 1:40 - loss: 0.5633 - accuracy: 0.8206
 4000/10000 [===========>..................] - ETA: 1:32 - loss: 0.5510 - accuracy: 0.8257
 4500/10000 [============>.................] - ETA: 1:24 - loss: 0.5510 - accuracy: 0.8267
 5000/10000 [==============>...............] - ETA: 1:16 - loss: 0.5420 - accuracy: 0.8288
 5500/10000 [===============>..............] - ETA: 1:08 - loss: 0.5422 - accuracy: 0.8298
 6000/10000 [=================>............] - ETA: 1:01 - loss: 0.5367 - accuracy: 0.8298
 6500/10000 [==================>...........] - ETA: 53s - loss: 0.5370 - accuracy: 0.8305 
 7000/10000 [====================>.........] - ETA: 45s - loss: 0.5405 - accuracy: 0.8290
 7500/10000 [=====================>........] - ETA: 37s - loss: 0.5408 - accuracy: 0.8295
 8000/10000 [=======================>......] - ETA: 30s - loss: 0.5339 - accuracy: 0.8315
 8500/10000 [========================>.....] - ETA: 22s - loss: 0.5262 - accuracy: 0.8349
 9000/10000 [==========================>...] - ETA: 15s - loss: 0.5196 - accuracy: 0.8363
 9500/10000 [===========================>..] - ETA: 7s - loss: 0.5155 - accuracy: 0.8385 
10000/10000 [==============================] - 151s 15ms/step - loss: 0.5183 - accuracy: 0.8374 - val_loss: 0.9360 - val_accuracy: 0.7236
Latency --- 762.0475642681122 seconds ---
For delta=0.000100, the current epsilon is: 6.0095
Saving model with new accuracy, previous accuracy was 0.8173999786376953 and present is 0.8374000191688538
Saved model to disk
=====================Iteration========================== 8
For delta=0.000100, the current epsilon is: 6.0095
Noise Mutiplier 0.83
in grads Tensor("loss_7/mul:0", shape=(?,), dtype=float32)
Train on 10000 samples, validate on 2500 samples
Epoch 1/5

  500/10000 [>.............................] - ETA: 2:32 - loss: 2.3122 - accuracy: 0.1300
 1000/10000 [==>...........................] - ETA: 2:21 - loss: 2.2973 - accuracy: 0.1250
 1500/10000 [===>..........................] - ETA: 2:11 - loss: 2.2909 - accuracy: 0.1353
 2000/10000 [=====>........................] - ETA: 2:04 - loss: 2.2834 - accuracy: 0.1485
 2500/10000 [======>.......................] - ETA: 1:55 - loss: 2.2759 - accuracy: 0.1696
 3000/10000 [========>.....................] - ETA: 1:46 - loss: 2.2670 - accuracy: 0.1870
 3500/10000 [=========>....................] - ETA: 1:38 - loss: 2.2563 - accuracy: 0.1920
 4000/10000 [===========>..................] - ETA: 1:30 - loss: 2.2437 - accuracy: 0.2132
 4500/10000 [============>.................] - ETA: 1:23 - loss: 2.2257 - accuracy: 0.2340
 5000/10000 [==============>...............] - ETA: 1:15 - loss: 2.2093 - accuracy: 0.2436
 5500/10000 [===============>..............] - ETA: 1:07 - loss: 2.1933 - accuracy: 0.2535
 6000/10000 [=================>............] - ETA: 1:00 - loss: 2.1772 - accuracy: 0.2622
 6500/10000 [==================>...........] - ETA: 52s - loss: 2.1612 - accuracy: 0.2634 
 7000/10000 [====================>.........] - ETA: 45s - loss: 2.1474 - accuracy: 0.2677
 7500/10000 [=====================>........] - ETA: 37s - loss: 2.1356 - accuracy: 0.2688
 8000/10000 [=======================>......] - ETA: 30s - loss: 2.1264 - accuracy: 0.2701
 8500/10000 [========================>.....] - ETA: 22s - loss: 2.1097 - accuracy: 0.2776
 9000/10000 [==========================>...] - ETA: 15s - loss: 2.0942 - accuracy: 0.2848
 9500/10000 [===========================>..] - ETA: 7s - loss: 2.0775 - accuracy: 0.2900 
10000/10000 [==============================] - 152s 15ms/step - loss: 2.0600 - accuracy: 0.2966 - val_loss: 1.6785 - val_accuracy: 0.4832
Epoch 2/5

  500/10000 [>.............................] - ETA: 2:20 - loss: 1.5828 - accuracy: 0.5420
 1000/10000 [==>...........................] - ETA: 2:16 - loss: 1.5942 - accuracy: 0.5010
 1500/10000 [===>..........................] - ETA: 2:09 - loss: 1.6715 - accuracy: 0.4360
 2000/10000 [=====>........................] - ETA: 2:01 - loss: 1.6535 - accuracy: 0.4445
 2500/10000 [======>.......................] - ETA: 1:54 - loss: 1.6447 - accuracy: 0.4584
 3000/10000 [========>.....................] - ETA: 1:45 - loss: 1.6613 - accuracy: 0.4523
 3500/10000 [=========>....................] - ETA: 1:37 - loss: 1.6624 - accuracy: 0.4437
 4000/10000 [===========>..................] - ETA: 1:29 - loss: 1.6374 - accuracy: 0.4565
 4500/10000 [============>.................] - ETA: 1:22 - loss: 1.6098 - accuracy: 0.4667
 5000/10000 [==============>...............] - ETA: 1:15 - loss: 1.5896 - accuracy: 0.4736
 5500/10000 [===============>..............] - ETA: 1:07 - loss: 1.5736 - accuracy: 0.4787
 6000/10000 [=================>............] - ETA: 1:00 - loss: 1.5714 - accuracy: 0.4820
 6500/10000 [==================>...........] - ETA: 52s - loss: 1.5682 - accuracy: 0.4822 
 7000/10000 [====================>.........] - ETA: 45s - loss: 1.5577 - accuracy: 0.4841
 7500/10000 [=====================>........] - ETA: 37s - loss: 1.5489 - accuracy: 0.4868
 8000/10000 [=======================>......] - ETA: 30s - loss: 1.5369 - accuracy: 0.4886
 8500/10000 [========================>.....] - ETA: 22s - loss: 1.5232 - accuracy: 0.4951
 9000/10000 [==========================>...] - ETA: 15s - loss: 1.5244 - accuracy: 0.4968
 9500/10000 [===========================>..] - ETA: 7s - loss: 1.5159 - accuracy: 0.5008 
10000/10000 [==============================] - 151s 15ms/step - loss: 1.5026 - accuracy: 0.5064 - val_loss: 1.4238 - val_accuracy: 0.4924
Epoch 3/5

  500/10000 [>.............................] - ETA: 2:14 - loss: 1.3967 - accuracy: 0.5260
 1000/10000 [==>...........................] - ETA: 2:11 - loss: 1.3499 - accuracy: 0.5630
 1500/10000 [===>..........................] - ETA: 2:03 - loss: 1.3149 - accuracy: 0.5733
 2000/10000 [=====>........................] - ETA: 1:57 - loss: 1.2866 - accuracy: 0.5865
 2500/10000 [======>.......................] - ETA: 1:50 - loss: 1.2638 - accuracy: 0.5880
 3000/10000 [========>.....................] - ETA: 1:43 - loss: 1.2283 - accuracy: 0.6003
 3500/10000 [=========>....................] - ETA: 1:35 - loss: 1.2198 - accuracy: 0.5926
 4000/10000 [===========>..................] - ETA: 1:28 - loss: 1.2083 - accuracy: 0.6008
 4500/10000 [============>.................] - ETA: 1:21 - loss: 1.1985 - accuracy: 0.6002
 5000/10000 [==============>...............] - ETA: 1:14 - loss: 1.1899 - accuracy: 0.6030
 5500/10000 [===============>..............] - ETA: 1:06 - loss: 1.1778 - accuracy: 0.6071
 6000/10000 [=================>............] - ETA: 59s - loss: 1.1586 - accuracy: 0.6150 
 6500/10000 [==================>...........] - ETA: 52s - loss: 1.1500 - accuracy: 0.6188
 7000/10000 [====================>.........] - ETA: 44s - loss: 1.1344 - accuracy: 0.6229
 7500/10000 [=====================>........] - ETA: 37s - loss: 1.1213 - accuracy: 0.6279
 8000/10000 [=======================>......] - ETA: 29s - loss: 1.1247 - accuracy: 0.6267
 8500/10000 [========================>.....] - ETA: 22s - loss: 1.1115 - accuracy: 0.6300
 9000/10000 [==========================>...] - ETA: 14s - loss: 1.1040 - accuracy: 0.6339
 9500/10000 [===========================>..] - ETA: 7s - loss: 1.0886 - accuracy: 0.6388 
10000/10000 [==============================] - 150s 15ms/step - loss: 1.0708 - accuracy: 0.6448 - val_loss: 0.9460 - val_accuracy: 0.6788
Epoch 4/5

  500/10000 [>.............................] - ETA: 2:30 - loss: 0.8643 - accuracy: 0.7220
 1000/10000 [==>...........................] - ETA: 2:19 - loss: 0.8182 - accuracy: 0.7260
 1500/10000 [===>..........................] - ETA: 2:08 - loss: 0.8009 - accuracy: 0.7340
 2000/10000 [=====>........................] - ETA: 2:01 - loss: 0.8253 - accuracy: 0.7235
 2500/10000 [======>.......................] - ETA: 1:54 - loss: 0.8005 - accuracy: 0.7324
 3000/10000 [========>.....................] - ETA: 1:46 - loss: 0.8193 - accuracy: 0.7287
 3500/10000 [=========>....................] - ETA: 1:39 - loss: 0.8144 - accuracy: 0.7317
 4000/10000 [===========>..................] - ETA: 1:31 - loss: 0.7959 - accuracy: 0.7408
 4500/10000 [============>.................] - ETA: 1:24 - loss: 0.8021 - accuracy: 0.7358
 5000/10000 [==============>...............] - ETA: 1:16 - loss: 0.7996 - accuracy: 0.7366
 5500/10000 [===============>..............] - ETA: 1:09 - loss: 0.7959 - accuracy: 0.7378
 6000/10000 [=================>............] - ETA: 1:01 - loss: 0.7894 - accuracy: 0.7402
 6500/10000 [==================>...........] - ETA: 53s - loss: 0.7881 - accuracy: 0.7406 
 7000/10000 [====================>.........] - ETA: 46s - loss: 0.7952 - accuracy: 0.7383
 7500/10000 [=====================>........] - ETA: 38s - loss: 0.8039 - accuracy: 0.7353
 8000/10000 [=======================>......] - ETA: 30s - loss: 0.8102 - accuracy: 0.7336
 8500/10000 [========================>.....] - ETA: 23s - loss: 0.8215 - accuracy: 0.7316
 9000/10000 [==========================>...] - ETA: 15s - loss: 0.8210 - accuracy: 0.7313
 9500/10000 [===========================>..] - ETA: 7s - loss: 0.8186 - accuracy: 0.7324 
10000/10000 [==============================] - 155s 15ms/step - loss: 0.8202 - accuracy: 0.7310 - val_loss: 0.8938 - val_accuracy: 0.7112
Epoch 5/5

  500/10000 [>.............................] - ETA: 2:21 - loss: 0.8056 - accuracy: 0.7620
 1000/10000 [==>...........................] - ETA: 2:14 - loss: 0.8180 - accuracy: 0.7250
 1500/10000 [===>..........................] - ETA: 2:08 - loss: 0.7935 - accuracy: 0.7353
 2000/10000 [=====>........................] - ETA: 2:00 - loss: 0.7740 - accuracy: 0.7400
 2500/10000 [======>.......................] - ETA: 1:51 - loss: 0.7719 - accuracy: 0.7444
 3000/10000 [========>.....................] - ETA: 1:44 - loss: 0.7566 - accuracy: 0.7527
 3500/10000 [=========>....................] - ETA: 1:37 - loss: 0.7387 - accuracy: 0.7580
 4000/10000 [===========>..................] - ETA: 1:29 - loss: 0.7274 - accuracy: 0.7632
 4500/10000 [============>.................] - ETA: 1:22 - loss: 0.7219 - accuracy: 0.7653
 5000/10000 [==============>...............] - ETA: 1:15 - loss: 0.7159 - accuracy: 0.7662
 5500/10000 [===============>..............] - ETA: 1:07 - loss: 0.7134 - accuracy: 0.7664
 6000/10000 [=================>............] - ETA: 1:00 - loss: 0.7118 - accuracy: 0.7692
 6500/10000 [==================>...........] - ETA: 52s - loss: 0.7105 - accuracy: 0.7692 
 7000/10000 [====================>.........] - ETA: 45s - loss: 0.7045 - accuracy: 0.7720
 7500/10000 [=====================>........] - ETA: 37s - loss: 0.6979 - accuracy: 0.7743
 8000/10000 [=======================>......] - ETA: 30s - loss: 0.6939 - accuracy: 0.7739
 8500/10000 [========================>.....] - ETA: 22s - loss: 0.6925 - accuracy: 0.7751
 9000/10000 [==========================>...] - ETA: 15s - loss: 0.6943 - accuracy: 0.7757
 9500/10000 [===========================>..] - ETA: 7s - loss: 0.6945 - accuracy: 0.7756 
10000/10000 [==============================] - 152s 15ms/step - loss: 0.6942 - accuracy: 0.7760 - val_loss: 0.7627 - val_accuracy: 0.7568
Latency --- 761.7800886631012 seconds ---
For delta=0.000100, the current epsilon is: 6.0095
=====================Iteration========================== 9
For delta=0.000100, the current epsilon is: 6.0095
Noise Mutiplier 0.83
in grads Tensor("loss_8/mul:0", shape=(?,), dtype=float32)
Train on 10000 samples, validate on 2500 samples
Epoch 1/5

  500/10000 [>.............................] - ETA: 2:43 - loss: 2.3209 - accuracy: 0.1020
 1000/10000 [==>...........................] - ETA: 2:23 - loss: 2.3048 - accuracy: 0.1180
 1500/10000 [===>..........................] - ETA: 2:16 - loss: 2.2941 - accuracy: 0.1327
 2000/10000 [=====>........................] - ETA: 2:07 - loss: 2.2849 - accuracy: 0.1490
 2500/10000 [======>.......................] - ETA: 1:59 - loss: 2.2780 - accuracy: 0.1408
 3000/10000 [========>.....................] - ETA: 1:51 - loss: 2.2697 - accuracy: 0.1640
 3500/10000 [=========>....................] - ETA: 1:43 - loss: 2.2588 - accuracy: 0.1634
 4000/10000 [===========>..................] - ETA: 1:35 - loss: 2.2463 - accuracy: 0.1807
 4500/10000 [============>.................] - ETA: 1:26 - loss: 2.2337 - accuracy: 0.1802
 5000/10000 [==============>...............] - ETA: 1:18 - loss: 2.2217 - accuracy: 0.1972
 5500/10000 [===============>..............] - ETA: 1:10 - loss: 2.2048 - accuracy: 0.2127
 6000/10000 [=================>............] - ETA: 1:02 - loss: 2.1907 - accuracy: 0.2237
 6500/10000 [==================>...........] - ETA: 54s - loss: 2.1779 - accuracy: 0.2172 
 7000/10000 [====================>.........] - ETA: 46s - loss: 2.1712 - accuracy: 0.2270
 7500/10000 [=====================>........] - ETA: 39s - loss: 2.1649 - accuracy: 0.2329
 8000/10000 [=======================>......] - ETA: 31s - loss: 2.1523 - accuracy: 0.2346
 8500/10000 [========================>.....] - ETA: 23s - loss: 2.1459 - accuracy: 0.2396
 9000/10000 [==========================>...] - ETA: 15s - loss: 2.1353 - accuracy: 0.2467
 9500/10000 [===========================>..] - ETA: 7s - loss: 2.1222 - accuracy: 0.2497 
10000/10000 [==============================] - 157s 16ms/step - loss: 2.1050 - accuracy: 0.2584 - val_loss: 1.6986 - val_accuracy: 0.4764
Epoch 2/5

  500/10000 [>.............................] - ETA: 2:21 - loss: 1.6712 - accuracy: 0.4840
 1000/10000 [==>...........................] - ETA: 2:14 - loss: 1.6203 - accuracy: 0.5200
 1500/10000 [===>..........................] - ETA: 2:08 - loss: 1.6538 - accuracy: 0.4713
 2000/10000 [=====>........................] - ETA: 2:02 - loss: 1.6935 - accuracy: 0.4550
 2500/10000 [======>.......................] - ETA: 1:56 - loss: 1.7080 - accuracy: 0.4436
 3000/10000 [========>.....................] - ETA: 1:48 - loss: 1.7207 - accuracy: 0.4367
 3500/10000 [=========>....................] - ETA: 1:40 - loss: 1.7004 - accuracy: 0.4449
 4000/10000 [===========>..................] - ETA: 1:32 - loss: 1.6875 - accuracy: 0.4490
 4500/10000 [============>.................] - ETA: 1:25 - loss: 1.6636 - accuracy: 0.4538
 5000/10000 [==============>...............] - ETA: 1:16 - loss: 1.6394 - accuracy: 0.4712
 5500/10000 [===============>..............] - ETA: 1:08 - loss: 1.6003 - accuracy: 0.4882
 6000/10000 [=================>............] - ETA: 1:01 - loss: 1.5654 - accuracy: 0.4987
 6500/10000 [==================>...........] - ETA: 54s - loss: 1.5389 - accuracy: 0.5057 
 7000/10000 [====================>.........] - ETA: 46s - loss: 1.5159 - accuracy: 0.5120
 7500/10000 [=====================>........] - ETA: 38s - loss: 1.5088 - accuracy: 0.5096
 8000/10000 [=======================>......] - ETA: 30s - loss: 1.4880 - accuracy: 0.5200
 8500/10000 [========================>.....] - ETA: 23s - loss: 1.4695 - accuracy: 0.5227
 9000/10000 [==========================>...] - ETA: 15s - loss: 1.4576 - accuracy: 0.5270
 9500/10000 [===========================>..] - ETA: 7s - loss: 1.4349 - accuracy: 0.5358 
10000/10000 [==============================] - 155s 15ms/step - loss: 1.4213 - accuracy: 0.5384 - val_loss: 1.1469 - val_accuracy: 0.6104
Epoch 3/5

  500/10000 [>.............................] - ETA: 2:21 - loss: 1.0840 - accuracy: 0.6380
 1000/10000 [==>...........................] - ETA: 2:11 - loss: 1.0610 - accuracy: 0.6680
 1500/10000 [===>..........................] - ETA: 2:04 - loss: 1.0859 - accuracy: 0.6320
 2000/10000 [=====>........................] - ETA: 1:58 - loss: 1.0880 - accuracy: 0.6310
 2500/10000 [======>.......................] - ETA: 1:52 - loss: 1.0955 - accuracy: 0.6316
 3000/10000 [========>.....................] - ETA: 1:45 - loss: 1.0989 - accuracy: 0.6330
 3500/10000 [=========>....................] - ETA: 1:39 - loss: 1.1006 - accuracy: 0.6283
 4000/10000 [===========>..................] - ETA: 1:31 - loss: 1.0998 - accuracy: 0.6320
 4500/10000 [============>.................] - ETA: 1:23 - loss: 1.0877 - accuracy: 0.6351
 5000/10000 [==============>...............] - ETA: 1:16 - loss: 1.0847 - accuracy: 0.6376
 5500/10000 [===============>..............] - ETA: 1:08 - loss: 1.0612 - accuracy: 0.6464
 6000/10000 [=================>............] - ETA: 1:00 - loss: 1.0631 - accuracy: 0.6458
 6500/10000 [==================>...........] - ETA: 53s - loss: 1.0563 - accuracy: 0.6457 
 7000/10000 [====================>.........] - ETA: 45s - loss: 1.0515 - accuracy: 0.6487
 7500/10000 [=====================>........] - ETA: 38s - loss: 1.0473 - accuracy: 0.6487
 8000/10000 [=======================>......] - ETA: 30s - loss: 1.0365 - accuracy: 0.6539
 8500/10000 [========================>.....] - ETA: 22s - loss: 1.0256 - accuracy: 0.6579
 9000/10000 [==========================>...] - ETA: 15s - loss: 1.0144 - accuracy: 0.6619
 9500/10000 [===========================>..] - ETA: 7s - loss: 1.0046 - accuracy: 0.6645 
10000/10000 [==============================] - 152s 15ms/step - loss: 0.9968 - accuracy: 0.6676 - val_loss: 1.0781 - val_accuracy: 0.6860
Epoch 4/5

  500/10000 [>.............................] - ETA: 2:28 - loss: 0.8753 - accuracy: 0.7560
 1000/10000 [==>...........................] - ETA: 2:17 - loss: 0.7681 - accuracy: 0.7690
 1500/10000 [===>..........................] - ETA: 2:10 - loss: 0.7498 - accuracy: 0.7660
 2000/10000 [=====>........................] - ETA: 2:03 - loss: 0.7201 - accuracy: 0.7785
 2500/10000 [======>.......................] - ETA: 1:55 - loss: 0.7436 - accuracy: 0.7660
 3000/10000 [========>.....................] - ETA: 1:47 - loss: 0.7379 - accuracy: 0.7657
 3500/10000 [=========>....................] - ETA: 1:40 - loss: 0.7467 - accuracy: 0.7594
 4000/10000 [===========>..................] - ETA: 1:32 - loss: 0.7514 - accuracy: 0.7588
 4500/10000 [============>.................] - ETA: 1:25 - loss: 0.7419 - accuracy: 0.7609
 5000/10000 [==============>...............] - ETA: 1:17 - loss: 0.7550 - accuracy: 0.7526
 5500/10000 [===============>..............] - ETA: 1:09 - loss: 0.7698 - accuracy: 0.7496
 6000/10000 [=================>............] - ETA: 1:02 - loss: 0.7728 - accuracy: 0.7493
 6500/10000 [==================>...........] - ETA: 54s - loss: 0.7707 - accuracy: 0.7511 
 7000/10000 [====================>.........] - ETA: 46s - loss: 0.7801 - accuracy: 0.7449
 7500/10000 [=====================>........] - ETA: 38s - loss: 0.7906 - accuracy: 0.7432
 8000/10000 [=======================>......] - ETA: 31s - loss: 0.7826 - accuracy: 0.7450
 8500/10000 [========================>.....] - ETA: 23s - loss: 0.7771 - accuracy: 0.7466
 9000/10000 [==========================>...] - ETA: 15s - loss: 0.7694 - accuracy: 0.7499
 9500/10000 [===========================>..] - ETA: 7s - loss: 0.7694 - accuracy: 0.7503 
10000/10000 [==============================] - 155s 15ms/step - loss: 0.7734 - accuracy: 0.7492 - val_loss: 0.7992 - val_accuracy: 0.7492
Epoch 5/5

  500/10000 [>.............................] - ETA: 2:25 - loss: 0.7531 - accuracy: 0.7640
 1000/10000 [==>...........................] - ETA: 2:16 - loss: 0.7539 - accuracy: 0.7650
 1500/10000 [===>..........................] - ETA: 2:12 - loss: 0.7183 - accuracy: 0.7740
 2000/10000 [=====>........................] - ETA: 2:02 - loss: 0.6916 - accuracy: 0.7795
 2500/10000 [======>.......................] - ETA: 1:55 - loss: 0.7043 - accuracy: 0.7740
 3000/10000 [========>.....................] - ETA: 1:48 - loss: 0.6992 - accuracy: 0.7767
 3500/10000 [=========>....................] - ETA: 1:40 - loss: 0.6859 - accuracy: 0.7803
 4000/10000 [===========>..................] - ETA: 1:31 - loss: 0.6708 - accuracy: 0.7845
 4500/10000 [============>.................] - ETA: 1:24 - loss: 0.6749 - accuracy: 0.7818
 5000/10000 [==============>...............] - ETA: 1:16 - loss: 0.6699 - accuracy: 0.7832
 5500/10000 [===============>..............] - ETA: 1:08 - loss: 0.6575 - accuracy: 0.7875
 6000/10000 [=================>............] - ETA: 1:01 - loss: 0.6470 - accuracy: 0.7905
 6500/10000 [==================>...........] - ETA: 53s - loss: 0.6342 - accuracy: 0.7946 
 7000/10000 [====================>.........] - ETA: 46s - loss: 0.6334 - accuracy: 0.7959
 7500/10000 [=====================>........] - ETA: 38s - loss: 0.6332 - accuracy: 0.7951
 8000/10000 [=======================>......] - ETA: 30s - loss: 0.6318 - accuracy: 0.7955
 8500/10000 [========================>.....] - ETA: 23s - loss: 0.6277 - accuracy: 0.7973
 9000/10000 [==========================>...] - ETA: 15s - loss: 0.6234 - accuracy: 0.7989
 9500/10000 [===========================>..] - ETA: 7s - loss: 0.6193 - accuracy: 0.7998 
10000/10000 [==============================] - 155s 16ms/step - loss: 0.6139 - accuracy: 0.8022 - val_loss: 0.6656 - val_accuracy: 0.7884
Latency --- 777.3530225753784 seconds ---
For delta=0.000100, the current epsilon is: 6.0095
=====================Iteration========================== 10
For delta=0.000100, the current epsilon is: 6.0095
Noise Mutiplier 0.83
in grads Tensor("loss_9/mul:0", shape=(?,), dtype=float32)
Train on 10000 samples, validate on 2500 samples
Epoch 1/5

  500/10000 [>.............................] - ETA: 2:44 - loss: 2.3405 - accuracy: 0.0960
 1000/10000 [==>...........................] - ETA: 2:28 - loss: 2.3094 - accuracy: 0.1300
 1500/10000 [===>..........................] - ETA: 2:17 - loss: 2.2902 - accuracy: 0.1633
 2000/10000 [=====>........................] - ETA: 2:08 - loss: 2.2712 - accuracy: 0.1855
 2500/10000 [======>.......................] - ETA: 1:59 - loss: 2.2486 - accuracy: 0.2188
 3000/10000 [========>.....................] - ETA: 1:50 - loss: 2.2298 - accuracy: 0.2257
 3500/10000 [=========>....................] - ETA: 1:42 - loss: 2.2095 - accuracy: 0.2497
 4000/10000 [===========>..................] - ETA: 1:34 - loss: 2.1843 - accuracy: 0.2718
 4500/10000 [============>.................] - ETA: 1:26 - loss: 2.1729 - accuracy: 0.2711
 5000/10000 [==============>...............] - ETA: 1:18 - loss: 2.1599 - accuracy: 0.2724
 5500/10000 [===============>..............] - ETA: 1:10 - loss: 2.1343 - accuracy: 0.2960
 6000/10000 [=================>............] - ETA: 1:02 - loss: 2.1073 - accuracy: 0.3130
 6500/10000 [==================>...........] - ETA: 54s - loss: 2.0875 - accuracy: 0.3220 
 7000/10000 [====================>.........] - ETA: 46s - loss: 2.0697 - accuracy: 0.3257
 7500/10000 [=====================>........] - ETA: 39s - loss: 2.0439 - accuracy: 0.3405
 8000/10000 [=======================>......] - ETA: 31s - loss: 2.0247 - accuracy: 0.3469
 8500/10000 [========================>.....] - ETA: 23s - loss: 2.0151 - accuracy: 0.3489
 9000/10000 [==========================>...] - ETA: 15s - loss: 2.0012 - accuracy: 0.3512
 9500/10000 [===========================>..] - ETA: 7s - loss: 1.9873 - accuracy: 0.3602 
10000/10000 [==============================] - 158s 16ms/step - loss: 1.9714 - accuracy: 0.3641 - val_loss: 1.7492 - val_accuracy: 0.4264
Epoch 2/5

  500/10000 [>.............................] - ETA: 2:28 - loss: 1.6495 - accuracy: 0.4620
 1000/10000 [==>...........................] - ETA: 2:19 - loss: 1.6033 - accuracy: 0.4860
 1500/10000 [===>..........................] - ETA: 2:11 - loss: 1.5852 - accuracy: 0.4860
 2000/10000 [=====>........................] - ETA: 2:02 - loss: 1.5677 - accuracy: 0.4870
 2500/10000 [======>.......................] - ETA: 1:55 - loss: 1.5619 - accuracy: 0.4788
 3000/10000 [========>.....................] - ETA: 1:47 - loss: 1.5517 - accuracy: 0.4883
 3500/10000 [=========>....................] - ETA: 1:39 - loss: 1.5254 - accuracy: 0.4977
 4000/10000 [===========>..................] - ETA: 1:31 - loss: 1.5114 - accuracy: 0.4978
 4500/10000 [============>.................] - ETA: 1:23 - loss: 1.5163 - accuracy: 0.5020
 5000/10000 [==============>...............] - ETA: 1:15 - loss: 1.4919 - accuracy: 0.5130
 5500/10000 [===============>..............] - ETA: 1:08 - loss: 1.4681 - accuracy: 0.5216
 6000/10000 [=================>............] - ETA: 1:01 - loss: 1.4631 - accuracy: 0.5248
 6500/10000 [==================>...........] - ETA: 53s - loss: 1.4466 - accuracy: 0.5331 
 7000/10000 [====================>.........] - ETA: 46s - loss: 1.4295 - accuracy: 0.5403
 7500/10000 [=====================>........] - ETA: 38s - loss: 1.4202 - accuracy: 0.5411
 8000/10000 [=======================>......] - ETA: 30s - loss: 1.4042 - accuracy: 0.5462
 8500/10000 [========================>.....] - ETA: 23s - loss: 1.3855 - accuracy: 0.5522
 9000/10000 [==========================>...] - ETA: 15s - loss: 1.3700 - accuracy: 0.5583
 9500/10000 [===========================>..] - ETA: 7s - loss: 1.3648 - accuracy: 0.5604 
10000/10000 [==============================] - 155s 15ms/step - loss: 1.3507 - accuracy: 0.5661 - val_loss: 1.1531 - val_accuracy: 0.6180
Epoch 3/5

  500/10000 [>.............................] - ETA: 2:26 - loss: 0.9572 - accuracy: 0.6920
 1000/10000 [==>...........................] - ETA: 2:16 - loss: 1.0272 - accuracy: 0.6600
 1500/10000 [===>..........................] - ETA: 2:10 - loss: 0.9844 - accuracy: 0.6673
 2000/10000 [=====>........................] - ETA: 2:00 - loss: 1.0195 - accuracy: 0.6635
 2500/10000 [======>.......................] - ETA: 1:53 - loss: 1.0114 - accuracy: 0.6660
 3000/10000 [========>.....................] - ETA: 1:46 - loss: 0.9900 - accuracy: 0.6797
 3500/10000 [=========>....................] - ETA: 1:38 - loss: 0.9871 - accuracy: 0.6823
 4000/10000 [===========>..................] - ETA: 1:30 - loss: 0.9780 - accuracy: 0.6840
 4500/10000 [============>.................] - ETA: 1:22 - loss: 0.9737 - accuracy: 0.6867
 5000/10000 [==============>...............] - ETA: 1:15 - loss: 0.9719 - accuracy: 0.6848
 5500/10000 [===============>..............] - ETA: 1:08 - loss: 0.9532 - accuracy: 0.6915
 6000/10000 [=================>............] - ETA: 1:00 - loss: 0.9440 - accuracy: 0.6918
 6500/10000 [==================>...........] - ETA: 53s - loss: 0.9417 - accuracy: 0.6928 
 7000/10000 [====================>.........] - ETA: 45s - loss: 0.9336 - accuracy: 0.6959
 7500/10000 [=====================>........] - ETA: 38s - loss: 0.9214 - accuracy: 0.7017
 8000/10000 [=======================>......] - ETA: 30s - loss: 0.9207 - accuracy: 0.7024
 8500/10000 [========================>.....] - ETA: 22s - loss: 0.9116 - accuracy: 0.7072
 9000/10000 [==========================>...] - ETA: 15s - loss: 0.8999 - accuracy: 0.7107
 9500/10000 [===========================>..] - ETA: 7s - loss: 0.8935 - accuracy: 0.7126 
10000/10000 [==============================] - 154s 15ms/step - loss: 0.8874 - accuracy: 0.7151 - val_loss: 0.9742 - val_accuracy: 0.6712
Epoch 4/5

  500/10000 [>.............................] - ETA: 2:26 - loss: 0.8186 - accuracy: 0.7320
 1000/10000 [==>...........................] - ETA: 2:18 - loss: 0.7991 - accuracy: 0.7340
 1500/10000 [===>..........................] - ETA: 2:14 - loss: 0.7896 - accuracy: 0.7447
 2000/10000 [=====>........................] - ETA: 2:07 - loss: 0.7526 - accuracy: 0.7640
 2500/10000 [======>.......................] - ETA: 1:58 - loss: 0.7469 - accuracy: 0.7628
 3000/10000 [========>.....................] - ETA: 1:49 - loss: 0.7222 - accuracy: 0.7747
 3500/10000 [=========>....................] - ETA: 1:42 - loss: 0.7146 - accuracy: 0.7800
 4000/10000 [===========>..................] - ETA: 1:34 - loss: 0.7049 - accuracy: 0.7840
 4500/10000 [============>.................] - ETA: 1:25 - loss: 0.7060 - accuracy: 0.7833
 5000/10000 [==============>...............] - ETA: 1:17 - loss: 0.6979 - accuracy: 0.7856
 5500/10000 [===============>..............] - ETA: 1:09 - loss: 0.6998 - accuracy: 0.7856
 6000/10000 [=================>............] - ETA: 1:01 - loss: 0.6898 - accuracy: 0.7883
 6500/10000 [==================>...........] - ETA: 54s - loss: 0.6850 - accuracy: 0.7885 
 7000/10000 [====================>.........] - ETA: 46s - loss: 0.6771 - accuracy: 0.7890
 7500/10000 [=====================>........] - ETA: 38s - loss: 0.6705 - accuracy: 0.7911
 8000/10000 [=======================>......] - ETA: 30s - loss: 0.6647 - accuracy: 0.7930
 8500/10000 [========================>.....] - ETA: 23s - loss: 0.6602 - accuracy: 0.7954
 9000/10000 [==========================>...] - ETA: 15s - loss: 0.6557 - accuracy: 0.7973
 9500/10000 [===========================>..] - ETA: 7s - loss: 0.6512 - accuracy: 0.7982 
10000/10000 [==============================] - 154s 15ms/step - loss: 0.6511 - accuracy: 0.7974 - val_loss: 0.7135 - val_accuracy: 0.7632
Epoch 5/5

  500/10000 [>.............................] - ETA: 2:19 - loss: 0.5539 - accuracy: 0.8260
 1000/10000 [==>...........................] - ETA: 2:17 - loss: 0.5722 - accuracy: 0.8280
 1500/10000 [===>..........................] - ETA: 2:06 - loss: 0.5992 - accuracy: 0.8193
 2000/10000 [=====>........................] - ETA: 1:58 - loss: 0.5829 - accuracy: 0.8225
 2500/10000 [======>.......................] - ETA: 1:52 - loss: 0.6076 - accuracy: 0.8164
 3000/10000 [========>.....................] - ETA: 1:45 - loss: 0.6047 - accuracy: 0.8157
 3500/10000 [=========>....................] - ETA: 1:37 - loss: 0.5867 - accuracy: 0.8189
 4000/10000 [===========>..................] - ETA: 1:29 - loss: 0.5871 - accuracy: 0.8188
 4500/10000 [============>.................] - ETA: 1:22 - loss: 0.5783 - accuracy: 0.8191
 5000/10000 [==============>...............] - ETA: 1:15 - loss: 0.5655 - accuracy: 0.8230
 5500/10000 [===============>..............] - ETA: 1:07 - loss: 0.5603 - accuracy: 0.8215
 6000/10000 [=================>............] - ETA: 1:00 - loss: 0.5492 - accuracy: 0.8247
 6500/10000 [==================>...........] - ETA: 52s - loss: 0.5397 - accuracy: 0.8274 
 7000/10000 [====================>.........] - ETA: 45s - loss: 0.5341 - accuracy: 0.8290
 7500/10000 [=====================>........] - ETA: 37s - loss: 0.5383 - accuracy: 0.8271
 8000/10000 [=======================>......] - ETA: 30s - loss: 0.5330 - accuracy: 0.8285
 8500/10000 [========================>.....] - ETA: 22s - loss: 0.5276 - accuracy: 0.8311
 9000/10000 [==========================>...] - ETA: 15s - loss: 0.5218 - accuracy: 0.8330
 9500/10000 [===========================>..] - ETA: 7s - loss: 0.5175 - accuracy: 0.8348 
10000/10000 [==============================] - 151s 15ms/step - loss: 0.5114 - accuracy: 0.8374 - val_loss: 0.6270 - val_accuracy: 0.8080
Latency --- 774.7663369178772 seconds ---
For delta=0.000100, the current epsilon is: 6.0095
