We are using Tensorflow version 1.15.2
Keras API version: 2.3.1
=====================Iteration========================== 1
For delta=0.000100, the current epsilon is: 4.0678
Noise Mutiplier 1
in grads Tensor("loss/mul:0", shape=(?,), dtype=float32)
Train on 10000 samples, validate on 2500 samples
Epoch 1/5

  500/10000 [>.............................] - ETA: 2:30 - loss: 2.3054 - accuracy: 0.0920
 1000/10000 [==>...........................] - ETA: 2:23 - loss: 2.2975 - accuracy: 0.0980
 1500/10000 [===>..........................] - ETA: 2:16 - loss: 2.2869 - accuracy: 0.1173
 2000/10000 [=====>........................] - ETA: 2:07 - loss: 2.2771 - accuracy: 0.1265
 2500/10000 [======>.......................] - ETA: 1:59 - loss: 2.2724 - accuracy: 0.1500
 3000/10000 [========>.....................] - ETA: 1:50 - loss: 2.2602 - accuracy: 0.1793
 3500/10000 [=========>....................] - ETA: 1:41 - loss: 2.2509 - accuracy: 0.1889
 4000/10000 [===========>..................] - ETA: 1:34 - loss: 2.2383 - accuracy: 0.2122
 4500/10000 [============>.................] - ETA: 1:26 - loss: 2.2279 - accuracy: 0.2213
 5000/10000 [==============>...............] - ETA: 1:18 - loss: 2.2161 - accuracy: 0.2310
 5500/10000 [===============>..............] - ETA: 1:10 - loss: 2.2130 - accuracy: 0.2240
 6000/10000 [=================>............] - ETA: 1:02 - loss: 2.2012 - accuracy: 0.2297
 6500/10000 [==================>...........] - ETA: 54s - loss: 2.1845 - accuracy: 0.2409 
 7000/10000 [====================>.........] - ETA: 47s - loss: 2.1657 - accuracy: 0.2547
 7500/10000 [=====================>........] - ETA: 39s - loss: 2.1500 - accuracy: 0.2620
 8000/10000 [=======================>......] - ETA: 31s - loss: 2.1359 - accuracy: 0.2724
 8500/10000 [========================>.....] - ETA: 23s - loss: 2.1222 - accuracy: 0.2724
 9000/10000 [==========================>...] - ETA: 15s - loss: 2.1081 - accuracy: 0.2793
 9500/10000 [===========================>..] - ETA: 7s - loss: 2.0899 - accuracy: 0.2840 
10000/10000 [==============================] - 159s 16ms/step - loss: 2.0791 - accuracy: 0.2836 - val_loss: 1.8426 - val_accuracy: 0.4172
Epoch 2/5

  500/10000 [>.............................] - ETA: 2:31 - loss: 1.7022 - accuracy: 0.5020
 1000/10000 [==>...........................] - ETA: 2:22 - loss: 1.6934 - accuracy: 0.4830
 1500/10000 [===>..........................] - ETA: 2:14 - loss: 1.7069 - accuracy: 0.4560
 2000/10000 [=====>........................] - ETA: 2:05 - loss: 1.6902 - accuracy: 0.4560
 2500/10000 [======>.......................] - ETA: 1:56 - loss: 1.6519 - accuracy: 0.4744
 3000/10000 [========>.....................] - ETA: 1:49 - loss: 1.6094 - accuracy: 0.4797
 3500/10000 [=========>....................] - ETA: 1:42 - loss: 1.5964 - accuracy: 0.4757
 4000/10000 [===========>..................] - ETA: 1:33 - loss: 1.5766 - accuracy: 0.4865
 4500/10000 [============>.................] - ETA: 1:25 - loss: 1.5743 - accuracy: 0.4871
 5000/10000 [==============>...............] - ETA: 1:17 - loss: 1.5569 - accuracy: 0.4930
 5500/10000 [===============>..............] - ETA: 1:09 - loss: 1.5506 - accuracy: 0.4964
 6000/10000 [=================>............] - ETA: 1:01 - loss: 1.5380 - accuracy: 0.5000
 6500/10000 [==================>...........] - ETA: 54s - loss: 1.5244 - accuracy: 0.5046 
 7000/10000 [====================>.........] - ETA: 46s - loss: 1.5091 - accuracy: 0.5096
 7500/10000 [=====================>........] - ETA: 38s - loss: 1.4967 - accuracy: 0.5135
 8000/10000 [=======================>......] - ETA: 31s - loss: 1.4860 - accuracy: 0.5200
 8500/10000 [========================>.....] - ETA: 23s - loss: 1.4649 - accuracy: 0.5278
 9000/10000 [==========================>...] - ETA: 15s - loss: 1.4663 - accuracy: 0.5259
 9500/10000 [===========================>..] - ETA: 7s - loss: 1.4557 - accuracy: 0.5297 
10000/10000 [==============================] - 155s 16ms/step - loss: 1.4550 - accuracy: 0.5305 - val_loss: 1.2714 - val_accuracy: 0.5900
Epoch 3/5

  500/10000 [>.............................] - ETA: 2:21 - loss: 1.1864 - accuracy: 0.6140
 1000/10000 [==>...........................] - ETA: 2:13 - loss: 1.1131 - accuracy: 0.6500
 1500/10000 [===>..........................] - ETA: 2:09 - loss: 1.1443 - accuracy: 0.6387
 2000/10000 [=====>........................] - ETA: 2:02 - loss: 1.1483 - accuracy: 0.6400
 2500/10000 [======>.......................] - ETA: 1:55 - loss: 1.1492 - accuracy: 0.6244
 3000/10000 [========>.....................] - ETA: 1:48 - loss: 1.1509 - accuracy: 0.6290
 3500/10000 [=========>....................] - ETA: 1:40 - loss: 1.1599 - accuracy: 0.6217
 4000/10000 [===========>..................] - ETA: 1:32 - loss: 1.1440 - accuracy: 0.6275
 4500/10000 [============>.................] - ETA: 1:25 - loss: 1.1236 - accuracy: 0.6351
 5000/10000 [==============>...............] - ETA: 1:17 - loss: 1.1122 - accuracy: 0.6380
 5500/10000 [===============>..............] - ETA: 1:09 - loss: 1.1286 - accuracy: 0.6285
 6000/10000 [=================>............] - ETA: 1:01 - loss: 1.1229 - accuracy: 0.6295
 6500/10000 [==================>...........] - ETA: 53s - loss: 1.1238 - accuracy: 0.6325 
 7000/10000 [====================>.........] - ETA: 46s - loss: 1.1131 - accuracy: 0.6370
 7500/10000 [=====================>........] - ETA: 38s - loss: 1.1064 - accuracy: 0.6409
 8000/10000 [=======================>......] - ETA: 30s - loss: 1.0992 - accuracy: 0.6440
 8500/10000 [========================>.....] - ETA: 23s - loss: 1.0898 - accuracy: 0.6479
 9000/10000 [==========================>...] - ETA: 15s - loss: 1.0870 - accuracy: 0.6474
 9500/10000 [===========================>..] - ETA: 7s - loss: 1.0757 - accuracy: 0.6523 
10000/10000 [==============================] - 155s 16ms/step - loss: 1.0658 - accuracy: 0.6553 - val_loss: 1.0627 - val_accuracy: 0.6436
Epoch 4/5

  500/10000 [>.............................] - ETA: 2:28 - loss: 1.0057 - accuracy: 0.6640
 1000/10000 [==>...........................] - ETA: 2:21 - loss: 0.9359 - accuracy: 0.6900
 1500/10000 [===>..........................] - ETA: 2:14 - loss: 0.8820 - accuracy: 0.7007
 2000/10000 [=====>........................] - ETA: 2:02 - loss: 0.9343 - accuracy: 0.6670
 2500/10000 [======>.......................] - ETA: 1:55 - loss: 0.9166 - accuracy: 0.6756
 3000/10000 [========>.....................] - ETA: 1:48 - loss: 0.8999 - accuracy: 0.6863
 3500/10000 [=========>....................] - ETA: 1:40 - loss: 0.9196 - accuracy: 0.6789
 4000/10000 [===========>..................] - ETA: 1:33 - loss: 0.8955 - accuracy: 0.6885
 4500/10000 [============>.................] - ETA: 1:25 - loss: 0.8907 - accuracy: 0.6904
 5000/10000 [==============>...............] - ETA: 1:17 - loss: 0.8834 - accuracy: 0.6942
 5500/10000 [===============>..............] - ETA: 1:09 - loss: 0.8868 - accuracy: 0.6951
 6000/10000 [=================>............] - ETA: 1:01 - loss: 0.8748 - accuracy: 0.7008
 6500/10000 [==================>...........] - ETA: 54s - loss: 0.8792 - accuracy: 0.6983 
 7000/10000 [====================>.........] - ETA: 46s - loss: 0.8662 - accuracy: 0.7030
 7500/10000 [=====================>........] - ETA: 38s - loss: 0.8559 - accuracy: 0.7071
 8000/10000 [=======================>......] - ETA: 31s - loss: 0.8497 - accuracy: 0.7086
 8500/10000 [========================>.....] - ETA: 23s - loss: 0.8371 - accuracy: 0.7136
 9000/10000 [==========================>...] - ETA: 15s - loss: 0.8340 - accuracy: 0.7162
 9500/10000 [===========================>..] - ETA: 7s - loss: 0.8343 - accuracy: 0.7168 
10000/10000 [==============================] - 154s 15ms/step - loss: 0.8301 - accuracy: 0.7184 - val_loss: 1.0069 - val_accuracy: 0.6532
Epoch 5/5

  500/10000 [>.............................] - ETA: 2:26 - loss: 0.7838 - accuracy: 0.7100
 1000/10000 [==>...........................] - ETA: 2:19 - loss: 0.7134 - accuracy: 0.7520
 1500/10000 [===>..........................] - ETA: 2:13 - loss: 0.6860 - accuracy: 0.7633
 2000/10000 [=====>........................] - ETA: 2:05 - loss: 0.7365 - accuracy: 0.7525
 2500/10000 [======>.......................] - ETA: 1:57 - loss: 0.7352 - accuracy: 0.7552
 3000/10000 [========>.....................] - ETA: 1:49 - loss: 0.7733 - accuracy: 0.7430
 3500/10000 [=========>....................] - ETA: 1:41 - loss: 0.7847 - accuracy: 0.7454
 4000/10000 [===========>..................] - ETA: 1:33 - loss: 0.7781 - accuracy: 0.7452
 4500/10000 [============>.................] - ETA: 1:25 - loss: 0.8108 - accuracy: 0.7418
 5000/10000 [==============>...............] - ETA: 1:17 - loss: 0.8103 - accuracy: 0.7422
 5500/10000 [===============>..............] - ETA: 1:10 - loss: 0.8078 - accuracy: 0.7425
 6000/10000 [=================>............] - ETA: 1:02 - loss: 0.8125 - accuracy: 0.7395
 6500/10000 [==================>...........] - ETA: 54s - loss: 0.8164 - accuracy: 0.7394 
 7000/10000 [====================>.........] - ETA: 46s - loss: 0.8222 - accuracy: 0.7366
 7500/10000 [=====================>........] - ETA: 39s - loss: 0.8289 - accuracy: 0.7351
 8000/10000 [=======================>......] - ETA: 31s - loss: 0.8269 - accuracy: 0.7346
 8500/10000 [========================>.....] - ETA: 23s - loss: 0.8266 - accuracy: 0.7344
 9000/10000 [==========================>...] - ETA: 15s - loss: 0.8241 - accuracy: 0.7370
 9500/10000 [===========================>..] - ETA: 7s - loss: 0.8174 - accuracy: 0.7374 
10000/10000 [==============================] - 157s 16ms/step - loss: 0.8179 - accuracy: 0.7388 - val_loss: 0.7465 - val_accuracy: 0.7612
Latency --- 781.4591820240021 seconds ---
For delta=0.000100, the current epsilon is: 4.0678
Saving model with new accuracy, previous accuracy was 0 and present is 0.7387999892234802
Saved model to disk
=====================Iteration========================== 2
For delta=0.000100, the current epsilon is: 4.0678
Noise Mutiplier 1
in grads Tensor("loss_1/mul:0", shape=(?,), dtype=float32)
Train on 10000 samples, validate on 2500 samples
Epoch 1/5

  500/10000 [>.............................] - ETA: 2:35 - loss: 2.3298 - accuracy: 0.0920
 1000/10000 [==>...........................] - ETA: 2:21 - loss: 2.3159 - accuracy: 0.0890
 1500/10000 [===>..........................] - ETA: 2:13 - loss: 2.3049 - accuracy: 0.0980
 2000/10000 [=====>........................] - ETA: 2:05 - loss: 2.2952 - accuracy: 0.0995
 2500/10000 [======>.......................] - ETA: 1:59 - loss: 2.2871 - accuracy: 0.1140
 3000/10000 [========>.....................] - ETA: 1:51 - loss: 2.2794 - accuracy: 0.1167
 3500/10000 [=========>....................] - ETA: 1:42 - loss: 2.2736 - accuracy: 0.1186
 4000/10000 [===========>..................] - ETA: 1:34 - loss: 2.2663 - accuracy: 0.1220
 4500/10000 [============>.................] - ETA: 1:26 - loss: 2.2561 - accuracy: 0.1238
 5000/10000 [==============>...............] - ETA: 1:17 - loss: 2.2466 - accuracy: 0.1242
 5500/10000 [===============>..............] - ETA: 1:09 - loss: 2.2343 - accuracy: 0.1225
 6000/10000 [=================>............] - ETA: 1:01 - loss: 2.2226 - accuracy: 0.1382
 6500/10000 [==================>...........] - ETA: 54s - loss: 2.2074 - accuracy: 0.1385 
 7000/10000 [====================>.........] - ETA: 46s - loss: 2.1899 - accuracy: 0.1504
 7500/10000 [=====================>........] - ETA: 38s - loss: 2.1720 - accuracy: 0.1620
 8000/10000 [=======================>......] - ETA: 30s - loss: 2.1538 - accuracy: 0.1778
 8500/10000 [========================>.....] - ETA: 23s - loss: 2.1349 - accuracy: 0.1840
 9000/10000 [==========================>...] - ETA: 15s - loss: 2.1175 - accuracy: 0.1919
 9500/10000 [===========================>..] - ETA: 7s - loss: 2.1025 - accuracy: 0.1998 
10000/10000 [==============================] - 154s 15ms/step - loss: 2.0838 - accuracy: 0.2137 - val_loss: 1.7519 - val_accuracy: 0.3584
Epoch 2/5

  500/10000 [>.............................] - ETA: 2:17 - loss: 1.6500 - accuracy: 0.4080
 1000/10000 [==>...........................] - ETA: 2:12 - loss: 1.6145 - accuracy: 0.4950
 1500/10000 [===>..........................] - ETA: 2:06 - loss: 1.5978 - accuracy: 0.4940
 2000/10000 [=====>........................] - ETA: 2:00 - loss: 1.5946 - accuracy: 0.5070
 2500/10000 [======>.......................] - ETA: 1:54 - loss: 1.6072 - accuracy: 0.4976
 3000/10000 [========>.....................] - ETA: 1:46 - loss: 1.6064 - accuracy: 0.4997
 3500/10000 [=========>....................] - ETA: 1:40 - loss: 1.5930 - accuracy: 0.4994
 4000/10000 [===========>..................] - ETA: 1:32 - loss: 1.5812 - accuracy: 0.5060
 4500/10000 [============>.................] - ETA: 1:24 - loss: 1.5701 - accuracy: 0.5069
 5000/10000 [==============>...............] - ETA: 1:17 - loss: 1.5640 - accuracy: 0.5056
 5500/10000 [===============>..............] - ETA: 1:09 - loss: 1.5620 - accuracy: 0.5033
 6000/10000 [=================>............] - ETA: 1:01 - loss: 1.5442 - accuracy: 0.5087
 6500/10000 [==================>...........] - ETA: 53s - loss: 1.5421 - accuracy: 0.5074 
 7000/10000 [====================>.........] - ETA: 46s - loss: 1.5180 - accuracy: 0.5186
 7500/10000 [=====================>........] - ETA: 38s - loss: 1.5060 - accuracy: 0.5200
 8000/10000 [=======================>......] - ETA: 30s - loss: 1.5103 - accuracy: 0.5145
 8500/10000 [========================>.....] - ETA: 22s - loss: 1.4946 - accuracy: 0.5195
 9000/10000 [==========================>...] - ETA: 15s - loss: 1.4795 - accuracy: 0.5252
 9500/10000 [===========================>..] - ETA: 7s - loss: 1.4760 - accuracy: 0.5237 
10000/10000 [==============================] - 154s 15ms/step - loss: 1.4614 - accuracy: 0.5290 - val_loss: 1.1332 - val_accuracy: 0.6744
Epoch 3/5

  500/10000 [>.............................] - ETA: 2:18 - loss: 1.0189 - accuracy: 0.7120
 1000/10000 [==>...........................] - ETA: 2:12 - loss: 1.0508 - accuracy: 0.7140
 1500/10000 [===>..........................] - ETA: 2:06 - loss: 1.0868 - accuracy: 0.7040
 2000/10000 [=====>........................] - ETA: 1:58 - loss: 1.1591 - accuracy: 0.6665
 2500/10000 [======>.......................] - ETA: 1:52 - loss: 1.1584 - accuracy: 0.6656
 3000/10000 [========>.....................] - ETA: 1:44 - loss: 1.1927 - accuracy: 0.6360
 3500/10000 [=========>....................] - ETA: 1:37 - loss: 1.1938 - accuracy: 0.6349
 4000/10000 [===========>..................] - ETA: 1:30 - loss: 1.2011 - accuracy: 0.6292
 4500/10000 [============>.................] - ETA: 1:22 - loss: 1.2264 - accuracy: 0.6151
 5000/10000 [==============>...............] - ETA: 1:14 - loss: 1.2165 - accuracy: 0.6156
 5500/10000 [===============>..............] - ETA: 1:07 - loss: 1.2109 - accuracy: 0.6173
 6000/10000 [=================>............] - ETA: 59s - loss: 1.2077 - accuracy: 0.6180 
 6500/10000 [==================>...........] - ETA: 52s - loss: 1.1979 - accuracy: 0.6203
 7000/10000 [====================>.........] - ETA: 45s - loss: 1.1812 - accuracy: 0.6286
 7500/10000 [=====================>........] - ETA: 37s - loss: 1.1642 - accuracy: 0.6361
 8000/10000 [=======================>......] - ETA: 30s - loss: 1.1599 - accuracy: 0.6354
 8500/10000 [========================>.....] - ETA: 22s - loss: 1.1546 - accuracy: 0.6366
 9000/10000 [==========================>...] - ETA: 15s - loss: 1.1538 - accuracy: 0.6363
 9500/10000 [===========================>..] - ETA: 7s - loss: 1.1384 - accuracy: 0.6415 
10000/10000 [==============================] - 151s 15ms/step - loss: 1.1296 - accuracy: 0.6422 - val_loss: 0.9825 - val_accuracy: 0.6868
Epoch 4/5

  500/10000 [>.............................] - ETA: 2:25 - loss: 0.8461 - accuracy: 0.7480
 1000/10000 [==>...........................] - ETA: 2:12 - loss: 0.8365 - accuracy: 0.7440
 1500/10000 [===>..........................] - ETA: 2:05 - loss: 0.8653 - accuracy: 0.7380
 2000/10000 [=====>........................] - ETA: 2:00 - loss: 0.8605 - accuracy: 0.7425
 2500/10000 [======>.......................] - ETA: 1:53 - loss: 0.9329 - accuracy: 0.7108
 3000/10000 [========>.....................] - ETA: 1:45 - loss: 0.9440 - accuracy: 0.7117
 3500/10000 [=========>....................] - ETA: 1:37 - loss: 0.9335 - accuracy: 0.7123
 4000/10000 [===========>..................] - ETA: 1:30 - loss: 0.9448 - accuracy: 0.7105
 4500/10000 [============>.................] - ETA: 1:22 - loss: 0.9269 - accuracy: 0.7158
 5000/10000 [==============>...............] - ETA: 1:15 - loss: 0.9364 - accuracy: 0.7086
 5500/10000 [===============>..............] - ETA: 1:08 - loss: 0.9446 - accuracy: 0.7076
 6000/10000 [=================>............] - ETA: 1:00 - loss: 0.9300 - accuracy: 0.7133
 6500/10000 [==================>...........] - ETA: 53s - loss: 0.9323 - accuracy: 0.7126 
 7000/10000 [====================>.........] - ETA: 45s - loss: 0.9219 - accuracy: 0.7161
 7500/10000 [=====================>........] - ETA: 38s - loss: 0.9159 - accuracy: 0.7164
 8000/10000 [=======================>......] - ETA: 30s - loss: 0.9057 - accuracy: 0.7203
 8500/10000 [========================>.....] - ETA: 22s - loss: 0.9025 - accuracy: 0.7209
 9000/10000 [==========================>...] - ETA: 15s - loss: 0.8949 - accuracy: 0.7223
 9500/10000 [===========================>..] - ETA: 7s - loss: 0.9040 - accuracy: 0.7217 
10000/10000 [==============================] - 153s 15ms/step - loss: 0.8965 - accuracy: 0.7232 - val_loss: 0.9005 - val_accuracy: 0.7032
Epoch 5/5

  500/10000 [>.............................] - ETA: 2:28 - loss: 0.9264 - accuracy: 0.7060
 1000/10000 [==>...........................] - ETA: 2:19 - loss: 0.9656 - accuracy: 0.6900
 1500/10000 [===>..........................] - ETA: 2:09 - loss: 0.8886 - accuracy: 0.7220
 2000/10000 [=====>........................] - ETA: 2:01 - loss: 0.8844 - accuracy: 0.7290
 2500/10000 [======>.......................] - ETA: 1:53 - loss: 0.8693 - accuracy: 0.7312
 3000/10000 [========>.....................] - ETA: 1:46 - loss: 0.8679 - accuracy: 0.7330
 3500/10000 [=========>....................] - ETA: 1:38 - loss: 0.8654 - accuracy: 0.7346
 4000/10000 [===========>..................] - ETA: 1:30 - loss: 0.8622 - accuracy: 0.7387
 4500/10000 [============>.................] - ETA: 1:22 - loss: 0.8423 - accuracy: 0.7424
 5000/10000 [==============>...............] - ETA: 1:15 - loss: 0.8233 - accuracy: 0.7484
 5500/10000 [===============>..............] - ETA: 1:08 - loss: 0.8078 - accuracy: 0.7525
 6000/10000 [=================>............] - ETA: 1:00 - loss: 0.7839 - accuracy: 0.7595
 6500/10000 [==================>...........] - ETA: 53s - loss: 0.7738 - accuracy: 0.7646 
 7000/10000 [====================>.........] - ETA: 45s - loss: 0.7776 - accuracy: 0.7636
 7500/10000 [=====================>........] - ETA: 38s - loss: 0.7875 - accuracy: 0.7620
 8000/10000 [=======================>......] - ETA: 30s - loss: 0.7751 - accuracy: 0.7648
 8500/10000 [========================>.....] - ETA: 22s - loss: 0.7786 - accuracy: 0.7638
 9000/10000 [==========================>...] - ETA: 15s - loss: 0.7706 - accuracy: 0.7654
 9500/10000 [===========================>..] - ETA: 7s - loss: 0.7667 - accuracy: 0.7661 
10000/10000 [==============================] - 153s 15ms/step - loss: 0.7650 - accuracy: 0.7659 - val_loss: 0.7576 - val_accuracy: 0.7832
Latency --- 766.4646744728088 seconds ---
For delta=0.000100, the current epsilon is: 4.0678
Saving model with new accuracy, previous accuracy was 0.7387999892234802 and present is 0.7659000158309937
Saved model to disk
=====================Iteration========================== 3
For delta=0.000100, the current epsilon is: 4.0678
Noise Mutiplier 1
in grads Tensor("loss_2/mul:0", shape=(?,), dtype=float32)
Train on 10000 samples, validate on 2500 samples
Epoch 1/5

  500/10000 [>.............................] - ETA: 2:27 - loss: 2.3129 - accuracy: 0.1000
 1000/10000 [==>...........................] - ETA: 2:20 - loss: 2.3052 - accuracy: 0.0930
 1500/10000 [===>..........................] - ETA: 2:13 - loss: 2.3014 - accuracy: 0.1020
 2000/10000 [=====>........................] - ETA: 2:04 - loss: 2.2941 - accuracy: 0.1240
 2500/10000 [======>.......................] - ETA: 1:54 - loss: 2.2876 - accuracy: 0.1344
 3000/10000 [========>.....................] - ETA: 1:47 - loss: 2.2816 - accuracy: 0.1440
 3500/10000 [=========>....................] - ETA: 1:39 - loss: 2.2714 - accuracy: 0.1426
 4000/10000 [===========>..................] - ETA: 1:32 - loss: 2.2616 - accuracy: 0.1420
 4500/10000 [============>.................] - ETA: 1:24 - loss: 2.2510 - accuracy: 0.1438
 5000/10000 [==============>...............] - ETA: 1:16 - loss: 2.2414 - accuracy: 0.1520
 5500/10000 [===============>..............] - ETA: 1:09 - loss: 2.2307 - accuracy: 0.1595
 6000/10000 [=================>............] - ETA: 1:01 - loss: 2.2156 - accuracy: 0.1743
 6500/10000 [==================>...........] - ETA: 53s - loss: 2.2015 - accuracy: 0.1885 
 7000/10000 [====================>.........] - ETA: 46s - loss: 2.1873 - accuracy: 0.2026
 7500/10000 [=====================>........] - ETA: 38s - loss: 2.1743 - accuracy: 0.2107
 8000/10000 [=======================>......] - ETA: 30s - loss: 2.1655 - accuracy: 0.2161
 8500/10000 [========================>.....] - ETA: 22s - loss: 2.1510 - accuracy: 0.2275
 9000/10000 [==========================>...] - ETA: 15s - loss: 2.1394 - accuracy: 0.2352
 9500/10000 [===========================>..] - ETA: 7s - loss: 2.1242 - accuracy: 0.2454 
10000/10000 [==============================] - 153s 15ms/step - loss: 2.1080 - accuracy: 0.2559 - val_loss: 1.8321 - val_accuracy: 0.4148
Epoch 2/5

  500/10000 [>.............................] - ETA: 2:21 - loss: 1.8383 - accuracy: 0.3860
 1000/10000 [==>...........................] - ETA: 2:22 - loss: 1.8274 - accuracy: 0.3990
 1500/10000 [===>..........................] - ETA: 2:13 - loss: 1.7774 - accuracy: 0.4247
 2000/10000 [=====>........................] - ETA: 2:06 - loss: 1.7539 - accuracy: 0.4135
 2500/10000 [======>.......................] - ETA: 1:57 - loss: 1.7175 - accuracy: 0.4344
 3000/10000 [========>.....................] - ETA: 1:47 - loss: 1.7153 - accuracy: 0.4310
 3500/10000 [=========>....................] - ETA: 1:40 - loss: 1.6787 - accuracy: 0.4506
 4000/10000 [===========>..................] - ETA: 1:32 - loss: 1.6382 - accuracy: 0.4695
 4500/10000 [============>.................] - ETA: 1:24 - loss: 1.6063 - accuracy: 0.4867
 5000/10000 [==============>...............] - ETA: 1:17 - loss: 1.5733 - accuracy: 0.5048
 5500/10000 [===============>..............] - ETA: 1:09 - loss: 1.5668 - accuracy: 0.5024
 6000/10000 [=================>............] - ETA: 1:01 - loss: 1.5758 - accuracy: 0.4943
 6500/10000 [==================>...........] - ETA: 53s - loss: 1.5651 - accuracy: 0.5000 
 7000/10000 [====================>.........] - ETA: 46s - loss: 1.5642 - accuracy: 0.4979
 7500/10000 [=====================>........] - ETA: 38s - loss: 1.5467 - accuracy: 0.5035
 8000/10000 [=======================>......] - ETA: 30s - loss: 1.5321 - accuracy: 0.5074
 8500/10000 [========================>.....] - ETA: 23s - loss: 1.5314 - accuracy: 0.5054
 9000/10000 [==========================>...] - ETA: 15s - loss: 1.5254 - accuracy: 0.5142
 9500/10000 [===========================>..] - ETA: 7s - loss: 1.5200 - accuracy: 0.5149 
10000/10000 [==============================] - 154s 15ms/step - loss: 1.5046 - accuracy: 0.5213 - val_loss: 1.4244 - val_accuracy: 0.5648
Epoch 3/5

  500/10000 [>.............................] - ETA: 2:19 - loss: 1.4149 - accuracy: 0.5660
 1000/10000 [==>...........................] - ETA: 2:12 - loss: 1.3555 - accuracy: 0.5630
 1500/10000 [===>..........................] - ETA: 2:07 - loss: 1.3487 - accuracy: 0.5840
 2000/10000 [=====>........................] - ETA: 2:01 - loss: 1.2764 - accuracy: 0.6060
 2500/10000 [======>.......................] - ETA: 1:53 - loss: 1.2653 - accuracy: 0.6000
 3000/10000 [========>.....................] - ETA: 1:46 - loss: 1.2591 - accuracy: 0.6003
 3500/10000 [=========>....................] - ETA: 1:38 - loss: 1.2437 - accuracy: 0.6103
 4000/10000 [===========>..................] - ETA: 1:30 - loss: 1.2157 - accuracy: 0.6192
 4500/10000 [============>.................] - ETA: 1:23 - loss: 1.1923 - accuracy: 0.6229
 5000/10000 [==============>...............] - ETA: 1:15 - loss: 1.1976 - accuracy: 0.6232
 5500/10000 [===============>..............] - ETA: 1:07 - loss: 1.1879 - accuracy: 0.6264
 6000/10000 [=================>............] - ETA: 59s - loss: 1.1971 - accuracy: 0.6225 
 6500/10000 [==================>...........] - ETA: 52s - loss: 1.1850 - accuracy: 0.6308
 7000/10000 [====================>.........] - ETA: 44s - loss: 1.1642 - accuracy: 0.6366
 7500/10000 [=====================>........] - ETA: 37s - loss: 1.1482 - accuracy: 0.6424
 8000/10000 [=======================>......] - ETA: 29s - loss: 1.1451 - accuracy: 0.6426
 8500/10000 [========================>.....] - ETA: 22s - loss: 1.1431 - accuracy: 0.6466
 9000/10000 [==========================>...] - ETA: 15s - loss: 1.1281 - accuracy: 0.6520
 9500/10000 [===========================>..] - ETA: 7s - loss: 1.1172 - accuracy: 0.6545 
10000/10000 [==============================] - 151s 15ms/step - loss: 1.1251 - accuracy: 0.6481 - val_loss: 1.0743 - val_accuracy: 0.6980
Epoch 4/5

  500/10000 [>.............................] - ETA: 2:19 - loss: 0.9794 - accuracy: 0.7320
 1000/10000 [==>...........................] - ETA: 2:17 - loss: 0.9135 - accuracy: 0.7420
 1500/10000 [===>..........................] - ETA: 2:11 - loss: 0.9062 - accuracy: 0.7427
 2000/10000 [=====>........................] - ETA: 2:02 - loss: 0.8933 - accuracy: 0.7410
 2500/10000 [======>.......................] - ETA: 1:55 - loss: 0.8687 - accuracy: 0.7464
 3000/10000 [========>.....................] - ETA: 1:47 - loss: 0.8811 - accuracy: 0.7373
 3500/10000 [=========>....................] - ETA: 1:38 - loss: 0.8718 - accuracy: 0.7397
 4000/10000 [===========>..................] - ETA: 1:30 - loss: 0.8648 - accuracy: 0.7368
 4500/10000 [============>.................] - ETA: 1:22 - loss: 0.8684 - accuracy: 0.7373
 5000/10000 [==============>...............] - ETA: 1:15 - loss: 0.8681 - accuracy: 0.7366
 5500/10000 [===============>..............] - ETA: 1:07 - loss: 0.8608 - accuracy: 0.7378
 6000/10000 [=================>............] - ETA: 1:00 - loss: 0.8607 - accuracy: 0.7360
 6500/10000 [==================>...........] - ETA: 52s - loss: 0.8514 - accuracy: 0.7375 
 7000/10000 [====================>.........] - ETA: 45s - loss: 0.8454 - accuracy: 0.7389
 7500/10000 [=====================>........] - ETA: 37s - loss: 0.8481 - accuracy: 0.7371
 8000/10000 [=======================>......] - ETA: 30s - loss: 0.8395 - accuracy: 0.7395
 8500/10000 [========================>.....] - ETA: 22s - loss: 0.8300 - accuracy: 0.7415
 9000/10000 [==========================>...] - ETA: 15s - loss: 0.8259 - accuracy: 0.7423
 9500/10000 [===========================>..] - ETA: 7s - loss: 0.8433 - accuracy: 0.7358 
10000/10000 [==============================] - 151s 15ms/step - loss: 0.8387 - accuracy: 0.7377 - val_loss: 1.1865 - val_accuracy: 0.6588
Epoch 5/5

  500/10000 [>.............................] - ETA: 2:20 - loss: 0.9472 - accuracy: 0.7080
 1000/10000 [==>...........................] - ETA: 2:15 - loss: 0.8751 - accuracy: 0.7220
 1500/10000 [===>..........................] - ETA: 2:03 - loss: 0.8767 - accuracy: 0.7260
 2000/10000 [=====>........................] - ETA: 1:56 - loss: 0.8581 - accuracy: 0.7235
 2500/10000 [======>.......................] - ETA: 1:50 - loss: 0.8618 - accuracy: 0.7200
 3000/10000 [========>.....................] - ETA: 1:43 - loss: 0.8535 - accuracy: 0.7230
 3500/10000 [=========>....................] - ETA: 1:36 - loss: 0.8440 - accuracy: 0.7191
 4000/10000 [===========>..................] - ETA: 1:29 - loss: 0.8470 - accuracy: 0.7215
 4500/10000 [============>.................] - ETA: 1:22 - loss: 0.8682 - accuracy: 0.7133
 5000/10000 [==============>...............] - ETA: 1:15 - loss: 0.8666 - accuracy: 0.7192
 5500/10000 [===============>..............] - ETA: 1:07 - loss: 0.8562 - accuracy: 0.7233
 6000/10000 [=================>............] - ETA: 1:00 - loss: 0.8430 - accuracy: 0.7275
 6500/10000 [==================>...........] - ETA: 52s - loss: 0.8362 - accuracy: 0.7286 
 7000/10000 [====================>.........] - ETA: 44s - loss: 0.8327 - accuracy: 0.7319
 7500/10000 [=====================>........] - ETA: 37s - loss: 0.8294 - accuracy: 0.7335
 8000/10000 [=======================>......] - ETA: 29s - loss: 0.8324 - accuracy: 0.7326
 8500/10000 [========================>.....] - ETA: 22s - loss: 0.8278 - accuracy: 0.7348
 9000/10000 [==========================>...] - ETA: 15s - loss: 0.8171 - accuracy: 0.7377
 9500/10000 [===========================>..] - ETA: 7s - loss: 0.8138 - accuracy: 0.7374 
10000/10000 [==============================] - 151s 15ms/step - loss: 0.8071 - accuracy: 0.7393 - val_loss: 1.0506 - val_accuracy: 0.6980
Latency --- 762.3065192699432 seconds ---
For delta=0.000100, the current epsilon is: 4.0678
=====================Iteration========================== 4
For delta=0.000100, the current epsilon is: 4.0678
Noise Mutiplier 1
in grads Tensor("loss_3/mul:0", shape=(?,), dtype=float32)
Train on 10000 samples, validate on 2500 samples
Epoch 1/5

  500/10000 [>.............................] - ETA: 2:32 - loss: 2.3019 - accuracy: 0.1660
 1000/10000 [==>...........................] - ETA: 2:20 - loss: 2.2979 - accuracy: 0.1890
 1500/10000 [===>..........................] - ETA: 2:09 - loss: 2.2929 - accuracy: 0.1620
 2000/10000 [=====>........................] - ETA: 2:03 - loss: 2.2869 - accuracy: 0.1800
 2500/10000 [======>.......................] - ETA: 1:56 - loss: 2.2823 - accuracy: 0.1880
 3000/10000 [========>.....................] - ETA: 1:48 - loss: 2.2740 - accuracy: 0.2137
 3500/10000 [=========>....................] - ETA: 1:40 - loss: 2.2636 - accuracy: 0.2220
 4000/10000 [===========>..................] - ETA: 1:33 - loss: 2.2586 - accuracy: 0.2268
 4500/10000 [============>.................] - ETA: 1:25 - loss: 2.2572 - accuracy: 0.2227
 5000/10000 [==============>...............] - ETA: 1:17 - loss: 2.2491 - accuracy: 0.2362
 5500/10000 [===============>..............] - ETA: 1:09 - loss: 2.2415 - accuracy: 0.2416
 6000/10000 [=================>............] - ETA: 1:01 - loss: 2.2306 - accuracy: 0.2482
 6500/10000 [==================>...........] - ETA: 54s - loss: 2.2187 - accuracy: 0.2571 
 7000/10000 [====================>.........] - ETA: 46s - loss: 2.2055 - accuracy: 0.2653
 7500/10000 [=====================>........] - ETA: 38s - loss: 2.1873 - accuracy: 0.2820
 8000/10000 [=======================>......] - ETA: 30s - loss: 2.1687 - accuracy: 0.2884
 8500/10000 [========================>.....] - ETA: 23s - loss: 2.1553 - accuracy: 0.2919
 9000/10000 [==========================>...] - ETA: 15s - loss: 2.1399 - accuracy: 0.2959
 9500/10000 [===========================>..] - ETA: 7s - loss: 2.1211 - accuracy: 0.3018 
10000/10000 [==============================] - 156s 16ms/step - loss: 2.1005 - accuracy: 0.3110 - val_loss: 1.7251 - val_accuracy: 0.4564
Epoch 2/5

  500/10000 [>.............................] - ETA: 2:20 - loss: 1.6373 - accuracy: 0.5080
 1000/10000 [==>...........................] - ETA: 2:18 - loss: 1.6626 - accuracy: 0.4570
 1500/10000 [===>..........................] - ETA: 2:08 - loss: 1.6708 - accuracy: 0.4513
 2000/10000 [=====>........................] - ETA: 2:01 - loss: 1.6906 - accuracy: 0.4315
 2500/10000 [======>.......................] - ETA: 1:54 - loss: 1.6835 - accuracy: 0.4460
 3000/10000 [========>.....................] - ETA: 1:48 - loss: 1.6491 - accuracy: 0.4613
 3500/10000 [=========>....................] - ETA: 1:41 - loss: 1.6263 - accuracy: 0.4637
 4000/10000 [===========>..................] - ETA: 1:33 - loss: 1.6364 - accuracy: 0.4498
 4500/10000 [============>.................] - ETA: 1:25 - loss: 1.6451 - accuracy: 0.4382
 5000/10000 [==============>...............] - ETA: 1:18 - loss: 1.6348 - accuracy: 0.4402
 5500/10000 [===============>..............] - ETA: 1:09 - loss: 1.6297 - accuracy: 0.4418
 6000/10000 [=================>............] - ETA: 1:02 - loss: 1.6159 - accuracy: 0.4428
 6500/10000 [==================>...........] - ETA: 54s - loss: 1.6117 - accuracy: 0.4446 
 7000/10000 [====================>.........] - ETA: 46s - loss: 1.6034 - accuracy: 0.4481
 7500/10000 [=====================>........] - ETA: 38s - loss: 1.5954 - accuracy: 0.4508
 8000/10000 [=======================>......] - ETA: 31s - loss: 1.5709 - accuracy: 0.4651
 8500/10000 [========================>.....] - ETA: 23s - loss: 1.5471 - accuracy: 0.4772
 9000/10000 [==========================>...] - ETA: 15s - loss: 1.5541 - accuracy: 0.4760
 9500/10000 [===========================>..] - ETA: 7s - loss: 1.5363 - accuracy: 0.4820 
10000/10000 [==============================] - 156s 16ms/step - loss: 1.5198 - accuracy: 0.4886 - val_loss: 1.2693 - val_accuracy: 0.5616
Epoch 3/5

  500/10000 [>.............................] - ETA: 2:23 - loss: 1.2463 - accuracy: 0.5640
 1000/10000 [==>...........................] - ETA: 2:21 - loss: 1.3018 - accuracy: 0.5630
 1500/10000 [===>..........................] - ETA: 2:12 - loss: 1.2612 - accuracy: 0.5913
 2000/10000 [=====>........................] - ETA: 2:03 - loss: 1.2409 - accuracy: 0.6005
 2500/10000 [======>.......................] - ETA: 1:55 - loss: 1.2244 - accuracy: 0.6180
 3000/10000 [========>.....................] - ETA: 1:46 - loss: 1.1876 - accuracy: 0.6260
 3500/10000 [=========>....................] - ETA: 1:39 - loss: 1.1692 - accuracy: 0.6337
 4000/10000 [===========>..................] - ETA: 1:31 - loss: 1.1715 - accuracy: 0.6357
 4500/10000 [============>.................] - ETA: 1:23 - loss: 1.1580 - accuracy: 0.6380
 5000/10000 [==============>...............] - ETA: 1:16 - loss: 1.1700 - accuracy: 0.6284
 5500/10000 [===============>..............] - ETA: 1:08 - loss: 1.1705 - accuracy: 0.6278
 6000/10000 [=================>............] - ETA: 1:01 - loss: 1.1781 - accuracy: 0.6230
 6500/10000 [==================>...........] - ETA: 53s - loss: 1.1785 - accuracy: 0.6243 
 7000/10000 [====================>.........] - ETA: 45s - loss: 1.1712 - accuracy: 0.6267
 7500/10000 [=====================>........] - ETA: 38s - loss: 1.1722 - accuracy: 0.6248
 8000/10000 [=======================>......] - ETA: 30s - loss: 1.1665 - accuracy: 0.6280
 8500/10000 [========================>.....] - ETA: 23s - loss: 1.1517 - accuracy: 0.6338
 9000/10000 [==========================>...] - ETA: 15s - loss: 1.1447 - accuracy: 0.6360
 9500/10000 [===========================>..] - ETA: 7s - loss: 1.1346 - accuracy: 0.6381 
10000/10000 [==============================] - 154s 15ms/step - loss: 1.1268 - accuracy: 0.6390 - val_loss: 1.1914 - val_accuracy: 0.6396
Epoch 4/5

  500/10000 [>.............................] - ETA: 2:21 - loss: 1.0399 - accuracy: 0.6880
 1000/10000 [==>...........................] - ETA: 2:18 - loss: 0.9421 - accuracy: 0.7180
 1500/10000 [===>..........................] - ETA: 2:10 - loss: 1.0173 - accuracy: 0.6780
 2000/10000 [=====>........................] - ETA: 2:01 - loss: 1.0219 - accuracy: 0.6850
 2500/10000 [======>.......................] - ETA: 1:53 - loss: 1.0381 - accuracy: 0.6716
 3000/10000 [========>.....................] - ETA: 1:46 - loss: 1.0353 - accuracy: 0.6723
 3500/10000 [=========>....................] - ETA: 1:39 - loss: 0.9936 - accuracy: 0.6849
 4000/10000 [===========>..................] - ETA: 1:31 - loss: 1.0057 - accuracy: 0.6827
 4500/10000 [============>.................] - ETA: 1:24 - loss: 1.0136 - accuracy: 0.6751
 5000/10000 [==============>...............] - ETA: 1:16 - loss: 0.9958 - accuracy: 0.6794
 5500/10000 [===============>..............] - ETA: 1:09 - loss: 1.0012 - accuracy: 0.6744
 6000/10000 [=================>............] - ETA: 1:01 - loss: 0.9902 - accuracy: 0.6777
 6500/10000 [==================>...........] - ETA: 53s - loss: 0.9785 - accuracy: 0.6817 
 7000/10000 [====================>.........] - ETA: 45s - loss: 0.9737 - accuracy: 0.6844
 7500/10000 [=====================>........] - ETA: 38s - loss: 0.9773 - accuracy: 0.6831
 8000/10000 [=======================>......] - ETA: 30s - loss: 0.9726 - accuracy: 0.6851
 8500/10000 [========================>.....] - ETA: 22s - loss: 0.9645 - accuracy: 0.6881
 9000/10000 [==========================>...] - ETA: 15s - loss: 0.9682 - accuracy: 0.6861
 9500/10000 [===========================>..] - ETA: 7s - loss: 0.9628 - accuracy: 0.6857 
10000/10000 [==============================] - 154s 15ms/step - loss: 0.9569 - accuracy: 0.6881 - val_loss: 1.0108 - val_accuracy: 0.6624
Epoch 5/5

  500/10000 [>.............................] - ETA: 2:31 - loss: 0.8261 - accuracy: 0.7340
 1000/10000 [==>...........................] - ETA: 2:25 - loss: 0.8555 - accuracy: 0.7070
 1500/10000 [===>..........................] - ETA: 2:15 - loss: 0.9080 - accuracy: 0.6927
 2000/10000 [=====>........................] - ETA: 2:04 - loss: 0.8702 - accuracy: 0.7035
 2500/10000 [======>.......................] - ETA: 1:56 - loss: 0.8881 - accuracy: 0.6952
 3000/10000 [========>.....................] - ETA: 1:47 - loss: 0.8937 - accuracy: 0.7007
 3500/10000 [=========>....................] - ETA: 1:39 - loss: 0.8897 - accuracy: 0.6994
 4000/10000 [===========>..................] - ETA: 1:31 - loss: 0.9037 - accuracy: 0.6995
 4500/10000 [============>.................] - ETA: 1:23 - loss: 0.8993 - accuracy: 0.7002
 5000/10000 [==============>...............] - ETA: 1:16 - loss: 0.8796 - accuracy: 0.7082
 5500/10000 [===============>..............] - ETA: 1:08 - loss: 0.8857 - accuracy: 0.7080
 6000/10000 [=================>............] - ETA: 1:00 - loss: 0.8732 - accuracy: 0.7138
 6500/10000 [==================>...........] - ETA: 53s - loss: 0.8652 - accuracy: 0.7163 
 7000/10000 [====================>.........] - ETA: 45s - loss: 0.8649 - accuracy: 0.7169
 7500/10000 [=====================>........] - ETA: 38s - loss: 0.8545 - accuracy: 0.7203
 8000/10000 [=======================>......] - ETA: 30s - loss: 0.8456 - accuracy: 0.7234
 8500/10000 [========================>.....] - ETA: 23s - loss: 0.8439 - accuracy: 0.7244
 9000/10000 [==========================>...] - ETA: 15s - loss: 0.8334 - accuracy: 0.7280
 9500/10000 [===========================>..] - ETA: 7s - loss: 0.8213 - accuracy: 0.7317 
10000/10000 [==============================] - 155s 15ms/step - loss: 0.8233 - accuracy: 0.7319 - val_loss: 0.8361 - val_accuracy: 0.7464
Latency --- 777.8619749546051 seconds ---
For delta=0.000100, the current epsilon is: 4.0678
=====================Iteration========================== 5
For delta=0.000100, the current epsilon is: 4.0678
Noise Mutiplier 1
in grads Tensor("loss_4/mul:0", shape=(?,), dtype=float32)
Train on 10000 samples, validate on 2500 samples
Epoch 1/5

  500/10000 [>.............................] - ETA: 2:35 - loss: 2.3087 - accuracy: 0.1280
 1000/10000 [==>...........................] - ETA: 2:22 - loss: 2.2978 - accuracy: 0.1280
 1500/10000 [===>..........................] - ETA: 2:13 - loss: 2.2863 - accuracy: 0.1753
 2000/10000 [=====>........................] - ETA: 2:05 - loss: 2.2771 - accuracy: 0.1870
 2500/10000 [======>.......................] - ETA: 1:58 - loss: 2.2641 - accuracy: 0.2164
 3000/10000 [========>.....................] - ETA: 1:50 - loss: 2.2523 - accuracy: 0.2263
 3500/10000 [=========>....................] - ETA: 1:42 - loss: 2.2386 - accuracy: 0.2371
 4000/10000 [===========>..................] - ETA: 1:33 - loss: 2.2219 - accuracy: 0.2510
 4500/10000 [============>.................] - ETA: 1:26 - loss: 2.2060 - accuracy: 0.2531
 5000/10000 [==============>...............] - ETA: 1:17 - loss: 2.2025 - accuracy: 0.2604
 5500/10000 [===============>..............] - ETA: 1:10 - loss: 2.1910 - accuracy: 0.2640
 6000/10000 [=================>............] - ETA: 1:02 - loss: 2.1806 - accuracy: 0.2680
 6500/10000 [==================>...........] - ETA: 54s - loss: 2.1691 - accuracy: 0.2709 
 7000/10000 [====================>.........] - ETA: 46s - loss: 2.1599 - accuracy: 0.2726
 7500/10000 [=====================>........] - ETA: 38s - loss: 2.1479 - accuracy: 0.2728
 8000/10000 [=======================>......] - ETA: 31s - loss: 2.1308 - accuracy: 0.2851
 8500/10000 [========================>.....] - ETA: 23s - loss: 2.1115 - accuracy: 0.2891
 9000/10000 [==========================>...] - ETA: 15s - loss: 2.1046 - accuracy: 0.2890
 9500/10000 [===========================>..] - ETA: 7s - loss: 2.0866 - accuracy: 0.2939 
10000/10000 [==============================] - 156s 16ms/step - loss: 2.0693 - accuracy: 0.3016 - val_loss: 1.8334 - val_accuracy: 0.3740
Epoch 2/5

  500/10000 [>.............................] - ETA: 2:26 - loss: 1.7914 - accuracy: 0.3720
 1000/10000 [==>...........................] - ETA: 2:20 - loss: 1.8376 - accuracy: 0.3840
 1500/10000 [===>..........................] - ETA: 2:11 - loss: 1.7893 - accuracy: 0.3900
 2000/10000 [=====>........................] - ETA: 2:04 - loss: 1.7871 - accuracy: 0.4105
 2500/10000 [======>.......................] - ETA: 1:56 - loss: 1.7822 - accuracy: 0.4112
 3000/10000 [========>.....................] - ETA: 1:48 - loss: 1.8009 - accuracy: 0.4203
 3500/10000 [=========>....................] - ETA: 1:40 - loss: 1.7775 - accuracy: 0.4234
 4000/10000 [===========>..................] - ETA: 1:31 - loss: 1.7631 - accuracy: 0.4270
 4500/10000 [============>.................] - ETA: 1:24 - loss: 1.7467 - accuracy: 0.4347
 5000/10000 [==============>...............] - ETA: 1:16 - loss: 1.7394 - accuracy: 0.4406
 5500/10000 [===============>..............] - ETA: 1:09 - loss: 1.7484 - accuracy: 0.4280
 6000/10000 [=================>............] - ETA: 1:01 - loss: 1.7336 - accuracy: 0.4298
 6500/10000 [==================>...........] - ETA: 53s - loss: 1.7235 - accuracy: 0.4302 
 7000/10000 [====================>.........] - ETA: 45s - loss: 1.7222 - accuracy: 0.4304
 7500/10000 [=====================>........] - ETA: 38s - loss: 1.7083 - accuracy: 0.4320
 8000/10000 [=======================>......] - ETA: 30s - loss: 1.7035 - accuracy: 0.4346
 8500/10000 [========================>.....] - ETA: 22s - loss: 1.7017 - accuracy: 0.4334
 9000/10000 [==========================>...] - ETA: 15s - loss: 1.6979 - accuracy: 0.4324
 9500/10000 [===========================>..] - ETA: 7s - loss: 1.6956 - accuracy: 0.4351 
10000/10000 [==============================] - 154s 15ms/step - loss: 1.6844 - accuracy: 0.4393 - val_loss: 1.5939 - val_accuracy: 0.4540
Epoch 3/5

  500/10000 [>.............................] - ETA: 2:26 - loss: 1.4382 - accuracy: 0.4900
 1000/10000 [==>...........................] - ETA: 2:15 - loss: 1.3584 - accuracy: 0.5400
 1500/10000 [===>..........................] - ETA: 2:08 - loss: 1.3689 - accuracy: 0.5327
 2000/10000 [=====>........................] - ETA: 2:02 - loss: 1.4122 - accuracy: 0.5310
 2500/10000 [======>.......................] - ETA: 1:54 - loss: 1.3936 - accuracy: 0.5360
 3000/10000 [========>.....................] - ETA: 1:46 - loss: 1.4124 - accuracy: 0.5373
 3500/10000 [=========>....................] - ETA: 1:38 - loss: 1.4388 - accuracy: 0.5186
 4000/10000 [===========>..................] - ETA: 1:30 - loss: 1.4480 - accuracy: 0.5170
 4500/10000 [============>.................] - ETA: 1:23 - loss: 1.4433 - accuracy: 0.5191
 5000/10000 [==============>...............] - ETA: 1:16 - loss: 1.4427 - accuracy: 0.5236
 5500/10000 [===============>..............] - ETA: 1:08 - loss: 1.4567 - accuracy: 0.5184
 6000/10000 [=================>............] - ETA: 1:00 - loss: 1.4465 - accuracy: 0.5208
 6500/10000 [==================>...........] - ETA: 53s - loss: 1.4459 - accuracy: 0.5211 
 7000/10000 [====================>.........] - ETA: 45s - loss: 1.4360 - accuracy: 0.5240
 7500/10000 [=====================>........] - ETA: 38s - loss: 1.4240 - accuracy: 0.5305
 8000/10000 [=======================>......] - ETA: 30s - loss: 1.4270 - accuracy: 0.5276
 8500/10000 [========================>.....] - ETA: 22s - loss: 1.4094 - accuracy: 0.5334
 9000/10000 [==========================>...] - ETA: 15s - loss: 1.4035 - accuracy: 0.5360
 9500/10000 [===========================>..] - ETA: 7s - loss: 1.3999 - accuracy: 0.5360 
10000/10000 [==============================] - 153s 15ms/step - loss: 1.3984 - accuracy: 0.5345 - val_loss: 1.3743 - val_accuracy: 0.5712
Epoch 4/5

  500/10000 [>.............................] - ETA: 2:28 - loss: 1.1536 - accuracy: 0.6560
 1000/10000 [==>...........................] - ETA: 2:20 - loss: 1.2847 - accuracy: 0.5770
 1500/10000 [===>..........................] - ETA: 2:11 - loss: 1.2734 - accuracy: 0.5833
 2000/10000 [=====>........................] - ETA: 2:03 - loss: 1.3251 - accuracy: 0.5480
 2500/10000 [======>.......................] - ETA: 1:55 - loss: 1.2944 - accuracy: 0.5572
 3000/10000 [========>.....................] - ETA: 1:48 - loss: 1.2981 - accuracy: 0.5487
 3500/10000 [=========>....................] - ETA: 1:40 - loss: 1.2653 - accuracy: 0.5663
 4000/10000 [===========>..................] - ETA: 1:32 - loss: 1.2464 - accuracy: 0.5707
 4500/10000 [============>.................] - ETA: 1:25 - loss: 1.2561 - accuracy: 0.5680
 5000/10000 [==============>...............] - ETA: 1:17 - loss: 1.2404 - accuracy: 0.5748
 5500/10000 [===============>..............] - ETA: 1:09 - loss: 1.2341 - accuracy: 0.5773
 6000/10000 [=================>............] - ETA: 1:01 - loss: 1.2121 - accuracy: 0.5842
 6500/10000 [==================>...........] - ETA: 54s - loss: 1.1918 - accuracy: 0.5928 
 7000/10000 [====================>.........] - ETA: 46s - loss: 1.2014 - accuracy: 0.5903
 7500/10000 [=====================>........] - ETA: 38s - loss: 1.2059 - accuracy: 0.5907
 8000/10000 [=======================>......] - ETA: 31s - loss: 1.1919 - accuracy: 0.5953
 8500/10000 [========================>.....] - ETA: 23s - loss: 1.1964 - accuracy: 0.5962
 9000/10000 [==========================>...] - ETA: 15s - loss: 1.1909 - accuracy: 0.5974
 9500/10000 [===========================>..] - ETA: 7s - loss: 1.1996 - accuracy: 0.5973 
10000/10000 [==============================] - 155s 15ms/step - loss: 1.1853 - accuracy: 0.6034 - val_loss: 1.2836 - val_accuracy: 0.5820
Epoch 5/5

  500/10000 [>.............................] - ETA: 2:22 - loss: 1.1622 - accuracy: 0.6300
 1000/10000 [==>...........................] - ETA: 2:17 - loss: 1.1477 - accuracy: 0.6280
 1500/10000 [===>..........................] - ETA: 2:12 - loss: 1.1142 - accuracy: 0.6373
 2000/10000 [=====>........................] - ETA: 2:04 - loss: 1.0796 - accuracy: 0.6405
 2500/10000 [======>.......................] - ETA: 1:57 - loss: 1.0905 - accuracy: 0.6372
 3000/10000 [========>.....................] - ETA: 1:48 - loss: 1.0816 - accuracy: 0.6407
 3500/10000 [=========>....................] - ETA: 1:40 - loss: 1.0476 - accuracy: 0.6560
 4000/10000 [===========>..................] - ETA: 1:32 - loss: 1.0401 - accuracy: 0.6585
 4500/10000 [============>.................] - ETA: 1:24 - loss: 1.0306 - accuracy: 0.6649
 5000/10000 [==============>...............] - ETA: 1:17 - loss: 0.9974 - accuracy: 0.6764
 5500/10000 [===============>..............] - ETA: 1:09 - loss: 0.9927 - accuracy: 0.6795
 6000/10000 [=================>............] - ETA: 1:01 - loss: 1.0008 - accuracy: 0.6768
 6500/10000 [==================>...........] - ETA: 53s - loss: 0.9933 - accuracy: 0.6788 
 7000/10000 [====================>.........] - ETA: 45s - loss: 0.9965 - accuracy: 0.6769
 7500/10000 [=====================>........] - ETA: 38s - loss: 0.9909 - accuracy: 0.6788
 8000/10000 [=======================>......] - ETA: 30s - loss: 0.9899 - accuracy: 0.6799
 8500/10000 [========================>.....] - ETA: 22s - loss: 0.9796 - accuracy: 0.6826
 9000/10000 [==========================>...] - ETA: 15s - loss: 0.9737 - accuracy: 0.6836
 9500/10000 [===========================>..] - ETA: 7s - loss: 0.9671 - accuracy: 0.6853 
10000/10000 [==============================] - 153s 15ms/step - loss: 0.9557 - accuracy: 0.6890 - val_loss: 1.0620 - val_accuracy: 0.6820
Latency --- 773.0714194774628 seconds ---
For delta=0.000100, the current epsilon is: 4.0678
=====================Iteration========================== 6
For delta=0.000100, the current epsilon is: 4.0678
Noise Mutiplier 1
in grads Tensor("loss_5/mul:0", shape=(?,), dtype=float32)
Train on 10000 samples, validate on 2500 samples
Epoch 1/5

  500/10000 [>.............................] - ETA: 2:43 - loss: 2.2904 - accuracy: 0.1200
 1000/10000 [==>...........................] - ETA: 2:26 - loss: 2.2869 - accuracy: 0.1440
 1500/10000 [===>..........................] - ETA: 2:15 - loss: 2.2785 - accuracy: 0.1433
 2000/10000 [=====>........................] - ETA: 2:04 - loss: 2.2768 - accuracy: 0.1555
 2500/10000 [======>.......................] - ETA: 1:56 - loss: 2.2691 - accuracy: 0.1564
 3000/10000 [========>.....................] - ETA: 1:49 - loss: 2.2593 - accuracy: 0.1857
 3500/10000 [=========>....................] - ETA: 1:41 - loss: 2.2522 - accuracy: 0.1903
 4000/10000 [===========>..................] - ETA: 1:34 - loss: 2.2409 - accuracy: 0.2027
 4500/10000 [============>.................] - ETA: 1:25 - loss: 2.2285 - accuracy: 0.2093
 5000/10000 [==============>...............] - ETA: 1:17 - loss: 2.2196 - accuracy: 0.2114
 5500/10000 [===============>..............] - ETA: 1:09 - loss: 2.2056 - accuracy: 0.2260
 6000/10000 [=================>............] - ETA: 1:01 - loss: 2.1896 - accuracy: 0.2323
 6500/10000 [==================>...........] - ETA: 54s - loss: 2.1744 - accuracy: 0.2331 
 7000/10000 [====================>.........] - ETA: 46s - loss: 2.1718 - accuracy: 0.2294
 7500/10000 [=====================>........] - ETA: 38s - loss: 2.1647 - accuracy: 0.2295
 8000/10000 [=======================>......] - ETA: 30s - loss: 2.1527 - accuracy: 0.2319
 8500/10000 [========================>.....] - ETA: 23s - loss: 2.1384 - accuracy: 0.2358
 9000/10000 [==========================>...] - ETA: 15s - loss: 2.1217 - accuracy: 0.2437
 9500/10000 [===========================>..] - ETA: 7s - loss: 2.1102 - accuracy: 0.2494 
10000/10000 [==============================] - 154s 15ms/step - loss: 2.0930 - accuracy: 0.2563 - val_loss: 1.7956 - val_accuracy: 0.4708
Epoch 2/5

  500/10000 [>.............................] - ETA: 2:25 - loss: 1.7125 - accuracy: 0.5160
 1000/10000 [==>...........................] - ETA: 2:22 - loss: 1.6909 - accuracy: 0.4960
 1500/10000 [===>..........................] - ETA: 2:14 - loss: 1.6650 - accuracy: 0.5073
 2000/10000 [=====>........................] - ETA: 2:05 - loss: 1.6273 - accuracy: 0.5185
 2500/10000 [======>.......................] - ETA: 1:57 - loss: 1.6026 - accuracy: 0.5256
 3000/10000 [========>.....................] - ETA: 1:49 - loss: 1.6012 - accuracy: 0.5157
 3500/10000 [=========>....................] - ETA: 1:42 - loss: 1.5935 - accuracy: 0.5117
 4000/10000 [===========>..................] - ETA: 1:34 - loss: 1.5738 - accuracy: 0.5130
 4500/10000 [============>.................] - ETA: 1:26 - loss: 1.5784 - accuracy: 0.5062
 5000/10000 [==============>...............] - ETA: 1:18 - loss: 1.5663 - accuracy: 0.5186
 5500/10000 [===============>..............] - ETA: 1:10 - loss: 1.5459 - accuracy: 0.5215
 6000/10000 [=================>............] - ETA: 1:02 - loss: 1.5291 - accuracy: 0.5260
 6500/10000 [==================>...........] - ETA: 54s - loss: 1.5153 - accuracy: 0.5252 
 7000/10000 [====================>.........] - ETA: 47s - loss: 1.5060 - accuracy: 0.5231
 7500/10000 [=====================>........] - ETA: 39s - loss: 1.4882 - accuracy: 0.5275
 8000/10000 [=======================>......] - ETA: 31s - loss: 1.4796 - accuracy: 0.5254
 8500/10000 [========================>.....] - ETA: 23s - loss: 1.4695 - accuracy: 0.5288
 9000/10000 [==========================>...] - ETA: 15s - loss: 1.4617 - accuracy: 0.5303
 9500/10000 [===========================>..] - ETA: 7s - loss: 1.4443 - accuracy: 0.5348 
10000/10000 [==============================] - 156s 16ms/step - loss: 1.4445 - accuracy: 0.5340 - val_loss: 1.3546 - val_accuracy: 0.5804
Epoch 3/5

  500/10000 [>.............................] - ETA: 2:22 - loss: 1.1106 - accuracy: 0.6300
 1000/10000 [==>...........................] - ETA: 2:16 - loss: 1.0427 - accuracy: 0.6630
 1500/10000 [===>..........................] - ETA: 2:08 - loss: 1.2019 - accuracy: 0.5900
 2000/10000 [=====>........................] - ETA: 2:01 - loss: 1.2364 - accuracy: 0.5980
 2500/10000 [======>.......................] - ETA: 1:55 - loss: 1.2088 - accuracy: 0.6144
 3000/10000 [========>.....................] - ETA: 1:48 - loss: 1.1784 - accuracy: 0.6263
 3500/10000 [=========>....................] - ETA: 1:41 - loss: 1.1561 - accuracy: 0.6357
 4000/10000 [===========>..................] - ETA: 1:33 - loss: 1.1542 - accuracy: 0.6320
 4500/10000 [============>.................] - ETA: 1:25 - loss: 1.1450 - accuracy: 0.6369
 5000/10000 [==============>...............] - ETA: 1:17 - loss: 1.1371 - accuracy: 0.6402
 5500/10000 [===============>..............] - ETA: 1:09 - loss: 1.1314 - accuracy: 0.6473
 6000/10000 [=================>............] - ETA: 1:01 - loss: 1.1198 - accuracy: 0.6498
 6500/10000 [==================>...........] - ETA: 53s - loss: 1.1125 - accuracy: 0.6505 
 7000/10000 [====================>.........] - ETA: 46s - loss: 1.0902 - accuracy: 0.6583
 7500/10000 [=====================>........] - ETA: 38s - loss: 1.0736 - accuracy: 0.6637
 8000/10000 [=======================>......] - ETA: 30s - loss: 1.0537 - accuracy: 0.6684
 8500/10000 [========================>.....] - ETA: 23s - loss: 1.0508 - accuracy: 0.6689
 9000/10000 [==========================>...] - ETA: 15s - loss: 1.0385 - accuracy: 0.6729
 9500/10000 [===========================>..] - ETA: 7s - loss: 1.0271 - accuracy: 0.6773 
10000/10000 [==============================] - 155s 15ms/step - loss: 1.0161 - accuracy: 0.6807 - val_loss: 0.9751 - val_accuracy: 0.7244
Epoch 4/5

  500/10000 [>.............................] - ETA: 2:19 - loss: 0.8049 - accuracy: 0.7560
 1000/10000 [==>...........................] - ETA: 2:14 - loss: 0.8098 - accuracy: 0.7500
 1500/10000 [===>..........................] - ETA: 2:08 - loss: 0.7949 - accuracy: 0.7527
 2000/10000 [=====>........................] - ETA: 2:01 - loss: 0.7767 - accuracy: 0.7610
 2500/10000 [======>.......................] - ETA: 1:54 - loss: 0.7693 - accuracy: 0.7592
 3000/10000 [========>.....................] - ETA: 1:46 - loss: 0.7689 - accuracy: 0.7603
 3500/10000 [=========>....................] - ETA: 1:39 - loss: 0.7756 - accuracy: 0.7540
 4000/10000 [===========>..................] - ETA: 1:31 - loss: 0.7825 - accuracy: 0.7535
 4500/10000 [============>.................] - ETA: 1:23 - loss: 0.7664 - accuracy: 0.7591
 5000/10000 [==============>...............] - ETA: 1:16 - loss: 0.7726 - accuracy: 0.7570
 5500/10000 [===============>..............] - ETA: 1:08 - loss: 0.7883 - accuracy: 0.7536
 6000/10000 [=================>............] - ETA: 1:00 - loss: 0.7946 - accuracy: 0.7537
 6500/10000 [==================>...........] - ETA: 53s - loss: 0.7861 - accuracy: 0.7568 
 7000/10000 [====================>.........] - ETA: 45s - loss: 0.7842 - accuracy: 0.7574
 7500/10000 [=====================>........] - ETA: 38s - loss: 0.7895 - accuracy: 0.7547
 8000/10000 [=======================>......] - ETA: 30s - loss: 0.7885 - accuracy: 0.7544
 8500/10000 [========================>.....] - ETA: 22s - loss: 0.7975 - accuracy: 0.7509
 9000/10000 [==========================>...] - ETA: 15s - loss: 0.7938 - accuracy: 0.7523
 9500/10000 [===========================>..] - ETA: 7s - loss: 0.7938 - accuracy: 0.7518 
10000/10000 [==============================] - 153s 15ms/step - loss: 0.7865 - accuracy: 0.7531 - val_loss: 0.9192 - val_accuracy: 0.7148
Epoch 5/5

  500/10000 [>.............................] - ETA: 2:22 - loss: 0.7540 - accuracy: 0.7320
 1000/10000 [==>...........................] - ETA: 2:17 - loss: 0.6562 - accuracy: 0.7680
 1500/10000 [===>..........................] - ETA: 2:08 - loss: 0.7092 - accuracy: 0.7687
 2000/10000 [=====>........................] - ETA: 2:02 - loss: 0.6647 - accuracy: 0.7855
 2500/10000 [======>.......................] - ETA: 1:54 - loss: 0.6289 - accuracy: 0.7976
 3000/10000 [========>.....................] - ETA: 1:46 - loss: 0.6318 - accuracy: 0.7997
 3500/10000 [=========>....................] - ETA: 1:39 - loss: 0.6301 - accuracy: 0.8003
 4000/10000 [===========>..................] - ETA: 1:31 - loss: 0.6380 - accuracy: 0.7993
 4500/10000 [============>.................] - ETA: 1:23 - loss: 0.6615 - accuracy: 0.7920
 5000/10000 [==============>...............] - ETA: 1:16 - loss: 0.6730 - accuracy: 0.7922
 5500/10000 [===============>..............] - ETA: 1:08 - loss: 0.6716 - accuracy: 0.7922
 6000/10000 [=================>............] - ETA: 1:00 - loss: 0.6864 - accuracy: 0.7915
 6500/10000 [==================>...........] - ETA: 53s - loss: 0.6789 - accuracy: 0.7931 
 7000/10000 [====================>.........] - ETA: 45s - loss: 0.6675 - accuracy: 0.7966
 7500/10000 [=====================>........] - ETA: 38s - loss: 0.6627 - accuracy: 0.7975
 8000/10000 [=======================>......] - ETA: 30s - loss: 0.6620 - accuracy: 0.7975
 8500/10000 [========================>.....] - ETA: 22s - loss: 0.6643 - accuracy: 0.7955
 9000/10000 [==========================>...] - ETA: 15s - loss: 0.6822 - accuracy: 0.7897
 9500/10000 [===========================>..] - ETA: 7s - loss: 0.6822 - accuracy: 0.7899 
10000/10000 [==============================] - 153s 15ms/step - loss: 0.6800 - accuracy: 0.7912 - val_loss: 0.9314 - val_accuracy: 0.7320
Latency --- 773.7957761287689 seconds ---
For delta=0.000100, the current epsilon is: 4.0678
Saving model with new accuracy, previous accuracy was 0.7659000158309937 and present is 0.7911999821662903
Saved model to disk
=====================Iteration========================== 7
For delta=0.000100, the current epsilon is: 4.0678
Noise Mutiplier 1
in grads Tensor("loss_6/mul:0", shape=(?,), dtype=float32)
Train on 10000 samples, validate on 2500 samples
Epoch 1/5

  500/10000 [>.............................] - ETA: 2:39 - loss: 2.3064 - accuracy: 0.1060
 1000/10000 [==>...........................] - ETA: 2:22 - loss: 2.2907 - accuracy: 0.1280
 1500/10000 [===>..........................] - ETA: 2:11 - loss: 2.2804 - accuracy: 0.1133
 2000/10000 [=====>........................] - ETA: 2:03 - loss: 2.2720 - accuracy: 0.1330
 2500/10000 [======>.......................] - ETA: 1:54 - loss: 2.2674 - accuracy: 0.1312
 3000/10000 [========>.....................] - ETA: 1:47 - loss: 2.2613 - accuracy: 0.1440
 3500/10000 [=========>....................] - ETA: 1:39 - loss: 2.2472 - accuracy: 0.1691
 4000/10000 [===========>..................] - ETA: 1:31 - loss: 2.2332 - accuracy: 0.1775
 4500/10000 [============>.................] - ETA: 1:23 - loss: 2.2246 - accuracy: 0.1776
 5000/10000 [==============>...............] - ETA: 1:16 - loss: 2.2099 - accuracy: 0.1884
 5500/10000 [===============>..............] - ETA: 1:08 - loss: 2.1953 - accuracy: 0.1998
 6000/10000 [=================>............] - ETA: 1:00 - loss: 2.1804 - accuracy: 0.2135
 6500/10000 [==================>...........] - ETA: 53s - loss: 2.1622 - accuracy: 0.2292 
 7000/10000 [====================>.........] - ETA: 45s - loss: 2.1424 - accuracy: 0.2421
 7500/10000 [=====================>........] - ETA: 38s - loss: 2.1184 - accuracy: 0.2580
 8000/10000 [=======================>......] - ETA: 30s - loss: 2.0957 - accuracy: 0.2743
 8500/10000 [========================>.....] - ETA: 22s - loss: 2.0818 - accuracy: 0.2846
 9000/10000 [==========================>...] - ETA: 15s - loss: 2.0679 - accuracy: 0.2870
 9500/10000 [===========================>..] - ETA: 7s - loss: 2.0522 - accuracy: 0.2947 
10000/10000 [==============================] - 152s 15ms/step - loss: 2.0311 - accuracy: 0.3079 - val_loss: 1.7925 - val_accuracy: 0.3956
Epoch 2/5

  500/10000 [>.............................] - ETA: 2:13 - loss: 1.7599 - accuracy: 0.4100
 1000/10000 [==>...........................] - ETA: 2:08 - loss: 1.6618 - accuracy: 0.4630
 1500/10000 [===>..........................] - ETA: 2:02 - loss: 1.6296 - accuracy: 0.4720
 2000/10000 [=====>........................] - ETA: 1:56 - loss: 1.5907 - accuracy: 0.4830
 2500/10000 [======>.......................] - ETA: 1:50 - loss: 1.5934 - accuracy: 0.4720
 3000/10000 [========>.....................] - ETA: 1:43 - loss: 1.5836 - accuracy: 0.4767
 3500/10000 [=========>....................] - ETA: 1:36 - loss: 1.5520 - accuracy: 0.4866
 4000/10000 [===========>..................] - ETA: 1:28 - loss: 1.5406 - accuracy: 0.4868
 4500/10000 [============>.................] - ETA: 1:21 - loss: 1.5273 - accuracy: 0.4962
 5000/10000 [==============>...............] - ETA: 1:14 - loss: 1.5024 - accuracy: 0.5090
 5500/10000 [===============>..............] - ETA: 1:06 - loss: 1.4884 - accuracy: 0.5095
 6000/10000 [=================>............] - ETA: 59s - loss: 1.4789 - accuracy: 0.5158 
 6500/10000 [==================>...........] - ETA: 52s - loss: 1.4489 - accuracy: 0.5271
 7000/10000 [====================>.........] - ETA: 44s - loss: 1.4304 - accuracy: 0.5359
 7500/10000 [=====================>........] - ETA: 37s - loss: 1.4094 - accuracy: 0.5404
 8000/10000 [=======================>......] - ETA: 29s - loss: 1.3985 - accuracy: 0.5441
 8500/10000 [========================>.....] - ETA: 22s - loss: 1.3887 - accuracy: 0.5462
 9000/10000 [==========================>...] - ETA: 14s - loss: 1.3811 - accuracy: 0.5493
 9500/10000 [===========================>..] - ETA: 7s - loss: 1.3657 - accuracy: 0.5536 
10000/10000 [==============================] - 150s 15ms/step - loss: 1.3519 - accuracy: 0.5587 - val_loss: 1.2217 - val_accuracy: 0.5716
Epoch 3/5

  500/10000 [>.............................] - ETA: 2:27 - loss: 1.0095 - accuracy: 0.6840
 1000/10000 [==>...........................] - ETA: 2:19 - loss: 1.1188 - accuracy: 0.6760
 1500/10000 [===>..........................] - ETA: 2:10 - loss: 1.0787 - accuracy: 0.6813
 2000/10000 [=====>........................] - ETA: 2:03 - loss: 1.0550 - accuracy: 0.6865
 2500/10000 [======>.......................] - ETA: 1:55 - loss: 1.0496 - accuracy: 0.6828
 3000/10000 [========>.....................] - ETA: 1:47 - loss: 1.0413 - accuracy: 0.6920
 3500/10000 [=========>....................] - ETA: 1:39 - loss: 1.0160 - accuracy: 0.6977
 4000/10000 [===========>..................] - ETA: 1:31 - loss: 1.0039 - accuracy: 0.6992
 4500/10000 [============>.................] - ETA: 1:23 - loss: 1.0285 - accuracy: 0.6896
 5000/10000 [==============>...............] - ETA: 1:15 - loss: 1.0188 - accuracy: 0.6906
 5500/10000 [===============>..............] - ETA: 1:07 - loss: 0.9965 - accuracy: 0.6980
 6000/10000 [=================>............] - ETA: 1:00 - loss: 0.9893 - accuracy: 0.7018
 6500/10000 [==================>...........] - ETA: 52s - loss: 0.9947 - accuracy: 0.6988 
 7000/10000 [====================>.........] - ETA: 45s - loss: 0.9764 - accuracy: 0.7034
 7500/10000 [=====================>........] - ETA: 37s - loss: 0.9597 - accuracy: 0.7084
 8000/10000 [=======================>......] - ETA: 30s - loss: 0.9482 - accuracy: 0.7107
 8500/10000 [========================>.....] - ETA: 22s - loss: 0.9374 - accuracy: 0.7114
 9000/10000 [==========================>...] - ETA: 15s - loss: 0.9333 - accuracy: 0.7111
 9500/10000 [===========================>..] - ETA: 7s - loss: 0.9367 - accuracy: 0.7108 
10000/10000 [==============================] - 151s 15ms/step - loss: 0.9207 - accuracy: 0.7170 - val_loss: 0.8175 - val_accuracy: 0.7264
Epoch 4/5

  500/10000 [>.............................] - ETA: 2:23 - loss: 0.6946 - accuracy: 0.7780
 1000/10000 [==>...........................] - ETA: 2:10 - loss: 0.7474 - accuracy: 0.7450
 1500/10000 [===>..........................] - ETA: 2:03 - loss: 0.7969 - accuracy: 0.7493
 2000/10000 [=====>........................] - ETA: 1:55 - loss: 0.7555 - accuracy: 0.7570
 2500/10000 [======>.......................] - ETA: 1:49 - loss: 0.7189 - accuracy: 0.7676
 3000/10000 [========>.....................] - ETA: 1:41 - loss: 0.7210 - accuracy: 0.7717
 3500/10000 [=========>....................] - ETA: 1:34 - loss: 0.7652 - accuracy: 0.7480
 4000/10000 [===========>..................] - ETA: 1:27 - loss: 0.7787 - accuracy: 0.7513
 4500/10000 [============>.................] - ETA: 1:19 - loss: 0.7646 - accuracy: 0.7547
 5000/10000 [==============>...............] - ETA: 1:12 - loss: 0.7826 - accuracy: 0.7516
 5500/10000 [===============>..............] - ETA: 1:05 - loss: 0.8018 - accuracy: 0.7405
 6000/10000 [=================>............] - ETA: 58s - loss: 0.7988 - accuracy: 0.7430 
 6500/10000 [==================>...........] - ETA: 51s - loss: 0.7920 - accuracy: 0.7448
 7000/10000 [====================>.........] - ETA: 43s - loss: 0.7926 - accuracy: 0.7453
 7500/10000 [=====================>........] - ETA: 36s - loss: 0.7923 - accuracy: 0.7465
 8000/10000 [=======================>......] - ETA: 29s - loss: 0.7801 - accuracy: 0.7509
 8500/10000 [========================>.....] - ETA: 22s - loss: 0.7732 - accuracy: 0.7528
 9000/10000 [==========================>...] - ETA: 14s - loss: 0.7677 - accuracy: 0.7559
 9500/10000 [===========================>..] - ETA: 7s - loss: 0.7687 - accuracy: 0.7555 
10000/10000 [==============================] - 149s 15ms/step - loss: 0.7648 - accuracy: 0.7564 - val_loss: 0.8064 - val_accuracy: 0.7380
Epoch 5/5

  500/10000 [>.............................] - ETA: 2:20 - loss: 0.6139 - accuracy: 0.8120
 1000/10000 [==>...........................] - ETA: 2:12 - loss: 0.6256 - accuracy: 0.8120
 1500/10000 [===>..........................] - ETA: 2:04 - loss: 0.6775 - accuracy: 0.7953
 2000/10000 [=====>........................] - ETA: 1:56 - loss: 0.6841 - accuracy: 0.7855
 2500/10000 [======>.......................] - ETA: 1:50 - loss: 0.6807 - accuracy: 0.7884
 3000/10000 [========>.....................] - ETA: 1:44 - loss: 0.6747 - accuracy: 0.7920
 3500/10000 [=========>....................] - ETA: 1:37 - loss: 0.6829 - accuracy: 0.7886
 4000/10000 [===========>..................] - ETA: 1:29 - loss: 0.6797 - accuracy: 0.7883
 4500/10000 [============>.................] - ETA: 1:22 - loss: 0.6773 - accuracy: 0.7864
 5000/10000 [==============>...............] - ETA: 1:15 - loss: 0.6777 - accuracy: 0.7852
 5500/10000 [===============>..............] - ETA: 1:07 - loss: 0.6749 - accuracy: 0.7871
 6000/10000 [=================>............] - ETA: 1:00 - loss: 0.6765 - accuracy: 0.7862
 6500/10000 [==================>...........] - ETA: 52s - loss: 0.6969 - accuracy: 0.7777 
 7000/10000 [====================>.........] - ETA: 45s - loss: 0.7037 - accuracy: 0.7773
 7500/10000 [=====================>........] - ETA: 37s - loss: 0.6948 - accuracy: 0.7811
 8000/10000 [=======================>......] - ETA: 29s - loss: 0.6954 - accuracy: 0.7820
 8500/10000 [========================>.....] - ETA: 22s - loss: 0.6941 - accuracy: 0.7811
 9000/10000 [==========================>...] - ETA: 14s - loss: 0.7010 - accuracy: 0.7799
 9500/10000 [===========================>..] - ETA: 7s - loss: 0.7075 - accuracy: 0.7780 
10000/10000 [==============================] - 150s 15ms/step - loss: 0.7119 - accuracy: 0.7774 - val_loss: 0.7511 - val_accuracy: 0.7684
Latency --- 755.4017834663391 seconds ---
For delta=0.000100, the current epsilon is: 4.0678
=====================Iteration========================== 8
For delta=0.000100, the current epsilon is: 4.0678
Noise Mutiplier 1
in grads Tensor("loss_7/mul:0", shape=(?,), dtype=float32)
Train on 10000 samples, validate on 2500 samples
Epoch 1/5

  500/10000 [>.............................] - ETA: 2:36 - loss: 2.3553 - accuracy: 0.1000
 1000/10000 [==>...........................] - ETA: 2:25 - loss: 2.3361 - accuracy: 0.0940
 1500/10000 [===>..........................] - ETA: 2:13 - loss: 2.3235 - accuracy: 0.0960
 2000/10000 [=====>........................] - ETA: 2:04 - loss: 2.3099 - accuracy: 0.1055
 2500/10000 [======>.......................] - ETA: 1:56 - loss: 2.2976 - accuracy: 0.1224
 3000/10000 [========>.....................] - ETA: 1:48 - loss: 2.2865 - accuracy: 0.1263
 3500/10000 [=========>....................] - ETA: 1:41 - loss: 2.2757 - accuracy: 0.1426
 4000/10000 [===========>..................] - ETA: 1:32 - loss: 2.2644 - accuracy: 0.1443
 4500/10000 [============>.................] - ETA: 1:24 - loss: 2.2546 - accuracy: 0.1578
 5000/10000 [==============>...............] - ETA: 1:16 - loss: 2.2393 - accuracy: 0.1746
 5500/10000 [===============>..............] - ETA: 1:08 - loss: 2.2202 - accuracy: 0.1855
 6000/10000 [=================>............] - ETA: 1:00 - loss: 2.2053 - accuracy: 0.1893
 6500/10000 [==================>...........] - ETA: 53s - loss: 2.1919 - accuracy: 0.1955 
 7000/10000 [====================>.........] - ETA: 45s - loss: 2.1728 - accuracy: 0.2140
 7500/10000 [=====================>........] - ETA: 38s - loss: 2.1554 - accuracy: 0.2248
 8000/10000 [=======================>......] - ETA: 30s - loss: 2.1411 - accuracy: 0.2284
 8500/10000 [========================>.....] - ETA: 22s - loss: 2.1264 - accuracy: 0.2353
 9000/10000 [==========================>...] - ETA: 15s - loss: 2.1119 - accuracy: 0.2416
 9500/10000 [===========================>..] - ETA: 7s - loss: 2.0971 - accuracy: 0.2473 
10000/10000 [==============================] - 153s 15ms/step - loss: 2.0854 - accuracy: 0.2515 - val_loss: 1.8558 - val_accuracy: 0.3204
Epoch 2/5

  500/10000 [>.............................] - ETA: 2:21 - loss: 1.8944 - accuracy: 0.3040
 1000/10000 [==>...........................] - ETA: 2:16 - loss: 1.8475 - accuracy: 0.3130
 1500/10000 [===>..........................] - ETA: 2:10 - loss: 1.8041 - accuracy: 0.3413
 2000/10000 [=====>........................] - ETA: 2:02 - loss: 1.7624 - accuracy: 0.3670
 2500/10000 [======>.......................] - ETA: 1:53 - loss: 1.7500 - accuracy: 0.3824
 3000/10000 [========>.....................] - ETA: 1:45 - loss: 1.7486 - accuracy: 0.3817
 3500/10000 [=========>....................] - ETA: 1:38 - loss: 1.7133 - accuracy: 0.4031
 4000/10000 [===========>..................] - ETA: 1:30 - loss: 1.6850 - accuracy: 0.4187
 4500/10000 [============>.................] - ETA: 1:22 - loss: 1.6612 - accuracy: 0.4244
 5000/10000 [==============>...............] - ETA: 1:14 - loss: 1.6467 - accuracy: 0.4306
 5500/10000 [===============>..............] - ETA: 1:07 - loss: 1.6348 - accuracy: 0.4313
 6000/10000 [=================>............] - ETA: 1:00 - loss: 1.6403 - accuracy: 0.4327
 6500/10000 [==================>...........] - ETA: 52s - loss: 1.6260 - accuracy: 0.4408 
 7000/10000 [====================>.........] - ETA: 45s - loss: 1.6080 - accuracy: 0.4501
 7500/10000 [=====================>........] - ETA: 37s - loss: 1.5936 - accuracy: 0.4535
 8000/10000 [=======================>......] - ETA: 30s - loss: 1.5965 - accuracy: 0.4530
 8500/10000 [========================>.....] - ETA: 22s - loss: 1.5871 - accuracy: 0.4565
 9000/10000 [==========================>...] - ETA: 15s - loss: 1.5852 - accuracy: 0.4570
 9500/10000 [===========================>..] - ETA: 7s - loss: 1.5736 - accuracy: 0.4619 
10000/10000 [==============================] - 151s 15ms/step - loss: 1.5590 - accuracy: 0.4678 - val_loss: 1.3513 - val_accuracy: 0.5216
Epoch 3/5

  500/10000 [>.............................] - ETA: 2:14 - loss: 1.2131 - accuracy: 0.5720
 1000/10000 [==>...........................] - ETA: 2:07 - loss: 1.3528 - accuracy: 0.5370
 1500/10000 [===>..........................] - ETA: 2:05 - loss: 1.3722 - accuracy: 0.5353
 2000/10000 [=====>........................] - ETA: 2:00 - loss: 1.3676 - accuracy: 0.5365
 2500/10000 [======>.......................] - ETA: 1:53 - loss: 1.3600 - accuracy: 0.5412
 3000/10000 [========>.....................] - ETA: 1:45 - loss: 1.3416 - accuracy: 0.5460
 3500/10000 [=========>....................] - ETA: 1:37 - loss: 1.3320 - accuracy: 0.5489
 4000/10000 [===========>..................] - ETA: 1:30 - loss: 1.2974 - accuracy: 0.5590
 4500/10000 [============>.................] - ETA: 1:23 - loss: 1.2912 - accuracy: 0.5609
 5000/10000 [==============>...............] - ETA: 1:15 - loss: 1.2879 - accuracy: 0.5602
 5500/10000 [===============>..............] - ETA: 1:07 - loss: 1.2740 - accuracy: 0.5645
 6000/10000 [=================>............] - ETA: 59s - loss: 1.2563 - accuracy: 0.5698 
 6500/10000 [==================>...........] - ETA: 52s - loss: 1.2608 - accuracy: 0.5683
 7000/10000 [====================>.........] - ETA: 45s - loss: 1.2511 - accuracy: 0.5717
 7500/10000 [=====================>........] - ETA: 37s - loss: 1.2598 - accuracy: 0.5700
 8000/10000 [=======================>......] - ETA: 30s - loss: 1.2631 - accuracy: 0.5719
 8500/10000 [========================>.....] - ETA: 22s - loss: 1.2663 - accuracy: 0.5713
 9000/10000 [==========================>...] - ETA: 15s - loss: 1.2613 - accuracy: 0.5753
 9500/10000 [===========================>..] - ETA: 7s - loss: 1.2479 - accuracy: 0.5804 
10000/10000 [==============================] - 151s 15ms/step - loss: 1.2373 - accuracy: 0.5837 - val_loss: 1.0593 - val_accuracy: 0.6452
Epoch 4/5

  500/10000 [>.............................] - ETA: 2:20 - loss: 0.9578 - accuracy: 0.6900
 1000/10000 [==>...........................] - ETA: 2:12 - loss: 1.0554 - accuracy: 0.6290
 1500/10000 [===>..........................] - ETA: 2:07 - loss: 1.0844 - accuracy: 0.6340
 2000/10000 [=====>........................] - ETA: 2:01 - loss: 1.0425 - accuracy: 0.6530
 2500/10000 [======>.......................] - ETA: 1:53 - loss: 1.0243 - accuracy: 0.6556
 3000/10000 [========>.....................] - ETA: 1:46 - loss: 1.0488 - accuracy: 0.6543
 3500/10000 [=========>....................] - ETA: 1:38 - loss: 1.0325 - accuracy: 0.6563
 4000/10000 [===========>..................] - ETA: 1:31 - loss: 1.0092 - accuracy: 0.6672
 4500/10000 [============>.................] - ETA: 1:23 - loss: 0.9938 - accuracy: 0.6678
 5000/10000 [==============>...............] - ETA: 1:16 - loss: 0.9974 - accuracy: 0.6690
 5500/10000 [===============>..............] - ETA: 1:08 - loss: 0.9949 - accuracy: 0.6696
 6000/10000 [=================>............] - ETA: 1:00 - loss: 1.0080 - accuracy: 0.6637
 6500/10000 [==================>...........] - ETA: 53s - loss: 1.0105 - accuracy: 0.6632 
 7000/10000 [====================>.........] - ETA: 45s - loss: 1.0063 - accuracy: 0.6656
 7500/10000 [=====================>........] - ETA: 37s - loss: 1.0152 - accuracy: 0.6631
 8000/10000 [=======================>......] - ETA: 30s - loss: 1.0139 - accuracy: 0.6624
 8500/10000 [========================>.....] - ETA: 22s - loss: 1.0119 - accuracy: 0.6625
 9000/10000 [==========================>...] - ETA: 14s - loss: 1.0125 - accuracy: 0.6610
 9500/10000 [===========================>..] - ETA: 7s - loss: 1.0101 - accuracy: 0.6611 
10000/10000 [==============================] - 150s 15ms/step - loss: 1.0096 - accuracy: 0.6617 - val_loss: 0.9720 - val_accuracy: 0.6720
Epoch 5/5

  500/10000 [>.............................] - ETA: 2:19 - loss: 0.8065 - accuracy: 0.7080
 1000/10000 [==>...........................] - ETA: 2:13 - loss: 0.8932 - accuracy: 0.7000
 1500/10000 [===>..........................] - ETA: 2:08 - loss: 0.9154 - accuracy: 0.6893
 2000/10000 [=====>........................] - ETA: 1:58 - loss: 0.9289 - accuracy: 0.6865
 2500/10000 [======>.......................] - ETA: 1:52 - loss: 0.9074 - accuracy: 0.6964
 3000/10000 [========>.....................] - ETA: 1:44 - loss: 0.8751 - accuracy: 0.7040
 3500/10000 [=========>....................] - ETA: 1:37 - loss: 0.8695 - accuracy: 0.7091
 4000/10000 [===========>..................] - ETA: 1:30 - loss: 0.8685 - accuracy: 0.7092
 4500/10000 [============>.................] - ETA: 1:23 - loss: 0.8619 - accuracy: 0.7107
 5000/10000 [==============>...............] - ETA: 1:15 - loss: 0.8514 - accuracy: 0.7158
 5500/10000 [===============>..............] - ETA: 1:08 - loss: 0.8416 - accuracy: 0.7167
 6000/10000 [=================>............] - ETA: 1:00 - loss: 0.8288 - accuracy: 0.7217
 6500/10000 [==================>...........] - ETA: 52s - loss: 0.8317 - accuracy: 0.7209 
 7000/10000 [====================>.........] - ETA: 45s - loss: 0.8332 - accuracy: 0.7220
 7500/10000 [=====================>........] - ETA: 37s - loss: 0.8312 - accuracy: 0.7224
 8000/10000 [=======================>......] - ETA: 30s - loss: 0.8265 - accuracy: 0.7236
 8500/10000 [========================>.....] - ETA: 22s - loss: 0.8359 - accuracy: 0.7211
 9000/10000 [==========================>...] - ETA: 15s - loss: 0.8385 - accuracy: 0.7206
 9500/10000 [===========================>..] - ETA: 7s - loss: 0.8481 - accuracy: 0.7185 
10000/10000 [==============================] - 151s 15ms/step - loss: 0.8542 - accuracy: 0.7161 - val_loss: 0.9619 - val_accuracy: 0.7044
Latency --- 758.7489967346191 seconds ---
For delta=0.000100, the current epsilon is: 4.0678
=====================Iteration========================== 9
For delta=0.000100, the current epsilon is: 4.0678
Noise Mutiplier 1
in grads Tensor("loss_8/mul:0", shape=(?,), dtype=float32)
Train on 10000 samples, validate on 2500 samples
Epoch 1/5

  500/10000 [>.............................] - ETA: 2:38 - loss: 2.3089 - accuracy: 0.0640
 1000/10000 [==>...........................] - ETA: 2:23 - loss: 2.2993 - accuracy: 0.0920
 1500/10000 [===>..........................] - ETA: 2:14 - loss: 2.2909 - accuracy: 0.1207
 2000/10000 [=====>........................] - ETA: 2:05 - loss: 2.2843 - accuracy: 0.1455
 2500/10000 [======>.......................] - ETA: 1:55 - loss: 2.2701 - accuracy: 0.1660
 3000/10000 [========>.....................] - ETA: 1:48 - loss: 2.2545 - accuracy: 0.1610
 3500/10000 [=========>....................] - ETA: 1:40 - loss: 2.2385 - accuracy: 0.1769
 4000/10000 [===========>..................] - ETA: 1:33 - loss: 2.2264 - accuracy: 0.1855
 4500/10000 [============>.................] - ETA: 1:25 - loss: 2.2189 - accuracy: 0.1798
 5000/10000 [==============>...............] - ETA: 1:17 - loss: 2.2112 - accuracy: 0.1772
 5500/10000 [===============>..............] - ETA: 1:09 - loss: 2.2003 - accuracy: 0.1793
 6000/10000 [=================>............] - ETA: 1:01 - loss: 2.1859 - accuracy: 0.1992
 6500/10000 [==================>...........] - ETA: 54s - loss: 2.1646 - accuracy: 0.2183 
 7000/10000 [====================>.........] - ETA: 46s - loss: 2.1558 - accuracy: 0.2251
 7500/10000 [=====================>........] - ETA: 38s - loss: 2.1478 - accuracy: 0.2235
 8000/10000 [=======================>......] - ETA: 31s - loss: 2.1344 - accuracy: 0.2304
 8500/10000 [========================>.....] - ETA: 23s - loss: 2.1261 - accuracy: 0.2381
 9000/10000 [==========================>...] - ETA: 15s - loss: 2.1072 - accuracy: 0.2504
 9500/10000 [===========================>..] - ETA: 7s - loss: 2.0922 - accuracy: 0.2603 
10000/10000 [==============================] - 155s 15ms/step - loss: 2.0899 - accuracy: 0.2563 - val_loss: 1.8533 - val_accuracy: 0.4396
Epoch 2/5

  500/10000 [>.............................] - ETA: 2:28 - loss: 1.8468 - accuracy: 0.4640
 1000/10000 [==>...........................] - ETA: 2:25 - loss: 1.7698 - accuracy: 0.4510
 1500/10000 [===>..........................] - ETA: 2:14 - loss: 1.7613 - accuracy: 0.4500
 2000/10000 [=====>........................] - ETA: 2:03 - loss: 1.8075 - accuracy: 0.3995
 2500/10000 [======>.......................] - ETA: 1:56 - loss: 1.7798 - accuracy: 0.4176
 3000/10000 [========>.....................] - ETA: 1:48 - loss: 1.7557 - accuracy: 0.4230
 3500/10000 [=========>....................] - ETA: 1:40 - loss: 1.7857 - accuracy: 0.4251
 4000/10000 [===========>..................] - ETA: 1:32 - loss: 1.7657 - accuracy: 0.4280
 4500/10000 [============>.................] - ETA: 1:25 - loss: 1.7689 - accuracy: 0.4162
 5000/10000 [==============>...............] - ETA: 1:17 - loss: 1.7451 - accuracy: 0.4250
 5500/10000 [===============>..............] - ETA: 1:09 - loss: 1.7279 - accuracy: 0.4322
 6000/10000 [=================>............] - ETA: 1:02 - loss: 1.7304 - accuracy: 0.4288
 6500/10000 [==================>...........] - ETA: 54s - loss: 1.7168 - accuracy: 0.4400 
 7000/10000 [====================>.........] - ETA: 46s - loss: 1.7107 - accuracy: 0.4330
 7500/10000 [=====================>........] - ETA: 38s - loss: 1.6977 - accuracy: 0.4443
 8000/10000 [=======================>......] - ETA: 30s - loss: 1.6804 - accuracy: 0.4506
 8500/10000 [========================>.....] - ETA: 23s - loss: 1.6647 - accuracy: 0.4556
 9000/10000 [==========================>...] - ETA: 15s - loss: 1.6531 - accuracy: 0.4580
 9500/10000 [===========================>..] - ETA: 7s - loss: 1.6496 - accuracy: 0.4586 
10000/10000 [==============================] - 155s 15ms/step - loss: 1.6428 - accuracy: 0.4600 - val_loss: 1.4786 - val_accuracy: 0.5236
Epoch 3/5

  500/10000 [>.............................] - ETA: 2:24 - loss: 1.4028 - accuracy: 0.5220
 1000/10000 [==>...........................] - ETA: 2:18 - loss: 1.3077 - accuracy: 0.5600
 1500/10000 [===>..........................] - ETA: 2:10 - loss: 1.3135 - accuracy: 0.5647
 2000/10000 [=====>........................] - ETA: 2:01 - loss: 1.3183 - accuracy: 0.5660
 2500/10000 [======>.......................] - ETA: 1:53 - loss: 1.3101 - accuracy: 0.5644
 3000/10000 [========>.....................] - ETA: 1:45 - loss: 1.2931 - accuracy: 0.5680
 3500/10000 [=========>....................] - ETA: 1:38 - loss: 1.2770 - accuracy: 0.5840
 4000/10000 [===========>..................] - ETA: 1:31 - loss: 1.2711 - accuracy: 0.5817
 4500/10000 [============>.................] - ETA: 1:23 - loss: 1.2846 - accuracy: 0.5804
 5000/10000 [==============>...............] - ETA: 1:16 - loss: 1.2805 - accuracy: 0.5786
 5500/10000 [===============>..............] - ETA: 1:08 - loss: 1.2803 - accuracy: 0.5805
 6000/10000 [=================>............] - ETA: 1:01 - loss: 1.2632 - accuracy: 0.5883
 6500/10000 [==================>...........] - ETA: 53s - loss: 1.2374 - accuracy: 0.5971 
 7000/10000 [====================>.........] - ETA: 46s - loss: 1.2301 - accuracy: 0.5964
 7500/10000 [=====================>........] - ETA: 38s - loss: 1.2377 - accuracy: 0.5936
 8000/10000 [=======================>......] - ETA: 30s - loss: 1.2351 - accuracy: 0.5954
 8500/10000 [========================>.....] - ETA: 23s - loss: 1.2273 - accuracy: 0.5973
 9000/10000 [==========================>...] - ETA: 15s - loss: 1.2243 - accuracy: 0.5976
 9500/10000 [===========================>..] - ETA: 7s - loss: 1.2309 - accuracy: 0.5951 
10000/10000 [==============================] - 154s 15ms/step - loss: 1.2277 - accuracy: 0.5969 - val_loss: 1.0422 - val_accuracy: 0.6692
Epoch 4/5

  500/10000 [>.............................] - ETA: 2:23 - loss: 0.9661 - accuracy: 0.6840
 1000/10000 [==>...........................] - ETA: 2:14 - loss: 1.1096 - accuracy: 0.6400
 1500/10000 [===>..........................] - ETA: 2:06 - loss: 1.0690 - accuracy: 0.6527
 2000/10000 [=====>........................] - ETA: 2:01 - loss: 1.0549 - accuracy: 0.6595
 2500/10000 [======>.......................] - ETA: 1:52 - loss: 1.0364 - accuracy: 0.6620
 3000/10000 [========>.....................] - ETA: 1:46 - loss: 1.0037 - accuracy: 0.6747
 3500/10000 [=========>....................] - ETA: 1:39 - loss: 1.0067 - accuracy: 0.6697
 4000/10000 [===========>..................] - ETA: 1:32 - loss: 1.0023 - accuracy: 0.6665
 4500/10000 [============>.................] - ETA: 1:24 - loss: 1.0057 - accuracy: 0.6644
 5000/10000 [==============>...............] - ETA: 1:16 - loss: 0.9967 - accuracy: 0.6662
 5500/10000 [===============>..............] - ETA: 1:09 - loss: 0.9823 - accuracy: 0.6716
 6000/10000 [=================>............] - ETA: 1:01 - loss: 0.9900 - accuracy: 0.6687
 6500/10000 [==================>...........] - ETA: 53s - loss: 0.9827 - accuracy: 0.6731 
 7000/10000 [====================>.........] - ETA: 45s - loss: 0.9882 - accuracy: 0.6721
 7500/10000 [=====================>........] - ETA: 38s - loss: 0.9859 - accuracy: 0.6715
 8000/10000 [=======================>......] - ETA: 30s - loss: 0.9843 - accuracy: 0.6725
 8500/10000 [========================>.....] - ETA: 23s - loss: 0.9879 - accuracy: 0.6713
 9000/10000 [==========================>...] - ETA: 15s - loss: 0.9875 - accuracy: 0.6717
 9500/10000 [===========================>..] - ETA: 7s - loss: 0.9826 - accuracy: 0.6744 
10000/10000 [==============================] - 154s 15ms/step - loss: 0.9771 - accuracy: 0.6764 - val_loss: 1.1754 - val_accuracy: 0.6252
Epoch 5/5

  500/10000 [>.............................] - ETA: 2:12 - loss: 1.0770 - accuracy: 0.6620
 1000/10000 [==>...........................] - ETA: 2:11 - loss: 0.9762 - accuracy: 0.6970
 1500/10000 [===>..........................] - ETA: 2:07 - loss: 1.0039 - accuracy: 0.7007
 2000/10000 [=====>........................] - ETA: 1:59 - loss: 0.9567 - accuracy: 0.7085
 2500/10000 [======>.......................] - ETA: 1:54 - loss: 0.9547 - accuracy: 0.7084
 3000/10000 [========>.....................] - ETA: 1:46 - loss: 0.9259 - accuracy: 0.7187
 3500/10000 [=========>....................] - ETA: 1:39 - loss: 0.9102 - accuracy: 0.7200
 4000/10000 [===========>..................] - ETA: 1:32 - loss: 0.8768 - accuracy: 0.7297
 4500/10000 [============>.................] - ETA: 1:25 - loss: 0.8572 - accuracy: 0.7320
 5000/10000 [==============>...............] - ETA: 1:17 - loss: 0.8551 - accuracy: 0.7308
 5500/10000 [===============>..............] - ETA: 1:09 - loss: 0.8455 - accuracy: 0.7327
 6000/10000 [=================>............] - ETA: 1:02 - loss: 0.8521 - accuracy: 0.7305
 6500/10000 [==================>...........] - ETA: 54s - loss: 0.8453 - accuracy: 0.7312 
 7000/10000 [====================>.........] - ETA: 46s - loss: 0.8519 - accuracy: 0.7296
 7500/10000 [=====================>........] - ETA: 38s - loss: 0.8461 - accuracy: 0.7304
 8000/10000 [=======================>......] - ETA: 30s - loss: 0.8385 - accuracy: 0.7314
 8500/10000 [========================>.....] - ETA: 23s - loss: 0.8434 - accuracy: 0.7319
 9000/10000 [==========================>...] - ETA: 15s - loss: 0.8447 - accuracy: 0.7294
 9500/10000 [===========================>..] - ETA: 7s - loss: 0.8416 - accuracy: 0.7313 
10000/10000 [==============================] - 154s 15ms/step - loss: 0.8321 - accuracy: 0.7340 - val_loss: 0.8353 - val_accuracy: 0.7236
Latency --- 774.7632656097412 seconds ---
For delta=0.000100, the current epsilon is: 4.0678
=====================Iteration========================== 10
For delta=0.000100, the current epsilon is: 4.0678
Noise Mutiplier 1
in grads Tensor("loss_9/mul:0", shape=(?,), dtype=float32)
Train on 10000 samples, validate on 2500 samples
Epoch 1/5

  500/10000 [>.............................] - ETA: 2:42 - loss: 2.3079 - accuracy: 0.1040
 1000/10000 [==>...........................] - ETA: 2:27 - loss: 2.2948 - accuracy: 0.1240
 1500/10000 [===>..........................] - ETA: 2:18 - loss: 2.2861 - accuracy: 0.1153
 2000/10000 [=====>........................] - ETA: 2:08 - loss: 2.2737 - accuracy: 0.1460
 2500/10000 [======>.......................] - ETA: 1:59 - loss: 2.2627 - accuracy: 0.1504
 3000/10000 [========>.....................] - ETA: 1:50 - loss: 2.2519 - accuracy: 0.1587
 3500/10000 [=========>....................] - ETA: 1:41 - loss: 2.2365 - accuracy: 0.1860
 4000/10000 [===========>..................] - ETA: 1:33 - loss: 2.2297 - accuracy: 0.1797
 4500/10000 [============>.................] - ETA: 1:25 - loss: 2.2188 - accuracy: 0.1818
 5000/10000 [==============>...............] - ETA: 1:17 - loss: 2.2095 - accuracy: 0.1862
 5500/10000 [===============>..............] - ETA: 1:09 - loss: 2.1971 - accuracy: 0.1869
 6000/10000 [=================>............] - ETA: 1:01 - loss: 2.1861 - accuracy: 0.1908
 6500/10000 [==================>...........] - ETA: 54s - loss: 2.1705 - accuracy: 0.2072 
 7000/10000 [====================>.........] - ETA: 46s - loss: 2.1522 - accuracy: 0.2264
 7500/10000 [=====================>........] - ETA: 38s - loss: 2.1403 - accuracy: 0.2319
 8000/10000 [=======================>......] - ETA: 30s - loss: 2.1349 - accuracy: 0.2386
 8500/10000 [========================>.....] - ETA: 23s - loss: 2.1199 - accuracy: 0.2496
 9000/10000 [==========================>...] - ETA: 15s - loss: 2.1087 - accuracy: 0.2562
 9500/10000 [===========================>..] - ETA: 7s - loss: 2.0941 - accuracy: 0.2647 
10000/10000 [==============================] - 155s 15ms/step - loss: 2.0842 - accuracy: 0.2709 - val_loss: 1.8832 - val_accuracy: 0.3540
Epoch 2/5

  500/10000 [>.............................] - ETA: 2:23 - loss: 1.8022 - accuracy: 0.4060
 1000/10000 [==>...........................] - ETA: 2:17 - loss: 1.7466 - accuracy: 0.4410
 1500/10000 [===>..........................] - ETA: 2:07 - loss: 1.7204 - accuracy: 0.4280
 2000/10000 [=====>........................] - ETA: 1:59 - loss: 1.7142 - accuracy: 0.4270
 2500/10000 [======>.......................] - ETA: 1:52 - loss: 1.6866 - accuracy: 0.4464
 3000/10000 [========>.....................] - ETA: 1:45 - loss: 1.6946 - accuracy: 0.4550
 3500/10000 [=========>....................] - ETA: 1:38 - loss: 1.6752 - accuracy: 0.4580
 4000/10000 [===========>..................] - ETA: 1:30 - loss: 1.6551 - accuracy: 0.4672
 4500/10000 [============>.................] - ETA: 1:22 - loss: 1.6489 - accuracy: 0.4669
 5000/10000 [==============>...............] - ETA: 1:15 - loss: 1.6309 - accuracy: 0.4722
 5500/10000 [===============>..............] - ETA: 1:07 - loss: 1.6076 - accuracy: 0.4771
 6000/10000 [=================>............] - ETA: 1:00 - loss: 1.5930 - accuracy: 0.4828
 6500/10000 [==================>...........] - ETA: 53s - loss: 1.5814 - accuracy: 0.4851 
 7000/10000 [====================>.........] - ETA: 45s - loss: 1.5648 - accuracy: 0.4880
 7500/10000 [=====================>........] - ETA: 37s - loss: 1.5516 - accuracy: 0.4951
 8000/10000 [=======================>......] - ETA: 30s - loss: 1.5360 - accuracy: 0.5001
 8500/10000 [========================>.....] - ETA: 22s - loss: 1.5125 - accuracy: 0.5098
 9000/10000 [==========================>...] - ETA: 15s - loss: 1.4938 - accuracy: 0.5174
 9500/10000 [===========================>..] - ETA: 7s - loss: 1.4828 - accuracy: 0.5202 
10000/10000 [==============================] - 151s 15ms/step - loss: 1.4643 - accuracy: 0.5270 - val_loss: 1.2730 - val_accuracy: 0.6324
Epoch 3/5

  500/10000 [>.............................] - ETA: 2:18 - loss: 1.2591 - accuracy: 0.6200
 1000/10000 [==>...........................] - ETA: 2:13 - loss: 1.2280 - accuracy: 0.6140
 1500/10000 [===>..........................] - ETA: 2:09 - loss: 1.3281 - accuracy: 0.5820
 2000/10000 [=====>........................] - ETA: 2:05 - loss: 1.3097 - accuracy: 0.5770
 2500/10000 [======>.......................] - ETA: 1:57 - loss: 1.2714 - accuracy: 0.5740
 3000/10000 [========>.....................] - ETA: 1:50 - loss: 1.2575 - accuracy: 0.5853
 3500/10000 [=========>....................] - ETA: 1:41 - loss: 1.2135 - accuracy: 0.6017
 4000/10000 [===========>..................] - ETA: 1:32 - loss: 1.2034 - accuracy: 0.6072
 4500/10000 [============>.................] - ETA: 1:24 - loss: 1.1785 - accuracy: 0.6156
 5000/10000 [==============>...............] - ETA: 1:16 - loss: 1.1837 - accuracy: 0.6114
 5500/10000 [===============>..............] - ETA: 1:08 - loss: 1.1647 - accuracy: 0.6185
 6000/10000 [=================>............] - ETA: 1:01 - loss: 1.1408 - accuracy: 0.6257
 6500/10000 [==================>...........] - ETA: 53s - loss: 1.1419 - accuracy: 0.6263 
 7000/10000 [====================>.........] - ETA: 46s - loss: 1.1208 - accuracy: 0.6354
 7500/10000 [=====================>........] - ETA: 38s - loss: 1.1109 - accuracy: 0.6379
 8000/10000 [=======================>......] - ETA: 30s - loss: 1.1048 - accuracy: 0.6403
 8500/10000 [========================>.....] - ETA: 23s - loss: 1.0892 - accuracy: 0.6452
 9000/10000 [==========================>...] - ETA: 15s - loss: 1.0805 - accuracy: 0.6470
 9500/10000 [===========================>..] - ETA: 7s - loss: 1.0803 - accuracy: 0.6464 
10000/10000 [==============================] - 154s 15ms/step - loss: 1.0778 - accuracy: 0.6486 - val_loss: 0.9290 - val_accuracy: 0.7028
Epoch 4/5

  500/10000 [>.............................] - ETA: 2:25 - loss: 0.7912 - accuracy: 0.7880
 1000/10000 [==>...........................] - ETA: 2:17 - loss: 0.8455 - accuracy: 0.7530
 1500/10000 [===>..........................] - ETA: 2:11 - loss: 0.8571 - accuracy: 0.7507
 2000/10000 [=====>........................] - ETA: 2:05 - loss: 0.9337 - accuracy: 0.7315
 2500/10000 [======>.......................] - ETA: 1:56 - loss: 0.9370 - accuracy: 0.7216
 3000/10000 [========>.....................] - ETA: 1:47 - loss: 0.9574 - accuracy: 0.7100
 3500/10000 [=========>....................] - ETA: 1:40 - loss: 0.9479 - accuracy: 0.7103
 4000/10000 [===========>..................] - ETA: 1:33 - loss: 0.9289 - accuracy: 0.7172
 4500/10000 [============>.................] - ETA: 1:25 - loss: 0.9072 - accuracy: 0.7227
 5000/10000 [==============>...............] - ETA: 1:17 - loss: 0.9108 - accuracy: 0.7208
 5500/10000 [===============>..............] - ETA: 1:09 - loss: 0.8950 - accuracy: 0.7244
 6000/10000 [=================>............] - ETA: 1:01 - loss: 0.8896 - accuracy: 0.7258
 6500/10000 [==================>...........] - ETA: 54s - loss: 0.8705 - accuracy: 0.7311 
 7000/10000 [====================>.........] - ETA: 46s - loss: 0.8718 - accuracy: 0.7303
 7500/10000 [=====================>........] - ETA: 38s - loss: 0.8632 - accuracy: 0.7328
 8000/10000 [=======================>......] - ETA: 31s - loss: 0.8546 - accuracy: 0.7334
 8500/10000 [========================>.....] - ETA: 23s - loss: 0.8527 - accuracy: 0.7340
 9000/10000 [==========================>...] - ETA: 15s - loss: 0.8428 - accuracy: 0.7361
 9500/10000 [===========================>..] - ETA: 7s - loss: 0.8466 - accuracy: 0.7339 
10000/10000 [==============================] - 156s 16ms/step - loss: 0.8487 - accuracy: 0.7346 - val_loss: 0.9572 - val_accuracy: 0.6672
Epoch 5/5

  500/10000 [>.............................] - ETA: 2:14 - loss: 0.9211 - accuracy: 0.6700
 1000/10000 [==>...........................] - ETA: 2:13 - loss: 0.9562 - accuracy: 0.6770
 1500/10000 [===>..........................] - ETA: 2:06 - loss: 0.9373 - accuracy: 0.6887
 2000/10000 [=====>........................] - ETA: 2:00 - loss: 0.9719 - accuracy: 0.6750
 2500/10000 [======>.......................] - ETA: 1:53 - loss: 0.9152 - accuracy: 0.6960
 3000/10000 [========>.....................] - ETA: 1:45 - loss: 0.8852 - accuracy: 0.7037
 3500/10000 [=========>....................] - ETA: 1:38 - loss: 0.8602 - accuracy: 0.7117
 4000/10000 [===========>..................] - ETA: 1:31 - loss: 0.8316 - accuracy: 0.7215
 4500/10000 [============>.................] - ETA: 1:24 - loss: 0.8267 - accuracy: 0.7231
 5000/10000 [==============>...............] - ETA: 1:16 - loss: 0.8333 - accuracy: 0.7222
 5500/10000 [===============>..............] - ETA: 1:08 - loss: 0.8262 - accuracy: 0.7249
 6000/10000 [=================>............] - ETA: 1:00 - loss: 0.8199 - accuracy: 0.7287
 6500/10000 [==================>...........] - ETA: 53s - loss: 0.8047 - accuracy: 0.7329 
 7000/10000 [====================>.........] - ETA: 45s - loss: 0.8071 - accuracy: 0.7343
 7500/10000 [=====================>........] - ETA: 37s - loss: 0.8032 - accuracy: 0.7352
 8000/10000 [=======================>......] - ETA: 30s - loss: 0.8024 - accuracy: 0.7361
 8500/10000 [========================>.....] - ETA: 22s - loss: 0.8005 - accuracy: 0.7379
 9000/10000 [==========================>...] - ETA: 15s - loss: 0.7892 - accuracy: 0.7423
 9500/10000 [===========================>..] - ETA: 7s - loss: 0.7808 - accuracy: 0.7457 
10000/10000 [==============================] - 153s 15ms/step - loss: 0.7679 - accuracy: 0.7498 - val_loss: 0.8287 - val_accuracy: 0.7492
Latency --- 771.2637827396393 seconds ---
For delta=0.000100, the current epsilon is: 4.0678
