We are using Tensorflow version 1.15.2
Keras API version: 2.3.1
=====================Iteration========================== 1
For delta=0.000100, the current epsilon is: 1.0774
Noise Mutiplier 2.35
in grads Tensor("loss/mul:0", shape=(?,), dtype=float32)
Train on 10000 samples, validate on 2500 samples
Epoch 1/5

  500/10000 [>.............................] - ETA: 2:31 - loss: 2.3004 - accuracy: 0.1120
 1000/10000 [==>...........................] - ETA: 2:21 - loss: 2.3120 - accuracy: 0.0970
 1500/10000 [===>..........................] - ETA: 2:12 - loss: 2.3083 - accuracy: 0.0947
 2000/10000 [=====>........................] - ETA: 2:04 - loss: 2.2977 - accuracy: 0.1115
 2500/10000 [======>.......................] - ETA: 1:55 - loss: 2.2985 - accuracy: 0.1184
 3000/10000 [========>.....................] - ETA: 1:48 - loss: 2.2825 - accuracy: 0.1280
 3500/10000 [=========>....................] - ETA: 1:40 - loss: 2.2882 - accuracy: 0.1283
 4000/10000 [===========>..................] - ETA: 1:33 - loss: 2.3002 - accuracy: 0.1315
 4500/10000 [============>.................] - ETA: 1:25 - loss: 2.3097 - accuracy: 0.1316
 5000/10000 [==============>...............] - ETA: 1:17 - loss: 2.3297 - accuracy: 0.1280
 5500/10000 [===============>..............] - ETA: 1:09 - loss: 2.3272 - accuracy: 0.1322
 6000/10000 [=================>............] - ETA: 1:01 - loss: 2.3251 - accuracy: 0.1338
 6500/10000 [==================>...........] - ETA: 54s - loss: 2.3317 - accuracy: 0.1354 
 7000/10000 [====================>.........] - ETA: 46s - loss: 2.3301 - accuracy: 0.1391
 7500/10000 [=====================>........] - ETA: 38s - loss: 2.3473 - accuracy: 0.1355
 8000/10000 [=======================>......] - ETA: 30s - loss: 2.3396 - accuracy: 0.1370
 8500/10000 [========================>.....] - ETA: 23s - loss: 2.3260 - accuracy: 0.1416
 9000/10000 [==========================>...] - ETA: 15s - loss: 2.3108 - accuracy: 0.1461
 9500/10000 [===========================>..] - ETA: 7s - loss: 2.2952 - accuracy: 0.1516 
10000/10000 [==============================] - 155s 15ms/step - loss: 2.3136 - accuracy: 0.1545 - val_loss: 2.4338 - val_accuracy: 0.2084
Epoch 2/5

  500/10000 [>.............................] - ETA: 2:23 - loss: 2.5760 - accuracy: 0.1680
 1000/10000 [==>...........................] - ETA: 2:12 - loss: 2.6057 - accuracy: 0.1730
 1500/10000 [===>..........................] - ETA: 2:06 - loss: 2.6260 - accuracy: 0.1900
 2000/10000 [=====>........................] - ETA: 2:00 - loss: 2.5880 - accuracy: 0.1900
 2500/10000 [======>.......................] - ETA: 1:52 - loss: 2.5560 - accuracy: 0.1892
 3000/10000 [========>.....................] - ETA: 1:44 - loss: 2.6163 - accuracy: 0.1903
 3500/10000 [=========>....................] - ETA: 1:37 - loss: 2.5655 - accuracy: 0.2069
 4000/10000 [===========>..................] - ETA: 1:30 - loss: 2.5320 - accuracy: 0.2138
 4500/10000 [============>.................] - ETA: 1:23 - loss: 2.5085 - accuracy: 0.2169
 5000/10000 [==============>...............] - ETA: 1:16 - loss: 2.5397 - accuracy: 0.2220
 5500/10000 [===============>..............] - ETA: 1:09 - loss: 2.5680 - accuracy: 0.2169
 6000/10000 [=================>............] - ETA: 1:01 - loss: 2.5612 - accuracy: 0.2198
 6500/10000 [==================>...........] - ETA: 53s - loss: 2.5405 - accuracy: 0.2245 
 7000/10000 [====================>.........] - ETA: 45s - loss: 2.5377 - accuracy: 0.2243
 7500/10000 [=====================>........] - ETA: 38s - loss: 2.5355 - accuracy: 0.2231
 8000/10000 [=======================>......] - ETA: 30s - loss: 2.5475 - accuracy: 0.2209
 8500/10000 [========================>.....] - ETA: 22s - loss: 2.5684 - accuracy: 0.2176
 9000/10000 [==========================>...] - ETA: 15s - loss: 2.5658 - accuracy: 0.2169
 9500/10000 [===========================>..] - ETA: 7s - loss: 2.5615 - accuracy: 0.2173 
10000/10000 [==============================] - 154s 15ms/step - loss: 2.5398 - accuracy: 0.2230 - val_loss: 2.4202 - val_accuracy: 0.2700
Epoch 3/5

  500/10000 [>.............................] - ETA: 2:26 - loss: 2.2579 - accuracy: 0.2940
 1000/10000 [==>...........................] - ETA: 2:18 - loss: 2.3192 - accuracy: 0.2910
 1500/10000 [===>..........................] - ETA: 2:10 - loss: 2.3747 - accuracy: 0.2893
 2000/10000 [=====>........................] - ETA: 2:02 - loss: 2.3779 - accuracy: 0.2925
 2500/10000 [======>.......................] - ETA: 1:55 - loss: 2.3604 - accuracy: 0.2828
 3000/10000 [========>.....................] - ETA: 1:47 - loss: 2.3914 - accuracy: 0.2837
 3500/10000 [=========>....................] - ETA: 1:39 - loss: 2.5306 - accuracy: 0.2760
 4000/10000 [===========>..................] - ETA: 1:31 - loss: 2.5838 - accuracy: 0.2670
 4500/10000 [============>.................] - ETA: 1:23 - loss: 2.5873 - accuracy: 0.2620
 5000/10000 [==============>...............] - ETA: 1:16 - loss: 2.5972 - accuracy: 0.2576
 5500/10000 [===============>..............] - ETA: 1:08 - loss: 2.5672 - accuracy: 0.2602
 6000/10000 [=================>............] - ETA: 1:01 - loss: 2.5308 - accuracy: 0.2630
 6500/10000 [==================>...........] - ETA: 53s - loss: 2.5453 - accuracy: 0.2622 
 7000/10000 [====================>.........] - ETA: 45s - loss: 2.5296 - accuracy: 0.2611
 7500/10000 [=====================>........] - ETA: 38s - loss: 2.5066 - accuracy: 0.2611
 8000/10000 [=======================>......] - ETA: 30s - loss: 2.4880 - accuracy: 0.2618
 8500/10000 [========================>.....] - ETA: 22s - loss: 2.4690 - accuracy: 0.2619
 9000/10000 [==========================>...] - ETA: 15s - loss: 2.4485 - accuracy: 0.2649
 9500/10000 [===========================>..] - ETA: 7s - loss: 2.4491 - accuracy: 0.2643 
10000/10000 [==============================] - 153s 15ms/step - loss: 2.4328 - accuracy: 0.2651 - val_loss: 2.3941 - val_accuracy: 0.2628
Epoch 4/5

  500/10000 [>.............................] - ETA: 2:25 - loss: 2.2786 - accuracy: 0.2880
 1000/10000 [==>...........................] - ETA: 2:20 - loss: 2.3110 - accuracy: 0.2730
 1500/10000 [===>..........................] - ETA: 2:11 - loss: 2.3200 - accuracy: 0.2540
 2000/10000 [=====>........................] - ETA: 2:06 - loss: 2.2862 - accuracy: 0.2435
 2500/10000 [======>.......................] - ETA: 1:58 - loss: 2.2458 - accuracy: 0.2488
 3000/10000 [========>.....................] - ETA: 1:49 - loss: 2.2190 - accuracy: 0.2557
 3500/10000 [=========>....................] - ETA: 1:42 - loss: 2.2092 - accuracy: 0.2571
 4000/10000 [===========>..................] - ETA: 1:33 - loss: 2.2258 - accuracy: 0.2575
 4500/10000 [============>.................] - ETA: 1:25 - loss: 2.2318 - accuracy: 0.2598
 5000/10000 [==============>...............] - ETA: 1:17 - loss: 2.2262 - accuracy: 0.2626
 5500/10000 [===============>..............] - ETA: 1:09 - loss: 2.2466 - accuracy: 0.2607
 6000/10000 [=================>............] - ETA: 1:02 - loss: 2.2540 - accuracy: 0.2612
 6500/10000 [==================>...........] - ETA: 54s - loss: 2.2563 - accuracy: 0.2632 
 7000/10000 [====================>.........] - ETA: 46s - loss: 2.2643 - accuracy: 0.2623
 7500/10000 [=====================>........] - ETA: 39s - loss: 2.2616 - accuracy: 0.2643
 8000/10000 [=======================>......] - ETA: 31s - loss: 2.2684 - accuracy: 0.2631
 8500/10000 [========================>.....] - ETA: 23s - loss: 2.2760 - accuracy: 0.2594
 9000/10000 [==========================>...] - ETA: 15s - loss: 2.2783 - accuracy: 0.2540
 9500/10000 [===========================>..] - ETA: 7s - loss: 2.2801 - accuracy: 0.2501 
10000/10000 [==============================] - 156s 16ms/step - loss: 2.2914 - accuracy: 0.2457 - val_loss: 2.5167 - val_accuracy: 0.1684
Epoch 5/5

  500/10000 [>.............................] - ETA: 2:16 - loss: 2.4015 - accuracy: 0.1600
 1000/10000 [==>...........................] - ETA: 2:14 - loss: 2.4310 - accuracy: 0.1590
 1500/10000 [===>..........................] - ETA: 2:07 - loss: 2.4082 - accuracy: 0.1660
 2000/10000 [=====>........................] - ETA: 2:01 - loss: 2.4148 - accuracy: 0.1560
 2500/10000 [======>.......................] - ETA: 1:53 - loss: 2.3725 - accuracy: 0.1652
 3000/10000 [========>.....................] - ETA: 1:46 - loss: 2.3425 - accuracy: 0.1697
 3500/10000 [=========>....................] - ETA: 1:38 - loss: 2.3478 - accuracy: 0.1720
 4000/10000 [===========>..................] - ETA: 1:31 - loss: 2.3813 - accuracy: 0.1740
 4500/10000 [============>.................] - ETA: 1:24 - loss: 2.4043 - accuracy: 0.1758
 5000/10000 [==============>...............] - ETA: 1:16 - loss: 2.4087 - accuracy: 0.1774
 5500/10000 [===============>..............] - ETA: 1:09 - loss: 2.4015 - accuracy: 0.1780
 6000/10000 [=================>............] - ETA: 1:01 - loss: 2.3935 - accuracy: 0.1792
 6500/10000 [==================>...........] - ETA: 53s - loss: 2.3948 - accuracy: 0.1780 
 7000/10000 [====================>.........] - ETA: 46s - loss: 2.3980 - accuracy: 0.1814
 7500/10000 [=====================>........] - ETA: 38s - loss: 2.3952 - accuracy: 0.1831
 8000/10000 [=======================>......] - ETA: 30s - loss: 2.3894 - accuracy: 0.1825
 8500/10000 [========================>.....] - ETA: 23s - loss: 2.3876 - accuracy: 0.1806
 9000/10000 [==========================>...] - ETA: 15s - loss: 2.3816 - accuracy: 0.1816
 9500/10000 [===========================>..] - ETA: 7s - loss: 2.3730 - accuracy: 0.1812 
10000/10000 [==============================] - 154s 15ms/step - loss: 2.3624 - accuracy: 0.1816 - val_loss: 2.3034 - val_accuracy: 0.1872
Latency --- 772.4585494995117 seconds ---
For delta=0.000100, the current epsilon is: 1.0774
Saving model with new accuracy, previous accuracy was 0 and present is 0.18160000443458557
Saved model to disk
=====================Iteration========================== 2
For delta=0.000100, the current epsilon is: 1.0774
Noise Mutiplier 2.35
in grads Tensor("loss_1/mul:0", shape=(?,), dtype=float32)
Train on 10000 samples, validate on 2500 samples
Epoch 1/5

  500/10000 [>.............................] - ETA: 2:30 - loss: 2.3559 - accuracy: 0.1100
 1000/10000 [==>...........................] - ETA: 2:17 - loss: 2.3425 - accuracy: 0.1300
 1500/10000 [===>..........................] - ETA: 2:07 - loss: 2.3291 - accuracy: 0.1293
 2000/10000 [=====>........................] - ETA: 2:00 - loss: 2.3194 - accuracy: 0.1510
 2500/10000 [======>.......................] - ETA: 1:52 - loss: 2.3072 - accuracy: 0.1636
 3000/10000 [========>.....................] - ETA: 1:46 - loss: 2.2956 - accuracy: 0.1760
 3500/10000 [=========>....................] - ETA: 1:39 - loss: 2.2858 - accuracy: 0.1717
 4000/10000 [===========>..................] - ETA: 1:31 - loss: 2.2897 - accuracy: 0.1688
 4500/10000 [============>.................] - ETA: 1:23 - loss: 2.2981 - accuracy: 0.1691
 5000/10000 [==============>...............] - ETA: 1:15 - loss: 2.2938 - accuracy: 0.1648
 5500/10000 [===============>..............] - ETA: 1:08 - loss: 2.2906 - accuracy: 0.1615
 6000/10000 [=================>............] - ETA: 1:00 - loss: 2.2911 - accuracy: 0.1575
 6500/10000 [==================>...........] - ETA: 53s - loss: 2.2951 - accuracy: 0.1571 
 7000/10000 [====================>.........] - ETA: 45s - loss: 2.2972 - accuracy: 0.1549
 7500/10000 [=====================>........] - ETA: 37s - loss: 2.2952 - accuracy: 0.1553
 8000/10000 [=======================>......] - ETA: 30s - loss: 2.2998 - accuracy: 0.1571
 8500/10000 [========================>.....] - ETA: 22s - loss: 2.2901 - accuracy: 0.1622
 9000/10000 [==========================>...] - ETA: 15s - loss: 2.2880 - accuracy: 0.1658
 9500/10000 [===========================>..] - ETA: 7s - loss: 2.2793 - accuracy: 0.1725 
10000/10000 [==============================] - 151s 15ms/step - loss: 2.2854 - accuracy: 0.1751 - val_loss: 2.6098 - val_accuracy: 0.1640
Epoch 2/5

  500/10000 [>.............................] - ETA: 2:20 - loss: 2.5502 - accuracy: 0.1420
 1000/10000 [==>...........................] - ETA: 2:10 - loss: 2.4445 - accuracy: 0.1680
 1500/10000 [===>..........................] - ETA: 2:04 - loss: 2.4056 - accuracy: 0.1760
 2000/10000 [=====>........................] - ETA: 1:58 - loss: 2.3851 - accuracy: 0.1730
 2500/10000 [======>.......................] - ETA: 1:51 - loss: 2.3623 - accuracy: 0.1748
 3000/10000 [========>.....................] - ETA: 1:44 - loss: 2.3498 - accuracy: 0.1793
 3500/10000 [=========>....................] - ETA: 1:37 - loss: 2.3574 - accuracy: 0.1791
 4000/10000 [===========>..................] - ETA: 1:29 - loss: 2.3829 - accuracy: 0.1778
 4500/10000 [============>.................] - ETA: 1:22 - loss: 2.3706 - accuracy: 0.1800
 5000/10000 [==============>...............] - ETA: 1:15 - loss: 2.3930 - accuracy: 0.1780
 5500/10000 [===============>..............] - ETA: 1:07 - loss: 2.3762 - accuracy: 0.1825
 6000/10000 [=================>............] - ETA: 1:00 - loss: 2.3740 - accuracy: 0.1807
 6500/10000 [==================>...........] - ETA: 52s - loss: 2.3616 - accuracy: 0.1831 
 7000/10000 [====================>.........] - ETA: 44s - loss: 2.3475 - accuracy: 0.1887
 7500/10000 [=====================>........] - ETA: 37s - loss: 2.3323 - accuracy: 0.1923
 8000/10000 [=======================>......] - ETA: 29s - loss: 2.3271 - accuracy: 0.1951
 8500/10000 [========================>.....] - ETA: 22s - loss: 2.3289 - accuracy: 0.1962
 9000/10000 [==========================>...] - ETA: 15s - loss: 2.3226 - accuracy: 0.1996
 9500/10000 [===========================>..] - ETA: 7s - loss: 2.3213 - accuracy: 0.1982 
10000/10000 [==============================] - 150s 15ms/step - loss: 2.3137 - accuracy: 0.2022 - val_loss: 2.3337 - val_accuracy: 0.2556
Epoch 3/5

  500/10000 [>.............................] - ETA: 2:23 - loss: 2.2573 - accuracy: 0.2920
 1000/10000 [==>...........................] - ETA: 2:19 - loss: 2.2046 - accuracy: 0.2850
 1500/10000 [===>..........................] - ETA: 2:13 - loss: 2.1830 - accuracy: 0.2813
 2000/10000 [=====>........................] - ETA: 2:05 - loss: 2.2318 - accuracy: 0.2570
 2500/10000 [======>.......................] - ETA: 1:57 - loss: 2.2085 - accuracy: 0.2652
 3000/10000 [========>.....................] - ETA: 1:49 - loss: 2.2174 - accuracy: 0.2580
 3500/10000 [=========>....................] - ETA: 1:41 - loss: 2.2256 - accuracy: 0.2557
 4000/10000 [===========>..................] - ETA: 1:32 - loss: 2.1994 - accuracy: 0.2603
 4500/10000 [============>.................] - ETA: 1:25 - loss: 2.1864 - accuracy: 0.2622
 5000/10000 [==============>...............] - ETA: 1:17 - loss: 2.1857 - accuracy: 0.2662
 5500/10000 [===============>..............] - ETA: 1:09 - loss: 2.1870 - accuracy: 0.2642
 6000/10000 [=================>............] - ETA: 1:02 - loss: 2.1845 - accuracy: 0.2672
 6500/10000 [==================>...........] - ETA: 54s - loss: 2.1848 - accuracy: 0.2692 
 7000/10000 [====================>.........] - ETA: 46s - loss: 2.1962 - accuracy: 0.2710
 7500/10000 [=====================>........] - ETA: 38s - loss: 2.1897 - accuracy: 0.2729
 8000/10000 [=======================>......] - ETA: 30s - loss: 2.1985 - accuracy: 0.2739
 8500/10000 [========================>.....] - ETA: 23s - loss: 2.2119 - accuracy: 0.2735
 9000/10000 [==========================>...] - ETA: 15s - loss: 2.2210 - accuracy: 0.2732
 9500/10000 [===========================>..] - ETA: 7s - loss: 2.2243 - accuracy: 0.2716 
10000/10000 [==============================] - 154s 15ms/step - loss: 2.2445 - accuracy: 0.2679 - val_loss: 2.2963 - val_accuracy: 0.2780
Epoch 4/5

  500/10000 [>.............................] - ETA: 2:19 - loss: 2.1910 - accuracy: 0.2940
 1000/10000 [==>...........................] - ETA: 2:17 - loss: 2.2697 - accuracy: 0.2860
 1500/10000 [===>..........................] - ETA: 2:10 - loss: 2.1877 - accuracy: 0.2880
 2000/10000 [=====>........................] - ETA: 2:03 - loss: 2.1594 - accuracy: 0.3005
 2500/10000 [======>.......................] - ETA: 1:54 - loss: 2.1966 - accuracy: 0.2876
 3000/10000 [========>.....................] - ETA: 1:47 - loss: 2.2036 - accuracy: 0.2763
 3500/10000 [=========>....................] - ETA: 1:40 - loss: 2.2219 - accuracy: 0.2723
 4000/10000 [===========>..................] - ETA: 1:32 - loss: 2.2182 - accuracy: 0.2680
 4500/10000 [============>.................] - ETA: 1:24 - loss: 2.2399 - accuracy: 0.2642
 5000/10000 [==============>...............] - ETA: 1:16 - loss: 2.2461 - accuracy: 0.2572
 5500/10000 [===============>..............] - ETA: 1:08 - loss: 2.2333 - accuracy: 0.2576
 6000/10000 [=================>............] - ETA: 1:01 - loss: 2.2729 - accuracy: 0.2555
 6500/10000 [==================>...........] - ETA: 53s - loss: 2.2700 - accuracy: 0.2520 
 7000/10000 [====================>.........] - ETA: 45s - loss: 2.2629 - accuracy: 0.2550
 7500/10000 [=====================>........] - ETA: 38s - loss: 2.2704 - accuracy: 0.2572
 8000/10000 [=======================>......] - ETA: 30s - loss: 2.2602 - accuracy: 0.2589
 8500/10000 [========================>.....] - ETA: 22s - loss: 2.2614 - accuracy: 0.2605
 9000/10000 [==========================>...] - ETA: 15s - loss: 2.2561 - accuracy: 0.2590
 9500/10000 [===========================>..] - ETA: 7s - loss: 2.2563 - accuracy: 0.2574 
10000/10000 [==============================] - 153s 15ms/step - loss: 2.2555 - accuracy: 0.2547 - val_loss: 2.3413 - val_accuracy: 0.2176
Epoch 5/5

  500/10000 [>.............................] - ETA: 2:23 - loss: 2.3036 - accuracy: 0.2080
 1000/10000 [==>...........................] - ETA: 2:14 - loss: 2.3066 - accuracy: 0.2100
 1500/10000 [===>..........................] - ETA: 2:06 - loss: 2.2864 - accuracy: 0.2040
 2000/10000 [=====>........................] - ETA: 1:58 - loss: 2.3022 - accuracy: 0.2060
 2500/10000 [======>.......................] - ETA: 1:51 - loss: 2.3746 - accuracy: 0.1940
 3000/10000 [========>.....................] - ETA: 1:44 - loss: 2.3679 - accuracy: 0.1923
 3500/10000 [=========>....................] - ETA: 1:37 - loss: 2.3522 - accuracy: 0.1914
 4000/10000 [===========>..................] - ETA: 1:29 - loss: 2.3386 - accuracy: 0.1928
 4500/10000 [============>.................] - ETA: 1:22 - loss: 2.3386 - accuracy: 0.1904
 5000/10000 [==============>...............] - ETA: 1:15 - loss: 2.3317 - accuracy: 0.1848
 5500/10000 [===============>..............] - ETA: 1:07 - loss: 2.3393 - accuracy: 0.1822
 6000/10000 [=================>............] - ETA: 59s - loss: 2.3443 - accuracy: 0.1802 
 6500/10000 [==================>...........] - ETA: 52s - loss: 2.3378 - accuracy: 0.1783
 7000/10000 [====================>.........] - ETA: 45s - loss: 2.3319 - accuracy: 0.1766
 7500/10000 [=====================>........] - ETA: 37s - loss: 2.3344 - accuracy: 0.1759
 8000/10000 [=======================>......] - ETA: 30s - loss: 2.3318 - accuracy: 0.1729
 8500/10000 [========================>.....] - ETA: 22s - loss: 2.3308 - accuracy: 0.1724
 9000/10000 [==========================>...] - ETA: 15s - loss: 2.3218 - accuracy: 0.1758
 9500/10000 [===========================>..] - ETA: 7s - loss: 2.3241 - accuracy: 0.1767 
10000/10000 [==============================] - 151s 15ms/step - loss: 2.3266 - accuracy: 0.1751 - val_loss: 2.2951 - val_accuracy: 0.2020
Latency --- 761.160395860672 seconds ---
For delta=0.000100, the current epsilon is: 1.0774
=====================Iteration========================== 3
For delta=0.000100, the current epsilon is: 1.0774
Noise Mutiplier 2.35
in grads Tensor("loss_2/mul:0", shape=(?,), dtype=float32)
Train on 10000 samples, validate on 2500 samples
Epoch 1/5

  500/10000 [>.............................] - ETA: 2:37 - loss: 2.3292 - accuracy: 0.0420
 1000/10000 [==>...........................] - ETA: 2:16 - loss: 2.3242 - accuracy: 0.0640
 1500/10000 [===>..........................] - ETA: 2:06 - loss: 2.3181 - accuracy: 0.0780
 2000/10000 [=====>........................] - ETA: 1:58 - loss: 2.3139 - accuracy: 0.0785
 2500/10000 [======>.......................] - ETA: 1:51 - loss: 2.3042 - accuracy: 0.0872
 3000/10000 [========>.....................] - ETA: 1:45 - loss: 2.2997 - accuracy: 0.0927
 3500/10000 [=========>....................] - ETA: 1:36 - loss: 2.2916 - accuracy: 0.1049
 4000/10000 [===========>..................] - ETA: 1:28 - loss: 2.2831 - accuracy: 0.1147
 4500/10000 [============>.................] - ETA: 1:21 - loss: 2.2776 - accuracy: 0.1202
 5000/10000 [==============>...............] - ETA: 1:14 - loss: 2.2694 - accuracy: 0.1286
 5500/10000 [===============>..............] - ETA: 1:07 - loss: 2.2590 - accuracy: 0.1349
 6000/10000 [=================>............] - ETA: 59s - loss: 2.2506 - accuracy: 0.1408 
 6500/10000 [==================>...........] - ETA: 52s - loss: 2.2476 - accuracy: 0.1409
 7000/10000 [====================>.........] - ETA: 45s - loss: 2.2325 - accuracy: 0.1526
 7500/10000 [=====================>........] - ETA: 37s - loss: 2.2166 - accuracy: 0.1592
 8000/10000 [=======================>......] - ETA: 29s - loss: 2.2044 - accuracy: 0.1664
 8500/10000 [========================>.....] - ETA: 22s - loss: 2.1934 - accuracy: 0.1748
 9000/10000 [==========================>...] - ETA: 15s - loss: 2.1829 - accuracy: 0.1838
 9500/10000 [===========================>..] - ETA: 7s - loss: 2.1662 - accuracy: 0.1913 
10000/10000 [==============================] - 151s 15ms/step - loss: 2.1710 - accuracy: 0.1937 - val_loss: 1.8291 - val_accuracy: 0.3708
Epoch 2/5

  500/10000 [>.............................] - ETA: 2:15 - loss: 1.8829 - accuracy: 0.3480
 1000/10000 [==>...........................] - ETA: 2:14 - loss: 1.9199 - accuracy: 0.3220
 1500/10000 [===>..........................] - ETA: 2:07 - loss: 1.9172 - accuracy: 0.3320
 2000/10000 [=====>........................] - ETA: 2:00 - loss: 1.9498 - accuracy: 0.3195
 2500/10000 [======>.......................] - ETA: 1:52 - loss: 1.9563 - accuracy: 0.3260
 3000/10000 [========>.....................] - ETA: 1:44 - loss: 1.9638 - accuracy: 0.3283
 3500/10000 [=========>....................] - ETA: 1:37 - loss: 1.9703 - accuracy: 0.3271
 4000/10000 [===========>..................] - ETA: 1:30 - loss: 1.9747 - accuracy: 0.3230
 4500/10000 [============>.................] - ETA: 1:21 - loss: 2.0073 - accuracy: 0.3262
 5000/10000 [==============>...............] - ETA: 1:14 - loss: 2.0443 - accuracy: 0.3194
 5500/10000 [===============>..............] - ETA: 1:07 - loss: 2.0758 - accuracy: 0.3216
 6000/10000 [=================>............] - ETA: 59s - loss: 2.0696 - accuracy: 0.3217 
 6500/10000 [==================>...........] - ETA: 52s - loss: 2.0944 - accuracy: 0.3206
 7000/10000 [====================>.........] - ETA: 44s - loss: 2.0812 - accuracy: 0.3260
 7500/10000 [=====================>........] - ETA: 37s - loss: 2.0772 - accuracy: 0.3316
 8000/10000 [=======================>......] - ETA: 29s - loss: 2.0821 - accuracy: 0.3316
 8500/10000 [========================>.....] - ETA: 22s - loss: 2.1006 - accuracy: 0.3309
 9000/10000 [==========================>...] - ETA: 14s - loss: 2.1209 - accuracy: 0.3267
 9500/10000 [===========================>..] - ETA: 7s - loss: 2.1280 - accuracy: 0.3271 
10000/10000 [==============================] - 149s 15ms/step - loss: 2.1276 - accuracy: 0.3274 - val_loss: 2.4059 - val_accuracy: 0.2520
Epoch 3/5

  500/10000 [>.............................] - ETA: 2:26 - loss: 2.2931 - accuracy: 0.2940
 1000/10000 [==>...........................] - ETA: 2:14 - loss: 2.5302 - accuracy: 0.3120
 1500/10000 [===>..........................] - ETA: 2:05 - loss: 2.7892 - accuracy: 0.2640
 2000/10000 [=====>........................] - ETA: 1:57 - loss: 2.6776 - accuracy: 0.2760
 2500/10000 [======>.......................] - ETA: 1:50 - loss: 2.5454 - accuracy: 0.2928
 3000/10000 [========>.....................] - ETA: 1:43 - loss: 2.5399 - accuracy: 0.2933
 3500/10000 [=========>....................] - ETA: 1:36 - loss: 2.5629 - accuracy: 0.2866
 4000/10000 [===========>..................] - ETA: 1:28 - loss: 2.5254 - accuracy: 0.2895
 4500/10000 [============>.................] - ETA: 1:21 - loss: 2.5158 - accuracy: 0.2900
 5000/10000 [==============>...............] - ETA: 1:14 - loss: 2.4830 - accuracy: 0.2926
 5500/10000 [===============>..............] - ETA: 1:06 - loss: 2.4711 - accuracy: 0.2927
 6000/10000 [=================>............] - ETA: 59s - loss: 2.4356 - accuracy: 0.2988 
 6500/10000 [==================>...........] - ETA: 52s - loss: 2.4182 - accuracy: 0.3026
 7000/10000 [====================>.........] - ETA: 44s - loss: 2.3952 - accuracy: 0.3056
 7500/10000 [=====================>........] - ETA: 37s - loss: 2.3718 - accuracy: 0.3096
 8000/10000 [=======================>......] - ETA: 30s - loss: 2.3847 - accuracy: 0.3134
 8500/10000 [========================>.....] - ETA: 22s - loss: 2.3917 - accuracy: 0.3115
 9000/10000 [==========================>...] - ETA: 15s - loss: 2.3800 - accuracy: 0.3099
 9500/10000 [===========================>..] - ETA: 7s - loss: 2.3670 - accuracy: 0.3120 
10000/10000 [==============================] - 152s 15ms/step - loss: 2.3549 - accuracy: 0.3129 - val_loss: 2.6980 - val_accuracy: 0.2988
Epoch 4/5

  500/10000 [>.............................] - ETA: 2:26 - loss: 2.4648 - accuracy: 0.3400
 1000/10000 [==>...........................] - ETA: 2:17 - loss: 2.6662 - accuracy: 0.3090
 1500/10000 [===>..........................] - ETA: 2:05 - loss: 2.5159 - accuracy: 0.3153
 2000/10000 [=====>........................] - ETA: 1:59 - loss: 2.4732 - accuracy: 0.3130
 2500/10000 [======>.......................] - ETA: 1:51 - loss: 2.3880 - accuracy: 0.3288
 3000/10000 [========>.....................] - ETA: 1:43 - loss: 2.3523 - accuracy: 0.3353
 3500/10000 [=========>....................] - ETA: 1:36 - loss: 2.3405 - accuracy: 0.3323
 4000/10000 [===========>..................] - ETA: 1:28 - loss: 2.3264 - accuracy: 0.3310
 4500/10000 [============>.................] - ETA: 1:21 - loss: 2.3194 - accuracy: 0.3344
 5000/10000 [==============>...............] - ETA: 1:14 - loss: 2.2872 - accuracy: 0.3368
 5500/10000 [===============>..............] - ETA: 1:06 - loss: 2.2616 - accuracy: 0.3420
 6000/10000 [=================>............] - ETA: 59s - loss: 2.2689 - accuracy: 0.3420 
 6500/10000 [==================>...........] - ETA: 52s - loss: 2.3186 - accuracy: 0.3352
 7000/10000 [====================>.........] - ETA: 44s - loss: 2.3680 - accuracy: 0.3311
 7500/10000 [=====================>........] - ETA: 37s - loss: 2.3613 - accuracy: 0.3319
 8000/10000 [=======================>......] - ETA: 29s - loss: 2.3735 - accuracy: 0.3309
 8500/10000 [========================>.....] - ETA: 22s - loss: 2.3849 - accuracy: 0.3256
 9000/10000 [==========================>...] - ETA: 14s - loss: 2.3967 - accuracy: 0.3207
 9500/10000 [===========================>..] - ETA: 7s - loss: 2.4166 - accuracy: 0.3143 
10000/10000 [==============================] - 149s 15ms/step - loss: 2.4138 - accuracy: 0.3128 - val_loss: 2.8167 - val_accuracy: 0.2824
Epoch 5/5

  500/10000 [>.............................] - ETA: 2:21 - loss: 2.6773 - accuracy: 0.3120
 1000/10000 [==>...........................] - ETA: 2:15 - loss: 2.6743 - accuracy: 0.2860
 1500/10000 [===>..........................] - ETA: 2:06 - loss: 2.6058 - accuracy: 0.2747
 2000/10000 [=====>........................] - ETA: 1:59 - loss: 2.5572 - accuracy: 0.2760
 2500/10000 [======>.......................] - ETA: 1:51 - loss: 2.5321 - accuracy: 0.2908
 3000/10000 [========>.....................] - ETA: 1:43 - loss: 2.5221 - accuracy: 0.2827
 3500/10000 [=========>....................] - ETA: 1:35 - loss: 2.5172 - accuracy: 0.2780
 4000/10000 [===========>..................] - ETA: 1:28 - loss: 2.4967 - accuracy: 0.2740
 4500/10000 [============>.................] - ETA: 1:21 - loss: 2.4582 - accuracy: 0.2749
 5000/10000 [==============>...............] - ETA: 1:13 - loss: 2.4446 - accuracy: 0.2762
 5500/10000 [===============>..............] - ETA: 1:06 - loss: 2.4398 - accuracy: 0.2742
 6000/10000 [=================>............] - ETA: 59s - loss: 2.4236 - accuracy: 0.2742 
 6500/10000 [==================>...........] - ETA: 51s - loss: 2.4280 - accuracy: 0.2718
 7000/10000 [====================>.........] - ETA: 44s - loss: 2.4203 - accuracy: 0.2736
 7500/10000 [=====================>........] - ETA: 37s - loss: 2.4182 - accuracy: 0.2731
 8000/10000 [=======================>......] - ETA: 29s - loss: 2.4005 - accuracy: 0.2727
 8500/10000 [========================>.....] - ETA: 22s - loss: 2.4047 - accuracy: 0.2715
 9000/10000 [==========================>...] - ETA: 14s - loss: 2.4022 - accuracy: 0.2699
 9500/10000 [===========================>..] - ETA: 7s - loss: 2.3973 - accuracy: 0.2672 
10000/10000 [==============================] - 150s 15ms/step - loss: 2.3897 - accuracy: 0.2678 - val_loss: 2.5103 - val_accuracy: 0.2592
Latency --- 752.765519618988 seconds ---
For delta=0.000100, the current epsilon is: 1.0774
Saving model with new accuracy, previous accuracy was 0.18160000443458557 and present is 0.2678000032901764
Saved model to disk
=====================Iteration========================== 4
For delta=0.000100, the current epsilon is: 1.0774
Noise Mutiplier 2.35
in grads Tensor("loss_3/mul:0", shape=(?,), dtype=float32)
Train on 10000 samples, validate on 2500 samples
Epoch 1/5

  500/10000 [>.............................] - ETA: 2:40 - loss: 2.3249 - accuracy: 0.0780
 1000/10000 [==>...........................] - ETA: 2:23 - loss: 2.3150 - accuracy: 0.1010
 1500/10000 [===>..........................] - ETA: 2:11 - loss: 2.3104 - accuracy: 0.0987
 2000/10000 [=====>........................] - ETA: 2:04 - loss: 2.3023 - accuracy: 0.1275
 2500/10000 [======>.......................] - ETA: 1:54 - loss: 2.2920 - accuracy: 0.1424
 3000/10000 [========>.....................] - ETA: 1:47 - loss: 2.2946 - accuracy: 0.1450
 3500/10000 [=========>....................] - ETA: 1:39 - loss: 2.2842 - accuracy: 0.1471
 4000/10000 [===========>..................] - ETA: 1:31 - loss: 2.2728 - accuracy: 0.1593
 4500/10000 [============>.................] - ETA: 1:24 - loss: 2.2587 - accuracy: 0.1689
 5000/10000 [==============>...............] - ETA: 1:16 - loss: 2.2429 - accuracy: 0.1834
 5500/10000 [===============>..............] - ETA: 1:09 - loss: 2.2370 - accuracy: 0.1805
 6000/10000 [=================>............] - ETA: 1:01 - loss: 2.2379 - accuracy: 0.1837
 6500/10000 [==================>...........] - ETA: 53s - loss: 2.2320 - accuracy: 0.1838 
 7000/10000 [====================>.........] - ETA: 45s - loss: 2.2225 - accuracy: 0.1889
 7500/10000 [=====================>........] - ETA: 38s - loss: 2.2097 - accuracy: 0.1945
 8000/10000 [=======================>......] - ETA: 30s - loss: 2.2071 - accuracy: 0.1994
 8500/10000 [========================>.....] - ETA: 23s - loss: 2.2006 - accuracy: 0.2031
 9000/10000 [==========================>...] - ETA: 15s - loss: 2.1857 - accuracy: 0.2103
 9500/10000 [===========================>..] - ETA: 7s - loss: 2.1784 - accuracy: 0.2178 
10000/10000 [==============================] - 154s 15ms/step - loss: 2.2138 - accuracy: 0.2140 - val_loss: 2.0421 - val_accuracy: 0.2432
Epoch 2/5

  500/10000 [>.............................] - ETA: 2:18 - loss: 2.0002 - accuracy: 0.2680
 1000/10000 [==>...........................] - ETA: 2:16 - loss: 1.9865 - accuracy: 0.2740
 1500/10000 [===>..........................] - ETA: 2:09 - loss: 1.9722 - accuracy: 0.2920
 2000/10000 [=====>........................] - ETA: 2:00 - loss: 2.0398 - accuracy: 0.2795
 2500/10000 [======>.......................] - ETA: 1:53 - loss: 2.0712 - accuracy: 0.2840
 3000/10000 [========>.....................] - ETA: 1:46 - loss: 2.1539 - accuracy: 0.2597
 3500/10000 [=========>....................] - ETA: 1:38 - loss: 2.1667 - accuracy: 0.2560
 4000/10000 [===========>..................] - ETA: 1:30 - loss: 2.1882 - accuracy: 0.2485
 4500/10000 [============>.................] - ETA: 1:24 - loss: 2.2351 - accuracy: 0.2356
 5000/10000 [==============>...............] - ETA: 1:16 - loss: 2.2259 - accuracy: 0.2398
 5500/10000 [===============>..............] - ETA: 1:09 - loss: 2.2543 - accuracy: 0.2362
 6000/10000 [=================>............] - ETA: 1:01 - loss: 2.2475 - accuracy: 0.2388
 6500/10000 [==================>...........] - ETA: 53s - loss: 2.2531 - accuracy: 0.2374 
 7000/10000 [====================>.........] - ETA: 45s - loss: 2.2598 - accuracy: 0.2354
 7500/10000 [=====================>........] - ETA: 38s - loss: 2.2580 - accuracy: 0.2328
 8000/10000 [=======================>......] - ETA: 30s - loss: 2.2574 - accuracy: 0.2316
 8500/10000 [========================>.....] - ETA: 22s - loss: 2.2558 - accuracy: 0.2306
 9000/10000 [==========================>...] - ETA: 15s - loss: 2.2551 - accuracy: 0.2293
 9500/10000 [===========================>..] - ETA: 7s - loss: 2.2563 - accuracy: 0.2303 
10000/10000 [==============================] - 153s 15ms/step - loss: 2.2598 - accuracy: 0.2267 - val_loss: 2.2800 - val_accuracy: 0.2596
Epoch 3/5

  500/10000 [>.............................] - ETA: 2:34 - loss: 2.2697 - accuracy: 0.2560
 1000/10000 [==>...........................] - ETA: 2:22 - loss: 2.2498 - accuracy: 0.2440
 1500/10000 [===>..........................] - ETA: 2:12 - loss: 2.3187 - accuracy: 0.2207
 2000/10000 [=====>........................] - ETA: 2:03 - loss: 2.2906 - accuracy: 0.2125
 2500/10000 [======>.......................] - ETA: 1:56 - loss: 2.2603 - accuracy: 0.2116
 3000/10000 [========>.....................] - ETA: 1:48 - loss: 2.2737 - accuracy: 0.2153
 3500/10000 [=========>....................] - ETA: 1:41 - loss: 2.2426 - accuracy: 0.2243
 4000/10000 [===========>..................] - ETA: 1:33 - loss: 2.3206 - accuracy: 0.2202
 4500/10000 [============>.................] - ETA: 1:25 - loss: 2.3078 - accuracy: 0.2236
 5000/10000 [==============>...............] - ETA: 1:17 - loss: 2.3059 - accuracy: 0.2218
 5500/10000 [===============>..............] - ETA: 1:09 - loss: 2.3034 - accuracy: 0.2196
 6000/10000 [=================>............] - ETA: 1:01 - loss: 2.2906 - accuracy: 0.2223
 6500/10000 [==================>...........] - ETA: 54s - loss: 2.3051 - accuracy: 0.2217 
 7000/10000 [====================>.........] - ETA: 46s - loss: 2.3033 - accuracy: 0.2216
 7500/10000 [=====================>........] - ETA: 38s - loss: 2.2935 - accuracy: 0.2284
 8000/10000 [=======================>......] - ETA: 31s - loss: 2.2794 - accuracy: 0.2320
 8500/10000 [========================>.....] - ETA: 23s - loss: 2.2704 - accuracy: 0.2328
 9000/10000 [==========================>...] - ETA: 15s - loss: 2.2582 - accuracy: 0.2386
 9500/10000 [===========================>..] - ETA: 7s - loss: 2.2506 - accuracy: 0.2394 
10000/10000 [==============================] - 155s 16ms/step - loss: 2.2446 - accuracy: 0.2401 - val_loss: 2.1850 - val_accuracy: 0.2264
Epoch 4/5

  500/10000 [>.............................] - ETA: 2:29 - loss: 2.1441 - accuracy: 0.2080
 1000/10000 [==>...........................] - ETA: 2:18 - loss: 2.0950 - accuracy: 0.2300
 1500/10000 [===>..........................] - ETA: 2:10 - loss: 2.0968 - accuracy: 0.2593
 2000/10000 [=====>........................] - ETA: 2:02 - loss: 2.1166 - accuracy: 0.2680
 2500/10000 [======>.......................] - ETA: 1:53 - loss: 2.1059 - accuracy: 0.2624
 3000/10000 [========>.....................] - ETA: 1:46 - loss: 2.1046 - accuracy: 0.2717
 3500/10000 [=========>....................] - ETA: 1:39 - loss: 2.1306 - accuracy: 0.2646
 4000/10000 [===========>..................] - ETA: 1:31 - loss: 2.1504 - accuracy: 0.2508
 4500/10000 [============>.................] - ETA: 1:23 - loss: 2.1337 - accuracy: 0.2567
 5000/10000 [==============>...............] - ETA: 1:16 - loss: 2.1298 - accuracy: 0.2582
 5500/10000 [===============>..............] - ETA: 1:08 - loss: 2.1576 - accuracy: 0.2502
 6000/10000 [=================>............] - ETA: 1:00 - loss: 2.1741 - accuracy: 0.2467
 6500/10000 [==================>...........] - ETA: 53s - loss: 2.1783 - accuracy: 0.2431 
 7000/10000 [====================>.........] - ETA: 45s - loss: 2.1845 - accuracy: 0.2394
 7500/10000 [=====================>........] - ETA: 38s - loss: 2.1796 - accuracy: 0.2420
 8000/10000 [=======================>......] - ETA: 30s - loss: 2.1768 - accuracy: 0.2426
 8500/10000 [========================>.....] - ETA: 22s - loss: 2.1835 - accuracy: 0.2433
 9000/10000 [==========================>...] - ETA: 15s - loss: 2.1900 - accuracy: 0.2396
 9500/10000 [===========================>..] - ETA: 7s - loss: 2.1937 - accuracy: 0.2375 
10000/10000 [==============================] - 154s 15ms/step - loss: 2.1912 - accuracy: 0.2378 - val_loss: 2.1807 - val_accuracy: 0.2624
Epoch 5/5

  500/10000 [>.............................] - ETA: 2:20 - loss: 2.0985 - accuracy: 0.2860
 1000/10000 [==>...........................] - ETA: 2:16 - loss: 2.0616 - accuracy: 0.2860
 1500/10000 [===>..........................] - ETA: 2:07 - loss: 2.0383 - accuracy: 0.2960
 2000/10000 [=====>........................] - ETA: 2:02 - loss: 2.1078 - accuracy: 0.2770
 2500/10000 [======>.......................] - ETA: 1:56 - loss: 2.0871 - accuracy: 0.2740
 3000/10000 [========>.....................] - ETA: 1:48 - loss: 2.0922 - accuracy: 0.2750
 3500/10000 [=========>....................] - ETA: 1:41 - loss: 2.0896 - accuracy: 0.2771
 4000/10000 [===========>..................] - ETA: 1:33 - loss: 2.0898 - accuracy: 0.2803
 4500/10000 [============>.................] - ETA: 1:25 - loss: 2.0958 - accuracy: 0.2767
 5000/10000 [==============>...............] - ETA: 1:18 - loss: 2.0910 - accuracy: 0.2774
 5500/10000 [===============>..............] - ETA: 1:10 - loss: 2.0885 - accuracy: 0.2780
 6000/10000 [=================>............] - ETA: 1:02 - loss: 2.0902 - accuracy: 0.2812
 6500/10000 [==================>...........] - ETA: 54s - loss: 2.0959 - accuracy: 0.2802 
 7000/10000 [====================>.........] - ETA: 46s - loss: 2.0956 - accuracy: 0.2793
 7500/10000 [=====================>........] - ETA: 39s - loss: 2.0918 - accuracy: 0.2813
 8000/10000 [=======================>......] - ETA: 31s - loss: 2.1134 - accuracy: 0.2783
 8500/10000 [========================>.....] - ETA: 23s - loss: 2.1041 - accuracy: 0.2814
 9000/10000 [==========================>...] - ETA: 15s - loss: 2.1097 - accuracy: 0.2804
 9500/10000 [===========================>..] - ETA: 7s - loss: 2.1059 - accuracy: 0.2794 
10000/10000 [==============================] - 156s 16ms/step - loss: 2.1099 - accuracy: 0.2780 - val_loss: 2.2852 - val_accuracy: 0.2000
Latency --- 776.0155658721924 seconds ---
For delta=0.000100, the current epsilon is: 1.0774
Saving model with new accuracy, previous accuracy was 0.2678000032901764 and present is 0.27799999713897705
Saved model to disk
=====================Iteration========================== 5
For delta=0.000100, the current epsilon is: 1.0774
Noise Mutiplier 2.35
in grads Tensor("loss_4/mul:0", shape=(?,), dtype=float32)
Train on 10000 samples, validate on 2500 samples
Epoch 1/5

  500/10000 [>.............................] - ETA: 2:33 - loss: 2.3257 - accuracy: 0.0900
 1000/10000 [==>...........................] - ETA: 2:21 - loss: 2.3319 - accuracy: 0.1090
 1500/10000 [===>..........................] - ETA: 2:14 - loss: 2.3214 - accuracy: 0.1240
 2000/10000 [=====>........................] - ETA: 2:04 - loss: 2.3138 - accuracy: 0.1120
 2500/10000 [======>.......................] - ETA: 1:56 - loss: 2.3050 - accuracy: 0.1188
 3000/10000 [========>.....................] - ETA: 1:48 - loss: 2.3058 - accuracy: 0.1153
 3500/10000 [=========>....................] - ETA: 1:41 - loss: 2.3148 - accuracy: 0.1217
 4000/10000 [===========>..................] - ETA: 1:33 - loss: 2.3108 - accuracy: 0.1265
 4500/10000 [============>.................] - ETA: 1:25 - loss: 2.3007 - accuracy: 0.1351
 5000/10000 [==============>...............] - ETA: 1:16 - loss: 2.2905 - accuracy: 0.1454
 5500/10000 [===============>..............] - ETA: 1:09 - loss: 2.2831 - accuracy: 0.1529
 6000/10000 [=================>............] - ETA: 1:01 - loss: 2.2725 - accuracy: 0.1587
 6500/10000 [==================>...........] - ETA: 54s - loss: 2.2656 - accuracy: 0.1637 
 7000/10000 [====================>.........] - ETA: 46s - loss: 2.2557 - accuracy: 0.1687
 7500/10000 [=====================>........] - ETA: 38s - loss: 2.2505 - accuracy: 0.1763
 8000/10000 [=======================>......] - ETA: 31s - loss: 2.2551 - accuracy: 0.1781
 8500/10000 [========================>.....] - ETA: 23s - loss: 2.2470 - accuracy: 0.1848
 9000/10000 [==========================>...] - ETA: 15s - loss: 2.2331 - accuracy: 0.1904
 9500/10000 [===========================>..] - ETA: 7s - loss: 2.2331 - accuracy: 0.1932 
10000/10000 [==============================] - 155s 16ms/step - loss: 2.2381 - accuracy: 0.1918 - val_loss: 2.2761 - val_accuracy: 0.2016
Epoch 2/5

  500/10000 [>.............................] - ETA: 2:25 - loss: 2.2383 - accuracy: 0.2260
 1000/10000 [==>...........................] - ETA: 2:18 - loss: 2.3188 - accuracy: 0.2240
 1500/10000 [===>..........................] - ETA: 2:11 - loss: 2.2966 - accuracy: 0.2087
 2000/10000 [=====>........................] - ETA: 2:02 - loss: 2.3055 - accuracy: 0.2040
 2500/10000 [======>.......................] - ETA: 1:55 - loss: 2.2562 - accuracy: 0.2188
 3000/10000 [========>.....................] - ETA: 1:48 - loss: 2.2472 - accuracy: 0.2210
 3500/10000 [=========>....................] - ETA: 1:42 - loss: 2.3312 - accuracy: 0.2163
 4000/10000 [===========>..................] - ETA: 1:34 - loss: 2.3570 - accuracy: 0.2083
 4500/10000 [============>.................] - ETA: 1:27 - loss: 2.3623 - accuracy: 0.2051
 5000/10000 [==============>...............] - ETA: 1:18 - loss: 2.3931 - accuracy: 0.2016
 5500/10000 [===============>..............] - ETA: 1:11 - loss: 2.4287 - accuracy: 0.1973
 6000/10000 [=================>............] - ETA: 1:03 - loss: 2.4247 - accuracy: 0.1967
 6500/10000 [==================>...........] - ETA: 55s - loss: 2.4464 - accuracy: 0.1969 
 7000/10000 [====================>.........] - ETA: 47s - loss: 2.4399 - accuracy: 0.1977
 7500/10000 [=====================>........] - ETA: 39s - loss: 2.4374 - accuracy: 0.1976
 8000/10000 [=======================>......] - ETA: 31s - loss: 2.4254 - accuracy: 0.2017
 8500/10000 [========================>.....] - ETA: 23s - loss: 2.4155 - accuracy: 0.2059
 9000/10000 [==========================>...] - ETA: 15s - loss: 2.4074 - accuracy: 0.2088
 9500/10000 [===========================>..] - ETA: 7s - loss: 2.4149 - accuracy: 0.2115 
10000/10000 [==============================] - 157s 16ms/step - loss: 2.4041 - accuracy: 0.2127 - val_loss: 2.6348 - val_accuracy: 0.2060
Epoch 3/5

  500/10000 [>.............................] - ETA: 2:18 - loss: 2.3005 - accuracy: 0.2940
 1000/10000 [==>...........................] - ETA: 2:16 - loss: 2.3991 - accuracy: 0.2820
 1500/10000 [===>..........................] - ETA: 2:09 - loss: 2.4177 - accuracy: 0.2653
 2000/10000 [=====>........................] - ETA: 2:04 - loss: 2.4015 - accuracy: 0.2625
 2500/10000 [======>.......................] - ETA: 1:57 - loss: 2.4601 - accuracy: 0.2676
 3000/10000 [========>.....................] - ETA: 1:50 - loss: 2.5372 - accuracy: 0.2483
 3500/10000 [=========>....................] - ETA: 1:41 - loss: 2.5773 - accuracy: 0.2529
 4000/10000 [===========>..................] - ETA: 1:33 - loss: 2.5647 - accuracy: 0.2473
 4500/10000 [============>.................] - ETA: 1:25 - loss: 2.5352 - accuracy: 0.2516
 5000/10000 [==============>...............] - ETA: 1:17 - loss: 2.5211 - accuracy: 0.2490
 5500/10000 [===============>..............] - ETA: 1:09 - loss: 2.5125 - accuracy: 0.2551
 6000/10000 [=================>............] - ETA: 1:01 - loss: 2.5286 - accuracy: 0.2573
 6500/10000 [==================>...........] - ETA: 54s - loss: 2.5267 - accuracy: 0.2615 
 7000/10000 [====================>.........] - ETA: 46s - loss: 2.5308 - accuracy: 0.2617
 7500/10000 [=====================>........] - ETA: 38s - loss: 2.5084 - accuracy: 0.2660
 8000/10000 [=======================>......] - ETA: 30s - loss: 2.5412 - accuracy: 0.2643
 8500/10000 [========================>.....] - ETA: 23s - loss: 2.5354 - accuracy: 0.2680
 9000/10000 [==========================>...] - ETA: 15s - loss: 2.5161 - accuracy: 0.2702
 9500/10000 [===========================>..] - ETA: 7s - loss: 2.5088 - accuracy: 0.2739 
10000/10000 [==============================] - 156s 16ms/step - loss: 2.4974 - accuracy: 0.2783 - val_loss: 2.1919 - val_accuracy: 0.3356
Epoch 4/5

  500/10000 [>.............................] - ETA: 2:29 - loss: 2.0136 - accuracy: 0.3980
 1000/10000 [==>...........................] - ETA: 2:19 - loss: 2.1101 - accuracy: 0.3890
 1500/10000 [===>..........................] - ETA: 2:11 - loss: 2.1220 - accuracy: 0.3833
 2000/10000 [=====>........................] - ETA: 2:05 - loss: 2.0753 - accuracy: 0.3780
 2500/10000 [======>.......................] - ETA: 1:57 - loss: 2.0983 - accuracy: 0.3764
 3000/10000 [========>.....................] - ETA: 1:49 - loss: 2.0812 - accuracy: 0.3790
 3500/10000 [=========>....................] - ETA: 1:42 - loss: 2.1166 - accuracy: 0.3771
 4000/10000 [===========>..................] - ETA: 1:33 - loss: 2.1674 - accuracy: 0.3702
 4500/10000 [============>.................] - ETA: 1:25 - loss: 2.1462 - accuracy: 0.3798
 5000/10000 [==============>...............] - ETA: 1:17 - loss: 2.1460 - accuracy: 0.3808
 5500/10000 [===============>..............] - ETA: 1:09 - loss: 2.1434 - accuracy: 0.3800
 6000/10000 [=================>............] - ETA: 1:01 - loss: 2.1666 - accuracy: 0.3797
 6500/10000 [==================>...........] - ETA: 53s - loss: 2.1883 - accuracy: 0.3768 
 7000/10000 [====================>.........] - ETA: 46s - loss: 2.1906 - accuracy: 0.3776
 7500/10000 [=====================>........] - ETA: 38s - loss: 2.1995 - accuracy: 0.3728
 8000/10000 [=======================>......] - ETA: 30s - loss: 2.2031 - accuracy: 0.3691
 8500/10000 [========================>.....] - ETA: 23s - loss: 2.2012 - accuracy: 0.3680
 9000/10000 [==========================>...] - ETA: 15s - loss: 2.2047 - accuracy: 0.3681
 9500/10000 [===========================>..] - ETA: 7s - loss: 2.2278 - accuracy: 0.3651 
10000/10000 [==============================] - 155s 16ms/step - loss: 2.2223 - accuracy: 0.3672 - val_loss: 2.3661 - val_accuracy: 0.3104
Epoch 5/5

  500/10000 [>.............................] - ETA: 2:19 - loss: 2.3364 - accuracy: 0.3280
 1000/10000 [==>...........................] - ETA: 2:16 - loss: 2.3283 - accuracy: 0.3510
 1500/10000 [===>..........................] - ETA: 2:07 - loss: 2.3083 - accuracy: 0.3487
 2000/10000 [=====>........................] - ETA: 2:00 - loss: 2.2857 - accuracy: 0.3515
 2500/10000 [======>.......................] - ETA: 1:53 - loss: 2.2666 - accuracy: 0.3592
 3000/10000 [========>.....................] - ETA: 1:46 - loss: 2.2531 - accuracy: 0.3650
 3500/10000 [=========>....................] - ETA: 1:39 - loss: 2.2810 - accuracy: 0.3554
 4000/10000 [===========>..................] - ETA: 1:31 - loss: 2.3304 - accuracy: 0.3573
 4500/10000 [============>.................] - ETA: 1:24 - loss: 2.3551 - accuracy: 0.3504
 5000/10000 [==============>...............] - ETA: 1:16 - loss: 2.3964 - accuracy: 0.3482
 5500/10000 [===============>..............] - ETA: 1:08 - loss: 2.4254 - accuracy: 0.3447
 6000/10000 [=================>............] - ETA: 1:01 - loss: 2.4188 - accuracy: 0.3470
 6500/10000 [==================>...........] - ETA: 53s - loss: 2.4673 - accuracy: 0.3395 
 7000/10000 [====================>.........] - ETA: 46s - loss: 2.4745 - accuracy: 0.3356
 7500/10000 [=====================>........] - ETA: 38s - loss: 2.4715 - accuracy: 0.3335
 8000/10000 [=======================>......] - ETA: 30s - loss: 2.4635 - accuracy: 0.3345
 8500/10000 [========================>.....] - ETA: 23s - loss: 2.4685 - accuracy: 0.3327
 9000/10000 [==========================>...] - ETA: 15s - loss: 2.4712 - accuracy: 0.3303
 9500/10000 [===========================>..] - ETA: 7s - loss: 2.4738 - accuracy: 0.3293 
10000/10000 [==============================] - 155s 15ms/step - loss: 2.4700 - accuracy: 0.3277 - val_loss: 2.9377 - val_accuracy: 0.2520
Latency --- 780.9151735305786 seconds ---
For delta=0.000100, the current epsilon is: 1.0774
Saving model with new accuracy, previous accuracy was 0.27799999713897705 and present is 0.3276999890804291
Saved model to disk
=====================Iteration========================== 6
For delta=0.000100, the current epsilon is: 1.0774
Noise Mutiplier 2.35
in grads Tensor("loss_5/mul:0", shape=(?,), dtype=float32)
Train on 10000 samples, validate on 2500 samples
Epoch 1/5

  500/10000 [>.............................] - ETA: 2:38 - loss: 2.3039 - accuracy: 0.0940
 1000/10000 [==>...........................] - ETA: 2:23 - loss: 2.2926 - accuracy: 0.1080
 1500/10000 [===>..........................] - ETA: 2:13 - loss: 2.2962 - accuracy: 0.0947
 2000/10000 [=====>........................] - ETA: 2:06 - loss: 2.2899 - accuracy: 0.1135
 2500/10000 [======>.......................] - ETA: 1:59 - loss: 2.3181 - accuracy: 0.1224
 3000/10000 [========>.....................] - ETA: 1:50 - loss: 2.3123 - accuracy: 0.1240
 3500/10000 [=========>....................] - ETA: 1:42 - loss: 2.3108 - accuracy: 0.1251
 4000/10000 [===========>..................] - ETA: 1:34 - loss: 2.3111 - accuracy: 0.1227
 4500/10000 [============>.................] - ETA: 1:26 - loss: 2.3336 - accuracy: 0.1269
 5000/10000 [==============>...............] - ETA: 1:18 - loss: 2.3248 - accuracy: 0.1266
 5500/10000 [===============>..............] - ETA: 1:10 - loss: 2.3193 - accuracy: 0.1244
 6000/10000 [=================>............] - ETA: 1:02 - loss: 2.3127 - accuracy: 0.1268
 6500/10000 [==================>...........] - ETA: 54s - loss: 2.3178 - accuracy: 0.1228 
 7000/10000 [====================>.........] - ETA: 46s - loss: 2.3221 - accuracy: 0.1241
 7500/10000 [=====================>........] - ETA: 39s - loss: 2.3173 - accuracy: 0.1236
 8000/10000 [=======================>......] - ETA: 31s - loss: 2.3123 - accuracy: 0.1266
 8500/10000 [========================>.....] - ETA: 23s - loss: 2.3055 - accuracy: 0.1282
 9000/10000 [==========================>...] - ETA: 15s - loss: 2.3034 - accuracy: 0.1304
 9500/10000 [===========================>..] - ETA: 7s - loss: 2.3039 - accuracy: 0.1316 
10000/10000 [==============================] - 157s 16ms/step - loss: 2.3023 - accuracy: 0.1327 - val_loss: 2.2793 - val_accuracy: 0.2072
Epoch 2/5

  500/10000 [>.............................] - ETA: 2:28 - loss: 2.3005 - accuracy: 0.1840
 1000/10000 [==>...........................] - ETA: 2:14 - loss: 2.2955 - accuracy: 0.1600
 1500/10000 [===>..........................] - ETA: 2:06 - loss: 2.2887 - accuracy: 0.1560
 2000/10000 [=====>........................] - ETA: 1:59 - loss: 2.2968 - accuracy: 0.1425
 2500/10000 [======>.......................] - ETA: 1:52 - loss: 2.2781 - accuracy: 0.1468
 3000/10000 [========>.....................] - ETA: 1:45 - loss: 2.2923 - accuracy: 0.1597
 3500/10000 [=========>....................] - ETA: 1:38 - loss: 2.3005 - accuracy: 0.1623
 4000/10000 [===========>..................] - ETA: 1:30 - loss: 2.3032 - accuracy: 0.1675
 4500/10000 [============>.................] - ETA: 1:23 - loss: 2.2932 - accuracy: 0.1693
 5000/10000 [==============>...............] - ETA: 1:15 - loss: 2.2922 - accuracy: 0.1828
 5500/10000 [===============>..............] - ETA: 1:08 - loss: 2.2844 - accuracy: 0.1900
 6000/10000 [=================>............] - ETA: 1:00 - loss: 2.2698 - accuracy: 0.1968
 6500/10000 [==================>...........] - ETA: 52s - loss: 2.2770 - accuracy: 0.1951 
 7000/10000 [====================>.........] - ETA: 45s - loss: 2.2964 - accuracy: 0.1956
 7500/10000 [=====================>........] - ETA: 37s - loss: 2.3002 - accuracy: 0.2028
 8000/10000 [=======================>......] - ETA: 30s - loss: 2.3013 - accuracy: 0.2034
 8500/10000 [========================>.....] - ETA: 22s - loss: 2.3056 - accuracy: 0.2029
 9000/10000 [==========================>...] - ETA: 15s - loss: 2.3044 - accuracy: 0.2047
 9500/10000 [===========================>..] - ETA: 7s - loss: 2.2952 - accuracy: 0.2078 
10000/10000 [==============================] - 152s 15ms/step - loss: 2.2877 - accuracy: 0.2111 - val_loss: 2.1829 - val_accuracy: 0.2636
Epoch 3/5

  500/10000 [>.............................] - ETA: 2:30 - loss: 2.1686 - accuracy: 0.2520
 1000/10000 [==>...........................] - ETA: 2:18 - loss: 2.1677 - accuracy: 0.2480
 1500/10000 [===>..........................] - ETA: 2:06 - loss: 2.1621 - accuracy: 0.2533
 2000/10000 [=====>........................] - ETA: 2:00 - loss: 2.1317 - accuracy: 0.2615
 2500/10000 [======>.......................] - ETA: 1:52 - loss: 2.1656 - accuracy: 0.2652
 3000/10000 [========>.....................] - ETA: 1:44 - loss: 2.1486 - accuracy: 0.2653
 3500/10000 [=========>....................] - ETA: 1:37 - loss: 2.1263 - accuracy: 0.2677
 4000/10000 [===========>..................] - ETA: 1:30 - loss: 2.1149 - accuracy: 0.2713
 4500/10000 [============>.................] - ETA: 1:22 - loss: 2.1180 - accuracy: 0.2689
 5000/10000 [==============>...............] - ETA: 1:15 - loss: 2.1086 - accuracy: 0.2704
 5500/10000 [===============>..............] - ETA: 1:07 - loss: 2.1163 - accuracy: 0.2722
 6000/10000 [=================>............] - ETA: 1:00 - loss: 2.1195 - accuracy: 0.2683
 6500/10000 [==================>...........] - ETA: 52s - loss: 2.1250 - accuracy: 0.2677 
 7000/10000 [====================>.........] - ETA: 45s - loss: 2.1209 - accuracy: 0.2657
 7500/10000 [=====================>........] - ETA: 37s - loss: 2.1218 - accuracy: 0.2661
 8000/10000 [=======================>......] - ETA: 30s - loss: 2.1231 - accuracy: 0.2643
 8500/10000 [========================>.....] - ETA: 22s - loss: 2.1258 - accuracy: 0.2627
 9000/10000 [==========================>...] - ETA: 15s - loss: 2.1263 - accuracy: 0.2624
 9500/10000 [===========================>..] - ETA: 7s - loss: 2.1377 - accuracy: 0.2620 
10000/10000 [==============================] - 150s 15ms/step - loss: 2.1404 - accuracy: 0.2611 - val_loss: 2.1708 - val_accuracy: 0.1780
Epoch 4/5

  500/10000 [>.............................] - ETA: 2:29 - loss: 2.2052 - accuracy: 0.1520
 1000/10000 [==>...........................] - ETA: 2:22 - loss: 2.2613 - accuracy: 0.1650
 1500/10000 [===>..........................] - ETA: 2:11 - loss: 2.2851 - accuracy: 0.1847
 2000/10000 [=====>........................] - ETA: 2:04 - loss: 2.2973 - accuracy: 0.1960
 2500/10000 [======>.......................] - ETA: 1:56 - loss: 2.2746 - accuracy: 0.1960
 3000/10000 [========>.....................] - ETA: 1:48 - loss: 2.2547 - accuracy: 0.1977
 3500/10000 [=========>....................] - ETA: 1:39 - loss: 2.2327 - accuracy: 0.1966
 4000/10000 [===========>..................] - ETA: 1:33 - loss: 2.2556 - accuracy: 0.2002
 4500/10000 [============>.................] - ETA: 1:25 - loss: 2.2492 - accuracy: 0.1976
 5000/10000 [==============>...............] - ETA: 1:17 - loss: 2.2494 - accuracy: 0.2020
 5500/10000 [===============>..............] - ETA: 1:09 - loss: 2.3158 - accuracy: 0.2049
 6000/10000 [=================>............] - ETA: 1:01 - loss: 2.2998 - accuracy: 0.2063
 6500/10000 [==================>...........] - ETA: 54s - loss: 2.2881 - accuracy: 0.2089 
 7000/10000 [====================>.........] - ETA: 46s - loss: 2.2768 - accuracy: 0.2144
 7500/10000 [=====================>........] - ETA: 38s - loss: 2.2690 - accuracy: 0.2191
 8000/10000 [=======================>......] - ETA: 30s - loss: 2.2774 - accuracy: 0.2235
 8500/10000 [========================>.....] - ETA: 23s - loss: 2.2640 - accuracy: 0.2286
 9000/10000 [==========================>...] - ETA: 15s - loss: 2.2531 - accuracy: 0.2316
 9500/10000 [===========================>..] - ETA: 7s - loss: 2.2465 - accuracy: 0.2349 
10000/10000 [==============================] - 154s 15ms/step - loss: 2.2366 - accuracy: 0.2378 - val_loss: 2.1231 - val_accuracy: 0.2736
Epoch 5/5

  500/10000 [>.............................] - ETA: 2:24 - loss: 1.9010 - accuracy: 0.3300
 1000/10000 [==>...........................] - ETA: 2:15 - loss: 2.1093 - accuracy: 0.2960
 1500/10000 [===>..........................] - ETA: 2:08 - loss: 2.0547 - accuracy: 0.3000
 2000/10000 [=====>........................] - ETA: 2:04 - loss: 2.0654 - accuracy: 0.3100
 2500/10000 [======>.......................] - ETA: 1:56 - loss: 2.0531 - accuracy: 0.3108
 3000/10000 [========>.....................] - ETA: 1:49 - loss: 2.0951 - accuracy: 0.3033
 3500/10000 [=========>....................] - ETA: 1:41 - loss: 2.1400 - accuracy: 0.3060
 4000/10000 [===========>..................] - ETA: 1:34 - loss: 2.1305 - accuracy: 0.2993
 4500/10000 [============>.................] - ETA: 1:26 - loss: 2.1679 - accuracy: 0.2951
 5000/10000 [==============>...............] - ETA: 1:18 - loss: 2.1792 - accuracy: 0.2958
 5500/10000 [===============>..............] - ETA: 1:10 - loss: 2.1803 - accuracy: 0.2971
 6000/10000 [=================>............] - ETA: 1:02 - loss: 2.1706 - accuracy: 0.2947
 6500/10000 [==================>...........] - ETA: 54s - loss: 2.1709 - accuracy: 0.2942 
 7000/10000 [====================>.........] - ETA: 47s - loss: 2.1587 - accuracy: 0.2963
 7500/10000 [=====================>........] - ETA: 39s - loss: 2.1631 - accuracy: 0.2955
 8000/10000 [=======================>......] - ETA: 31s - loss: 2.1544 - accuracy: 0.2935
 8500/10000 [========================>.....] - ETA: 23s - loss: 2.1436 - accuracy: 0.2945
 9000/10000 [==========================>...] - ETA: 15s - loss: 2.1586 - accuracy: 0.2930
 9500/10000 [===========================>..] - ETA: 7s - loss: 2.1656 - accuracy: 0.2872 
10000/10000 [==============================] - 157s 16ms/step - loss: 2.1637 - accuracy: 0.2857 - val_loss: 2.0567 - val_accuracy: 0.2472
Latency --- 774.2533714771271 seconds ---
For delta=0.000100, the current epsilon is: 1.0774
=====================Iteration========================== 7
For delta=0.000100, the current epsilon is: 1.0774
Noise Mutiplier 2.35
in grads Tensor("loss_6/mul:0", shape=(?,), dtype=float32)
Train on 10000 samples, validate on 2500 samples
Epoch 1/5

  500/10000 [>.............................] - ETA: 2:33 - loss: 2.2957 - accuracy: 0.1160
 1000/10000 [==>...........................] - ETA: 2:20 - loss: 2.2965 - accuracy: 0.1210
 1500/10000 [===>..........................] - ETA: 2:10 - loss: 2.2899 - accuracy: 0.1347
 2000/10000 [=====>........................] - ETA: 2:03 - loss: 2.2760 - accuracy: 0.1495
 2500/10000 [======>.......................] - ETA: 1:55 - loss: 2.2692 - accuracy: 0.1640
 3000/10000 [========>.....................] - ETA: 1:47 - loss: 2.2637 - accuracy: 0.1770
 3500/10000 [=========>....................] - ETA: 1:39 - loss: 2.2627 - accuracy: 0.1831
 4000/10000 [===========>..................] - ETA: 1:31 - loss: 2.2555 - accuracy: 0.1887
 4500/10000 [============>.................] - ETA: 1:23 - loss: 2.2454 - accuracy: 0.1973
 5000/10000 [==============>...............] - ETA: 1:15 - loss: 2.2390 - accuracy: 0.2056
 5500/10000 [===============>..............] - ETA: 1:08 - loss: 2.2296 - accuracy: 0.2111
 6000/10000 [=================>............] - ETA: 1:00 - loss: 2.2262 - accuracy: 0.2128
 6500/10000 [==================>...........] - ETA: 52s - loss: 2.2118 - accuracy: 0.2205 
 7000/10000 [====================>.........] - ETA: 45s - loss: 2.2100 - accuracy: 0.2226
 7500/10000 [=====================>........] - ETA: 37s - loss: 2.2663 - accuracy: 0.2159
 8000/10000 [=======================>......] - ETA: 30s - loss: 2.2632 - accuracy: 0.2157
 8500/10000 [========================>.....] - ETA: 22s - loss: 2.2732 - accuracy: 0.2162
 9000/10000 [==========================>...] - ETA: 15s - loss: 2.2955 - accuracy: 0.2142
 9500/10000 [===========================>..] - ETA: 7s - loss: 2.2913 - accuracy: 0.2108 
10000/10000 [==============================] - 151s 15ms/step - loss: 2.2858 - accuracy: 0.2089 - val_loss: 2.4734 - val_accuracy: 0.1932
Epoch 2/5

  500/10000 [>.............................] - ETA: 2:20 - loss: 2.4332 - accuracy: 0.1660
 1000/10000 [==>...........................] - ETA: 2:14 - loss: 2.4126 - accuracy: 0.1580
 1500/10000 [===>..........................] - ETA: 2:08 - loss: 2.3656 - accuracy: 0.1767
 2000/10000 [=====>........................] - ETA: 2:02 - loss: 2.4341 - accuracy: 0.1750
 2500/10000 [======>.......................] - ETA: 1:55 - loss: 2.3781 - accuracy: 0.1864
 3000/10000 [========>.....................] - ETA: 1:46 - loss: 2.3576 - accuracy: 0.2017
 3500/10000 [=========>....................] - ETA: 1:38 - loss: 2.3308 - accuracy: 0.2149
 4000/10000 [===========>..................] - ETA: 1:31 - loss: 2.2805 - accuracy: 0.2310
 4500/10000 [============>.................] - ETA: 1:24 - loss: 2.2571 - accuracy: 0.2356
 5000/10000 [==============>...............] - ETA: 1:15 - loss: 2.2589 - accuracy: 0.2368
 5500/10000 [===============>..............] - ETA: 1:08 - loss: 2.2718 - accuracy: 0.2384
 6000/10000 [=================>............] - ETA: 1:00 - loss: 2.2586 - accuracy: 0.2473
 6500/10000 [==================>...........] - ETA: 52s - loss: 2.2333 - accuracy: 0.2555 
 7000/10000 [====================>.........] - ETA: 45s - loss: 2.2213 - accuracy: 0.2581
 7500/10000 [=====================>........] - ETA: 37s - loss: 2.2138 - accuracy: 0.2605
 8000/10000 [=======================>......] - ETA: 30s - loss: 2.2106 - accuracy: 0.2648
 8500/10000 [========================>.....] - ETA: 22s - loss: 2.1935 - accuracy: 0.2696
 9000/10000 [==========================>...] - ETA: 15s - loss: 2.1788 - accuracy: 0.2744
 9500/10000 [===========================>..] - ETA: 7s - loss: 2.1565 - accuracy: 0.2804 
10000/10000 [==============================] - 153s 15ms/step - loss: 2.1435 - accuracy: 0.2856 - val_loss: 2.0729 - val_accuracy: 0.3580
Epoch 3/5

  500/10000 [>.............................] - ETA: 2:24 - loss: 1.9803 - accuracy: 0.3940
 1000/10000 [==>...........................] - ETA: 2:13 - loss: 2.2674 - accuracy: 0.3440
 1500/10000 [===>..........................] - ETA: 2:05 - loss: 2.3901 - accuracy: 0.3127
 2000/10000 [=====>........................] - ETA: 1:58 - loss: 2.3927 - accuracy: 0.3010
 2500/10000 [======>.......................] - ETA: 1:52 - loss: 2.3291 - accuracy: 0.3100
 3000/10000 [========>.....................] - ETA: 1:45 - loss: 2.2572 - accuracy: 0.3247
 3500/10000 [=========>....................] - ETA: 1:37 - loss: 2.2631 - accuracy: 0.3266
 4000/10000 [===========>..................] - ETA: 1:30 - loss: 2.2106 - accuracy: 0.3405
 4500/10000 [============>.................] - ETA: 1:22 - loss: 2.1948 - accuracy: 0.3389
 5000/10000 [==============>...............] - ETA: 1:14 - loss: 2.2013 - accuracy: 0.3432
 5500/10000 [===============>..............] - ETA: 1:07 - loss: 2.1780 - accuracy: 0.3484
 6000/10000 [=================>............] - ETA: 59s - loss: 2.1714 - accuracy: 0.3492 
 6500/10000 [==================>...........] - ETA: 52s - loss: 2.1746 - accuracy: 0.3514
 7000/10000 [====================>.........] - ETA: 44s - loss: 2.1811 - accuracy: 0.3550
 7500/10000 [=====================>........] - ETA: 37s - loss: 2.1831 - accuracy: 0.3555
 8000/10000 [=======================>......] - ETA: 29s - loss: 2.1902 - accuracy: 0.3546
 8500/10000 [========================>.....] - ETA: 22s - loss: 2.1844 - accuracy: 0.3554
 9000/10000 [==========================>...] - ETA: 14s - loss: 2.1918 - accuracy: 0.3560
 9500/10000 [===========================>..] - ETA: 7s - loss: 2.1805 - accuracy: 0.3573 
10000/10000 [==============================] - 149s 15ms/step - loss: 2.1705 - accuracy: 0.3573 - val_loss: 1.9936 - val_accuracy: 0.3632
Epoch 4/5

  500/10000 [>.............................] - ETA: 2:19 - loss: 1.9505 - accuracy: 0.3680
 1000/10000 [==>...........................] - ETA: 2:13 - loss: 1.9937 - accuracy: 0.3820
 1500/10000 [===>..........................] - ETA: 2:04 - loss: 1.9864 - accuracy: 0.3827
 2000/10000 [=====>........................] - ETA: 1:58 - loss: 2.0379 - accuracy: 0.3780
 2500/10000 [======>.......................] - ETA: 1:53 - loss: 2.0286 - accuracy: 0.3796
 3000/10000 [========>.....................] - ETA: 1:45 - loss: 2.0390 - accuracy: 0.3793
 3500/10000 [=========>....................] - ETA: 1:37 - loss: 2.0243 - accuracy: 0.3877
 4000/10000 [===========>..................] - ETA: 1:29 - loss: 2.0664 - accuracy: 0.3832
 4500/10000 [============>.................] - ETA: 1:22 - loss: 2.0830 - accuracy: 0.3733
 5000/10000 [==============>...............] - ETA: 1:14 - loss: 2.0830 - accuracy: 0.3774
 5500/10000 [===============>..............] - ETA: 1:07 - loss: 2.0833 - accuracy: 0.3745
 6000/10000 [=================>............] - ETA: 59s - loss: 2.0696 - accuracy: 0.3733 
 6500/10000 [==================>...........] - ETA: 52s - loss: 2.0808 - accuracy: 0.3715
 7000/10000 [====================>.........] - ETA: 44s - loss: 2.0924 - accuracy: 0.3683
 7500/10000 [=====================>........] - ETA: 37s - loss: 2.0901 - accuracy: 0.3669
 8000/10000 [=======================>......] - ETA: 29s - loss: 2.0907 - accuracy: 0.3681
 8500/10000 [========================>.....] - ETA: 22s - loss: 2.1122 - accuracy: 0.3664
 9000/10000 [==========================>...] - ETA: 14s - loss: 2.1388 - accuracy: 0.3613
 9500/10000 [===========================>..] - ETA: 7s - loss: 2.1651 - accuracy: 0.3557 
10000/10000 [==============================] - 150s 15ms/step - loss: 2.1796 - accuracy: 0.3507 - val_loss: 2.3395 - val_accuracy: 0.2532
Epoch 5/5

  500/10000 [>.............................] - ETA: 2:25 - loss: 2.2702 - accuracy: 0.2540
 1000/10000 [==>...........................] - ETA: 2:18 - loss: 2.2304 - accuracy: 0.2460
 1500/10000 [===>..........................] - ETA: 2:09 - loss: 2.1765 - accuracy: 0.2713
 2000/10000 [=====>........................] - ETA: 2:01 - loss: 2.1980 - accuracy: 0.2870
 2500/10000 [======>.......................] - ETA: 1:53 - loss: 2.1903 - accuracy: 0.2828
 3000/10000 [========>.....................] - ETA: 1:45 - loss: 2.1871 - accuracy: 0.2893
 3500/10000 [=========>....................] - ETA: 1:37 - loss: 2.2004 - accuracy: 0.2900
 4000/10000 [===========>..................] - ETA: 1:30 - loss: 2.2148 - accuracy: 0.2945
 4500/10000 [============>.................] - ETA: 1:23 - loss: 2.2137 - accuracy: 0.2953
 5000/10000 [==============>...............] - ETA: 1:15 - loss: 2.2352 - accuracy: 0.2980
 5500/10000 [===============>..............] - ETA: 1:07 - loss: 2.2431 - accuracy: 0.2960
 6000/10000 [=================>............] - ETA: 59s - loss: 2.2589 - accuracy: 0.2958 
 6500/10000 [==================>...........] - ETA: 52s - loss: 2.2482 - accuracy: 0.2942
 7000/10000 [====================>.........] - ETA: 45s - loss: 2.2510 - accuracy: 0.2930
 7500/10000 [=====================>........] - ETA: 37s - loss: 2.2469 - accuracy: 0.2920
 8000/10000 [=======================>......] - ETA: 30s - loss: 2.2392 - accuracy: 0.2948
 8500/10000 [========================>.....] - ETA: 22s - loss: 2.2380 - accuracy: 0.2952
 9000/10000 [==========================>...] - ETA: 14s - loss: 2.2446 - accuracy: 0.2966
 9500/10000 [===========================>..] - ETA: 7s - loss: 2.2426 - accuracy: 0.2972 
10000/10000 [==============================] - 150s 15ms/step - loss: 2.2374 - accuracy: 0.2985 - val_loss: 2.3524 - val_accuracy: 0.2704
Latency --- 756.8467433452606 seconds ---
For delta=0.000100, the current epsilon is: 1.0774
=====================Iteration========================== 8
For delta=0.000100, the current epsilon is: 1.0774
Noise Mutiplier 2.35
in grads Tensor("loss_7/mul:0", shape=(?,), dtype=float32)
Train on 10000 samples, validate on 2500 samples
Epoch 1/5

  500/10000 [>.............................] - ETA: 2:44 - loss: 2.3195 - accuracy: 0.0300
 1000/10000 [==>...........................] - ETA: 2:24 - loss: 2.3107 - accuracy: 0.0470
 1500/10000 [===>..........................] - ETA: 2:14 - loss: 2.3082 - accuracy: 0.0780
 2000/10000 [=====>........................] - ETA: 2:02 - loss: 2.3119 - accuracy: 0.0835
 2500/10000 [======>.......................] - ETA: 1:54 - loss: 2.3158 - accuracy: 0.0828
 3000/10000 [========>.....................] - ETA: 1:46 - loss: 2.3144 - accuracy: 0.0853
 3500/10000 [=========>....................] - ETA: 1:38 - loss: 2.3107 - accuracy: 0.0980
 4000/10000 [===========>..................] - ETA: 1:30 - loss: 2.3120 - accuracy: 0.1010
 4500/10000 [============>.................] - ETA: 1:23 - loss: 2.3171 - accuracy: 0.0984
 5000/10000 [==============>...............] - ETA: 1:16 - loss: 2.3129 - accuracy: 0.1004
 5500/10000 [===============>..............] - ETA: 1:08 - loss: 2.3064 - accuracy: 0.1036
 6000/10000 [=================>............] - ETA: 1:00 - loss: 2.2990 - accuracy: 0.1107
 6500/10000 [==================>...........] - ETA: 53s - loss: 2.2981 - accuracy: 0.1160 
 7000/10000 [====================>.........] - ETA: 45s - loss: 2.3101 - accuracy: 0.1159
 7500/10000 [=====================>........] - ETA: 37s - loss: 2.3094 - accuracy: 0.1165
 8000/10000 [=======================>......] - ETA: 30s - loss: 2.3050 - accuracy: 0.1203
 8500/10000 [========================>.....] - ETA: 22s - loss: 2.2982 - accuracy: 0.1232
 9000/10000 [==========================>...] - ETA: 15s - loss: 2.2840 - accuracy: 0.1321
 9500/10000 [===========================>..] - ETA: 7s - loss: 2.2703 - accuracy: 0.1423 
10000/10000 [==============================] - 151s 15ms/step - loss: 2.2631 - accuracy: 0.1467 - val_loss: 2.5338 - val_accuracy: 0.2456
Epoch 2/5

  500/10000 [>.............................] - ETA: 2:20 - loss: 2.4270 - accuracy: 0.2480
 1000/10000 [==>...........................] - ETA: 2:14 - loss: 2.4009 - accuracy: 0.2190
 1500/10000 [===>..........................] - ETA: 2:07 - loss: 2.3811 - accuracy: 0.2280
 2000/10000 [=====>........................] - ETA: 2:01 - loss: 2.3145 - accuracy: 0.2390
 2500/10000 [======>.......................] - ETA: 1:53 - loss: 2.2702 - accuracy: 0.2544
 3000/10000 [========>.....................] - ETA: 1:46 - loss: 2.2476 - accuracy: 0.2517
 3500/10000 [=========>....................] - ETA: 1:38 - loss: 2.2578 - accuracy: 0.2563
 4000/10000 [===========>..................] - ETA: 1:30 - loss: 2.2411 - accuracy: 0.2537
 4500/10000 [============>.................] - ETA: 1:23 - loss: 2.2354 - accuracy: 0.2600
 5000/10000 [==============>...............] - ETA: 1:15 - loss: 2.2742 - accuracy: 0.2604
 5500/10000 [===============>..............] - ETA: 1:08 - loss: 2.2897 - accuracy: 0.2598
 6000/10000 [=================>............] - ETA: 1:00 - loss: 2.3166 - accuracy: 0.2595
 6500/10000 [==================>...........] - ETA: 53s - loss: 2.3215 - accuracy: 0.2582 
 7000/10000 [====================>.........] - ETA: 45s - loss: 2.3315 - accuracy: 0.2590
 7500/10000 [=====================>........] - ETA: 37s - loss: 2.3257 - accuracy: 0.2612
 8000/10000 [=======================>......] - ETA: 30s - loss: 2.3446 - accuracy: 0.2581
 8500/10000 [========================>.....] - ETA: 22s - loss: 2.3466 - accuracy: 0.2594
 9000/10000 [==========================>...] - ETA: 15s - loss: 2.3374 - accuracy: 0.2586
 9500/10000 [===========================>..] - ETA: 7s - loss: 2.3278 - accuracy: 0.2631 
10000/10000 [==============================] - 150s 15ms/step - loss: 2.3265 - accuracy: 0.2641 - val_loss: 1.9912 - val_accuracy: 0.3452
Epoch 3/5

  500/10000 [>.............................] - ETA: 2:19 - loss: 1.8603 - accuracy: 0.3680
 1000/10000 [==>...........................] - ETA: 2:10 - loss: 1.8520 - accuracy: 0.3890
 1500/10000 [===>..........................] - ETA: 2:04 - loss: 1.8724 - accuracy: 0.3867
 2000/10000 [=====>........................] - ETA: 1:57 - loss: 1.8844 - accuracy: 0.3725
 2500/10000 [======>.......................] - ETA: 1:50 - loss: 1.8808 - accuracy: 0.3708
 3000/10000 [========>.....................] - ETA: 1:42 - loss: 1.8670 - accuracy: 0.3800
 3500/10000 [=========>....................] - ETA: 1:35 - loss: 1.8685 - accuracy: 0.3837
 4000/10000 [===========>..................] - ETA: 1:28 - loss: 1.9567 - accuracy: 0.3702
 4500/10000 [============>.................] - ETA: 1:21 - loss: 1.9834 - accuracy: 0.3640
 5000/10000 [==============>...............] - ETA: 1:14 - loss: 1.9930 - accuracy: 0.3622
 5500/10000 [===============>..............] - ETA: 1:06 - loss: 2.0299 - accuracy: 0.3609
 6000/10000 [=================>............] - ETA: 59s - loss: 2.0393 - accuracy: 0.3595 
 6500/10000 [==================>...........] - ETA: 51s - loss: 2.0892 - accuracy: 0.3522
 7000/10000 [====================>.........] - ETA: 44s - loss: 2.1072 - accuracy: 0.3487
 7500/10000 [=====================>........] - ETA: 37s - loss: 2.1238 - accuracy: 0.3475
 8000/10000 [=======================>......] - ETA: 29s - loss: 2.1356 - accuracy: 0.3439
 8500/10000 [========================>.....] - ETA: 22s - loss: 2.1379 - accuracy: 0.3433
 9000/10000 [==========================>...] - ETA: 14s - loss: 2.1757 - accuracy: 0.3407
 9500/10000 [===========================>..] - ETA: 7s - loss: 2.2286 - accuracy: 0.3346 
10000/10000 [==============================] - 149s 15ms/step - loss: 2.2203 - accuracy: 0.3370 - val_loss: 2.1472 - val_accuracy: 0.3504
Epoch 4/5

  500/10000 [>.............................] - ETA: 2:19 - loss: 2.2451 - accuracy: 0.3180
 1000/10000 [==>...........................] - ETA: 2:15 - loss: 2.1692 - accuracy: 0.3320
 1500/10000 [===>..........................] - ETA: 2:07 - loss: 2.1150 - accuracy: 0.3147
 2000/10000 [=====>........................] - ETA: 2:00 - loss: 2.1143 - accuracy: 0.3195
 2500/10000 [======>.......................] - ETA: 1:52 - loss: 2.1007 - accuracy: 0.3228
 3000/10000 [========>.....................] - ETA: 1:45 - loss: 2.0992 - accuracy: 0.3313
 3500/10000 [=========>....................] - ETA: 1:37 - loss: 2.1760 - accuracy: 0.3240
 4000/10000 [===========>..................] - ETA: 1:29 - loss: 2.1684 - accuracy: 0.3228
 4500/10000 [============>.................] - ETA: 1:21 - loss: 2.1353 - accuracy: 0.3313
 5000/10000 [==============>...............] - ETA: 1:14 - loss: 2.0962 - accuracy: 0.3426
 5500/10000 [===============>..............] - ETA: 1:07 - loss: 2.1202 - accuracy: 0.3382
 6000/10000 [=================>............] - ETA: 59s - loss: 2.1490 - accuracy: 0.3390 
 6500/10000 [==================>...........] - ETA: 52s - loss: 2.1580 - accuracy: 0.3392
 7000/10000 [====================>.........] - ETA: 44s - loss: 2.1417 - accuracy: 0.3434
 7500/10000 [=====================>........] - ETA: 37s - loss: 2.1358 - accuracy: 0.3429
 8000/10000 [=======================>......] - ETA: 29s - loss: 2.1219 - accuracy: 0.3500
 8500/10000 [========================>.....] - ETA: 22s - loss: 2.1023 - accuracy: 0.3553
 9000/10000 [==========================>...] - ETA: 15s - loss: 2.0967 - accuracy: 0.3566
 9500/10000 [===========================>..] - ETA: 7s - loss: 2.0818 - accuracy: 0.3591 
10000/10000 [==============================] - 150s 15ms/step - loss: 2.0680 - accuracy: 0.3599 - val_loss: 1.9150 - val_accuracy: 0.3872
Epoch 5/5

  500/10000 [>.............................] - ETA: 2:18 - loss: 1.8595 - accuracy: 0.3960
 1000/10000 [==>...........................] - ETA: 2:12 - loss: 1.8730 - accuracy: 0.3800
 1500/10000 [===>..........................] - ETA: 2:06 - loss: 1.8443 - accuracy: 0.3833
 2000/10000 [=====>........................] - ETA: 1:57 - loss: 1.8678 - accuracy: 0.3805
 2500/10000 [======>.......................] - ETA: 1:49 - loss: 1.8746 - accuracy: 0.3768
 3000/10000 [========>.....................] - ETA: 1:43 - loss: 1.8692 - accuracy: 0.3740
 3500/10000 [=========>....................] - ETA: 1:36 - loss: 1.8518 - accuracy: 0.3771
 4000/10000 [===========>..................] - ETA: 1:29 - loss: 1.9354 - accuracy: 0.3733
 4500/10000 [============>.................] - ETA: 1:21 - loss: 1.9746 - accuracy: 0.3702
 5000/10000 [==============>...............] - ETA: 1:14 - loss: 1.9675 - accuracy: 0.3722
 5500/10000 [===============>..............] - ETA: 1:06 - loss: 1.9873 - accuracy: 0.3711
 6000/10000 [=================>............] - ETA: 59s - loss: 1.9967 - accuracy: 0.3665 
 6500/10000 [==================>...........] - ETA: 52s - loss: 1.9895 - accuracy: 0.3691
 7000/10000 [====================>.........] - ETA: 44s - loss: 1.9947 - accuracy: 0.3684
 7500/10000 [=====================>........] - ETA: 37s - loss: 1.9993 - accuracy: 0.3675
 8000/10000 [=======================>......] - ETA: 29s - loss: 2.0005 - accuracy: 0.3672
 8500/10000 [========================>.....] - ETA: 22s - loss: 2.0037 - accuracy: 0.3675
 9000/10000 [==========================>...] - ETA: 14s - loss: 2.0054 - accuracy: 0.3651
 9500/10000 [===========================>..] - ETA: 7s - loss: 2.0013 - accuracy: 0.3649 
10000/10000 [==============================] - 149s 15ms/step - loss: 1.9915 - accuracy: 0.3633 - val_loss: 2.2753 - val_accuracy: 0.3784
Latency --- 753.0413451194763 seconds ---
For delta=0.000100, the current epsilon is: 1.0774
Saving model with new accuracy, previous accuracy was 0.3276999890804291 and present is 0.36329999566078186
Saved model to disk
=====================Iteration========================== 9
For delta=0.000100, the current epsilon is: 1.0774
Noise Mutiplier 2.35
in grads Tensor("loss_8/mul:0", shape=(?,), dtype=float32)
Train on 10000 samples, validate on 2500 samples
Epoch 1/5

  500/10000 [>.............................] - ETA: 2:35 - loss: 2.3255 - accuracy: 0.0840
 1000/10000 [==>...........................] - ETA: 2:22 - loss: 2.3176 - accuracy: 0.0970
 1500/10000 [===>..........................] - ETA: 2:12 - loss: 2.3152 - accuracy: 0.1040
 2000/10000 [=====>........................] - ETA: 2:04 - loss: 2.3118 - accuracy: 0.1050
 2500/10000 [======>.......................] - ETA: 1:56 - loss: 2.3125 - accuracy: 0.1112
 3000/10000 [========>.....................] - ETA: 1:48 - loss: 2.3137 - accuracy: 0.1093
 3500/10000 [=========>....................] - ETA: 1:40 - loss: 2.3183 - accuracy: 0.1189
 4000/10000 [===========>..................] - ETA: 1:33 - loss: 2.3131 - accuracy: 0.1198
 4500/10000 [============>.................] - ETA: 1:25 - loss: 2.3143 - accuracy: 0.1238
 5000/10000 [==============>...............] - ETA: 1:17 - loss: 2.3079 - accuracy: 0.1226
 5500/10000 [===============>..............] - ETA: 1:09 - loss: 2.2980 - accuracy: 0.1298
 6000/10000 [=================>............] - ETA: 1:01 - loss: 2.2878 - accuracy: 0.1353
 6500/10000 [==================>...........] - ETA: 53s - loss: 2.2863 - accuracy: 0.1437 
 7000/10000 [====================>.........] - ETA: 45s - loss: 2.2957 - accuracy: 0.1429
 7500/10000 [=====================>........] - ETA: 38s - loss: 2.3007 - accuracy: 0.1477
 8000/10000 [=======================>......] - ETA: 30s - loss: 2.2863 - accuracy: 0.1539
 8500/10000 [========================>.....] - ETA: 22s - loss: 2.2793 - accuracy: 0.1589
 9000/10000 [==========================>...] - ETA: 15s - loss: 2.2682 - accuracy: 0.1657
 9500/10000 [===========================>..] - ETA: 7s - loss: 2.2682 - accuracy: 0.1682 
10000/10000 [==============================] - 153s 15ms/step - loss: 2.2689 - accuracy: 0.1728 - val_loss: 2.3885 - val_accuracy: 0.2120
Epoch 2/5

  500/10000 [>.............................] - ETA: 2:19 - loss: 2.2961 - accuracy: 0.2420
 1000/10000 [==>...........................] - ETA: 2:09 - loss: 2.2309 - accuracy: 0.2320
 1500/10000 [===>..........................] - ETA: 2:03 - loss: 2.2186 - accuracy: 0.2453
 2000/10000 [=====>........................] - ETA: 1:57 - loss: 2.2142 - accuracy: 0.2375
 2500/10000 [======>.......................] - ETA: 1:50 - loss: 2.2159 - accuracy: 0.2416
 3000/10000 [========>.....................] - ETA: 1:43 - loss: 2.3238 - accuracy: 0.2210
 3500/10000 [=========>....................] - ETA: 1:35 - loss: 2.3233 - accuracy: 0.2214
 4000/10000 [===========>..................] - ETA: 1:28 - loss: 2.3150 - accuracy: 0.2212
 4500/10000 [============>.................] - ETA: 1:21 - loss: 2.3084 - accuracy: 0.2256
 5000/10000 [==============>...............] - ETA: 1:14 - loss: 2.3095 - accuracy: 0.2302
 5500/10000 [===============>..............] - ETA: 1:06 - loss: 2.3017 - accuracy: 0.2280
 6000/10000 [=================>............] - ETA: 59s - loss: 2.2831 - accuracy: 0.2310 
 6500/10000 [==================>...........] - ETA: 52s - loss: 2.2668 - accuracy: 0.2349
 7000/10000 [====================>.........] - ETA: 44s - loss: 2.2874 - accuracy: 0.2360
 7500/10000 [=====================>........] - ETA: 37s - loss: 2.2980 - accuracy: 0.2380
 8000/10000 [=======================>......] - ETA: 30s - loss: 2.2841 - accuracy: 0.2385
 8500/10000 [========================>.....] - ETA: 22s - loss: 2.3111 - accuracy: 0.2389
 9000/10000 [==========================>...] - ETA: 15s - loss: 2.2904 - accuracy: 0.2451
 9500/10000 [===========================>..] - ETA: 7s - loss: 2.2801 - accuracy: 0.2509 
10000/10000 [==============================] - 151s 15ms/step - loss: 2.2977 - accuracy: 0.2505 - val_loss: 2.1430 - val_accuracy: 0.3092
Epoch 3/5

  500/10000 [>.............................] - ETA: 2:27 - loss: 2.2047 - accuracy: 0.3060
 1000/10000 [==>...........................] - ETA: 2:17 - loss: 2.1624 - accuracy: 0.3210
 1500/10000 [===>..........................] - ETA: 2:11 - loss: 2.0957 - accuracy: 0.3467
 2000/10000 [=====>........................] - ETA: 2:03 - loss: 2.1163 - accuracy: 0.3510
 2500/10000 [======>.......................] - ETA: 1:55 - loss: 2.1924 - accuracy: 0.3500
 3000/10000 [========>.....................] - ETA: 1:48 - loss: 2.1739 - accuracy: 0.3497
 3500/10000 [=========>....................] - ETA: 1:40 - loss: 2.1204 - accuracy: 0.3571
 4000/10000 [===========>..................] - ETA: 1:32 - loss: 2.0844 - accuracy: 0.3655
 4500/10000 [============>.................] - ETA: 1:24 - loss: 2.0898 - accuracy: 0.3618
 5000/10000 [==============>...............] - ETA: 1:16 - loss: 2.1076 - accuracy: 0.3598
 5500/10000 [===============>..............] - ETA: 1:08 - loss: 2.1318 - accuracy: 0.3527
 6000/10000 [=================>............] - ETA: 1:00 - loss: 2.1745 - accuracy: 0.3508
 6500/10000 [==================>...........] - ETA: 53s - loss: 2.1913 - accuracy: 0.3452 
 7000/10000 [====================>.........] - ETA: 45s - loss: 2.1984 - accuracy: 0.3430
 7500/10000 [=====================>........] - ETA: 38s - loss: 2.1901 - accuracy: 0.3440
 8000/10000 [=======================>......] - ETA: 30s - loss: 2.1914 - accuracy: 0.3434
 8500/10000 [========================>.....] - ETA: 22s - loss: 2.2014 - accuracy: 0.3432
 9000/10000 [==========================>...] - ETA: 15s - loss: 2.2016 - accuracy: 0.3430
 9500/10000 [===========================>..] - ETA: 7s - loss: 2.2132 - accuracy: 0.3419 
10000/10000 [==============================] - 152s 15ms/step - loss: 2.2230 - accuracy: 0.3418 - val_loss: 2.4068 - val_accuracy: 0.2664
Epoch 4/5

  500/10000 [>.............................] - ETA: 2:21 - loss: 2.2335 - accuracy: 0.2900
 1000/10000 [==>...........................] - ETA: 2:12 - loss: 2.0044 - accuracy: 0.3300
 1500/10000 [===>..........................] - ETA: 2:07 - loss: 1.9932 - accuracy: 0.3393
 2000/10000 [=====>........................] - ETA: 2:01 - loss: 2.0430 - accuracy: 0.3345
 2500/10000 [======>.......................] - ETA: 1:54 - loss: 2.0425 - accuracy: 0.3464
 3000/10000 [========>.....................] - ETA: 1:46 - loss: 2.0918 - accuracy: 0.3400
 3500/10000 [=========>....................] - ETA: 1:37 - loss: 2.0915 - accuracy: 0.3489
 4000/10000 [===========>..................] - ETA: 1:30 - loss: 2.0918 - accuracy: 0.3490
 4500/10000 [============>.................] - ETA: 1:23 - loss: 2.0755 - accuracy: 0.3553
 5000/10000 [==============>...............] - ETA: 1:15 - loss: 2.0999 - accuracy: 0.3552
 5500/10000 [===============>..............] - ETA: 1:08 - loss: 2.0914 - accuracy: 0.3560
 6000/10000 [=================>............] - ETA: 1:00 - loss: 2.1188 - accuracy: 0.3560
 6500/10000 [==================>...........] - ETA: 52s - loss: 2.1145 - accuracy: 0.3609 
 7000/10000 [====================>.........] - ETA: 45s - loss: 2.1256 - accuracy: 0.3644
 7500/10000 [=====================>........] - ETA: 37s - loss: 2.1395 - accuracy: 0.3655
 8000/10000 [=======================>......] - ETA: 30s - loss: 2.1649 - accuracy: 0.3669
 8500/10000 [========================>.....] - ETA: 22s - loss: 2.1801 - accuracy: 0.3673
 9000/10000 [==========================>...] - ETA: 15s - loss: 2.1998 - accuracy: 0.3671
 9500/10000 [===========================>..] - ETA: 7s - loss: 2.2394 - accuracy: 0.3635 
10000/10000 [==============================] - 151s 15ms/step - loss: 2.2363 - accuracy: 0.3658 - val_loss: 2.0865 - val_accuracy: 0.3792
Epoch 5/5

  500/10000 [>.............................] - ETA: 2:28 - loss: 2.0209 - accuracy: 0.3800
 1000/10000 [==>...........................] - ETA: 2:13 - loss: 2.1103 - accuracy: 0.4210
 1500/10000 [===>..........................] - ETA: 2:08 - loss: 2.1707 - accuracy: 0.4133
 2000/10000 [=====>........................] - ETA: 2:02 - loss: 2.1505 - accuracy: 0.4100
 2500/10000 [======>.......................] - ETA: 1:54 - loss: 2.0975 - accuracy: 0.4116
 3000/10000 [========>.....................] - ETA: 1:46 - loss: 2.0888 - accuracy: 0.4117
 3500/10000 [=========>....................] - ETA: 1:39 - loss: 2.0844 - accuracy: 0.4103
 4000/10000 [===========>..................] - ETA: 1:31 - loss: 2.0596 - accuracy: 0.4160
 4500/10000 [============>.................] - ETA: 1:23 - loss: 2.0685 - accuracy: 0.4136
 5000/10000 [==============>...............] - ETA: 1:15 - loss: 2.0614 - accuracy: 0.4130
 5500/10000 [===============>..............] - ETA: 1:08 - loss: 2.0566 - accuracy: 0.4138
 6000/10000 [=================>............] - ETA: 1:00 - loss: 2.0979 - accuracy: 0.4080
 6500/10000 [==================>...........] - ETA: 53s - loss: 2.1021 - accuracy: 0.4045 
 7000/10000 [====================>.........] - ETA: 45s - loss: 2.1396 - accuracy: 0.4007
 7500/10000 [=====================>........] - ETA: 38s - loss: 2.1720 - accuracy: 0.3963
 8000/10000 [=======================>......] - ETA: 30s - loss: 2.1688 - accuracy: 0.3936
 8500/10000 [========================>.....] - ETA: 22s - loss: 2.1627 - accuracy: 0.3919
 9000/10000 [==========================>...] - ETA: 15s - loss: 2.1427 - accuracy: 0.3908
 9500/10000 [===========================>..] - ETA: 7s - loss: 2.1285 - accuracy: 0.3912 
10000/10000 [==============================] - 152s 15ms/step - loss: 2.1219 - accuracy: 0.3892 - val_loss: 2.2189 - val_accuracy: 0.3616
Latency --- 761.8818557262421 seconds ---
For delta=0.000100, the current epsilon is: 1.0774
Saving model with new accuracy, previous accuracy was 0.36329999566078186 and present is 0.38920000195503235
Saved model to disk
=====================Iteration========================== 10
For delta=0.000100, the current epsilon is: 1.0774
Noise Mutiplier 2.35
in grads Tensor("loss_9/mul:0", shape=(?,), dtype=float32)
Train on 10000 samples, validate on 2500 samples
Epoch 1/5

  500/10000 [>.............................] - ETA: 2:29 - loss: 2.3320 - accuracy: 0.0840
 1000/10000 [==>...........................] - ETA: 2:15 - loss: 2.3199 - accuracy: 0.0900
 1500/10000 [===>..........................] - ETA: 2:09 - loss: 2.3135 - accuracy: 0.0867
 2000/10000 [=====>........................] - ETA: 2:02 - loss: 2.3042 - accuracy: 0.1005
 2500/10000 [======>.......................] - ETA: 1:54 - loss: 2.2984 - accuracy: 0.1048
 3000/10000 [========>.....................] - ETA: 1:47 - loss: 2.2949 - accuracy: 0.1080
 3500/10000 [=========>....................] - ETA: 1:39 - loss: 2.2852 - accuracy: 0.1223
 4000/10000 [===========>..................] - ETA: 1:31 - loss: 2.2806 - accuracy: 0.1225
 4500/10000 [============>.................] - ETA: 1:23 - loss: 2.2806 - accuracy: 0.1253
 5000/10000 [==============>...............] - ETA: 1:17 - loss: 2.2871 - accuracy: 0.1266
 5500/10000 [===============>..............] - ETA: 1:09 - loss: 2.2965 - accuracy: 0.1285
 6000/10000 [=================>............] - ETA: 1:01 - loss: 2.2942 - accuracy: 0.1322
 6500/10000 [==================>...........] - ETA: 54s - loss: 2.2856 - accuracy: 0.1412 
 7000/10000 [====================>.........] - ETA: 46s - loss: 2.2729 - accuracy: 0.1481
 7500/10000 [=====================>........] - ETA: 38s - loss: 2.2640 - accuracy: 0.1537
 8000/10000 [=======================>......] - ETA: 30s - loss: 2.2664 - accuracy: 0.1556
 8500/10000 [========================>.....] - ETA: 23s - loss: 2.2506 - accuracy: 0.1627
 9000/10000 [==========================>...] - ETA: 15s - loss: 2.2402 - accuracy: 0.1686
 9500/10000 [===========================>..] - ETA: 7s - loss: 2.2199 - accuracy: 0.1773 
10000/10000 [==============================] - 156s 16ms/step - loss: 2.2088 - accuracy: 0.1836 - val_loss: 2.1965 - val_accuracy: 0.3236
Epoch 2/5

  500/10000 [>.............................] - ETA: 2:26 - loss: 2.0990 - accuracy: 0.3480
 1000/10000 [==>...........................] - ETA: 2:18 - loss: 2.1014 - accuracy: 0.3200
 1500/10000 [===>..........................] - ETA: 2:11 - loss: 2.0826 - accuracy: 0.3000
 2000/10000 [=====>........................] - ETA: 2:04 - loss: 2.0655 - accuracy: 0.3015
 2500/10000 [======>.......................] - ETA: 1:56 - loss: 2.0622 - accuracy: 0.3024
 3000/10000 [========>.....................] - ETA: 1:48 - loss: 2.0573 - accuracy: 0.3037
 3500/10000 [=========>....................] - ETA: 1:40 - loss: 2.0679 - accuracy: 0.3026
 4000/10000 [===========>..................] - ETA: 1:32 - loss: 2.0825 - accuracy: 0.3067
 4500/10000 [============>.................] - ETA: 1:24 - loss: 2.1039 - accuracy: 0.3100
 5000/10000 [==============>...............] - ETA: 1:16 - loss: 2.0874 - accuracy: 0.3142
 5500/10000 [===============>..............] - ETA: 1:08 - loss: 2.0900 - accuracy: 0.3165
 6000/10000 [=================>............] - ETA: 1:01 - loss: 2.1240 - accuracy: 0.3155
 6500/10000 [==================>...........] - ETA: 53s - loss: 2.1261 - accuracy: 0.3206 
 7000/10000 [====================>.........] - ETA: 46s - loss: 2.1304 - accuracy: 0.3229
 7500/10000 [=====================>........] - ETA: 38s - loss: 2.1450 - accuracy: 0.3272
 8000/10000 [=======================>......] - ETA: 30s - loss: 2.1615 - accuracy: 0.3271
 8500/10000 [========================>.....] - ETA: 23s - loss: 2.2053 - accuracy: 0.3274
 9000/10000 [==========================>...] - ETA: 15s - loss: 2.2203 - accuracy: 0.3271
 9500/10000 [===========================>..] - ETA: 7s - loss: 2.2050 - accuracy: 0.3282 
10000/10000 [==============================] - 153s 15ms/step - loss: 2.2444 - accuracy: 0.3240 - val_loss: 2.6186 - val_accuracy: 0.2792
Epoch 3/5

  500/10000 [>.............................] - ETA: 2:33 - loss: 2.5315 - accuracy: 0.3020
 1000/10000 [==>...........................] - ETA: 2:21 - loss: 2.7107 - accuracy: 0.2970
 1500/10000 [===>..........................] - ETA: 2:12 - loss: 2.5276 - accuracy: 0.3140
 2000/10000 [=====>........................] - ETA: 2:04 - loss: 2.4159 - accuracy: 0.3220
 2500/10000 [======>.......................] - ETA: 1:53 - loss: 2.3851 - accuracy: 0.3328
 3000/10000 [========>.....................] - ETA: 1:45 - loss: 2.3752 - accuracy: 0.3250
 3500/10000 [=========>....................] - ETA: 1:38 - loss: 2.4401 - accuracy: 0.3134
 4000/10000 [===========>..................] - ETA: 1:30 - loss: 2.6321 - accuracy: 0.3000
 4500/10000 [============>.................] - ETA: 1:23 - loss: 2.6493 - accuracy: 0.2924
 5000/10000 [==============>...............] - ETA: 1:15 - loss: 2.6392 - accuracy: 0.2924
 5500/10000 [===============>..............] - ETA: 1:08 - loss: 2.6101 - accuracy: 0.2951
 6000/10000 [=================>............] - ETA: 1:00 - loss: 2.6156 - accuracy: 0.2940
 6500/10000 [==================>...........] - ETA: 52s - loss: 2.5989 - accuracy: 0.2940 
 7000/10000 [====================>.........] - ETA: 45s - loss: 2.5981 - accuracy: 0.2953
 7500/10000 [=====================>........] - ETA: 37s - loss: 2.6482 - accuracy: 0.2881
 8000/10000 [=======================>......] - ETA: 30s - loss: 2.6441 - accuracy: 0.2895
 8500/10000 [========================>.....] - ETA: 22s - loss: 2.6585 - accuracy: 0.2926
 9000/10000 [==========================>...] - ETA: 15s - loss: 2.6645 - accuracy: 0.2920
 9500/10000 [===========================>..] - ETA: 7s - loss: 2.6956 - accuracy: 0.2938 
10000/10000 [==============================] - 152s 15ms/step - loss: 2.6910 - accuracy: 0.2941 - val_loss: 2.3074 - val_accuracy: 0.3512
Epoch 4/5

  500/10000 [>.............................] - ETA: 2:22 - loss: 2.4521 - accuracy: 0.3040
 1000/10000 [==>...........................] - ETA: 2:16 - loss: 2.4817 - accuracy: 0.3290
 1500/10000 [===>..........................] - ETA: 2:07 - loss: 2.5116 - accuracy: 0.2853
 2000/10000 [=====>........................] - ETA: 2:01 - loss: 2.6166 - accuracy: 0.2940
 2500/10000 [======>.......................] - ETA: 1:54 - loss: 2.5961 - accuracy: 0.2948
 3000/10000 [========>.....................] - ETA: 1:46 - loss: 2.6426 - accuracy: 0.2953
 3500/10000 [=========>....................] - ETA: 1:38 - loss: 2.5864 - accuracy: 0.3003
 4000/10000 [===========>..................] - ETA: 1:31 - loss: 2.5489 - accuracy: 0.3018
 4500/10000 [============>.................] - ETA: 1:23 - loss: 2.5226 - accuracy: 0.2956
 5000/10000 [==============>...............] - ETA: 1:15 - loss: 2.4892 - accuracy: 0.2968
 5500/10000 [===============>..............] - ETA: 1:07 - loss: 2.4663 - accuracy: 0.3004
 6000/10000 [=================>............] - ETA: 1:00 - loss: 2.4438 - accuracy: 0.3052
 6500/10000 [==================>...........] - ETA: 52s - loss: 2.4300 - accuracy: 0.3098 
 7000/10000 [====================>.........] - ETA: 45s - loss: 2.4078 - accuracy: 0.3120
 7500/10000 [=====================>........] - ETA: 37s - loss: 2.3845 - accuracy: 0.3163
 8000/10000 [=======================>......] - ETA: 30s - loss: 2.3675 - accuracy: 0.3191
 8500/10000 [========================>.....] - ETA: 22s - loss: 2.3552 - accuracy: 0.3189
 9000/10000 [==========================>...] - ETA: 15s - loss: 2.3459 - accuracy: 0.3174
 9500/10000 [===========================>..] - ETA: 7s - loss: 2.3448 - accuracy: 0.3159 
10000/10000 [==============================] - 151s 15ms/step - loss: 2.3274 - accuracy: 0.3174 - val_loss: 2.0547 - val_accuracy: 0.3212
Epoch 5/5

  500/10000 [>.............................] - ETA: 2:29 - loss: 1.9779 - accuracy: 0.3360
 1000/10000 [==>...........................] - ETA: 2:18 - loss: 1.9450 - accuracy: 0.3300
 1500/10000 [===>..........................] - ETA: 2:08 - loss: 2.1197 - accuracy: 0.3180
 2000/10000 [=====>........................] - ETA: 2:00 - loss: 2.1956 - accuracy: 0.3060
 2500/10000 [======>.......................] - ETA: 1:51 - loss: 2.2479 - accuracy: 0.2956
 3000/10000 [========>.....................] - ETA: 1:44 - loss: 2.2845 - accuracy: 0.3003
 3500/10000 [=========>....................] - ETA: 1:36 - loss: 2.2654 - accuracy: 0.2977
 4000/10000 [===========>..................] - ETA: 1:29 - loss: 2.2620 - accuracy: 0.2935
 4500/10000 [============>.................] - ETA: 1:21 - loss: 2.2659 - accuracy: 0.2849
 5000/10000 [==============>...............] - ETA: 1:14 - loss: 2.2703 - accuracy: 0.2828
 5500/10000 [===============>..............] - ETA: 1:06 - loss: 2.3020 - accuracy: 0.2718
 6000/10000 [=================>............] - ETA: 59s - loss: 2.3320 - accuracy: 0.2660 
 6500/10000 [==================>...........] - ETA: 52s - loss: 2.3258 - accuracy: 0.2660
 7000/10000 [====================>.........] - ETA: 44s - loss: 2.3231 - accuracy: 0.2644
 7500/10000 [=====================>........] - ETA: 37s - loss: 2.3127 - accuracy: 0.2637
 8000/10000 [=======================>......] - ETA: 29s - loss: 2.3337 - accuracy: 0.2598
 8500/10000 [========================>.....] - ETA: 22s - loss: 2.3467 - accuracy: 0.2566
 9000/10000 [==========================>...] - ETA: 15s - loss: 2.3521 - accuracy: 0.2542
 9500/10000 [===========================>..] - ETA: 7s - loss: 2.3545 - accuracy: 0.2478 
10000/10000 [==============================] - 151s 15ms/step - loss: 2.3571 - accuracy: 0.2420 - val_loss: 2.2871 - val_accuracy: 0.1564
Latency --- 767.0933511257172 seconds ---
For delta=0.000100, the current epsilon is: 1.0774
