We are using Tensorflow version 1.15.2
Keras API version: 2.3.1
=====================Iteration========================== 1
For delta=0.000100, the current epsilon is: 2.0042
Noise Mutiplier 1.49
in grads Tensor("loss/mul:0", shape=(?,), dtype=float32)
Train on 10000 samples, validate on 2500 samples
Epoch 1/5

  500/10000 [>.............................] - ETA: 2:35 - loss: 2.3337 - accuracy: 0.0800
 1000/10000 [==>...........................] - ETA: 2:20 - loss: 2.3125 - accuracy: 0.0660
 1500/10000 [===>..........................] - ETA: 2:11 - loss: 2.3005 - accuracy: 0.0700
 2000/10000 [=====>........................] - ETA: 2:07 - loss: 2.2905 - accuracy: 0.0990
 2500/10000 [======>.......................] - ETA: 1:59 - loss: 2.2831 - accuracy: 0.1136
 3000/10000 [========>.....................] - ETA: 1:50 - loss: 2.2736 - accuracy: 0.1363
 3500/10000 [=========>....................] - ETA: 1:41 - loss: 2.2632 - accuracy: 0.1623
 4000/10000 [===========>..................] - ETA: 1:33 - loss: 2.2515 - accuracy: 0.1748
 4500/10000 [============>.................] - ETA: 1:25 - loss: 2.2318 - accuracy: 0.2044
 5000/10000 [==============>...............] - ETA: 1:18 - loss: 2.2295 - accuracy: 0.2060
 5500/10000 [===============>..............] - ETA: 1:10 - loss: 2.2218 - accuracy: 0.2056
 6000/10000 [=================>............] - ETA: 1:02 - loss: 2.2041 - accuracy: 0.2153
 6500/10000 [==================>...........] - ETA: 54s - loss: 2.1879 - accuracy: 0.2203 
 7000/10000 [====================>.........] - ETA: 46s - loss: 2.1711 - accuracy: 0.2274
 7500/10000 [=====================>........] - ETA: 38s - loss: 2.1532 - accuracy: 0.2389
 8000/10000 [=======================>......] - ETA: 31s - loss: 2.1345 - accuracy: 0.2473
 8500/10000 [========================>.....] - ETA: 23s - loss: 2.1159 - accuracy: 0.2534
 9000/10000 [==========================>...] - ETA: 15s - loss: 2.0988 - accuracy: 0.2593
 9500/10000 [===========================>..] - ETA: 7s - loss: 2.0819 - accuracy: 0.2685 
10000/10000 [==============================] - 156s 16ms/step - loss: 2.0780 - accuracy: 0.2752 - val_loss: 1.7453 - val_accuracy: 0.4020
Epoch 2/5

  500/10000 [>.............................] - ETA: 2:17 - loss: 1.7414 - accuracy: 0.4120
 1000/10000 [==>...........................] - ETA: 2:11 - loss: 1.7126 - accuracy: 0.4130
 1500/10000 [===>..........................] - ETA: 2:04 - loss: 1.6694 - accuracy: 0.4367
 2000/10000 [=====>........................] - ETA: 1:59 - loss: 1.6757 - accuracy: 0.4175
 2500/10000 [======>.......................] - ETA: 1:53 - loss: 1.7443 - accuracy: 0.4216
 3000/10000 [========>.....................] - ETA: 1:46 - loss: 1.8307 - accuracy: 0.3863
 3500/10000 [=========>....................] - ETA: 1:38 - loss: 1.8158 - accuracy: 0.3946
 4000/10000 [===========>..................] - ETA: 1:30 - loss: 1.7903 - accuracy: 0.4060
 4500/10000 [============>.................] - ETA: 1:23 - loss: 1.7888 - accuracy: 0.4060
 5000/10000 [==============>...............] - ETA: 1:16 - loss: 1.7968 - accuracy: 0.3992
 5500/10000 [===============>..............] - ETA: 1:09 - loss: 1.7794 - accuracy: 0.4049
 6000/10000 [=================>............] - ETA: 1:01 - loss: 1.7756 - accuracy: 0.4018
 6500/10000 [==================>...........] - ETA: 53s - loss: 1.7799 - accuracy: 0.4042 
 7000/10000 [====================>.........] - ETA: 45s - loss: 1.7726 - accuracy: 0.4030
 7500/10000 [=====================>........] - ETA: 38s - loss: 1.7694 - accuracy: 0.4031
 8000/10000 [=======================>......] - ETA: 30s - loss: 1.7696 - accuracy: 0.4016
 8500/10000 [========================>.....] - ETA: 22s - loss: 1.7500 - accuracy: 0.4112
 9000/10000 [==========================>...] - ETA: 15s - loss: 1.7473 - accuracy: 0.4127
 9500/10000 [===========================>..] - ETA: 7s - loss: 1.7299 - accuracy: 0.4195 
10000/10000 [==============================] - 153s 15ms/step - loss: 1.7234 - accuracy: 0.4216 - val_loss: 1.7707 - val_accuracy: 0.4500
Epoch 3/5

  500/10000 [>.............................] - ETA: 2:25 - loss: 1.6735 - accuracy: 0.4840
 1000/10000 [==>...........................] - ETA: 2:17 - loss: 1.5352 - accuracy: 0.4950
 1500/10000 [===>..........................] - ETA: 2:12 - loss: 1.5811 - accuracy: 0.4927
 2000/10000 [=====>........................] - ETA: 2:03 - loss: 1.6139 - accuracy: 0.4750
 2500/10000 [======>.......................] - ETA: 1:55 - loss: 1.5814 - accuracy: 0.4848
 3000/10000 [========>.....................] - ETA: 1:48 - loss: 1.5902 - accuracy: 0.4760
 3500/10000 [=========>....................] - ETA: 1:40 - loss: 1.5567 - accuracy: 0.4914
 4000/10000 [===========>..................] - ETA: 1:32 - loss: 1.5144 - accuracy: 0.5040
 4500/10000 [============>.................] - ETA: 1:25 - loss: 1.5131 - accuracy: 0.5022
 5000/10000 [==============>...............] - ETA: 1:17 - loss: 1.5006 - accuracy: 0.5040
 5500/10000 [===============>..............] - ETA: 1:09 - loss: 1.4883 - accuracy: 0.5067
 6000/10000 [=================>............] - ETA: 1:01 - loss: 1.4809 - accuracy: 0.5067
 6500/10000 [==================>...........] - ETA: 53s - loss: 1.4807 - accuracy: 0.5103 
 7000/10000 [====================>.........] - ETA: 46s - loss: 1.4704 - accuracy: 0.5134
 7500/10000 [=====================>........] - ETA: 38s - loss: 1.4581 - accuracy: 0.5183
 8000/10000 [=======================>......] - ETA: 30s - loss: 1.4369 - accuracy: 0.5255
 8500/10000 [========================>.....] - ETA: 23s - loss: 1.4234 - accuracy: 0.5300
 9000/10000 [==========================>...] - ETA: 15s - loss: 1.4133 - accuracy: 0.5332
 9500/10000 [===========================>..] - ETA: 7s - loss: 1.4041 - accuracy: 0.5366 
10000/10000 [==============================] - 155s 16ms/step - loss: 1.4069 - accuracy: 0.5360 - val_loss: 1.5091 - val_accuracy: 0.5340
Epoch 4/5

  500/10000 [>.............................] - ETA: 2:24 - loss: 1.4223 - accuracy: 0.5460
 1000/10000 [==>...........................] - ETA: 2:17 - loss: 1.3326 - accuracy: 0.5690
 1500/10000 [===>..........................] - ETA: 2:09 - loss: 1.3229 - accuracy: 0.5773
 2000/10000 [=====>........................] - ETA: 2:02 - loss: 1.2709 - accuracy: 0.5920
 2500/10000 [======>.......................] - ETA: 1:55 - loss: 1.2623 - accuracy: 0.5920
 3000/10000 [========>.....................] - ETA: 1:46 - loss: 1.2642 - accuracy: 0.5917
 3500/10000 [=========>....................] - ETA: 1:38 - loss: 1.2504 - accuracy: 0.5963
 4000/10000 [===========>..................] - ETA: 1:31 - loss: 1.2345 - accuracy: 0.6050
 4500/10000 [============>.................] - ETA: 1:24 - loss: 1.2472 - accuracy: 0.5998
 5000/10000 [==============>...............] - ETA: 1:17 - loss: 1.2774 - accuracy: 0.5966
 5500/10000 [===============>..............] - ETA: 1:09 - loss: 1.2666 - accuracy: 0.6004
 6000/10000 [=================>............] - ETA: 1:01 - loss: 1.2506 - accuracy: 0.6052
 6500/10000 [==================>...........] - ETA: 53s - loss: 1.2381 - accuracy: 0.6094 
 7000/10000 [====================>.........] - ETA: 46s - loss: 1.2281 - accuracy: 0.6126
 7500/10000 [=====================>........] - ETA: 38s - loss: 1.2220 - accuracy: 0.6136
 8000/10000 [=======================>......] - ETA: 30s - loss: 1.2313 - accuracy: 0.6116
 8500/10000 [========================>.....] - ETA: 23s - loss: 1.2445 - accuracy: 0.6071
 9000/10000 [==========================>...] - ETA: 15s - loss: 1.2456 - accuracy: 0.6060
 9500/10000 [===========================>..] - ETA: 7s - loss: 1.2395 - accuracy: 0.6067 
10000/10000 [==============================] - 154s 15ms/step - loss: 1.2387 - accuracy: 0.6063 - val_loss: 1.3662 - val_accuracy: 0.5700
Epoch 5/5

  500/10000 [>.............................] - ETA: 2:22 - loss: 1.2783 - accuracy: 0.5820
 1000/10000 [==>...........................] - ETA: 2:19 - loss: 1.1284 - accuracy: 0.6260
 1500/10000 [===>..........................] - ETA: 2:14 - loss: 1.1322 - accuracy: 0.6327
 2000/10000 [=====>........................] - ETA: 2:06 - loss: 1.1615 - accuracy: 0.6295
 2500/10000 [======>.......................] - ETA: 1:59 - loss: 1.1596 - accuracy: 0.6328
 3000/10000 [========>.....................] - ETA: 1:50 - loss: 1.1440 - accuracy: 0.6407
 3500/10000 [=========>....................] - ETA: 1:41 - loss: 1.1465 - accuracy: 0.6383
 4000/10000 [===========>..................] - ETA: 1:33 - loss: 1.1871 - accuracy: 0.6350
 4500/10000 [============>.................] - ETA: 1:25 - loss: 1.1895 - accuracy: 0.6304
 5000/10000 [==============>...............] - ETA: 1:17 - loss: 1.1808 - accuracy: 0.6308
 5500/10000 [===============>..............] - ETA: 1:10 - loss: 1.1766 - accuracy: 0.6298
 6000/10000 [=================>............] - ETA: 1:02 - loss: 1.1831 - accuracy: 0.6273
 6500/10000 [==================>...........] - ETA: 54s - loss: 1.1795 - accuracy: 0.6269 
 7000/10000 [====================>.........] - ETA: 46s - loss: 1.1812 - accuracy: 0.6294
 7500/10000 [=====================>........] - ETA: 38s - loss: 1.1906 - accuracy: 0.6281
 8000/10000 [=======================>......] - ETA: 31s - loss: 1.1941 - accuracy: 0.6276
 8500/10000 [========================>.....] - ETA: 23s - loss: 1.1976 - accuracy: 0.6278
 9000/10000 [==========================>...] - ETA: 15s - loss: 1.1929 - accuracy: 0.6293
 9500/10000 [===========================>..] - ETA: 7s - loss: 1.1892 - accuracy: 0.6307 
10000/10000 [==============================] - 155s 16ms/step - loss: 1.1911 - accuracy: 0.6291 - val_loss: 1.3423 - val_accuracy: 0.6048
Latency --- 775.1489481925964 seconds ---
For delta=0.000100, the current epsilon is: 2.0042
Saving model with new accuracy, previous accuracy was 0 and present is 0.6291000247001648
Saved model to disk
=====================Iteration========================== 2
For delta=0.000100, the current epsilon is: 2.0042
Noise Mutiplier 1.49
in grads Tensor("loss_1/mul:0", shape=(?,), dtype=float32)
Train on 10000 samples, validate on 2500 samples
Epoch 1/5

  500/10000 [>.............................] - ETA: 2:27 - loss: 2.3210 - accuracy: 0.0840
 1000/10000 [==>...........................] - ETA: 2:18 - loss: 2.3106 - accuracy: 0.0800
 1500/10000 [===>..........................] - ETA: 2:06 - loss: 2.3053 - accuracy: 0.0873
 2000/10000 [=====>........................] - ETA: 1:57 - loss: 2.3029 - accuracy: 0.0965
 2500/10000 [======>.......................] - ETA: 1:52 - loss: 2.2999 - accuracy: 0.0972
 3000/10000 [========>.....................] - ETA: 1:44 - loss: 2.2939 - accuracy: 0.1120
 3500/10000 [=========>....................] - ETA: 1:37 - loss: 2.2858 - accuracy: 0.1163
 4000/10000 [===========>..................] - ETA: 1:30 - loss: 2.2806 - accuracy: 0.1283
 4500/10000 [============>.................] - ETA: 1:22 - loss: 2.2753 - accuracy: 0.1356
 5000/10000 [==============>...............] - ETA: 1:14 - loss: 2.2677 - accuracy: 0.1484
 5500/10000 [===============>..............] - ETA: 1:07 - loss: 2.2536 - accuracy: 0.1591
 6000/10000 [=================>............] - ETA: 1:00 - loss: 2.2416 - accuracy: 0.1623
 6500/10000 [==================>...........] - ETA: 52s - loss: 2.2308 - accuracy: 0.1726 
 7000/10000 [====================>.........] - ETA: 45s - loss: 2.2208 - accuracy: 0.1744
 7500/10000 [=====================>........] - ETA: 37s - loss: 2.2101 - accuracy: 0.1771
 8000/10000 [=======================>......] - ETA: 30s - loss: 2.1984 - accuracy: 0.1841
 8500/10000 [========================>.....] - ETA: 22s - loss: 2.1835 - accuracy: 0.1993
 9000/10000 [==========================>...] - ETA: 15s - loss: 2.1770 - accuracy: 0.2006
 9500/10000 [===========================>..] - ETA: 7s - loss: 2.1694 - accuracy: 0.2076 
10000/10000 [==============================] - 153s 15ms/step - loss: 2.1527 - accuracy: 0.2167 - val_loss: 1.8180 - val_accuracy: 0.3908
Epoch 2/5

  500/10000 [>.............................] - ETA: 2:26 - loss: 1.7264 - accuracy: 0.4440
 1000/10000 [==>...........................] - ETA: 2:18 - loss: 1.7830 - accuracy: 0.4020
 1500/10000 [===>..........................] - ETA: 2:10 - loss: 1.7993 - accuracy: 0.3913
 2000/10000 [=====>........................] - ETA: 2:00 - loss: 1.8346 - accuracy: 0.3910
 2500/10000 [======>.......................] - ETA: 1:54 - loss: 1.8797 - accuracy: 0.3552
 3000/10000 [========>.....................] - ETA: 1:46 - loss: 1.8739 - accuracy: 0.3710
 3500/10000 [=========>....................] - ETA: 1:39 - loss: 1.8630 - accuracy: 0.3677
 4000/10000 [===========>..................] - ETA: 1:31 - loss: 1.8606 - accuracy: 0.3695
 4500/10000 [============>.................] - ETA: 1:23 - loss: 1.8723 - accuracy: 0.3678
 5000/10000 [==============>...............] - ETA: 1:16 - loss: 1.8807 - accuracy: 0.3644
 5500/10000 [===============>..............] - ETA: 1:08 - loss: 1.8724 - accuracy: 0.3671
 6000/10000 [=================>............] - ETA: 1:01 - loss: 1.8700 - accuracy: 0.3660
 6500/10000 [==================>...........] - ETA: 53s - loss: 1.8703 - accuracy: 0.3660 
 7000/10000 [====================>.........] - ETA: 45s - loss: 1.8702 - accuracy: 0.3639
 7500/10000 [=====================>........] - ETA: 38s - loss: 1.8553 - accuracy: 0.3691
 8000/10000 [=======================>......] - ETA: 30s - loss: 1.8527 - accuracy: 0.3758
 8500/10000 [========================>.....] - ETA: 22s - loss: 1.8477 - accuracy: 0.3759
 9000/10000 [==========================>...] - ETA: 15s - loss: 1.8425 - accuracy: 0.3787
 9500/10000 [===========================>..] - ETA: 7s - loss: 1.8320 - accuracy: 0.3821 
10000/10000 [==============================] - 152s 15ms/step - loss: 1.8352 - accuracy: 0.3832 - val_loss: 1.6188 - val_accuracy: 0.4204
Epoch 3/5

  500/10000 [>.............................] - ETA: 2:21 - loss: 1.5780 - accuracy: 0.4520
 1000/10000 [==>...........................] - ETA: 2:20 - loss: 1.6218 - accuracy: 0.4400
 1500/10000 [===>..........................] - ETA: 2:09 - loss: 1.7089 - accuracy: 0.4293
 2000/10000 [=====>........................] - ETA: 2:01 - loss: 1.6701 - accuracy: 0.4365
 2500/10000 [======>.......................] - ETA: 1:52 - loss: 1.6456 - accuracy: 0.4440
 3000/10000 [========>.....................] - ETA: 1:45 - loss: 1.6326 - accuracy: 0.4393
 3500/10000 [=========>....................] - ETA: 1:38 - loss: 1.6692 - accuracy: 0.4303
 4000/10000 [===========>..................] - ETA: 1:30 - loss: 1.6506 - accuracy: 0.4302
 4500/10000 [============>.................] - ETA: 1:23 - loss: 1.6273 - accuracy: 0.4409
 5000/10000 [==============>...............] - ETA: 1:15 - loss: 1.6207 - accuracy: 0.4432
 5500/10000 [===============>..............] - ETA: 1:07 - loss: 1.6104 - accuracy: 0.4424
 6000/10000 [=================>............] - ETA: 1:00 - loss: 1.6228 - accuracy: 0.4403
 6500/10000 [==================>...........] - ETA: 52s - loss: 1.6256 - accuracy: 0.4429 
 7000/10000 [====================>.........] - ETA: 44s - loss: 1.6223 - accuracy: 0.4420
 7500/10000 [=====================>........] - ETA: 37s - loss: 1.6086 - accuracy: 0.4480
 8000/10000 [=======================>......] - ETA: 29s - loss: 1.5927 - accuracy: 0.4512
 8500/10000 [========================>.....] - ETA: 22s - loss: 1.5950 - accuracy: 0.4513
 9000/10000 [==========================>...] - ETA: 15s - loss: 1.5966 - accuracy: 0.4561
 9500/10000 [===========================>..] - ETA: 7s - loss: 1.5754 - accuracy: 0.4639 
10000/10000 [==============================] - 151s 15ms/step - loss: 1.5679 - accuracy: 0.4666 - val_loss: 1.5921 - val_accuracy: 0.4952
Epoch 4/5

  500/10000 [>.............................] - ETA: 2:17 - loss: 1.4948 - accuracy: 0.5020
 1000/10000 [==>...........................] - ETA: 2:09 - loss: 1.4082 - accuracy: 0.5100
 1500/10000 [===>..........................] - ETA: 2:03 - loss: 1.4483 - accuracy: 0.5120
 2000/10000 [=====>........................] - ETA: 1:56 - loss: 1.4145 - accuracy: 0.5190
 2500/10000 [======>.......................] - ETA: 1:49 - loss: 1.4537 - accuracy: 0.5300
 3000/10000 [========>.....................] - ETA: 1:42 - loss: 1.4349 - accuracy: 0.5320
 3500/10000 [=========>....................] - ETA: 1:35 - loss: 1.4563 - accuracy: 0.5283
 4000/10000 [===========>..................] - ETA: 1:28 - loss: 1.4330 - accuracy: 0.5340
 4500/10000 [============>.................] - ETA: 1:21 - loss: 1.4127 - accuracy: 0.5387
 5000/10000 [==============>...............] - ETA: 1:14 - loss: 1.4210 - accuracy: 0.5398
 5500/10000 [===============>..............] - ETA: 1:07 - loss: 1.4206 - accuracy: 0.5371
 6000/10000 [=================>............] - ETA: 1:00 - loss: 1.4029 - accuracy: 0.5403
 6500/10000 [==================>...........] - ETA: 52s - loss: 1.3822 - accuracy: 0.5483 
 7000/10000 [====================>.........] - ETA: 45s - loss: 1.3883 - accuracy: 0.5463
 7500/10000 [=====================>........] - ETA: 37s - loss: 1.3817 - accuracy: 0.5517
 8000/10000 [=======================>......] - ETA: 30s - loss: 1.3792 - accuracy: 0.5504
 8500/10000 [========================>.....] - ETA: 22s - loss: 1.3903 - accuracy: 0.5484
 9000/10000 [==========================>...] - ETA: 15s - loss: 1.3875 - accuracy: 0.5466
 9500/10000 [===========================>..] - ETA: 7s - loss: 1.4049 - accuracy: 0.5423 
10000/10000 [==============================] - 153s 15ms/step - loss: 1.4083 - accuracy: 0.5425 - val_loss: 1.3683 - val_accuracy: 0.5400
Epoch 5/5

  500/10000 [>.............................] - ETA: 2:23 - loss: 1.2873 - accuracy: 0.5620
 1000/10000 [==>...........................] - ETA: 2:12 - loss: 1.2377 - accuracy: 0.5740
 1500/10000 [===>..........................] - ETA: 2:05 - loss: 1.2538 - accuracy: 0.5680
 2000/10000 [=====>........................] - ETA: 1:59 - loss: 1.2754 - accuracy: 0.5635
 2500/10000 [======>.......................] - ETA: 1:52 - loss: 1.2706 - accuracy: 0.5688
 3000/10000 [========>.....................] - ETA: 1:44 - loss: 1.2807 - accuracy: 0.5687
 3500/10000 [=========>....................] - ETA: 1:37 - loss: 1.2708 - accuracy: 0.5791
 4000/10000 [===========>..................] - ETA: 1:30 - loss: 1.3140 - accuracy: 0.5663
 4500/10000 [============>.................] - ETA: 1:22 - loss: 1.3369 - accuracy: 0.5622
 5000/10000 [==============>...............] - ETA: 1:14 - loss: 1.3292 - accuracy: 0.5646
 5500/10000 [===============>..............] - ETA: 1:07 - loss: 1.3257 - accuracy: 0.5695
 6000/10000 [=================>............] - ETA: 59s - loss: 1.3465 - accuracy: 0.5643 
 6500/10000 [==================>...........] - ETA: 52s - loss: 1.3370 - accuracy: 0.5662
 7000/10000 [====================>.........] - ETA: 44s - loss: 1.3570 - accuracy: 0.5607
 7500/10000 [=====================>........] - ETA: 37s - loss: 1.3765 - accuracy: 0.5624
 8000/10000 [=======================>......] - ETA: 30s - loss: 1.3872 - accuracy: 0.5615
 8500/10000 [========================>.....] - ETA: 22s - loss: 1.3870 - accuracy: 0.5642
 9000/10000 [==========================>...] - ETA: 15s - loss: 1.3865 - accuracy: 0.5653
 9500/10000 [===========================>..] - ETA: 7s - loss: 1.3963 - accuracy: 0.5657 
10000/10000 [==============================] - 151s 15ms/step - loss: 1.3957 - accuracy: 0.5670 - val_loss: 1.6725 - val_accuracy: 0.5520
Latency --- 761.0529460906982 seconds ---
For delta=0.000100, the current epsilon is: 2.0042
=====================Iteration========================== 3
For delta=0.000100, the current epsilon is: 2.0042
Noise Mutiplier 1.49
in grads Tensor("loss_2/mul:0", shape=(?,), dtype=float32)
Train on 10000 samples, validate on 2500 samples
Epoch 1/5

  500/10000 [>.............................] - ETA: 2:32 - loss: 2.3034 - accuracy: 0.0980
 1000/10000 [==>...........................] - ETA: 2:23 - loss: 2.2942 - accuracy: 0.1120
 1500/10000 [===>..........................] - ETA: 2:16 - loss: 2.2884 - accuracy: 0.1147
 2000/10000 [=====>........................] - ETA: 2:08 - loss: 2.2798 - accuracy: 0.1270
 2500/10000 [======>.......................] - ETA: 1:58 - loss: 2.2719 - accuracy: 0.1272
 3000/10000 [========>.....................] - ETA: 1:50 - loss: 2.2632 - accuracy: 0.1360
 3500/10000 [=========>....................] - ETA: 1:42 - loss: 2.2495 - accuracy: 0.1534
 4000/10000 [===========>..................] - ETA: 1:34 - loss: 2.2372 - accuracy: 0.1772
 4500/10000 [============>.................] - ETA: 1:26 - loss: 2.2245 - accuracy: 0.1809
 5000/10000 [==============>...............] - ETA: 1:18 - loss: 2.2053 - accuracy: 0.1980
 5500/10000 [===============>..............] - ETA: 1:10 - loss: 2.1841 - accuracy: 0.2185
 6000/10000 [=================>............] - ETA: 1:02 - loss: 2.1642 - accuracy: 0.2357
 6500/10000 [==================>...........] - ETA: 54s - loss: 2.1414 - accuracy: 0.2480 
 7000/10000 [====================>.........] - ETA: 46s - loss: 2.1173 - accuracy: 0.2620
 7500/10000 [=====================>........] - ETA: 38s - loss: 2.1067 - accuracy: 0.2689
 8000/10000 [=======================>......] - ETA: 30s - loss: 2.0940 - accuracy: 0.2770
 8500/10000 [========================>.....] - ETA: 23s - loss: 2.0793 - accuracy: 0.2808
 9000/10000 [==========================>...] - ETA: 15s - loss: 2.0659 - accuracy: 0.2893
 9500/10000 [===========================>..] - ETA: 7s - loss: 2.0527 - accuracy: 0.2934 
10000/10000 [==============================] - 155s 15ms/step - loss: 2.0362 - accuracy: 0.3027 - val_loss: 1.7906 - val_accuracy: 0.4192
Epoch 2/5

  500/10000 [>.............................] - ETA: 2:19 - loss: 1.7668 - accuracy: 0.4340
 1000/10000 [==>...........................] - ETA: 2:15 - loss: 1.6291 - accuracy: 0.4900
 1500/10000 [===>..........................] - ETA: 2:09 - loss: 1.6763 - accuracy: 0.4727
 2000/10000 [=====>........................] - ETA: 2:01 - loss: 1.7024 - accuracy: 0.4425
 2500/10000 [======>.......................] - ETA: 1:53 - loss: 1.6889 - accuracy: 0.4400
 3000/10000 [========>.....................] - ETA: 1:45 - loss: 1.7160 - accuracy: 0.4117
 3500/10000 [=========>....................] - ETA: 1:37 - loss: 1.6802 - accuracy: 0.4291
 4000/10000 [===========>..................] - ETA: 1:29 - loss: 1.6711 - accuracy: 0.4353
 4500/10000 [============>.................] - ETA: 1:22 - loss: 1.6643 - accuracy: 0.4307
 5000/10000 [==============>...............] - ETA: 1:15 - loss: 1.6499 - accuracy: 0.4390
 5500/10000 [===============>..............] - ETA: 1:07 - loss: 1.6335 - accuracy: 0.4445
 6000/10000 [=================>............] - ETA: 1:00 - loss: 1.6320 - accuracy: 0.4402
 6500/10000 [==================>...........] - ETA: 52s - loss: 1.6446 - accuracy: 0.4395 
 7000/10000 [====================>.........] - ETA: 45s - loss: 1.6419 - accuracy: 0.4409
 7500/10000 [=====================>........] - ETA: 37s - loss: 1.6429 - accuracy: 0.4419
 8000/10000 [=======================>......] - ETA: 30s - loss: 1.6427 - accuracy: 0.4454
 8500/10000 [========================>.....] - ETA: 22s - loss: 1.6343 - accuracy: 0.4480
 9000/10000 [==========================>...] - ETA: 15s - loss: 1.6204 - accuracy: 0.4522
 9500/10000 [===========================>..] - ETA: 7s - loss: 1.6169 - accuracy: 0.4547 
10000/10000 [==============================] - 151s 15ms/step - loss: 1.6060 - accuracy: 0.4612 - val_loss: 1.3623 - val_accuracy: 0.5752
Epoch 3/5

  500/10000 [>.............................] - ETA: 2:28 - loss: 1.3657 - accuracy: 0.5960
 1000/10000 [==>...........................] - ETA: 2:16 - loss: 1.3068 - accuracy: 0.5880
 1500/10000 [===>..........................] - ETA: 2:08 - loss: 1.3825 - accuracy: 0.5867
 2000/10000 [=====>........................] - ETA: 2:00 - loss: 1.3617 - accuracy: 0.5805
 2500/10000 [======>.......................] - ETA: 1:53 - loss: 1.3613 - accuracy: 0.5840
 3000/10000 [========>.....................] - ETA: 1:45 - loss: 1.3357 - accuracy: 0.5893
 3500/10000 [=========>....................] - ETA: 1:36 - loss: 1.3468 - accuracy: 0.5797
 4000/10000 [===========>..................] - ETA: 1:28 - loss: 1.3740 - accuracy: 0.5767
 4500/10000 [============>.................] - ETA: 1:21 - loss: 1.3531 - accuracy: 0.5833
 5000/10000 [==============>...............] - ETA: 1:14 - loss: 1.3388 - accuracy: 0.5842
 5500/10000 [===============>..............] - ETA: 1:07 - loss: 1.3363 - accuracy: 0.5858
 6000/10000 [=================>............] - ETA: 59s - loss: 1.3198 - accuracy: 0.5902 
 6500/10000 [==================>...........] - ETA: 52s - loss: 1.3040 - accuracy: 0.5943
 7000/10000 [====================>.........] - ETA: 45s - loss: 1.2895 - accuracy: 0.5984
 7500/10000 [=====================>........] - ETA: 37s - loss: 1.2884 - accuracy: 0.5980
 8000/10000 [=======================>......] - ETA: 29s - loss: 1.2723 - accuracy: 0.6025
 8500/10000 [========================>.....] - ETA: 22s - loss: 1.2654 - accuracy: 0.6040
 9000/10000 [==========================>...] - ETA: 14s - loss: 1.2840 - accuracy: 0.5976
 9500/10000 [===========================>..] - ETA: 7s - loss: 1.2937 - accuracy: 0.5942 
10000/10000 [==============================] - 150s 15ms/step - loss: 1.2880 - accuracy: 0.5936 - val_loss: 1.4631 - val_accuracy: 0.5060
Epoch 4/5

  500/10000 [>.............................] - ETA: 2:24 - loss: 1.2541 - accuracy: 0.5640
 1000/10000 [==>...........................] - ETA: 2:18 - loss: 1.3140 - accuracy: 0.5840
 1500/10000 [===>..........................] - ETA: 2:08 - loss: 1.4260 - accuracy: 0.5487
 2000/10000 [=====>........................] - ETA: 2:01 - loss: 1.4990 - accuracy: 0.5575
 2500/10000 [======>.......................] - ETA: 1:54 - loss: 1.5475 - accuracy: 0.5428
 3000/10000 [========>.....................] - ETA: 1:46 - loss: 1.5301 - accuracy: 0.5533
 3500/10000 [=========>....................] - ETA: 1:38 - loss: 1.5313 - accuracy: 0.5509
 4000/10000 [===========>..................] - ETA: 1:31 - loss: 1.5404 - accuracy: 0.5587
 4500/10000 [============>.................] - ETA: 1:22 - loss: 1.5247 - accuracy: 0.5584
 5000/10000 [==============>...............] - ETA: 1:15 - loss: 1.5049 - accuracy: 0.5578
 5500/10000 [===============>..............] - ETA: 1:08 - loss: 1.4765 - accuracy: 0.5622
 6000/10000 [=================>............] - ETA: 1:00 - loss: 1.4832 - accuracy: 0.5647
 6500/10000 [==================>...........] - ETA: 52s - loss: 1.4576 - accuracy: 0.5703 
 7000/10000 [====================>.........] - ETA: 45s - loss: 1.4459 - accuracy: 0.5761
 7500/10000 [=====================>........] - ETA: 37s - loss: 1.4449 - accuracy: 0.5748
 8000/10000 [=======================>......] - ETA: 30s - loss: 1.4558 - accuracy: 0.5761
 8500/10000 [========================>.....] - ETA: 22s - loss: 1.4354 - accuracy: 0.5799
 9000/10000 [==========================>...] - ETA: 15s - loss: 1.4363 - accuracy: 0.5818
 9500/10000 [===========================>..] - ETA: 7s - loss: 1.4234 - accuracy: 0.5837 
10000/10000 [==============================] - 151s 15ms/step - loss: 1.4044 - accuracy: 0.5889 - val_loss: 1.3474 - val_accuracy: 0.6004
Epoch 5/5

  500/10000 [>.............................] - ETA: 2:14 - loss: 1.3262 - accuracy: 0.6260
 1000/10000 [==>...........................] - ETA: 2:13 - loss: 1.3140 - accuracy: 0.6150
 1500/10000 [===>..........................] - ETA: 2:08 - loss: 1.3250 - accuracy: 0.6127
 2000/10000 [=====>........................] - ETA: 2:00 - loss: 1.3198 - accuracy: 0.6190
 2500/10000 [======>.......................] - ETA: 1:52 - loss: 1.2997 - accuracy: 0.6236
 3000/10000 [========>.....................] - ETA: 1:46 - loss: 1.2962 - accuracy: 0.6250
 3500/10000 [=========>....................] - ETA: 1:38 - loss: 1.2848 - accuracy: 0.6274
 4000/10000 [===========>..................] - ETA: 1:30 - loss: 1.2616 - accuracy: 0.6323
 4500/10000 [============>.................] - ETA: 1:22 - loss: 1.2409 - accuracy: 0.6371
 5000/10000 [==============>...............] - ETA: 1:15 - loss: 1.2356 - accuracy: 0.6382
 5500/10000 [===============>..............] - ETA: 1:07 - loss: 1.2400 - accuracy: 0.6380
 6000/10000 [=================>............] - ETA: 1:00 - loss: 1.2416 - accuracy: 0.6385
 6500/10000 [==================>...........] - ETA: 52s - loss: 1.2382 - accuracy: 0.6406 
 7000/10000 [====================>.........] - ETA: 45s - loss: 1.2366 - accuracy: 0.6421
 7500/10000 [=====================>........] - ETA: 37s - loss: 1.2421 - accuracy: 0.6427
 8000/10000 [=======================>......] - ETA: 29s - loss: 1.2343 - accuracy: 0.6445
 8500/10000 [========================>.....] - ETA: 22s - loss: 1.2336 - accuracy: 0.6440
 9000/10000 [==========================>...] - ETA: 14s - loss: 1.2363 - accuracy: 0.6424
 9500/10000 [===========================>..] - ETA: 7s - loss: 1.2518 - accuracy: 0.6376 
10000/10000 [==============================] - 150s 15ms/step - loss: 1.2594 - accuracy: 0.6363 - val_loss: 1.4584 - val_accuracy: 0.5888
Latency --- 757.2340722084045 seconds ---
For delta=0.000100, the current epsilon is: 2.0042
Saving model with new accuracy, previous accuracy was 0.6291000247001648 and present is 0.6363000273704529
Saved model to disk
=====================Iteration========================== 4
For delta=0.000100, the current epsilon is: 2.0042
Noise Mutiplier 1.49
in grads Tensor("loss_3/mul:0", shape=(?,), dtype=float32)
Train on 10000 samples, validate on 2500 samples
Epoch 1/5

  500/10000 [>.............................] - ETA: 2:34 - loss: 2.3293 - accuracy: 0.0780
 1000/10000 [==>...........................] - ETA: 2:21 - loss: 2.3188 - accuracy: 0.1120
 1500/10000 [===>..........................] - ETA: 2:12 - loss: 2.3079 - accuracy: 0.1160
 2000/10000 [=====>........................] - ETA: 2:01 - loss: 2.2966 - accuracy: 0.1375
 2500/10000 [======>.......................] - ETA: 1:53 - loss: 2.2858 - accuracy: 0.1364
 3000/10000 [========>.....................] - ETA: 1:47 - loss: 2.2749 - accuracy: 0.1497
 3500/10000 [=========>....................] - ETA: 1:39 - loss: 2.2652 - accuracy: 0.1454
 4000/10000 [===========>..................] - ETA: 1:31 - loss: 2.2527 - accuracy: 0.1665
 4500/10000 [============>.................] - ETA: 1:23 - loss: 2.2430 - accuracy: 0.1742
 5000/10000 [==============>...............] - ETA: 1:16 - loss: 2.2348 - accuracy: 0.1828
 5500/10000 [===============>..............] - ETA: 1:09 - loss: 2.2241 - accuracy: 0.1798
 6000/10000 [=================>............] - ETA: 1:01 - loss: 2.2135 - accuracy: 0.1875
 6500/10000 [==================>...........] - ETA: 53s - loss: 2.2108 - accuracy: 0.1834 
 7000/10000 [====================>.........] - ETA: 45s - loss: 2.1993 - accuracy: 0.1906
 7500/10000 [=====================>........] - ETA: 38s - loss: 2.1838 - accuracy: 0.2029
 8000/10000 [=======================>......] - ETA: 30s - loss: 2.1675 - accuracy: 0.2149
 8500/10000 [========================>.....] - ETA: 23s - loss: 2.1493 - accuracy: 0.2258
 9000/10000 [==========================>...] - ETA: 15s - loss: 2.1401 - accuracy: 0.2301
 9500/10000 [===========================>..] - ETA: 7s - loss: 2.1253 - accuracy: 0.2386 
10000/10000 [==============================] - 155s 16ms/step - loss: 2.1121 - accuracy: 0.2422 - val_loss: 2.0001 - val_accuracy: 0.2804
Epoch 2/5

  500/10000 [>.............................] - ETA: 2:22 - loss: 1.9989 - accuracy: 0.2560
 1000/10000 [==>...........................] - ETA: 2:18 - loss: 1.9673 - accuracy: 0.3120
 1500/10000 [===>..........................] - ETA: 2:10 - loss: 1.9757 - accuracy: 0.3200
 2000/10000 [=====>........................] - ETA: 2:02 - loss: 1.9707 - accuracy: 0.3315
 2500/10000 [======>.......................] - ETA: 1:55 - loss: 2.0458 - accuracy: 0.2972
 3000/10000 [========>.....................] - ETA: 1:48 - loss: 2.0313 - accuracy: 0.3087
 3500/10000 [=========>....................] - ETA: 1:40 - loss: 2.0363 - accuracy: 0.3040
 4000/10000 [===========>..................] - ETA: 1:32 - loss: 2.0111 - accuracy: 0.3117
 4500/10000 [============>.................] - ETA: 1:24 - loss: 1.9825 - accuracy: 0.3222
 5000/10000 [==============>...............] - ETA: 1:16 - loss: 2.0019 - accuracy: 0.3152
 5500/10000 [===============>..............] - ETA: 1:08 - loss: 2.0146 - accuracy: 0.3044
 6000/10000 [=================>............] - ETA: 1:01 - loss: 1.9978 - accuracy: 0.3117
 6500/10000 [==================>...........] - ETA: 53s - loss: 1.9842 - accuracy: 0.3094 
 7000/10000 [====================>.........] - ETA: 45s - loss: 1.9871 - accuracy: 0.3103
 7500/10000 [=====================>........] - ETA: 38s - loss: 1.9807 - accuracy: 0.3111
 8000/10000 [=======================>......] - ETA: 30s - loss: 1.9614 - accuracy: 0.3170
 8500/10000 [========================>.....] - ETA: 22s - loss: 1.9420 - accuracy: 0.3234
 9000/10000 [==========================>...] - ETA: 15s - loss: 1.9343 - accuracy: 0.3277
 9500/10000 [===========================>..] - ETA: 7s - loss: 1.9152 - accuracy: 0.3353 
10000/10000 [==============================] - 153s 15ms/step - loss: 1.8975 - accuracy: 0.3442 - val_loss: 1.4527 - val_accuracy: 0.5092
Epoch 3/5

  500/10000 [>.............................] - ETA: 2:19 - loss: 1.3692 - accuracy: 0.5140
 1000/10000 [==>...........................] - ETA: 2:17 - loss: 1.5230 - accuracy: 0.4630
 1500/10000 [===>..........................] - ETA: 2:11 - loss: 1.7528 - accuracy: 0.4247
 2000/10000 [=====>........................] - ETA: 2:03 - loss: 1.8392 - accuracy: 0.4290
 2500/10000 [======>.......................] - ETA: 1:55 - loss: 1.7675 - accuracy: 0.4376
 3000/10000 [========>.....................] - ETA: 1:48 - loss: 1.7178 - accuracy: 0.4523
 3500/10000 [=========>....................] - ETA: 1:39 - loss: 1.7062 - accuracy: 0.4554
 4000/10000 [===========>..................] - ETA: 1:31 - loss: 1.6708 - accuracy: 0.4635
 4500/10000 [============>.................] - ETA: 1:23 - loss: 1.6547 - accuracy: 0.4676
 5000/10000 [==============>...............] - ETA: 1:15 - loss: 1.6341 - accuracy: 0.4724
 5500/10000 [===============>..............] - ETA: 1:08 - loss: 1.6266 - accuracy: 0.4756
 6000/10000 [=================>............] - ETA: 1:01 - loss: 1.6170 - accuracy: 0.4780
 6500/10000 [==================>...........] - ETA: 53s - loss: 1.6012 - accuracy: 0.4789 
 7000/10000 [====================>.........] - ETA: 46s - loss: 1.6238 - accuracy: 0.4806
 7500/10000 [=====================>........] - ETA: 38s - loss: 1.5915 - accuracy: 0.4908
 8000/10000 [=======================>......] - ETA: 30s - loss: 1.5688 - accuracy: 0.4966
 8500/10000 [========================>.....] - ETA: 23s - loss: 1.5499 - accuracy: 0.5000
 9000/10000 [==========================>...] - ETA: 15s - loss: 1.5494 - accuracy: 0.5001
 9500/10000 [===========================>..] - ETA: 7s - loss: 1.5439 - accuracy: 0.5024 
10000/10000 [==============================] - 154s 15ms/step - loss: 1.5392 - accuracy: 0.5029 - val_loss: 1.6220 - val_accuracy: 0.5104
Epoch 4/5

  500/10000 [>.............................] - ETA: 2:27 - loss: 1.5045 - accuracy: 0.5240
 1000/10000 [==>...........................] - ETA: 2:23 - loss: 1.5435 - accuracy: 0.5180
 1500/10000 [===>..........................] - ETA: 2:14 - loss: 1.4797 - accuracy: 0.5280
 2000/10000 [=====>........................] - ETA: 2:04 - loss: 1.4539 - accuracy: 0.5295
 2500/10000 [======>.......................] - ETA: 1:56 - loss: 1.4184 - accuracy: 0.5348
 3000/10000 [========>.....................] - ETA: 1:48 - loss: 1.3827 - accuracy: 0.5460
 3500/10000 [=========>....................] - ETA: 1:40 - loss: 1.3684 - accuracy: 0.5517
 4000/10000 [===========>..................] - ETA: 1:32 - loss: 1.3730 - accuracy: 0.5487
 4500/10000 [============>.................] - ETA: 1:23 - loss: 1.3465 - accuracy: 0.5527
 5000/10000 [==============>...............] - ETA: 1:16 - loss: 1.3316 - accuracy: 0.5554
 5500/10000 [===============>..............] - ETA: 1:09 - loss: 1.3074 - accuracy: 0.5631
 6000/10000 [=================>............] - ETA: 1:01 - loss: 1.2984 - accuracy: 0.5670
 6500/10000 [==================>...........] - ETA: 53s - loss: 1.2858 - accuracy: 0.5702 
 7000/10000 [====================>.........] - ETA: 46s - loss: 1.2955 - accuracy: 0.5699
 7500/10000 [=====================>........] - ETA: 38s - loss: 1.3090 - accuracy: 0.5680
 8000/10000 [=======================>......] - ETA: 30s - loss: 1.2937 - accuracy: 0.5735
 8500/10000 [========================>.....] - ETA: 23s - loss: 1.2832 - accuracy: 0.5758
 9000/10000 [==========================>...] - ETA: 15s - loss: 1.2787 - accuracy: 0.5776
 9500/10000 [===========================>..] - ETA: 7s - loss: 1.2711 - accuracy: 0.5799 
10000/10000 [==============================] - 153s 15ms/step - loss: 1.2647 - accuracy: 0.5816 - val_loss: 1.1332 - val_accuracy: 0.6140
Epoch 5/5

  500/10000 [>.............................] - ETA: 2:28 - loss: 1.0273 - accuracy: 0.6700
 1000/10000 [==>...........................] - ETA: 2:19 - loss: 1.0999 - accuracy: 0.6440
 1500/10000 [===>..........................] - ETA: 2:10 - loss: 1.1450 - accuracy: 0.6293
 2000/10000 [=====>........................] - ETA: 2:00 - loss: 1.1983 - accuracy: 0.6235
 2500/10000 [======>.......................] - ETA: 1:51 - loss: 1.3466 - accuracy: 0.5896
 3000/10000 [========>.....................] - ETA: 1:43 - loss: 1.3654 - accuracy: 0.5793
 3500/10000 [=========>....................] - ETA: 1:36 - loss: 1.3853 - accuracy: 0.5820
 4000/10000 [===========>..................] - ETA: 1:29 - loss: 1.3990 - accuracy: 0.5753
 4500/10000 [============>.................] - ETA: 1:22 - loss: 1.3619 - accuracy: 0.5836
 5000/10000 [==============>...............] - ETA: 1:14 - loss: 1.3658 - accuracy: 0.5878
 5500/10000 [===============>..............] - ETA: 1:07 - loss: 1.3924 - accuracy: 0.5825
 6000/10000 [=================>............] - ETA: 1:00 - loss: 1.3722 - accuracy: 0.5858
 6500/10000 [==================>...........] - ETA: 52s - loss: 1.3401 - accuracy: 0.5928 
 7000/10000 [====================>.........] - ETA: 45s - loss: 1.3403 - accuracy: 0.5927
 7500/10000 [=====================>........] - ETA: 37s - loss: 1.3403 - accuracy: 0.5935
 8000/10000 [=======================>......] - ETA: 30s - loss: 1.3355 - accuracy: 0.5961
 8500/10000 [========================>.....] - ETA: 22s - loss: 1.3223 - accuracy: 0.6001
 9000/10000 [==========================>...] - ETA: 15s - loss: 1.3176 - accuracy: 0.6003
 9500/10000 [===========================>..] - ETA: 7s - loss: 1.3178 - accuracy: 0.6012 
10000/10000 [==============================] - 152s 15ms/step - loss: 1.3225 - accuracy: 0.5999 - val_loss: 1.4712 - val_accuracy: 0.5792
Latency --- 771.132666349411 seconds ---
For delta=0.000100, the current epsilon is: 2.0042
=====================Iteration========================== 5
For delta=0.000100, the current epsilon is: 2.0042
Noise Mutiplier 1.49
in grads Tensor("loss_4/mul:0", shape=(?,), dtype=float32)
Train on 10000 samples, validate on 2500 samples
Epoch 1/5

  500/10000 [>.............................] - ETA: 2:27 - loss: 2.3130 - accuracy: 0.0780
 1000/10000 [==>...........................] - ETA: 2:19 - loss: 2.2993 - accuracy: 0.0770
 1500/10000 [===>..........................] - ETA: 2:13 - loss: 2.2960 - accuracy: 0.1240
 2000/10000 [=====>........................] - ETA: 2:04 - loss: 2.2889 - accuracy: 0.1315
 2500/10000 [======>.......................] - ETA: 1:57 - loss: 2.2789 - accuracy: 0.1468
 3000/10000 [========>.....................] - ETA: 1:48 - loss: 2.2763 - accuracy: 0.1353
 3500/10000 [=========>....................] - ETA: 1:40 - loss: 2.2721 - accuracy: 0.1491
 4000/10000 [===========>..................] - ETA: 1:33 - loss: 2.2655 - accuracy: 0.1420
 4500/10000 [============>.................] - ETA: 1:25 - loss: 2.2661 - accuracy: 0.1389
 5000/10000 [==============>...............] - ETA: 1:17 - loss: 2.2576 - accuracy: 0.1398
 5500/10000 [===============>..............] - ETA: 1:09 - loss: 2.2499 - accuracy: 0.1475
 6000/10000 [=================>............] - ETA: 1:02 - loss: 2.2333 - accuracy: 0.1555
 6500/10000 [==================>...........] - ETA: 54s - loss: 2.2293 - accuracy: 0.1592 
 7000/10000 [====================>.........] - ETA: 46s - loss: 2.2230 - accuracy: 0.1589
 7500/10000 [=====================>........] - ETA: 39s - loss: 2.2175 - accuracy: 0.1639
 8000/10000 [=======================>......] - ETA: 31s - loss: 2.2087 - accuracy: 0.1674
 8500/10000 [========================>.....] - ETA: 23s - loss: 2.1956 - accuracy: 0.1767
 9000/10000 [==========================>...] - ETA: 15s - loss: 2.1841 - accuracy: 0.1851
 9500/10000 [===========================>..] - ETA: 7s - loss: 2.1762 - accuracy: 0.1899 
10000/10000 [==============================] - 157s 16ms/step - loss: 2.1636 - accuracy: 0.1976 - val_loss: 1.9276 - val_accuracy: 0.3552
Epoch 2/5

  500/10000 [>.............................] - ETA: 2:25 - loss: 1.9221 - accuracy: 0.3220
 1000/10000 [==>...........................] - ETA: 2:18 - loss: 1.9698 - accuracy: 0.3130
 1500/10000 [===>..........................] - ETA: 2:10 - loss: 2.0013 - accuracy: 0.3000
 2000/10000 [=====>........................] - ETA: 2:04 - loss: 1.9697 - accuracy: 0.3170
 2500/10000 [======>.......................] - ETA: 1:55 - loss: 1.9639 - accuracy: 0.3008
 3000/10000 [========>.....................] - ETA: 1:47 - loss: 1.9475 - accuracy: 0.3197
 3500/10000 [=========>....................] - ETA: 1:39 - loss: 1.9292 - accuracy: 0.3209
 4000/10000 [===========>..................] - ETA: 1:32 - loss: 1.9294 - accuracy: 0.3255
 4500/10000 [============>.................] - ETA: 1:24 - loss: 1.9220 - accuracy: 0.3260
 5000/10000 [==============>...............] - ETA: 1:16 - loss: 1.9075 - accuracy: 0.3356
 5500/10000 [===============>..............] - ETA: 1:09 - loss: 1.8920 - accuracy: 0.3416
 6000/10000 [=================>............] - ETA: 1:01 - loss: 1.8812 - accuracy: 0.3433
 6500/10000 [==================>...........] - ETA: 53s - loss: 1.8567 - accuracy: 0.3532 
 7000/10000 [====================>.........] - ETA: 46s - loss: 1.8360 - accuracy: 0.3589
 7500/10000 [=====================>........] - ETA: 38s - loss: 1.8264 - accuracy: 0.3625
 8000/10000 [=======================>......] - ETA: 30s - loss: 1.8383 - accuracy: 0.3598
 8500/10000 [========================>.....] - ETA: 23s - loss: 1.8291 - accuracy: 0.3653
 9000/10000 [==========================>...] - ETA: 15s - loss: 1.8130 - accuracy: 0.3701
 9500/10000 [===========================>..] - ETA: 7s - loss: 1.8147 - accuracy: 0.3772 
10000/10000 [==============================] - 155s 16ms/step - loss: 1.8076 - accuracy: 0.3793 - val_loss: 1.9344 - val_accuracy: 0.3428
Epoch 3/5

  500/10000 [>.............................] - ETA: 2:27 - loss: 1.8772 - accuracy: 0.3760
 1000/10000 [==>...........................] - ETA: 2:21 - loss: 1.8078 - accuracy: 0.3810
 1500/10000 [===>..........................] - ETA: 2:11 - loss: 1.7695 - accuracy: 0.3893
 2000/10000 [=====>........................] - ETA: 2:02 - loss: 1.7155 - accuracy: 0.4055
 2500/10000 [======>.......................] - ETA: 1:54 - loss: 1.6642 - accuracy: 0.4244
 3000/10000 [========>.....................] - ETA: 1:47 - loss: 1.6865 - accuracy: 0.4280
 3500/10000 [=========>....................] - ETA: 1:39 - loss: 1.6717 - accuracy: 0.4294
 4000/10000 [===========>..................] - ETA: 1:32 - loss: 1.6555 - accuracy: 0.4308
 4500/10000 [============>.................] - ETA: 1:23 - loss: 1.6558 - accuracy: 0.4329
 5000/10000 [==============>...............] - ETA: 1:16 - loss: 1.6680 - accuracy: 0.4296
 5500/10000 [===============>..............] - ETA: 1:08 - loss: 1.6652 - accuracy: 0.4331
 6000/10000 [=================>............] - ETA: 1:01 - loss: 1.6511 - accuracy: 0.4368
 6500/10000 [==================>...........] - ETA: 53s - loss: 1.6505 - accuracy: 0.4458 
 7000/10000 [====================>.........] - ETA: 46s - loss: 1.6330 - accuracy: 0.4519
 7500/10000 [=====================>........] - ETA: 38s - loss: 1.6190 - accuracy: 0.4552
 8000/10000 [=======================>......] - ETA: 30s - loss: 1.6405 - accuracy: 0.4531
 8500/10000 [========================>.....] - ETA: 22s - loss: 1.6237 - accuracy: 0.4569
 9000/10000 [==========================>...] - ETA: 15s - loss: 1.6306 - accuracy: 0.4569
 9500/10000 [===========================>..] - ETA: 7s - loss: 1.6336 - accuracy: 0.4544 
10000/10000 [==============================] - 153s 15ms/step - loss: 1.6237 - accuracy: 0.4560 - val_loss: 1.4657 - val_accuracy: 0.5008
Epoch 4/5

  500/10000 [>.............................] - ETA: 2:24 - loss: 1.4522 - accuracy: 0.5140
 1000/10000 [==>...........................] - ETA: 2:19 - loss: 1.3878 - accuracy: 0.5490
 1500/10000 [===>..........................] - ETA: 2:10 - loss: 1.4673 - accuracy: 0.5160
 2000/10000 [=====>........................] - ETA: 2:04 - loss: 1.4506 - accuracy: 0.5145
 2500/10000 [======>.......................] - ETA: 1:56 - loss: 1.5075 - accuracy: 0.5084
 3000/10000 [========>.....................] - ETA: 1:48 - loss: 1.5273 - accuracy: 0.5143
 3500/10000 [=========>....................] - ETA: 1:40 - loss: 1.5153 - accuracy: 0.5194
 4000/10000 [===========>..................] - ETA: 1:32 - loss: 1.5004 - accuracy: 0.5190
 4500/10000 [============>.................] - ETA: 1:24 - loss: 1.4784 - accuracy: 0.5224
 5000/10000 [==============>...............] - ETA: 1:17 - loss: 1.4844 - accuracy: 0.5254
 5500/10000 [===============>..............] - ETA: 1:09 - loss: 1.5158 - accuracy: 0.5171
 6000/10000 [=================>............] - ETA: 1:01 - loss: 1.5368 - accuracy: 0.5105
 6500/10000 [==================>...........] - ETA: 53s - loss: 1.5099 - accuracy: 0.5182 
 7000/10000 [====================>.........] - ETA: 45s - loss: 1.5077 - accuracy: 0.5196
 7500/10000 [=====================>........] - ETA: 38s - loss: 1.5148 - accuracy: 0.5180
 8000/10000 [=======================>......] - ETA: 30s - loss: 1.5108 - accuracy: 0.5200
 8500/10000 [========================>.....] - ETA: 22s - loss: 1.5296 - accuracy: 0.5186
 9000/10000 [==========================>...] - ETA: 15s - loss: 1.5313 - accuracy: 0.5190
 9500/10000 [===========================>..] - ETA: 7s - loss: 1.5262 - accuracy: 0.5199 
10000/10000 [==============================] - 153s 15ms/step - loss: 1.5292 - accuracy: 0.5203 - val_loss: 1.7627 - val_accuracy: 0.4792
Epoch 5/5

  500/10000 [>.............................] - ETA: 2:21 - loss: 1.4506 - accuracy: 0.5240
 1000/10000 [==>...........................] - ETA: 2:11 - loss: 1.5030 - accuracy: 0.5380
 1500/10000 [===>..........................] - ETA: 2:05 - loss: 1.5037 - accuracy: 0.5447
 2000/10000 [=====>........................] - ETA: 2:00 - loss: 1.4663 - accuracy: 0.5515
 2500/10000 [======>.......................] - ETA: 1:52 - loss: 1.4363 - accuracy: 0.5580
 3000/10000 [========>.....................] - ETA: 1:45 - loss: 1.4680 - accuracy: 0.5483
 3500/10000 [=========>....................] - ETA: 1:39 - loss: 1.5279 - accuracy: 0.5351
 4000/10000 [===========>..................] - ETA: 1:31 - loss: 1.5113 - accuracy: 0.5408
 4500/10000 [============>.................] - ETA: 1:24 - loss: 1.5403 - accuracy: 0.5324
 5000/10000 [==============>...............] - ETA: 1:16 - loss: 1.5470 - accuracy: 0.5320
 5500/10000 [===============>..............] - ETA: 1:09 - loss: 1.5620 - accuracy: 0.5325
 6000/10000 [=================>............] - ETA: 1:01 - loss: 1.5347 - accuracy: 0.5363
 6500/10000 [==================>...........] - ETA: 53s - loss: 1.5541 - accuracy: 0.5309 
 7000/10000 [====================>.........] - ETA: 46s - loss: 1.5888 - accuracy: 0.5241
 7500/10000 [=====================>........] - ETA: 38s - loss: 1.6087 - accuracy: 0.5207
 8000/10000 [=======================>......] - ETA: 30s - loss: 1.5861 - accuracy: 0.5251
 8500/10000 [========================>.....] - ETA: 23s - loss: 1.5587 - accuracy: 0.5326
 9000/10000 [==========================>...] - ETA: 15s - loss: 1.5405 - accuracy: 0.5367
 9500/10000 [===========================>..] - ETA: 7s - loss: 1.5308 - accuracy: 0.5376 
10000/10000 [==============================] - 154s 15ms/step - loss: 1.5429 - accuracy: 0.5389 - val_loss: 1.6471 - val_accuracy: 0.5256
Latency --- 774.5843820571899 seconds ---
For delta=0.000100, the current epsilon is: 2.0042
=====================Iteration========================== 6
For delta=0.000100, the current epsilon is: 2.0042
Noise Mutiplier 1.49
in grads Tensor("loss_5/mul:0", shape=(?,), dtype=float32)
Train on 10000 samples, validate on 2500 samples
Epoch 1/5

  500/10000 [>.............................] - ETA: 2:44 - loss: 2.3065 - accuracy: 0.1100
 1000/10000 [==>...........................] - ETA: 2:26 - loss: 2.2899 - accuracy: 0.1480
 1500/10000 [===>..........................] - ETA: 2:15 - loss: 2.2776 - accuracy: 0.1693
 2000/10000 [=====>........................] - ETA: 2:06 - loss: 2.2838 - accuracy: 0.1745
 2500/10000 [======>.......................] - ETA: 1:57 - loss: 2.2725 - accuracy: 0.1732
 3000/10000 [========>.....................] - ETA: 1:49 - loss: 2.2538 - accuracy: 0.1863
 3500/10000 [=========>....................] - ETA: 1:41 - loss: 2.2345 - accuracy: 0.2069
 4000/10000 [===========>..................] - ETA: 1:33 - loss: 2.2197 - accuracy: 0.2208
 4500/10000 [============>.................] - ETA: 1:26 - loss: 2.2082 - accuracy: 0.2264
 5000/10000 [==============>...............] - ETA: 1:18 - loss: 2.1971 - accuracy: 0.2212
 5500/10000 [===============>..............] - ETA: 1:10 - loss: 2.1784 - accuracy: 0.2278
 6000/10000 [=================>............] - ETA: 1:01 - loss: 2.1553 - accuracy: 0.2345
 6500/10000 [==================>...........] - ETA: 54s - loss: 2.1526 - accuracy: 0.2365 
 7000/10000 [====================>.........] - ETA: 46s - loss: 2.1341 - accuracy: 0.2484
 7500/10000 [=====================>........] - ETA: 38s - loss: 2.1287 - accuracy: 0.2537
 8000/10000 [=======================>......] - ETA: 30s - loss: 2.1157 - accuracy: 0.2612
 8500/10000 [========================>.....] - ETA: 23s - loss: 2.0968 - accuracy: 0.2689
 9000/10000 [==========================>...] - ETA: 15s - loss: 2.0864 - accuracy: 0.2752
 9500/10000 [===========================>..] - ETA: 7s - loss: 2.0712 - accuracy: 0.2831 
10000/10000 [==============================] - 156s 16ms/step - loss: 2.0600 - accuracy: 0.2896 - val_loss: 1.8018 - val_accuracy: 0.3296
Epoch 2/5

  500/10000 [>.............................] - ETA: 2:33 - loss: 1.7703 - accuracy: 0.3520
 1000/10000 [==>...........................] - ETA: 2:23 - loss: 1.9430 - accuracy: 0.3040
 1500/10000 [===>..........................] - ETA: 2:14 - loss: 2.0110 - accuracy: 0.2887
 2000/10000 [=====>........................] - ETA: 2:04 - loss: 2.0235 - accuracy: 0.3035
 2500/10000 [======>.......................] - ETA: 1:55 - loss: 1.9641 - accuracy: 0.3256
 3000/10000 [========>.....................] - ETA: 1:48 - loss: 1.9399 - accuracy: 0.3350
 3500/10000 [=========>....................] - ETA: 1:40 - loss: 1.9013 - accuracy: 0.3471
 4000/10000 [===========>..................] - ETA: 1:32 - loss: 1.8952 - accuracy: 0.3450
 4500/10000 [============>.................] - ETA: 1:25 - loss: 1.8656 - accuracy: 0.3600
 5000/10000 [==============>...............] - ETA: 1:17 - loss: 1.8295 - accuracy: 0.3788
 5500/10000 [===============>..............] - ETA: 1:09 - loss: 1.8070 - accuracy: 0.3845
 6000/10000 [=================>............] - ETA: 1:01 - loss: 1.7973 - accuracy: 0.3850
 6500/10000 [==================>...........] - ETA: 53s - loss: 1.8036 - accuracy: 0.3826 
 7000/10000 [====================>.........] - ETA: 45s - loss: 1.8021 - accuracy: 0.3864
 7500/10000 [=====================>........] - ETA: 38s - loss: 1.7955 - accuracy: 0.3891
 8000/10000 [=======================>......] - ETA: 30s - loss: 1.7930 - accuracy: 0.3921
 8500/10000 [========================>.....] - ETA: 22s - loss: 1.7867 - accuracy: 0.3945
 9000/10000 [==========================>...] - ETA: 15s - loss: 1.7727 - accuracy: 0.3978
 9500/10000 [===========================>..] - ETA: 7s - loss: 1.7796 - accuracy: 0.3935 
10000/10000 [==============================] - 153s 15ms/step - loss: 1.7607 - accuracy: 0.4000 - val_loss: 1.9070 - val_accuracy: 0.3724
Epoch 3/5

  500/10000 [>.............................] - ETA: 2:20 - loss: 1.8045 - accuracy: 0.3900
 1000/10000 [==>...........................] - ETA: 2:19 - loss: 1.6123 - accuracy: 0.4520
 1500/10000 [===>..........................] - ETA: 2:11 - loss: 1.6205 - accuracy: 0.4533
 2000/10000 [=====>........................] - ETA: 2:02 - loss: 1.5733 - accuracy: 0.4640
 2500/10000 [======>.......................] - ETA: 1:54 - loss: 1.5797 - accuracy: 0.4600
 3000/10000 [========>.....................] - ETA: 1:46 - loss: 1.5889 - accuracy: 0.4567
 3500/10000 [=========>....................] - ETA: 1:39 - loss: 1.5794 - accuracy: 0.4589
 4000/10000 [===========>..................] - ETA: 1:32 - loss: 1.6060 - accuracy: 0.4507
 4500/10000 [============>.................] - ETA: 1:24 - loss: 1.5999 - accuracy: 0.4513
 5000/10000 [==============>...............] - ETA: 1:16 - loss: 1.6121 - accuracy: 0.4478
 5500/10000 [===============>..............] - ETA: 1:08 - loss: 1.6079 - accuracy: 0.4505
 6000/10000 [=================>............] - ETA: 1:01 - loss: 1.5841 - accuracy: 0.4563
 6500/10000 [==================>...........] - ETA: 53s - loss: 1.5716 - accuracy: 0.4634 
 7000/10000 [====================>.........] - ETA: 45s - loss: 1.5531 - accuracy: 0.4691
 7500/10000 [=====================>........] - ETA: 38s - loss: 1.5472 - accuracy: 0.4712
 8000/10000 [=======================>......] - ETA: 30s - loss: 1.5347 - accuracy: 0.4751
 8500/10000 [========================>.....] - ETA: 22s - loss: 1.5215 - accuracy: 0.4794
 9000/10000 [==========================>...] - ETA: 15s - loss: 1.5036 - accuracy: 0.4856
 9500/10000 [===========================>..] - ETA: 7s - loss: 1.4967 - accuracy: 0.4869 
10000/10000 [==============================] - 153s 15ms/step - loss: 1.4950 - accuracy: 0.4870 - val_loss: 1.5515 - val_accuracy: 0.4924
Epoch 4/5

  500/10000 [>.............................] - ETA: 2:19 - loss: 1.4356 - accuracy: 0.5300
 1000/10000 [==>...........................] - ETA: 2:17 - loss: 1.4895 - accuracy: 0.5130
 1500/10000 [===>..........................] - ETA: 2:08 - loss: 1.5632 - accuracy: 0.5040
 2000/10000 [=====>........................] - ETA: 2:00 - loss: 1.5242 - accuracy: 0.5185
 2500/10000 [======>.......................] - ETA: 1:52 - loss: 1.5365 - accuracy: 0.5160
 3000/10000 [========>.....................] - ETA: 1:44 - loss: 1.5643 - accuracy: 0.5137
 3500/10000 [=========>....................] - ETA: 1:36 - loss: 1.5276 - accuracy: 0.5200
 4000/10000 [===========>..................] - ETA: 1:30 - loss: 1.5396 - accuracy: 0.5173
 4500/10000 [============>.................] - ETA: 1:22 - loss: 1.5428 - accuracy: 0.5182
 5000/10000 [==============>...............] - ETA: 1:15 - loss: 1.5485 - accuracy: 0.5192
 5500/10000 [===============>..............] - ETA: 1:07 - loss: 1.5660 - accuracy: 0.5164
 6000/10000 [=================>............] - ETA: 59s - loss: 1.5527 - accuracy: 0.5180 
 6500/10000 [==================>...........] - ETA: 52s - loss: 1.5590 - accuracy: 0.5168
 7000/10000 [====================>.........] - ETA: 44s - loss: 1.5448 - accuracy: 0.5186
 7500/10000 [=====================>........] - ETA: 37s - loss: 1.5270 - accuracy: 0.5225
 8000/10000 [=======================>......] - ETA: 29s - loss: 1.5415 - accuracy: 0.5179
 8500/10000 [========================>.....] - ETA: 22s - loss: 1.5550 - accuracy: 0.5149
 9000/10000 [==========================>...] - ETA: 14s - loss: 1.5520 - accuracy: 0.5168
 9500/10000 [===========================>..] - ETA: 7s - loss: 1.5499 - accuracy: 0.5160 
10000/10000 [==============================] - 150s 15ms/step - loss: 1.5523 - accuracy: 0.5167 - val_loss: 1.8121 - val_accuracy: 0.4664
Epoch 5/5

  500/10000 [>.............................] - ETA: 2:26 - loss: 1.6362 - accuracy: 0.5080
 1000/10000 [==>...........................] - ETA: 2:19 - loss: 1.5791 - accuracy: 0.5020
 1500/10000 [===>..........................] - ETA: 2:12 - loss: 1.5066 - accuracy: 0.5213
 2000/10000 [=====>........................] - ETA: 2:03 - loss: 1.4643 - accuracy: 0.5285
 2500/10000 [======>.......................] - ETA: 1:55 - loss: 1.4113 - accuracy: 0.5380
 3000/10000 [========>.....................] - ETA: 1:48 - loss: 1.3783 - accuracy: 0.5507
 3500/10000 [=========>....................] - ETA: 1:40 - loss: 1.3700 - accuracy: 0.5557
 4000/10000 [===========>..................] - ETA: 1:32 - loss: 1.3526 - accuracy: 0.5610
 4500/10000 [============>.................] - ETA: 1:24 - loss: 1.3349 - accuracy: 0.5664
 5000/10000 [==============>...............] - ETA: 1:16 - loss: 1.3630 - accuracy: 0.5572
 5500/10000 [===============>..............] - ETA: 1:09 - loss: 1.3672 - accuracy: 0.5555
 6000/10000 [=================>............] - ETA: 1:01 - loss: 1.3645 - accuracy: 0.5540
 6500/10000 [==================>...........] - ETA: 53s - loss: 1.3714 - accuracy: 0.5509 
 7000/10000 [====================>.........] - ETA: 46s - loss: 1.3783 - accuracy: 0.5499
 7500/10000 [=====================>........] - ETA: 38s - loss: 1.3584 - accuracy: 0.5551
 8000/10000 [=======================>......] - ETA: 30s - loss: 1.3469 - accuracy: 0.5579
 8500/10000 [========================>.....] - ETA: 22s - loss: 1.3285 - accuracy: 0.5636
 9000/10000 [==========================>...] - ETA: 15s - loss: 1.3159 - accuracy: 0.5669
 9500/10000 [===========================>..] - ETA: 7s - loss: 1.3140 - accuracy: 0.5680 
10000/10000 [==============================] - 154s 15ms/step - loss: 1.3136 - accuracy: 0.5699 - val_loss: 1.1817 - val_accuracy: 0.6200
Latency --- 769.1920003890991 seconds ---
For delta=0.000100, the current epsilon is: 2.0042
=====================Iteration========================== 7
For delta=0.000100, the current epsilon is: 2.0042
Noise Mutiplier 1.49
in grads Tensor("loss_6/mul:0", shape=(?,), dtype=float32)
Train on 10000 samples, validate on 2500 samples
Epoch 1/5

  500/10000 [>.............................] - ETA: 2:40 - loss: 2.3190 - accuracy: 0.0480
 1000/10000 [==>...........................] - ETA: 2:26 - loss: 2.3032 - accuracy: 0.0770
 1500/10000 [===>..........................] - ETA: 2:16 - loss: 2.2926 - accuracy: 0.0940
 2000/10000 [=====>........................] - ETA: 2:06 - loss: 2.2865 - accuracy: 0.1040
 2500/10000 [======>.......................] - ETA: 1:56 - loss: 2.2810 - accuracy: 0.1144
 3000/10000 [========>.....................] - ETA: 1:49 - loss: 2.2735 - accuracy: 0.1380
 3500/10000 [=========>....................] - ETA: 1:41 - loss: 2.2641 - accuracy: 0.1523
 4000/10000 [===========>..................] - ETA: 1:32 - loss: 2.2492 - accuracy: 0.1583
 4500/10000 [============>.................] - ETA: 1:24 - loss: 2.2371 - accuracy: 0.1600
 5000/10000 [==============>...............] - ETA: 1:16 - loss: 2.2294 - accuracy: 0.1692
 5500/10000 [===============>..............] - ETA: 1:08 - loss: 2.2147 - accuracy: 0.1785
 6000/10000 [=================>............] - ETA: 1:00 - loss: 2.1995 - accuracy: 0.1885
 6500/10000 [==================>...........] - ETA: 53s - loss: 2.1835 - accuracy: 0.1992 
 7000/10000 [====================>.........] - ETA: 45s - loss: 2.1701 - accuracy: 0.2040
 7500/10000 [=====================>........] - ETA: 37s - loss: 2.1600 - accuracy: 0.2047
 8000/10000 [=======================>......] - ETA: 30s - loss: 2.1486 - accuracy: 0.2111
 8500/10000 [========================>.....] - ETA: 22s - loss: 2.1377 - accuracy: 0.2159
 9000/10000 [==========================>...] - ETA: 15s - loss: 2.1257 - accuracy: 0.2236
 9500/10000 [===========================>..] - ETA: 7s - loss: 2.1245 - accuracy: 0.2254 
10000/10000 [==============================] - 152s 15ms/step - loss: 2.1208 - accuracy: 0.2297 - val_loss: 1.9535 - val_accuracy: 0.3564
Epoch 2/5

  500/10000 [>.............................] - ETA: 2:30 - loss: 1.8695 - accuracy: 0.3840
 1000/10000 [==>...........................] - ETA: 2:18 - loss: 1.7761 - accuracy: 0.3640
 1500/10000 [===>..........................] - ETA: 2:10 - loss: 1.7124 - accuracy: 0.4073
 2000/10000 [=====>........................] - ETA: 2:04 - loss: 1.7992 - accuracy: 0.3725
 2500/10000 [======>.......................] - ETA: 1:55 - loss: 1.7853 - accuracy: 0.3884
 3000/10000 [========>.....................] - ETA: 1:46 - loss: 1.7633 - accuracy: 0.3933
 3500/10000 [=========>....................] - ETA: 1:39 - loss: 1.7559 - accuracy: 0.3886
 4000/10000 [===========>..................] - ETA: 1:31 - loss: 1.7740 - accuracy: 0.3785
 4500/10000 [============>.................] - ETA: 1:23 - loss: 1.7763 - accuracy: 0.3756
 5000/10000 [==============>...............] - ETA: 1:16 - loss: 1.7605 - accuracy: 0.3816
 5500/10000 [===============>..............] - ETA: 1:08 - loss: 1.7548 - accuracy: 0.3822
 6000/10000 [=================>............] - ETA: 1:01 - loss: 1.7356 - accuracy: 0.3902
 6500/10000 [==================>...........] - ETA: 53s - loss: 1.7452 - accuracy: 0.3888 
 7000/10000 [====================>.........] - ETA: 45s - loss: 1.7214 - accuracy: 0.3996
 7500/10000 [=====================>........] - ETA: 37s - loss: 1.7025 - accuracy: 0.4071
 8000/10000 [=======================>......] - ETA: 30s - loss: 1.6863 - accuracy: 0.4151
 8500/10000 [========================>.....] - ETA: 22s - loss: 1.6656 - accuracy: 0.4242
 9000/10000 [==========================>...] - ETA: 15s - loss: 1.6413 - accuracy: 0.4320
 9500/10000 [===========================>..] - ETA: 7s - loss: 1.6543 - accuracy: 0.4295 
10000/10000 [==============================] - 151s 15ms/step - loss: 1.6593 - accuracy: 0.4303 - val_loss: 1.4561 - val_accuracy: 0.4892
Epoch 3/5

  500/10000 [>.............................] - ETA: 2:17 - loss: 1.4150 - accuracy: 0.5000
 1000/10000 [==>...........................] - ETA: 2:13 - loss: 1.3994 - accuracy: 0.5450
 1500/10000 [===>..........................] - ETA: 2:05 - loss: 1.3630 - accuracy: 0.5513
 2000/10000 [=====>........................] - ETA: 1:56 - loss: 1.3943 - accuracy: 0.5400
 2500/10000 [======>.......................] - ETA: 1:50 - loss: 1.4385 - accuracy: 0.5204
 3000/10000 [========>.....................] - ETA: 1:43 - loss: 1.4178 - accuracy: 0.5267
 3500/10000 [=========>....................] - ETA: 1:36 - loss: 1.4203 - accuracy: 0.5237
 4000/10000 [===========>..................] - ETA: 1:29 - loss: 1.4736 - accuracy: 0.5157
 4500/10000 [============>.................] - ETA: 1:22 - loss: 1.4647 - accuracy: 0.5151
 5000/10000 [==============>...............] - ETA: 1:15 - loss: 1.4709 - accuracy: 0.5162
 5500/10000 [===============>..............] - ETA: 1:07 - loss: 1.4896 - accuracy: 0.5111
 6000/10000 [=================>............] - ETA: 59s - loss: 1.4673 - accuracy: 0.5187 
 6500/10000 [==================>...........] - ETA: 52s - loss: 1.4749 - accuracy: 0.5171
 7000/10000 [====================>.........] - ETA: 44s - loss: 1.4672 - accuracy: 0.5203
 7500/10000 [=====================>........] - ETA: 37s - loss: 1.4553 - accuracy: 0.5235
 8000/10000 [=======================>......] - ETA: 29s - loss: 1.4572 - accuracy: 0.5238
 8500/10000 [========================>.....] - ETA: 22s - loss: 1.4511 - accuracy: 0.5241
 9000/10000 [==========================>...] - ETA: 14s - loss: 1.4477 - accuracy: 0.5246
 9500/10000 [===========================>..] - ETA: 7s - loss: 1.4438 - accuracy: 0.5260 
10000/10000 [==============================] - 150s 15ms/step - loss: 1.4341 - accuracy: 0.5281 - val_loss: 1.6884 - val_accuracy: 0.4956
Epoch 4/5

  500/10000 [>.............................] - ETA: 2:19 - loss: 1.4499 - accuracy: 0.5440
 1000/10000 [==>...........................] - ETA: 2:10 - loss: 1.2954 - accuracy: 0.5740
 1500/10000 [===>..........................] - ETA: 2:05 - loss: 1.2486 - accuracy: 0.5900
 2000/10000 [=====>........................] - ETA: 2:00 - loss: 1.2225 - accuracy: 0.5840
 2500/10000 [======>.......................] - ETA: 1:53 - loss: 1.2773 - accuracy: 0.5900
 3000/10000 [========>.....................] - ETA: 1:44 - loss: 1.2399 - accuracy: 0.6000
 3500/10000 [=========>....................] - ETA: 1:36 - loss: 1.2214 - accuracy: 0.6006
 4000/10000 [===========>..................] - ETA: 1:28 - loss: 1.2204 - accuracy: 0.5993
 4500/10000 [============>.................] - ETA: 1:21 - loss: 1.2116 - accuracy: 0.6031
 5000/10000 [==============>...............] - ETA: 1:13 - loss: 1.2156 - accuracy: 0.6012
 5500/10000 [===============>..............] - ETA: 1:06 - loss: 1.2211 - accuracy: 0.5980
 6000/10000 [=================>............] - ETA: 59s - loss: 1.2066 - accuracy: 0.6030 
 6500/10000 [==================>...........] - ETA: 52s - loss: 1.2063 - accuracy: 0.6037
 7000/10000 [====================>.........] - ETA: 44s - loss: 1.2048 - accuracy: 0.6043
 7500/10000 [=====================>........] - ETA: 37s - loss: 1.2125 - accuracy: 0.6043
 8000/10000 [=======================>......] - ETA: 29s - loss: 1.2155 - accuracy: 0.6046
 8500/10000 [========================>.....] - ETA: 22s - loss: 1.2167 - accuracy: 0.6042
 9000/10000 [==========================>...] - ETA: 15s - loss: 1.2190 - accuracy: 0.6029
 9500/10000 [===========================>..] - ETA: 7s - loss: 1.2178 - accuracy: 0.6032 
10000/10000 [==============================] - 151s 15ms/step - loss: 1.2257 - accuracy: 0.6009 - val_loss: 1.4205 - val_accuracy: 0.5152
Epoch 5/5

  500/10000 [>.............................] - ETA: 2:24 - loss: 1.1396 - accuracy: 0.6060
 1000/10000 [==>...........................] - ETA: 2:19 - loss: 1.2147 - accuracy: 0.5950
 1500/10000 [===>..........................] - ETA: 2:10 - loss: 1.2955 - accuracy: 0.5667
 2000/10000 [=====>........................] - ETA: 2:00 - loss: 1.3231 - accuracy: 0.5790
 2500/10000 [======>.......................] - ETA: 1:53 - loss: 1.3070 - accuracy: 0.5820
 3000/10000 [========>.....................] - ETA: 1:45 - loss: 1.2629 - accuracy: 0.5930
 3500/10000 [=========>....................] - ETA: 1:39 - loss: 1.2630 - accuracy: 0.5946
 4000/10000 [===========>..................] - ETA: 1:32 - loss: 1.2367 - accuracy: 0.5990
 4500/10000 [============>.................] - ETA: 1:24 - loss: 1.2082 - accuracy: 0.6089
 5000/10000 [==============>...............] - ETA: 1:16 - loss: 1.2085 - accuracy: 0.6134
 5500/10000 [===============>..............] - ETA: 1:08 - loss: 1.1924 - accuracy: 0.6211
 6000/10000 [=================>............] - ETA: 1:01 - loss: 1.1942 - accuracy: 0.6250
 6500/10000 [==================>...........] - ETA: 53s - loss: 1.1775 - accuracy: 0.6326 
 7000/10000 [====================>.........] - ETA: 45s - loss: 1.1745 - accuracy: 0.6340
 7500/10000 [=====================>........] - ETA: 38s - loss: 1.1721 - accuracy: 0.6364
 8000/10000 [=======================>......] - ETA: 30s - loss: 1.1785 - accuracy: 0.6356
 8500/10000 [========================>.....] - ETA: 22s - loss: 1.1865 - accuracy: 0.6354
 9000/10000 [==========================>...] - ETA: 15s - loss: 1.1877 - accuracy: 0.6364
 9500/10000 [===========================>..] - ETA: 7s - loss: 1.1883 - accuracy: 0.6362 
10000/10000 [==============================] - 152s 15ms/step - loss: 1.1810 - accuracy: 0.6370 - val_loss: 1.3445 - val_accuracy: 0.5736
Latency --- 758.0833201408386 seconds ---
For delta=0.000100, the current epsilon is: 2.0042
Saving model with new accuracy, previous accuracy was 0.6363000273704529 and present is 0.6370000243186951
Saved model to disk
=====================Iteration========================== 8
For delta=0.000100, the current epsilon is: 2.0042
Noise Mutiplier 1.49
in grads Tensor("loss_7/mul:0", shape=(?,), dtype=float32)
Train on 10000 samples, validate on 2500 samples
Epoch 1/5

  500/10000 [>.............................] - ETA: 2:45 - loss: 2.3209 - accuracy: 0.0680
 1000/10000 [==>...........................] - ETA: 2:25 - loss: 2.3123 - accuracy: 0.0840
 1500/10000 [===>..........................] - ETA: 2:13 - loss: 2.3028 - accuracy: 0.1140
 2000/10000 [=====>........................] - ETA: 2:03 - loss: 2.2951 - accuracy: 0.1245
 2500/10000 [======>.......................] - ETA: 1:53 - loss: 2.2825 - accuracy: 0.1520
 3000/10000 [========>.....................] - ETA: 1:45 - loss: 2.2652 - accuracy: 0.1803
 3500/10000 [=========>....................] - ETA: 1:37 - loss: 2.2509 - accuracy: 0.1917
 4000/10000 [===========>..................] - ETA: 1:30 - loss: 2.2350 - accuracy: 0.2010
 4500/10000 [============>.................] - ETA: 1:22 - loss: 2.2304 - accuracy: 0.2029
 5000/10000 [==============>...............] - ETA: 1:15 - loss: 2.2171 - accuracy: 0.2112
 5500/10000 [===============>..............] - ETA: 1:07 - loss: 2.2023 - accuracy: 0.2218
 6000/10000 [=================>............] - ETA: 59s - loss: 2.1877 - accuracy: 0.2282 
 6500/10000 [==================>...........] - ETA: 52s - loss: 2.1758 - accuracy: 0.2342
 7000/10000 [====================>.........] - ETA: 44s - loss: 2.1624 - accuracy: 0.2417
 7500/10000 [=====================>........] - ETA: 37s - loss: 2.1505 - accuracy: 0.2423
 8000/10000 [=======================>......] - ETA: 30s - loss: 2.1328 - accuracy: 0.2549
 8500/10000 [========================>.....] - ETA: 22s - loss: 2.1262 - accuracy: 0.2560
 9000/10000 [==========================>...] - ETA: 15s - loss: 2.1179 - accuracy: 0.2602
 9500/10000 [===========================>..] - ETA: 7s - loss: 2.1070 - accuracy: 0.2631 
10000/10000 [==============================] - 151s 15ms/step - loss: 2.0963 - accuracy: 0.2677 - val_loss: 1.8961 - val_accuracy: 0.4060
Epoch 2/5

  500/10000 [>.............................] - ETA: 2:21 - loss: 1.8689 - accuracy: 0.3820
 1000/10000 [==>...........................] - ETA: 2:13 - loss: 1.9582 - accuracy: 0.3470
 1500/10000 [===>..........................] - ETA: 2:08 - loss: 1.9119 - accuracy: 0.3587
 2000/10000 [=====>........................] - ETA: 1:59 - loss: 1.9055 - accuracy: 0.3460
 2500/10000 [======>.......................] - ETA: 1:52 - loss: 1.8868 - accuracy: 0.3624
 3000/10000 [========>.....................] - ETA: 1:45 - loss: 1.8654 - accuracy: 0.3670
 3500/10000 [=========>....................] - ETA: 1:37 - loss: 1.9057 - accuracy: 0.3583
 4000/10000 [===========>..................] - ETA: 1:29 - loss: 1.9013 - accuracy: 0.3577
 4500/10000 [============>.................] - ETA: 1:21 - loss: 1.8978 - accuracy: 0.3567
 5000/10000 [==============>...............] - ETA: 1:14 - loss: 1.8939 - accuracy: 0.3564
 5500/10000 [===============>..............] - ETA: 1:07 - loss: 1.8881 - accuracy: 0.3551
 6000/10000 [=================>............] - ETA: 59s - loss: 1.8880 - accuracy: 0.3558 
 6500/10000 [==================>...........] - ETA: 52s - loss: 1.8794 - accuracy: 0.3606
 7000/10000 [====================>.........] - ETA: 44s - loss: 1.8708 - accuracy: 0.3641
 7500/10000 [=====================>........] - ETA: 37s - loss: 1.8573 - accuracy: 0.3709
 8000/10000 [=======================>......] - ETA: 29s - loss: 1.8541 - accuracy: 0.3708
 8500/10000 [========================>.....] - ETA: 22s - loss: 1.8529 - accuracy: 0.3742
 9000/10000 [==========================>...] - ETA: 14s - loss: 1.8339 - accuracy: 0.3808
 9500/10000 [===========================>..] - ETA: 7s - loss: 1.8186 - accuracy: 0.3854 
10000/10000 [==============================] - 150s 15ms/step - loss: 1.8052 - accuracy: 0.3891 - val_loss: 1.8118 - val_accuracy: 0.3864
Epoch 3/5

  500/10000 [>.............................] - ETA: 2:23 - loss: 1.7178 - accuracy: 0.4060
 1000/10000 [==>...........................] - ETA: 2:15 - loss: 1.5628 - accuracy: 0.4620
 1500/10000 [===>..........................] - ETA: 2:09 - loss: 1.5788 - accuracy: 0.4500
 2000/10000 [=====>........................] - ETA: 2:04 - loss: 1.6536 - accuracy: 0.4285
 2500/10000 [======>.......................] - ETA: 1:54 - loss: 1.5739 - accuracy: 0.4676
 3000/10000 [========>.....................] - ETA: 1:46 - loss: 1.5154 - accuracy: 0.4930
 3500/10000 [=========>....................] - ETA: 1:38 - loss: 1.4747 - accuracy: 0.5051
 4000/10000 [===========>..................] - ETA: 1:31 - loss: 1.4660 - accuracy: 0.5102
 4500/10000 [============>.................] - ETA: 1:23 - loss: 1.4626 - accuracy: 0.5104
 5000/10000 [==============>...............] - ETA: 1:15 - loss: 1.4703 - accuracy: 0.5060
 5500/10000 [===============>..............] - ETA: 1:07 - loss: 1.4854 - accuracy: 0.5033
 6000/10000 [=================>............] - ETA: 1:00 - loss: 1.5229 - accuracy: 0.4943
 6500/10000 [==================>...........] - ETA: 52s - loss: 1.5412 - accuracy: 0.4892 
 7000/10000 [====================>.........] - ETA: 45s - loss: 1.5429 - accuracy: 0.4899
 7500/10000 [=====================>........] - ETA: 37s - loss: 1.5451 - accuracy: 0.4897
 8000/10000 [=======================>......] - ETA: 30s - loss: 1.5421 - accuracy: 0.4906
 8500/10000 [========================>.....] - ETA: 22s - loss: 1.5309 - accuracy: 0.4927
 9000/10000 [==========================>...] - ETA: 14s - loss: 1.5243 - accuracy: 0.4968
 9500/10000 [===========================>..] - ETA: 7s - loss: 1.5039 - accuracy: 0.5040 
10000/10000 [==============================] - 150s 15ms/step - loss: 1.4974 - accuracy: 0.5047 - val_loss: 1.5159 - val_accuracy: 0.4920
Epoch 4/5

  500/10000 [>.............................] - ETA: 2:19 - loss: 1.3092 - accuracy: 0.5640
 1000/10000 [==>...........................] - ETA: 2:13 - loss: 1.3304 - accuracy: 0.5510
 1500/10000 [===>..........................] - ETA: 2:06 - loss: 1.4317 - accuracy: 0.5313
 2000/10000 [=====>........................] - ETA: 1:59 - loss: 1.3770 - accuracy: 0.5550
 2500/10000 [======>.......................] - ETA: 1:50 - loss: 1.3403 - accuracy: 0.5640
 3000/10000 [========>.....................] - ETA: 1:43 - loss: 1.3700 - accuracy: 0.5557
 3500/10000 [=========>....................] - ETA: 1:36 - loss: 1.3616 - accuracy: 0.5660
 4000/10000 [===========>..................] - ETA: 1:29 - loss: 1.3310 - accuracy: 0.5770
 4500/10000 [============>.................] - ETA: 1:22 - loss: 1.3312 - accuracy: 0.5749
 5000/10000 [==============>...............] - ETA: 1:14 - loss: 1.3459 - accuracy: 0.5706
 5500/10000 [===============>..............] - ETA: 1:06 - loss: 1.3628 - accuracy: 0.5649
 6000/10000 [=================>............] - ETA: 59s - loss: 1.3645 - accuracy: 0.5638 
 6500/10000 [==================>...........] - ETA: 52s - loss: 1.3824 - accuracy: 0.5586
 7000/10000 [====================>.........] - ETA: 45s - loss: 1.3880 - accuracy: 0.5564
 7500/10000 [=====================>........] - ETA: 37s - loss: 1.3712 - accuracy: 0.5619
 8000/10000 [=======================>......] - ETA: 29s - loss: 1.3656 - accuracy: 0.5625
 8500/10000 [========================>.....] - ETA: 22s - loss: 1.3559 - accuracy: 0.5644
 9000/10000 [==========================>...] - ETA: 14s - loss: 1.3370 - accuracy: 0.5693
 9500/10000 [===========================>..] - ETA: 7s - loss: 1.3255 - accuracy: 0.5722 
10000/10000 [==============================] - 150s 15ms/step - loss: 1.3102 - accuracy: 0.5764 - val_loss: 1.1428 - val_accuracy: 0.6176
Epoch 5/5

  500/10000 [>.............................] - ETA: 2:24 - loss: 1.0769 - accuracy: 0.6640
 1000/10000 [==>...........................] - ETA: 2:17 - loss: 1.0289 - accuracy: 0.6690
 1500/10000 [===>..........................] - ETA: 2:09 - loss: 1.0979 - accuracy: 0.6507
 2000/10000 [=====>........................] - ETA: 2:01 - loss: 1.1103 - accuracy: 0.6420
 2500/10000 [======>.......................] - ETA: 1:52 - loss: 1.0994 - accuracy: 0.6432
 3000/10000 [========>.....................] - ETA: 1:44 - loss: 1.0794 - accuracy: 0.6530
 3500/10000 [=========>....................] - ETA: 1:36 - loss: 1.0925 - accuracy: 0.6503
 4000/10000 [===========>..................] - ETA: 1:29 - loss: 1.0739 - accuracy: 0.6575
 4500/10000 [============>.................] - ETA: 1:22 - loss: 1.0795 - accuracy: 0.6558
 5000/10000 [==============>...............] - ETA: 1:14 - loss: 1.0954 - accuracy: 0.6492
 5500/10000 [===============>..............] - ETA: 1:07 - loss: 1.1193 - accuracy: 0.6418
 6000/10000 [=================>............] - ETA: 59s - loss: 1.1300 - accuracy: 0.6382 
 6500/10000 [==================>...........] - ETA: 52s - loss: 1.1442 - accuracy: 0.6352
 7000/10000 [====================>.........] - ETA: 45s - loss: 1.1583 - accuracy: 0.6331
 7500/10000 [=====================>........] - ETA: 37s - loss: 1.1681 - accuracy: 0.6305
 8000/10000 [=======================>......] - ETA: 30s - loss: 1.1747 - accuracy: 0.6295
 8500/10000 [========================>.....] - ETA: 22s - loss: 1.1905 - accuracy: 0.6284
 9000/10000 [==========================>...] - ETA: 15s - loss: 1.1927 - accuracy: 0.6292
 9500/10000 [===========================>..] - ETA: 7s - loss: 1.2003 - accuracy: 0.6286 
10000/10000 [==============================] - 151s 15ms/step - loss: 1.1980 - accuracy: 0.6295 - val_loss: 1.5415 - val_accuracy: 0.5632
Latency --- 755.5180141925812 seconds ---
For delta=0.000100, the current epsilon is: 2.0042
=====================Iteration========================== 9
For delta=0.000100, the current epsilon is: 2.0042
Noise Mutiplier 1.49
in grads Tensor("loss_8/mul:0", shape=(?,), dtype=float32)
Train on 10000 samples, validate on 2500 samples
Epoch 1/5

  500/10000 [>.............................] - ETA: 2:32 - loss: 2.3075 - accuracy: 0.1140
 1000/10000 [==>...........................] - ETA: 2:22 - loss: 2.2960 - accuracy: 0.1280
 1500/10000 [===>..........................] - ETA: 2:13 - loss: 2.2842 - accuracy: 0.1293
 2000/10000 [=====>........................] - ETA: 2:05 - loss: 2.2734 - accuracy: 0.1535
 2500/10000 [======>.......................] - ETA: 1:58 - loss: 2.2619 - accuracy: 0.1592
 3000/10000 [========>.....................] - ETA: 1:50 - loss: 2.2487 - accuracy: 0.1897
 3500/10000 [=========>....................] - ETA: 1:42 - loss: 2.2353 - accuracy: 0.1909
 4000/10000 [===========>..................] - ETA: 1:33 - loss: 2.2210 - accuracy: 0.2030
 4500/10000 [============>.................] - ETA: 1:25 - loss: 2.2019 - accuracy: 0.2169
 5000/10000 [==============>...............] - ETA: 1:17 - loss: 2.1951 - accuracy: 0.2194
 5500/10000 [===============>..............] - ETA: 1:09 - loss: 2.1840 - accuracy: 0.2233
 6000/10000 [=================>............] - ETA: 1:01 - loss: 2.1722 - accuracy: 0.2383
 6500/10000 [==================>...........] - ETA: 54s - loss: 2.1563 - accuracy: 0.2529 
 7000/10000 [====================>.........] - ETA: 46s - loss: 2.1402 - accuracy: 0.2570
 7500/10000 [=====================>........] - ETA: 38s - loss: 2.1333 - accuracy: 0.2584
 8000/10000 [=======================>......] - ETA: 31s - loss: 2.1173 - accuracy: 0.2620
 8500/10000 [========================>.....] - ETA: 23s - loss: 2.1000 - accuracy: 0.2732
 9000/10000 [==========================>...] - ETA: 15s - loss: 2.0929 - accuracy: 0.2766
 9500/10000 [===========================>..] - ETA: 7s - loss: 2.0780 - accuracy: 0.2832 
10000/10000 [==============================] - 155s 16ms/step - loss: 2.0669 - accuracy: 0.2866 - val_loss: 1.9046 - val_accuracy: 0.3748
Epoch 2/5

  500/10000 [>.............................] - ETA: 2:29 - loss: 1.8423 - accuracy: 0.4200
 1000/10000 [==>...........................] - ETA: 2:20 - loss: 1.8664 - accuracy: 0.4020
 1500/10000 [===>..........................] - ETA: 2:10 - loss: 1.8459 - accuracy: 0.4040
 2000/10000 [=====>........................] - ETA: 2:02 - loss: 1.8184 - accuracy: 0.3950
 2500/10000 [======>.......................] - ETA: 1:56 - loss: 1.7899 - accuracy: 0.4020
 3000/10000 [========>.....................] - ETA: 1:48 - loss: 1.7878 - accuracy: 0.3977
 3500/10000 [=========>....................] - ETA: 1:40 - loss: 1.8139 - accuracy: 0.3860
 4000/10000 [===========>..................] - ETA: 1:32 - loss: 1.8014 - accuracy: 0.3868
 4500/10000 [============>.................] - ETA: 1:25 - loss: 1.8043 - accuracy: 0.3820
 5000/10000 [==============>...............] - ETA: 1:17 - loss: 1.7982 - accuracy: 0.3858
 5500/10000 [===============>..............] - ETA: 1:10 - loss: 1.7811 - accuracy: 0.3935
 6000/10000 [=================>............] - ETA: 1:02 - loss: 1.8103 - accuracy: 0.3850
 6500/10000 [==================>...........] - ETA: 54s - loss: 1.8195 - accuracy: 0.3798 
 7000/10000 [====================>.........] - ETA: 46s - loss: 1.8027 - accuracy: 0.3897
 7500/10000 [=====================>........] - ETA: 39s - loss: 1.7922 - accuracy: 0.3957
 8000/10000 [=======================>......] - ETA: 31s - loss: 1.7740 - accuracy: 0.4006
 8500/10000 [========================>.....] - ETA: 23s - loss: 1.7609 - accuracy: 0.4034
 9000/10000 [==========================>...] - ETA: 15s - loss: 1.7524 - accuracy: 0.4091
 9500/10000 [===========================>..] - ETA: 7s - loss: 1.7399 - accuracy: 0.4143 
10000/10000 [==============================] - 156s 16ms/step - loss: 1.7294 - accuracy: 0.4203 - val_loss: 1.8861 - val_accuracy: 0.3264
Epoch 3/5

  500/10000 [>.............................] - ETA: 2:15 - loss: 1.8501 - accuracy: 0.3500
 1000/10000 [==>...........................] - ETA: 2:10 - loss: 1.8726 - accuracy: 0.3850
 1500/10000 [===>..........................] - ETA: 2:08 - loss: 1.7006 - accuracy: 0.4173
 2000/10000 [=====>........................] - ETA: 2:01 - loss: 1.6683 - accuracy: 0.4395
 2500/10000 [======>.......................] - ETA: 1:53 - loss: 1.6823 - accuracy: 0.4296
 3000/10000 [========>.....................] - ETA: 1:46 - loss: 1.6307 - accuracy: 0.4533
 3500/10000 [=========>....................] - ETA: 1:39 - loss: 1.6156 - accuracy: 0.4557
 4000/10000 [===========>..................] - ETA: 1:32 - loss: 1.6033 - accuracy: 0.4672
 4500/10000 [============>.................] - ETA: 1:24 - loss: 1.5762 - accuracy: 0.4756
 5000/10000 [==============>...............] - ETA: 1:16 - loss: 1.5649 - accuracy: 0.4758
 5500/10000 [===============>..............] - ETA: 1:09 - loss: 1.5544 - accuracy: 0.4809
 6000/10000 [=================>............] - ETA: 1:01 - loss: 1.5485 - accuracy: 0.4838
 6500/10000 [==================>...........] - ETA: 53s - loss: 1.5658 - accuracy: 0.4815 
 7000/10000 [====================>.........] - ETA: 46s - loss: 1.5398 - accuracy: 0.4913
 7500/10000 [=====================>........] - ETA: 38s - loss: 1.5165 - accuracy: 0.4972
 8000/10000 [=======================>......] - ETA: 30s - loss: 1.5114 - accuracy: 0.4988
 8500/10000 [========================>.....] - ETA: 23s - loss: 1.5231 - accuracy: 0.4971
 9000/10000 [==========================>...] - ETA: 15s - loss: 1.5128 - accuracy: 0.5018
 9500/10000 [===========================>..] - ETA: 7s - loss: 1.5125 - accuracy: 0.5004 
10000/10000 [==============================] - 155s 16ms/step - loss: 1.5165 - accuracy: 0.5005 - val_loss: 1.9559 - val_accuracy: 0.4176
Epoch 4/5

  500/10000 [>.............................] - ETA: 2:25 - loss: 1.8208 - accuracy: 0.4420
 1000/10000 [==>...........................] - ETA: 2:19 - loss: 1.5865 - accuracy: 0.4810
 1500/10000 [===>..........................] - ETA: 2:09 - loss: 1.4656 - accuracy: 0.5100
 2000/10000 [=====>........................] - ETA: 2:01 - loss: 1.4932 - accuracy: 0.5135
 2500/10000 [======>.......................] - ETA: 1:53 - loss: 1.5253 - accuracy: 0.5068
 3000/10000 [========>.....................] - ETA: 1:45 - loss: 1.5272 - accuracy: 0.5090
 3500/10000 [=========>....................] - ETA: 1:38 - loss: 1.5301 - accuracy: 0.5069
 4000/10000 [===========>..................] - ETA: 1:30 - loss: 1.5395 - accuracy: 0.5115
 4500/10000 [============>.................] - ETA: 1:22 - loss: 1.5187 - accuracy: 0.5138
 5000/10000 [==============>...............] - ETA: 1:15 - loss: 1.5362 - accuracy: 0.5130
 5500/10000 [===============>..............] - ETA: 1:07 - loss: 1.5165 - accuracy: 0.5145
 6000/10000 [=================>............] - ETA: 1:00 - loss: 1.5048 - accuracy: 0.5183
 6500/10000 [==================>...........] - ETA: 52s - loss: 1.4731 - accuracy: 0.5262 
 7000/10000 [====================>.........] - ETA: 45s - loss: 1.4404 - accuracy: 0.5344
 7500/10000 [=====================>........] - ETA: 37s - loss: 1.4133 - accuracy: 0.5419
 8000/10000 [=======================>......] - ETA: 30s - loss: 1.4024 - accuracy: 0.5454
 8500/10000 [========================>.....] - ETA: 22s - loss: 1.3834 - accuracy: 0.5519
 9000/10000 [==========================>...] - ETA: 15s - loss: 1.3625 - accuracy: 0.5594
 9500/10000 [===========================>..] - ETA: 7s - loss: 1.3524 - accuracy: 0.5635 
10000/10000 [==============================] - 151s 15ms/step - loss: 1.3548 - accuracy: 0.5630 - val_loss: 1.4288 - val_accuracy: 0.5736
Epoch 5/5

  500/10000 [>.............................] - ETA: 2:26 - loss: 1.3179 - accuracy: 0.5760
 1000/10000 [==>...........................] - ETA: 2:17 - loss: 1.2630 - accuracy: 0.5970
 1500/10000 [===>..........................] - ETA: 2:09 - loss: 1.2650 - accuracy: 0.6053
 2000/10000 [=====>........................] - ETA: 2:01 - loss: 1.2830 - accuracy: 0.5990
 2500/10000 [======>.......................] - ETA: 1:53 - loss: 1.3048 - accuracy: 0.6020
 3000/10000 [========>.....................] - ETA: 1:48 - loss: 1.3076 - accuracy: 0.6007
 3500/10000 [=========>....................] - ETA: 1:40 - loss: 1.2776 - accuracy: 0.6077
 4000/10000 [===========>..................] - ETA: 1:32 - loss: 1.2824 - accuracy: 0.6022
 4500/10000 [============>.................] - ETA: 1:24 - loss: 1.2947 - accuracy: 0.5958
 5000/10000 [==============>...............] - ETA: 1:16 - loss: 1.3107 - accuracy: 0.5916
 5500/10000 [===============>..............] - ETA: 1:08 - loss: 1.2932 - accuracy: 0.5975
 6000/10000 [=================>............] - ETA: 1:00 - loss: 1.2915 - accuracy: 0.5958
 6500/10000 [==================>...........] - ETA: 53s - loss: 1.2906 - accuracy: 0.5960 
 7000/10000 [====================>.........] - ETA: 45s - loss: 1.3123 - accuracy: 0.5941
 7500/10000 [=====================>........] - ETA: 38s - loss: 1.3249 - accuracy: 0.5920
 8000/10000 [=======================>......] - ETA: 30s - loss: 1.3651 - accuracy: 0.5842
 8500/10000 [========================>.....] - ETA: 23s - loss: 1.3629 - accuracy: 0.5859
 9000/10000 [==========================>...] - ETA: 15s - loss: 1.3457 - accuracy: 0.5912
 9500/10000 [===========================>..] - ETA: 7s - loss: 1.3491 - accuracy: 0.5913 
10000/10000 [==============================] - 154s 15ms/step - loss: 1.3568 - accuracy: 0.5881 - val_loss: 1.6339 - val_accuracy: 0.5440
Latency --- 774.4642651081085 seconds ---
For delta=0.000100, the current epsilon is: 2.0042
=====================Iteration========================== 10
For delta=0.000100, the current epsilon is: 2.0042
Noise Mutiplier 1.49
in grads Tensor("loss_9/mul:0", shape=(?,), dtype=float32)
Train on 10000 samples, validate on 2500 samples
Epoch 1/5

  500/10000 [>.............................] - ETA: 2:39 - loss: 2.3078 - accuracy: 0.1060
 1000/10000 [==>...........................] - ETA: 2:24 - loss: 2.3015 - accuracy: 0.0870
 1500/10000 [===>..........................] - ETA: 2:12 - loss: 2.2902 - accuracy: 0.1053
 2000/10000 [=====>........................] - ETA: 2:05 - loss: 2.2832 - accuracy: 0.1065
 2500/10000 [======>.......................] - ETA: 1:57 - loss: 2.2804 - accuracy: 0.1028
 3000/10000 [========>.....................] - ETA: 1:50 - loss: 2.2692 - accuracy: 0.1167
 3500/10000 [=========>....................] - ETA: 1:41 - loss: 2.2554 - accuracy: 0.1346
 4000/10000 [===========>..................] - ETA: 1:34 - loss: 2.2366 - accuracy: 0.1478
 4500/10000 [============>.................] - ETA: 1:25 - loss: 2.2325 - accuracy: 0.1467
 5000/10000 [==============>...............] - ETA: 1:17 - loss: 2.2299 - accuracy: 0.1514
 5500/10000 [===============>..............] - ETA: 1:10 - loss: 2.2211 - accuracy: 0.1616
 6000/10000 [=================>............] - ETA: 1:02 - loss: 2.2132 - accuracy: 0.1685
 6500/10000 [==================>...........] - ETA: 53s - loss: 2.2003 - accuracy: 0.1777 
 7000/10000 [====================>.........] - ETA: 46s - loss: 2.1916 - accuracy: 0.1817
 7500/10000 [=====================>........] - ETA: 38s - loss: 2.1871 - accuracy: 0.1840
 8000/10000 [=======================>......] - ETA: 30s - loss: 2.1805 - accuracy: 0.1902
 8500/10000 [========================>.....] - ETA: 23s - loss: 2.1676 - accuracy: 0.1998
 9000/10000 [==========================>...] - ETA: 15s - loss: 2.1539 - accuracy: 0.2051
 9500/10000 [===========================>..] - ETA: 7s - loss: 2.1467 - accuracy: 0.2108 
10000/10000 [==============================] - 154s 15ms/step - loss: 2.1464 - accuracy: 0.2140 - val_loss: 1.8708 - val_accuracy: 0.3868
Epoch 2/5

  500/10000 [>.............................] - ETA: 2:26 - loss: 1.8674 - accuracy: 0.3560
 1000/10000 [==>...........................] - ETA: 2:19 - loss: 1.9786 - accuracy: 0.3160
 1500/10000 [===>..........................] - ETA: 2:11 - loss: 1.9602 - accuracy: 0.3413
 2000/10000 [=====>........................] - ETA: 2:03 - loss: 1.9297 - accuracy: 0.3385
 2500/10000 [======>.......................] - ETA: 1:54 - loss: 1.8792 - accuracy: 0.3608
 3000/10000 [========>.....................] - ETA: 1:45 - loss: 1.8679 - accuracy: 0.3607
 3500/10000 [=========>....................] - ETA: 1:38 - loss: 1.8307 - accuracy: 0.3723
 4000/10000 [===========>..................] - ETA: 1:30 - loss: 1.8014 - accuracy: 0.3812
 4500/10000 [============>.................] - ETA: 1:23 - loss: 1.7663 - accuracy: 0.3973
 5000/10000 [==============>...............] - ETA: 1:15 - loss: 1.7607 - accuracy: 0.3988
 5500/10000 [===============>..............] - ETA: 1:08 - loss: 1.7357 - accuracy: 0.4085
 6000/10000 [=================>............] - ETA: 1:01 - loss: 1.7254 - accuracy: 0.4147
 6500/10000 [==================>...........] - ETA: 53s - loss: 1.7403 - accuracy: 0.4143 
 7000/10000 [====================>.........] - ETA: 45s - loss: 1.7296 - accuracy: 0.4204
 7500/10000 [=====================>........] - ETA: 38s - loss: 1.7207 - accuracy: 0.4236
 8000/10000 [=======================>......] - ETA: 30s - loss: 1.7226 - accuracy: 0.4224
 8500/10000 [========================>.....] - ETA: 23s - loss: 1.7151 - accuracy: 0.4271
 9000/10000 [==========================>...] - ETA: 15s - loss: 1.7026 - accuracy: 0.4316
 9500/10000 [===========================>..] - ETA: 7s - loss: 1.6858 - accuracy: 0.4379 
10000/10000 [==============================] - 155s 15ms/step - loss: 1.6689 - accuracy: 0.4458 - val_loss: 1.3991 - val_accuracy: 0.5660
Epoch 3/5

  500/10000 [>.............................] - ETA: 2:23 - loss: 1.3420 - accuracy: 0.5460
 1000/10000 [==>...........................] - ETA: 2:17 - loss: 1.3847 - accuracy: 0.5470
 1500/10000 [===>..........................] - ETA: 2:08 - loss: 1.3308 - accuracy: 0.5653
 2000/10000 [=====>........................] - ETA: 2:01 - loss: 1.3770 - accuracy: 0.5700
 2500/10000 [======>.......................] - ETA: 1:54 - loss: 1.3310 - accuracy: 0.5808
 3000/10000 [========>.....................] - ETA: 1:46 - loss: 1.3466 - accuracy: 0.5757
 3500/10000 [=========>....................] - ETA: 1:40 - loss: 1.3366 - accuracy: 0.5843
 4000/10000 [===========>..................] - ETA: 1:32 - loss: 1.3391 - accuracy: 0.5785
 4500/10000 [============>.................] - ETA: 1:24 - loss: 1.3322 - accuracy: 0.5820
 5000/10000 [==============>...............] - ETA: 1:16 - loss: 1.3510 - accuracy: 0.5776
 5500/10000 [===============>..............] - ETA: 1:08 - loss: 1.3561 - accuracy: 0.5744
 6000/10000 [=================>............] - ETA: 1:01 - loss: 1.3506 - accuracy: 0.5732
 6500/10000 [==================>...........] - ETA: 53s - loss: 1.3459 - accuracy: 0.5729 
 7000/10000 [====================>.........] - ETA: 46s - loss: 1.3416 - accuracy: 0.5720
 7500/10000 [=====================>........] - ETA: 38s - loss: 1.3378 - accuracy: 0.5711
 8000/10000 [=======================>......] - ETA: 30s - loss: 1.3440 - accuracy: 0.5688
 8500/10000 [========================>.....] - ETA: 23s - loss: 1.3505 - accuracy: 0.5664
 9000/10000 [==========================>...] - ETA: 15s - loss: 1.3495 - accuracy: 0.5670
 9500/10000 [===========================>..] - ETA: 7s - loss: 1.3601 - accuracy: 0.5642 
10000/10000 [==============================] - 154s 15ms/step - loss: 1.3781 - accuracy: 0.5584 - val_loss: 1.6751 - val_accuracy: 0.5088
Epoch 4/5

  500/10000 [>.............................] - ETA: 2:24 - loss: 1.5886 - accuracy: 0.5240
 1000/10000 [==>...........................] - ETA: 2:19 - loss: 1.5604 - accuracy: 0.5160
 1500/10000 [===>..........................] - ETA: 2:13 - loss: 1.4663 - accuracy: 0.5347
 2000/10000 [=====>........................] - ETA: 2:06 - loss: 1.5047 - accuracy: 0.5265
 2500/10000 [======>.......................] - ETA: 1:58 - loss: 1.4820 - accuracy: 0.5316
 3000/10000 [========>.....................] - ETA: 1:49 - loss: 1.4949 - accuracy: 0.5267
 3500/10000 [=========>....................] - ETA: 1:40 - loss: 1.5295 - accuracy: 0.5214
 4000/10000 [===========>..................] - ETA: 1:33 - loss: 1.5156 - accuracy: 0.5242
 4500/10000 [============>.................] - ETA: 1:25 - loss: 1.5301 - accuracy: 0.5262
 5000/10000 [==============>...............] - ETA: 1:17 - loss: 1.5334 - accuracy: 0.5270
 5500/10000 [===============>..............] - ETA: 1:09 - loss: 1.5437 - accuracy: 0.5276
 6000/10000 [=================>............] - ETA: 1:02 - loss: 1.5260 - accuracy: 0.5327
 6500/10000 [==================>...........] - ETA: 54s - loss: 1.5181 - accuracy: 0.5372 
 7000/10000 [====================>.........] - ETA: 46s - loss: 1.5184 - accuracy: 0.5404
 7500/10000 [=====================>........] - ETA: 38s - loss: 1.5097 - accuracy: 0.5400
 8000/10000 [=======================>......] - ETA: 30s - loss: 1.5115 - accuracy: 0.5419
 8500/10000 [========================>.....] - ETA: 23s - loss: 1.4858 - accuracy: 0.5474
 9000/10000 [==========================>...] - ETA: 15s - loss: 1.4711 - accuracy: 0.5514
 9500/10000 [===========================>..] - ETA: 7s - loss: 1.4578 - accuracy: 0.5549 
10000/10000 [==============================] - 155s 15ms/step - loss: 1.4554 - accuracy: 0.5548 - val_loss: 1.6105 - val_accuracy: 0.5160
Epoch 5/5

  500/10000 [>.............................] - ETA: 2:24 - loss: 1.5742 - accuracy: 0.5260
 1000/10000 [==>...........................] - ETA: 2:15 - loss: 1.4655 - accuracy: 0.5600
 1500/10000 [===>..........................] - ETA: 2:07 - loss: 1.5524 - accuracy: 0.5520
 2000/10000 [=====>........................] - ETA: 1:58 - loss: 1.4791 - accuracy: 0.5655
 2500/10000 [======>.......................] - ETA: 1:52 - loss: 1.4622 - accuracy: 0.5608
 3000/10000 [========>.....................] - ETA: 1:45 - loss: 1.4619 - accuracy: 0.5613
 3500/10000 [=========>....................] - ETA: 1:38 - loss: 1.4097 - accuracy: 0.5706
 4000/10000 [===========>..................] - ETA: 1:31 - loss: 1.3547 - accuracy: 0.5857
 4500/10000 [============>.................] - ETA: 1:23 - loss: 1.3333 - accuracy: 0.5940
 5000/10000 [==============>...............] - ETA: 1:16 - loss: 1.3362 - accuracy: 0.5944
 5500/10000 [===============>..............] - ETA: 1:08 - loss: 1.3414 - accuracy: 0.5907
 6000/10000 [=================>............] - ETA: 1:00 - loss: 1.3474 - accuracy: 0.5933
 6500/10000 [==================>...........] - ETA: 53s - loss: 1.3451 - accuracy: 0.5949 
 7000/10000 [====================>.........] - ETA: 45s - loss: 1.3438 - accuracy: 0.5990
 7500/10000 [=====================>........] - ETA: 38s - loss: 1.3433 - accuracy: 0.5985
 8000/10000 [=======================>......] - ETA: 30s - loss: 1.3373 - accuracy: 0.6015
 8500/10000 [========================>.....] - ETA: 22s - loss: 1.3398 - accuracy: 0.6016
 9000/10000 [==========================>...] - ETA: 15s - loss: 1.3388 - accuracy: 0.6048
 9500/10000 [===========================>..] - ETA: 7s - loss: 1.3306 - accuracy: 0.6073 
10000/10000 [==============================] - 153s 15ms/step - loss: 1.3162 - accuracy: 0.6111 - val_loss: 1.4252 - val_accuracy: 0.6064
Latency --- 774.1611709594727 seconds ---
For delta=0.000100, the current epsilon is: 2.0042
