
=====================ITERATION 1==========================
We are using Tensorflow version 1.15.2
Keras API version: 2.3.1
Noise Mutiplier 0.792

# Evaluate on test data

 250/3000 [=>............................] - ETA: 0s
1000/3000 [=========>....................] - ETA: 0s
1750/3000 [================>.............] - ETA: 0s
2750/3000 [==========================>...] - ETA: 0s
3000/3000 [==============================] - 0s 79us/step
Accuracy: 10.566666722297668
Latency --- 0.27883338928222656 seconds ---
Trained with DP
=====================ITERATION 2==========================
We are using Tensorflow version 1.15.2
Keras API version: 2.3.1
Noise Mutiplier 0.792

# Evaluate on test data

 250/3000 [=>............................] - ETA: 0s
1000/3000 [=========>....................] - ETA: 0s
1750/3000 [================>.............] - ETA: 0s
2750/3000 [==========================>...] - ETA: 0s
3000/3000 [==============================] - 0s 78us/step
Accuracy: 10.566666722297668
Latency --- 0.2774028778076172 seconds ---
Trained with DP
=====================ITERATION 3==========================
We are using Tensorflow version 1.15.2
Keras API version: 2.3.1
Noise Mutiplier 0.792

# Evaluate on test data

 250/3000 [=>............................] - ETA: 0s
1000/3000 [=========>....................] - ETA: 0s
1750/3000 [================>.............] - ETA: 0s
2750/3000 [==========================>...] - ETA: 0s
3000/3000 [==============================] - 0s 78us/step
Accuracy: 10.566666722297668
Latency --- 0.27770423889160156 seconds ---
Trained with DP
=====================ITERATION 4==========================
We are using Tensorflow version 1.15.2
Keras API version: 2.3.1
Noise Mutiplier 0.792

# Evaluate on test data

 250/3000 [=>............................] - ETA: 0s
1000/3000 [=========>....................] - ETA: 0s
1750/3000 [================>.............] - ETA: 0s
2500/3000 [========================>.....] - ETA: 0s
3000/3000 [==============================] - 0s 80us/step
Accuracy: 10.566666722297668
Latency --- 0.2825186252593994 seconds ---
Trained with DP
=====================ITERATION 5==========================
We are using Tensorflow version 1.15.2
Keras API version: 2.3.1
Noise Mutiplier 0.792

# Evaluate on test data

 250/3000 [=>............................] - ETA: 0s
1000/3000 [=========>....................] - ETA: 0s
1750/3000 [================>.............] - ETA: 0s
2500/3000 [========================>.....] - ETA: 0s
3000/3000 [==============================] - 0s 79us/step
Accuracy: 10.566666722297668
Latency --- 0.2807645797729492 seconds ---
Trained with DP
=====================ITERATION 6==========================
We are using Tensorflow version 1.15.2
Keras API version: 2.3.1
Noise Mutiplier 0.792

# Evaluate on test data

 250/3000 [=>............................] - ETA: 0s
1000/3000 [=========>....................] - ETA: 0s
1750/3000 [================>.............] - ETA: 0s
2750/3000 [==========================>...] - ETA: 0s
3000/3000 [==============================] - 0s 80us/step
Accuracy: 10.566666722297668
Latency --- 0.2832655906677246 seconds ---
Trained with DP
=====================ITERATION 7==========================
We are using Tensorflow version 1.15.2
Keras API version: 2.3.1
Noise Mutiplier 0.792

# Evaluate on test data

 250/3000 [=>............................] - ETA: 0s
1000/3000 [=========>....................] - ETA: 0s
1750/3000 [================>.............] - ETA: 0s
2500/3000 [========================>.....] - ETA: 0s
3000/3000 [==============================] - 0s 79us/step
Accuracy: 10.566666722297668
Latency --- 0.2796905040740967 seconds ---
Trained with DP
=====================ITERATION 8==========================
We are using Tensorflow version 1.15.2
Keras API version: 2.3.1
Noise Mutiplier 0.792

# Evaluate on test data

 250/3000 [=>............................] - ETA: 0s
1000/3000 [=========>....................] - ETA: 0s
2000/3000 [===================>..........] - ETA: 0s
3000/3000 [==============================] - 0s 78us/step
Accuracy: 10.566666722297668
Latency --- 0.2762744426727295 seconds ---
Trained with DP
=====================ITERATION 9==========================
We are using Tensorflow version 1.15.2
Keras API version: 2.3.1
Noise Mutiplier 0.792

# Evaluate on test data

 250/3000 [=>............................] - ETA: 0s
1000/3000 [=========>....................] - ETA: 0s
1750/3000 [================>.............] - ETA: 0s
2750/3000 [==========================>...] - ETA: 0s
3000/3000 [==============================] - 0s 79us/step
Accuracy: 10.566666722297668
Latency --- 0.27812886238098145 seconds ---
Trained with DP
=====================ITERATION 10==========================
We are using Tensorflow version 1.15.2
Keras API version: 2.3.1
Noise Mutiplier 0.792

# Evaluate on test data

 250/3000 [=>............................] - ETA: 0s
1000/3000 [=========>....................] - ETA: 0s
1750/3000 [================>.............] - ETA: 0s
2750/3000 [==========================>...] - ETA: 0s
3000/3000 [==============================] - 0s 77us/step
Accuracy: 10.566666722297668
Latency --- 0.27259087562561035 seconds ---
Trained with DP
