We are using Tensorflow version 1.15.2
Keras API version: 2.3.1
=====================Iteration========================== 1
For delta=0.000200, the current epsilon is: 1.0075
Noise Mutiplier 3.03
in grads Tensor("loss/mul:0", shape=(?,), dtype=float32)
Train on 3000 samples, validate on 750 samples
Epoch 1/5

 250/3000 [=>............................] - ETA: 11s - loss: 2.3085 - accuracy: 0.0640
 500/3000 [====>.........................] - ETA: 10s - loss: 2.3079 - accuracy: 0.0820
 750/3000 [======>.......................] - ETA: 8s - loss: 2.3074 - accuracy: 0.0787 
1000/3000 [=========>....................] - ETA: 7s - loss: 2.3068 - accuracy: 0.0770
1250/3000 [===========>..................] - ETA: 6s - loss: 2.3069 - accuracy: 0.0720
1500/3000 [==============>...............] - ETA: 5s - loss: 2.3062 - accuracy: 0.0800
1750/3000 [================>.............] - ETA: 4s - loss: 2.3063 - accuracy: 0.0789
2000/3000 [===================>..........] - ETA: 3s - loss: 2.3064 - accuracy: 0.0760
2250/3000 [=====================>........] - ETA: 2s - loss: 2.3059 - accuracy: 0.0751
2500/3000 [========================>.....] - ETA: 1s - loss: 2.3057 - accuracy: 0.0768
2750/3000 [==========================>...] - ETA: 0s - loss: 2.3056 - accuracy: 0.0771
3000/3000 [==============================] - 12s 4ms/step - loss: 2.3053 - accuracy: 0.0770 - val_loss: 2.3024 - val_accuracy: 0.1107
Epoch 2/5

 250/3000 [=>............................] - ETA: 10s - loss: 2.3068 - accuracy: 0.0680
 500/3000 [====>.........................] - ETA: 9s - loss: 2.3064 - accuracy: 0.0680 
 750/3000 [======>.......................] - ETA: 8s - loss: 2.3058 - accuracy: 0.0773
1000/3000 [=========>....................] - ETA: 7s - loss: 2.3054 - accuracy: 0.0720
1250/3000 [===========>..................] - ETA: 6s - loss: 2.3052 - accuracy: 0.0720
1500/3000 [==============>...............] - ETA: 5s - loss: 2.3049 - accuracy: 0.0747
1750/3000 [================>.............] - ETA: 4s - loss: 2.3044 - accuracy: 0.0766
2000/3000 [===================>..........] - ETA: 3s - loss: 2.3043 - accuracy: 0.0770
2250/3000 [=====================>........] - ETA: 2s - loss: 2.3043 - accuracy: 0.0769
2500/3000 [========================>.....] - ETA: 1s - loss: 2.3042 - accuracy: 0.0784
2750/3000 [==========================>...] - ETA: 0s - loss: 2.3044 - accuracy: 0.0775
3000/3000 [==============================] - 12s 4ms/step - loss: 2.3045 - accuracy: 0.0797 - val_loss: 2.3024 - val_accuracy: 0.1080
Epoch 3/5

 250/3000 [=>............................] - ETA: 10s - loss: 2.3032 - accuracy: 0.0920
 500/3000 [====>.........................] - ETA: 9s - loss: 2.3044 - accuracy: 0.0840 
 750/3000 [======>.......................] - ETA: 8s - loss: 2.3032 - accuracy: 0.0867
1000/3000 [=========>....................] - ETA: 7s - loss: 2.3036 - accuracy: 0.0840
1250/3000 [===========>..................] - ETA: 6s - loss: 2.3039 - accuracy: 0.0792
1500/3000 [==============>...............] - ETA: 5s - loss: 2.3044 - accuracy: 0.0807
1750/3000 [================>.............] - ETA: 4s - loss: 2.3044 - accuracy: 0.0829
2000/3000 [===================>..........] - ETA: 3s - loss: 2.3044 - accuracy: 0.0815
2250/3000 [=====================>........] - ETA: 2s - loss: 2.3043 - accuracy: 0.0827
2500/3000 [========================>.....] - ETA: 1s - loss: 2.3041 - accuracy: 0.0840
2750/3000 [==========================>...] - ETA: 0s - loss: 2.3040 - accuracy: 0.0858
3000/3000 [==============================] - 12s 4ms/step - loss: 2.3037 - accuracy: 0.0867 - val_loss: 2.3025 - val_accuracy: 0.1133
Epoch 4/5

 250/3000 [=>............................] - ETA: 10s - loss: 2.3022 - accuracy: 0.0960
 500/3000 [====>.........................] - ETA: 9s - loss: 2.3037 - accuracy: 0.0720 
 750/3000 [======>.......................] - ETA: 8s - loss: 2.3040 - accuracy: 0.0693
1000/3000 [=========>....................] - ETA: 7s - loss: 2.3039 - accuracy: 0.0750
1250/3000 [===========>..................] - ETA: 6s - loss: 2.3027 - accuracy: 0.0848
1500/3000 [==============>...............] - ETA: 5s - loss: 2.3025 - accuracy: 0.0873
1750/3000 [================>.............] - ETA: 4s - loss: 2.3030 - accuracy: 0.0851
2000/3000 [===================>..........] - ETA: 3s - loss: 2.3029 - accuracy: 0.0870
2250/3000 [=====================>........] - ETA: 2s - loss: 2.3031 - accuracy: 0.0836
2500/3000 [========================>.....] - ETA: 1s - loss: 2.3030 - accuracy: 0.0848
2750/3000 [==========================>...] - ETA: 0s - loss: 2.3028 - accuracy: 0.0862
3000/3000 [==============================] - 12s 4ms/step - loss: 2.3029 - accuracy: 0.0870 - val_loss: 2.3027 - val_accuracy: 0.1147
Epoch 5/5

 250/3000 [=>............................] - ETA: 10s - loss: 2.3012 - accuracy: 0.0840
 500/3000 [====>.........................] - ETA: 9s - loss: 2.3028 - accuracy: 0.0840 
 750/3000 [======>.......................] - ETA: 8s - loss: 2.3020 - accuracy: 0.0947
1000/3000 [=========>....................] - ETA: 7s - loss: 2.3019 - accuracy: 0.0910
1250/3000 [===========>..................] - ETA: 6s - loss: 2.3024 - accuracy: 0.0856
1500/3000 [==============>...............] - ETA: 5s - loss: 2.3020 - accuracy: 0.0927
1750/3000 [================>.............] - ETA: 4s - loss: 2.3016 - accuracy: 0.0903
2000/3000 [===================>..........] - ETA: 3s - loss: 2.3020 - accuracy: 0.0880
2250/3000 [=====================>........] - ETA: 2s - loss: 2.3022 - accuracy: 0.0876
2500/3000 [========================>.....] - ETA: 1s - loss: 2.3022 - accuracy: 0.0864
2750/3000 [==========================>...] - ETA: 0s - loss: 2.3021 - accuracy: 0.0865
3000/3000 [==============================] - 12s 4ms/step - loss: 2.3021 - accuracy: 0.0847 - val_loss: 2.3028 - val_accuracy: 0.1147
Latency --- 58.731380462646484 seconds ---
For delta=0.000200, the current epsilon is: 1.0075
Saving model with new accuracy, previous accuracy was 0 and present is 0.0846666693687439
Saved model to disk
=====================Iteration========================== 2
For delta=0.000200, the current epsilon is: 1.0075
Noise Mutiplier 3.03
in grads Tensor("loss_1/mul:0", shape=(?,), dtype=float32)
Train on 3000 samples, validate on 750 samples
Epoch 1/5

 250/3000 [=>............................] - ETA: 11s - loss: 2.2969 - accuracy: 0.1120
 500/3000 [====>.........................] - ETA: 10s - loss: 2.3023 - accuracy: 0.1080
 750/3000 [======>.......................] - ETA: 9s - loss: 2.3014 - accuracy: 0.1040 
1000/3000 [=========>....................] - ETA: 8s - loss: 2.3020 - accuracy: 0.1120
1250/3000 [===========>..................] - ETA: 6s - loss: 2.3037 - accuracy: 0.1112
1500/3000 [==============>...............] - ETA: 5s - loss: 2.3051 - accuracy: 0.1080
1750/3000 [================>.............] - ETA: 4s - loss: 2.3063 - accuracy: 0.1074
2000/3000 [===================>..........] - ETA: 3s - loss: 2.3074 - accuracy: 0.1055
2250/3000 [=====================>........] - ETA: 2s - loss: 2.3076 - accuracy: 0.1071
2500/3000 [========================>.....] - ETA: 1s - loss: 2.3069 - accuracy: 0.1064
2750/3000 [==========================>...] - ETA: 0s - loss: 2.3079 - accuracy: 0.1055
3000/3000 [==============================] - 12s 4ms/step - loss: 2.3076 - accuracy: 0.1063 - val_loss: 2.3086 - val_accuracy: 0.1000
Epoch 2/5

 250/3000 [=>............................] - ETA: 10s - loss: 2.3090 - accuracy: 0.0560
 500/3000 [====>.........................] - ETA: 9s - loss: 2.3067 - accuracy: 0.0800 
 750/3000 [======>.......................] - ETA: 8s - loss: 2.3050 - accuracy: 0.1040
1000/3000 [=========>....................] - ETA: 7s - loss: 2.3019 - accuracy: 0.1080
1250/3000 [===========>..................] - ETA: 6s - loss: 2.3015 - accuracy: 0.1120
1500/3000 [==============>...............] - ETA: 5s - loss: 2.3027 - accuracy: 0.1100
1750/3000 [================>.............] - ETA: 4s - loss: 2.3045 - accuracy: 0.1080
2000/3000 [===================>..........] - ETA: 3s - loss: 2.3042 - accuracy: 0.1090
2250/3000 [=====================>........] - ETA: 2s - loss: 2.3036 - accuracy: 0.1116
2500/3000 [========================>.....] - ETA: 1s - loss: 2.3030 - accuracy: 0.1124
2750/3000 [==========================>...] - ETA: 0s - loss: 2.3040 - accuracy: 0.1127
3000/3000 [==============================] - 12s 4ms/step - loss: 2.3035 - accuracy: 0.1130 - val_loss: 2.3077 - val_accuracy: 0.1107
Epoch 3/5

 250/3000 [=>............................] - ETA: 10s - loss: 2.3072 - accuracy: 0.1360
 500/3000 [====>.........................] - ETA: 9s - loss: 2.3043 - accuracy: 0.1360 
 750/3000 [======>.......................] - ETA: 8s - loss: 2.3050 - accuracy: 0.1280
1000/3000 [=========>....................] - ETA: 7s - loss: 2.3037 - accuracy: 0.1220
1250/3000 [===========>..................] - ETA: 6s - loss: 2.3018 - accuracy: 0.1216
1500/3000 [==============>...............] - ETA: 5s - loss: 2.3004 - accuracy: 0.1173
1750/3000 [================>.............] - ETA: 4s - loss: 2.2998 - accuracy: 0.1171
2000/3000 [===================>..........] - ETA: 3s - loss: 2.2993 - accuracy: 0.1190
2250/3000 [=====================>........] - ETA: 2s - loss: 2.2987 - accuracy: 0.1231
2500/3000 [========================>.....] - ETA: 1s - loss: 2.3003 - accuracy: 0.1220
2750/3000 [==========================>...] - ETA: 0s - loss: 2.2995 - accuracy: 0.1215
3000/3000 [==============================] - 12s 4ms/step - loss: 2.2998 - accuracy: 0.1230 - val_loss: 2.3072 - val_accuracy: 0.1013
Epoch 4/5

 250/3000 [=>............................] - ETA: 10s - loss: 2.3050 - accuracy: 0.1320
 500/3000 [====>.........................] - ETA: 9s - loss: 2.2939 - accuracy: 0.1440 
 750/3000 [======>.......................] - ETA: 8s - loss: 2.2960 - accuracy: 0.1400
1000/3000 [=========>....................] - ETA: 7s - loss: 2.2975 - accuracy: 0.1250
1250/3000 [===========>..................] - ETA: 6s - loss: 2.2986 - accuracy: 0.1224
1500/3000 [==============>...............] - ETA: 5s - loss: 2.2968 - accuracy: 0.1220
1750/3000 [================>.............] - ETA: 4s - loss: 2.2972 - accuracy: 0.1280
2000/3000 [===================>..........] - ETA: 3s - loss: 2.2969 - accuracy: 0.1290
2250/3000 [=====================>........] - ETA: 2s - loss: 2.2970 - accuracy: 0.1311
2500/3000 [========================>.....] - ETA: 1s - loss: 2.2971 - accuracy: 0.1304
2750/3000 [==========================>...] - ETA: 0s - loss: 2.2972 - accuracy: 0.1298
3000/3000 [==============================] - 12s 4ms/step - loss: 2.2969 - accuracy: 0.1300 - val_loss: 2.3068 - val_accuracy: 0.1000
Epoch 5/5

 250/3000 [=>............................] - ETA: 10s - loss: 2.2979 - accuracy: 0.1440
 500/3000 [====>.........................] - ETA: 9s - loss: 2.2963 - accuracy: 0.1480 
 750/3000 [======>.......................] - ETA: 8s - loss: 2.2952 - accuracy: 0.1400
1000/3000 [=========>....................] - ETA: 7s - loss: 2.2922 - accuracy: 0.1440
1250/3000 [===========>..................] - ETA: 6s - loss: 2.2933 - accuracy: 0.1376
1500/3000 [==============>...............] - ETA: 5s - loss: 2.2944 - accuracy: 0.1300
1750/3000 [================>.............] - ETA: 4s - loss: 2.2960 - accuracy: 0.1269
2000/3000 [===================>..........] - ETA: 3s - loss: 2.2956 - accuracy: 0.1310
2250/3000 [=====================>........] - ETA: 2s - loss: 2.2935 - accuracy: 0.1316
2500/3000 [========================>.....] - ETA: 1s - loss: 2.2943 - accuracy: 0.1300
2750/3000 [==========================>...] - ETA: 0s - loss: 2.2945 - accuracy: 0.1287
3000/3000 [==============================] - 12s 4ms/step - loss: 2.2945 - accuracy: 0.1297 - val_loss: 2.3068 - val_accuracy: 0.0947
Latency --- 59.04196238517761 seconds ---
For delta=0.000200, the current epsilon is: 1.0075
Saving model with new accuracy, previous accuracy was 0.0846666693687439 and present is 0.12966667115688324
Saved model to disk
=====================Iteration========================== 3
For delta=0.000200, the current epsilon is: 1.0075
Noise Mutiplier 3.03
in grads Tensor("loss_2/mul:0", shape=(?,), dtype=float32)
Train on 3000 samples, validate on 750 samples
Epoch 1/5

 250/3000 [=>............................] - ETA: 11s - loss: 2.3085 - accuracy: 0.0640
 500/3000 [====>.........................] - ETA: 10s - loss: 2.3044 - accuracy: 0.0740
 750/3000 [======>.......................] - ETA: 8s - loss: 2.3055 - accuracy: 0.0827 
1000/3000 [=========>....................] - ETA: 7s - loss: 2.3042 - accuracy: 0.0950
1250/3000 [===========>..................] - ETA: 6s - loss: 2.3039 - accuracy: 0.0936
1500/3000 [==============>...............] - ETA: 5s - loss: 2.3038 - accuracy: 0.0953
1750/3000 [================>.............] - ETA: 4s - loss: 2.3038 - accuracy: 0.0971
2000/3000 [===================>..........] - ETA: 3s - loss: 2.3030 - accuracy: 0.1015
2250/3000 [=====================>........] - ETA: 2s - loss: 2.3028 - accuracy: 0.1000
2500/3000 [========================>.....] - ETA: 1s - loss: 2.3034 - accuracy: 0.1016
2750/3000 [==========================>...] - ETA: 0s - loss: 2.3038 - accuracy: 0.0989
3000/3000 [==============================] - 12s 4ms/step - loss: 2.3042 - accuracy: 0.0983 - val_loss: 2.3025 - val_accuracy: 0.0933
Epoch 2/5

 250/3000 [=>............................] - ETA: 10s - loss: 2.3090 - accuracy: 0.0560
 500/3000 [====>.........................] - ETA: 9s - loss: 2.3087 - accuracy: 0.0740 
 750/3000 [======>.......................] - ETA: 8s - loss: 2.3085 - accuracy: 0.0787
1000/3000 [=========>....................] - ETA: 7s - loss: 2.3077 - accuracy: 0.0870
1250/3000 [===========>..................] - ETA: 6s - loss: 2.3057 - accuracy: 0.0944
1500/3000 [==============>...............] - ETA: 5s - loss: 2.3053 - accuracy: 0.0967
1750/3000 [================>.............] - ETA: 4s - loss: 2.3054 - accuracy: 0.0920
2000/3000 [===================>..........] - ETA: 3s - loss: 2.3049 - accuracy: 0.0955
2250/3000 [=====================>........] - ETA: 2s - loss: 2.3050 - accuracy: 0.0964
2500/3000 [========================>.....] - ETA: 1s - loss: 2.3046 - accuracy: 0.1016
2750/3000 [==========================>...] - ETA: 0s - loss: 2.3042 - accuracy: 0.1029
3000/3000 [==============================] - 12s 4ms/step - loss: 2.3037 - accuracy: 0.1043 - val_loss: 2.3026 - val_accuracy: 0.0893
Epoch 3/5

 250/3000 [=>............................] - ETA: 10s - loss: 2.3003 - accuracy: 0.1160
 500/3000 [====>.........................] - ETA: 9s - loss: 2.3029 - accuracy: 0.0980 
 750/3000 [======>.......................] - ETA: 8s - loss: 2.3029 - accuracy: 0.0987
1000/3000 [=========>....................] - ETA: 7s - loss: 2.3028 - accuracy: 0.1020
1250/3000 [===========>..................] - ETA: 6s - loss: 2.3029 - accuracy: 0.1056
1500/3000 [==============>...............] - ETA: 5s - loss: 2.3026 - accuracy: 0.1107
1750/3000 [================>.............] - ETA: 4s - loss: 2.3028 - accuracy: 0.1080
2000/3000 [===================>..........] - ETA: 3s - loss: 2.3032 - accuracy: 0.1070
2250/3000 [=====================>........] - ETA: 2s - loss: 2.3030 - accuracy: 0.1107
2500/3000 [========================>.....] - ETA: 1s - loss: 2.3029 - accuracy: 0.1072
2750/3000 [==========================>...] - ETA: 0s - loss: 2.3032 - accuracy: 0.1076
3000/3000 [==============================] - 12s 4ms/step - loss: 2.3033 - accuracy: 0.1060 - val_loss: 2.3029 - val_accuracy: 0.0907
Epoch 4/5

 250/3000 [=>............................] - ETA: 10s - loss: 2.2979 - accuracy: 0.1320
 500/3000 [====>.........................] - ETA: 9s - loss: 2.2997 - accuracy: 0.1340 
 750/3000 [======>.......................] - ETA: 8s - loss: 2.2999 - accuracy: 0.1213
1000/3000 [=========>....................] - ETA: 7s - loss: 2.3015 - accuracy: 0.1090
1250/3000 [===========>..................] - ETA: 6s - loss: 2.3009 - accuracy: 0.1184
1500/3000 [==============>...............] - ETA: 5s - loss: 2.3005 - accuracy: 0.1153
1750/3000 [================>.............] - ETA: 4s - loss: 2.3014 - accuracy: 0.1171
2000/3000 [===================>..........] - ETA: 3s - loss: 2.3020 - accuracy: 0.1160
2250/3000 [=====================>........] - ETA: 2s - loss: 2.3025 - accuracy: 0.1111
2500/3000 [========================>.....] - ETA: 1s - loss: 2.3029 - accuracy: 0.1088
2750/3000 [==========================>...] - ETA: 0s - loss: 2.3026 - accuracy: 0.1102
3000/3000 [==============================] - 12s 4ms/step - loss: 2.3024 - accuracy: 0.1097 - val_loss: 2.3026 - val_accuracy: 0.0920
Epoch 5/5

 250/3000 [=>............................] - ETA: 10s - loss: 2.2986 - accuracy: 0.1160
 500/3000 [====>.........................] - ETA: 9s - loss: 2.3003 - accuracy: 0.1000 
 750/3000 [======>.......................] - ETA: 8s - loss: 2.3003 - accuracy: 0.1120
1000/3000 [=========>....................] - ETA: 7s - loss: 2.3001 - accuracy: 0.1190
1250/3000 [===========>..................] - ETA: 6s - loss: 2.3005 - accuracy: 0.1184
1500/3000 [==============>...............] - ETA: 5s - loss: 2.3001 - accuracy: 0.1180
1750/3000 [================>.............] - ETA: 4s - loss: 2.3003 - accuracy: 0.1154
2000/3000 [===================>..........] - ETA: 3s - loss: 2.3006 - accuracy: 0.1150
2250/3000 [=====================>........] - ETA: 2s - loss: 2.3011 - accuracy: 0.1124
2500/3000 [========================>.....] - ETA: 1s - loss: 2.3013 - accuracy: 0.1104
2750/3000 [==========================>...] - ETA: 0s - loss: 2.3013 - accuracy: 0.1095
3000/3000 [==============================] - 12s 4ms/step - loss: 2.3012 - accuracy: 0.1110 - val_loss: 2.3021 - val_accuracy: 0.0973
Latency --- 58.585789918899536 seconds ---
For delta=0.000200, the current epsilon is: 1.0075
=====================Iteration========================== 4
For delta=0.000200, the current epsilon is: 1.0075
Noise Mutiplier 3.03
in grads Tensor("loss_3/mul:0", shape=(?,), dtype=float32)
Train on 3000 samples, validate on 750 samples
Epoch 1/5

 250/3000 [=>............................] - ETA: 11s - loss: 2.3066 - accuracy: 0.1080
 500/3000 [====>.........................] - ETA: 10s - loss: 2.3074 - accuracy: 0.1080
 750/3000 [======>.......................] - ETA: 9s - loss: 2.3075 - accuracy: 0.1147 
1000/3000 [=========>....................] - ETA: 8s - loss: 2.3076 - accuracy: 0.1160
1250/3000 [===========>..................] - ETA: 6s - loss: 2.3070 - accuracy: 0.1152
1500/3000 [==============>...............] - ETA: 5s - loss: 2.3066 - accuracy: 0.1080
1750/3000 [================>.............] - ETA: 4s - loss: 2.3065 - accuracy: 0.1074
2000/3000 [===================>..........] - ETA: 3s - loss: 2.3065 - accuracy: 0.1055
2250/3000 [=====================>........] - ETA: 2s - loss: 2.3064 - accuracy: 0.1031
2500/3000 [========================>.....] - ETA: 1s - loss: 2.3071 - accuracy: 0.1048
2750/3000 [==========================>...] - ETA: 0s - loss: 2.3067 - accuracy: 0.1073
3000/3000 [==============================] - 12s 4ms/step - loss: 2.3057 - accuracy: 0.1100 - val_loss: 2.3035 - val_accuracy: 0.1013
Epoch 2/5

 250/3000 [=>............................] - ETA: 10s - loss: 2.3122 - accuracy: 0.0840
 500/3000 [====>.........................] - ETA: 9s - loss: 2.3091 - accuracy: 0.1060 
 750/3000 [======>.......................] - ETA: 8s - loss: 2.3051 - accuracy: 0.1173
1000/3000 [=========>....................] - ETA: 7s - loss: 2.3034 - accuracy: 0.1200
1250/3000 [===========>..................] - ETA: 6s - loss: 2.3023 - accuracy: 0.1216
1500/3000 [==============>...............] - ETA: 5s - loss: 2.3031 - accuracy: 0.1260
1750/3000 [================>.............] - ETA: 4s - loss: 2.3028 - accuracy: 0.1229
2000/3000 [===================>..........] - ETA: 3s - loss: 2.3031 - accuracy: 0.1210
2250/3000 [=====================>........] - ETA: 2s - loss: 2.3033 - accuracy: 0.1173
2500/3000 [========================>.....] - ETA: 1s - loss: 2.3032 - accuracy: 0.1184
2750/3000 [==========================>...] - ETA: 0s - loss: 2.3034 - accuracy: 0.1193
3000/3000 [==============================] - 12s 4ms/step - loss: 2.3031 - accuracy: 0.1190 - val_loss: 2.3034 - val_accuracy: 0.0960
Epoch 3/5

 250/3000 [=>............................] - ETA: 10s - loss: 2.3039 - accuracy: 0.0960
 500/3000 [====>.........................] - ETA: 9s - loss: 2.3027 - accuracy: 0.1200 
 750/3000 [======>.......................] - ETA: 8s - loss: 2.3006 - accuracy: 0.1267
1000/3000 [=========>....................] - ETA: 7s - loss: 2.3021 - accuracy: 0.1190
1250/3000 [===========>..................] - ETA: 6s - loss: 2.3023 - accuracy: 0.1208
1500/3000 [==============>...............] - ETA: 5s - loss: 2.3027 - accuracy: 0.1227
1750/3000 [================>.............] - ETA: 4s - loss: 2.3026 - accuracy: 0.1229
2000/3000 [===================>..........] - ETA: 3s - loss: 2.3018 - accuracy: 0.1210
2250/3000 [=====================>........] - ETA: 2s - loss: 2.3022 - accuracy: 0.1213
2500/3000 [========================>.....] - ETA: 1s - loss: 2.3019 - accuracy: 0.1216
2750/3000 [==========================>...] - ETA: 0s - loss: 2.3014 - accuracy: 0.1265
3000/3000 [==============================] - 12s 4ms/step - loss: 2.3017 - accuracy: 0.1267 - val_loss: 2.3032 - val_accuracy: 0.0987
Epoch 4/5

 250/3000 [=>............................] - ETA: 10s - loss: 2.2980 - accuracy: 0.1200
 500/3000 [====>.........................] - ETA: 9s - loss: 2.3000 - accuracy: 0.1280 
 750/3000 [======>.......................] - ETA: 8s - loss: 2.3001 - accuracy: 0.1413
1000/3000 [=========>....................] - ETA: 7s - loss: 2.2993 - accuracy: 0.1520
1250/3000 [===========>..................] - ETA: 6s - loss: 2.3004 - accuracy: 0.1384
1500/3000 [==============>...............] - ETA: 5s - loss: 2.2994 - accuracy: 0.1380
1750/3000 [================>.............] - ETA: 4s - loss: 2.2999 - accuracy: 0.1366
2000/3000 [===================>..........] - ETA: 3s - loss: 2.3007 - accuracy: 0.1350
2250/3000 [=====================>........] - ETA: 2s - loss: 2.3007 - accuracy: 0.1356
2500/3000 [========================>.....] - ETA: 1s - loss: 2.3009 - accuracy: 0.1356
2750/3000 [==========================>...] - ETA: 0s - loss: 2.3011 - accuracy: 0.1302
3000/3000 [==============================] - 12s 4ms/step - loss: 2.3007 - accuracy: 0.1293 - val_loss: 2.3035 - val_accuracy: 0.1027
Epoch 5/5

 250/3000 [=>............................] - ETA: 10s - loss: 2.2995 - accuracy: 0.1240
 500/3000 [====>.........................] - ETA: 9s - loss: 2.2985 - accuracy: 0.1280 
 750/3000 [======>.......................] - ETA: 8s - loss: 2.2997 - accuracy: 0.1213
1000/3000 [=========>....................] - ETA: 7s - loss: 2.2991 - accuracy: 0.1230
1250/3000 [===========>..................] - ETA: 6s - loss: 2.2981 - accuracy: 0.1240
1500/3000 [==============>...............] - ETA: 5s - loss: 2.2982 - accuracy: 0.1267
1750/3000 [================>.............] - ETA: 4s - loss: 2.2993 - accuracy: 0.1286
2000/3000 [===================>..........] - ETA: 3s - loss: 2.3002 - accuracy: 0.1265
2250/3000 [=====================>........] - ETA: 2s - loss: 2.3009 - accuracy: 0.1284
2500/3000 [========================>.....] - ETA: 1s - loss: 2.3011 - accuracy: 0.1304
2750/3000 [==========================>...] - ETA: 0s - loss: 2.3005 - accuracy: 0.1316
3000/3000 [==============================] - 12s 4ms/step - loss: 2.3002 - accuracy: 0.1357 - val_loss: 2.3039 - val_accuracy: 0.0973
Latency --- 59.26229405403137 seconds ---
For delta=0.000200, the current epsilon is: 1.0075
Saving model with new accuracy, previous accuracy was 0.12966667115688324 and present is 0.13566666841506958
Saved model to disk
=====================Iteration========================== 5
For delta=0.000200, the current epsilon is: 1.0075
Noise Mutiplier 3.03
in grads Tensor("loss_4/mul:0", shape=(?,), dtype=float32)
Train on 3000 samples, validate on 750 samples
Epoch 1/5

 250/3000 [=>............................] - ETA: 11s - loss: 2.3014 - accuracy: 0.1080
 500/3000 [====>.........................] - ETA: 10s - loss: 2.3054 - accuracy: 0.0820
 750/3000 [======>.......................] - ETA: 9s - loss: 2.3071 - accuracy: 0.0800 
1000/3000 [=========>....................] - ETA: 8s - loss: 2.3055 - accuracy: 0.0860
1250/3000 [===========>..................] - ETA: 6s - loss: 2.3035 - accuracy: 0.0944
1500/3000 [==============>...............] - ETA: 5s - loss: 2.3033 - accuracy: 0.0960
1750/3000 [================>.............] - ETA: 4s - loss: 2.3033 - accuracy: 0.1000
2000/3000 [===================>..........] - ETA: 3s - loss: 2.3023 - accuracy: 0.1040
2250/3000 [=====================>........] - ETA: 2s - loss: 2.3036 - accuracy: 0.1022
2500/3000 [========================>.....] - ETA: 1s - loss: 2.3037 - accuracy: 0.0988
2750/3000 [==========================>...] - ETA: 0s - loss: 2.3032 - accuracy: 0.1004
3000/3000 [==============================] - 12s 4ms/step - loss: 2.3024 - accuracy: 0.1033 - val_loss: 2.3058 - val_accuracy: 0.1187
Epoch 2/5

 250/3000 [=>............................] - ETA: 10s - loss: 2.3036 - accuracy: 0.1120
 500/3000 [====>.........................] - ETA: 9s - loss: 2.3023 - accuracy: 0.1080 
 750/3000 [======>.......................] - ETA: 8s - loss: 2.3023 - accuracy: 0.1133
1000/3000 [=========>....................] - ETA: 7s - loss: 2.3023 - accuracy: 0.1150
1250/3000 [===========>..................] - ETA: 6s - loss: 2.3006 - accuracy: 0.1200
1500/3000 [==============>...............] - ETA: 5s - loss: 2.3008 - accuracy: 0.1187
1750/3000 [================>.............] - ETA: 4s - loss: 2.3005 - accuracy: 0.1166
2000/3000 [===================>..........] - ETA: 3s - loss: 2.3012 - accuracy: 0.1140
2250/3000 [=====================>........] - ETA: 2s - loss: 2.3009 - accuracy: 0.1156
2500/3000 [========================>.....] - ETA: 1s - loss: 2.3004 - accuracy: 0.1144
2750/3000 [==========================>...] - ETA: 0s - loss: 2.3007 - accuracy: 0.1124
3000/3000 [==============================] - 12s 4ms/step - loss: 2.3006 - accuracy: 0.1107 - val_loss: 2.3058 - val_accuracy: 0.1187
Epoch 3/5

 250/3000 [=>............................] - ETA: 10s - loss: 2.2929 - accuracy: 0.1800
 500/3000 [====>.........................] - ETA: 9s - loss: 2.2953 - accuracy: 0.1580 
 750/3000 [======>.......................] - ETA: 8s - loss: 2.2953 - accuracy: 0.1493
1000/3000 [=========>....................] - ETA: 7s - loss: 2.2975 - accuracy: 0.1330
1250/3000 [===========>..................] - ETA: 6s - loss: 2.2981 - accuracy: 0.1280
1500/3000 [==============>...............] - ETA: 5s - loss: 2.2987 - accuracy: 0.1227
1750/3000 [================>.............] - ETA: 4s - loss: 2.2986 - accuracy: 0.1166
2000/3000 [===================>..........] - ETA: 3s - loss: 2.2991 - accuracy: 0.1155
2250/3000 [=====================>........] - ETA: 2s - loss: 2.2989 - accuracy: 0.1138
2500/3000 [========================>.....] - ETA: 1s - loss: 2.2988 - accuracy: 0.1168
2750/3000 [==========================>...] - ETA: 0s - loss: 2.2992 - accuracy: 0.1135
3000/3000 [==============================] - 12s 4ms/step - loss: 2.2989 - accuracy: 0.1117 - val_loss: 2.3057 - val_accuracy: 0.1147
Epoch 4/5

 250/3000 [=>............................] - ETA: 10s - loss: 2.3016 - accuracy: 0.0920
 500/3000 [====>.........................] - ETA: 9s - loss: 2.2989 - accuracy: 0.1140 
 750/3000 [======>.......................] - ETA: 8s - loss: 2.2961 - accuracy: 0.1120
1000/3000 [=========>....................] - ETA: 7s - loss: 2.2956 - accuracy: 0.1130
1250/3000 [===========>..................] - ETA: 6s - loss: 2.2964 - accuracy: 0.1112
1500/3000 [==============>...............] - ETA: 5s - loss: 2.2962 - accuracy: 0.1093
1750/3000 [================>.............] - ETA: 4s - loss: 2.2967 - accuracy: 0.1074
2000/3000 [===================>..........] - ETA: 3s - loss: 2.2976 - accuracy: 0.1055
2250/3000 [=====================>........] - ETA: 2s - loss: 2.2973 - accuracy: 0.1058
2500/3000 [========================>.....] - ETA: 1s - loss: 2.2979 - accuracy: 0.1036
2750/3000 [==========================>...] - ETA: 0s - loss: 2.2976 - accuracy: 0.1062
3000/3000 [==============================] - 12s 4ms/step - loss: 2.2972 - accuracy: 0.1083 - val_loss: 2.3053 - val_accuracy: 0.1173
Epoch 5/5

 250/3000 [=>............................] - ETA: 10s - loss: 2.2987 - accuracy: 0.0800
 500/3000 [====>.........................] - ETA: 9s - loss: 2.2955 - accuracy: 0.1160 
 750/3000 [======>.......................] - ETA: 8s - loss: 2.2979 - accuracy: 0.1040
1000/3000 [=========>....................] - ETA: 7s - loss: 2.2984 - accuracy: 0.1060
1250/3000 [===========>..................] - ETA: 6s - loss: 2.2972 - accuracy: 0.1112
1500/3000 [==============>...............] - ETA: 5s - loss: 2.2961 - accuracy: 0.1060
1750/3000 [================>.............] - ETA: 4s - loss: 2.2956 - accuracy: 0.1063
2000/3000 [===================>..........] - ETA: 3s - loss: 2.2948 - accuracy: 0.1075
2250/3000 [=====================>........] - ETA: 2s - loss: 2.2955 - accuracy: 0.1049
2500/3000 [========================>.....] - ETA: 1s - loss: 2.2952 - accuracy: 0.1068
2750/3000 [==========================>...] - ETA: 0s - loss: 2.2949 - accuracy: 0.1076
3000/3000 [==============================] - 12s 4ms/step - loss: 2.2949 - accuracy: 0.1097 - val_loss: 2.3059 - val_accuracy: 0.1067
Latency --- 59.40597629547119 seconds ---
For delta=0.000200, the current epsilon is: 1.0075
=====================Iteration========================== 6
For delta=0.000200, the current epsilon is: 1.0075
Noise Mutiplier 3.03
in grads Tensor("loss_5/mul:0", shape=(?,), dtype=float32)
Train on 3000 samples, validate on 750 samples
Epoch 1/5

 250/3000 [=>............................] - ETA: 12s - loss: 2.3118 - accuracy: 0.0760
 500/3000 [====>.........................] - ETA: 10s - loss: 2.3076 - accuracy: 0.0900
 750/3000 [======>.......................] - ETA: 9s - loss: 2.3086 - accuracy: 0.0907 
1000/3000 [=========>....................] - ETA: 8s - loss: 2.3058 - accuracy: 0.1030
1250/3000 [===========>..................] - ETA: 7s - loss: 2.3040 - accuracy: 0.1112
1500/3000 [==============>...............] - ETA: 5s - loss: 2.3048 - accuracy: 0.1093
1750/3000 [================>.............] - ETA: 4s - loss: 2.3044 - accuracy: 0.1057
2000/3000 [===================>..........] - ETA: 3s - loss: 2.3045 - accuracy: 0.1075
2250/3000 [=====================>........] - ETA: 2s - loss: 2.3052 - accuracy: 0.1062
2500/3000 [========================>.....] - ETA: 1s - loss: 2.3058 - accuracy: 0.1072
2750/3000 [==========================>...] - ETA: 0s - loss: 2.3060 - accuracy: 0.1069
3000/3000 [==============================] - 12s 4ms/step - loss: 2.3055 - accuracy: 0.1063 - val_loss: 2.3118 - val_accuracy: 0.0960
Epoch 2/5

 250/3000 [=>............................] - ETA: 10s - loss: 2.3036 - accuracy: 0.0880
 500/3000 [====>.........................] - ETA: 9s - loss: 2.3043 - accuracy: 0.0980 
 750/3000 [======>.......................] - ETA: 8s - loss: 2.3044 - accuracy: 0.1133
1000/3000 [=========>....................] - ETA: 7s - loss: 2.3040 - accuracy: 0.1030
1250/3000 [===========>..................] - ETA: 6s - loss: 2.3031 - accuracy: 0.1088
1500/3000 [==============>...............] - ETA: 5s - loss: 2.3020 - accuracy: 0.1100
1750/3000 [================>.............] - ETA: 4s - loss: 2.3023 - accuracy: 0.1057
2000/3000 [===================>..........] - ETA: 3s - loss: 2.3029 - accuracy: 0.1090
2250/3000 [=====================>........] - ETA: 2s - loss: 2.3020 - accuracy: 0.1116
2500/3000 [========================>.....] - ETA: 1s - loss: 2.3028 - accuracy: 0.1108
2750/3000 [==========================>...] - ETA: 0s - loss: 2.3034 - accuracy: 0.1091
3000/3000 [==============================] - 12s 4ms/step - loss: 2.3025 - accuracy: 0.1110 - val_loss: 2.3099 - val_accuracy: 0.0973
Epoch 3/5

 250/3000 [=>............................] - ETA: 10s - loss: 2.2889 - accuracy: 0.1320
 500/3000 [====>.........................] - ETA: 9s - loss: 2.2978 - accuracy: 0.1160 
 750/3000 [======>.......................] - ETA: 8s - loss: 2.2971 - accuracy: 0.1160
1000/3000 [=========>....................] - ETA: 7s - loss: 2.2984 - accuracy: 0.1130
1250/3000 [===========>..................] - ETA: 6s - loss: 2.2980 - accuracy: 0.1168
1500/3000 [==============>...............] - ETA: 5s - loss: 2.2999 - accuracy: 0.1127
1750/3000 [================>.............] - ETA: 4s - loss: 2.2995 - accuracy: 0.1154
2000/3000 [===================>..........] - ETA: 3s - loss: 2.3007 - accuracy: 0.1125
2250/3000 [=====================>........] - ETA: 2s - loss: 2.3009 - accuracy: 0.1116
2500/3000 [========================>.....] - ETA: 1s - loss: 2.3007 - accuracy: 0.1092
2750/3000 [==========================>...] - ETA: 0s - loss: 2.3010 - accuracy: 0.1087
3000/3000 [==============================] - 12s 4ms/step - loss: 2.3011 - accuracy: 0.1080 - val_loss: 2.3090 - val_accuracy: 0.1000
Epoch 4/5

 250/3000 [=>............................] - ETA: 10s - loss: 2.3017 - accuracy: 0.1120
 500/3000 [====>.........................] - ETA: 9s - loss: 2.3007 - accuracy: 0.1020 
 750/3000 [======>.......................] - ETA: 8s - loss: 2.3007 - accuracy: 0.0973
1000/3000 [=========>....................] - ETA: 7s - loss: 2.3001 - accuracy: 0.1050
1250/3000 [===========>..................] - ETA: 6s - loss: 2.3010 - accuracy: 0.1024
1500/3000 [==============>...............] - ETA: 5s - loss: 2.2996 - accuracy: 0.1067
1750/3000 [================>.............] - ETA: 4s - loss: 2.2999 - accuracy: 0.1074
2000/3000 [===================>..........] - ETA: 3s - loss: 2.2997 - accuracy: 0.1070
2250/3000 [=====================>........] - ETA: 2s - loss: 2.2987 - accuracy: 0.1089
2500/3000 [========================>.....] - ETA: 1s - loss: 2.2993 - accuracy: 0.1068
2750/3000 [==========================>...] - ETA: 0s - loss: 2.3000 - accuracy: 0.1044
3000/3000 [==============================] - 12s 4ms/step - loss: 2.3003 - accuracy: 0.1037 - val_loss: 2.3088 - val_accuracy: 0.0893
Epoch 5/5

 250/3000 [=>............................] - ETA: 10s - loss: 2.3099 - accuracy: 0.1040
 500/3000 [====>.........................] - ETA: 9s - loss: 2.3055 - accuracy: 0.1140 
 750/3000 [======>.......................] - ETA: 8s - loss: 2.3029 - accuracy: 0.1093
1000/3000 [=========>....................] - ETA: 7s - loss: 2.3034 - accuracy: 0.1020
1250/3000 [===========>..................] - ETA: 6s - loss: 2.3021 - accuracy: 0.1064
1500/3000 [==============>...............] - ETA: 5s - loss: 2.3029 - accuracy: 0.1027
1750/3000 [================>.............] - ETA: 4s - loss: 2.3019 - accuracy: 0.1023
2000/3000 [===================>..........] - ETA: 3s - loss: 2.3012 - accuracy: 0.1015
2250/3000 [=====================>........] - ETA: 2s - loss: 2.2997 - accuracy: 0.1044
2500/3000 [========================>.....] - ETA: 1s - loss: 2.2997 - accuracy: 0.1052
2750/3000 [==========================>...] - ETA: 0s - loss: 2.2994 - accuracy: 0.1087
3000/3000 [==============================] - 12s 4ms/step - loss: 2.2996 - accuracy: 0.1057 - val_loss: 2.3093 - val_accuracy: 0.0907
Latency --- 59.66839575767517 seconds ---
For delta=0.000200, the current epsilon is: 1.0075
=====================Iteration========================== 7
For delta=0.000200, the current epsilon is: 1.0075
Noise Mutiplier 3.03
in grads Tensor("loss_6/mul:0", shape=(?,), dtype=float32)
Train on 3000 samples, validate on 750 samples
Epoch 1/5

 250/3000 [=>............................] - ETA: 12s - loss: 2.3038 - accuracy: 0.0760
 500/3000 [====>.........................] - ETA: 10s - loss: 2.3062 - accuracy: 0.0880
 750/3000 [======>.......................] - ETA: 9s - loss: 2.3107 - accuracy: 0.0800 
1000/3000 [=========>....................] - ETA: 8s - loss: 2.3099 - accuracy: 0.0840
1250/3000 [===========>..................] - ETA: 7s - loss: 2.3101 - accuracy: 0.0880
1500/3000 [==============>...............] - ETA: 5s - loss: 2.3093 - accuracy: 0.0893
1750/3000 [================>.............] - ETA: 4s - loss: 2.3105 - accuracy: 0.0846
2000/3000 [===================>..........] - ETA: 3s - loss: 2.3090 - accuracy: 0.0850
2250/3000 [=====================>........] - ETA: 2s - loss: 2.3095 - accuracy: 0.0849
2500/3000 [========================>.....] - ETA: 1s - loss: 2.3086 - accuracy: 0.0884
2750/3000 [==========================>...] - ETA: 0s - loss: 2.3075 - accuracy: 0.0920
3000/3000 [==============================] - 12s 4ms/step - loss: 2.3069 - accuracy: 0.0930 - val_loss: 2.3063 - val_accuracy: 0.0893
Epoch 2/5

 250/3000 [=>............................] - ETA: 10s - loss: 2.2984 - accuracy: 0.1000
 500/3000 [====>.........................] - ETA: 9s - loss: 2.3010 - accuracy: 0.0900 
 750/3000 [======>.......................] - ETA: 8s - loss: 2.2982 - accuracy: 0.1053
1000/3000 [=========>....................] - ETA: 7s - loss: 2.2992 - accuracy: 0.1090
1250/3000 [===========>..................] - ETA: 6s - loss: 2.2996 - accuracy: 0.1048
1500/3000 [==============>...............] - ETA: 5s - loss: 2.3011 - accuracy: 0.1027
1750/3000 [================>.............] - ETA: 4s - loss: 2.3024 - accuracy: 0.0989
2000/3000 [===================>..........] - ETA: 3s - loss: 2.3029 - accuracy: 0.0980
2250/3000 [=====================>........] - ETA: 2s - loss: 2.3032 - accuracy: 0.0982
2500/3000 [========================>.....] - ETA: 1s - loss: 2.3035 - accuracy: 0.0932
2750/3000 [==========================>...] - ETA: 0s - loss: 2.3038 - accuracy: 0.0938
3000/3000 [==============================] - 12s 4ms/step - loss: 2.3038 - accuracy: 0.0937 - val_loss: 2.3053 - val_accuracy: 0.0893
Epoch 3/5

 250/3000 [=>............................] - ETA: 10s - loss: 2.2994 - accuracy: 0.1080
 500/3000 [====>.........................] - ETA: 9s - loss: 2.3022 - accuracy: 0.1020 
 750/3000 [======>.......................] - ETA: 8s - loss: 2.3015 - accuracy: 0.0947
1000/3000 [=========>....................] - ETA: 7s - loss: 2.3007 - accuracy: 0.0980
1250/3000 [===========>..................] - ETA: 6s - loss: 2.3015 - accuracy: 0.0928
1500/3000 [==============>...............] - ETA: 5s - loss: 2.3014 - accuracy: 0.0893
1750/3000 [================>.............] - ETA: 4s - loss: 2.3012 - accuracy: 0.0886
2000/3000 [===================>..........] - ETA: 3s - loss: 2.3016 - accuracy: 0.0885
2250/3000 [=====================>........] - ETA: 2s - loss: 2.3010 - accuracy: 0.0933
2500/3000 [========================>.....] - ETA: 1s - loss: 2.3007 - accuracy: 0.0928
2750/3000 [==========================>...] - ETA: 0s - loss: 2.3012 - accuracy: 0.0916
3000/3000 [==============================] - 12s 4ms/step - loss: 2.3010 - accuracy: 0.0940 - val_loss: 2.3052 - val_accuracy: 0.0800
Epoch 4/5

 250/3000 [=>............................] - ETA: 10s - loss: 2.3004 - accuracy: 0.0840
 500/3000 [====>.........................] - ETA: 9s - loss: 2.3005 - accuracy: 0.0960 
 750/3000 [======>.......................] - ETA: 8s - loss: 2.2986 - accuracy: 0.1107
1000/3000 [=========>....................] - ETA: 7s - loss: 2.2990 - accuracy: 0.1000
1250/3000 [===========>..................] - ETA: 6s - loss: 2.2988 - accuracy: 0.1016
1500/3000 [==============>...............] - ETA: 5s - loss: 2.2983 - accuracy: 0.1073
1750/3000 [================>.............] - ETA: 4s - loss: 2.2987 - accuracy: 0.1086
2000/3000 [===================>..........] - ETA: 3s - loss: 2.2993 - accuracy: 0.1075
2250/3000 [=====================>........] - ETA: 2s - loss: 2.2994 - accuracy: 0.1062
2500/3000 [========================>.....] - ETA: 1s - loss: 2.2996 - accuracy: 0.1116
2750/3000 [==========================>...] - ETA: 0s - loss: 2.2993 - accuracy: 0.1109
3000/3000 [==============================] - 12s 4ms/step - loss: 2.2993 - accuracy: 0.1103 - val_loss: 2.3049 - val_accuracy: 0.0920
Epoch 5/5

 250/3000 [=>............................] - ETA: 10s - loss: 2.2910 - accuracy: 0.1520
 500/3000 [====>.........................] - ETA: 9s - loss: 2.2941 - accuracy: 0.1400 
 750/3000 [======>.......................] - ETA: 8s - loss: 2.2971 - accuracy: 0.1333
1000/3000 [=========>....................] - ETA: 7s - loss: 2.2975 - accuracy: 0.1360
1250/3000 [===========>..................] - ETA: 6s - loss: 2.2979 - accuracy: 0.1328
1500/3000 [==============>...............] - ETA: 5s - loss: 2.2983 - accuracy: 0.1267
1750/3000 [================>.............] - ETA: 4s - loss: 2.2977 - accuracy: 0.1257
2000/3000 [===================>..........] - ETA: 3s - loss: 2.2979 - accuracy: 0.1230
2250/3000 [=====================>........] - ETA: 2s - loss: 2.2980 - accuracy: 0.1222
2500/3000 [========================>.....] - ETA: 1s - loss: 2.2978 - accuracy: 0.1224
2750/3000 [==========================>...] - ETA: 0s - loss: 2.2981 - accuracy: 0.1218
3000/3000 [==============================] - 12s 4ms/step - loss: 2.2981 - accuracy: 0.1227 - val_loss: 2.3043 - val_accuracy: 0.0960
Latency --- 59.72477388381958 seconds ---
For delta=0.000200, the current epsilon is: 1.0075
=====================Iteration========================== 8
For delta=0.000200, the current epsilon is: 1.0075
Noise Mutiplier 3.03
in grads Tensor("loss_7/mul:0", shape=(?,), dtype=float32)
Train on 3000 samples, validate on 750 samples
Epoch 1/5

 250/3000 [=>............................] - ETA: 12s - loss: 2.3070 - accuracy: 0.1000
 500/3000 [====>.........................] - ETA: 10s - loss: 2.3014 - accuracy: 0.1180
 750/3000 [======>.......................] - ETA: 9s - loss: 2.3036 - accuracy: 0.1160 
1000/3000 [=========>....................] - ETA: 8s - loss: 2.3035 - accuracy: 0.1200
1250/3000 [===========>..................] - ETA: 7s - loss: 2.3033 - accuracy: 0.1224
1500/3000 [==============>...............] - ETA: 5s - loss: 2.3040 - accuracy: 0.1207
1750/3000 [================>.............] - ETA: 4s - loss: 2.3041 - accuracy: 0.1217
2000/3000 [===================>..........] - ETA: 3s - loss: 2.3042 - accuracy: 0.1215
2250/3000 [=====================>........] - ETA: 2s - loss: 2.3044 - accuracy: 0.1187
2500/3000 [========================>.....] - ETA: 1s - loss: 2.3047 - accuracy: 0.1176
2750/3000 [==========================>...] - ETA: 0s - loss: 2.3051 - accuracy: 0.1156
3000/3000 [==============================] - 12s 4ms/step - loss: 2.3061 - accuracy: 0.1117 - val_loss: 2.3034 - val_accuracy: 0.0920
Epoch 2/5

 250/3000 [=>............................] - ETA: 10s - loss: 2.2972 - accuracy: 0.1400
 500/3000 [====>.........................] - ETA: 9s - loss: 2.3044 - accuracy: 0.1200 
 750/3000 [======>.......................] - ETA: 8s - loss: 2.3051 - accuracy: 0.1093
1000/3000 [=========>....................] - ETA: 7s - loss: 2.3068 - accuracy: 0.1020
1250/3000 [===========>..................] - ETA: 6s - loss: 2.3063 - accuracy: 0.1064
1500/3000 [==============>...............] - ETA: 5s - loss: 2.3062 - accuracy: 0.1053
1750/3000 [================>.............] - ETA: 4s - loss: 2.3060 - accuracy: 0.1097
2000/3000 [===================>..........] - ETA: 3s - loss: 2.3061 - accuracy: 0.1090
2250/3000 [=====================>........] - ETA: 2s - loss: 2.3062 - accuracy: 0.1076
2500/3000 [========================>.....] - ETA: 1s - loss: 2.3060 - accuracy: 0.1020
2750/3000 [==========================>...] - ETA: 0s - loss: 2.3051 - accuracy: 0.1036
3000/3000 [==============================] - 12s 4ms/step - loss: 2.3040 - accuracy: 0.1073 - val_loss: 2.3032 - val_accuracy: 0.0933
Epoch 3/5

 250/3000 [=>............................] - ETA: 10s - loss: 2.3087 - accuracy: 0.0760
 500/3000 [====>.........................] - ETA: 9s - loss: 2.3026 - accuracy: 0.0960 
 750/3000 [======>.......................] - ETA: 8s - loss: 2.3045 - accuracy: 0.0973
1000/3000 [=========>....................] - ETA: 7s - loss: 2.3036 - accuracy: 0.0970
1250/3000 [===========>..................] - ETA: 6s - loss: 2.3039 - accuracy: 0.0984
1500/3000 [==============>...............] - ETA: 5s - loss: 2.3033 - accuracy: 0.0993
1750/3000 [================>.............] - ETA: 4s - loss: 2.3040 - accuracy: 0.0954
2000/3000 [===================>..........] - ETA: 3s - loss: 2.3028 - accuracy: 0.1020
2250/3000 [=====================>........] - ETA: 2s - loss: 2.3021 - accuracy: 0.1076
2500/3000 [========================>.....] - ETA: 1s - loss: 2.3013 - accuracy: 0.1116
2750/3000 [==========================>...] - ETA: 0s - loss: 2.3013 - accuracy: 0.1098
3000/3000 [==============================] - 12s 4ms/step - loss: 2.3018 - accuracy: 0.1070 - val_loss: 2.3031 - val_accuracy: 0.0920
Epoch 4/5

 250/3000 [=>............................] - ETA: 10s - loss: 2.3033 - accuracy: 0.0960
 500/3000 [====>.........................] - ETA: 9s - loss: 2.3033 - accuracy: 0.0960 
 750/3000 [======>.......................] - ETA: 8s - loss: 2.3038 - accuracy: 0.0920
1000/3000 [=========>....................] - ETA: 7s - loss: 2.3010 - accuracy: 0.0980
1250/3000 [===========>..................] - ETA: 6s - loss: 2.3003 - accuracy: 0.1016
1500/3000 [==============>...............] - ETA: 5s - loss: 2.3002 - accuracy: 0.1020
1750/3000 [================>.............] - ETA: 4s - loss: 2.3006 - accuracy: 0.1034
2000/3000 [===================>..........] - ETA: 3s - loss: 2.3010 - accuracy: 0.1020
2250/3000 [=====================>........] - ETA: 2s - loss: 2.2999 - accuracy: 0.1062
2500/3000 [========================>.....] - ETA: 1s - loss: 2.3003 - accuracy: 0.1076
2750/3000 [==========================>...] - ETA: 0s - loss: 2.3006 - accuracy: 0.1062
3000/3000 [==============================] - 12s 4ms/step - loss: 2.3000 - accuracy: 0.1090 - val_loss: 2.3032 - val_accuracy: 0.0907
Epoch 5/5

 250/3000 [=>............................] - ETA: 10s - loss: 2.3032 - accuracy: 0.1040
 500/3000 [====>.........................] - ETA: 9s - loss: 2.3006 - accuracy: 0.1220 
 750/3000 [======>.......................] - ETA: 8s - loss: 2.2999 - accuracy: 0.1133
1000/3000 [=========>....................] - ETA: 7s - loss: 2.2989 - accuracy: 0.1140
1250/3000 [===========>..................] - ETA: 6s - loss: 2.2990 - accuracy: 0.1112
1500/3000 [==============>...............] - ETA: 5s - loss: 2.2994 - accuracy: 0.1093
1750/3000 [================>.............] - ETA: 4s - loss: 2.2983 - accuracy: 0.1103
2000/3000 [===================>..........] - ETA: 3s - loss: 2.2987 - accuracy: 0.1125
2250/3000 [=====================>........] - ETA: 2s - loss: 2.2984 - accuracy: 0.1147
2500/3000 [========================>.....] - ETA: 1s - loss: 2.2981 - accuracy: 0.1164
2750/3000 [==========================>...] - ETA: 0s - loss: 2.2983 - accuracy: 0.1149
3000/3000 [==============================] - 12s 4ms/step - loss: 2.2988 - accuracy: 0.1137 - val_loss: 2.3034 - val_accuracy: 0.0947
Latency --- 59.913520097732544 seconds ---
For delta=0.000200, the current epsilon is: 1.0075
=====================Iteration========================== 9
For delta=0.000200, the current epsilon is: 1.0075
Noise Mutiplier 3.03
in grads Tensor("loss_8/mul:0", shape=(?,), dtype=float32)
Train on 3000 samples, validate on 750 samples
Epoch 1/5

 250/3000 [=>............................] - ETA: 12s - loss: 2.3022 - accuracy: 0.1040
 500/3000 [====>.........................] - ETA: 10s - loss: 2.3021 - accuracy: 0.1000
 750/3000 [======>.......................] - ETA: 9s - loss: 2.3003 - accuracy: 0.1147 
1000/3000 [=========>....................] - ETA: 8s - loss: 2.3023 - accuracy: 0.1080
1250/3000 [===========>..................] - ETA: 7s - loss: 2.3016 - accuracy: 0.1016
1500/3000 [==============>...............] - ETA: 5s - loss: 2.3030 - accuracy: 0.0987
1750/3000 [================>.............] - ETA: 4s - loss: 2.3029 - accuracy: 0.0977
2000/3000 [===================>..........] - ETA: 3s - loss: 2.3027 - accuracy: 0.0965
2250/3000 [=====================>........] - ETA: 2s - loss: 2.3028 - accuracy: 0.0947
2500/3000 [========================>.....] - ETA: 1s - loss: 2.3025 - accuracy: 0.0964
2750/3000 [==========================>...] - ETA: 0s - loss: 2.3025 - accuracy: 0.0971
3000/3000 [==============================] - 12s 4ms/step - loss: 2.3022 - accuracy: 0.0967 - val_loss: 2.3016 - val_accuracy: 0.1147
Epoch 2/5

 250/3000 [=>............................] - ETA: 10s - loss: 2.2955 - accuracy: 0.1040
 500/3000 [====>.........................] - ETA: 9s - loss: 2.2990 - accuracy: 0.1000 
 750/3000 [======>.......................] - ETA: 8s - loss: 2.2999 - accuracy: 0.0933
1000/3000 [=========>....................] - ETA: 7s - loss: 2.2993 - accuracy: 0.1070
1250/3000 [===========>..................] - ETA: 6s - loss: 2.2989 - accuracy: 0.1048
1500/3000 [==============>...............] - ETA: 5s - loss: 2.2988 - accuracy: 0.1047
1750/3000 [================>.............] - ETA: 4s - loss: 2.2988 - accuracy: 0.1086
2000/3000 [===================>..........] - ETA: 3s - loss: 2.2990 - accuracy: 0.1045
2250/3000 [=====================>........] - ETA: 2s - loss: 2.2992 - accuracy: 0.1009
2500/3000 [========================>.....] - ETA: 1s - loss: 2.2992 - accuracy: 0.1028
2750/3000 [==========================>...] - ETA: 0s - loss: 2.2999 - accuracy: 0.1004
3000/3000 [==============================] - 12s 4ms/step - loss: 2.3002 - accuracy: 0.0977 - val_loss: 2.3021 - val_accuracy: 0.1173
Epoch 3/5

 250/3000 [=>............................] - ETA: 10s - loss: 2.2972 - accuracy: 0.1200
 500/3000 [====>.........................] - ETA: 9s - loss: 2.3003 - accuracy: 0.1060 
 750/3000 [======>.......................] - ETA: 8s - loss: 2.2986 - accuracy: 0.1027
1000/3000 [=========>....................] - ETA: 7s - loss: 2.2978 - accuracy: 0.1070
1250/3000 [===========>..................] - ETA: 6s - loss: 2.2989 - accuracy: 0.0992
1500/3000 [==============>...............] - ETA: 5s - loss: 2.2987 - accuracy: 0.0987
1750/3000 [================>.............] - ETA: 4s - loss: 2.2986 - accuracy: 0.0983
2000/3000 [===================>..........] - ETA: 3s - loss: 2.2988 - accuracy: 0.0960
2250/3000 [=====================>........] - ETA: 2s - loss: 2.2987 - accuracy: 0.0964
2500/3000 [========================>.....] - ETA: 1s - loss: 2.2986 - accuracy: 0.0980
2750/3000 [==========================>...] - ETA: 0s - loss: 2.2986 - accuracy: 0.0993
3000/3000 [==============================] - 12s 4ms/step - loss: 2.2982 - accuracy: 0.0987 - val_loss: 2.3027 - val_accuracy: 0.1107
Epoch 4/5

 250/3000 [=>............................] - ETA: 10s - loss: 2.3020 - accuracy: 0.0920
 500/3000 [====>.........................] - ETA: 9s - loss: 2.2996 - accuracy: 0.0940 
 750/3000 [======>.......................] - ETA: 8s - loss: 2.2986 - accuracy: 0.1027
1000/3000 [=========>....................] - ETA: 7s - loss: 2.2987 - accuracy: 0.0990
1250/3000 [===========>..................] - ETA: 6s - loss: 2.2972 - accuracy: 0.1056
1500/3000 [==============>...............] - ETA: 5s - loss: 2.2978 - accuracy: 0.1033
1750/3000 [================>.............] - ETA: 4s - loss: 2.2972 - accuracy: 0.1063
2000/3000 [===================>..........] - ETA: 3s - loss: 2.2967 - accuracy: 0.1030
2250/3000 [=====================>........] - ETA: 2s - loss: 2.2966 - accuracy: 0.1067
2500/3000 [========================>.....] - ETA: 1s - loss: 2.2967 - accuracy: 0.1068
2750/3000 [==========================>...] - ETA: 0s - loss: 2.2968 - accuracy: 0.1091
3000/3000 [==============================] - 12s 4ms/step - loss: 2.2965 - accuracy: 0.1097 - val_loss: 2.3034 - val_accuracy: 0.0987
Epoch 5/5

 250/3000 [=>............................] - ETA: 10s - loss: 2.2942 - accuracy: 0.1240
 500/3000 [====>.........................] - ETA: 9s - loss: 2.2960 - accuracy: 0.1100 
 750/3000 [======>.......................] - ETA: 8s - loss: 2.2956 - accuracy: 0.1133
1000/3000 [=========>....................] - ETA: 7s - loss: 2.2942 - accuracy: 0.1210
1250/3000 [===========>..................] - ETA: 6s - loss: 2.2943 - accuracy: 0.1224
1500/3000 [==============>...............] - ETA: 5s - loss: 2.2949 - accuracy: 0.1173
1750/3000 [================>.............] - ETA: 4s - loss: 2.2943 - accuracy: 0.1189
2000/3000 [===================>..........] - ETA: 3s - loss: 2.2946 - accuracy: 0.1170
2250/3000 [=====================>........] - ETA: 2s - loss: 2.2945 - accuracy: 0.1178
2500/3000 [========================>.....] - ETA: 1s - loss: 2.2946 - accuracy: 0.1156
2750/3000 [==========================>...] - ETA: 0s - loss: 2.2946 - accuracy: 0.1142
3000/3000 [==============================] - 12s 4ms/step - loss: 2.2945 - accuracy: 0.1153 - val_loss: 2.3038 - val_accuracy: 0.1093
Latency --- 59.94524526596069 seconds ---
For delta=0.000200, the current epsilon is: 1.0075
=====================Iteration========================== 10
For delta=0.000200, the current epsilon is: 1.0075
Noise Mutiplier 3.03
in grads Tensor("loss_9/mul:0", shape=(?,), dtype=float32)
Train on 3000 samples, validate on 750 samples
Epoch 1/5

 250/3000 [=>............................] - ETA: 12s - loss: 2.3105 - accuracy: 0.1040
 500/3000 [====>.........................] - ETA: 10s - loss: 2.3076 - accuracy: 0.0980
 750/3000 [======>.......................] - ETA: 9s - loss: 2.3074 - accuracy: 0.0880 
1000/3000 [=========>....................] - ETA: 8s - loss: 2.3071 - accuracy: 0.0900
1250/3000 [===========>..................] - ETA: 7s - loss: 2.3087 - accuracy: 0.0856
1500/3000 [==============>...............] - ETA: 5s - loss: 2.3101 - accuracy: 0.0847
1750/3000 [================>.............] - ETA: 4s - loss: 2.3097 - accuracy: 0.0886
2000/3000 [===================>..........] - ETA: 3s - loss: 2.3094 - accuracy: 0.0875
2250/3000 [=====================>........] - ETA: 2s - loss: 2.3099 - accuracy: 0.0884
2500/3000 [========================>.....] - ETA: 1s - loss: 2.3092 - accuracy: 0.0904
2750/3000 [==========================>...] - ETA: 0s - loss: 2.3097 - accuracy: 0.0884
3000/3000 [==============================] - 12s 4ms/step - loss: 2.3102 - accuracy: 0.0870 - val_loss: 2.3050 - val_accuracy: 0.0920
Epoch 2/5

 250/3000 [=>............................] - ETA: 10s - loss: 2.3038 - accuracy: 0.1280
 500/3000 [====>.........................] - ETA: 9s - loss: 2.3072 - accuracy: 0.1020 
 750/3000 [======>.......................] - ETA: 8s - loss: 2.3068 - accuracy: 0.1000
1000/3000 [=========>....................] - ETA: 7s - loss: 2.3068 - accuracy: 0.0990
1250/3000 [===========>..................] - ETA: 6s - loss: 2.3072 - accuracy: 0.0920
1500/3000 [==============>...............] - ETA: 5s - loss: 2.3082 - accuracy: 0.0920
1750/3000 [================>.............] - ETA: 4s - loss: 2.3088 - accuracy: 0.0880
2000/3000 [===================>..........] - ETA: 3s - loss: 2.3091 - accuracy: 0.0870
2250/3000 [=====================>........] - ETA: 2s - loss: 2.3091 - accuracy: 0.0880
2500/3000 [========================>.....] - ETA: 1s - loss: 2.3088 - accuracy: 0.0876
2750/3000 [==========================>...] - ETA: 0s - loss: 2.3088 - accuracy: 0.0862
3000/3000 [==============================] - 12s 4ms/step - loss: 2.3082 - accuracy: 0.0873 - val_loss: 2.3054 - val_accuracy: 0.0933
Epoch 3/5

 250/3000 [=>............................] - ETA: 10s - loss: 2.3084 - accuracy: 0.1000
 500/3000 [====>.........................] - ETA: 9s - loss: 2.3076 - accuracy: 0.0940 
 750/3000 [======>.......................] - ETA: 8s - loss: 2.3070 - accuracy: 0.0893
1000/3000 [=========>....................] - ETA: 7s - loss: 2.3067 - accuracy: 0.0920
1250/3000 [===========>..................] - ETA: 6s - loss: 2.3061 - accuracy: 0.0936
1500/3000 [==============>...............] - ETA: 5s - loss: 2.3062 - accuracy: 0.0913
1750/3000 [================>.............] - ETA: 4s - loss: 2.3063 - accuracy: 0.0931
2000/3000 [===================>..........] - ETA: 3s - loss: 2.3064 - accuracy: 0.0920
2250/3000 [=====================>........] - ETA: 2s - loss: 2.3061 - accuracy: 0.0924
2500/3000 [========================>.....] - ETA: 1s - loss: 2.3065 - accuracy: 0.0916
2750/3000 [==========================>...] - ETA: 0s - loss: 2.3063 - accuracy: 0.0909
3000/3000 [==============================] - 12s 4ms/step - loss: 2.3066 - accuracy: 0.0907 - val_loss: 2.3054 - val_accuracy: 0.0747
Epoch 4/5

 250/3000 [=>............................] - ETA: 10s - loss: 2.3072 - accuracy: 0.0640
 500/3000 [====>.........................] - ETA: 9s - loss: 2.3075 - accuracy: 0.0760 
 750/3000 [======>.......................] - ETA: 8s - loss: 2.3051 - accuracy: 0.0867
1000/3000 [=========>....................] - ETA: 7s - loss: 2.3050 - accuracy: 0.0900
1250/3000 [===========>..................] - ETA: 6s - loss: 2.3049 - accuracy: 0.0920
1500/3000 [==============>...............] - ETA: 5s - loss: 2.3056 - accuracy: 0.0887
1750/3000 [================>.............] - ETA: 4s - loss: 2.3058 - accuracy: 0.0863
2000/3000 [===================>..........] - ETA: 3s - loss: 2.3061 - accuracy: 0.0875
2250/3000 [=====================>........] - ETA: 2s - loss: 2.3063 - accuracy: 0.0853
2500/3000 [========================>.....] - ETA: 1s - loss: 2.3057 - accuracy: 0.0872
2750/3000 [==========================>...] - ETA: 0s - loss: 2.3049 - accuracy: 0.0895
3000/3000 [==============================] - 12s 4ms/step - loss: 2.3049 - accuracy: 0.0907 - val_loss: 2.3055 - val_accuracy: 0.0587
Epoch 5/5

 250/3000 [=>............................] - ETA: 10s - loss: 2.3090 - accuracy: 0.0720
 500/3000 [====>.........................] - ETA: 9s - loss: 2.3077 - accuracy: 0.0800 
 750/3000 [======>.......................] - ETA: 8s - loss: 2.3062 - accuracy: 0.0840
1000/3000 [=========>....................] - ETA: 7s - loss: 2.3047 - accuracy: 0.0880
1250/3000 [===========>..................] - ETA: 6s - loss: 2.3040 - accuracy: 0.0920
1500/3000 [==============>...............] - ETA: 5s - loss: 2.3032 - accuracy: 0.0893
1750/3000 [================>.............] - ETA: 4s - loss: 2.3031 - accuracy: 0.0926
2000/3000 [===================>..........] - ETA: 3s - loss: 2.3026 - accuracy: 0.0950
2250/3000 [=====================>........] - ETA: 2s - loss: 2.3029 - accuracy: 0.0933
2500/3000 [========================>.....] - ETA: 1s - loss: 2.3032 - accuracy: 0.0920
2750/3000 [==========================>...] - ETA: 0s - loss: 2.3031 - accuracy: 0.0913
3000/3000 [==============================] - 12s 4ms/step - loss: 2.3029 - accuracy: 0.0923 - val_loss: 2.3066 - val_accuracy: 0.0587
Latency --- 59.751049280166626 seconds ---
For delta=0.000200, the current epsilon is: 1.0075
