We are using Tensorflow version 1.15.2
Keras API version: 2.3.1
=====================Iteration========================== 1
For delta=0.000200, the current epsilon is: 4.0044
Noise Mutiplier 1.136
in grads Tensor("loss/mul:0", shape=(?,), dtype=float32)
Train on 3000 samples, validate on 750 samples
Epoch 1/5

 250/3000 [=>............................] - ETA: 11s - loss: 2.3030 - accuracy: 0.1120
 500/3000 [====>.........................] - ETA: 10s - loss: 2.3041 - accuracy: 0.1040
 750/3000 [======>.......................] - ETA: 8s - loss: 2.3047 - accuracy: 0.1027 
1000/3000 [=========>....................] - ETA: 7s - loss: 2.3035 - accuracy: 0.1040
1250/3000 [===========>..................] - ETA: 6s - loss: 2.3047 - accuracy: 0.0976
1500/3000 [==============>...............] - ETA: 5s - loss: 2.3035 - accuracy: 0.0987
1750/3000 [================>.............] - ETA: 4s - loss: 2.3026 - accuracy: 0.1006
2000/3000 [===================>..........] - ETA: 3s - loss: 2.3023 - accuracy: 0.0990
2250/3000 [=====================>........] - ETA: 2s - loss: 2.3026 - accuracy: 0.0956
2500/3000 [========================>.....] - ETA: 1s - loss: 2.3028 - accuracy: 0.0924
2750/3000 [==========================>...] - ETA: 0s - loss: 2.3024 - accuracy: 0.0942
3000/3000 [==============================] - 12s 4ms/step - loss: 2.3022 - accuracy: 0.0927 - val_loss: 2.3025 - val_accuracy: 0.1067
Epoch 2/5

 250/3000 [=>............................] - ETA: 10s - loss: 2.3031 - accuracy: 0.0800
 500/3000 [====>.........................] - ETA: 9s - loss: 2.3013 - accuracy: 0.0800 
 750/3000 [======>.......................] - ETA: 8s - loss: 2.3005 - accuracy: 0.0840
1000/3000 [=========>....................] - ETA: 7s - loss: 2.3001 - accuracy: 0.0860
1250/3000 [===========>..................] - ETA: 6s - loss: 2.3014 - accuracy: 0.0824
1500/3000 [==============>...............] - ETA: 5s - loss: 2.3011 - accuracy: 0.0827
1750/3000 [================>.............] - ETA: 4s - loss: 2.3008 - accuracy: 0.0869
2000/3000 [===================>..........] - ETA: 3s - loss: 2.3003 - accuracy: 0.0910
2250/3000 [=====================>........] - ETA: 2s - loss: 2.2999 - accuracy: 0.0916
2500/3000 [========================>.....] - ETA: 1s - loss: 2.2996 - accuracy: 0.0928
2750/3000 [==========================>...] - ETA: 0s - loss: 2.2992 - accuracy: 0.0964
3000/3000 [==============================] - 12s 4ms/step - loss: 2.2988 - accuracy: 0.1000 - val_loss: 2.3026 - val_accuracy: 0.1120
Epoch 3/5

 250/3000 [=>............................] - ETA: 10s - loss: 2.2959 - accuracy: 0.1320
 500/3000 [====>.........................] - ETA: 9s - loss: 2.2967 - accuracy: 0.1280 
 750/3000 [======>.......................] - ETA: 8s - loss: 2.2963 - accuracy: 0.1253
1000/3000 [=========>....................] - ETA: 7s - loss: 2.2968 - accuracy: 0.1200
1250/3000 [===========>..................] - ETA: 6s - loss: 2.2972 - accuracy: 0.1192
1500/3000 [==============>...............] - ETA: 5s - loss: 2.2968 - accuracy: 0.1240
1750/3000 [================>.............] - ETA: 4s - loss: 2.2968 - accuracy: 0.1234
2000/3000 [===================>..........] - ETA: 3s - loss: 2.2964 - accuracy: 0.1245
2250/3000 [=====================>........] - ETA: 2s - loss: 2.2960 - accuracy: 0.1276
2500/3000 [========================>.....] - ETA: 1s - loss: 2.2960 - accuracy: 0.1280
2750/3000 [==========================>...] - ETA: 0s - loss: 2.2960 - accuracy: 0.1258
3000/3000 [==============================] - 12s 4ms/step - loss: 2.2959 - accuracy: 0.1287 - val_loss: 2.3024 - val_accuracy: 0.1147
Epoch 4/5

 250/3000 [=>............................] - ETA: 10s - loss: 2.2940 - accuracy: 0.1400
 500/3000 [====>.........................] - ETA: 9s - loss: 2.2958 - accuracy: 0.1200 
 750/3000 [======>.......................] - ETA: 8s - loss: 2.2959 - accuracy: 0.1200
1000/3000 [=========>....................] - ETA: 7s - loss: 2.2949 - accuracy: 0.1300
1250/3000 [===========>..................] - ETA: 6s - loss: 2.2945 - accuracy: 0.1304
1500/3000 [==============>...............] - ETA: 5s - loss: 2.2944 - accuracy: 0.1280
1750/3000 [================>.............] - ETA: 4s - loss: 2.2944 - accuracy: 0.1257
2000/3000 [===================>..........] - ETA: 3s - loss: 2.2939 - accuracy: 0.1305
2250/3000 [=====================>........] - ETA: 2s - loss: 2.2937 - accuracy: 0.1329
2500/3000 [========================>.....] - ETA: 1s - loss: 2.2937 - accuracy: 0.1324
2750/3000 [==========================>...] - ETA: 0s - loss: 2.2934 - accuracy: 0.1338
3000/3000 [==============================] - 12s 4ms/step - loss: 2.2934 - accuracy: 0.1343 - val_loss: 2.3024 - val_accuracy: 0.1000
Epoch 5/5

 250/3000 [=>............................] - ETA: 10s - loss: 2.2905 - accuracy: 0.1920
 500/3000 [====>.........................] - ETA: 9s - loss: 2.2904 - accuracy: 0.1640 
 750/3000 [======>.......................] - ETA: 8s - loss: 2.2904 - accuracy: 0.1667
1000/3000 [=========>....................] - ETA: 7s - loss: 2.2901 - accuracy: 0.1660
1250/3000 [===========>..................] - ETA: 6s - loss: 2.2904 - accuracy: 0.1664
1500/3000 [==============>...............] - ETA: 5s - loss: 2.2905 - accuracy: 0.1620
1750/3000 [================>.............] - ETA: 4s - loss: 2.2906 - accuracy: 0.1554
2000/3000 [===================>..........] - ETA: 3s - loss: 2.2909 - accuracy: 0.1530
2250/3000 [=====================>........] - ETA: 2s - loss: 2.2907 - accuracy: 0.1516
2500/3000 [========================>.....] - ETA: 1s - loss: 2.2906 - accuracy: 0.1508
2750/3000 [==========================>...] - ETA: 0s - loss: 2.2906 - accuracy: 0.1495
3000/3000 [==============================] - 12s 4ms/step - loss: 2.2908 - accuracy: 0.1470 - val_loss: 2.3024 - val_accuracy: 0.1053
Latency --- 58.49732494354248 seconds ---
For delta=0.000200, the current epsilon is: 4.0044
Saving model with new accuracy, previous accuracy was 0 and present is 0.1469999998807907
Saved model to disk
=====================Iteration========================== 2
For delta=0.000200, the current epsilon is: 4.0044
Noise Mutiplier 1.136
in grads Tensor("loss_1/mul:0", shape=(?,), dtype=float32)
Train on 3000 samples, validate on 750 samples
Epoch 1/5

 250/3000 [=>............................] - ETA: 11s - loss: 2.3058 - accuracy: 0.0680
 500/3000 [====>.........................] - ETA: 10s - loss: 2.3059 - accuracy: 0.0740
 750/3000 [======>.......................] - ETA: 8s - loss: 2.3052 - accuracy: 0.0760 
1000/3000 [=========>....................] - ETA: 7s - loss: 2.3053 - accuracy: 0.0740
1250/3000 [===========>..................] - ETA: 6s - loss: 2.3047 - accuracy: 0.0784
1500/3000 [==============>...............] - ETA: 5s - loss: 2.3048 - accuracy: 0.0813
1750/3000 [================>.............] - ETA: 4s - loss: 2.3039 - accuracy: 0.0869
2000/3000 [===================>..........] - ETA: 3s - loss: 2.3040 - accuracy: 0.0845
2250/3000 [=====================>........] - ETA: 2s - loss: 2.3036 - accuracy: 0.0871
2500/3000 [========================>.....] - ETA: 1s - loss: 2.3033 - accuracy: 0.0904
2750/3000 [==========================>...] - ETA: 0s - loss: 2.3035 - accuracy: 0.0909
3000/3000 [==============================] - 12s 4ms/step - loss: 2.3032 - accuracy: 0.0910 - val_loss: 2.3061 - val_accuracy: 0.0800
Epoch 2/5

 250/3000 [=>............................] - ETA: 10s - loss: 2.3015 - accuracy: 0.1080
 500/3000 [====>.........................] - ETA: 9s - loss: 2.3015 - accuracy: 0.0980 
 750/3000 [======>.......................] - ETA: 8s - loss: 2.3009 - accuracy: 0.0987
1000/3000 [=========>....................] - ETA: 7s - loss: 2.3001 - accuracy: 0.0940
1250/3000 [===========>..................] - ETA: 6s - loss: 2.3002 - accuracy: 0.0944
1500/3000 [==============>...............] - ETA: 5s - loss: 2.2999 - accuracy: 0.0967
1750/3000 [================>.............] - ETA: 4s - loss: 2.2993 - accuracy: 0.1046
2000/3000 [===================>..........] - ETA: 3s - loss: 2.2995 - accuracy: 0.1065
2250/3000 [=====================>........] - ETA: 2s - loss: 2.2995 - accuracy: 0.1027
2500/3000 [========================>.....] - ETA: 1s - loss: 2.2996 - accuracy: 0.1020
2750/3000 [==========================>...] - ETA: 0s - loss: 2.2992 - accuracy: 0.1040
3000/3000 [==============================] - 12s 4ms/step - loss: 2.2990 - accuracy: 0.1033 - val_loss: 2.3052 - val_accuracy: 0.0813
Epoch 3/5

 250/3000 [=>............................] - ETA: 10s - loss: 2.2987 - accuracy: 0.1160
 500/3000 [====>.........................] - ETA: 9s - loss: 2.2983 - accuracy: 0.1080 
 750/3000 [======>.......................] - ETA: 8s - loss: 2.2967 - accuracy: 0.1120
1000/3000 [=========>....................] - ETA: 7s - loss: 2.2969 - accuracy: 0.1210
1250/3000 [===========>..................] - ETA: 6s - loss: 2.2971 - accuracy: 0.1160
1500/3000 [==============>...............] - ETA: 5s - loss: 2.2975 - accuracy: 0.1167
1750/3000 [================>.............] - ETA: 4s - loss: 2.2975 - accuracy: 0.1137
2000/3000 [===================>..........] - ETA: 3s - loss: 2.2972 - accuracy: 0.1130
2250/3000 [=====================>........] - ETA: 2s - loss: 2.2968 - accuracy: 0.1178
2500/3000 [========================>.....] - ETA: 1s - loss: 2.2968 - accuracy: 0.1168
2750/3000 [==========================>...] - ETA: 0s - loss: 2.2969 - accuracy: 0.1167
3000/3000 [==============================] - 12s 4ms/step - loss: 2.2966 - accuracy: 0.1183 - val_loss: 2.3046 - val_accuracy: 0.0787
Epoch 4/5

 250/3000 [=>............................] - ETA: 10s - loss: 2.2946 - accuracy: 0.1120
 500/3000 [====>.........................] - ETA: 9s - loss: 2.2946 - accuracy: 0.1240 
 750/3000 [======>.......................] - ETA: 8s - loss: 2.2940 - accuracy: 0.1333
1000/3000 [=========>....................] - ETA: 7s - loss: 2.2945 - accuracy: 0.1330
1250/3000 [===========>..................] - ETA: 6s - loss: 2.2942 - accuracy: 0.1344
1500/3000 [==============>...............] - ETA: 5s - loss: 2.2942 - accuracy: 0.1333
1750/3000 [================>.............] - ETA: 4s - loss: 2.2945 - accuracy: 0.1309
2000/3000 [===================>..........] - ETA: 3s - loss: 2.2945 - accuracy: 0.1345
2250/3000 [=====================>........] - ETA: 2s - loss: 2.2943 - accuracy: 0.1413
2500/3000 [========================>.....] - ETA: 1s - loss: 2.2948 - accuracy: 0.1408
2750/3000 [==========================>...] - ETA: 0s - loss: 2.2949 - accuracy: 0.1407
3000/3000 [==============================] - 12s 4ms/step - loss: 2.2948 - accuracy: 0.1407 - val_loss: 2.3045 - val_accuracy: 0.0880
Epoch 5/5

 250/3000 [=>............................] - ETA: 10s - loss: 2.2921 - accuracy: 0.1880
 500/3000 [====>.........................] - ETA: 9s - loss: 2.2907 - accuracy: 0.1900 
 750/3000 [======>.......................] - ETA: 8s - loss: 2.2910 - accuracy: 0.1787
1000/3000 [=========>....................] - ETA: 7s - loss: 2.2928 - accuracy: 0.1700
1250/3000 [===========>..................] - ETA: 6s - loss: 2.2934 - accuracy: 0.1624
1500/3000 [==============>...............] - ETA: 5s - loss: 2.2933 - accuracy: 0.1560
1750/3000 [================>.............] - ETA: 4s - loss: 2.2934 - accuracy: 0.1537
2000/3000 [===================>..........] - ETA: 3s - loss: 2.2939 - accuracy: 0.1505
2250/3000 [=====================>........] - ETA: 2s - loss: 2.2939 - accuracy: 0.1498
2500/3000 [========================>.....] - ETA: 1s - loss: 2.2936 - accuracy: 0.1524
2750/3000 [==========================>...] - ETA: 0s - loss: 2.2934 - accuracy: 0.1509
3000/3000 [==============================] - 12s 4ms/step - loss: 2.2930 - accuracy: 0.1507 - val_loss: 2.3044 - val_accuracy: 0.0880
Latency --- 58.7831244468689 seconds ---
For delta=0.000200, the current epsilon is: 4.0044
Saving model with new accuracy, previous accuracy was 0.1469999998807907 and present is 0.15066666901111603
Saved model to disk
=====================Iteration========================== 3
For delta=0.000200, the current epsilon is: 4.0044
Noise Mutiplier 1.136
in grads Tensor("loss_2/mul:0", shape=(?,), dtype=float32)
Train on 3000 samples, validate on 750 samples
Epoch 1/5

 250/3000 [=>............................] - ETA: 11s - loss: 2.2957 - accuracy: 0.1400
 500/3000 [====>.........................] - ETA: 10s - loss: 2.3028 - accuracy: 0.1140
 750/3000 [======>.......................] - ETA: 8s - loss: 2.3010 - accuracy: 0.1253 
1000/3000 [=========>....................] - ETA: 7s - loss: 2.3023 - accuracy: 0.1170
1250/3000 [===========>..................] - ETA: 6s - loss: 2.3037 - accuracy: 0.1096
1500/3000 [==============>...............] - ETA: 5s - loss: 2.3043 - accuracy: 0.1067
1750/3000 [================>.............] - ETA: 4s - loss: 2.3048 - accuracy: 0.1023
2000/3000 [===================>..........] - ETA: 3s - loss: 2.3047 - accuracy: 0.1005
2250/3000 [=====================>........] - ETA: 2s - loss: 2.3044 - accuracy: 0.0982
2500/3000 [========================>.....] - ETA: 1s - loss: 2.3039 - accuracy: 0.0988
2750/3000 [==========================>...] - ETA: 0s - loss: 2.3034 - accuracy: 0.0985
3000/3000 [==============================] - 12s 4ms/step - loss: 2.3029 - accuracy: 0.0987 - val_loss: 2.3063 - val_accuracy: 0.1040
Epoch 2/5

 250/3000 [=>............................] - ETA: 10s - loss: 2.2969 - accuracy: 0.1160
 500/3000 [====>.........................] - ETA: 9s - loss: 2.2974 - accuracy: 0.1160 
 750/3000 [======>.......................] - ETA: 8s - loss: 2.2979 - accuracy: 0.1160
1000/3000 [=========>....................] - ETA: 7s - loss: 2.2977 - accuracy: 0.1110
1250/3000 [===========>..................] - ETA: 6s - loss: 2.2975 - accuracy: 0.1136
1500/3000 [==============>...............] - ETA: 5s - loss: 2.2977 - accuracy: 0.1133
1750/3000 [================>.............] - ETA: 4s - loss: 2.2979 - accuracy: 0.1114
2000/3000 [===================>..........] - ETA: 3s - loss: 2.2982 - accuracy: 0.1090
2250/3000 [=====================>........] - ETA: 2s - loss: 2.2983 - accuracy: 0.1049
2500/3000 [========================>.....] - ETA: 1s - loss: 2.2979 - accuracy: 0.1056
2750/3000 [==========================>...] - ETA: 0s - loss: 2.2980 - accuracy: 0.1036
3000/3000 [==============================] - 12s 4ms/step - loss: 2.2989 - accuracy: 0.1003 - val_loss: 2.3057 - val_accuracy: 0.1027
Epoch 3/5

 250/3000 [=>............................] - ETA: 10s - loss: 2.3006 - accuracy: 0.0920
 500/3000 [====>.........................] - ETA: 9s - loss: 2.3034 - accuracy: 0.0820 
 750/3000 [======>.......................] - ETA: 8s - loss: 2.3021 - accuracy: 0.0813
1000/3000 [=========>....................] - ETA: 7s - loss: 2.3008 - accuracy: 0.0910
1250/3000 [===========>..................] - ETA: 6s - loss: 2.2987 - accuracy: 0.0984
1500/3000 [==============>...............] - ETA: 5s - loss: 2.2974 - accuracy: 0.1027
1750/3000 [================>.............] - ETA: 4s - loss: 2.2973 - accuracy: 0.1046
2000/3000 [===================>..........] - ETA: 3s - loss: 2.2971 - accuracy: 0.1040
2250/3000 [=====================>........] - ETA: 2s - loss: 2.2964 - accuracy: 0.1053
2500/3000 [========================>.....] - ETA: 1s - loss: 2.2963 - accuracy: 0.1068
2750/3000 [==========================>...] - ETA: 0s - loss: 2.2961 - accuracy: 0.1095
3000/3000 [==============================] - 12s 4ms/step - loss: 2.2957 - accuracy: 0.1153 - val_loss: 2.3052 - val_accuracy: 0.1040
Epoch 4/5

 250/3000 [=>............................] - ETA: 10s - loss: 2.2980 - accuracy: 0.1240
 500/3000 [====>.........................] - ETA: 9s - loss: 2.2988 - accuracy: 0.1340 
 750/3000 [======>.......................] - ETA: 8s - loss: 2.2972 - accuracy: 0.1267
1000/3000 [=========>....................] - ETA: 7s - loss: 2.2933 - accuracy: 0.1350
1250/3000 [===========>..................] - ETA: 6s - loss: 2.2935 - accuracy: 0.1336
1500/3000 [==============>...............] - ETA: 5s - loss: 2.2929 - accuracy: 0.1353
1750/3000 [================>.............] - ETA: 4s - loss: 2.2919 - accuracy: 0.1417
2000/3000 [===================>..........] - ETA: 3s - loss: 2.2916 - accuracy: 0.1450
2250/3000 [=====================>........] - ETA: 2s - loss: 2.2915 - accuracy: 0.1449
2500/3000 [========================>.....] - ETA: 1s - loss: 2.2914 - accuracy: 0.1460
2750/3000 [==========================>...] - ETA: 0s - loss: 2.2915 - accuracy: 0.1462
3000/3000 [==============================] - 12s 4ms/step - loss: 2.2916 - accuracy: 0.1443 - val_loss: 2.3051 - val_accuracy: 0.1027
Epoch 5/5

 250/3000 [=>............................] - ETA: 10s - loss: 2.2904 - accuracy: 0.1240
 500/3000 [====>.........................] - ETA: 9s - loss: 2.2871 - accuracy: 0.1360 
 750/3000 [======>.......................] - ETA: 8s - loss: 2.2861 - accuracy: 0.1347
1000/3000 [=========>....................] - ETA: 7s - loss: 2.2862 - accuracy: 0.1460
1250/3000 [===========>..................] - ETA: 6s - loss: 2.2863 - accuracy: 0.1536
1500/3000 [==============>...............] - ETA: 5s - loss: 2.2874 - accuracy: 0.1527
1750/3000 [================>.............] - ETA: 4s - loss: 2.2876 - accuracy: 0.1543
2000/3000 [===================>..........] - ETA: 3s - loss: 2.2881 - accuracy: 0.1515
2250/3000 [=====================>........] - ETA: 2s - loss: 2.2890 - accuracy: 0.1467
2500/3000 [========================>.....] - ETA: 1s - loss: 2.2884 - accuracy: 0.1508
2750/3000 [==========================>...] - ETA: 0s - loss: 2.2882 - accuracy: 0.1524
3000/3000 [==============================] - 12s 4ms/step - loss: 2.2881 - accuracy: 0.1517 - val_loss: 2.3055 - val_accuracy: 0.0947
Latency --- 58.64889121055603 seconds ---
For delta=0.000200, the current epsilon is: 4.0044
Saving model with new accuracy, previous accuracy was 0.15066666901111603 and present is 0.15166667103767395
Saved model to disk
=====================Iteration========================== 4
For delta=0.000200, the current epsilon is: 4.0044
Noise Mutiplier 1.136
in grads Tensor("loss_3/mul:0", shape=(?,), dtype=float32)
Train on 3000 samples, validate on 750 samples
Epoch 1/5

 250/3000 [=>............................] - ETA: 11s - loss: 2.2933 - accuracy: 0.1280
 500/3000 [====>.........................] - ETA: 10s - loss: 2.2980 - accuracy: 0.1140
 750/3000 [======>.......................] - ETA: 9s - loss: 2.3006 - accuracy: 0.1000 
1000/3000 [=========>....................] - ETA: 7s - loss: 2.3004 - accuracy: 0.1050
1250/3000 [===========>..................] - ETA: 6s - loss: 2.3008 - accuracy: 0.1096
1500/3000 [==============>...............] - ETA: 5s - loss: 2.3014 - accuracy: 0.1080
1750/3000 [================>.............] - ETA: 4s - loss: 2.3004 - accuracy: 0.1120
2000/3000 [===================>..........] - ETA: 3s - loss: 2.3010 - accuracy: 0.1100
2250/3000 [=====================>........] - ETA: 2s - loss: 2.3017 - accuracy: 0.1071
2500/3000 [========================>.....] - ETA: 1s - loss: 2.3021 - accuracy: 0.1056
2750/3000 [==========================>...] - ETA: 0s - loss: 2.3027 - accuracy: 0.1044
3000/3000 [==============================] - 12s 4ms/step - loss: 2.3024 - accuracy: 0.1057 - val_loss: 2.3045 - val_accuracy: 0.0947
Epoch 2/5

 250/3000 [=>............................] - ETA: 10s - loss: 2.3000 - accuracy: 0.0920
 500/3000 [====>.........................] - ETA: 9s - loss: 2.2994 - accuracy: 0.0960 
 750/3000 [======>.......................] - ETA: 8s - loss: 2.2986 - accuracy: 0.1000
1000/3000 [=========>....................] - ETA: 7s - loss: 2.2998 - accuracy: 0.0990
1250/3000 [===========>..................] - ETA: 6s - loss: 2.2992 - accuracy: 0.0992
1500/3000 [==============>...............] - ETA: 5s - loss: 2.2998 - accuracy: 0.1007
1750/3000 [================>.............] - ETA: 4s - loss: 2.2997 - accuracy: 0.1063
2000/3000 [===================>..........] - ETA: 3s - loss: 2.3001 - accuracy: 0.1030
2250/3000 [=====================>........] - ETA: 2s - loss: 2.2996 - accuracy: 0.1080
2500/3000 [========================>.....] - ETA: 1s - loss: 2.2995 - accuracy: 0.1068
2750/3000 [==========================>...] - ETA: 0s - loss: 2.2988 - accuracy: 0.1080
3000/3000 [==============================] - 12s 4ms/step - loss: 2.2992 - accuracy: 0.1063 - val_loss: 2.3041 - val_accuracy: 0.0933
Epoch 3/5

 250/3000 [=>............................] - ETA: 10s - loss: 2.3029 - accuracy: 0.1000
 500/3000 [====>.........................] - ETA: 9s - loss: 2.3005 - accuracy: 0.1100 
 750/3000 [======>.......................] - ETA: 8s - loss: 2.2997 - accuracy: 0.1027
1000/3000 [=========>....................] - ETA: 7s - loss: 2.2992 - accuracy: 0.1040
1250/3000 [===========>..................] - ETA: 6s - loss: 2.2989 - accuracy: 0.1024
1500/3000 [==============>...............] - ETA: 5s - loss: 2.2989 - accuracy: 0.1007
1750/3000 [================>.............] - ETA: 4s - loss: 2.2982 - accuracy: 0.1011
2000/3000 [===================>..........] - ETA: 3s - loss: 2.2975 - accuracy: 0.0995
2250/3000 [=====================>........] - ETA: 2s - loss: 2.2975 - accuracy: 0.1018
2500/3000 [========================>.....] - ETA: 1s - loss: 2.2969 - accuracy: 0.1020
2750/3000 [==========================>...] - ETA: 0s - loss: 2.2972 - accuracy: 0.1047
3000/3000 [==============================] - 12s 4ms/step - loss: 2.2973 - accuracy: 0.1067 - val_loss: 2.3038 - val_accuracy: 0.0907
Epoch 4/5

 250/3000 [=>............................] - ETA: 10s - loss: 2.3001 - accuracy: 0.0960
 500/3000 [====>.........................] - ETA: 9s - loss: 2.2957 - accuracy: 0.1120 
 750/3000 [======>.......................] - ETA: 8s - loss: 2.2940 - accuracy: 0.1147
1000/3000 [=========>....................] - ETA: 7s - loss: 2.2938 - accuracy: 0.1200
1250/3000 [===========>..................] - ETA: 6s - loss: 2.2936 - accuracy: 0.1216
1500/3000 [==============>...............] - ETA: 5s - loss: 2.2940 - accuracy: 0.1220
1750/3000 [================>.............] - ETA: 4s - loss: 2.2944 - accuracy: 0.1171
2000/3000 [===================>..........] - ETA: 3s - loss: 2.2946 - accuracy: 0.1175
2250/3000 [=====================>........] - ETA: 2s - loss: 2.2952 - accuracy: 0.1142
2500/3000 [========================>.....] - ETA: 1s - loss: 2.2952 - accuracy: 0.1120
2750/3000 [==========================>...] - ETA: 0s - loss: 2.2953 - accuracy: 0.1105
3000/3000 [==============================] - 12s 4ms/step - loss: 2.2956 - accuracy: 0.1090 - val_loss: 2.3045 - val_accuracy: 0.0907
Epoch 5/5

 250/3000 [=>............................] - ETA: 10s - loss: 2.2989 - accuracy: 0.1160
 500/3000 [====>.........................] - ETA: 9s - loss: 2.3018 - accuracy: 0.0960 
 750/3000 [======>.......................] - ETA: 8s - loss: 2.3000 - accuracy: 0.0947
1000/3000 [=========>....................] - ETA: 7s - loss: 2.2969 - accuracy: 0.1060
1250/3000 [===========>..................] - ETA: 6s - loss: 2.2942 - accuracy: 0.1088
1500/3000 [==============>...............] - ETA: 5s - loss: 2.2947 - accuracy: 0.1060
1750/3000 [================>.............] - ETA: 4s - loss: 2.2931 - accuracy: 0.1109
2000/3000 [===================>..........] - ETA: 3s - loss: 2.2928 - accuracy: 0.1135
2250/3000 [=====================>........] - ETA: 2s - loss: 2.2927 - accuracy: 0.1138
2500/3000 [========================>.....] - ETA: 1s - loss: 2.2932 - accuracy: 0.1108
2750/3000 [==========================>...] - ETA: 0s - loss: 2.2933 - accuracy: 0.1105
3000/3000 [==============================] - 12s 4ms/step - loss: 2.2938 - accuracy: 0.1100 - val_loss: 2.3049 - val_accuracy: 0.0893
Latency --- 59.01049518585205 seconds ---
For delta=0.000200, the current epsilon is: 4.0044
=====================Iteration========================== 5
For delta=0.000200, the current epsilon is: 4.0044
Noise Mutiplier 1.136
in grads Tensor("loss_4/mul:0", shape=(?,), dtype=float32)
Train on 3000 samples, validate on 750 samples
Epoch 1/5

 250/3000 [=>............................] - ETA: 11s - loss: 2.3050 - accuracy: 0.1400
 500/3000 [====>.........................] - ETA: 10s - loss: 2.3141 - accuracy: 0.1080
 750/3000 [======>.......................] - ETA: 9s - loss: 2.3144 - accuracy: 0.1067 
1000/3000 [=========>....................] - ETA: 7s - loss: 2.3143 - accuracy: 0.1050
1250/3000 [===========>..................] - ETA: 6s - loss: 2.3141 - accuracy: 0.1152
1500/3000 [==============>...............] - ETA: 5s - loss: 2.3125 - accuracy: 0.1160
1750/3000 [================>.............] - ETA: 4s - loss: 2.3142 - accuracy: 0.1183
2000/3000 [===================>..........] - ETA: 3s - loss: 2.3134 - accuracy: 0.1185
2250/3000 [=====================>........] - ETA: 2s - loss: 2.3120 - accuracy: 0.1160
2500/3000 [========================>.....] - ETA: 1s - loss: 2.3117 - accuracy: 0.1128
2750/3000 [==========================>...] - ETA: 0s - loss: 2.3107 - accuracy: 0.1142
3000/3000 [==============================] - 12s 4ms/step - loss: 2.3100 - accuracy: 0.1167 - val_loss: 2.3011 - val_accuracy: 0.0987
Epoch 2/5

 250/3000 [=>............................] - ETA: 10s - loss: 2.2949 - accuracy: 0.1240
 500/3000 [====>.........................] - ETA: 9s - loss: 2.2983 - accuracy: 0.1360 
 750/3000 [======>.......................] - ETA: 8s - loss: 2.2987 - accuracy: 0.1333
1000/3000 [=========>....................] - ETA: 7s - loss: 2.2980 - accuracy: 0.1280
1250/3000 [===========>..................] - ETA: 6s - loss: 2.2964 - accuracy: 0.1248
1500/3000 [==============>...............] - ETA: 5s - loss: 2.2959 - accuracy: 0.1227
1750/3000 [================>.............] - ETA: 4s - loss: 2.2966 - accuracy: 0.1189
2000/3000 [===================>..........] - ETA: 3s - loss: 2.2970 - accuracy: 0.1220
2250/3000 [=====================>........] - ETA: 2s - loss: 2.2982 - accuracy: 0.1182
2500/3000 [========================>.....] - ETA: 1s - loss: 2.2980 - accuracy: 0.1148
2750/3000 [==========================>...] - ETA: 0s - loss: 2.2976 - accuracy: 0.1160
3000/3000 [==============================] - 12s 4ms/step - loss: 2.2974 - accuracy: 0.1167 - val_loss: 2.3030 - val_accuracy: 0.0867
Epoch 3/5

 250/3000 [=>............................] - ETA: 10s - loss: 2.2934 - accuracy: 0.1320
 500/3000 [====>.........................] - ETA: 9s - loss: 2.2950 - accuracy: 0.1360 
 750/3000 [======>.......................] - ETA: 8s - loss: 2.2945 - accuracy: 0.1213
1000/3000 [=========>....................] - ETA: 7s - loss: 2.2945 - accuracy: 0.1200
1250/3000 [===========>..................] - ETA: 6s - loss: 2.2950 - accuracy: 0.1168
1500/3000 [==============>...............] - ETA: 5s - loss: 2.2948 - accuracy: 0.1207
1750/3000 [================>.............] - ETA: 4s - loss: 2.2949 - accuracy: 0.1217
2000/3000 [===================>..........] - ETA: 3s - loss: 2.2950 - accuracy: 0.1225
2250/3000 [=====================>........] - ETA: 2s - loss: 2.2947 - accuracy: 0.1249
2500/3000 [========================>.....] - ETA: 1s - loss: 2.2946 - accuracy: 0.1224
2750/3000 [==========================>...] - ETA: 0s - loss: 2.2946 - accuracy: 0.1200
3000/3000 [==============================] - 12s 4ms/step - loss: 2.2947 - accuracy: 0.1193 - val_loss: 2.3039 - val_accuracy: 0.0813
Epoch 4/5

 250/3000 [=>............................] - ETA: 10s - loss: 2.2956 - accuracy: 0.1000
 500/3000 [====>.........................] - ETA: 9s - loss: 2.2927 - accuracy: 0.1140 
 750/3000 [======>.......................] - ETA: 8s - loss: 2.2929 - accuracy: 0.1240
1000/3000 [=========>....................] - ETA: 7s - loss: 2.2918 - accuracy: 0.1260
1250/3000 [===========>..................] - ETA: 6s - loss: 2.2907 - accuracy: 0.1296
1500/3000 [==============>...............] - ETA: 5s - loss: 2.2911 - accuracy: 0.1287
1750/3000 [================>.............] - ETA: 4s - loss: 2.2918 - accuracy: 0.1274
2000/3000 [===================>..........] - ETA: 3s - loss: 2.2919 - accuracy: 0.1265
2250/3000 [=====================>........] - ETA: 2s - loss: 2.2919 - accuracy: 0.1276
2500/3000 [========================>.....] - ETA: 1s - loss: 2.2924 - accuracy: 0.1268
2750/3000 [==========================>...] - ETA: 0s - loss: 2.2923 - accuracy: 0.1262
3000/3000 [==============================] - 12s 4ms/step - loss: 2.2920 - accuracy: 0.1287 - val_loss: 2.3031 - val_accuracy: 0.0800
Epoch 5/5

 250/3000 [=>............................] - ETA: 10s - loss: 2.2868 - accuracy: 0.1640
 500/3000 [====>.........................] - ETA: 9s - loss: 2.2926 - accuracy: 0.1480 
 750/3000 [======>.......................] - ETA: 8s - loss: 2.2913 - accuracy: 0.1547
1000/3000 [=========>....................] - ETA: 7s - loss: 2.2906 - accuracy: 0.1500
1250/3000 [===========>..................] - ETA: 6s - loss: 2.2897 - accuracy: 0.1488
1500/3000 [==============>...............] - ETA: 5s - loss: 2.2892 - accuracy: 0.1487
1750/3000 [================>.............] - ETA: 4s - loss: 2.2894 - accuracy: 0.1451
2000/3000 [===================>..........] - ETA: 3s - loss: 2.2890 - accuracy: 0.1440
2250/3000 [=====================>........] - ETA: 2s - loss: 2.2893 - accuracy: 0.1436
2500/3000 [========================>.....] - ETA: 1s - loss: 2.2890 - accuracy: 0.1428
2750/3000 [==========================>...] - ETA: 0s - loss: 2.2888 - accuracy: 0.1415
3000/3000 [==============================] - 12s 4ms/step - loss: 2.2883 - accuracy: 0.1463 - val_loss: 2.3033 - val_accuracy: 0.0853
Latency --- 59.08658146858215 seconds ---
For delta=0.000200, the current epsilon is: 4.0044
=====================Iteration========================== 6
For delta=0.000200, the current epsilon is: 4.0044
Noise Mutiplier 1.136
in grads Tensor("loss_5/mul:0", shape=(?,), dtype=float32)
Train on 3000 samples, validate on 750 samples
Epoch 1/5

 250/3000 [=>............................] - ETA: 12s - loss: 2.3017 - accuracy: 0.1240
 500/3000 [====>.........................] - ETA: 10s - loss: 2.3008 - accuracy: 0.1180
 750/3000 [======>.......................] - ETA: 9s - loss: 2.3034 - accuracy: 0.1013 
1000/3000 [=========>....................] - ETA: 8s - loss: 2.3036 - accuracy: 0.1000
1250/3000 [===========>..................] - ETA: 6s - loss: 2.3050 - accuracy: 0.0960
1500/3000 [==============>...............] - ETA: 5s - loss: 2.3049 - accuracy: 0.0920
1750/3000 [================>.............] - ETA: 4s - loss: 2.3054 - accuracy: 0.0914
2000/3000 [===================>..........] - ETA: 3s - loss: 2.3053 - accuracy: 0.0935
2250/3000 [=====================>........] - ETA: 2s - loss: 2.3040 - accuracy: 0.0982
2500/3000 [========================>.....] - ETA: 1s - loss: 2.3038 - accuracy: 0.0992
2750/3000 [==========================>...] - ETA: 0s - loss: 2.3028 - accuracy: 0.1015
3000/3000 [==============================] - 12s 4ms/step - loss: 2.3029 - accuracy: 0.1027 - val_loss: 2.3071 - val_accuracy: 0.1080
Epoch 2/5

 250/3000 [=>............................] - ETA: 10s - loss: 2.2972 - accuracy: 0.0840
 500/3000 [====>.........................] - ETA: 9s - loss: 2.2989 - accuracy: 0.0900 
 750/3000 [======>.......................] - ETA: 8s - loss: 2.2984 - accuracy: 0.1013
1000/3000 [=========>....................] - ETA: 7s - loss: 2.2983 - accuracy: 0.0990
1250/3000 [===========>..................] - ETA: 6s - loss: 2.2979 - accuracy: 0.1032
1500/3000 [==============>...............] - ETA: 5s - loss: 2.2966 - accuracy: 0.1107
1750/3000 [================>.............] - ETA: 4s - loss: 2.2975 - accuracy: 0.1091
2000/3000 [===================>..........] - ETA: 3s - loss: 2.2972 - accuracy: 0.1095
2250/3000 [=====================>........] - ETA: 2s - loss: 2.2968 - accuracy: 0.1156
2500/3000 [========================>.....] - ETA: 1s - loss: 2.2970 - accuracy: 0.1160
2750/3000 [==========================>...] - ETA: 0s - loss: 2.2976 - accuracy: 0.1124
3000/3000 [==============================] - 12s 4ms/step - loss: 2.2980 - accuracy: 0.1093 - val_loss: 2.3070 - val_accuracy: 0.0907
Epoch 3/5

 250/3000 [=>............................] - ETA: 10s - loss: 2.2918 - accuracy: 0.1120
 500/3000 [====>.........................] - ETA: 9s - loss: 2.2925 - accuracy: 0.1140 
 750/3000 [======>.......................] - ETA: 8s - loss: 2.2941 - accuracy: 0.1093
1000/3000 [=========>....................] - ETA: 7s - loss: 2.2957 - accuracy: 0.1080
1250/3000 [===========>..................] - ETA: 6s - loss: 2.2960 - accuracy: 0.1088
1500/3000 [==============>...............] - ETA: 5s - loss: 2.2955 - accuracy: 0.1080
1750/3000 [================>.............] - ETA: 4s - loss: 2.2957 - accuracy: 0.1080
2000/3000 [===================>..........] - ETA: 3s - loss: 2.2950 - accuracy: 0.1100
2250/3000 [=====================>........] - ETA: 2s - loss: 2.2951 - accuracy: 0.1111
2500/3000 [========================>.....] - ETA: 1s - loss: 2.2945 - accuracy: 0.1132
2750/3000 [==========================>...] - ETA: 0s - loss: 2.2945 - accuracy: 0.1120
3000/3000 [==============================] - 12s 4ms/step - loss: 2.2944 - accuracy: 0.1127 - val_loss: 2.3071 - val_accuracy: 0.0867
Epoch 4/5

 250/3000 [=>............................] - ETA: 10s - loss: 2.2906 - accuracy: 0.1160
 500/3000 [====>.........................] - ETA: 9s - loss: 2.2899 - accuracy: 0.1280 
 750/3000 [======>.......................] - ETA: 8s - loss: 2.2934 - accuracy: 0.1053
1000/3000 [=========>....................] - ETA: 7s - loss: 2.2933 - accuracy: 0.1040
1250/3000 [===========>..................] - ETA: 6s - loss: 2.2928 - accuracy: 0.1136
1500/3000 [==============>...............] - ETA: 5s - loss: 2.2929 - accuracy: 0.1173
1750/3000 [================>.............] - ETA: 4s - loss: 2.2928 - accuracy: 0.1143
2000/3000 [===================>..........] - ETA: 3s - loss: 2.2923 - accuracy: 0.1110
2250/3000 [=====================>........] - ETA: 2s - loss: 2.2918 - accuracy: 0.1147
2500/3000 [========================>.....] - ETA: 1s - loss: 2.2910 - accuracy: 0.1160
2750/3000 [==========================>...] - ETA: 0s - loss: 2.2913 - accuracy: 0.1160
3000/3000 [==============================] - 12s 4ms/step - loss: 2.2914 - accuracy: 0.1153 - val_loss: 2.3075 - val_accuracy: 0.0880
Epoch 5/5

 250/3000 [=>............................] - ETA: 10s - loss: 2.2915 - accuracy: 0.1440
 500/3000 [====>.........................] - ETA: 9s - loss: 2.2831 - accuracy: 0.1400 
 750/3000 [======>.......................] - ETA: 8s - loss: 2.2858 - accuracy: 0.1280
1000/3000 [=========>....................] - ETA: 7s - loss: 2.2873 - accuracy: 0.1290
1250/3000 [===========>..................] - ETA: 6s - loss: 2.2858 - accuracy: 0.1344
1500/3000 [==============>...............] - ETA: 5s - loss: 2.2862 - accuracy: 0.1347
1750/3000 [================>.............] - ETA: 4s - loss: 2.2864 - accuracy: 0.1320
2000/3000 [===================>..........] - ETA: 3s - loss: 2.2871 - accuracy: 0.1310
2250/3000 [=====================>........] - ETA: 2s - loss: 2.2873 - accuracy: 0.1284
2500/3000 [========================>.....] - ETA: 1s - loss: 2.2876 - accuracy: 0.1276
2750/3000 [==========================>...] - ETA: 0s - loss: 2.2889 - accuracy: 0.1258
3000/3000 [==============================] - 12s 4ms/step - loss: 2.2886 - accuracy: 0.1253 - val_loss: 2.3080 - val_accuracy: 0.0973
Latency --- 59.42623519897461 seconds ---
For delta=0.000200, the current epsilon is: 4.0044
=====================Iteration========================== 7
For delta=0.000200, the current epsilon is: 4.0044
Noise Mutiplier 1.136
in grads Tensor("loss_6/mul:0", shape=(?,), dtype=float32)
Train on 3000 samples, validate on 750 samples
Epoch 1/5

 250/3000 [=>............................] - ETA: 12s - loss: 2.3000 - accuracy: 0.1440
 500/3000 [====>.........................] - ETA: 10s - loss: 2.3037 - accuracy: 0.1340
 750/3000 [======>.......................] - ETA: 9s - loss: 2.3033 - accuracy: 0.1400 
1000/3000 [=========>....................] - ETA: 8s - loss: 2.3056 - accuracy: 0.1360
1250/3000 [===========>..................] - ETA: 6s - loss: 2.3081 - accuracy: 0.1304
1500/3000 [==============>...............] - ETA: 5s - loss: 2.3078 - accuracy: 0.1293
1750/3000 [================>.............] - ETA: 4s - loss: 2.3094 - accuracy: 0.1194
2000/3000 [===================>..........] - ETA: 3s - loss: 2.3092 - accuracy: 0.1210
2250/3000 [=====================>........] - ETA: 2s - loss: 2.3100 - accuracy: 0.1187
2500/3000 [========================>.....] - ETA: 1s - loss: 2.3100 - accuracy: 0.1180
2750/3000 [==========================>...] - ETA: 0s - loss: 2.3086 - accuracy: 0.1207
3000/3000 [==============================] - 12s 4ms/step - loss: 2.3070 - accuracy: 0.1223 - val_loss: 2.3036 - val_accuracy: 0.1133
Epoch 2/5

 250/3000 [=>............................] - ETA: 10s - loss: 2.3118 - accuracy: 0.0880
 500/3000 [====>.........................] - ETA: 9s - loss: 2.3040 - accuracy: 0.1020 
 750/3000 [======>.......................] - ETA: 8s - loss: 2.3025 - accuracy: 0.1067
1000/3000 [=========>....................] - ETA: 7s - loss: 2.3006 - accuracy: 0.1110
1250/3000 [===========>..................] - ETA: 6s - loss: 2.3006 - accuracy: 0.1160
1500/3000 [==============>...............] - ETA: 5s - loss: 2.2995 - accuracy: 0.1193
1750/3000 [================>.............] - ETA: 4s - loss: 2.2993 - accuracy: 0.1177
2000/3000 [===================>..........] - ETA: 3s - loss: 2.2987 - accuracy: 0.1175
2250/3000 [=====================>........] - ETA: 2s - loss: 2.2974 - accuracy: 0.1191
2500/3000 [========================>.....] - ETA: 1s - loss: 2.2970 - accuracy: 0.1172
2750/3000 [==========================>...] - ETA: 0s - loss: 2.2977 - accuracy: 0.1135
3000/3000 [==============================] - 12s 4ms/step - loss: 2.2985 - accuracy: 0.1113 - val_loss: 2.3024 - val_accuracy: 0.1133
Epoch 3/5

 250/3000 [=>............................] - ETA: 10s - loss: 2.2938 - accuracy: 0.1000
 500/3000 [====>.........................] - ETA: 9s - loss: 2.2943 - accuracy: 0.0980 
 750/3000 [======>.......................] - ETA: 8s - loss: 2.2944 - accuracy: 0.1080
1000/3000 [=========>....................] - ETA: 7s - loss: 2.2965 - accuracy: 0.1020
1250/3000 [===========>..................] - ETA: 6s - loss: 2.2969 - accuracy: 0.0992
1500/3000 [==============>...............] - ETA: 5s - loss: 2.2947 - accuracy: 0.1093
1750/3000 [================>.............] - ETA: 4s - loss: 2.2942 - accuracy: 0.1120
2000/3000 [===================>..........] - ETA: 3s - loss: 2.2938 - accuracy: 0.1100
2250/3000 [=====================>........] - ETA: 2s - loss: 2.2944 - accuracy: 0.1093
2500/3000 [========================>.....] - ETA: 1s - loss: 2.2941 - accuracy: 0.1080
2750/3000 [==========================>...] - ETA: 0s - loss: 2.2943 - accuracy: 0.1055
3000/3000 [==============================] - 12s 4ms/step - loss: 2.2939 - accuracy: 0.1063 - val_loss: 2.3017 - val_accuracy: 0.1120
Epoch 4/5

 250/3000 [=>............................] - ETA: 10s - loss: 2.2964 - accuracy: 0.1040
 500/3000 [====>.........................] - ETA: 9s - loss: 2.2918 - accuracy: 0.1060 
 750/3000 [======>.......................] - ETA: 8s - loss: 2.2898 - accuracy: 0.1093
1000/3000 [=========>....................] - ETA: 7s - loss: 2.2914 - accuracy: 0.1020
1250/3000 [===========>..................] - ETA: 6s - loss: 2.2908 - accuracy: 0.1032
1500/3000 [==============>...............] - ETA: 5s - loss: 2.2904 - accuracy: 0.1060
1750/3000 [================>.............] - ETA: 4s - loss: 2.2909 - accuracy: 0.1046
2000/3000 [===================>..........] - ETA: 3s - loss: 2.2908 - accuracy: 0.1045
2250/3000 [=====================>........] - ETA: 2s - loss: 2.2909 - accuracy: 0.1062
2500/3000 [========================>.....] - ETA: 1s - loss: 2.2904 - accuracy: 0.1048
2750/3000 [==========================>...] - ETA: 0s - loss: 2.2899 - accuracy: 0.1084
3000/3000 [==============================] - 12s 4ms/step - loss: 2.2897 - accuracy: 0.1107 - val_loss: 2.3017 - val_accuracy: 0.1147
Epoch 5/5

 250/3000 [=>............................] - ETA: 10s - loss: 2.2904 - accuracy: 0.1080
 500/3000 [====>.........................] - ETA: 9s - loss: 2.2903 - accuracy: 0.1080 
 750/3000 [======>.......................] - ETA: 8s - loss: 2.2870 - accuracy: 0.1227
1000/3000 [=========>....................] - ETA: 7s - loss: 2.2866 - accuracy: 0.1170
1250/3000 [===========>..................] - ETA: 6s - loss: 2.2870 - accuracy: 0.1184
1500/3000 [==============>...............] - ETA: 5s - loss: 2.2879 - accuracy: 0.1193
1750/3000 [================>.............] - ETA: 4s - loss: 2.2872 - accuracy: 0.1200
2000/3000 [===================>..........] - ETA: 3s - loss: 2.2872 - accuracy: 0.1200
2250/3000 [=====================>........] - ETA: 2s - loss: 2.2865 - accuracy: 0.1227
2500/3000 [========================>.....] - ETA: 1s - loss: 2.2866 - accuracy: 0.1244
2750/3000 [==========================>...] - ETA: 0s - loss: 2.2858 - accuracy: 0.1276
3000/3000 [==============================] - 12s 4ms/step - loss: 2.2851 - accuracy: 0.1320 - val_loss: 2.3025 - val_accuracy: 0.1027
Latency --- 59.57081460952759 seconds ---
For delta=0.000200, the current epsilon is: 4.0044
=====================Iteration========================== 8
For delta=0.000200, the current epsilon is: 4.0044
Noise Mutiplier 1.136
in grads Tensor("loss_7/mul:0", shape=(?,), dtype=float32)
Train on 3000 samples, validate on 750 samples
Epoch 1/5

 250/3000 [=>............................] - ETA: 12s - loss: 2.3114 - accuracy: 0.0720
 500/3000 [====>.........................] - ETA: 10s - loss: 2.3073 - accuracy: 0.0780
 750/3000 [======>.......................] - ETA: 9s - loss: 2.3083 - accuracy: 0.0680 
1000/3000 [=========>....................] - ETA: 8s - loss: 2.3088 - accuracy: 0.0700
1250/3000 [===========>..................] - ETA: 7s - loss: 2.3081 - accuracy: 0.0728
1500/3000 [==============>...............] - ETA: 5s - loss: 2.3080 - accuracy: 0.0753
1750/3000 [================>.............] - ETA: 4s - loss: 2.3069 - accuracy: 0.0806
2000/3000 [===================>..........] - ETA: 3s - loss: 2.3063 - accuracy: 0.0805
2250/3000 [=====================>........] - ETA: 2s - loss: 2.3059 - accuracy: 0.0831
2500/3000 [========================>.....] - ETA: 1s - loss: 2.3056 - accuracy: 0.0836
2750/3000 [==========================>...] - ETA: 0s - loss: 2.3059 - accuracy: 0.0840
3000/3000 [==============================] - 12s 4ms/step - loss: 2.3056 - accuracy: 0.0877 - val_loss: 2.3019 - val_accuracy: 0.1000
Epoch 2/5

 250/3000 [=>............................] - ETA: 10s - loss: 2.3076 - accuracy: 0.0840
 500/3000 [====>.........................] - ETA: 9s - loss: 2.3041 - accuracy: 0.1000 
 750/3000 [======>.......................] - ETA: 8s - loss: 2.3034 - accuracy: 0.1027
1000/3000 [=========>....................] - ETA: 7s - loss: 2.3034 - accuracy: 0.1010
1250/3000 [===========>..................] - ETA: 6s - loss: 2.3033 - accuracy: 0.1056
1500/3000 [==============>...............] - ETA: 5s - loss: 2.3025 - accuracy: 0.1053
1750/3000 [================>.............] - ETA: 4s - loss: 2.3017 - accuracy: 0.1063
2000/3000 [===================>..........] - ETA: 3s - loss: 2.3010 - accuracy: 0.1085
2250/3000 [=====================>........] - ETA: 2s - loss: 2.3013 - accuracy: 0.1058
2500/3000 [========================>.....] - ETA: 1s - loss: 2.3018 - accuracy: 0.1040
2750/3000 [==========================>...] - ETA: 0s - loss: 2.3018 - accuracy: 0.1029
3000/3000 [==============================] - 12s 4ms/step - loss: 2.3017 - accuracy: 0.1030 - val_loss: 2.3023 - val_accuracy: 0.1053
Epoch 3/5

 250/3000 [=>............................] - ETA: 10s - loss: 2.3004 - accuracy: 0.1160
 500/3000 [====>.........................] - ETA: 9s - loss: 2.3012 - accuracy: 0.1160 
 750/3000 [======>.......................] - ETA: 8s - loss: 2.3006 - accuracy: 0.1173
1000/3000 [=========>....................] - ETA: 7s - loss: 2.3004 - accuracy: 0.1140
1250/3000 [===========>..................] - ETA: 6s - loss: 2.2994 - accuracy: 0.1104
1500/3000 [==============>...............] - ETA: 5s - loss: 2.2991 - accuracy: 0.1047
1750/3000 [================>.............] - ETA: 4s - loss: 2.2992 - accuracy: 0.1074
2000/3000 [===================>..........] - ETA: 3s - loss: 2.2989 - accuracy: 0.1080
2250/3000 [=====================>........] - ETA: 2s - loss: 2.2983 - accuracy: 0.1071
2500/3000 [========================>.....] - ETA: 1s - loss: 2.2979 - accuracy: 0.1068
2750/3000 [==========================>...] - ETA: 0s - loss: 2.2990 - accuracy: 0.1040
3000/3000 [==============================] - 12s 4ms/step - loss: 2.2990 - accuracy: 0.1020 - val_loss: 2.3027 - val_accuracy: 0.1027
Epoch 4/5

 250/3000 [=>............................] - ETA: 10s - loss: 2.2982 - accuracy: 0.0960
 500/3000 [====>.........................] - ETA: 9s - loss: 2.3018 - accuracy: 0.0920 
 750/3000 [======>.......................] - ETA: 8s - loss: 2.2997 - accuracy: 0.0893
1000/3000 [=========>....................] - ETA: 7s - loss: 2.2994 - accuracy: 0.0950
1250/3000 [===========>..................] - ETA: 6s - loss: 2.2999 - accuracy: 0.0936
1500/3000 [==============>...............] - ETA: 5s - loss: 2.2994 - accuracy: 0.0940
1750/3000 [================>.............] - ETA: 4s - loss: 2.2985 - accuracy: 0.0960
2000/3000 [===================>..........] - ETA: 3s - loss: 2.2987 - accuracy: 0.0935
2250/3000 [=====================>........] - ETA: 2s - loss: 2.2980 - accuracy: 0.0978
2500/3000 [========================>.....] - ETA: 1s - loss: 2.2981 - accuracy: 0.0980
2750/3000 [==========================>...] - ETA: 0s - loss: 2.2977 - accuracy: 0.0985
3000/3000 [==============================] - 12s 4ms/step - loss: 2.2968 - accuracy: 0.1010 - val_loss: 2.3026 - val_accuracy: 0.1107
Epoch 5/5

 250/3000 [=>............................] - ETA: 10s - loss: 2.2988 - accuracy: 0.1040
 500/3000 [====>.........................] - ETA: 9s - loss: 2.2984 - accuracy: 0.1120 
 750/3000 [======>.......................] - ETA: 8s - loss: 2.2985 - accuracy: 0.0973
1000/3000 [=========>....................] - ETA: 7s - loss: 2.2973 - accuracy: 0.1070
1250/3000 [===========>..................] - ETA: 6s - loss: 2.2948 - accuracy: 0.1088
1500/3000 [==============>...............] - ETA: 5s - loss: 2.2952 - accuracy: 0.1080
1750/3000 [================>.............] - ETA: 4s - loss: 2.2944 - accuracy: 0.1166
2000/3000 [===================>..........] - ETA: 3s - loss: 2.2947 - accuracy: 0.1155
2250/3000 [=====================>........] - ETA: 2s - loss: 2.2946 - accuracy: 0.1156
2500/3000 [========================>.....] - ETA: 1s - loss: 2.2942 - accuracy: 0.1164
2750/3000 [==========================>...] - ETA: 0s - loss: 2.2945 - accuracy: 0.1149
3000/3000 [==============================] - 12s 4ms/step - loss: 2.2948 - accuracy: 0.1167 - val_loss: 2.3020 - val_accuracy: 0.1067
Latency --- 59.62742376327515 seconds ---
For delta=0.000200, the current epsilon is: 4.0044
=====================Iteration========================== 9
For delta=0.000200, the current epsilon is: 4.0044
Noise Mutiplier 1.136
in grads Tensor("loss_8/mul:0", shape=(?,), dtype=float32)
Train on 3000 samples, validate on 750 samples
Epoch 1/5

 250/3000 [=>............................] - ETA: 12s - loss: 2.2981 - accuracy: 0.0960
 500/3000 [====>.........................] - ETA: 10s - loss: 2.3014 - accuracy: 0.1040
 750/3000 [======>.......................] - ETA: 9s - loss: 2.3016 - accuracy: 0.1107 
1000/3000 [=========>....................] - ETA: 8s - loss: 2.3006 - accuracy: 0.1100
1250/3000 [===========>..................] - ETA: 6s - loss: 2.3017 - accuracy: 0.1000
1500/3000 [==============>...............] - ETA: 5s - loss: 2.3017 - accuracy: 0.1007
1750/3000 [================>.............] - ETA: 4s - loss: 2.3025 - accuracy: 0.1011
2000/3000 [===================>..........] - ETA: 3s - loss: 2.3027 - accuracy: 0.1005
2250/3000 [=====================>........] - ETA: 2s - loss: 2.3024 - accuracy: 0.1031
2500/3000 [========================>.....] - ETA: 1s - loss: 2.3030 - accuracy: 0.1008
2750/3000 [==========================>...] - ETA: 0s - loss: 2.3035 - accuracy: 0.0996
3000/3000 [==============================] - 12s 4ms/step - loss: 2.3033 - accuracy: 0.0997 - val_loss: 2.3060 - val_accuracy: 0.0973
Epoch 2/5

 250/3000 [=>............................] - ETA: 10s - loss: 2.3046 - accuracy: 0.1000
 500/3000 [====>.........................] - ETA: 9s - loss: 2.3033 - accuracy: 0.1040 
 750/3000 [======>.......................] - ETA: 8s - loss: 2.3026 - accuracy: 0.1067
1000/3000 [=========>....................] - ETA: 7s - loss: 2.3019 - accuracy: 0.1100
1250/3000 [===========>..................] - ETA: 6s - loss: 2.3015 - accuracy: 0.1048
1500/3000 [==============>...............] - ETA: 5s - loss: 2.3010 - accuracy: 0.1040
1750/3000 [================>.............] - ETA: 4s - loss: 2.3013 - accuracy: 0.0994
2000/3000 [===================>..........] - ETA: 3s - loss: 2.3014 - accuracy: 0.0960
2250/3000 [=====================>........] - ETA: 2s - loss: 2.3010 - accuracy: 0.0978
2500/3000 [========================>.....] - ETA: 1s - loss: 2.3006 - accuracy: 0.1008
2750/3000 [==========================>...] - ETA: 0s - loss: 2.3004 - accuracy: 0.1004
3000/3000 [==============================] - 12s 4ms/step - loss: 2.3005 - accuracy: 0.0990 - val_loss: 2.3057 - val_accuracy: 0.0973
Epoch 3/5

 250/3000 [=>............................] - ETA: 10s - loss: 2.3019 - accuracy: 0.0960
 500/3000 [====>.........................] - ETA: 9s - loss: 2.2998 - accuracy: 0.1240 
 750/3000 [======>.......................] - ETA: 8s - loss: 2.2977 - accuracy: 0.1267
1000/3000 [=========>....................] - ETA: 7s - loss: 2.2979 - accuracy: 0.1190
1250/3000 [===========>..................] - ETA: 6s - loss: 2.2984 - accuracy: 0.1176
1500/3000 [==============>...............] - ETA: 5s - loss: 2.2979 - accuracy: 0.1153
1750/3000 [================>.............] - ETA: 4s - loss: 2.2977 - accuracy: 0.1126
2000/3000 [===================>..........] - ETA: 3s - loss: 2.2976 - accuracy: 0.1095
2250/3000 [=====================>........] - ETA: 2s - loss: 2.2983 - accuracy: 0.1062
2500/3000 [========================>.....] - ETA: 1s - loss: 2.2984 - accuracy: 0.1080
2750/3000 [==========================>...] - ETA: 0s - loss: 2.2983 - accuracy: 0.1036
3000/3000 [==============================] - 12s 4ms/step - loss: 2.2985 - accuracy: 0.1013 - val_loss: 2.3055 - val_accuracy: 0.0987
Epoch 4/5

 250/3000 [=>............................] - ETA: 10s - loss: 2.2970 - accuracy: 0.0960
 500/3000 [====>.........................] - ETA: 9s - loss: 2.2963 - accuracy: 0.1040 
 750/3000 [======>.......................] - ETA: 8s - loss: 2.2963 - accuracy: 0.1067
1000/3000 [=========>....................] - ETA: 7s - loss: 2.2965 - accuracy: 0.1090
1250/3000 [===========>..................] - ETA: 6s - loss: 2.2970 - accuracy: 0.1056
1500/3000 [==============>...............] - ETA: 5s - loss: 2.2963 - accuracy: 0.1120
1750/3000 [================>.............] - ETA: 4s - loss: 2.2970 - accuracy: 0.1046
2000/3000 [===================>..........] - ETA: 3s - loss: 2.2971 - accuracy: 0.1030
2250/3000 [=====================>........] - ETA: 2s - loss: 2.2973 - accuracy: 0.1036
2500/3000 [========================>.....] - ETA: 1s - loss: 2.2967 - accuracy: 0.1068
2750/3000 [==========================>...] - ETA: 0s - loss: 2.2969 - accuracy: 0.1058
3000/3000 [==============================] - 12s 4ms/step - loss: 2.2966 - accuracy: 0.1043 - val_loss: 2.3056 - val_accuracy: 0.1027
Epoch 5/5

 250/3000 [=>............................] - ETA: 10s - loss: 2.2961 - accuracy: 0.1040
 500/3000 [====>.........................] - ETA: 9s - loss: 2.2962 - accuracy: 0.0980 
 750/3000 [======>.......................] - ETA: 8s - loss: 2.2962 - accuracy: 0.1027
1000/3000 [=========>....................] - ETA: 7s - loss: 2.2955 - accuracy: 0.1040
1250/3000 [===========>..................] - ETA: 6s - loss: 2.2953 - accuracy: 0.1040
1500/3000 [==============>...............] - ETA: 5s - loss: 2.2952 - accuracy: 0.1047
1750/3000 [================>.............] - ETA: 4s - loss: 2.2952 - accuracy: 0.1063
2000/3000 [===================>..........] - ETA: 3s - loss: 2.2951 - accuracy: 0.1090
2250/3000 [=====================>........] - ETA: 2s - loss: 2.2946 - accuracy: 0.1116
2500/3000 [========================>.....] - ETA: 1s - loss: 2.2944 - accuracy: 0.1140
2750/3000 [==========================>...] - ETA: 0s - loss: 2.2946 - accuracy: 0.1098
3000/3000 [==============================] - 12s 4ms/step - loss: 2.2944 - accuracy: 0.1117 - val_loss: 2.3058 - val_accuracy: 0.1000
Latency --- 59.68914580345154 seconds ---
For delta=0.000200, the current epsilon is: 4.0044
=====================Iteration========================== 10
For delta=0.000200, the current epsilon is: 4.0044
Noise Mutiplier 1.136
in grads Tensor("loss_9/mul:0", shape=(?,), dtype=float32)
Train on 3000 samples, validate on 750 samples
Epoch 1/5

 250/3000 [=>............................] - ETA: 12s - loss: 2.3176 - accuracy: 0.0400
 500/3000 [====>.........................] - ETA: 10s - loss: 2.3091 - accuracy: 0.0660
 750/3000 [======>.......................] - ETA: 9s - loss: 2.3123 - accuracy: 0.0760 
1000/3000 [=========>....................] - ETA: 8s - loss: 2.3099 - accuracy: 0.0760
1250/3000 [===========>..................] - ETA: 7s - loss: 2.3090 - accuracy: 0.0816
1500/3000 [==============>...............] - ETA: 5s - loss: 2.3104 - accuracy: 0.0800
1750/3000 [================>.............] - ETA: 4s - loss: 2.3101 - accuracy: 0.0851
2000/3000 [===================>..........] - ETA: 3s - loss: 2.3093 - accuracy: 0.0885
2250/3000 [=====================>........] - ETA: 2s - loss: 2.3091 - accuracy: 0.0920
2500/3000 [========================>.....] - ETA: 1s - loss: 2.3087 - accuracy: 0.0956
2750/3000 [==========================>...] - ETA: 0s - loss: 2.3082 - accuracy: 0.0964
3000/3000 [==============================] - 12s 4ms/step - loss: 2.3081 - accuracy: 0.0997 - val_loss: 2.3115 - val_accuracy: 0.0893
Epoch 2/5

 250/3000 [=>............................] - ETA: 10s - loss: 2.3014 - accuracy: 0.1040
 500/3000 [====>.........................] - ETA: 9s - loss: 2.3002 - accuracy: 0.0960 
 750/3000 [======>.......................] - ETA: 8s - loss: 2.2997 - accuracy: 0.1067
1000/3000 [=========>....................] - ETA: 7s - loss: 2.2985 - accuracy: 0.1140
1250/3000 [===========>..................] - ETA: 6s - loss: 2.2985 - accuracy: 0.1176
1500/3000 [==============>...............] - ETA: 5s - loss: 2.2996 - accuracy: 0.1200
1750/3000 [================>.............] - ETA: 4s - loss: 2.2996 - accuracy: 0.1183
2000/3000 [===================>..........] - ETA: 3s - loss: 2.2991 - accuracy: 0.1185
2250/3000 [=====================>........] - ETA: 2s - loss: 2.2993 - accuracy: 0.1147
2500/3000 [========================>.....] - ETA: 1s - loss: 2.2992 - accuracy: 0.1180
2750/3000 [==========================>...] - ETA: 0s - loss: 2.2993 - accuracy: 0.1175
3000/3000 [==============================] - 12s 4ms/step - loss: 2.2994 - accuracy: 0.1137 - val_loss: 2.3070 - val_accuracy: 0.0947
Epoch 3/5

 250/3000 [=>............................] - ETA: 10s - loss: 2.2945 - accuracy: 0.1200
 500/3000 [====>.........................] - ETA: 9s - loss: 2.2965 - accuracy: 0.1120 
 750/3000 [======>.......................] - ETA: 8s - loss: 2.2956 - accuracy: 0.1213
1000/3000 [=========>....................] - ETA: 7s - loss: 2.2960 - accuracy: 0.1190
1250/3000 [===========>..................] - ETA: 6s - loss: 2.2956 - accuracy: 0.1168
1500/3000 [==============>...............] - ETA: 5s - loss: 2.2960 - accuracy: 0.1173
1750/3000 [================>.............] - ETA: 4s - loss: 2.2954 - accuracy: 0.1154
2000/3000 [===================>..........] - ETA: 3s - loss: 2.2951 - accuracy: 0.1150
2250/3000 [=====================>........] - ETA: 2s - loss: 2.2958 - accuracy: 0.1151
2500/3000 [========================>.....] - ETA: 1s - loss: 2.2962 - accuracy: 0.1140
2750/3000 [==========================>...] - ETA: 0s - loss: 2.2955 - accuracy: 0.1160
3000/3000 [==============================] - 12s 4ms/step - loss: 2.2953 - accuracy: 0.1130 - val_loss: 2.3061 - val_accuracy: 0.0920
Epoch 4/5

 250/3000 [=>............................] - ETA: 10s - loss: 2.2926 - accuracy: 0.1040
 500/3000 [====>.........................] - ETA: 9s - loss: 2.2938 - accuracy: 0.1060 
 750/3000 [======>.......................] - ETA: 8s - loss: 2.2931 - accuracy: 0.1120
1000/3000 [=========>....................] - ETA: 7s - loss: 2.2946 - accuracy: 0.1150
1250/3000 [===========>..................] - ETA: 6s - loss: 2.2938 - accuracy: 0.1168
1500/3000 [==============>...............] - ETA: 5s - loss: 2.2930 - accuracy: 0.1200
1750/3000 [================>.............] - ETA: 4s - loss: 2.2930 - accuracy: 0.1171
2000/3000 [===================>..........] - ETA: 3s - loss: 2.2924 - accuracy: 0.1225
2250/3000 [=====================>........] - ETA: 2s - loss: 2.2918 - accuracy: 0.1236
2500/3000 [========================>.....] - ETA: 1s - loss: 2.2919 - accuracy: 0.1248
2750/3000 [==========================>...] - ETA: 0s - loss: 2.2918 - accuracy: 0.1247
3000/3000 [==============================] - 12s 4ms/step - loss: 2.2918 - accuracy: 0.1240 - val_loss: 2.3062 - val_accuracy: 0.0960
Epoch 5/5

 250/3000 [=>............................] - ETA: 10s - loss: 2.2897 - accuracy: 0.1280
 500/3000 [====>.........................] - ETA: 9s - loss: 2.2895 - accuracy: 0.1180 
 750/3000 [======>.......................] - ETA: 8s - loss: 2.2896 - accuracy: 0.1280
1000/3000 [=========>....................] - ETA: 7s - loss: 2.2898 - accuracy: 0.1300
1250/3000 [===========>..................] - ETA: 6s - loss: 2.2901 - accuracy: 0.1368
1500/3000 [==============>...............] - ETA: 5s - loss: 2.2895 - accuracy: 0.1360
1750/3000 [================>.............] - ETA: 4s - loss: 2.2886 - accuracy: 0.1366
2000/3000 [===================>..........] - ETA: 3s - loss: 2.2888 - accuracy: 0.1335
2250/3000 [=====================>........] - ETA: 2s - loss: 2.2890 - accuracy: 0.1342
2500/3000 [========================>.....] - ETA: 1s - loss: 2.2887 - accuracy: 0.1372
2750/3000 [==========================>...] - ETA: 0s - loss: 2.2888 - accuracy: 0.1364
3000/3000 [==============================] - 12s 4ms/step - loss: 2.2887 - accuracy: 0.1353 - val_loss: 2.3063 - val_accuracy: 0.0933
Latency --- 59.83979058265686 seconds ---
For delta=0.000200, the current epsilon is: 4.0044
