We are using Tensorflow version 1.15.2
Keras API version: 2.3.1
=====================Iteration========================== 1
For delta=0.000200, the current epsilon is: 6.0062
Noise Mutiplier 0.914
in grads Tensor("loss/mul:0", shape=(?,), dtype=float32)
Train on 3000 samples, validate on 750 samples
Epoch 1/5

 250/3000 [=>............................] - ETA: 11s - loss: 2.3003 - accuracy: 0.0720
 500/3000 [====>.........................] - ETA: 10s - loss: 2.3019 - accuracy: 0.0880
 750/3000 [======>.......................] - ETA: 8s - loss: 2.3031 - accuracy: 0.0880 
1000/3000 [=========>....................] - ETA: 7s - loss: 2.3012 - accuracy: 0.1010
1250/3000 [===========>..................] - ETA: 6s - loss: 2.3011 - accuracy: 0.0984
1500/3000 [==============>...............] - ETA: 5s - loss: 2.3008 - accuracy: 0.1020
1750/3000 [================>.............] - ETA: 4s - loss: 2.3012 - accuracy: 0.0983
2000/3000 [===================>..........] - ETA: 3s - loss: 2.3005 - accuracy: 0.1005
2250/3000 [=====================>........] - ETA: 2s - loss: 2.3004 - accuracy: 0.1004
2500/3000 [========================>.....] - ETA: 1s - loss: 2.3005 - accuracy: 0.1000
2750/3000 [==========================>...] - ETA: 0s - loss: 2.3006 - accuracy: 0.1000
3000/3000 [==============================] - 12s 4ms/step - loss: 2.3005 - accuracy: 0.0997 - val_loss: 2.3047 - val_accuracy: 0.1133
Epoch 2/5

 250/3000 [=>............................] - ETA: 10s - loss: 2.2991 - accuracy: 0.0880
 500/3000 [====>.........................] - ETA: 9s - loss: 2.2975 - accuracy: 0.1020 
 750/3000 [======>.......................] - ETA: 8s - loss: 2.2981 - accuracy: 0.0947
1000/3000 [=========>....................] - ETA: 7s - loss: 2.2975 - accuracy: 0.0940
1250/3000 [===========>..................] - ETA: 6s - loss: 2.2965 - accuracy: 0.1040
1500/3000 [==============>...............] - ETA: 5s - loss: 2.2971 - accuracy: 0.1000
1750/3000 [================>.............] - ETA: 4s - loss: 2.2979 - accuracy: 0.0989
2000/3000 [===================>..........] - ETA: 3s - loss: 2.2979 - accuracy: 0.1005
2250/3000 [=====================>........] - ETA: 2s - loss: 2.2975 - accuracy: 0.1044
2500/3000 [========================>.....] - ETA: 1s - loss: 2.2975 - accuracy: 0.1064
2750/3000 [==========================>...] - ETA: 0s - loss: 2.2975 - accuracy: 0.1098
3000/3000 [==============================] - 12s 4ms/step - loss: 2.2973 - accuracy: 0.1107 - val_loss: 2.3038 - val_accuracy: 0.1107
Epoch 3/5

 250/3000 [=>............................] - ETA: 10s - loss: 2.2949 - accuracy: 0.1120
 500/3000 [====>.........................] - ETA: 9s - loss: 2.2960 - accuracy: 0.1040 
 750/3000 [======>.......................] - ETA: 8s - loss: 2.2958 - accuracy: 0.1093
1000/3000 [=========>....................] - ETA: 7s - loss: 2.2956 - accuracy: 0.1050
1250/3000 [===========>..................] - ETA: 6s - loss: 2.2955 - accuracy: 0.1096
1500/3000 [==============>...............] - ETA: 5s - loss: 2.2950 - accuracy: 0.1153
1750/3000 [================>.............] - ETA: 4s - loss: 2.2952 - accuracy: 0.1206
2000/3000 [===================>..........] - ETA: 3s - loss: 2.2951 - accuracy: 0.1220
2250/3000 [=====================>........] - ETA: 2s - loss: 2.2952 - accuracy: 0.1249
2500/3000 [========================>.....] - ETA: 1s - loss: 2.2948 - accuracy: 0.1256
2750/3000 [==========================>...] - ETA: 0s - loss: 2.2946 - accuracy: 0.1284
3000/3000 [==============================] - 12s 4ms/step - loss: 2.2943 - accuracy: 0.1307 - val_loss: 2.3039 - val_accuracy: 0.0973
Epoch 4/5

 250/3000 [=>............................] - ETA: 10s - loss: 2.2904 - accuracy: 0.1480
 500/3000 [====>.........................] - ETA: 9s - loss: 2.2899 - accuracy: 0.1520 
 750/3000 [======>.......................] - ETA: 8s - loss: 2.2900 - accuracy: 0.1493
1000/3000 [=========>....................] - ETA: 7s - loss: 2.2900 - accuracy: 0.1520
1250/3000 [===========>..................] - ETA: 6s - loss: 2.2902 - accuracy: 0.1480
1500/3000 [==============>...............] - ETA: 5s - loss: 2.2912 - accuracy: 0.1413
1750/3000 [================>.............] - ETA: 4s - loss: 2.2907 - accuracy: 0.1417
2000/3000 [===================>..........] - ETA: 3s - loss: 2.2911 - accuracy: 0.1410
2250/3000 [=====================>........] - ETA: 2s - loss: 2.2912 - accuracy: 0.1453
2500/3000 [========================>.....] - ETA: 1s - loss: 2.2909 - accuracy: 0.1452
2750/3000 [==========================>...] - ETA: 0s - loss: 2.2910 - accuracy: 0.1451
3000/3000 [==============================] - 12s 4ms/step - loss: 2.2910 - accuracy: 0.1447 - val_loss: 2.3050 - val_accuracy: 0.0947
Epoch 5/5

 250/3000 [=>............................] - ETA: 10s - loss: 2.2895 - accuracy: 0.1440
 500/3000 [====>.........................] - ETA: 9s - loss: 2.2879 - accuracy: 0.1560 
 750/3000 [======>.......................] - ETA: 8s - loss: 2.2872 - accuracy: 0.1680
1000/3000 [=========>....................] - ETA: 7s - loss: 2.2877 - accuracy: 0.1740
1250/3000 [===========>..................] - ETA: 6s - loss: 2.2874 - accuracy: 0.1776
1500/3000 [==============>...............] - ETA: 5s - loss: 2.2878 - accuracy: 0.1753
1750/3000 [================>.............] - ETA: 4s - loss: 2.2873 - accuracy: 0.1760
2000/3000 [===================>..........] - ETA: 3s - loss: 2.2879 - accuracy: 0.1740
2250/3000 [=====================>........] - ETA: 2s - loss: 2.2881 - accuracy: 0.1716
2500/3000 [========================>.....] - ETA: 1s - loss: 2.2880 - accuracy: 0.1692
2750/3000 [==========================>...] - ETA: 0s - loss: 2.2878 - accuracy: 0.1695
3000/3000 [==============================] - 12s 4ms/step - loss: 2.2874 - accuracy: 0.1670 - val_loss: 2.3062 - val_accuracy: 0.0960
Latency --- 58.48379063606262 seconds ---
For delta=0.000200, the current epsilon is: 6.0062
Saving model with new accuracy, previous accuracy was 0 and present is 0.16699999570846558
Saved model to disk
=====================Iteration========================== 2
For delta=0.000200, the current epsilon is: 6.0062
Noise Mutiplier 0.914
in grads Tensor("loss_1/mul:0", shape=(?,), dtype=float32)
Train on 3000 samples, validate on 750 samples
Epoch 1/5

 250/3000 [=>............................] - ETA: 11s - loss: 2.3025 - accuracy: 0.1160
 500/3000 [====>.........................] - ETA: 10s - loss: 2.2999 - accuracy: 0.1260
 750/3000 [======>.......................] - ETA: 8s - loss: 2.3017 - accuracy: 0.1120 
1000/3000 [=========>....................] - ETA: 7s - loss: 2.3010 - accuracy: 0.1180
1250/3000 [===========>..................] - ETA: 6s - loss: 2.2998 - accuracy: 0.1152
1500/3000 [==============>...............] - ETA: 5s - loss: 2.3007 - accuracy: 0.1080
1750/3000 [================>.............] - ETA: 4s - loss: 2.3004 - accuracy: 0.1080
2000/3000 [===================>..........] - ETA: 3s - loss: 2.3005 - accuracy: 0.1070
2250/3000 [=====================>........] - ETA: 2s - loss: 2.3011 - accuracy: 0.1089
2500/3000 [========================>.....] - ETA: 1s - loss: 2.3010 - accuracy: 0.1068
2750/3000 [==========================>...] - ETA: 0s - loss: 2.3010 - accuracy: 0.1084
3000/3000 [==============================] - 12s 4ms/step - loss: 2.3005 - accuracy: 0.1087 - val_loss: 2.3046 - val_accuracy: 0.0960
Epoch 2/5

 250/3000 [=>............................] - ETA: 10s - loss: 2.2983 - accuracy: 0.1360
 500/3000 [====>.........................] - ETA: 9s - loss: 2.2987 - accuracy: 0.1340 
 750/3000 [======>.......................] - ETA: 8s - loss: 2.2972 - accuracy: 0.1200
1000/3000 [=========>....................] - ETA: 7s - loss: 2.2972 - accuracy: 0.1200
1250/3000 [===========>..................] - ETA: 6s - loss: 2.2978 - accuracy: 0.1168
1500/3000 [==============>...............] - ETA: 5s - loss: 2.2966 - accuracy: 0.1253
1750/3000 [================>.............] - ETA: 4s - loss: 2.2957 - accuracy: 0.1274
2000/3000 [===================>..........] - ETA: 3s - loss: 2.2950 - accuracy: 0.1310
2250/3000 [=====================>........] - ETA: 2s - loss: 2.2948 - accuracy: 0.1342
2500/3000 [========================>.....] - ETA: 1s - loss: 2.2945 - accuracy: 0.1328
2750/3000 [==========================>...] - ETA: 0s - loss: 2.2937 - accuracy: 0.1309
3000/3000 [==============================] - 12s 4ms/step - loss: 2.2940 - accuracy: 0.1280 - val_loss: 2.3044 - val_accuracy: 0.1000
Epoch 3/5

 250/3000 [=>............................] - ETA: 10s - loss: 2.2966 - accuracy: 0.1200
 500/3000 [====>.........................] - ETA: 9s - loss: 2.2938 - accuracy: 0.1160 
 750/3000 [======>.......................] - ETA: 8s - loss: 2.2926 - accuracy: 0.1200
1000/3000 [=========>....................] - ETA: 7s - loss: 2.2910 - accuracy: 0.1240
1250/3000 [===========>..................] - ETA: 6s - loss: 2.2912 - accuracy: 0.1232
1500/3000 [==============>...............] - ETA: 5s - loss: 2.2922 - accuracy: 0.1147
1750/3000 [================>.............] - ETA: 4s - loss: 2.2910 - accuracy: 0.1154
2000/3000 [===================>..........] - ETA: 3s - loss: 2.2911 - accuracy: 0.1135
2250/3000 [=====================>........] - ETA: 2s - loss: 2.2904 - accuracy: 0.1142
2500/3000 [========================>.....] - ETA: 1s - loss: 2.2906 - accuracy: 0.1112
2750/3000 [==========================>...] - ETA: 0s - loss: 2.2908 - accuracy: 0.1098
3000/3000 [==============================] - 12s 4ms/step - loss: 2.2904 - accuracy: 0.1083 - val_loss: 2.3049 - val_accuracy: 0.1027
Epoch 4/5

 250/3000 [=>............................] - ETA: 10s - loss: 2.2946 - accuracy: 0.0840
 500/3000 [====>.........................] - ETA: 9s - loss: 2.2907 - accuracy: 0.0860 
 750/3000 [======>.......................] - ETA: 8s - loss: 2.2916 - accuracy: 0.0880
1000/3000 [=========>....................] - ETA: 7s - loss: 2.2909 - accuracy: 0.0870
1250/3000 [===========>..................] - ETA: 6s - loss: 2.2888 - accuracy: 0.0936
1500/3000 [==============>...............] - ETA: 5s - loss: 2.2886 - accuracy: 0.0987
1750/3000 [================>.............] - ETA: 4s - loss: 2.2887 - accuracy: 0.1006
2000/3000 [===================>..........] - ETA: 3s - loss: 2.2891 - accuracy: 0.1015
2250/3000 [=====================>........] - ETA: 2s - loss: 2.2879 - accuracy: 0.1027
2500/3000 [========================>.....] - ETA: 1s - loss: 2.2875 - accuracy: 0.1008
2750/3000 [==========================>...] - ETA: 0s - loss: 2.2874 - accuracy: 0.1007
3000/3000 [==============================] - 12s 4ms/step - loss: 2.2867 - accuracy: 0.1040 - val_loss: 2.3060 - val_accuracy: 0.1000
Epoch 5/5

 250/3000 [=>............................] - ETA: 10s - loss: 2.2798 - accuracy: 0.1200
 500/3000 [====>.........................] - ETA: 9s - loss: 2.2778 - accuracy: 0.1200 
 750/3000 [======>.......................] - ETA: 8s - loss: 2.2805 - accuracy: 0.1120
1000/3000 [=========>....................] - ETA: 7s - loss: 2.2814 - accuracy: 0.1150
1250/3000 [===========>..................] - ETA: 6s - loss: 2.2816 - accuracy: 0.1160
1500/3000 [==============>...............] - ETA: 5s - loss: 2.2810 - accuracy: 0.1140
1750/3000 [================>.............] - ETA: 4s - loss: 2.2820 - accuracy: 0.1109
2000/3000 [===================>..........] - ETA: 3s - loss: 2.2826 - accuracy: 0.1090
2250/3000 [=====================>........] - ETA: 2s - loss: 2.2829 - accuracy: 0.1067
2500/3000 [========================>.....] - ETA: 1s - loss: 2.2833 - accuracy: 0.1036
2750/3000 [==========================>...] - ETA: 0s - loss: 2.2839 - accuracy: 0.1036
3000/3000 [==============================] - 12s 4ms/step - loss: 2.2833 - accuracy: 0.1047 - val_loss: 2.3080 - val_accuracy: 0.1013
Latency --- 58.6989586353302 seconds ---
For delta=0.000200, the current epsilon is: 6.0062
=====================Iteration========================== 3
For delta=0.000200, the current epsilon is: 6.0062
Noise Mutiplier 0.914
in grads Tensor("loss_2/mul:0", shape=(?,), dtype=float32)
Train on 3000 samples, validate on 750 samples
Epoch 1/5

 250/3000 [=>............................] - ETA: 11s - loss: 2.2973 - accuracy: 0.0960
 500/3000 [====>.........................] - ETA: 10s - loss: 2.3053 - accuracy: 0.0740
 750/3000 [======>.......................] - ETA: 9s - loss: 2.3035 - accuracy: 0.0880 
1000/3000 [=========>....................] - ETA: 7s - loss: 2.3039 - accuracy: 0.0900
1250/3000 [===========>..................] - ETA: 6s - loss: 2.3045 - accuracy: 0.0896
1500/3000 [==============>...............] - ETA: 5s - loss: 2.3039 - accuracy: 0.0920
1750/3000 [================>.............] - ETA: 4s - loss: 2.3033 - accuracy: 0.0937
2000/3000 [===================>..........] - ETA: 3s - loss: 2.3045 - accuracy: 0.0880
2250/3000 [=====================>........] - ETA: 2s - loss: 2.3051 - accuracy: 0.0893
2500/3000 [========================>.....] - ETA: 1s - loss: 2.3053 - accuracy: 0.0912
2750/3000 [==========================>...] - ETA: 0s - loss: 2.3050 - accuracy: 0.0942
3000/3000 [==============================] - 12s 4ms/step - loss: 2.3047 - accuracy: 0.0983 - val_loss: 2.3010 - val_accuracy: 0.1107
Epoch 2/5

 250/3000 [=>............................] - ETA: 10s - loss: 2.3002 - accuracy: 0.1000
 500/3000 [====>.........................] - ETA: 9s - loss: 2.3004 - accuracy: 0.1000 
 750/3000 [======>.......................] - ETA: 8s - loss: 2.3016 - accuracy: 0.1107
1000/3000 [=========>....................] - ETA: 7s - loss: 2.3004 - accuracy: 0.1150
1250/3000 [===========>..................] - ETA: 6s - loss: 2.3008 - accuracy: 0.1104
1500/3000 [==============>...............] - ETA: 5s - loss: 2.3018 - accuracy: 0.1087
1750/3000 [================>.............] - ETA: 4s - loss: 2.3013 - accuracy: 0.1126
2000/3000 [===================>..........] - ETA: 3s - loss: 2.3010 - accuracy: 0.1110
2250/3000 [=====================>........] - ETA: 2s - loss: 2.3009 - accuracy: 0.1107
2500/3000 [========================>.....] - ETA: 1s - loss: 2.3003 - accuracy: 0.1112
2750/3000 [==========================>...] - ETA: 0s - loss: 2.2999 - accuracy: 0.1127
3000/3000 [==============================] - 12s 4ms/step - loss: 2.2994 - accuracy: 0.1150 - val_loss: 2.3000 - val_accuracy: 0.1053
Epoch 3/5

 250/3000 [=>............................] - ETA: 10s - loss: 2.2964 - accuracy: 0.1640
 500/3000 [====>.........................] - ETA: 9s - loss: 2.2967 - accuracy: 0.1400 
 750/3000 [======>.......................] - ETA: 8s - loss: 2.2957 - accuracy: 0.1453
1000/3000 [=========>....................] - ETA: 7s - loss: 2.2958 - accuracy: 0.1380
1250/3000 [===========>..................] - ETA: 6s - loss: 2.2957 - accuracy: 0.1384
1500/3000 [==============>...............] - ETA: 5s - loss: 2.2954 - accuracy: 0.1400
1750/3000 [================>.............] - ETA: 4s - loss: 2.2955 - accuracy: 0.1400
2000/3000 [===================>..........] - ETA: 3s - loss: 2.2956 - accuracy: 0.1405
2250/3000 [=====================>........] - ETA: 2s - loss: 2.2954 - accuracy: 0.1436
2500/3000 [========================>.....] - ETA: 1s - loss: 2.2952 - accuracy: 0.1456
2750/3000 [==========================>...] - ETA: 0s - loss: 2.2953 - accuracy: 0.1436
3000/3000 [==============================] - 12s 4ms/step - loss: 2.2950 - accuracy: 0.1417 - val_loss: 2.2997 - val_accuracy: 0.1107
Epoch 4/5

 250/3000 [=>............................] - ETA: 10s - loss: 2.2878 - accuracy: 0.1560
 500/3000 [====>.........................] - ETA: 9s - loss: 2.2931 - accuracy: 0.1400 
 750/3000 [======>.......................] - ETA: 8s - loss: 2.2922 - accuracy: 0.1400
1000/3000 [=========>....................] - ETA: 7s - loss: 2.2913 - accuracy: 0.1470
1250/3000 [===========>..................] - ETA: 6s - loss: 2.2918 - accuracy: 0.1448
1500/3000 [==============>...............] - ETA: 5s - loss: 2.2917 - accuracy: 0.1453
1750/3000 [================>.............] - ETA: 4s - loss: 2.2916 - accuracy: 0.1497
2000/3000 [===================>..........] - ETA: 3s - loss: 2.2918 - accuracy: 0.1490
2250/3000 [=====================>........] - ETA: 2s - loss: 2.2919 - accuracy: 0.1471
2500/3000 [========================>.....] - ETA: 1s - loss: 2.2920 - accuracy: 0.1468
2750/3000 [==========================>...] - ETA: 0s - loss: 2.2911 - accuracy: 0.1502
3000/3000 [==============================] - 12s 4ms/step - loss: 2.2914 - accuracy: 0.1460 - val_loss: 2.2998 - val_accuracy: 0.1053
Epoch 5/5

 250/3000 [=>............................] - ETA: 10s - loss: 2.2830 - accuracy: 0.1600
 500/3000 [====>.........................] - ETA: 9s - loss: 2.2871 - accuracy: 0.1720 
 750/3000 [======>.......................] - ETA: 8s - loss: 2.2873 - accuracy: 0.1733
1000/3000 [=========>....................] - ETA: 7s - loss: 2.2891 - accuracy: 0.1630
1250/3000 [===========>..................] - ETA: 6s - loss: 2.2895 - accuracy: 0.1648
1500/3000 [==============>...............] - ETA: 5s - loss: 2.2887 - accuracy: 0.1647
1750/3000 [================>.............] - ETA: 4s - loss: 2.2877 - accuracy: 0.1674
2000/3000 [===================>..........] - ETA: 3s - loss: 2.2874 - accuracy: 0.1670
2250/3000 [=====================>........] - ETA: 2s - loss: 2.2874 - accuracy: 0.1698
2500/3000 [========================>.....] - ETA: 1s - loss: 2.2867 - accuracy: 0.1716
2750/3000 [==========================>...] - ETA: 0s - loss: 2.2872 - accuracy: 0.1691
3000/3000 [==============================] - 12s 4ms/step - loss: 2.2870 - accuracy: 0.1700 - val_loss: 2.3008 - val_accuracy: 0.1107
Latency --- 58.822582721710205 seconds ---
For delta=0.000200, the current epsilon is: 6.0062
Saving model with new accuracy, previous accuracy was 0.16699999570846558 and present is 0.17000000178813934
Saved model to disk
=====================Iteration========================== 4
For delta=0.000200, the current epsilon is: 6.0062
Noise Mutiplier 0.914
in grads Tensor("loss_3/mul:0", shape=(?,), dtype=float32)
Train on 3000 samples, validate on 750 samples
Epoch 1/5

 250/3000 [=>............................] - ETA: 11s - loss: 2.3175 - accuracy: 0.0880
 500/3000 [====>.........................] - ETA: 10s - loss: 2.3175 - accuracy: 0.0780
 750/3000 [======>.......................] - ETA: 9s - loss: 2.3176 - accuracy: 0.0787 
1000/3000 [=========>....................] - ETA: 7s - loss: 2.3167 - accuracy: 0.0870
1250/3000 [===========>..................] - ETA: 6s - loss: 2.3144 - accuracy: 0.0992
1500/3000 [==============>...............] - ETA: 5s - loss: 2.3147 - accuracy: 0.0980
1750/3000 [================>.............] - ETA: 4s - loss: 2.3137 - accuracy: 0.1011
2000/3000 [===================>..........] - ETA: 3s - loss: 2.3133 - accuracy: 0.0990
2250/3000 [=====================>........] - ETA: 2s - loss: 2.3137 - accuracy: 0.1009
2500/3000 [========================>.....] - ETA: 1s - loss: 2.3132 - accuracy: 0.0996
2750/3000 [==========================>...] - ETA: 0s - loss: 2.3122 - accuracy: 0.1004
3000/3000 [==============================] - 12s 4ms/step - loss: 2.3123 - accuracy: 0.0983 - val_loss: 2.3042 - val_accuracy: 0.1240
Epoch 2/5

 250/3000 [=>............................] - ETA: 10s - loss: 2.3110 - accuracy: 0.1000
 500/3000 [====>.........................] - ETA: 9s - loss: 2.3060 - accuracy: 0.1000 
 750/3000 [======>.......................] - ETA: 8s - loss: 2.3031 - accuracy: 0.0973
1000/3000 [=========>....................] - ETA: 7s - loss: 2.3033 - accuracy: 0.0950
1250/3000 [===========>..................] - ETA: 6s - loss: 2.3041 - accuracy: 0.0928
1500/3000 [==============>...............] - ETA: 5s - loss: 2.3045 - accuracy: 0.0900
1750/3000 [================>.............] - ETA: 4s - loss: 2.3047 - accuracy: 0.0914
2000/3000 [===================>..........] - ETA: 3s - loss: 2.3051 - accuracy: 0.0900
2250/3000 [=====================>........] - ETA: 2s - loss: 2.3042 - accuracy: 0.0916
2500/3000 [========================>.....] - ETA: 1s - loss: 2.3043 - accuracy: 0.0912
2750/3000 [==========================>...] - ETA: 0s - loss: 2.3047 - accuracy: 0.0935
3000/3000 [==============================] - 12s 4ms/step - loss: 2.3048 - accuracy: 0.0933 - val_loss: 2.3035 - val_accuracy: 0.1053
Epoch 3/5

 250/3000 [=>............................] - ETA: 10s - loss: 2.3051 - accuracy: 0.0880
 500/3000 [====>.........................] - ETA: 9s - loss: 2.3045 - accuracy: 0.0800 
 750/3000 [======>.......................] - ETA: 8s - loss: 2.3032 - accuracy: 0.0867
1000/3000 [=========>....................] - ETA: 7s - loss: 2.3038 - accuracy: 0.0920
1250/3000 [===========>..................] - ETA: 6s - loss: 2.3039 - accuracy: 0.0984
1500/3000 [==============>...............] - ETA: 5s - loss: 2.3032 - accuracy: 0.0993
1750/3000 [================>.............] - ETA: 4s - loss: 2.3023 - accuracy: 0.1023
2000/3000 [===================>..........] - ETA: 3s - loss: 2.3017 - accuracy: 0.1025
2250/3000 [=====================>........] - ETA: 2s - loss: 2.3015 - accuracy: 0.1044
2500/3000 [========================>.....] - ETA: 1s - loss: 2.3007 - accuracy: 0.1072
2750/3000 [==========================>...] - ETA: 0s - loss: 2.3010 - accuracy: 0.1058
3000/3000 [==============================] - 12s 4ms/step - loss: 2.3011 - accuracy: 0.1047 - val_loss: 2.3040 - val_accuracy: 0.0987
Epoch 4/5

 250/3000 [=>............................] - ETA: 10s - loss: 2.3054 - accuracy: 0.0800
 500/3000 [====>.........................] - ETA: 9s - loss: 2.3037 - accuracy: 0.0940 
 750/3000 [======>.......................] - ETA: 8s - loss: 2.3021 - accuracy: 0.1053
1000/3000 [=========>....................] - ETA: 7s - loss: 2.3010 - accuracy: 0.1110
1250/3000 [===========>..................] - ETA: 6s - loss: 2.3006 - accuracy: 0.1088
1500/3000 [==============>...............] - ETA: 5s - loss: 2.3003 - accuracy: 0.1067
1750/3000 [================>.............] - ETA: 4s - loss: 2.2997 - accuracy: 0.1114
2000/3000 [===================>..........] - ETA: 3s - loss: 2.2994 - accuracy: 0.1075
2250/3000 [=====================>........] - ETA: 2s - loss: 2.2988 - accuracy: 0.1107
2500/3000 [========================>.....] - ETA: 1s - loss: 2.2985 - accuracy: 0.1112
2750/3000 [==========================>...] - ETA: 0s - loss: 2.2985 - accuracy: 0.1124
3000/3000 [==============================] - 12s 4ms/step - loss: 2.2984 - accuracy: 0.1150 - val_loss: 2.3048 - val_accuracy: 0.0907
Epoch 5/5

 250/3000 [=>............................] - ETA: 10s - loss: 2.2994 - accuracy: 0.1120
 500/3000 [====>.........................] - ETA: 9s - loss: 2.2968 - accuracy: 0.1340 
 750/3000 [======>.......................] - ETA: 8s - loss: 2.2958 - accuracy: 0.1373
1000/3000 [=========>....................] - ETA: 7s - loss: 2.2960 - accuracy: 0.1370
1250/3000 [===========>..................] - ETA: 6s - loss: 2.2963 - accuracy: 0.1304
1500/3000 [==============>...............] - ETA: 5s - loss: 2.2967 - accuracy: 0.1320
1750/3000 [================>.............] - ETA: 4s - loss: 2.2965 - accuracy: 0.1366
2000/3000 [===================>..........] - ETA: 3s - loss: 2.2965 - accuracy: 0.1350
2250/3000 [=====================>........] - ETA: 2s - loss: 2.2961 - accuracy: 0.1378
2500/3000 [========================>.....] - ETA: 1s - loss: 2.2965 - accuracy: 0.1372
2750/3000 [==========================>...] - ETA: 0s - loss: 2.2965 - accuracy: 0.1360
3000/3000 [==============================] - 12s 4ms/step - loss: 2.2962 - accuracy: 0.1390 - val_loss: 2.3052 - val_accuracy: 0.0800
Latency --- 59.15008807182312 seconds ---
For delta=0.000200, the current epsilon is: 6.0062
=====================Iteration========================== 5
For delta=0.000200, the current epsilon is: 6.0062
Noise Mutiplier 0.914
in grads Tensor("loss_4/mul:0", shape=(?,), dtype=float32)
Train on 3000 samples, validate on 750 samples
Epoch 1/5

 250/3000 [=>............................] - ETA: 12s - loss: 2.3087 - accuracy: 0.0800
 500/3000 [====>.........................] - ETA: 10s - loss: 2.3060 - accuracy: 0.0920
 750/3000 [======>.......................] - ETA: 9s - loss: 2.3061 - accuracy: 0.0840 
1000/3000 [=========>....................] - ETA: 8s - loss: 2.3057 - accuracy: 0.0830
1250/3000 [===========>..................] - ETA: 6s - loss: 2.3061 - accuracy: 0.0808
1500/3000 [==============>...............] - ETA: 5s - loss: 2.3050 - accuracy: 0.0840
1750/3000 [================>.............] - ETA: 4s - loss: 2.3043 - accuracy: 0.0857
2000/3000 [===================>..........] - ETA: 3s - loss: 2.3037 - accuracy: 0.0850
2250/3000 [=====================>........] - ETA: 2s - loss: 2.3041 - accuracy: 0.0818
2500/3000 [========================>.....] - ETA: 1s - loss: 2.3047 - accuracy: 0.0808
2750/3000 [==========================>...] - ETA: 0s - loss: 2.3043 - accuracy: 0.0833
3000/3000 [==============================] - 12s 4ms/step - loss: 2.3043 - accuracy: 0.0847 - val_loss: 2.3060 - val_accuracy: 0.0960
Epoch 2/5

 250/3000 [=>............................] - ETA: 10s - loss: 2.2981 - accuracy: 0.1120
 500/3000 [====>.........................] - ETA: 9s - loss: 2.2990 - accuracy: 0.1140 
 750/3000 [======>.......................] - ETA: 8s - loss: 2.3007 - accuracy: 0.1000
1000/3000 [=========>....................] - ETA: 7s - loss: 2.3002 - accuracy: 0.0970
1250/3000 [===========>..................] - ETA: 6s - loss: 2.2993 - accuracy: 0.1008
1500/3000 [==============>...............] - ETA: 5s - loss: 2.2988 - accuracy: 0.1073
1750/3000 [================>.............] - ETA: 4s - loss: 2.2979 - accuracy: 0.1040
2000/3000 [===================>..........] - ETA: 3s - loss: 2.2977 - accuracy: 0.1060
2250/3000 [=====================>........] - ETA: 2s - loss: 2.2981 - accuracy: 0.1009
2500/3000 [========================>.....] - ETA: 1s - loss: 2.2981 - accuracy: 0.1020
2750/3000 [==========================>...] - ETA: 0s - loss: 2.2981 - accuracy: 0.0996
3000/3000 [==============================] - 12s 4ms/step - loss: 2.2979 - accuracy: 0.1000 - val_loss: 2.3052 - val_accuracy: 0.0920
Epoch 3/5

 250/3000 [=>............................] - ETA: 10s - loss: 2.2953 - accuracy: 0.1080
 500/3000 [====>.........................] - ETA: 9s - loss: 2.2946 - accuracy: 0.1140 
 750/3000 [======>.......................] - ETA: 8s - loss: 2.2931 - accuracy: 0.1147
1000/3000 [=========>....................] - ETA: 7s - loss: 2.2918 - accuracy: 0.1270
1250/3000 [===========>..................] - ETA: 6s - loss: 2.2920 - accuracy: 0.1240
1500/3000 [==============>...............] - ETA: 5s - loss: 2.2923 - accuracy: 0.1187
1750/3000 [================>.............] - ETA: 4s - loss: 2.2921 - accuracy: 0.1177
2000/3000 [===================>..........] - ETA: 3s - loss: 2.2918 - accuracy: 0.1185
2250/3000 [=====================>........] - ETA: 2s - loss: 2.2923 - accuracy: 0.1191
2500/3000 [========================>.....] - ETA: 1s - loss: 2.2919 - accuracy: 0.1204
2750/3000 [==========================>...] - ETA: 0s - loss: 2.2920 - accuracy: 0.1211
3000/3000 [==============================] - 12s 4ms/step - loss: 2.2923 - accuracy: 0.1207 - val_loss: 2.3051 - val_accuracy: 0.0920
Epoch 4/5

 250/3000 [=>............................] - ETA: 10s - loss: 2.2935 - accuracy: 0.1440
 500/3000 [====>.........................] - ETA: 9s - loss: 2.2886 - accuracy: 0.1360 
 750/3000 [======>.......................] - ETA: 8s - loss: 2.2896 - accuracy: 0.1267
1000/3000 [=========>....................] - ETA: 7s - loss: 2.2886 - accuracy: 0.1300
1250/3000 [===========>..................] - ETA: 6s - loss: 2.2891 - accuracy: 0.1296
1500/3000 [==============>...............] - ETA: 5s - loss: 2.2886 - accuracy: 0.1313
1750/3000 [================>.............] - ETA: 4s - loss: 2.2889 - accuracy: 0.1309
2000/3000 [===================>..........] - ETA: 3s - loss: 2.2879 - accuracy: 0.1395
2250/3000 [=====================>........] - ETA: 2s - loss: 2.2882 - accuracy: 0.1387
2500/3000 [========================>.....] - ETA: 1s - loss: 2.2877 - accuracy: 0.1392
2750/3000 [==========================>...] - ETA: 0s - loss: 2.2874 - accuracy: 0.1404
3000/3000 [==============================] - 12s 4ms/step - loss: 2.2874 - accuracy: 0.1407 - val_loss: 2.3059 - val_accuracy: 0.0787
Epoch 5/5

 250/3000 [=>............................] - ETA: 10s - loss: 2.2850 - accuracy: 0.1680
 500/3000 [====>.........................] - ETA: 9s - loss: 2.2831 - accuracy: 0.1800 
 750/3000 [======>.......................] - ETA: 8s - loss: 2.2853 - accuracy: 0.1613
1000/3000 [=========>....................] - ETA: 7s - loss: 2.2856 - accuracy: 0.1550
1250/3000 [===========>..................] - ETA: 6s - loss: 2.2857 - accuracy: 0.1552
1500/3000 [==============>...............] - ETA: 5s - loss: 2.2849 - accuracy: 0.1587
1750/3000 [================>.............] - ETA: 4s - loss: 2.2847 - accuracy: 0.1606
2000/3000 [===================>..........] - ETA: 3s - loss: 2.2840 - accuracy: 0.1610
2250/3000 [=====================>........] - ETA: 2s - loss: 2.2825 - accuracy: 0.1680
2500/3000 [========================>.....] - ETA: 1s - loss: 2.2826 - accuracy: 0.1672
2750/3000 [==========================>...] - ETA: 0s - loss: 2.2822 - accuracy: 0.1680
3000/3000 [==============================] - 12s 4ms/step - loss: 2.2825 - accuracy: 0.1660 - val_loss: 2.3063 - val_accuracy: 0.0800
Latency --- 59.41112542152405 seconds ---
For delta=0.000200, the current epsilon is: 6.0062
=====================Iteration========================== 6
For delta=0.000200, the current epsilon is: 6.0062
Noise Mutiplier 0.914
in grads Tensor("loss_5/mul:0", shape=(?,), dtype=float32)
Train on 3000 samples, validate on 750 samples
Epoch 1/5

 250/3000 [=>............................] - ETA: 12s - loss: 2.3064 - accuracy: 0.0920
 500/3000 [====>.........................] - ETA: 10s - loss: 2.3052 - accuracy: 0.0920
 750/3000 [======>.......................] - ETA: 9s - loss: 2.3041 - accuracy: 0.0880 
1000/3000 [=========>....................] - ETA: 8s - loss: 2.3036 - accuracy: 0.0910
1250/3000 [===========>..................] - ETA: 7s - loss: 2.3034 - accuracy: 0.0872
1500/3000 [==============>...............] - ETA: 5s - loss: 2.3035 - accuracy: 0.0833
1750/3000 [================>.............] - ETA: 4s - loss: 2.3034 - accuracy: 0.0811
2000/3000 [===================>..........] - ETA: 3s - loss: 2.3035 - accuracy: 0.0805
2250/3000 [=====================>........] - ETA: 2s - loss: 2.3031 - accuracy: 0.0782
2500/3000 [========================>.....] - ETA: 1s - loss: 2.3029 - accuracy: 0.0760
2750/3000 [==========================>...] - ETA: 0s - loss: 2.3032 - accuracy: 0.0731
3000/3000 [==============================] - 12s 4ms/step - loss: 2.3031 - accuracy: 0.0743 - val_loss: 2.3029 - val_accuracy: 0.1093
Epoch 2/5

 250/3000 [=>............................] - ETA: 10s - loss: 2.2999 - accuracy: 0.0600
 500/3000 [====>.........................] - ETA: 9s - loss: 2.3018 - accuracy: 0.0660 
 750/3000 [======>.......................] - ETA: 8s - loss: 2.3019 - accuracy: 0.0667
1000/3000 [=========>....................] - ETA: 7s - loss: 2.3007 - accuracy: 0.0730
1250/3000 [===========>..................] - ETA: 6s - loss: 2.3005 - accuracy: 0.0744
1500/3000 [==============>...............] - ETA: 5s - loss: 2.3003 - accuracy: 0.0753
1750/3000 [================>.............] - ETA: 4s - loss: 2.2999 - accuracy: 0.0760
2000/3000 [===================>..........] - ETA: 3s - loss: 2.2996 - accuracy: 0.0805
2250/3000 [=====================>........] - ETA: 2s - loss: 2.2999 - accuracy: 0.0800
2500/3000 [========================>.....] - ETA: 1s - loss: 2.2995 - accuracy: 0.0816
2750/3000 [==========================>...] - ETA: 0s - loss: 2.2997 - accuracy: 0.0811
3000/3000 [==============================] - 12s 4ms/step - loss: 2.2992 - accuracy: 0.0830 - val_loss: 2.3039 - val_accuracy: 0.0960
Epoch 3/5

 250/3000 [=>............................] - ETA: 10s - loss: 2.3002 - accuracy: 0.0760
 500/3000 [====>.........................] - ETA: 9s - loss: 2.3004 - accuracy: 0.0920 
 750/3000 [======>.......................] - ETA: 8s - loss: 2.3001 - accuracy: 0.1000
1000/3000 [=========>....................] - ETA: 7s - loss: 2.2997 - accuracy: 0.1100
1250/3000 [===========>..................] - ETA: 6s - loss: 2.2986 - accuracy: 0.1128
1500/3000 [==============>...............] - ETA: 5s - loss: 2.2982 - accuracy: 0.1147
1750/3000 [================>.............] - ETA: 4s - loss: 2.2979 - accuracy: 0.1160
2000/3000 [===================>..........] - ETA: 3s - loss: 2.2972 - accuracy: 0.1145
2250/3000 [=====================>........] - ETA: 2s - loss: 2.2964 - accuracy: 0.1147
2500/3000 [========================>.....] - ETA: 1s - loss: 2.2963 - accuracy: 0.1148
2750/3000 [==========================>...] - ETA: 0s - loss: 2.2956 - accuracy: 0.1164
3000/3000 [==============================] - 12s 4ms/step - loss: 2.2956 - accuracy: 0.1173 - val_loss: 2.3040 - val_accuracy: 0.1040
Epoch 4/5

 250/3000 [=>............................] - ETA: 10s - loss: 2.2964 - accuracy: 0.1440
 500/3000 [====>.........................] - ETA: 9s - loss: 2.2968 - accuracy: 0.1260 
 750/3000 [======>.......................] - ETA: 8s - loss: 2.2952 - accuracy: 0.1347
1000/3000 [=========>....................] - ETA: 7s - loss: 2.2950 - accuracy: 0.1290
1250/3000 [===========>..................] - ETA: 6s - loss: 2.2942 - accuracy: 0.1344
1500/3000 [==============>...............] - ETA: 5s - loss: 2.2937 - accuracy: 0.1340
1750/3000 [================>.............] - ETA: 4s - loss: 2.2932 - accuracy: 0.1349
2000/3000 [===================>..........] - ETA: 3s - loss: 2.2930 - accuracy: 0.1345
2250/3000 [=====================>........] - ETA: 2s - loss: 2.2926 - accuracy: 0.1351
2500/3000 [========================>.....] - ETA: 1s - loss: 2.2924 - accuracy: 0.1332
2750/3000 [==========================>...] - ETA: 0s - loss: 2.2925 - accuracy: 0.1287
3000/3000 [==============================] - 12s 4ms/step - loss: 2.2924 - accuracy: 0.1277 - val_loss: 2.3050 - val_accuracy: 0.0960
Epoch 5/5

 250/3000 [=>............................] - ETA: 10s - loss: 2.2911 - accuracy: 0.1480
 500/3000 [====>.........................] - ETA: 9s - loss: 2.2937 - accuracy: 0.1340 
 750/3000 [======>.......................] - ETA: 8s - loss: 2.2933 - accuracy: 0.1427
1000/3000 [=========>....................] - ETA: 7s - loss: 2.2929 - accuracy: 0.1370
1250/3000 [===========>..................] - ETA: 6s - loss: 2.2924 - accuracy: 0.1344
1500/3000 [==============>...............] - ETA: 5s - loss: 2.2918 - accuracy: 0.1373
1750/3000 [================>.............] - ETA: 4s - loss: 2.2912 - accuracy: 0.1343
2000/3000 [===================>..........] - ETA: 3s - loss: 2.2909 - accuracy: 0.1330
2250/3000 [=====================>........] - ETA: 2s - loss: 2.2902 - accuracy: 0.1329
2500/3000 [========================>.....] - ETA: 1s - loss: 2.2895 - accuracy: 0.1344
2750/3000 [==========================>...] - ETA: 0s - loss: 2.2892 - accuracy: 0.1349
3000/3000 [==============================] - 12s 4ms/step - loss: 2.2888 - accuracy: 0.1353 - val_loss: 2.3053 - val_accuracy: 0.0947
Latency --- 59.34379529953003 seconds ---
For delta=0.000200, the current epsilon is: 6.0062
=====================Iteration========================== 7
For delta=0.000200, the current epsilon is: 6.0062
Noise Mutiplier 0.914
in grads Tensor("loss_6/mul:0", shape=(?,), dtype=float32)
Train on 3000 samples, validate on 750 samples
Epoch 1/5

 250/3000 [=>............................] - ETA: 12s - loss: 2.3149 - accuracy: 0.0800
 500/3000 [====>.........................] - ETA: 10s - loss: 2.3089 - accuracy: 0.0940
 750/3000 [======>.......................] - ETA: 9s - loss: 2.3087 - accuracy: 0.0920 
1000/3000 [=========>....................] - ETA: 8s - loss: 2.3091 - accuracy: 0.0860
1250/3000 [===========>..................] - ETA: 7s - loss: 2.3091 - accuracy: 0.0832
1500/3000 [==============>...............] - ETA: 5s - loss: 2.3084 - accuracy: 0.0847
1750/3000 [================>.............] - ETA: 4s - loss: 2.3077 - accuracy: 0.0880
2000/3000 [===================>..........] - ETA: 3s - loss: 2.3067 - accuracy: 0.0965
2250/3000 [=====================>........] - ETA: 2s - loss: 2.3072 - accuracy: 0.0942
2500/3000 [========================>.....] - ETA: 1s - loss: 2.3068 - accuracy: 0.0980
2750/3000 [==========================>...] - ETA: 0s - loss: 2.3063 - accuracy: 0.0964
3000/3000 [==============================] - 12s 4ms/step - loss: 2.3062 - accuracy: 0.0980 - val_loss: 2.3058 - val_accuracy: 0.1173
Epoch 2/5

 250/3000 [=>............................] - ETA: 10s - loss: 2.2986 - accuracy: 0.1080
 500/3000 [====>.........................] - ETA: 9s - loss: 2.3000 - accuracy: 0.1040 
 750/3000 [======>.......................] - ETA: 8s - loss: 2.3012 - accuracy: 0.0973
1000/3000 [=========>....................] - ETA: 7s - loss: 2.3010 - accuracy: 0.0990
1250/3000 [===========>..................] - ETA: 6s - loss: 2.3021 - accuracy: 0.0992
1500/3000 [==============>...............] - ETA: 5s - loss: 2.3020 - accuracy: 0.0993
1750/3000 [================>.............] - ETA: 4s - loss: 2.3003 - accuracy: 0.1051
2000/3000 [===================>..........] - ETA: 3s - loss: 2.3010 - accuracy: 0.1045
2250/3000 [=====================>........] - ETA: 2s - loss: 2.3013 - accuracy: 0.1040
2500/3000 [========================>.....] - ETA: 1s - loss: 2.3007 - accuracy: 0.1056
2750/3000 [==========================>...] - ETA: 0s - loss: 2.3007 - accuracy: 0.1055
3000/3000 [==============================] - 12s 4ms/step - loss: 2.3009 - accuracy: 0.1070 - val_loss: 2.3044 - val_accuracy: 0.1160
Epoch 3/5

 250/3000 [=>............................] - ETA: 10s - loss: 2.2954 - accuracy: 0.1200
 500/3000 [====>.........................] - ETA: 9s - loss: 2.2984 - accuracy: 0.1100 
 750/3000 [======>.......................] - ETA: 8s - loss: 2.3001 - accuracy: 0.1080
1000/3000 [=========>....................] - ETA: 7s - loss: 2.2994 - accuracy: 0.1090
1250/3000 [===========>..................] - ETA: 6s - loss: 2.2996 - accuracy: 0.1032
1500/3000 [==============>...............] - ETA: 5s - loss: 2.2990 - accuracy: 0.1107
1750/3000 [================>.............] - ETA: 4s - loss: 2.2987 - accuracy: 0.1143
2000/3000 [===================>..........] - ETA: 3s - loss: 2.2983 - accuracy: 0.1150
2250/3000 [=====================>........] - ETA: 2s - loss: 2.2982 - accuracy: 0.1173
2500/3000 [========================>.....] - ETA: 1s - loss: 2.2984 - accuracy: 0.1196
2750/3000 [==========================>...] - ETA: 0s - loss: 2.2981 - accuracy: 0.1233
3000/3000 [==============================] - 12s 4ms/step - loss: 2.2980 - accuracy: 0.1233 - val_loss: 2.3047 - val_accuracy: 0.1027
Epoch 4/5

 250/3000 [=>............................] - ETA: 10s - loss: 2.3058 - accuracy: 0.0960
 500/3000 [====>.........................] - ETA: 9s - loss: 2.3003 - accuracy: 0.1120 
 750/3000 [======>.......................] - ETA: 8s - loss: 2.2988 - accuracy: 0.1160
1000/3000 [=========>....................] - ETA: 7s - loss: 2.2975 - accuracy: 0.1170
1250/3000 [===========>..................] - ETA: 6s - loss: 2.2974 - accuracy: 0.1160
1500/3000 [==============>...............] - ETA: 5s - loss: 2.2972 - accuracy: 0.1187
1750/3000 [================>.............] - ETA: 4s - loss: 2.2967 - accuracy: 0.1200
2000/3000 [===================>..........] - ETA: 3s - loss: 2.2969 - accuracy: 0.1240
2250/3000 [=====================>........] - ETA: 2s - loss: 2.2966 - accuracy: 0.1222
2500/3000 [========================>.....] - ETA: 1s - loss: 2.2957 - accuracy: 0.1208
2750/3000 [==========================>...] - ETA: 0s - loss: 2.2960 - accuracy: 0.1189
3000/3000 [==============================] - 12s 4ms/step - loss: 2.2959 - accuracy: 0.1177 - val_loss: 2.3052 - val_accuracy: 0.0840
Epoch 5/5

 250/3000 [=>............................] - ETA: 10s - loss: 2.2938 - accuracy: 0.1280
 500/3000 [====>.........................] - ETA: 9s - loss: 2.2959 - accuracy: 0.1160 
 750/3000 [======>.......................] - ETA: 8s - loss: 2.2954 - accuracy: 0.1200
1000/3000 [=========>....................] - ETA: 7s - loss: 2.2944 - accuracy: 0.1240
1250/3000 [===========>..................] - ETA: 6s - loss: 2.2930 - accuracy: 0.1216
1500/3000 [==============>...............] - ETA: 5s - loss: 2.2943 - accuracy: 0.1153
1750/3000 [================>.............] - ETA: 4s - loss: 2.2949 - accuracy: 0.1143
2000/3000 [===================>..........] - ETA: 3s - loss: 2.2945 - accuracy: 0.1170
2250/3000 [=====================>........] - ETA: 2s - loss: 2.2944 - accuracy: 0.1160
2500/3000 [========================>.....] - ETA: 1s - loss: 2.2943 - accuracy: 0.1136
2750/3000 [==========================>...] - ETA: 0s - loss: 2.2938 - accuracy: 0.1149
3000/3000 [==============================] - 12s 4ms/step - loss: 2.2940 - accuracy: 0.1130 - val_loss: 2.3051 - val_accuracy: 0.1040
Latency --- 59.75456690788269 seconds ---
For delta=0.000200, the current epsilon is: 6.0062
=====================Iteration========================== 8
For delta=0.000200, the current epsilon is: 6.0062
Noise Mutiplier 0.914
in grads Tensor("loss_7/mul:0", shape=(?,), dtype=float32)
Train on 3000 samples, validate on 750 samples
Epoch 1/5

 250/3000 [=>............................] - ETA: 12s - loss: 2.2999 - accuracy: 0.1040
 500/3000 [====>.........................] - ETA: 10s - loss: 2.3056 - accuracy: 0.1040
 750/3000 [======>.......................] - ETA: 9s - loss: 2.3044 - accuracy: 0.1067 
1000/3000 [=========>....................] - ETA: 8s - loss: 2.3033 - accuracy: 0.1140
1250/3000 [===========>..................] - ETA: 7s - loss: 2.3042 - accuracy: 0.1104
1500/3000 [==============>...............] - ETA: 6s - loss: 2.3032 - accuracy: 0.1147
1750/3000 [================>.............] - ETA: 4s - loss: 2.3024 - accuracy: 0.1143
2000/3000 [===================>..........] - ETA: 3s - loss: 2.3022 - accuracy: 0.1135
2250/3000 [=====================>........] - ETA: 2s - loss: 2.3018 - accuracy: 0.1129
2500/3000 [========================>.....] - ETA: 1s - loss: 2.3022 - accuracy: 0.1124
2750/3000 [==========================>...] - ETA: 0s - loss: 2.3029 - accuracy: 0.1127
3000/3000 [==============================] - 12s 4ms/step - loss: 2.3023 - accuracy: 0.1157 - val_loss: 2.3038 - val_accuracy: 0.0973
Epoch 2/5

 250/3000 [=>............................] - ETA: 10s - loss: 2.2975 - accuracy: 0.1160
 500/3000 [====>.........................] - ETA: 9s - loss: 2.2977 - accuracy: 0.1280 
 750/3000 [======>.......................] - ETA: 8s - loss: 2.2990 - accuracy: 0.1347
1000/3000 [=========>....................] - ETA: 7s - loss: 2.2982 - accuracy: 0.1340
1250/3000 [===========>..................] - ETA: 6s - loss: 2.2992 - accuracy: 0.1344
1500/3000 [==============>...............] - ETA: 5s - loss: 2.2991 - accuracy: 0.1333
1750/3000 [================>.............] - ETA: 4s - loss: 2.2985 - accuracy: 0.1297
2000/3000 [===================>..........] - ETA: 3s - loss: 2.2982 - accuracy: 0.1290
2250/3000 [=====================>........] - ETA: 2s - loss: 2.2979 - accuracy: 0.1289
2500/3000 [========================>.....] - ETA: 1s - loss: 2.2974 - accuracy: 0.1288
2750/3000 [==========================>...] - ETA: 0s - loss: 2.2977 - accuracy: 0.1247
3000/3000 [==============================] - 12s 4ms/step - loss: 2.2979 - accuracy: 0.1237 - val_loss: 2.3022 - val_accuracy: 0.0960
Epoch 3/5

 250/3000 [=>............................] - ETA: 10s - loss: 2.2951 - accuracy: 0.1240
 500/3000 [====>.........................] - ETA: 9s - loss: 2.2961 - accuracy: 0.1240 
 750/3000 [======>.......................] - ETA: 8s - loss: 2.2969 - accuracy: 0.1267
1000/3000 [=========>....................] - ETA: 7s - loss: 2.2964 - accuracy: 0.1250
1250/3000 [===========>..................] - ETA: 6s - loss: 2.2967 - accuracy: 0.1296
1500/3000 [==============>...............] - ETA: 5s - loss: 2.2975 - accuracy: 0.1220
1750/3000 [================>.............] - ETA: 4s - loss: 2.2967 - accuracy: 0.1280
2000/3000 [===================>..........] - ETA: 3s - loss: 2.2970 - accuracy: 0.1265
2250/3000 [=====================>........] - ETA: 2s - loss: 2.2960 - accuracy: 0.1284
2500/3000 [========================>.....] - ETA: 1s - loss: 2.2954 - accuracy: 0.1276
2750/3000 [==========================>...] - ETA: 0s - loss: 2.2950 - accuracy: 0.1273
3000/3000 [==============================] - 12s 4ms/step - loss: 2.2946 - accuracy: 0.1283 - val_loss: 2.3023 - val_accuracy: 0.0907
Epoch 4/5

 250/3000 [=>............................] - ETA: 10s - loss: 2.2943 - accuracy: 0.1240
 500/3000 [====>.........................] - ETA: 9s - loss: 2.2901 - accuracy: 0.1340 
 750/3000 [======>.......................] - ETA: 8s - loss: 2.2910 - accuracy: 0.1400
1000/3000 [=========>....................] - ETA: 7s - loss: 2.2909 - accuracy: 0.1410
1250/3000 [===========>..................] - ETA: 6s - loss: 2.2906 - accuracy: 0.1424
1500/3000 [==============>...............] - ETA: 5s - loss: 2.2902 - accuracy: 0.1400
1750/3000 [================>.............] - ETA: 4s - loss: 2.2903 - accuracy: 0.1446
2000/3000 [===================>..........] - ETA: 3s - loss: 2.2912 - accuracy: 0.1420
2250/3000 [=====================>........] - ETA: 2s - loss: 2.2926 - accuracy: 0.1382
2500/3000 [========================>.....] - ETA: 1s - loss: 2.2928 - accuracy: 0.1412
2750/3000 [==========================>...] - ETA: 0s - loss: 2.2926 - accuracy: 0.1396
3000/3000 [==============================] - 12s 4ms/step - loss: 2.2918 - accuracy: 0.1413 - val_loss: 2.3021 - val_accuracy: 0.0920
Epoch 5/5

 250/3000 [=>............................] - ETA: 10s - loss: 2.2882 - accuracy: 0.1600
 500/3000 [====>.........................] - ETA: 9s - loss: 2.2869 - accuracy: 0.1460 
 750/3000 [======>.......................] - ETA: 8s - loss: 2.2892 - accuracy: 0.1400
1000/3000 [=========>....................] - ETA: 7s - loss: 2.2897 - accuracy: 0.1400
1250/3000 [===========>..................] - ETA: 6s - loss: 2.2881 - accuracy: 0.1448
1500/3000 [==============>...............] - ETA: 5s - loss: 2.2877 - accuracy: 0.1420
1750/3000 [================>.............] - ETA: 4s - loss: 2.2872 - accuracy: 0.1411
2000/3000 [===================>..........] - ETA: 3s - loss: 2.2882 - accuracy: 0.1390
2250/3000 [=====================>........] - ETA: 2s - loss: 2.2879 - accuracy: 0.1382
2500/3000 [========================>.....] - ETA: 1s - loss: 2.2882 - accuracy: 0.1360
2750/3000 [==========================>...] - ETA: 0s - loss: 2.2885 - accuracy: 0.1389
3000/3000 [==============================] - 12s 4ms/step - loss: 2.2888 - accuracy: 0.1397 - val_loss: 2.3026 - val_accuracy: 0.0973
Latency --- 59.849881410598755 seconds ---
For delta=0.000200, the current epsilon is: 6.0062
=====================Iteration========================== 9
For delta=0.000200, the current epsilon is: 6.0062
Noise Mutiplier 0.914
in grads Tensor("loss_8/mul:0", shape=(?,), dtype=float32)
Train on 3000 samples, validate on 750 samples
Epoch 1/5

 250/3000 [=>............................] - ETA: 12s - loss: 2.3024 - accuracy: 0.1080
 500/3000 [====>.........................] - ETA: 10s - loss: 2.3012 - accuracy: 0.1080
 750/3000 [======>.......................] - ETA: 9s - loss: 2.3002 - accuracy: 0.1147 
1000/3000 [=========>....................] - ETA: 8s - loss: 2.3015 - accuracy: 0.1070
1250/3000 [===========>..................] - ETA: 7s - loss: 2.3010 - accuracy: 0.1064
1500/3000 [==============>...............] - ETA: 5s - loss: 2.3013 - accuracy: 0.1087
1750/3000 [================>.............] - ETA: 4s - loss: 2.3013 - accuracy: 0.1051
2000/3000 [===================>..........] - ETA: 3s - loss: 2.3013 - accuracy: 0.1050
2250/3000 [=====================>........] - ETA: 2s - loss: 2.3017 - accuracy: 0.1040
2500/3000 [========================>.....] - ETA: 1s - loss: 2.3016 - accuracy: 0.1036
2750/3000 [==========================>...] - ETA: 0s - loss: 2.3018 - accuracy: 0.1029
3000/3000 [==============================] - 12s 4ms/step - loss: 2.3016 - accuracy: 0.1040 - val_loss: 2.3031 - val_accuracy: 0.0867
Epoch 2/5

 250/3000 [=>............................] - ETA: 10s - loss: 2.3000 - accuracy: 0.0960
 500/3000 [====>.........................] - ETA: 9s - loss: 2.2989 - accuracy: 0.1140 
 750/3000 [======>.......................] - ETA: 8s - loss: 2.2994 - accuracy: 0.1133
1000/3000 [=========>....................] - ETA: 7s - loss: 2.2992 - accuracy: 0.1080
1250/3000 [===========>..................] - ETA: 6s - loss: 2.2996 - accuracy: 0.1120
1500/3000 [==============>...............] - ETA: 5s - loss: 2.2994 - accuracy: 0.1120
1750/3000 [================>.............] - ETA: 4s - loss: 2.2988 - accuracy: 0.1160
2000/3000 [===================>..........] - ETA: 3s - loss: 2.2991 - accuracy: 0.1195
2250/3000 [=====================>........] - ETA: 2s - loss: 2.2986 - accuracy: 0.1244
2500/3000 [========================>.....] - ETA: 1s - loss: 2.2984 - accuracy: 0.1268
2750/3000 [==========================>...] - ETA: 0s - loss: 2.2983 - accuracy: 0.1255
3000/3000 [==============================] - 12s 4ms/step - loss: 2.2978 - accuracy: 0.1270 - val_loss: 2.3035 - val_accuracy: 0.0920
Epoch 3/5

 250/3000 [=>............................] - ETA: 10s - loss: 2.2986 - accuracy: 0.1320
 500/3000 [====>.........................] - ETA: 9s - loss: 2.2968 - accuracy: 0.1560 
 750/3000 [======>.......................] - ETA: 8s - loss: 2.2974 - accuracy: 0.1467
1000/3000 [=========>....................] - ETA: 7s - loss: 2.2965 - accuracy: 0.1400
1250/3000 [===========>..................] - ETA: 6s - loss: 2.2956 - accuracy: 0.1480
1500/3000 [==============>...............] - ETA: 5s - loss: 2.2950 - accuracy: 0.1527
1750/3000 [================>.............] - ETA: 4s - loss: 2.2944 - accuracy: 0.1497
2000/3000 [===================>..........] - ETA: 3s - loss: 2.2945 - accuracy: 0.1480
2250/3000 [=====================>........] - ETA: 2s - loss: 2.2945 - accuracy: 0.1453
2500/3000 [========================>.....] - ETA: 1s - loss: 2.2942 - accuracy: 0.1428
2750/3000 [==========================>...] - ETA: 0s - loss: 2.2941 - accuracy: 0.1440
3000/3000 [==============================] - 12s 4ms/step - loss: 2.2940 - accuracy: 0.1473 - val_loss: 2.3034 - val_accuracy: 0.0920
Epoch 4/5

 250/3000 [=>............................] - ETA: 10s - loss: 2.2918 - accuracy: 0.1400
 500/3000 [====>.........................] - ETA: 9s - loss: 2.2907 - accuracy: 0.1660 
 750/3000 [======>.......................] - ETA: 8s - loss: 2.2903 - accuracy: 0.1667
1000/3000 [=========>....................] - ETA: 7s - loss: 2.2911 - accuracy: 0.1600
1250/3000 [===========>..................] - ETA: 6s - loss: 2.2914 - accuracy: 0.1568
1500/3000 [==============>...............] - ETA: 5s - loss: 2.2911 - accuracy: 0.1567
1750/3000 [================>.............] - ETA: 4s - loss: 2.2914 - accuracy: 0.1566
2000/3000 [===================>..........] - ETA: 3s - loss: 2.2906 - accuracy: 0.1570
2250/3000 [=====================>........] - ETA: 2s - loss: 2.2907 - accuracy: 0.1569
2500/3000 [========================>.....] - ETA: 1s - loss: 2.2906 - accuracy: 0.1540
2750/3000 [==========================>...] - ETA: 0s - loss: 2.2904 - accuracy: 0.1545
3000/3000 [==============================] - 12s 4ms/step - loss: 2.2900 - accuracy: 0.1567 - val_loss: 2.3038 - val_accuracy: 0.0907
Epoch 5/5

 250/3000 [=>............................] - ETA: 10s - loss: 2.2856 - accuracy: 0.1640
 500/3000 [====>.........................] - ETA: 9s - loss: 2.2872 - accuracy: 0.1700 
 750/3000 [======>.......................] - ETA: 8s - loss: 2.2871 - accuracy: 0.1773
1000/3000 [=========>....................] - ETA: 7s - loss: 2.2880 - accuracy: 0.1720
1250/3000 [===========>..................] - ETA: 6s - loss: 2.2879 - accuracy: 0.1672
1500/3000 [==============>...............] - ETA: 5s - loss: 2.2879 - accuracy: 0.1633
1750/3000 [================>.............] - ETA: 4s - loss: 2.2876 - accuracy: 0.1640
2000/3000 [===================>..........] - ETA: 3s - loss: 2.2874 - accuracy: 0.1595
2250/3000 [=====================>........] - ETA: 2s - loss: 2.2869 - accuracy: 0.1631
2500/3000 [========================>.....] - ETA: 1s - loss: 2.2867 - accuracy: 0.1672
2750/3000 [==========================>...] - ETA: 0s - loss: 2.2864 - accuracy: 0.1655
3000/3000 [==============================] - 12s 4ms/step - loss: 2.2860 - accuracy: 0.1673 - val_loss: 2.3042 - val_accuracy: 0.0853
Latency --- 59.822136878967285 seconds ---
For delta=0.000200, the current epsilon is: 6.0062
=====================Iteration========================== 10
For delta=0.000200, the current epsilon is: 6.0062
Noise Mutiplier 0.914
in grads Tensor("loss_9/mul:0", shape=(?,), dtype=float32)
Train on 3000 samples, validate on 750 samples
Epoch 1/5

 250/3000 [=>............................] - ETA: 12s - loss: 2.3106 - accuracy: 0.0840
 500/3000 [====>.........................] - ETA: 10s - loss: 2.3094 - accuracy: 0.0760
 750/3000 [======>.......................] - ETA: 9s - loss: 2.3101 - accuracy: 0.0760 
1000/3000 [=========>....................] - ETA: 8s - loss: 2.3097 - accuracy: 0.0770
1250/3000 [===========>..................] - ETA: 7s - loss: 2.3096 - accuracy: 0.0808
1500/3000 [==============>...............] - ETA: 6s - loss: 2.3095 - accuracy: 0.0847
1750/3000 [================>.............] - ETA: 4s - loss: 2.3090 - accuracy: 0.0891
2000/3000 [===================>..........] - ETA: 3s - loss: 2.3084 - accuracy: 0.0875
2250/3000 [=====================>........] - ETA: 2s - loss: 2.3080 - accuracy: 0.0898
2500/3000 [========================>.....] - ETA: 1s - loss: 2.3073 - accuracy: 0.0936
2750/3000 [==========================>...] - ETA: 0s - loss: 2.3077 - accuracy: 0.0920
3000/3000 [==============================] - 12s 4ms/step - loss: 2.3068 - accuracy: 0.0930 - val_loss: 2.3048 - val_accuracy: 0.1000
Epoch 2/5

 250/3000 [=>............................] - ETA: 10s - loss: 2.3021 - accuracy: 0.0960
 500/3000 [====>.........................] - ETA: 9s - loss: 2.3024 - accuracy: 0.0820 
 750/3000 [======>.......................] - ETA: 8s - loss: 2.3029 - accuracy: 0.0933
1000/3000 [=========>....................] - ETA: 7s - loss: 2.3027 - accuracy: 0.0960
1250/3000 [===========>..................] - ETA: 6s - loss: 2.3032 - accuracy: 0.0968
1500/3000 [==============>...............] - ETA: 5s - loss: 2.3026 - accuracy: 0.1013
1750/3000 [================>.............] - ETA: 4s - loss: 2.3015 - accuracy: 0.1074
2000/3000 [===================>..........] - ETA: 3s - loss: 2.3006 - accuracy: 0.1130
2250/3000 [=====================>........] - ETA: 2s - loss: 2.3010 - accuracy: 0.1124
2500/3000 [========================>.....] - ETA: 1s - loss: 2.3006 - accuracy: 0.1144
2750/3000 [==========================>...] - ETA: 0s - loss: 2.3005 - accuracy: 0.1127
3000/3000 [==============================] - 12s 4ms/step - loss: 2.3005 - accuracy: 0.1127 - val_loss: 2.3033 - val_accuracy: 0.0920
Epoch 3/5

 250/3000 [=>............................] - ETA: 10s - loss: 2.2964 - accuracy: 0.1320
 500/3000 [====>.........................] - ETA: 9s - loss: 2.2985 - accuracy: 0.1160 
 750/3000 [======>.......................] - ETA: 8s - loss: 2.2992 - accuracy: 0.1107
1000/3000 [=========>....................] - ETA: 7s - loss: 2.2976 - accuracy: 0.1180
1250/3000 [===========>..................] - ETA: 6s - loss: 2.2980 - accuracy: 0.1168
1500/3000 [==============>...............] - ETA: 5s - loss: 2.2981 - accuracy: 0.1107
1750/3000 [================>.............] - ETA: 4s - loss: 2.2980 - accuracy: 0.1114
2000/3000 [===================>..........] - ETA: 3s - loss: 2.2974 - accuracy: 0.1155
2250/3000 [=====================>........] - ETA: 2s - loss: 2.2977 - accuracy: 0.1138
2500/3000 [========================>.....] - ETA: 1s - loss: 2.2974 - accuracy: 0.1144
2750/3000 [==========================>...] - ETA: 0s - loss: 2.2973 - accuracy: 0.1156
3000/3000 [==============================] - 12s 4ms/step - loss: 2.2967 - accuracy: 0.1177 - val_loss: 2.3027 - val_accuracy: 0.1093
Epoch 4/5

 250/3000 [=>............................] - ETA: 10s - loss: 2.2992 - accuracy: 0.0840
 500/3000 [====>.........................] - ETA: 9s - loss: 2.3003 - accuracy: 0.0840 
 750/3000 [======>.......................] - ETA: 8s - loss: 2.2986 - accuracy: 0.0947
1000/3000 [=========>....................] - ETA: 7s - loss: 2.2977 - accuracy: 0.0960
1250/3000 [===========>..................] - ETA: 6s - loss: 2.2969 - accuracy: 0.1056
1500/3000 [==============>...............] - ETA: 5s - loss: 2.2956 - accuracy: 0.1160
1750/3000 [================>.............] - ETA: 4s - loss: 2.2950 - accuracy: 0.1166
2000/3000 [===================>..........] - ETA: 3s - loss: 2.2944 - accuracy: 0.1195
2250/3000 [=====================>........] - ETA: 2s - loss: 2.2947 - accuracy: 0.1196
2500/3000 [========================>.....] - ETA: 1s - loss: 2.2946 - accuracy: 0.1188
2750/3000 [==========================>...] - ETA: 0s - loss: 2.2945 - accuracy: 0.1182
3000/3000 [==============================] - 12s 4ms/step - loss: 2.2940 - accuracy: 0.1187 - val_loss: 2.3032 - val_accuracy: 0.1053
Epoch 5/5

 250/3000 [=>............................] - ETA: 10s - loss: 2.2964 - accuracy: 0.1120
 500/3000 [====>.........................] - ETA: 9s - loss: 2.2997 - accuracy: 0.0960 
 750/3000 [======>.......................] - ETA: 8s - loss: 2.2954 - accuracy: 0.1133
1000/3000 [=========>....................] - ETA: 7s - loss: 2.2941 - accuracy: 0.1140
1250/3000 [===========>..................] - ETA: 6s - loss: 2.2948 - accuracy: 0.1128
1500/3000 [==============>...............] - ETA: 5s - loss: 2.2946 - accuracy: 0.1180
1750/3000 [================>.............] - ETA: 4s - loss: 2.2935 - accuracy: 0.1234
2000/3000 [===================>..........] - ETA: 3s - loss: 2.2922 - accuracy: 0.1315
2250/3000 [=====================>........] - ETA: 2s - loss: 2.2918 - accuracy: 0.1293
2500/3000 [========================>.....] - ETA: 1s - loss: 2.2919 - accuracy: 0.1288
2750/3000 [==========================>...] - ETA: 0s - loss: 2.2918 - accuracy: 0.1280
3000/3000 [==============================] - 12s 4ms/step - loss: 2.2918 - accuracy: 0.1300 - val_loss: 2.3034 - val_accuracy: 0.0880
Latency --- 59.9818594455719 seconds ---
For delta=0.000200, the current epsilon is: 6.0062
