We are using Tensorflow version 1.15.2
Keras API version: 2.3.1
=====================Iteration========================== 1
For delta=0.000200, the current epsilon is: 0.1520
Noise Mutiplier 30
Downloading data from https://www.cs.toronto.edu/~kriz/cifar-10-python.tar.gz

     8192/170498071 [..............................] - ETA: 38:56
    40960/170498071 [..............................] - ETA: 15:36
    90112/170498071 [..............................] - ETA: 10:36
   188416/170498071 [..............................] - ETA: 6:46 
   385024/170498071 [..............................] - ETA: 4:08
   811008/170498071 [..............................] - ETA: 2:21
  1613824/170498071 [..............................] - ETA: 1:22
  3252224/170498071 [..............................] - ETA: 46s 
  6365184/170498071 [>.............................] - ETA: 26s
  8921088/170498071 [>.............................] - ETA: 19s
  9510912/170498071 [>.............................] - ETA: 19s
 11804672/170498071 [=>............................] - ETA: 15s
 12247040/170498071 [=>............................] - ETA: 16s
 14409728/170498071 [=>............................] - ETA: 13s
 15179776/170498071 [=>............................] - ETA: 13s
 17440768/170498071 [==>...........................] - ETA: 12s
 18194432/170498071 [==>...........................] - ETA: 12s
 20160512/170498071 [==>...........................] - ETA: 11s
 21258240/170498071 [==>...........................] - ETA: 11s
 23175168/170498071 [===>..........................] - ETA: 10s
 24027136/170498071 [===>..........................] - ETA: 10s
 26271744/170498071 [===>..........................] - ETA: 9s 
 27090944/170498071 [===>..........................] - ETA: 9s
 29384704/170498071 [====>.........................] - ETA: 8s
 30171136/170498071 [====>.........................] - ETA: 8s
 32415744/170498071 [====>.........................] - ETA: 8s
 33267712/170498071 [====>.........................] - ETA: 8s
 35495936/170498071 [=====>........................] - ETA: 7s
 35987456/170498071 [=====>........................] - ETA: 8s
 38051840/170498071 [=====>........................] - ETA: 7s
 39100416/170498071 [=====>........................] - ETA: 7s
 40787968/170498071 [======>.......................] - ETA: 7s
 42115072/170498071 [======>.......................] - ETA: 7s
 43884544/170498071 [======>.......................] - ETA: 6s
 45195264/170498071 [======>.......................] - ETA: 6s
 46899200/170498071 [=======>......................] - ETA: 6s
 48160768/170498071 [=======>......................] - ETA: 6s
 49913856/170498071 [=======>......................] - ETA: 6s
 51240960/170498071 [========>.....................] - ETA: 6s
 52977664/170498071 [========>.....................] - ETA: 6s
 54337536/170498071 [========>.....................] - ETA: 6s
 55877632/170498071 [========>.....................] - ETA: 5s
 57270272/170498071 [=========>....................] - ETA: 5s
 58646528/170498071 [=========>....................] - ETA: 5s
 60317696/170498071 [=========>....................] - ETA: 5s
 61480960/170498071 [=========>....................] - ETA: 5s
 63168512/170498071 [==========>...................] - ETA: 5s
 64651264/170498071 [==========>...................] - ETA: 5s
 66232320/170498071 [==========>...................] - ETA: 5s
 67739648/170498071 [==========>...................] - ETA: 5s
 69345280/170498071 [===========>..................] - ETA: 4s
 70836224/170498071 [===========>..................] - ETA: 4s
 72474624/170498071 [===========>..................] - ETA: 4s
 73916416/170498071 [============>.................] - ETA: 4s
 75522048/170498071 [============>.................] - ETA: 4s
 76980224/170498071 [============>.................] - ETA: 4s
 78585856/170498071 [============>.................] - ETA: 4s
 80044032/170498071 [=============>................] - ETA: 4s
 81649664/170498071 [=============>................] - ETA: 4s
 83124224/170498071 [=============>................] - ETA: 4s
 84533248/170498071 [=============>................] - ETA: 4s
 85942272/170498071 [==============>...............] - ETA: 3s
 87416832/170498071 [==============>...............] - ETA: 3s
 88678400/170498071 [==============>...............] - ETA: 3s
 90202112/170498071 [==============>...............] - ETA: 3s
 91774976/170498071 [===============>..............] - ETA: 3s
 93265920/170498071 [===============>..............] - ETA: 3s
 94838784/170498071 [===============>..............] - ETA: 3s
 96313344/170498071 [===============>..............] - ETA: 3s
 97902592/170498071 [================>.............] - ETA: 3s
 99377152/170498071 [================>.............] - ETA: 3s
100982784/170498071 [================>.............] - ETA: 3s
102457344/170498071 [=================>............] - ETA: 3s
104062976/170498071 [=================>............] - ETA: 2s
105553920/170498071 [=================>............] - ETA: 2s
107159552/170498071 [=================>............] - ETA: 2s
108634112/170498071 [==================>...........] - ETA: 2s
110190592/170498071 [==================>...........] - ETA: 2s
111534080/170498071 [==================>...........] - ETA: 2s
113254400/170498071 [==================>...........] - ETA: 2s
114548736/170498071 [===================>..........] - ETA: 2s
116350976/170498071 [===================>..........] - ETA: 2s
117547008/170498071 [===================>..........] - ETA: 2s
119111680/170498071 [===================>..........] - ETA: 2s
120315904/170498071 [====================>.........] - ETA: 2s
122044416/170498071 [====================>.........] - ETA: 2s
123330560/170498071 [====================>.........] - ETA: 2s
125149184/170498071 [=====================>........] - ETA: 1s
126476288/170498071 [=====================>........] - ETA: 1s
128180224/170498071 [=====================>........] - ETA: 1s
129556480/170498071 [=====================>........] - ETA: 1s
131170304/170498071 [======================>.......] - ETA: 1s
132571136/170498071 [======================>.......] - ETA: 1s
134111232/170498071 [======================>.......] - ETA: 1s
135684096/170498071 [======================>.......] - ETA: 1s
137158656/170498071 [=======================>......] - ETA: 1s
138747904/170498071 [=======================>......] - ETA: 1s
140156928/170498071 [=======================>......] - ETA: 1s
141697024/170498071 [=======================>......] - ETA: 1s
143106048/170498071 [========================>.....] - ETA: 1s
144711680/170498071 [========================>.....] - ETA: 1s
146137088/170498071 [========================>.....] - ETA: 1s
147677184/170498071 [========================>.....] - ETA: 0s
149102592/170498071 [=========================>....] - ETA: 0s
150675456/170498071 [=========================>....] - ETA: 0s
152084480/170498071 [=========================>....] - ETA: 0s
153624576/170498071 [==========================>...] - ETA: 0s
154968064/170498071 [==========================>...] - ETA: 0s
156344320/170498071 [==========================>...] - ETA: 0s
157622272/170498071 [==========================>...] - ETA: 0s
159260672/170498071 [===========================>..] - ETA: 0s
160669696/170498071 [===========================>..] - ETA: 0s
162308096/170498071 [===========================>..] - ETA: 0s
163749888/170498071 [===========================>..] - ETA: 0s
165060608/170498071 [============================>.] - ETA: 0s
166715392/170498071 [============================>.] - ETA: 0s
167878656/170498071 [============================>.] - ETA: 0s
169533440/170498071 [============================>.] - ETA: 0s
170500096/170498071 [==============================] - 7s 0us/step
in grads Tensor("loss/mul:0", shape=(), dtype=float32)
Train on 3000 samples, validate on 750 samples
Epoch 1/5

 250/3000 [=>............................] - ETA: 1s - loss: 2.3119 - accuracy: 0.0880
 500/3000 [====>.........................] - ETA: 0s - loss: 2.3031 - accuracy: 0.1280
 750/3000 [======>.......................] - ETA: 0s - loss: 2.3013 - accuracy: 0.1187
1000/3000 [=========>....................] - ETA: 0s - loss: 2.2989 - accuracy: 0.1160
1250/3000 [===========>..................] - ETA: 0s - loss: 2.2982 - accuracy: 0.1080
1500/3000 [==============>...............] - ETA: 0s - loss: 2.2971 - accuracy: 0.1073
1750/3000 [================>.............] - ETA: 0s - loss: 2.2941 - accuracy: 0.1080
2000/3000 [===================>..........] - ETA: 0s - loss: 2.2913 - accuracy: 0.1115
2250/3000 [=====================>........] - ETA: 0s - loss: 2.2878 - accuracy: 0.1133
2500/3000 [========================>.....] - ETA: 0s - loss: 2.2830 - accuracy: 0.1176
2750/3000 [==========================>...] - ETA: 0s - loss: 2.2808 - accuracy: 0.1189
3000/3000 [==============================] - 1s 279us/step - loss: 2.2775 - accuracy: 0.1210 - val_loss: 2.3329 - val_accuracy: 0.1040
Epoch 2/5

 250/3000 [=>............................] - ETA: 0s - loss: 2.1970 - accuracy: 0.2680
 500/3000 [====>.........................] - ETA: 0s - loss: 2.1926 - accuracy: 0.2500
 750/3000 [======>.......................] - ETA: 0s - loss: 2.1913 - accuracy: 0.2173
1000/3000 [=========>....................] - ETA: 0s - loss: 2.1847 - accuracy: 0.2150
1250/3000 [===========>..................] - ETA: 0s - loss: 2.1764 - accuracy: 0.2136
1500/3000 [==============>...............] - ETA: 0s - loss: 2.1711 - accuracy: 0.2067
1750/3000 [================>.............] - ETA: 0s - loss: 2.1687 - accuracy: 0.2011
2000/3000 [===================>..........] - ETA: 0s - loss: 2.1580 - accuracy: 0.2050
2250/3000 [=====================>........] - ETA: 0s - loss: 2.1538 - accuracy: 0.2044
2500/3000 [========================>.....] - ETA: 0s - loss: 2.1414 - accuracy: 0.2156
2750/3000 [==========================>...] - ETA: 0s - loss: 2.1366 - accuracy: 0.2164
3000/3000 [==============================] - 1s 258us/step - loss: 2.1289 - accuracy: 0.2230 - val_loss: 2.5342 - val_accuracy: 0.0973
Epoch 3/5

 250/3000 [=>............................] - ETA: 0s - loss: 2.0616 - accuracy: 0.2400
 500/3000 [====>.........................] - ETA: 0s - loss: 2.0476 - accuracy: 0.2420
 750/3000 [======>.......................] - ETA: 0s - loss: 2.0325 - accuracy: 0.2387
1000/3000 [=========>....................] - ETA: 0s - loss: 2.0216 - accuracy: 0.2540
1250/3000 [===========>..................] - ETA: 0s - loss: 2.0105 - accuracy: 0.2664
1500/3000 [==============>...............] - ETA: 0s - loss: 2.0005 - accuracy: 0.2660
1750/3000 [================>.............] - ETA: 0s - loss: 1.9964 - accuracy: 0.2651
2000/3000 [===================>..........] - ETA: 0s - loss: 1.9946 - accuracy: 0.2645
2250/3000 [=====================>........] - ETA: 0s - loss: 1.9899 - accuracy: 0.2724
2500/3000 [========================>.....] - ETA: 0s - loss: 1.9809 - accuracy: 0.2812
2750/3000 [==========================>...] - ETA: 0s - loss: 1.9862 - accuracy: 0.2793
3000/3000 [==============================] - 1s 254us/step - loss: 1.9801 - accuracy: 0.2810 - val_loss: 2.7791 - val_accuracy: 0.0853
Epoch 4/5

 250/3000 [=>............................] - ETA: 0s - loss: 1.9150 - accuracy: 0.2720
 500/3000 [====>.........................] - ETA: 0s - loss: 1.8989 - accuracy: 0.2880
 750/3000 [======>.......................] - ETA: 0s - loss: 1.9181 - accuracy: 0.2800
1000/3000 [=========>....................] - ETA: 0s - loss: 1.9104 - accuracy: 0.2890
1250/3000 [===========>..................] - ETA: 0s - loss: 1.9005 - accuracy: 0.2984
1500/3000 [==============>...............] - ETA: 0s - loss: 1.9041 - accuracy: 0.2987
1750/3000 [================>.............] - ETA: 0s - loss: 1.9056 - accuracy: 0.2983
2000/3000 [===================>..........] - ETA: 0s - loss: 1.8904 - accuracy: 0.3035
2250/3000 [=====================>........] - ETA: 0s - loss: 1.9002 - accuracy: 0.3000
2500/3000 [========================>.....] - ETA: 0s - loss: 1.9019 - accuracy: 0.3020
2750/3000 [==========================>...] - ETA: 0s - loss: 1.9059 - accuracy: 0.2996
3000/3000 [==============================] - 1s 254us/step - loss: 1.9101 - accuracy: 0.3010 - val_loss: 2.9016 - val_accuracy: 0.1040
Epoch 5/5

 250/3000 [=>............................] - ETA: 0s - loss: 1.8488 - accuracy: 0.3200
 500/3000 [====>.........................] - ETA: 0s - loss: 1.8247 - accuracy: 0.3280
 750/3000 [======>.......................] - ETA: 0s - loss: 1.8288 - accuracy: 0.3333
1000/3000 [=========>....................] - ETA: 0s - loss: 1.8216 - accuracy: 0.3390
1250/3000 [===========>..................] - ETA: 0s - loss: 1.8250 - accuracy: 0.3336
1500/3000 [==============>...............] - ETA: 0s - loss: 1.8282 - accuracy: 0.3327
1750/3000 [================>.............] - ETA: 0s - loss: 1.8343 - accuracy: 0.3297
2000/3000 [===================>..........] - ETA: 0s - loss: 1.8317 - accuracy: 0.3280
2250/3000 [=====================>........] - ETA: 0s - loss: 1.8343 - accuracy: 0.3284
2500/3000 [========================>.....] - ETA: 0s - loss: 1.8327 - accuracy: 0.3296
2750/3000 [==========================>...] - ETA: 0s - loss: 1.8322 - accuracy: 0.3313
3000/3000 [==============================] - 1s 258us/step - loss: 1.8309 - accuracy: 0.3340 - val_loss: 2.9974 - val_accuracy: 0.1013
Latency --- 4.1670472621917725 seconds ---
Trained with vanilla non-private SGD optimizer
Saving model with new accuracy, previous accuracy was 0 and present is 0.33399999141693115
Saved model to disk
=====================Iteration========================== 2
For delta=0.000200, the current epsilon is: 0.1520
Noise Mutiplier 30
in grads Tensor("loss_1/mul:0", shape=(), dtype=float32)
Train on 3000 samples, validate on 750 samples
Epoch 1/5

 250/3000 [=>............................] - ETA: 1s - loss: 2.3022 - accuracy: 0.0840
 500/3000 [====>.........................] - ETA: 0s - loss: 2.2993 - accuracy: 0.1000
 750/3000 [======>.......................] - ETA: 0s - loss: 2.3033 - accuracy: 0.0987
1000/3000 [=========>....................] - ETA: 0s - loss: 2.2950 - accuracy: 0.1060
1250/3000 [===========>..................] - ETA: 0s - loss: 2.2926 - accuracy: 0.1072
1500/3000 [==============>...............] - ETA: 0s - loss: 2.2856 - accuracy: 0.1160
1750/3000 [================>.............] - ETA: 0s - loss: 2.2824 - accuracy: 0.1171
2000/3000 [===================>..........] - ETA: 0s - loss: 2.2801 - accuracy: 0.1195
2250/3000 [=====================>........] - ETA: 0s - loss: 2.2759 - accuracy: 0.1253
2500/3000 [========================>.....] - ETA: 0s - loss: 2.2712 - accuracy: 0.1356
2750/3000 [==========================>...] - ETA: 0s - loss: 2.2642 - accuracy: 0.1400
3000/3000 [==============================] - 1s 277us/step - loss: 2.2588 - accuracy: 0.1413 - val_loss: 2.3547 - val_accuracy: 0.1080
Epoch 2/5

 250/3000 [=>............................] - ETA: 0s - loss: 2.1602 - accuracy: 0.1600
 500/3000 [====>.........................] - ETA: 0s - loss: 2.1489 - accuracy: 0.2040
 750/3000 [======>.......................] - ETA: 0s - loss: 2.1499 - accuracy: 0.1987
1000/3000 [=========>....................] - ETA: 0s - loss: 2.1375 - accuracy: 0.2050
1250/3000 [===========>..................] - ETA: 0s - loss: 2.1342 - accuracy: 0.1952
1500/3000 [==============>...............] - ETA: 0s - loss: 2.1267 - accuracy: 0.2033
1750/3000 [================>.............] - ETA: 0s - loss: 2.1168 - accuracy: 0.2091
2000/3000 [===================>..........] - ETA: 0s - loss: 2.1075 - accuracy: 0.2140
2250/3000 [=====================>........] - ETA: 0s - loss: 2.1021 - accuracy: 0.2147
2500/3000 [========================>.....] - ETA: 0s - loss: 2.0991 - accuracy: 0.2152
2750/3000 [==========================>...] - ETA: 0s - loss: 2.0928 - accuracy: 0.2247
3000/3000 [==============================] - 1s 255us/step - loss: 2.0871 - accuracy: 0.2267 - val_loss: 2.6546 - val_accuracy: 0.1080
Epoch 3/5

 250/3000 [=>............................] - ETA: 0s - loss: 2.0529 - accuracy: 0.2760
 500/3000 [====>.........................] - ETA: 0s - loss: 2.0328 - accuracy: 0.2580
 750/3000 [======>.......................] - ETA: 0s - loss: 2.0290 - accuracy: 0.2587
1000/3000 [=========>....................] - ETA: 0s - loss: 2.0137 - accuracy: 0.2490
1250/3000 [===========>..................] - ETA: 0s - loss: 2.0052 - accuracy: 0.2576
1500/3000 [==============>...............] - ETA: 0s - loss: 2.0037 - accuracy: 0.2567
1750/3000 [================>.............] - ETA: 0s - loss: 2.0017 - accuracy: 0.2629
2000/3000 [===================>..........] - ETA: 0s - loss: 2.0027 - accuracy: 0.2645
2250/3000 [=====================>........] - ETA: 0s - loss: 1.9977 - accuracy: 0.2667
2500/3000 [========================>.....] - ETA: 0s - loss: 2.0080 - accuracy: 0.2652
2750/3000 [==========================>...] - ETA: 0s - loss: 2.0007 - accuracy: 0.2655
3000/3000 [==============================] - 1s 258us/step - loss: 1.9962 - accuracy: 0.2630 - val_loss: 2.7225 - val_accuracy: 0.0973
Epoch 4/5

 250/3000 [=>............................] - ETA: 0s - loss: 1.9691 - accuracy: 0.2480
 500/3000 [====>.........................] - ETA: 0s - loss: 1.9612 - accuracy: 0.2560
 750/3000 [======>.......................] - ETA: 0s - loss: 1.9557 - accuracy: 0.2640
1000/3000 [=========>....................] - ETA: 0s - loss: 1.9447 - accuracy: 0.2730
1250/3000 [===========>..................] - ETA: 0s - loss: 1.9558 - accuracy: 0.2760
1500/3000 [==============>...............] - ETA: 0s - loss: 1.9425 - accuracy: 0.2807
1750/3000 [================>.............] - ETA: 0s - loss: 1.9494 - accuracy: 0.2743
2000/3000 [===================>..........] - ETA: 0s - loss: 1.9452 - accuracy: 0.2800
2250/3000 [=====================>........] - ETA: 0s - loss: 1.9423 - accuracy: 0.2800
2500/3000 [========================>.....] - ETA: 0s - loss: 1.9338 - accuracy: 0.2864
2750/3000 [==========================>...] - ETA: 0s - loss: 1.9351 - accuracy: 0.2880
3000/3000 [==============================] - 1s 259us/step - loss: 1.9260 - accuracy: 0.2930 - val_loss: 2.7538 - val_accuracy: 0.0920
Epoch 5/5

 250/3000 [=>............................] - ETA: 0s - loss: 1.8695 - accuracy: 0.3200
 500/3000 [====>.........................] - ETA: 0s - loss: 1.8687 - accuracy: 0.3540
 750/3000 [======>.......................] - ETA: 0s - loss: 1.8556 - accuracy: 0.3533
1000/3000 [=========>....................] - ETA: 0s - loss: 1.8730 - accuracy: 0.3400
1250/3000 [===========>..................] - ETA: 0s - loss: 1.8850 - accuracy: 0.3304
1500/3000 [==============>...............] - ETA: 0s - loss: 1.8735 - accuracy: 0.3313
1750/3000 [================>.............] - ETA: 0s - loss: 1.8927 - accuracy: 0.3240
2000/3000 [===================>..........] - ETA: 0s - loss: 1.8778 - accuracy: 0.3270
2250/3000 [=====================>........] - ETA: 0s - loss: 1.8585 - accuracy: 0.3360
2500/3000 [========================>.....] - ETA: 0s - loss: 1.8471 - accuracy: 0.3408
2750/3000 [==========================>...] - ETA: 0s - loss: 1.8438 - accuracy: 0.3407
3000/3000 [==============================] - 1s 259us/step - loss: 1.8334 - accuracy: 0.3447 - val_loss: 2.8714 - val_accuracy: 0.0973
Latency --- 4.187185049057007 seconds ---
Trained with vanilla non-private SGD optimizer
Saving model with new accuracy, previous accuracy was 0.33399999141693115 and present is 0.34466665983200073
Saved model to disk
=====================Iteration========================== 3
For delta=0.000200, the current epsilon is: 0.1520
Noise Mutiplier 30
in grads Tensor("loss_2/mul:0", shape=(), dtype=float32)
Train on 3000 samples, validate on 750 samples
Epoch 1/5

 250/3000 [=>............................] - ETA: 1s - loss: 2.3043 - accuracy: 0.1200
 500/3000 [====>.........................] - ETA: 0s - loss: 2.3061 - accuracy: 0.1140
 750/3000 [======>.......................] - ETA: 0s - loss: 2.3012 - accuracy: 0.1080
1000/3000 [=========>....................] - ETA: 0s - loss: 2.2980 - accuracy: 0.1160
1250/3000 [===========>..................] - ETA: 0s - loss: 2.2945 - accuracy: 0.1248
1500/3000 [==============>...............] - ETA: 0s - loss: 2.2914 - accuracy: 0.1367
1750/3000 [================>.............] - ETA: 0s - loss: 2.2851 - accuracy: 0.1474
2000/3000 [===================>..........] - ETA: 0s - loss: 2.2811 - accuracy: 0.1460
2250/3000 [=====================>........] - ETA: 0s - loss: 2.2757 - accuracy: 0.1449
2500/3000 [========================>.....] - ETA: 0s - loss: 2.2688 - accuracy: 0.1456
2750/3000 [==========================>...] - ETA: 0s - loss: 2.2646 - accuracy: 0.1458
3000/3000 [==============================] - 1s 282us/step - loss: 2.2591 - accuracy: 0.1497 - val_loss: 2.3561 - val_accuracy: 0.1013
Epoch 2/5

 250/3000 [=>............................] - ETA: 0s - loss: 2.1765 - accuracy: 0.2200
 500/3000 [====>.........................] - ETA: 0s - loss: 2.1528 - accuracy: 0.2220
 750/3000 [======>.......................] - ETA: 0s - loss: 2.1572 - accuracy: 0.2027
1000/3000 [=========>....................] - ETA: 0s - loss: 2.1423 - accuracy: 0.1960
1250/3000 [===========>..................] - ETA: 0s - loss: 2.1520 - accuracy: 0.1904
1500/3000 [==============>...............] - ETA: 0s - loss: 2.1383 - accuracy: 0.1987
1750/3000 [================>.............] - ETA: 0s - loss: 2.1256 - accuracy: 0.2069
2000/3000 [===================>..........] - ETA: 0s - loss: 2.1152 - accuracy: 0.2060
2250/3000 [=====================>........] - ETA: 0s - loss: 2.1097 - accuracy: 0.2058
2500/3000 [========================>.....] - ETA: 0s - loss: 2.1094 - accuracy: 0.2060
2750/3000 [==========================>...] - ETA: 0s - loss: 2.1065 - accuracy: 0.2102
3000/3000 [==============================] - 1s 259us/step - loss: 2.1042 - accuracy: 0.2123 - val_loss: 2.5824 - val_accuracy: 0.0987
Epoch 3/5

 250/3000 [=>............................] - ETA: 0s - loss: 1.9892 - accuracy: 0.2560
 500/3000 [====>.........................] - ETA: 0s - loss: 1.9747 - accuracy: 0.2760
 750/3000 [======>.......................] - ETA: 0s - loss: 1.9851 - accuracy: 0.2733
1000/3000 [=========>....................] - ETA: 0s - loss: 1.9698 - accuracy: 0.2860
1250/3000 [===========>..................] - ETA: 0s - loss: 1.9609 - accuracy: 0.2880
1500/3000 [==============>...............] - ETA: 0s - loss: 1.9743 - accuracy: 0.2827
1750/3000 [================>.............] - ETA: 0s - loss: 1.9744 - accuracy: 0.2829
2000/3000 [===================>..........] - ETA: 0s - loss: 1.9770 - accuracy: 0.2815
2250/3000 [=====================>........] - ETA: 0s - loss: 1.9823 - accuracy: 0.2773
2500/3000 [========================>.....] - ETA: 0s - loss: 1.9779 - accuracy: 0.2756
2750/3000 [==========================>...] - ETA: 0s - loss: 1.9694 - accuracy: 0.2789
3000/3000 [==============================] - 1s 265us/step - loss: 1.9702 - accuracy: 0.2800 - val_loss: 2.8148 - val_accuracy: 0.0933
Epoch 4/5

 250/3000 [=>............................] - ETA: 0s - loss: 1.8757 - accuracy: 0.3120
 500/3000 [====>.........................] - ETA: 0s - loss: 1.8784 - accuracy: 0.3160
 750/3000 [======>.......................] - ETA: 0s - loss: 1.8631 - accuracy: 0.3333
1000/3000 [=========>....................] - ETA: 0s - loss: 1.8705 - accuracy: 0.3220
1250/3000 [===========>..................] - ETA: 0s - loss: 1.8736 - accuracy: 0.3232
1500/3000 [==============>...............] - ETA: 0s - loss: 1.8656 - accuracy: 0.3260
1750/3000 [================>.............] - ETA: 0s - loss: 1.8625 - accuracy: 0.3251
2000/3000 [===================>..........] - ETA: 0s - loss: 1.8642 - accuracy: 0.3275
2250/3000 [=====================>........] - ETA: 0s - loss: 1.8607 - accuracy: 0.3293
2500/3000 [========================>.....] - ETA: 0s - loss: 1.8625 - accuracy: 0.3268
2750/3000 [==========================>...] - ETA: 0s - loss: 1.8652 - accuracy: 0.3269
3000/3000 [==============================] - 1s 257us/step - loss: 1.8654 - accuracy: 0.3280 - val_loss: 2.9681 - val_accuracy: 0.0880
Epoch 5/5

 250/3000 [=>............................] - ETA: 0s - loss: 1.7710 - accuracy: 0.3480
 500/3000 [====>.........................] - ETA: 0s - loss: 1.7569 - accuracy: 0.3660
 750/3000 [======>.......................] - ETA: 0s - loss: 1.7833 - accuracy: 0.3493
1000/3000 [=========>....................] - ETA: 0s - loss: 1.7790 - accuracy: 0.3540
1250/3000 [===========>..................] - ETA: 0s - loss: 1.7827 - accuracy: 0.3456
1500/3000 [==============>...............] - ETA: 0s - loss: 1.7913 - accuracy: 0.3420
1750/3000 [================>.............] - ETA: 0s - loss: 1.7904 - accuracy: 0.3400
2000/3000 [===================>..........] - ETA: 0s - loss: 1.8041 - accuracy: 0.3350
2250/3000 [=====================>........] - ETA: 0s - loss: 1.8013 - accuracy: 0.3364
2500/3000 [========================>.....] - ETA: 0s - loss: 1.7986 - accuracy: 0.3396
2750/3000 [==========================>...] - ETA: 0s - loss: 1.8024 - accuracy: 0.3400
3000/3000 [==============================] - 1s 259us/step - loss: 1.7943 - accuracy: 0.3450 - val_loss: 3.0543 - val_accuracy: 0.1040
Latency --- 4.272613763809204 seconds ---
Trained with vanilla non-private SGD optimizer
Saving model with new accuracy, previous accuracy was 0.34466665983200073 and present is 0.3449999988079071
Saved model to disk
=====================Iteration========================== 4
For delta=0.000200, the current epsilon is: 0.1520
Noise Mutiplier 30
in grads Tensor("loss_3/mul:0", shape=(), dtype=float32)
Train on 3000 samples, validate on 750 samples
Epoch 1/5

 250/3000 [=>............................] - ETA: 1s - loss: 2.2978 - accuracy: 0.1120
 500/3000 [====>.........................] - ETA: 0s - loss: 2.3046 - accuracy: 0.1080
 750/3000 [======>.......................] - ETA: 0s - loss: 2.3040 - accuracy: 0.1253
1000/3000 [=========>....................] - ETA: 0s - loss: 2.2957 - accuracy: 0.1300
1250/3000 [===========>..................] - ETA: 0s - loss: 2.2949 - accuracy: 0.1216
1500/3000 [==============>...............] - ETA: 0s - loss: 2.2918 - accuracy: 0.1220
1750/3000 [================>.............] - ETA: 0s - loss: 2.2865 - accuracy: 0.1309
2000/3000 [===================>..........] - ETA: 0s - loss: 2.2809 - accuracy: 0.1350
2250/3000 [=====================>........] - ETA: 0s - loss: 2.2769 - accuracy: 0.1333
2500/3000 [========================>.....] - ETA: 0s - loss: 2.2734 - accuracy: 0.1376
2750/3000 [==========================>...] - ETA: 0s - loss: 2.2676 - accuracy: 0.1418
3000/3000 [==============================] - 1s 285us/step - loss: 2.2632 - accuracy: 0.1450 - val_loss: 2.3621 - val_accuracy: 0.0907
Epoch 2/5

 250/3000 [=>............................] - ETA: 0s - loss: 2.1581 - accuracy: 0.2320
 500/3000 [====>.........................] - ETA: 0s - loss: 2.1636 - accuracy: 0.1940
 750/3000 [======>.......................] - ETA: 0s - loss: 2.1594 - accuracy: 0.1867
1000/3000 [=========>....................] - ETA: 0s - loss: 2.1525 - accuracy: 0.1950
1250/3000 [===========>..................] - ETA: 0s - loss: 2.1577 - accuracy: 0.1904
1500/3000 [==============>...............] - ETA: 0s - loss: 2.1415 - accuracy: 0.2033
1750/3000 [================>.............] - ETA: 0s - loss: 2.1352 - accuracy: 0.2046
2000/3000 [===================>..........] - ETA: 0s - loss: 2.1334 - accuracy: 0.2040
2250/3000 [=====================>........] - ETA: 0s - loss: 2.1260 - accuracy: 0.2062
2500/3000 [========================>.....] - ETA: 0s - loss: 2.1224 - accuracy: 0.2080
2750/3000 [==========================>...] - ETA: 0s - loss: 2.1229 - accuracy: 0.2095
3000/3000 [==============================] - 1s 256us/step - loss: 2.1153 - accuracy: 0.2097 - val_loss: 2.6391 - val_accuracy: 0.0880
Epoch 3/5

 250/3000 [=>............................] - ETA: 0s - loss: 2.0077 - accuracy: 0.2760
 500/3000 [====>.........................] - ETA: 0s - loss: 2.0025 - accuracy: 0.2880
 750/3000 [======>.......................] - ETA: 0s - loss: 1.9926 - accuracy: 0.2760
1000/3000 [=========>....................] - ETA: 0s - loss: 2.0038 - accuracy: 0.2670
1250/3000 [===========>..................] - ETA: 0s - loss: 1.9969 - accuracy: 0.2712
1500/3000 [==============>...............] - ETA: 0s - loss: 1.9986 - accuracy: 0.2687
1750/3000 [================>.............] - ETA: 0s - loss: 1.9963 - accuracy: 0.2640
2000/3000 [===================>..........] - ETA: 0s - loss: 1.9909 - accuracy: 0.2655
2250/3000 [=====================>........] - ETA: 0s - loss: 1.9924 - accuracy: 0.2662
2500/3000 [========================>.....] - ETA: 0s - loss: 1.9817 - accuracy: 0.2732
2750/3000 [==========================>...] - ETA: 0s - loss: 1.9772 - accuracy: 0.2760
3000/3000 [==============================] - 1s 260us/step - loss: 1.9717 - accuracy: 0.2777 - val_loss: 2.8641 - val_accuracy: 0.0947
Epoch 4/5

 250/3000 [=>............................] - ETA: 0s - loss: 1.8925 - accuracy: 0.3280
 500/3000 [====>.........................] - ETA: 0s - loss: 1.8787 - accuracy: 0.3460
 750/3000 [======>.......................] - ETA: 0s - loss: 1.8921 - accuracy: 0.3160
1000/3000 [=========>....................] - ETA: 0s - loss: 1.8810 - accuracy: 0.3150
1250/3000 [===========>..................] - ETA: 0s - loss: 1.8768 - accuracy: 0.3200
1500/3000 [==============>...............] - ETA: 0s - loss: 1.8681 - accuracy: 0.3280
1750/3000 [================>.............] - ETA: 0s - loss: 1.8632 - accuracy: 0.3303
2000/3000 [===================>..........] - ETA: 0s - loss: 1.8740 - accuracy: 0.3275
2250/3000 [=====================>........] - ETA: 0s - loss: 1.8627 - accuracy: 0.3276
2500/3000 [========================>.....] - ETA: 0s - loss: 1.8775 - accuracy: 0.3268
2750/3000 [==========================>...] - ETA: 0s - loss: 1.8759 - accuracy: 0.3258
3000/3000 [==============================] - 1s 258us/step - loss: 1.8753 - accuracy: 0.3253 - val_loss: 2.9545 - val_accuracy: 0.0987
Epoch 5/5

 250/3000 [=>............................] - ETA: 0s - loss: 1.9208 - accuracy: 0.2840
 500/3000 [====>.........................] - ETA: 0s - loss: 1.8850 - accuracy: 0.3120
 750/3000 [======>.......................] - ETA: 0s - loss: 1.8558 - accuracy: 0.3133
1000/3000 [=========>....................] - ETA: 0s - loss: 1.8655 - accuracy: 0.3140
1250/3000 [===========>..................] - ETA: 0s - loss: 1.8408 - accuracy: 0.3200
1500/3000 [==============>...............] - ETA: 0s - loss: 1.8285 - accuracy: 0.3267
1750/3000 [================>.............] - ETA: 0s - loss: 1.8435 - accuracy: 0.3246
2000/3000 [===================>..........] - ETA: 0s - loss: 1.8257 - accuracy: 0.3290
2250/3000 [=====================>........] - ETA: 0s - loss: 1.8243 - accuracy: 0.3338
2500/3000 [========================>.....] - ETA: 0s - loss: 1.8116 - accuracy: 0.3388
2750/3000 [==========================>...] - ETA: 0s - loss: 1.8165 - accuracy: 0.3375
3000/3000 [==============================] - 1s 260us/step - loss: 1.8063 - accuracy: 0.3383 - val_loss: 2.9395 - val_accuracy: 0.0960
Latency --- 4.30952000617981 seconds ---
Trained with vanilla non-private SGD optimizer
=====================Iteration========================== 5
For delta=0.000200, the current epsilon is: 0.1520
Noise Mutiplier 30
in grads Tensor("loss_4/mul:0", shape=(), dtype=float32)
Train on 3000 samples, validate on 750 samples
Epoch 1/5

 250/3000 [=>............................] - ETA: 1s - loss: 2.3105 - accuracy: 0.1000
 500/3000 [====>.........................] - ETA: 0s - loss: 2.2985 - accuracy: 0.1100
 750/3000 [======>.......................] - ETA: 0s - loss: 2.3079 - accuracy: 0.1027
1000/3000 [=========>....................] - ETA: 0s - loss: 2.3032 - accuracy: 0.1090
1250/3000 [===========>..................] - ETA: 0s - loss: 2.3008 - accuracy: 0.1136
1500/3000 [==============>...............] - ETA: 0s - loss: 2.2979 - accuracy: 0.1187
1750/3000 [================>.............] - ETA: 0s - loss: 2.2957 - accuracy: 0.1286
2000/3000 [===================>..........] - ETA: 0s - loss: 2.2933 - accuracy: 0.1340
2250/3000 [=====================>........] - ETA: 0s - loss: 2.2916 - accuracy: 0.1347
2500/3000 [========================>.....] - ETA: 0s - loss: 2.2885 - accuracy: 0.1364
2750/3000 [==========================>...] - ETA: 0s - loss: 2.2857 - accuracy: 0.1422
3000/3000 [==============================] - 1s 286us/step - loss: 2.2826 - accuracy: 0.1480 - val_loss: 2.3262 - val_accuracy: 0.0987
Epoch 2/5

 250/3000 [=>............................] - ETA: 0s - loss: 2.2295 - accuracy: 0.1960
 500/3000 [====>.........................] - ETA: 0s - loss: 2.2173 - accuracy: 0.2140
 750/3000 [======>.......................] - ETA: 0s - loss: 2.2072 - accuracy: 0.2200
1000/3000 [=========>....................] - ETA: 0s - loss: 2.1957 - accuracy: 0.2260
1250/3000 [===========>..................] - ETA: 0s - loss: 2.1835 - accuracy: 0.2408
1500/3000 [==============>...............] - ETA: 0s - loss: 2.1659 - accuracy: 0.2333
1750/3000 [================>.............] - ETA: 0s - loss: 2.1542 - accuracy: 0.2251
2000/3000 [===================>..........] - ETA: 0s - loss: 2.1406 - accuracy: 0.2265
2250/3000 [=====================>........] - ETA: 0s - loss: 2.1287 - accuracy: 0.2298
2500/3000 [========================>.....] - ETA: 0s - loss: 2.1173 - accuracy: 0.2344
2750/3000 [==========================>...] - ETA: 0s - loss: 2.1042 - accuracy: 0.2389
3000/3000 [==============================] - 1s 257us/step - loss: 2.0997 - accuracy: 0.2387 - val_loss: 2.6228 - val_accuracy: 0.0920
Epoch 3/5

 250/3000 [=>............................] - ETA: 0s - loss: 1.9851 - accuracy: 0.2840
 500/3000 [====>.........................] - ETA: 0s - loss: 1.9761 - accuracy: 0.2820
 750/3000 [======>.......................] - ETA: 0s - loss: 1.9813 - accuracy: 0.2600
1000/3000 [=========>....................] - ETA: 0s - loss: 1.9735 - accuracy: 0.2660
1250/3000 [===========>..................] - ETA: 0s - loss: 1.9831 - accuracy: 0.2656
1500/3000 [==============>...............] - ETA: 0s - loss: 1.9623 - accuracy: 0.2727
1750/3000 [================>.............] - ETA: 0s - loss: 1.9550 - accuracy: 0.2811
2000/3000 [===================>..........] - ETA: 0s - loss: 1.9473 - accuracy: 0.2820
2250/3000 [=====================>........] - ETA: 0s - loss: 1.9418 - accuracy: 0.2809
2500/3000 [========================>.....] - ETA: 0s - loss: 1.9338 - accuracy: 0.2840
2750/3000 [==========================>...] - ETA: 0s - loss: 1.9360 - accuracy: 0.2847
3000/3000 [==============================] - 1s 257us/step - loss: 1.9266 - accuracy: 0.2880 - val_loss: 2.9032 - val_accuracy: 0.0733
Epoch 4/5

 250/3000 [=>............................] - ETA: 0s - loss: 1.9062 - accuracy: 0.3160
 500/3000 [====>.........................] - ETA: 0s - loss: 1.9137 - accuracy: 0.3260
 750/3000 [======>.......................] - ETA: 0s - loss: 1.8924 - accuracy: 0.3200
1000/3000 [=========>....................] - ETA: 0s - loss: 1.8800 - accuracy: 0.3160
1250/3000 [===========>..................] - ETA: 0s - loss: 1.8756 - accuracy: 0.3192
1500/3000 [==============>...............] - ETA: 0s - loss: 1.8636 - accuracy: 0.3267
1750/3000 [================>.............] - ETA: 0s - loss: 1.8549 - accuracy: 0.3297
2000/3000 [===================>..........] - ETA: 0s - loss: 1.8594 - accuracy: 0.3285
2250/3000 [=====================>........] - ETA: 0s - loss: 1.8531 - accuracy: 0.3284
2500/3000 [========================>.....] - ETA: 0s - loss: 1.8408 - accuracy: 0.3332
2750/3000 [==========================>...] - ETA: 0s - loss: 1.8359 - accuracy: 0.3331
3000/3000 [==============================] - 1s 259us/step - loss: 1.8325 - accuracy: 0.3367 - val_loss: 2.9751 - val_accuracy: 0.0773
Epoch 5/5

 250/3000 [=>............................] - ETA: 0s - loss: 1.7656 - accuracy: 0.3480
 500/3000 [====>.........................] - ETA: 0s - loss: 1.8137 - accuracy: 0.3340
 750/3000 [======>.......................] - ETA: 0s - loss: 1.8271 - accuracy: 0.3400
1000/3000 [=========>....................] - ETA: 0s - loss: 1.8058 - accuracy: 0.3510
1250/3000 [===========>..................] - ETA: 0s - loss: 1.8062 - accuracy: 0.3560
1500/3000 [==============>...............] - ETA: 0s - loss: 1.7889 - accuracy: 0.3560
1750/3000 [================>.............] - ETA: 0s - loss: 1.7841 - accuracy: 0.3589
2000/3000 [===================>..........] - ETA: 0s - loss: 1.7704 - accuracy: 0.3645
2250/3000 [=====================>........] - ETA: 0s - loss: 1.7714 - accuracy: 0.3618
2500/3000 [========================>.....] - ETA: 0s - loss: 1.7708 - accuracy: 0.3592
2750/3000 [==========================>...] - ETA: 0s - loss: 1.7663 - accuracy: 0.3549
3000/3000 [==============================] - 1s 259us/step - loss: 1.7662 - accuracy: 0.3553 - val_loss: 3.1095 - val_accuracy: 0.0933
Latency --- 4.348212480545044 seconds ---
Trained with vanilla non-private SGD optimizer
Saving model with new accuracy, previous accuracy was 0.3449999988079071 and present is 0.3553333282470703
Saved model to disk
=====================Iteration========================== 6
For delta=0.000200, the current epsilon is: 0.1520
Noise Mutiplier 30
in grads Tensor("loss_5/mul:0", shape=(), dtype=float32)
Train on 3000 samples, validate on 750 samples
Epoch 1/5

 250/3000 [=>............................] - ETA: 1s - loss: 2.3014 - accuracy: 0.1320
 500/3000 [====>.........................] - ETA: 0s - loss: 2.3031 - accuracy: 0.1100
 750/3000 [======>.......................] - ETA: 0s - loss: 2.2983 - accuracy: 0.1147
1000/3000 [=========>....................] - ETA: 0s - loss: 2.2992 - accuracy: 0.1170
1250/3000 [===========>..................] - ETA: 0s - loss: 2.2983 - accuracy: 0.1168
1500/3000 [==============>...............] - ETA: 0s - loss: 2.2963 - accuracy: 0.1120
1750/3000 [================>.............] - ETA: 0s - loss: 2.2931 - accuracy: 0.1131
2000/3000 [===================>..........] - ETA: 0s - loss: 2.2887 - accuracy: 0.1180
2250/3000 [=====================>........] - ETA: 0s - loss: 2.2845 - accuracy: 0.1191
2500/3000 [========================>.....] - ETA: 0s - loss: 2.2807 - accuracy: 0.1220
2750/3000 [==========================>...] - ETA: 0s - loss: 2.2769 - accuracy: 0.1265
3000/3000 [==============================] - 1s 292us/step - loss: 2.2717 - accuracy: 0.1347 - val_loss: 2.3404 - val_accuracy: 0.0853
Epoch 2/5

 250/3000 [=>............................] - ETA: 0s - loss: 2.2003 - accuracy: 0.2200
 500/3000 [====>.........................] - ETA: 0s - loss: 2.2007 - accuracy: 0.1840
 750/3000 [======>.......................] - ETA: 0s - loss: 2.1883 - accuracy: 0.1787
1000/3000 [=========>....................] - ETA: 0s - loss: 2.1746 - accuracy: 0.1740
1250/3000 [===========>..................] - ETA: 0s - loss: 2.1690 - accuracy: 0.1768
1500/3000 [==============>...............] - ETA: 0s - loss: 2.1599 - accuracy: 0.1847
1750/3000 [================>.............] - ETA: 0s - loss: 2.1514 - accuracy: 0.1829
2000/3000 [===================>..........] - ETA: 0s - loss: 2.1459 - accuracy: 0.1885
2250/3000 [=====================>........] - ETA: 0s - loss: 2.1343 - accuracy: 0.1987
2500/3000 [========================>.....] - ETA: 0s - loss: 2.1278 - accuracy: 0.2024
2750/3000 [==========================>...] - ETA: 0s - loss: 2.1226 - accuracy: 0.2018
3000/3000 [==============================] - 1s 259us/step - loss: 2.1244 - accuracy: 0.2020 - val_loss: 2.6104 - val_accuracy: 0.1040
Epoch 3/5

 250/3000 [=>............................] - ETA: 0s - loss: 2.0387 - accuracy: 0.2760
 500/3000 [====>.........................] - ETA: 0s - loss: 2.0133 - accuracy: 0.2420
 750/3000 [======>.......................] - ETA: 0s - loss: 2.0050 - accuracy: 0.2560
1000/3000 [=========>....................] - ETA: 0s - loss: 2.0099 - accuracy: 0.2450
1250/3000 [===========>..................] - ETA: 0s - loss: 2.0173 - accuracy: 0.2432
1500/3000 [==============>...............] - ETA: 0s - loss: 2.0118 - accuracy: 0.2493
1750/3000 [================>.............] - ETA: 0s - loss: 2.0067 - accuracy: 0.2566
2000/3000 [===================>..........] - ETA: 0s - loss: 2.0013 - accuracy: 0.2595
2250/3000 [=====================>........] - ETA: 0s - loss: 1.9911 - accuracy: 0.2658
2500/3000 [========================>.....] - ETA: 0s - loss: 1.9901 - accuracy: 0.2660
2750/3000 [==========================>...] - ETA: 0s - loss: 1.9847 - accuracy: 0.2676
3000/3000 [==============================] - 1s 262us/step - loss: 1.9783 - accuracy: 0.2707 - val_loss: 2.7634 - val_accuracy: 0.0933
Epoch 4/5

 250/3000 [=>............................] - ETA: 0s - loss: 1.8929 - accuracy: 0.3440
 500/3000 [====>.........................] - ETA: 0s - loss: 1.8886 - accuracy: 0.3200
 750/3000 [======>.......................] - ETA: 0s - loss: 1.8906 - accuracy: 0.3187
1000/3000 [=========>....................] - ETA: 0s - loss: 1.8888 - accuracy: 0.3110
1250/3000 [===========>..................] - ETA: 0s - loss: 1.8939 - accuracy: 0.3120
1500/3000 [==============>...............] - ETA: 0s - loss: 1.8857 - accuracy: 0.3133
1750/3000 [================>.............] - ETA: 0s - loss: 1.8731 - accuracy: 0.3211
2000/3000 [===================>..........] - ETA: 0s - loss: 1.8760 - accuracy: 0.3210
2250/3000 [=====================>........] - ETA: 0s - loss: 1.8685 - accuracy: 0.3244
2500/3000 [========================>.....] - ETA: 0s - loss: 1.8761 - accuracy: 0.3256
2750/3000 [==========================>...] - ETA: 0s - loss: 1.8642 - accuracy: 0.3280
3000/3000 [==============================] - 1s 258us/step - loss: 1.8609 - accuracy: 0.3273 - val_loss: 2.9143 - val_accuracy: 0.0973
Epoch 5/5

 250/3000 [=>............................] - ETA: 0s - loss: 1.8238 - accuracy: 0.3280
 500/3000 [====>.........................] - ETA: 0s - loss: 1.8099 - accuracy: 0.3400
 750/3000 [======>.......................] - ETA: 0s - loss: 1.7950 - accuracy: 0.3427
1000/3000 [=========>....................] - ETA: 0s - loss: 1.8164 - accuracy: 0.3390
1250/3000 [===========>..................] - ETA: 0s - loss: 1.7990 - accuracy: 0.3472
1500/3000 [==============>...............] - ETA: 0s - loss: 1.7947 - accuracy: 0.3520
1750/3000 [================>.............] - ETA: 0s - loss: 1.7997 - accuracy: 0.3514
2000/3000 [===================>..........] - ETA: 0s - loss: 1.7986 - accuracy: 0.3495
2250/3000 [=====================>........] - ETA: 0s - loss: 1.8003 - accuracy: 0.3431
2500/3000 [========================>.....] - ETA: 0s - loss: 1.7983 - accuracy: 0.3472
2750/3000 [==========================>...] - ETA: 0s - loss: 1.7885 - accuracy: 0.3487
3000/3000 [==============================] - 1s 259us/step - loss: 1.7816 - accuracy: 0.3497 - val_loss: 3.0873 - val_accuracy: 0.1053
Latency --- 4.433304071426392 seconds ---
Trained with vanilla non-private SGD optimizer
=====================Iteration========================== 7
For delta=0.000200, the current epsilon is: 0.1520
Noise Mutiplier 30
in grads Tensor("loss_6/mul:0", shape=(), dtype=float32)
Train on 3000 samples, validate on 750 samples
Epoch 1/5

 250/3000 [=>............................] - ETA: 1s - loss: 2.3130 - accuracy: 0.1200
 500/3000 [====>.........................] - ETA: 0s - loss: 2.3074 - accuracy: 0.1240
 750/3000 [======>.......................] - ETA: 0s - loss: 2.3051 - accuracy: 0.1133
1000/3000 [=========>....................] - ETA: 0s - loss: 2.2991 - accuracy: 0.1140
1250/3000 [===========>..................] - ETA: 0s - loss: 2.2966 - accuracy: 0.1216
1500/3000 [==============>...............] - ETA: 0s - loss: 2.2935 - accuracy: 0.1333
1750/3000 [================>.............] - ETA: 0s - loss: 2.2921 - accuracy: 0.1389
2000/3000 [===================>..........] - ETA: 0s - loss: 2.2903 - accuracy: 0.1375
2250/3000 [=====================>........] - ETA: 0s - loss: 2.2853 - accuracy: 0.1462
2500/3000 [========================>.....] - ETA: 0s - loss: 2.2817 - accuracy: 0.1520
2750/3000 [==========================>...] - ETA: 0s - loss: 2.2777 - accuracy: 0.1516
3000/3000 [==============================] - 1s 290us/step - loss: 2.2749 - accuracy: 0.1547 - val_loss: 2.3408 - val_accuracy: 0.0960
Epoch 2/5

 250/3000 [=>............................] - ETA: 0s - loss: 2.2068 - accuracy: 0.2320
 500/3000 [====>.........................] - ETA: 0s - loss: 2.1976 - accuracy: 0.2200
 750/3000 [======>.......................] - ETA: 0s - loss: 2.1867 - accuracy: 0.2320
1000/3000 [=========>....................] - ETA: 0s - loss: 2.1774 - accuracy: 0.2210
1250/3000 [===========>..................] - ETA: 0s - loss: 2.1715 - accuracy: 0.2176
1500/3000 [==============>...............] - ETA: 0s - loss: 2.1558 - accuracy: 0.2267
1750/3000 [================>.............] - ETA: 0s - loss: 2.1495 - accuracy: 0.2189
2000/3000 [===================>..........] - ETA: 0s - loss: 2.1422 - accuracy: 0.2225
2250/3000 [=====================>........] - ETA: 0s - loss: 2.1335 - accuracy: 0.2249
2500/3000 [========================>.....] - ETA: 0s - loss: 2.1263 - accuracy: 0.2280
2750/3000 [==========================>...] - ETA: 0s - loss: 2.1161 - accuracy: 0.2349
3000/3000 [==============================] - 1s 261us/step - loss: 2.1073 - accuracy: 0.2353 - val_loss: 2.6625 - val_accuracy: 0.0947
Epoch 3/5

 250/3000 [=>............................] - ETA: 0s - loss: 1.9788 - accuracy: 0.2440
 500/3000 [====>.........................] - ETA: 0s - loss: 1.9784 - accuracy: 0.2660
 750/3000 [======>.......................] - ETA: 0s - loss: 1.9667 - accuracy: 0.2813
1000/3000 [=========>....................] - ETA: 0s - loss: 1.9698 - accuracy: 0.2860
1250/3000 [===========>..................] - ETA: 0s - loss: 1.9724 - accuracy: 0.2792
1500/3000 [==============>...............] - ETA: 0s - loss: 1.9781 - accuracy: 0.2733
1750/3000 [================>.............] - ETA: 0s - loss: 1.9669 - accuracy: 0.2760
2000/3000 [===================>..........] - ETA: 0s - loss: 1.9684 - accuracy: 0.2785
2250/3000 [=====================>........] - ETA: 0s - loss: 1.9704 - accuracy: 0.2813
2500/3000 [========================>.....] - ETA: 0s - loss: 1.9672 - accuracy: 0.2812
2750/3000 [==========================>...] - ETA: 0s - loss: 1.9711 - accuracy: 0.2815
3000/3000 [==============================] - 1s 258us/step - loss: 1.9722 - accuracy: 0.2823 - val_loss: 2.8545 - val_accuracy: 0.0947
Epoch 4/5

 250/3000 [=>............................] - ETA: 0s - loss: 1.9009 - accuracy: 0.3080
 500/3000 [====>.........................] - ETA: 0s - loss: 1.8911 - accuracy: 0.3180
 750/3000 [======>.......................] - ETA: 0s - loss: 1.8888 - accuracy: 0.3240
1000/3000 [=========>....................] - ETA: 0s - loss: 1.8631 - accuracy: 0.3350
1250/3000 [===========>..................] - ETA: 0s - loss: 1.8637 - accuracy: 0.3296
1500/3000 [==============>...............] - ETA: 0s - loss: 1.8751 - accuracy: 0.3233
1750/3000 [================>.............] - ETA: 0s - loss: 1.8803 - accuracy: 0.3189
2000/3000 [===================>..........] - ETA: 0s - loss: 1.8842 - accuracy: 0.3150
2250/3000 [=====================>........] - ETA: 0s - loss: 1.8810 - accuracy: 0.3187
2500/3000 [========================>.....] - ETA: 0s - loss: 1.8763 - accuracy: 0.3180
2750/3000 [==========================>...] - ETA: 0s - loss: 1.8694 - accuracy: 0.3204
3000/3000 [==============================] - 1s 260us/step - loss: 1.8655 - accuracy: 0.3243 - val_loss: 2.8846 - val_accuracy: 0.0960
Epoch 5/5

 250/3000 [=>............................] - ETA: 0s - loss: 1.7712 - accuracy: 0.3480
 500/3000 [====>.........................] - ETA: 0s - loss: 1.8250 - accuracy: 0.3280
 750/3000 [======>.......................] - ETA: 0s - loss: 1.8360 - accuracy: 0.3147
1000/3000 [=========>....................] - ETA: 0s - loss: 1.7983 - accuracy: 0.3360
1250/3000 [===========>..................] - ETA: 0s - loss: 1.7935 - accuracy: 0.3408
1500/3000 [==============>...............] - ETA: 0s - loss: 1.7921 - accuracy: 0.3520
1750/3000 [================>.............] - ETA: 0s - loss: 1.7903 - accuracy: 0.3549
2000/3000 [===================>..........] - ETA: 0s - loss: 1.7896 - accuracy: 0.3535
2250/3000 [=====================>........] - ETA: 0s - loss: 1.7866 - accuracy: 0.3547
2500/3000 [========================>.....] - ETA: 0s - loss: 1.7817 - accuracy: 0.3560
2750/3000 [==========================>...] - ETA: 0s - loss: 1.7811 - accuracy: 0.3560
3000/3000 [==============================] - 1s 261us/step - loss: 1.7794 - accuracy: 0.3547 - val_loss: 3.1525 - val_accuracy: 0.0920
Latency --- 4.492964506149292 seconds ---
Trained with vanilla non-private SGD optimizer
=====================Iteration========================== 8
For delta=0.000200, the current epsilon is: 0.1520
Noise Mutiplier 30
in grads Tensor("loss_7/mul:0", shape=(), dtype=float32)
Train on 3000 samples, validate on 750 samples
Epoch 1/5

 250/3000 [=>............................] - ETA: 1s - loss: 2.3076 - accuracy: 0.0800
 500/3000 [====>.........................] - ETA: 0s - loss: 2.3060 - accuracy: 0.1060
 750/3000 [======>.......................] - ETA: 0s - loss: 2.3034 - accuracy: 0.1320
1000/3000 [=========>....................] - ETA: 0s - loss: 2.2995 - accuracy: 0.1430
1250/3000 [===========>..................] - ETA: 0s - loss: 2.2960 - accuracy: 0.1560
1500/3000 [==============>...............] - ETA: 0s - loss: 2.2936 - accuracy: 0.1553
1750/3000 [================>.............] - ETA: 0s - loss: 2.2878 - accuracy: 0.1646
2000/3000 [===================>..........] - ETA: 0s - loss: 2.2844 - accuracy: 0.1635
2250/3000 [=====================>........] - ETA: 0s - loss: 2.2796 - accuracy: 0.1684
2500/3000 [========================>.....] - ETA: 0s - loss: 2.2743 - accuracy: 0.1676
2750/3000 [==========================>...] - ETA: 0s - loss: 2.2689 - accuracy: 0.1684
3000/3000 [==============================] - 1s 298us/step - loss: 2.2618 - accuracy: 0.1710 - val_loss: 2.3688 - val_accuracy: 0.0920
Epoch 2/5

 250/3000 [=>............................] - ETA: 0s - loss: 2.1510 - accuracy: 0.2080
 500/3000 [====>.........................] - ETA: 0s - loss: 2.1368 - accuracy: 0.2200
 750/3000 [======>.......................] - ETA: 0s - loss: 2.1355 - accuracy: 0.2053
1000/3000 [=========>....................] - ETA: 0s - loss: 2.1223 - accuracy: 0.2060
1250/3000 [===========>..................] - ETA: 0s - loss: 2.1098 - accuracy: 0.2168
1500/3000 [==============>...............] - ETA: 0s - loss: 2.1112 - accuracy: 0.2067
1750/3000 [================>.............] - ETA: 0s - loss: 2.1001 - accuracy: 0.2103
2000/3000 [===================>..........] - ETA: 0s - loss: 2.0971 - accuracy: 0.2160
2250/3000 [=====================>........] - ETA: 0s - loss: 2.0944 - accuracy: 0.2209
2500/3000 [========================>.....] - ETA: 0s - loss: 2.0868 - accuracy: 0.2212
2750/3000 [==========================>...] - ETA: 0s - loss: 2.0767 - accuracy: 0.2262
3000/3000 [==============================] - 1s 259us/step - loss: 2.0672 - accuracy: 0.2290 - val_loss: 2.7557 - val_accuracy: 0.1080
Epoch 3/5

 250/3000 [=>............................] - ETA: 0s - loss: 1.9990 - accuracy: 0.2320
 500/3000 [====>.........................] - ETA: 0s - loss: 1.9692 - accuracy: 0.2600
 750/3000 [======>.......................] - ETA: 0s - loss: 2.0056 - accuracy: 0.2400
1000/3000 [=========>....................] - ETA: 0s - loss: 2.0001 - accuracy: 0.2670
1250/3000 [===========>..................] - ETA: 0s - loss: 1.9974 - accuracy: 0.2592
1500/3000 [==============>...............] - ETA: 0s - loss: 1.9920 - accuracy: 0.2613
1750/3000 [================>.............] - ETA: 0s - loss: 1.9976 - accuracy: 0.2509
2000/3000 [===================>..........] - ETA: 0s - loss: 1.9847 - accuracy: 0.2630
2250/3000 [=====================>........] - ETA: 0s - loss: 1.9804 - accuracy: 0.2573
2500/3000 [========================>.....] - ETA: 0s - loss: 1.9729 - accuracy: 0.2592
2750/3000 [==========================>...] - ETA: 0s - loss: 1.9611 - accuracy: 0.2676
3000/3000 [==============================] - 1s 258us/step - loss: 1.9547 - accuracy: 0.2690 - val_loss: 2.7834 - val_accuracy: 0.0907
Epoch 4/5

 250/3000 [=>............................] - ETA: 0s - loss: 1.8903 - accuracy: 0.3000
 500/3000 [====>.........................] - ETA: 0s - loss: 1.8909 - accuracy: 0.2820
 750/3000 [======>.......................] - ETA: 0s - loss: 1.8914 - accuracy: 0.2853
1000/3000 [=========>....................] - ETA: 0s - loss: 1.8826 - accuracy: 0.3000
1250/3000 [===========>..................] - ETA: 0s - loss: 1.8723 - accuracy: 0.3088
1500/3000 [==============>...............] - ETA: 0s - loss: 1.8641 - accuracy: 0.3087
1750/3000 [================>.............] - ETA: 0s - loss: 1.8649 - accuracy: 0.3074
2000/3000 [===================>..........] - ETA: 0s - loss: 1.8613 - accuracy: 0.3120
2250/3000 [=====================>........] - ETA: 0s - loss: 1.8619 - accuracy: 0.3156
2500/3000 [========================>.....] - ETA: 0s - loss: 1.8559 - accuracy: 0.3200
2750/3000 [==========================>...] - ETA: 0s - loss: 1.8505 - accuracy: 0.3233
3000/3000 [==============================] - 1s 256us/step - loss: 1.8488 - accuracy: 0.3237 - val_loss: 3.0004 - val_accuracy: 0.0907
Epoch 5/5

 250/3000 [=>............................] - ETA: 0s - loss: 1.7565 - accuracy: 0.3320
 500/3000 [====>.........................] - ETA: 0s - loss: 1.7427 - accuracy: 0.3340
 750/3000 [======>.......................] - ETA: 0s - loss: 1.7825 - accuracy: 0.3267
1000/3000 [=========>....................] - ETA: 0s - loss: 1.8013 - accuracy: 0.3340
1250/3000 [===========>..................] - ETA: 0s - loss: 1.8031 - accuracy: 0.3320
1500/3000 [==============>...............] - ETA: 0s - loss: 1.8049 - accuracy: 0.3380
1750/3000 [================>.............] - ETA: 0s - loss: 1.7944 - accuracy: 0.3400
2000/3000 [===================>..........] - ETA: 0s - loss: 1.7905 - accuracy: 0.3405
2250/3000 [=====================>........] - ETA: 0s - loss: 1.7878 - accuracy: 0.3449
2500/3000 [========================>.....] - ETA: 0s - loss: 1.7785 - accuracy: 0.3516
2750/3000 [==========================>...] - ETA: 0s - loss: 1.7801 - accuracy: 0.3502
3000/3000 [==============================] - 1s 259us/step - loss: 1.7819 - accuracy: 0.3483 - val_loss: 3.0650 - val_accuracy: 0.0933
Latency --- 4.544703245162964 seconds ---
Trained with vanilla non-private SGD optimizer
=====================Iteration========================== 9
For delta=0.000200, the current epsilon is: 0.1520
Noise Mutiplier 30
in grads Tensor("loss_8/mul:0", shape=(), dtype=float32)
Train on 3000 samples, validate on 750 samples
Epoch 1/5

 250/3000 [=>............................] - ETA: 1s - loss: 2.3068 - accuracy: 0.0920
 500/3000 [====>.........................] - ETA: 0s - loss: 2.3077 - accuracy: 0.0940
 750/3000 [======>.......................] - ETA: 0s - loss: 2.3081 - accuracy: 0.1080
1000/3000 [=========>....................] - ETA: 0s - loss: 2.3052 - accuracy: 0.1160
1250/3000 [===========>..................] - ETA: 0s - loss: 2.3022 - accuracy: 0.1192
1500/3000 [==============>...............] - ETA: 0s - loss: 2.2998 - accuracy: 0.1233
1750/3000 [================>.............] - ETA: 0s - loss: 2.2974 - accuracy: 0.1297
2000/3000 [===================>..........] - ETA: 0s - loss: 2.2931 - accuracy: 0.1385
2250/3000 [=====================>........] - ETA: 0s - loss: 2.2911 - accuracy: 0.1396
2500/3000 [========================>.....] - ETA: 0s - loss: 2.2869 - accuracy: 0.1464
2750/3000 [==========================>...] - ETA: 0s - loss: 2.2825 - accuracy: 0.1538
3000/3000 [==============================] - 1s 300us/step - loss: 2.2776 - accuracy: 0.1543 - val_loss: 2.3395 - val_accuracy: 0.1067
Epoch 2/5

 250/3000 [=>............................] - ETA: 0s - loss: 2.2237 - accuracy: 0.0840
 500/3000 [====>.........................] - ETA: 0s - loss: 2.2195 - accuracy: 0.0980
 750/3000 [======>.......................] - ETA: 0s - loss: 2.1986 - accuracy: 0.1667
1000/3000 [=========>....................] - ETA: 0s - loss: 2.1899 - accuracy: 0.1880
1250/3000 [===========>..................] - ETA: 0s - loss: 2.1871 - accuracy: 0.1936
1500/3000 [==============>...............] - ETA: 0s - loss: 2.1732 - accuracy: 0.2067
1750/3000 [================>.............] - ETA: 0s - loss: 2.1717 - accuracy: 0.2029
2000/3000 [===================>..........] - ETA: 0s - loss: 2.1627 - accuracy: 0.2070
2250/3000 [=====================>........] - ETA: 0s - loss: 2.1513 - accuracy: 0.2138
2500/3000 [========================>.....] - ETA: 0s - loss: 2.1486 - accuracy: 0.2132
2750/3000 [==========================>...] - ETA: 0s - loss: 2.1407 - accuracy: 0.2142
3000/3000 [==============================] - 1s 258us/step - loss: 2.1294 - accuracy: 0.2203 - val_loss: 2.5559 - val_accuracy: 0.0920
Epoch 3/5

 250/3000 [=>............................] - ETA: 0s - loss: 1.9999 - accuracy: 0.2480
 500/3000 [====>.........................] - ETA: 0s - loss: 2.0337 - accuracy: 0.2280
 750/3000 [======>.......................] - ETA: 0s - loss: 2.0212 - accuracy: 0.2547
1000/3000 [=========>....................] - ETA: 0s - loss: 2.0288 - accuracy: 0.2660
1250/3000 [===========>..................] - ETA: 0s - loss: 2.0238 - accuracy: 0.2712
1500/3000 [==============>...............] - ETA: 0s - loss: 2.0058 - accuracy: 0.2760
1750/3000 [================>.............] - ETA: 0s - loss: 1.9865 - accuracy: 0.2851
2000/3000 [===================>..........] - ETA: 0s - loss: 1.9619 - accuracy: 0.2945
2250/3000 [=====================>........] - ETA: 0s - loss: 1.9539 - accuracy: 0.2933
2500/3000 [========================>.....] - ETA: 0s - loss: 1.9497 - accuracy: 0.2984
2750/3000 [==========================>...] - ETA: 0s - loss: 1.9448 - accuracy: 0.3015
3000/3000 [==============================] - 1s 259us/step - loss: 1.9371 - accuracy: 0.3057 - val_loss: 2.8747 - val_accuracy: 0.0893
Epoch 4/5

 250/3000 [=>............................] - ETA: 0s - loss: 1.8568 - accuracy: 0.3280
 500/3000 [====>.........................] - ETA: 0s - loss: 1.8424 - accuracy: 0.3340
 750/3000 [======>.......................] - ETA: 0s - loss: 1.8469 - accuracy: 0.3280
1000/3000 [=========>....................] - ETA: 0s - loss: 1.8608 - accuracy: 0.3140
1250/3000 [===========>..................] - ETA: 0s - loss: 1.8528 - accuracy: 0.3216
1500/3000 [==============>...............] - ETA: 0s - loss: 1.8452 - accuracy: 0.3213
1750/3000 [================>.............] - ETA: 0s - loss: 1.8533 - accuracy: 0.3234
2000/3000 [===================>..........] - ETA: 0s - loss: 1.8401 - accuracy: 0.3320
2250/3000 [=====================>........] - ETA: 0s - loss: 1.8337 - accuracy: 0.3320
2500/3000 [========================>.....] - ETA: 0s - loss: 1.8290 - accuracy: 0.3360
2750/3000 [==========================>...] - ETA: 0s - loss: 1.8242 - accuracy: 0.3411
3000/3000 [==============================] - 1s 257us/step - loss: 1.8231 - accuracy: 0.3427 - val_loss: 3.1038 - val_accuracy: 0.0973
Epoch 5/5

 250/3000 [=>............................] - ETA: 0s - loss: 1.7873 - accuracy: 0.3480
 500/3000 [====>.........................] - ETA: 0s - loss: 1.7894 - accuracy: 0.3600
 750/3000 [======>.......................] - ETA: 0s - loss: 1.7911 - accuracy: 0.3627
1000/3000 [=========>....................] - ETA: 0s - loss: 1.7877 - accuracy: 0.3630
1250/3000 [===========>..................] - ETA: 0s - loss: 1.7818 - accuracy: 0.3688
1500/3000 [==============>...............] - ETA: 0s - loss: 1.7685 - accuracy: 0.3740
1750/3000 [================>.............] - ETA: 0s - loss: 1.7788 - accuracy: 0.3743
2000/3000 [===================>..........] - ETA: 0s - loss: 1.7798 - accuracy: 0.3730
2250/3000 [=====================>........] - ETA: 0s - loss: 1.7679 - accuracy: 0.3778
2500/3000 [========================>.....] - ETA: 0s - loss: 1.7609 - accuracy: 0.3820
2750/3000 [==========================>...] - ETA: 0s - loss: 1.7512 - accuracy: 0.3833
3000/3000 [==============================] - 1s 258us/step - loss: 1.7394 - accuracy: 0.3867 - val_loss: 3.0794 - val_accuracy: 0.1027
Latency --- 4.60784912109375 seconds ---
Trained with vanilla non-private SGD optimizer
Saving model with new accuracy, previous accuracy was 0.3553333282470703 and present is 0.3866666555404663
Saved model to disk
=====================Iteration========================== 10
For delta=0.000200, the current epsilon is: 0.1520
Noise Mutiplier 30
in grads Tensor("loss_9/mul:0", shape=(), dtype=float32)
Train on 3000 samples, validate on 750 samples
Epoch 1/5

 250/3000 [=>............................] - ETA: 1s - loss: 2.3030 - accuracy: 0.1240
 500/3000 [====>.........................] - ETA: 1s - loss: 2.2991 - accuracy: 0.1320
 750/3000 [======>.......................] - ETA: 0s - loss: 2.2994 - accuracy: 0.1280
1000/3000 [=========>....................] - ETA: 0s - loss: 2.2946 - accuracy: 0.1400
1250/3000 [===========>..................] - ETA: 0s - loss: 2.2948 - accuracy: 0.1312
1500/3000 [==============>...............] - ETA: 0s - loss: 2.2950 - accuracy: 0.1220
1750/3000 [================>.............] - ETA: 0s - loss: 2.2928 - accuracy: 0.1246
2000/3000 [===================>..........] - ETA: 0s - loss: 2.2893 - accuracy: 0.1405
2250/3000 [=====================>........] - ETA: 0s - loss: 2.2845 - accuracy: 0.1516
2500/3000 [========================>.....] - ETA: 0s - loss: 2.2814 - accuracy: 0.1556
2750/3000 [==========================>...] - ETA: 0s - loss: 2.2778 - accuracy: 0.1549
3000/3000 [==============================] - 1s 305us/step - loss: 2.2721 - accuracy: 0.1600 - val_loss: 2.3329 - val_accuracy: 0.1027
Epoch 2/5

 250/3000 [=>............................] - ETA: 0s - loss: 2.2009 - accuracy: 0.2200
 500/3000 [====>.........................] - ETA: 0s - loss: 2.1761 - accuracy: 0.2320
 750/3000 [======>.......................] - ETA: 0s - loss: 2.1586 - accuracy: 0.2347
1000/3000 [=========>....................] - ETA: 0s - loss: 2.1489 - accuracy: 0.2300
1250/3000 [===========>..................] - ETA: 0s - loss: 2.1376 - accuracy: 0.2288
1500/3000 [==============>...............] - ETA: 0s - loss: 2.1295 - accuracy: 0.2253
1750/3000 [================>.............] - ETA: 0s - loss: 2.1147 - accuracy: 0.2320
2000/3000 [===================>..........] - ETA: 0s - loss: 2.1086 - accuracy: 0.2385
2250/3000 [=====================>........] - ETA: 0s - loss: 2.1010 - accuracy: 0.2382
2500/3000 [========================>.....] - ETA: 0s - loss: 2.0947 - accuracy: 0.2372
2750/3000 [==========================>...] - ETA: 0s - loss: 2.0801 - accuracy: 0.2418
3000/3000 [==============================] - 1s 260us/step - loss: 2.0702 - accuracy: 0.2457 - val_loss: 2.7160 - val_accuracy: 0.0973
Epoch 3/5

 250/3000 [=>............................] - ETA: 0s - loss: 1.9723 - accuracy: 0.2960
 500/3000 [====>.........................] - ETA: 0s - loss: 1.9412 - accuracy: 0.3080
 750/3000 [======>.......................] - ETA: 0s - loss: 1.9375 - accuracy: 0.3213
1000/3000 [=========>....................] - ETA: 0s - loss: 1.9473 - accuracy: 0.3110
1250/3000 [===========>..................] - ETA: 0s - loss: 1.9393 - accuracy: 0.3192
1500/3000 [==============>...............] - ETA: 0s - loss: 1.9378 - accuracy: 0.3140
1750/3000 [================>.............] - ETA: 0s - loss: 1.9301 - accuracy: 0.3126
2000/3000 [===================>..........] - ETA: 0s - loss: 1.9188 - accuracy: 0.3175
2250/3000 [=====================>........] - ETA: 0s - loss: 1.9119 - accuracy: 0.3133
2500/3000 [========================>.....] - ETA: 0s - loss: 1.9083 - accuracy: 0.3132
2750/3000 [==========================>...] - ETA: 0s - loss: 1.9102 - accuracy: 0.3087
3000/3000 [==============================] - 1s 260us/step - loss: 1.9033 - accuracy: 0.3090 - val_loss: 2.8678 - val_accuracy: 0.0907
Epoch 4/5

 250/3000 [=>............................] - ETA: 0s - loss: 1.8018 - accuracy: 0.3600
 500/3000 [====>.........................] - ETA: 0s - loss: 1.7696 - accuracy: 0.3940
 750/3000 [======>.......................] - ETA: 0s - loss: 1.7888 - accuracy: 0.3747
1000/3000 [=========>....................] - ETA: 0s - loss: 1.8276 - accuracy: 0.3480
1250/3000 [===========>..................] - ETA: 0s - loss: 1.7992 - accuracy: 0.3648
1500/3000 [==============>...............] - ETA: 0s - loss: 1.8093 - accuracy: 0.3593
1750/3000 [================>.............] - ETA: 0s - loss: 1.8008 - accuracy: 0.3571
2000/3000 [===================>..........] - ETA: 0s - loss: 1.8046 - accuracy: 0.3565
2250/3000 [=====================>........] - ETA: 0s - loss: 1.7965 - accuracy: 0.3564
2500/3000 [========================>.....] - ETA: 0s - loss: 1.7873 - accuracy: 0.3592
2750/3000 [==========================>...] - ETA: 0s - loss: 1.7873 - accuracy: 0.3531
3000/3000 [==============================] - 1s 258us/step - loss: 1.7861 - accuracy: 0.3533 - val_loss: 3.0822 - val_accuracy: 0.0867
Epoch 5/5

 250/3000 [=>............................] - ETA: 0s - loss: 1.7486 - accuracy: 0.3720
 500/3000 [====>.........................] - ETA: 0s - loss: 1.7763 - accuracy: 0.3560
 750/3000 [======>.......................] - ETA: 0s - loss: 1.7673 - accuracy: 0.3507
1000/3000 [=========>....................] - ETA: 0s - loss: 1.7487 - accuracy: 0.3650
1250/3000 [===========>..................] - ETA: 0s - loss: 1.7271 - accuracy: 0.3648
1500/3000 [==============>...............] - ETA: 0s - loss: 1.7263 - accuracy: 0.3693
1750/3000 [================>.............] - ETA: 0s - loss: 1.7259 - accuracy: 0.3743
2000/3000 [===================>..........] - ETA: 0s - loss: 1.7225 - accuracy: 0.3720
2250/3000 [=====================>........] - ETA: 0s - loss: 1.7134 - accuracy: 0.3751
2500/3000 [========================>.....] - ETA: 0s - loss: 1.7149 - accuracy: 0.3772
2750/3000 [==========================>...] - ETA: 0s - loss: 1.7103 - accuracy: 0.3796
3000/3000 [==============================] - 1s 258us/step - loss: 1.7135 - accuracy: 0.3783 - val_loss: 3.1516 - val_accuracy: 0.0920
Latency --- 4.705299377441406 seconds ---
Trained with vanilla non-private SGD optimizer
