
=====================ITERATION 1==========================
We are using Tensorflow version 1.15.2
Keras API version: 2.3.1
Noise Mutiplier 1.76

# Evaluate on test data

 250/3000 [=>............................] - ETA: 0s
1000/3000 [=========>....................] - ETA: 0s
1750/3000 [================>.............] - ETA: 0s
2500/3000 [========================>.....] - ETA: 0s
3000/3000 [==============================] - 0s 79us/step
Accuracy: 10.466666519641876
Latency --- 0.27954721450805664 seconds ---
Trained with DP
=====================ITERATION 2==========================
We are using Tensorflow version 1.15.2
Keras API version: 2.3.1
Noise Mutiplier 1.76

# Evaluate on test data

 250/3000 [=>............................] - ETA: 0s
1000/3000 [=========>....................] - ETA: 0s
1750/3000 [================>.............] - ETA: 0s
2500/3000 [========================>.....] - ETA: 0s
3000/3000 [==============================] - 0s 79us/step
Accuracy: 10.466666519641876
Latency --- 0.2793593406677246 seconds ---
Trained with DP
=====================ITERATION 3==========================
We are using Tensorflow version 1.15.2
Keras API version: 2.3.1
Noise Mutiplier 1.76

# Evaluate on test data

 250/3000 [=>............................] - ETA: 0s
1000/3000 [=========>....................] - ETA: 0s
1750/3000 [================>.............] - ETA: 0s
2750/3000 [==========================>...] - ETA: 0s
3000/3000 [==============================] - 0s 79us/step
Accuracy: 10.466666519641876
Latency --- 0.27877259254455566 seconds ---
Trained with DP
=====================ITERATION 4==========================
We are using Tensorflow version 1.15.2
Keras API version: 2.3.1
Noise Mutiplier 1.76

# Evaluate on test data

 250/3000 [=>............................] - ETA: 0s
1000/3000 [=========>....................] - ETA: 0s
1750/3000 [================>.............] - ETA: 0s
2500/3000 [========================>.....] - ETA: 0s
3000/3000 [==============================] - 0s 78us/step
Accuracy: 10.466666519641876
Latency --- 0.27744054794311523 seconds ---
Trained with DP
=====================ITERATION 5==========================
We are using Tensorflow version 1.15.2
Keras API version: 2.3.1
Noise Mutiplier 1.76

# Evaluate on test data

 250/3000 [=>............................] - ETA: 0s
1000/3000 [=========>....................] - ETA: 0s
1750/3000 [================>.............] - ETA: 0s
2500/3000 [========================>.....] - ETA: 0s
3000/3000 [==============================] - 0s 79us/step
Accuracy: 10.466666519641876
Latency --- 0.280231237411499 seconds ---
Trained with DP
=====================ITERATION 6==========================
We are using Tensorflow version 1.15.2
Keras API version: 2.3.1
Noise Mutiplier 1.76

# Evaluate on test data

 250/3000 [=>............................] - ETA: 0s
1000/3000 [=========>....................] - ETA: 0s
1750/3000 [================>.............] - ETA: 0s
2500/3000 [========================>.....] - ETA: 0s
3000/3000 [==============================] - 0s 79us/step
Accuracy: 10.466666519641876
Latency --- 0.2787446975708008 seconds ---
Trained with DP
=====================ITERATION 7==========================
We are using Tensorflow version 1.15.2
Keras API version: 2.3.1
Noise Mutiplier 1.76

# Evaluate on test data

 250/3000 [=>............................] - ETA: 0s
1000/3000 [=========>....................] - ETA: 0s
1750/3000 [================>.............] - ETA: 0s
2750/3000 [==========================>...] - ETA: 0s
3000/3000 [==============================] - 0s 78us/step
Accuracy: 10.466666519641876
Latency --- 0.27633166313171387 seconds ---
Trained with DP
=====================ITERATION 8==========================
We are using Tensorflow version 1.15.2
Keras API version: 2.3.1
Noise Mutiplier 1.76

# Evaluate on test data

 250/3000 [=>............................] - ETA: 0s
1000/3000 [=========>....................] - ETA: 0s
1750/3000 [================>.............] - ETA: 0s
2500/3000 [========================>.....] - ETA: 0s
3000/3000 [==============================] - 0s 79us/step
Accuracy: 10.466666519641876
Latency --- 0.2792809009552002 seconds ---
Trained with DP
=====================ITERATION 9==========================
We are using Tensorflow version 1.15.2
Keras API version: 2.3.1
Noise Mutiplier 1.76

# Evaluate on test data

 250/3000 [=>............................] - ETA: 0s
1000/3000 [=========>....................] - ETA: 0s
1750/3000 [================>.............] - ETA: 0s
2500/3000 [========================>.....] - ETA: 0s
3000/3000 [==============================] - 0s 79us/step
Accuracy: 10.466666519641876
Latency --- 0.27818894386291504 seconds ---
Trained with DP
=====================ITERATION 10==========================
We are using Tensorflow version 1.15.2
Keras API version: 2.3.1
Noise Mutiplier 1.76

# Evaluate on test data

 250/3000 [=>............................] - ETA: 0s
1000/3000 [=========>....................] - ETA: 0s
1750/3000 [================>.............] - ETA: 0s
2750/3000 [==========================>...] - ETA: 0s
3000/3000 [==============================] - 0s 79us/step
Accuracy: 10.466666519641876
Latency --- 0.279052734375 seconds ---
Trained with DP
