We are using Tensorflow version 1.15.2
Keras API version: 2.3.1
=====================Iteration========================== 1
For delta=0.000100, the current epsilon is: 4.0678
Noise Mutiplier 1
loss= <keras.losses.CategoricalCrossentropy object at 0x10172df550>
in grads Tensor("loss/mul:0", shape=(?,), dtype=float32)
Train on 10000 samples, validate on 2500 samples
Epoch 1/5

  500/10000 [>.............................] - ETA: 38s - loss: 2.3295 - accuracy: 0.0800
 1000/10000 [==>...........................] - ETA: 34s - loss: 2.3147 - accuracy: 0.0910
 1500/10000 [===>..........................] - ETA: 32s - loss: 2.3058 - accuracy: 0.1353
 2000/10000 [=====>........................] - ETA: 31s - loss: 2.2939 - accuracy: 0.1490
 2500/10000 [======>.......................] - ETA: 28s - loss: 2.2844 - accuracy: 0.1532
 3000/10000 [========>.....................] - ETA: 27s - loss: 2.2727 - accuracy: 0.1567
 3500/10000 [=========>....................] - ETA: 25s - loss: 2.2614 - accuracy: 0.1740
 4000/10000 [===========>..................] - ETA: 23s - loss: 2.2446 - accuracy: 0.2025
 4500/10000 [============>.................] - ETA: 21s - loss: 2.2328 - accuracy: 0.2047
 5000/10000 [==============>...............] - ETA: 19s - loss: 2.2265 - accuracy: 0.1990
 5500/10000 [===============>..............] - ETA: 17s - loss: 2.2155 - accuracy: 0.2035
 6000/10000 [=================>............] - ETA: 15s - loss: 2.1989 - accuracy: 0.2230
 6500/10000 [==================>...........] - ETA: 13s - loss: 2.1852 - accuracy: 0.2283
 7000/10000 [====================>.........] - ETA: 11s - loss: 2.1786 - accuracy: 0.2351
 7500/10000 [=====================>........] - ETA: 9s - loss: 2.1689 - accuracy: 0.2383 
 8000/10000 [=======================>......] - ETA: 7s - loss: 2.1549 - accuracy: 0.2447
 8500/10000 [========================>.....] - ETA: 5s - loss: 2.1455 - accuracy: 0.2495
 9000/10000 [==========================>...] - ETA: 3s - loss: 2.1348 - accuracy: 0.2513
 9500/10000 [===========================>..] - ETA: 1s - loss: 2.1217 - accuracy: 0.2581
10000/10000 [==============================] - 39s 4ms/step - loss: 2.1043 - accuracy: 0.2671 - val_loss: 1.7961 - val_accuracy: 0.4000
Epoch 2/5

  500/10000 [>.............................] - ETA: 36s - loss: 1.7812 - accuracy: 0.4200
 1000/10000 [==>...........................] - ETA: 34s - loss: 1.7708 - accuracy: 0.4240
 1500/10000 [===>..........................] - ETA: 32s - loss: 1.7193 - accuracy: 0.4647
 2000/10000 [=====>........................] - ETA: 30s - loss: 1.6882 - accuracy: 0.4620
 2500/10000 [======>.......................] - ETA: 28s - loss: 1.6779 - accuracy: 0.4644
 3000/10000 [========>.....................] - ETA: 26s - loss: 1.6881 - accuracy: 0.4567
 3500/10000 [=========>....................] - ETA: 25s - loss: 1.6691 - accuracy: 0.4634
 4000/10000 [===========>..................] - ETA: 23s - loss: 1.6637 - accuracy: 0.4670
 4500/10000 [============>.................] - ETA: 21s - loss: 1.6463 - accuracy: 0.4669
 5000/10000 [==============>...............] - ETA: 19s - loss: 1.6407 - accuracy: 0.4684
 5500/10000 [===============>..............] - ETA: 17s - loss: 1.6212 - accuracy: 0.4769
 6000/10000 [=================>............] - ETA: 15s - loss: 1.6058 - accuracy: 0.4815
 6500/10000 [==================>...........] - ETA: 13s - loss: 1.5882 - accuracy: 0.4874
 7000/10000 [====================>.........] - ETA: 11s - loss: 1.5653 - accuracy: 0.4963
 7500/10000 [=====================>........] - ETA: 9s - loss: 1.5528 - accuracy: 0.4976 
 8000/10000 [=======================>......] - ETA: 7s - loss: 1.5340 - accuracy: 0.5054
 8500/10000 [========================>.....] - ETA: 5s - loss: 1.5295 - accuracy: 0.5045
 9000/10000 [==========================>...] - ETA: 3s - loss: 1.5163 - accuracy: 0.5079
 9500/10000 [===========================>..] - ETA: 1s - loss: 1.4969 - accuracy: 0.5154
10000/10000 [==============================] - 39s 4ms/step - loss: 1.4832 - accuracy: 0.5177 - val_loss: 1.3648 - val_accuracy: 0.5268
Epoch 3/5

  500/10000 [>.............................] - ETA: 36s - loss: 1.3351 - accuracy: 0.5300
 1000/10000 [==>...........................] - ETA: 35s - loss: 1.2257 - accuracy: 0.5670
 1500/10000 [===>..........................] - ETA: 33s - loss: 1.1954 - accuracy: 0.5880
 2000/10000 [=====>........................] - ETA: 31s - loss: 1.1968 - accuracy: 0.5850
 2500/10000 [======>.......................] - ETA: 29s - loss: 1.2095 - accuracy: 0.5772
 3000/10000 [========>.....................] - ETA: 27s - loss: 1.2176 - accuracy: 0.5733
 3500/10000 [=========>....................] - ETA: 25s - loss: 1.1981 - accuracy: 0.5820
 4000/10000 [===========>..................] - ETA: 23s - loss: 1.2092 - accuracy: 0.5757
 4500/10000 [============>.................] - ETA: 21s - loss: 1.1913 - accuracy: 0.5862
 5000/10000 [==============>...............] - ETA: 19s - loss: 1.1715 - accuracy: 0.5950
 5500/10000 [===============>..............] - ETA: 17s - loss: 1.1540 - accuracy: 0.6025
 6000/10000 [=================>............] - ETA: 15s - loss: 1.1383 - accuracy: 0.6087
 6500/10000 [==================>...........] - ETA: 13s - loss: 1.1272 - accuracy: 0.6132
 7000/10000 [====================>.........] - ETA: 11s - loss: 1.1126 - accuracy: 0.6194
 7500/10000 [=====================>........] - ETA: 9s - loss: 1.1053 - accuracy: 0.6243 
 8000/10000 [=======================>......] - ETA: 7s - loss: 1.0994 - accuracy: 0.6270
 8500/10000 [========================>.....] - ETA: 5s - loss: 1.1001 - accuracy: 0.6294
 9000/10000 [==========================>...] - ETA: 3s - loss: 1.0828 - accuracy: 0.6352
 9500/10000 [===========================>..] - ETA: 1s - loss: 1.0664 - accuracy: 0.6407
10000/10000 [==============================] - 39s 4ms/step - loss: 1.0613 - accuracy: 0.6429 - val_loss: 1.0895 - val_accuracy: 0.6468
Epoch 4/5

  500/10000 [>.............................] - ETA: 36s - loss: 0.9375 - accuracy: 0.7000
 1000/10000 [==>...........................] - ETA: 35s - loss: 0.8732 - accuracy: 0.7140
 1500/10000 [===>..........................] - ETA: 32s - loss: 0.8599 - accuracy: 0.7180
 2000/10000 [=====>........................] - ETA: 30s - loss: 0.8435 - accuracy: 0.7215
 2500/10000 [======>.......................] - ETA: 28s - loss: 0.8332 - accuracy: 0.7296
 3000/10000 [========>.....................] - ETA: 26s - loss: 0.8514 - accuracy: 0.7247
 3500/10000 [=========>....................] - ETA: 24s - loss: 0.8471 - accuracy: 0.7277
 4000/10000 [===========>..................] - ETA: 23s - loss: 0.8419 - accuracy: 0.7310
 4500/10000 [============>.................] - ETA: 21s - loss: 0.8308 - accuracy: 0.7329
 5000/10000 [==============>...............] - ETA: 19s - loss: 0.8329 - accuracy: 0.7334
 5500/10000 [===============>..............] - ETA: 17s - loss: 0.8262 - accuracy: 0.7324
 6000/10000 [=================>............] - ETA: 15s - loss: 0.8255 - accuracy: 0.7317
 6500/10000 [==================>...........] - ETA: 13s - loss: 0.8129 - accuracy: 0.7369
 7000/10000 [====================>.........] - ETA: 11s - loss: 0.8185 - accuracy: 0.7367
 7500/10000 [=====================>........] - ETA: 9s - loss: 0.8272 - accuracy: 0.7352 
 8000/10000 [=======================>......] - ETA: 7s - loss: 0.8228 - accuracy: 0.7369
 8500/10000 [========================>.....] - ETA: 5s - loss: 0.8245 - accuracy: 0.7356
 9000/10000 [==========================>...] - ETA: 3s - loss: 0.8282 - accuracy: 0.7367
 9500/10000 [===========================>..] - ETA: 1s - loss: 0.8234 - accuracy: 0.7389
10000/10000 [==============================] - 39s 4ms/step - loss: 0.8173 - accuracy: 0.7406 - val_loss: 0.8634 - val_accuracy: 0.7304
Epoch 5/5

  500/10000 [>.............................] - ETA: 36s - loss: 0.7422 - accuracy: 0.7720
 1000/10000 [==>...........................] - ETA: 34s - loss: 0.7752 - accuracy: 0.7520
 1500/10000 [===>..........................] - ETA: 32s - loss: 0.7931 - accuracy: 0.7413
 2000/10000 [=====>........................] - ETA: 30s - loss: 0.8152 - accuracy: 0.7350
 2500/10000 [======>.......................] - ETA: 28s - loss: 0.8340 - accuracy: 0.7356
 3000/10000 [========>.....................] - ETA: 26s - loss: 0.8485 - accuracy: 0.7270
 3500/10000 [=========>....................] - ETA: 24s - loss: 0.8394 - accuracy: 0.7311
 4000/10000 [===========>..................] - ETA: 23s - loss: 0.8208 - accuracy: 0.7375
 4500/10000 [============>.................] - ETA: 21s - loss: 0.8156 - accuracy: 0.7371
 5000/10000 [==============>...............] - ETA: 19s - loss: 0.8108 - accuracy: 0.7386
 5500/10000 [===============>..............] - ETA: 17s - loss: 0.7962 - accuracy: 0.7435
 6000/10000 [=================>............] - ETA: 15s - loss: 0.7799 - accuracy: 0.7495
 6500/10000 [==================>...........] - ETA: 13s - loss: 0.7767 - accuracy: 0.7505
 7000/10000 [====================>.........] - ETA: 11s - loss: 0.7670 - accuracy: 0.7534
 7500/10000 [=====================>........] - ETA: 9s - loss: 0.7565 - accuracy: 0.7576 
 8000/10000 [=======================>......] - ETA: 7s - loss: 0.7541 - accuracy: 0.7589
 8500/10000 [========================>.....] - ETA: 5s - loss: 0.7560 - accuracy: 0.7574
 9000/10000 [==========================>...] - ETA: 3s - loss: 0.7550 - accuracy: 0.7579
 9500/10000 [===========================>..] - ETA: 1s - loss: 0.7552 - accuracy: 0.7579
10000/10000 [==============================] - 39s 4ms/step - loss: 0.7524 - accuracy: 0.7584 - val_loss: 0.9752 - val_accuracy: 0.7196
Latency --- 193.91135215759277 seconds ---
For delta=0.000100, the current epsilon is: 4.0678
Saving model with new accuracy, previous accuracy was 0 and present is 0.758400022983551
Saved model to disk
=====================Iteration========================== 2
For delta=0.000100, the current epsilon is: 4.0678
Noise Mutiplier 1
loss= <keras.losses.CategoricalCrossentropy object at 0x10195f2ed0>
in grads Tensor("loss_1/mul:0", shape=(?,), dtype=float32)
Train on 10000 samples, validate on 2500 samples
Epoch 1/5

  500/10000 [>.............................] - ETA: 38s - loss: 2.3116 - accuracy: 0.1180
 1000/10000 [==>...........................] - ETA: 36s - loss: 2.3100 - accuracy: 0.1260
 1500/10000 [===>..........................] - ETA: 33s - loss: 2.3029 - accuracy: 0.1347
 2000/10000 [=====>........................] - ETA: 31s - loss: 2.2943 - accuracy: 0.1600
 2500/10000 [======>.......................] - ETA: 29s - loss: 2.2835 - accuracy: 0.1740
 3000/10000 [========>.....................] - ETA: 27s - loss: 2.2748 - accuracy: 0.1813
 3500/10000 [=========>....................] - ETA: 25s - loss: 2.2627 - accuracy: 0.1829
 4000/10000 [===========>..................] - ETA: 23s - loss: 2.2513 - accuracy: 0.1960
 4500/10000 [============>.................] - ETA: 21s - loss: 2.2371 - accuracy: 0.2064
 5000/10000 [==============>...............] - ETA: 19s - loss: 2.2264 - accuracy: 0.2034
 5500/10000 [===============>..............] - ETA: 17s - loss: 2.2127 - accuracy: 0.2104
 6000/10000 [=================>............] - ETA: 15s - loss: 2.1949 - accuracy: 0.2303
 6500/10000 [==================>...........] - ETA: 13s - loss: 2.1728 - accuracy: 0.2474
 7000/10000 [====================>.........] - ETA: 11s - loss: 2.1511 - accuracy: 0.2553
 7500/10000 [=====================>........] - ETA: 9s - loss: 2.1463 - accuracy: 0.2525 
 8000/10000 [=======================>......] - ETA: 7s - loss: 2.1299 - accuracy: 0.2585
 8500/10000 [========================>.....] - ETA: 5s - loss: 2.1152 - accuracy: 0.2668
 9000/10000 [==========================>...] - ETA: 3s - loss: 2.0971 - accuracy: 0.2738
 9500/10000 [===========================>..] - ETA: 1s - loss: 2.0807 - accuracy: 0.2813
10000/10000 [==============================] - 39s 4ms/step - loss: 2.0643 - accuracy: 0.2886 - val_loss: 1.8795 - val_accuracy: 0.3288
Epoch 2/5

  500/10000 [>.............................] - ETA: 36s - loss: 1.8623 - accuracy: 0.3240
 1000/10000 [==>...........................] - ETA: 35s - loss: 1.8370 - accuracy: 0.3720
 1500/10000 [===>..........................] - ETA: 32s - loss: 1.7894 - accuracy: 0.3773
 2000/10000 [=====>........................] - ETA: 30s - loss: 1.7697 - accuracy: 0.3860
 2500/10000 [======>.......................] - ETA: 28s - loss: 1.7449 - accuracy: 0.3920
 3000/10000 [========>.....................] - ETA: 26s - loss: 1.7126 - accuracy: 0.4017
 3500/10000 [=========>....................] - ETA: 24s - loss: 1.6987 - accuracy: 0.4046
 4000/10000 [===========>..................] - ETA: 23s - loss: 1.6888 - accuracy: 0.4060
 4500/10000 [============>.................] - ETA: 21s - loss: 1.6727 - accuracy: 0.4187
 5000/10000 [==============>...............] - ETA: 19s - loss: 1.6567 - accuracy: 0.4276
 5500/10000 [===============>..............] - ETA: 17s - loss: 1.6445 - accuracy: 0.4336
 6000/10000 [=================>............] - ETA: 15s - loss: 1.6233 - accuracy: 0.4452
 6500/10000 [==================>...........] - ETA: 13s - loss: 1.6008 - accuracy: 0.4542
 7000/10000 [====================>.........] - ETA: 11s - loss: 1.6021 - accuracy: 0.4567
 7500/10000 [=====================>........] - ETA: 9s - loss: 1.5861 - accuracy: 0.4628 
 8000/10000 [=======================>......] - ETA: 7s - loss: 1.5707 - accuracy: 0.4709
 8500/10000 [========================>.....] - ETA: 5s - loss: 1.5658 - accuracy: 0.4725
 9000/10000 [==========================>...] - ETA: 3s - loss: 1.5549 - accuracy: 0.4762
 9500/10000 [===========================>..] - ETA: 1s - loss: 1.5458 - accuracy: 0.4836
10000/10000 [==============================] - 38s 4ms/step - loss: 1.5318 - accuracy: 0.4870 - val_loss: 1.6389 - val_accuracy: 0.4996
Epoch 3/5

  500/10000 [>.............................] - ETA: 36s - loss: 1.5118 - accuracy: 0.5260
 1000/10000 [==>...........................] - ETA: 34s - loss: 1.3649 - accuracy: 0.5430
 1500/10000 [===>..........................] - ETA: 32s - loss: 1.3991 - accuracy: 0.5340
 2000/10000 [=====>........................] - ETA: 30s - loss: 1.3743 - accuracy: 0.5315
 2500/10000 [======>.......................] - ETA: 28s - loss: 1.3249 - accuracy: 0.5548
 3000/10000 [========>.....................] - ETA: 26s - loss: 1.3202 - accuracy: 0.5553
 3500/10000 [=========>....................] - ETA: 24s - loss: 1.2980 - accuracy: 0.5623
 4000/10000 [===========>..................] - ETA: 22s - loss: 1.2757 - accuracy: 0.5725
 4500/10000 [============>.................] - ETA: 21s - loss: 1.2528 - accuracy: 0.5802
 5000/10000 [==============>...............] - ETA: 19s - loss: 1.2511 - accuracy: 0.5810
 5500/10000 [===============>..............] - ETA: 17s - loss: 1.2399 - accuracy: 0.5862
 6000/10000 [=================>............] - ETA: 15s - loss: 1.2151 - accuracy: 0.5965
 6500/10000 [==================>...........] - ETA: 13s - loss: 1.1918 - accuracy: 0.6049
 7000/10000 [====================>.........] - ETA: 11s - loss: 1.1730 - accuracy: 0.6117
 7500/10000 [=====================>........] - ETA: 9s - loss: 1.1742 - accuracy: 0.6124 
 8000/10000 [=======================>......] - ETA: 7s - loss: 1.1756 - accuracy: 0.6125
 8500/10000 [========================>.....] - ETA: 5s - loss: 1.1674 - accuracy: 0.6173
 9000/10000 [==========================>...] - ETA: 3s - loss: 1.1740 - accuracy: 0.6168
 9500/10000 [===========================>..] - ETA: 1s - loss: 1.1705 - accuracy: 0.6187
10000/10000 [==============================] - 38s 4ms/step - loss: 1.1716 - accuracy: 0.6205 - val_loss: 1.1012 - val_accuracy: 0.6776
Epoch 4/5

  500/10000 [>.............................] - ETA: 34s - loss: 0.9336 - accuracy: 0.7300
 1000/10000 [==>...........................] - ETA: 34s - loss: 0.9540 - accuracy: 0.7060
 1500/10000 [===>..........................] - ETA: 32s - loss: 0.9569 - accuracy: 0.7080
 2000/10000 [=====>........................] - ETA: 30s - loss: 0.9700 - accuracy: 0.7005
 2500/10000 [======>.......................] - ETA: 28s - loss: 0.9481 - accuracy: 0.6968
 3000/10000 [========>.....................] - ETA: 26s - loss: 0.9596 - accuracy: 0.6920
 3500/10000 [=========>....................] - ETA: 24s - loss: 0.9606 - accuracy: 0.6917
 4000/10000 [===========>..................] - ETA: 22s - loss: 0.9737 - accuracy: 0.6920
 4500/10000 [============>.................] - ETA: 20s - loss: 0.9584 - accuracy: 0.6980
 5000/10000 [==============>...............] - ETA: 19s - loss: 0.9564 - accuracy: 0.6960
 5500/10000 [===============>..............] - ETA: 17s - loss: 0.9540 - accuracy: 0.6964
 6000/10000 [=================>............] - ETA: 15s - loss: 0.9450 - accuracy: 0.6998
 6500/10000 [==================>...........] - ETA: 13s - loss: 0.9402 - accuracy: 0.7026
 7000/10000 [====================>.........] - ETA: 11s - loss: 0.9384 - accuracy: 0.7016
 7500/10000 [=====================>........] - ETA: 9s - loss: 0.9415 - accuracy: 0.7003 
 8000/10000 [=======================>......] - ETA: 7s - loss: 0.9350 - accuracy: 0.7034
 8500/10000 [========================>.....] - ETA: 5s - loss: 0.9354 - accuracy: 0.7028
 9000/10000 [==========================>...] - ETA: 3s - loss: 0.9343 - accuracy: 0.7046
 9500/10000 [===========================>..] - ETA: 1s - loss: 0.9307 - accuracy: 0.7043
10000/10000 [==============================] - 38s 4ms/step - loss: 0.9374 - accuracy: 0.7026 - val_loss: 0.8408 - val_accuracy: 0.7272
Epoch 5/5

  500/10000 [>.............................] - ETA: 35s - loss: 0.7519 - accuracy: 0.7500
 1000/10000 [==>...........................] - ETA: 34s - loss: 0.7846 - accuracy: 0.7390
 1500/10000 [===>..........................] - ETA: 32s - loss: 0.7827 - accuracy: 0.7440
 2000/10000 [=====>........................] - ETA: 30s - loss: 0.7721 - accuracy: 0.7405
 2500/10000 [======>.......................] - ETA: 28s - loss: 0.7496 - accuracy: 0.7468
 3000/10000 [========>.....................] - ETA: 26s - loss: 0.7529 - accuracy: 0.7477
 3500/10000 [=========>....................] - ETA: 24s - loss: 0.7511 - accuracy: 0.7494
 4000/10000 [===========>..................] - ETA: 22s - loss: 0.7763 - accuracy: 0.7375
 4500/10000 [============>.................] - ETA: 21s - loss: 0.7689 - accuracy: 0.7424
 5000/10000 [==============>...............] - ETA: 19s - loss: 0.7617 - accuracy: 0.7458
 5500/10000 [===============>..............] - ETA: 17s - loss: 0.7578 - accuracy: 0.7476
 6000/10000 [=================>............] - ETA: 15s - loss: 0.7480 - accuracy: 0.7522
 6500/10000 [==================>...........] - ETA: 13s - loss: 0.7347 - accuracy: 0.7585
 7000/10000 [====================>.........] - ETA: 11s - loss: 0.7351 - accuracy: 0.7601
 7500/10000 [=====================>........] - ETA: 9s - loss: 0.7255 - accuracy: 0.7632 
 8000/10000 [=======================>......] - ETA: 7s - loss: 0.7159 - accuracy: 0.7682
 8500/10000 [========================>.....] - ETA: 5s - loss: 0.7020 - accuracy: 0.7741
 9000/10000 [==========================>...] - ETA: 3s - loss: 0.6987 - accuracy: 0.7747
 9500/10000 [===========================>..] - ETA: 1s - loss: 0.7075 - accuracy: 0.7728
10000/10000 [==============================] - 38s 4ms/step - loss: 0.7031 - accuracy: 0.7731 - val_loss: 1.1433 - val_accuracy: 0.6436
Latency --- 193.30727243423462 seconds ---
For delta=0.000100, the current epsilon is: 4.0678
Saving model with new accuracy, previous accuracy was 0.758400022983551 and present is 0.7731000185012817
Saved model to disk
=====================Iteration========================== 3
For delta=0.000100, the current epsilon is: 4.0678
Noise Mutiplier 1
loss= <keras.losses.CategoricalCrossentropy object at 0x101975e150>
in grads Tensor("loss_2/mul:0", shape=(?,), dtype=float32)
Train on 10000 samples, validate on 2500 samples
Epoch 1/5

  500/10000 [>.............................] - ETA: 38s - loss: 2.3133 - accuracy: 0.1160
 1000/10000 [==>...........................] - ETA: 34s - loss: 2.3062 - accuracy: 0.1110
 1500/10000 [===>..........................] - ETA: 32s - loss: 2.2964 - accuracy: 0.1153
 2000/10000 [=====>........................] - ETA: 30s - loss: 2.2984 - accuracy: 0.1160
 2500/10000 [======>.......................] - ETA: 28s - loss: 2.2949 - accuracy: 0.1152
 3000/10000 [========>.....................] - ETA: 27s - loss: 2.2900 - accuracy: 0.1180
 3500/10000 [=========>....................] - ETA: 24s - loss: 2.2830 - accuracy: 0.1306
 4000/10000 [===========>..................] - ETA: 23s - loss: 2.2740 - accuracy: 0.1523
 4500/10000 [============>.................] - ETA: 21s - loss: 2.2616 - accuracy: 0.1678
 5000/10000 [==============>...............] - ETA: 19s - loss: 2.2486 - accuracy: 0.1822
 5500/10000 [===============>..............] - ETA: 17s - loss: 2.2410 - accuracy: 0.1798
 6000/10000 [=================>............] - ETA: 15s - loss: 2.2329 - accuracy: 0.1778
 6500/10000 [==================>...........] - ETA: 13s - loss: 2.2286 - accuracy: 0.1743
 7000/10000 [====================>.........] - ETA: 11s - loss: 2.2241 - accuracy: 0.1794
 7500/10000 [=====================>........] - ETA: 9s - loss: 2.2237 - accuracy: 0.1777 
 8000/10000 [=======================>......] - ETA: 7s - loss: 2.2182 - accuracy: 0.1864
 8500/10000 [========================>.....] - ETA: 5s - loss: 2.2061 - accuracy: 0.1908
 9000/10000 [==========================>...] - ETA: 3s - loss: 2.1896 - accuracy: 0.2030
 9500/10000 [===========================>..] - ETA: 1s - loss: 2.1805 - accuracy: 0.2034
10000/10000 [==============================] - 39s 4ms/step - loss: 2.1732 - accuracy: 0.2097 - val_loss: 1.8928 - val_accuracy: 0.3088
Epoch 2/5

  500/10000 [>.............................] - ETA: 35s - loss: 1.8388 - accuracy: 0.3260
 1000/10000 [==>...........................] - ETA: 34s - loss: 1.8346 - accuracy: 0.3930
 1500/10000 [===>..........................] - ETA: 32s - loss: 1.8310 - accuracy: 0.3780
 2000/10000 [=====>........................] - ETA: 30s - loss: 1.8463 - accuracy: 0.3820
 2500/10000 [======>.......................] - ETA: 29s - loss: 1.8349 - accuracy: 0.3880
 3000/10000 [========>.....................] - ETA: 27s - loss: 1.8189 - accuracy: 0.3853
 3500/10000 [=========>....................] - ETA: 25s - loss: 1.7992 - accuracy: 0.3940
 4000/10000 [===========>..................] - ETA: 23s - loss: 1.7802 - accuracy: 0.3995
 4500/10000 [============>.................] - ETA: 21s - loss: 1.7856 - accuracy: 0.4020
 5000/10000 [==============>...............] - ETA: 19s - loss: 1.7527 - accuracy: 0.4212
 5500/10000 [===============>..............] - ETA: 17s - loss: 1.7385 - accuracy: 0.4271
 6000/10000 [=================>............] - ETA: 15s - loss: 1.7356 - accuracy: 0.4232
 6500/10000 [==================>...........] - ETA: 13s - loss: 1.7179 - accuracy: 0.4317
 7000/10000 [====================>.........] - ETA: 11s - loss: 1.7065 - accuracy: 0.4360
 7500/10000 [=====================>........] - ETA: 9s - loss: 1.6942 - accuracy: 0.4432 
 8000/10000 [=======================>......] - ETA: 7s - loss: 1.6731 - accuracy: 0.4526
 8500/10000 [========================>.....] - ETA: 5s - loss: 1.6571 - accuracy: 0.4618
 9000/10000 [==========================>...] - ETA: 3s - loss: 1.6314 - accuracy: 0.4717
 9500/10000 [===========================>..] - ETA: 1s - loss: 1.6145 - accuracy: 0.4780
10000/10000 [==============================] - 39s 4ms/step - loss: 1.6067 - accuracy: 0.4777 - val_loss: 1.4048 - val_accuracy: 0.5552
Epoch 3/5

  500/10000 [>.............................] - ETA: 37s - loss: 1.2328 - accuracy: 0.6340
 1000/10000 [==>...........................] - ETA: 34s - loss: 1.3348 - accuracy: 0.5680
 1500/10000 [===>..........................] - ETA: 32s - loss: 1.2709 - accuracy: 0.5953
 2000/10000 [=====>........................] - ETA: 30s - loss: 1.2145 - accuracy: 0.6160
 2500/10000 [======>.......................] - ETA: 29s - loss: 1.2250 - accuracy: 0.6160
 3000/10000 [========>.....................] - ETA: 27s - loss: 1.1930 - accuracy: 0.6233
 3500/10000 [=========>....................] - ETA: 25s - loss: 1.1845 - accuracy: 0.6197
 4000/10000 [===========>..................] - ETA: 23s - loss: 1.1918 - accuracy: 0.6140
 4500/10000 [============>.................] - ETA: 21s - loss: 1.1765 - accuracy: 0.6196
 5000/10000 [==============>...............] - ETA: 19s - loss: 1.1691 - accuracy: 0.6220
 5500/10000 [===============>..............] - ETA: 17s - loss: 1.1489 - accuracy: 0.6284
 6000/10000 [=================>............] - ETA: 15s - loss: 1.1504 - accuracy: 0.6282
 6500/10000 [==================>...........] - ETA: 13s - loss: 1.1391 - accuracy: 0.6318
 7000/10000 [====================>.........] - ETA: 11s - loss: 1.1443 - accuracy: 0.6331
 7500/10000 [=====================>........] - ETA: 9s - loss: 1.1241 - accuracy: 0.6396 
 8000/10000 [=======================>......] - ETA: 7s - loss: 1.1240 - accuracy: 0.6392
 8500/10000 [========================>.....] - ETA: 5s - loss: 1.1172 - accuracy: 0.6406
 9000/10000 [==========================>...] - ETA: 3s - loss: 1.1085 - accuracy: 0.6413
 9500/10000 [===========================>..] - ETA: 1s - loss: 1.1026 - accuracy: 0.6423
10000/10000 [==============================] - 39s 4ms/step - loss: 1.0934 - accuracy: 0.6461 - val_loss: 0.9133 - val_accuracy: 0.7088
Epoch 4/5

  500/10000 [>.............................] - ETA: 35s - loss: 0.8090 - accuracy: 0.7320
 1000/10000 [==>...........................] - ETA: 33s - loss: 0.8328 - accuracy: 0.7080
 1500/10000 [===>..........................] - ETA: 32s - loss: 0.9013 - accuracy: 0.6960
 2000/10000 [=====>........................] - ETA: 30s - loss: 0.9051 - accuracy: 0.6975
 2500/10000 [======>.......................] - ETA: 28s - loss: 0.9205 - accuracy: 0.6920
 3000/10000 [========>.....................] - ETA: 26s - loss: 0.9254 - accuracy: 0.6923
 3500/10000 [=========>....................] - ETA: 24s - loss: 0.9517 - accuracy: 0.6874
 4000/10000 [===========>..................] - ETA: 22s - loss: 0.9326 - accuracy: 0.6957
 4500/10000 [============>.................] - ETA: 21s - loss: 0.9227 - accuracy: 0.6987
 5000/10000 [==============>...............] - ETA: 19s - loss: 0.9192 - accuracy: 0.7010
 5500/10000 [===============>..............] - ETA: 17s - loss: 0.9207 - accuracy: 0.6998
 6000/10000 [=================>............] - ETA: 15s - loss: 0.9191 - accuracy: 0.7013
 6500/10000 [==================>...........] - ETA: 13s - loss: 0.9164 - accuracy: 0.7048
 7000/10000 [====================>.........] - ETA: 11s - loss: 0.9005 - accuracy: 0.7109
 7500/10000 [=====================>........] - ETA: 9s - loss: 0.8958 - accuracy: 0.7125 
 8000/10000 [=======================>......] - ETA: 7s - loss: 0.8949 - accuracy: 0.7117
 8500/10000 [========================>.....] - ETA: 5s - loss: 0.8829 - accuracy: 0.7171
 9000/10000 [==========================>...] - ETA: 3s - loss: 0.8743 - accuracy: 0.7193
 9500/10000 [===========================>..] - ETA: 1s - loss: 0.8724 - accuracy: 0.7199
10000/10000 [==============================] - 39s 4ms/step - loss: 0.8705 - accuracy: 0.7207 - val_loss: 0.8308 - val_accuracy: 0.7144
Epoch 5/5

  500/10000 [>.............................] - ETA: 36s - loss: 0.7062 - accuracy: 0.7660
 1000/10000 [==>...........................] - ETA: 35s - loss: 0.7643 - accuracy: 0.7520
 1500/10000 [===>..........................] - ETA: 32s - loss: 0.7521 - accuracy: 0.7607
 2000/10000 [=====>........................] - ETA: 30s - loss: 0.7430 - accuracy: 0.7565
 2500/10000 [======>.......................] - ETA: 28s - loss: 0.7120 - accuracy: 0.7644
 3000/10000 [========>.....................] - ETA: 26s - loss: 0.6982 - accuracy: 0.7733
 3500/10000 [=========>....................] - ETA: 24s - loss: 0.6932 - accuracy: 0.7783
 4000/10000 [===========>..................] - ETA: 23s - loss: 0.7304 - accuracy: 0.7738
 4500/10000 [============>.................] - ETA: 21s - loss: 0.7293 - accuracy: 0.7740
 5000/10000 [==============>...............] - ETA: 19s - loss: 0.7315 - accuracy: 0.7746
 5500/10000 [===============>..............] - ETA: 17s - loss: 0.7264 - accuracy: 0.7767
 6000/10000 [=================>............] - ETA: 15s - loss: 0.7271 - accuracy: 0.7762
 6500/10000 [==================>...........] - ETA: 13s - loss: 0.7261 - accuracy: 0.7774
 7000/10000 [====================>.........] - ETA: 11s - loss: 0.7112 - accuracy: 0.7811
 7500/10000 [=====================>........] - ETA: 9s - loss: 0.6993 - accuracy: 0.7851 
 8000/10000 [=======================>......] - ETA: 7s - loss: 0.7039 - accuracy: 0.7853
 8500/10000 [========================>.....] - ETA: 5s - loss: 0.7055 - accuracy: 0.7849
 9000/10000 [==========================>...] - ETA: 3s - loss: 0.7106 - accuracy: 0.7830
 9500/10000 [===========================>..] - ETA: 1s - loss: 0.7088 - accuracy: 0.7837
10000/10000 [==============================] - 38s 4ms/step - loss: 0.7161 - accuracy: 0.7813 - val_loss: 1.1142 - val_accuracy: 0.6804
Latency --- 194.1243007183075 seconds ---
For delta=0.000100, the current epsilon is: 4.0678
Saving model with new accuracy, previous accuracy was 0.7731000185012817 and present is 0.7813000082969666
Saved model to disk
=====================Iteration========================== 4
For delta=0.000100, the current epsilon is: 4.0678
Noise Mutiplier 1
loss= <keras.losses.CategoricalCrossentropy object at 0x10198f1ed0>
in grads Tensor("loss_3/mul:0", shape=(?,), dtype=float32)
Train on 10000 samples, validate on 2500 samples
Epoch 1/5

  500/10000 [>.............................] - ETA: 40s - loss: 2.3238 - accuracy: 0.1040
 1000/10000 [==>...........................] - ETA: 35s - loss: 2.3145 - accuracy: 0.1000
 1500/10000 [===>..........................] - ETA: 33s - loss: 2.3089 - accuracy: 0.1207
 2000/10000 [=====>........................] - ETA: 31s - loss: 2.2999 - accuracy: 0.1455
 2500/10000 [======>.......................] - ETA: 29s - loss: 2.2961 - accuracy: 0.1508
 3000/10000 [========>.....................] - ETA: 27s - loss: 2.2906 - accuracy: 0.1593
 3500/10000 [=========>....................] - ETA: 25s - loss: 2.2853 - accuracy: 0.1680
 4000/10000 [===========>..................] - ETA: 23s - loss: 2.2774 - accuracy: 0.1790
 4500/10000 [============>.................] - ETA: 21s - loss: 2.2661 - accuracy: 0.1873
 5000/10000 [==============>...............] - ETA: 19s - loss: 2.2527 - accuracy: 0.2056
 5500/10000 [===============>..............] - ETA: 17s - loss: 2.2381 - accuracy: 0.2135
 6000/10000 [=================>............] - ETA: 15s - loss: 2.2263 - accuracy: 0.2083
 6500/10000 [==================>...........] - ETA: 13s - loss: 2.2131 - accuracy: 0.2208
 7000/10000 [====================>.........] - ETA: 11s - loss: 2.2030 - accuracy: 0.2199
 7500/10000 [=====================>........] - ETA: 9s - loss: 2.1891 - accuracy: 0.2232 
 8000/10000 [=======================>......] - ETA: 7s - loss: 2.1779 - accuracy: 0.2247
 8500/10000 [========================>.....] - ETA: 5s - loss: 2.1611 - accuracy: 0.2280
 9000/10000 [==========================>...] - ETA: 3s - loss: 2.1461 - accuracy: 0.2341
 9500/10000 [===========================>..] - ETA: 1s - loss: 2.1280 - accuracy: 0.2453
10000/10000 [==============================] - 39s 4ms/step - loss: 2.1128 - accuracy: 0.2522 - val_loss: 1.8513 - val_accuracy: 0.3840
Epoch 2/5

  500/10000 [>.............................] - ETA: 38s - loss: 1.8120 - accuracy: 0.4020
 1000/10000 [==>...........................] - ETA: 35s - loss: 1.7892 - accuracy: 0.4340
 1500/10000 [===>..........................] - ETA: 33s - loss: 1.7410 - accuracy: 0.4687
 2000/10000 [=====>........................] - ETA: 31s - loss: 1.6753 - accuracy: 0.4940
 2500/10000 [======>.......................] - ETA: 29s - loss: 1.6523 - accuracy: 0.4916
 3000/10000 [========>.....................] - ETA: 27s - loss: 1.6352 - accuracy: 0.4953
 3500/10000 [=========>....................] - ETA: 25s - loss: 1.6121 - accuracy: 0.5014
 4000/10000 [===========>..................] - ETA: 23s - loss: 1.5802 - accuracy: 0.5142
 4500/10000 [============>.................] - ETA: 21s - loss: 1.5613 - accuracy: 0.5118
 5000/10000 [==============>...............] - ETA: 19s - loss: 1.5549 - accuracy: 0.5174
 5500/10000 [===============>..............] - ETA: 17s - loss: 1.5358 - accuracy: 0.5198
 6000/10000 [=================>............] - ETA: 15s - loss: 1.5053 - accuracy: 0.5270
 6500/10000 [==================>...........] - ETA: 13s - loss: 1.4724 - accuracy: 0.5377
 7000/10000 [====================>.........] - ETA: 11s - loss: 1.4385 - accuracy: 0.5506
 7500/10000 [=====================>........] - ETA: 9s - loss: 1.4055 - accuracy: 0.5599 
 8000/10000 [=======================>......] - ETA: 7s - loss: 1.3806 - accuracy: 0.5676
 8500/10000 [========================>.....] - ETA: 5s - loss: 1.3624 - accuracy: 0.5711
 9000/10000 [==========================>...] - ETA: 3s - loss: 1.3484 - accuracy: 0.5742
 9500/10000 [===========================>..] - ETA: 1s - loss: 1.3427 - accuracy: 0.5765
10000/10000 [==============================] - 39s 4ms/step - loss: 1.3330 - accuracy: 0.5788 - val_loss: 1.1713 - val_accuracy: 0.6468
Epoch 3/5

  500/10000 [>.............................] - ETA: 36s - loss: 1.0215 - accuracy: 0.7060
 1000/10000 [==>...........................] - ETA: 33s - loss: 1.0116 - accuracy: 0.6870
 1500/10000 [===>..........................] - ETA: 32s - loss: 1.0136 - accuracy: 0.6713
 2000/10000 [=====>........................] - ETA: 30s - loss: 1.0147 - accuracy: 0.6635
 2500/10000 [======>.......................] - ETA: 28s - loss: 0.9869 - accuracy: 0.6788
 3000/10000 [========>.....................] - ETA: 26s - loss: 1.0015 - accuracy: 0.6700
 3500/10000 [=========>....................] - ETA: 24s - loss: 1.0090 - accuracy: 0.6651
 4000/10000 [===========>..................] - ETA: 22s - loss: 1.0066 - accuracy: 0.6680
 4500/10000 [============>.................] - ETA: 20s - loss: 0.9950 - accuracy: 0.6707
 5000/10000 [==============>...............] - ETA: 19s - loss: 0.9814 - accuracy: 0.6760
 5500/10000 [===============>..............] - ETA: 17s - loss: 0.9607 - accuracy: 0.6827
 6000/10000 [=================>............] - ETA: 15s - loss: 0.9475 - accuracy: 0.6865
 6500/10000 [==================>...........] - ETA: 13s - loss: 0.9300 - accuracy: 0.6931
 7000/10000 [====================>.........] - ETA: 11s - loss: 0.9266 - accuracy: 0.6959
 7500/10000 [=====================>........] - ETA: 9s - loss: 0.9122 - accuracy: 0.7015 
 8000/10000 [=======================>......] - ETA: 7s - loss: 0.9157 - accuracy: 0.6979
 8500/10000 [========================>.....] - ETA: 5s - loss: 0.9196 - accuracy: 0.7018
 9000/10000 [==========================>...] - ETA: 3s - loss: 0.9116 - accuracy: 0.7052
 9500/10000 [===========================>..] - ETA: 1s - loss: 0.9080 - accuracy: 0.7048
10000/10000 [==============================] - 38s 4ms/step - loss: 0.9026 - accuracy: 0.7054 - val_loss: 0.9446 - val_accuracy: 0.6648
Epoch 4/5

  500/10000 [>.............................] - ETA: 36s - loss: 0.7928 - accuracy: 0.7060
 1000/10000 [==>...........................] - ETA: 34s - loss: 0.8484 - accuracy: 0.6940
 1500/10000 [===>..........................] - ETA: 32s - loss: 0.7953 - accuracy: 0.7240
 2000/10000 [=====>........................] - ETA: 30s - loss: 0.7898 - accuracy: 0.7220
 2500/10000 [======>.......................] - ETA: 28s - loss: 0.7701 - accuracy: 0.7332
 3000/10000 [========>.....................] - ETA: 26s - loss: 0.7768 - accuracy: 0.7313
 3500/10000 [=========>....................] - ETA: 24s - loss: 0.7745 - accuracy: 0.7380
 4000/10000 [===========>..................] - ETA: 22s - loss: 0.7802 - accuracy: 0.7402
 4500/10000 [============>.................] - ETA: 20s - loss: 0.7761 - accuracy: 0.7442
 5000/10000 [==============>...............] - ETA: 19s - loss: 0.7642 - accuracy: 0.7470
 5500/10000 [===============>..............] - ETA: 17s - loss: 0.7569 - accuracy: 0.7500
 6000/10000 [=================>............] - ETA: 15s - loss: 0.7483 - accuracy: 0.7540
 6500/10000 [==================>...........] - ETA: 13s - loss: 0.7404 - accuracy: 0.7560
 7000/10000 [====================>.........] - ETA: 11s - loss: 0.7465 - accuracy: 0.7557
 7500/10000 [=====================>........] - ETA: 9s - loss: 0.7489 - accuracy: 0.7521 
 8000/10000 [=======================>......] - ETA: 7s - loss: 0.7431 - accuracy: 0.7540
 8500/10000 [========================>.....] - ETA: 5s - loss: 0.7492 - accuracy: 0.7520
 9000/10000 [==========================>...] - ETA: 3s - loss: 0.7701 - accuracy: 0.7453
 9500/10000 [===========================>..] - ETA: 1s - loss: 0.7683 - accuracy: 0.7457
10000/10000 [==============================] - 39s 4ms/step - loss: 0.7662 - accuracy: 0.7450 - val_loss: 0.8815 - val_accuracy: 0.7184
Epoch 5/5

  500/10000 [>.............................] - ETA: 36s - loss: 0.8066 - accuracy: 0.7300
 1000/10000 [==>...........................] - ETA: 33s - loss: 0.6655 - accuracy: 0.7840
 1500/10000 [===>..........................] - ETA: 32s - loss: 0.6484 - accuracy: 0.7920
 2000/10000 [=====>........................] - ETA: 30s - loss: 0.6517 - accuracy: 0.7860
 2500/10000 [======>.......................] - ETA: 28s - loss: 0.6408 - accuracy: 0.7860
 3000/10000 [========>.....................] - ETA: 26s - loss: 0.6578 - accuracy: 0.7790
 3500/10000 [=========>....................] - ETA: 24s - loss: 0.6600 - accuracy: 0.7800
 4000/10000 [===========>..................] - ETA: 22s - loss: 0.6607 - accuracy: 0.7810
 4500/10000 [============>.................] - ETA: 20s - loss: 0.6624 - accuracy: 0.7782
 5000/10000 [==============>...............] - ETA: 19s - loss: 0.6674 - accuracy: 0.7766
 5500/10000 [===============>..............] - ETA: 17s - loss: 0.6756 - accuracy: 0.7735
 6000/10000 [=================>............] - ETA: 15s - loss: 0.6737 - accuracy: 0.7738
 6500/10000 [==================>...........] - ETA: 13s - loss: 0.6720 - accuracy: 0.7742
 7000/10000 [====================>.........] - ETA: 11s - loss: 0.6647 - accuracy: 0.7769
 7500/10000 [=====================>........] - ETA: 9s - loss: 0.6558 - accuracy: 0.7800 
 8000/10000 [=======================>......] - ETA: 7s - loss: 0.6472 - accuracy: 0.7834
 8500/10000 [========================>.....] - ETA: 5s - loss: 0.6453 - accuracy: 0.7854
 9000/10000 [==========================>...] - ETA: 3s - loss: 0.6473 - accuracy: 0.7837
 9500/10000 [===========================>..] - ETA: 1s - loss: 0.6464 - accuracy: 0.7843
10000/10000 [==============================] - 38s 4ms/step - loss: 0.6441 - accuracy: 0.7855 - val_loss: 0.7731 - val_accuracy: 0.7536
Latency --- 193.48450803756714 seconds ---
For delta=0.000100, the current epsilon is: 4.0678
Saving model with new accuracy, previous accuracy was 0.7813000082969666 and present is 0.7854999899864197
Saved model to disk
=====================Iteration========================== 5
For delta=0.000100, the current epsilon is: 4.0678
Noise Mutiplier 1
loss= <keras.losses.CategoricalCrossentropy object at 0x1019a76510>
in grads Tensor("loss_4/mul:0", shape=(?,), dtype=float32)
Train on 10000 samples, validate on 2500 samples
Epoch 1/5

  500/10000 [>.............................] - ETA: 39s - loss: 2.3043 - accuracy: 0.0800
 1000/10000 [==>...........................] - ETA: 35s - loss: 2.3013 - accuracy: 0.1000
 1500/10000 [===>..........................] - ETA: 33s - loss: 2.2935 - accuracy: 0.1220
 2000/10000 [=====>........................] - ETA: 31s - loss: 2.2823 - accuracy: 0.1545
 2500/10000 [======>.......................] - ETA: 29s - loss: 2.2709 - accuracy: 0.1796
 3000/10000 [========>.....................] - ETA: 27s - loss: 2.2627 - accuracy: 0.1903
 3500/10000 [=========>....................] - ETA: 25s - loss: 2.2571 - accuracy: 0.1786
 4000/10000 [===========>..................] - ETA: 23s - loss: 2.2462 - accuracy: 0.1880
 4500/10000 [============>.................] - ETA: 21s - loss: 2.2297 - accuracy: 0.2200
 5000/10000 [==============>...............] - ETA: 19s - loss: 2.2160 - accuracy: 0.2382
 5500/10000 [===============>..............] - ETA: 17s - loss: 2.2117 - accuracy: 0.2300
 6000/10000 [=================>............] - ETA: 15s - loss: 2.2030 - accuracy: 0.2395
 6500/10000 [==================>...........] - ETA: 13s - loss: 2.1945 - accuracy: 0.2332
 7000/10000 [====================>.........] - ETA: 11s - loss: 2.1832 - accuracy: 0.2416
 7500/10000 [=====================>........] - ETA: 9s - loss: 2.1668 - accuracy: 0.2504 
 8000/10000 [=======================>......] - ETA: 7s - loss: 2.1546 - accuracy: 0.2571
 8500/10000 [========================>.....] - ETA: 5s - loss: 2.1417 - accuracy: 0.2573
 9000/10000 [==========================>...] - ETA: 3s - loss: 2.1221 - accuracy: 0.2708
 9500/10000 [===========================>..] - ETA: 1s - loss: 2.1034 - accuracy: 0.2831
10000/10000 [==============================] - 39s 4ms/step - loss: 2.0891 - accuracy: 0.2879 - val_loss: 1.9563 - val_accuracy: 0.2840
Epoch 2/5

  500/10000 [>.............................] - ETA: 35s - loss: 1.8842 - accuracy: 0.3500
 1000/10000 [==>...........................] - ETA: 34s - loss: 1.7937 - accuracy: 0.4240
 1500/10000 [===>..........................] - ETA: 32s - loss: 1.8084 - accuracy: 0.3767
 2000/10000 [=====>........................] - ETA: 30s - loss: 1.8047 - accuracy: 0.4255
 2500/10000 [======>.......................] - ETA: 28s - loss: 1.7628 - accuracy: 0.4400
 3000/10000 [========>.....................] - ETA: 27s - loss: 1.7838 - accuracy: 0.4123
 3500/10000 [=========>....................] - ETA: 25s - loss: 1.7741 - accuracy: 0.4014
 4000/10000 [===========>..................] - ETA: 23s - loss: 1.7753 - accuracy: 0.4115
 4500/10000 [============>.................] - ETA: 21s - loss: 1.7552 - accuracy: 0.4202
 5000/10000 [==============>...............] - ETA: 19s - loss: 1.7298 - accuracy: 0.4314
 5500/10000 [===============>..............] - ETA: 17s - loss: 1.7123 - accuracy: 0.4367
 6000/10000 [=================>............] - ETA: 15s - loss: 1.6867 - accuracy: 0.4498
 6500/10000 [==================>...........] - ETA: 13s - loss: 1.6561 - accuracy: 0.4638
 7000/10000 [====================>.........] - ETA: 11s - loss: 1.6461 - accuracy: 0.4656
 7500/10000 [=====================>........] - ETA: 9s - loss: 1.6307 - accuracy: 0.4673 
 8000/10000 [=======================>......] - ETA: 7s - loss: 1.6139 - accuracy: 0.4735
 8500/10000 [========================>.....] - ETA: 5s - loss: 1.5959 - accuracy: 0.4773
 9000/10000 [==========================>...] - ETA: 3s - loss: 1.5885 - accuracy: 0.4802
 9500/10000 [===========================>..] - ETA: 1s - loss: 1.5749 - accuracy: 0.4832
10000/10000 [==============================] - 39s 4ms/step - loss: 1.5585 - accuracy: 0.4902 - val_loss: 1.1336 - val_accuracy: 0.6360
Epoch 3/5

  500/10000 [>.............................] - ETA: 40s - loss: 1.0412 - accuracy: 0.6580
 1000/10000 [==>...........................] - ETA: 35s - loss: 1.0444 - accuracy: 0.6910
 1500/10000 [===>..........................] - ETA: 33s - loss: 1.0692 - accuracy: 0.6687
 2000/10000 [=====>........................] - ETA: 31s - loss: 1.0919 - accuracy: 0.6590
 2500/10000 [======>.......................] - ETA: 29s - loss: 1.1113 - accuracy: 0.6476
 3000/10000 [========>.....................] - ETA: 27s - loss: 1.0960 - accuracy: 0.6477
 3500/10000 [=========>....................] - ETA: 25s - loss: 1.0965 - accuracy: 0.6449
 4000/10000 [===========>..................] - ETA: 23s - loss: 1.1042 - accuracy: 0.6485
 4500/10000 [============>.................] - ETA: 21s - loss: 1.1101 - accuracy: 0.6451
 5000/10000 [==============>...............] - ETA: 19s - loss: 1.1084 - accuracy: 0.6478
 5500/10000 [===============>..............] - ETA: 17s - loss: 1.1005 - accuracy: 0.6478
 6000/10000 [=================>............] - ETA: 15s - loss: 1.0963 - accuracy: 0.6517
 6500/10000 [==================>...........] - ETA: 13s - loss: 1.0788 - accuracy: 0.6588
 7000/10000 [====================>.........] - ETA: 11s - loss: 1.0690 - accuracy: 0.6617
 7500/10000 [=====================>........] - ETA: 9s - loss: 1.0615 - accuracy: 0.6647 
 8000/10000 [=======================>......] - ETA: 7s - loss: 1.0619 - accuracy: 0.6649
 8500/10000 [========================>.....] - ETA: 5s - loss: 1.0489 - accuracy: 0.6687
 9000/10000 [==========================>...] - ETA: 3s - loss: 1.0359 - accuracy: 0.6738
 9500/10000 [===========================>..] - ETA: 1s - loss: 1.0436 - accuracy: 0.6711
10000/10000 [==============================] - 39s 4ms/step - loss: 1.0375 - accuracy: 0.6725 - val_loss: 1.0580 - val_accuracy: 0.6472
Epoch 4/5

  500/10000 [>.............................] - ETA: 35s - loss: 0.9212 - accuracy: 0.7200
 1000/10000 [==>...........................] - ETA: 34s - loss: 0.8628 - accuracy: 0.7360
 1500/10000 [===>..........................] - ETA: 32s - loss: 0.8474 - accuracy: 0.7333
 2000/10000 [=====>........................] - ETA: 30s - loss: 0.8304 - accuracy: 0.7400
 2500/10000 [======>.......................] - ETA: 28s - loss: 0.8342 - accuracy: 0.7352
 3000/10000 [========>.....................] - ETA: 26s - loss: 0.8613 - accuracy: 0.7233
 3500/10000 [=========>....................] - ETA: 24s - loss: 0.8430 - accuracy: 0.7303
 4000/10000 [===========>..................] - ETA: 23s - loss: 0.8510 - accuracy: 0.7265
 4500/10000 [============>.................] - ETA: 21s - loss: 0.8486 - accuracy: 0.7282
 5000/10000 [==============>...............] - ETA: 19s - loss: 0.8601 - accuracy: 0.7216
 5500/10000 [===============>..............] - ETA: 17s - loss: 0.8583 - accuracy: 0.7229
 6000/10000 [=================>............] - ETA: 15s - loss: 0.8530 - accuracy: 0.7248
 6500/10000 [==================>...........] - ETA: 13s - loss: 0.8396 - accuracy: 0.7305
 7000/10000 [====================>.........] - ETA: 11s - loss: 0.8363 - accuracy: 0.7309
 7500/10000 [=====================>........] - ETA: 9s - loss: 0.8310 - accuracy: 0.7336 
 8000/10000 [=======================>......] - ETA: 7s - loss: 0.8306 - accuracy: 0.7347
 8500/10000 [========================>.....] - ETA: 5s - loss: 0.8254 - accuracy: 0.7372
 9000/10000 [==========================>...] - ETA: 3s - loss: 0.8318 - accuracy: 0.7346
 9500/10000 [===========================>..] - ETA: 1s - loss: 0.8305 - accuracy: 0.7365
10000/10000 [==============================] - 39s 4ms/step - loss: 0.8270 - accuracy: 0.7374 - val_loss: 1.0594 - val_accuracy: 0.6692
Epoch 5/5

  500/10000 [>.............................] - ETA: 37s - loss: 0.8930 - accuracy: 0.7420
 1000/10000 [==>...........................] - ETA: 34s - loss: 0.9196 - accuracy: 0.6950
 1500/10000 [===>..........................] - ETA: 33s - loss: 0.8686 - accuracy: 0.7173
 2000/10000 [=====>........................] - ETA: 31s - loss: 0.8135 - accuracy: 0.7365
 2500/10000 [======>.......................] - ETA: 28s - loss: 0.8029 - accuracy: 0.7468
 3000/10000 [========>.....................] - ETA: 27s - loss: 0.7911 - accuracy: 0.7497
 3500/10000 [=========>....................] - ETA: 25s - loss: 0.7887 - accuracy: 0.7549
 4000/10000 [===========>..................] - ETA: 23s - loss: 0.7764 - accuracy: 0.7570
 4500/10000 [============>.................] - ETA: 21s - loss: 0.7732 - accuracy: 0.7562
 5000/10000 [==============>...............] - ETA: 19s - loss: 0.7686 - accuracy: 0.7586
 5500/10000 [===============>..............] - ETA: 17s - loss: 0.7640 - accuracy: 0.7576
 6000/10000 [=================>............] - ETA: 15s - loss: 0.7462 - accuracy: 0.7623
 6500/10000 [==================>...........] - ETA: 13s - loss: 0.7427 - accuracy: 0.7643
 7000/10000 [====================>.........] - ETA: 11s - loss: 0.7584 - accuracy: 0.7609
 7500/10000 [=====================>........] - ETA: 9s - loss: 0.7641 - accuracy: 0.7592 
 8000/10000 [=======================>......] - ETA: 7s - loss: 0.7578 - accuracy: 0.7611
 8500/10000 [========================>.....] - ETA: 5s - loss: 0.7562 - accuracy: 0.7619
 9000/10000 [==========================>...] - ETA: 3s - loss: 0.7610 - accuracy: 0.7608
 9500/10000 [===========================>..] - ETA: 1s - loss: 0.7462 - accuracy: 0.7658
10000/10000 [==============================] - 38s 4ms/step - loss: 0.7334 - accuracy: 0.7691 - val_loss: 0.7473 - val_accuracy: 0.7692
Latency --- 194.03055357933044 seconds ---
For delta=0.000100, the current epsilon is: 4.0678
=====================Iteration========================== 6
For delta=0.000100, the current epsilon is: 4.0678
Noise Mutiplier 1
loss= <keras.losses.CategoricalCrossentropy object at 0x1019be26d0>
in grads Tensor("loss_5/mul:0", shape=(?,), dtype=float32)
Train on 10000 samples, validate on 2500 samples
Epoch 1/5

  500/10000 [>.............................] - ETA: 42s - loss: 2.3098 - accuracy: 0.1060
 1000/10000 [==>...........................] - ETA: 37s - loss: 2.2996 - accuracy: 0.1310
 1500/10000 [===>..........................] - ETA: 34s - loss: 2.2821 - accuracy: 0.1813
 2000/10000 [=====>........................] - ETA: 32s - loss: 2.2669 - accuracy: 0.1980
 2500/10000 [======>.......................] - ETA: 29s - loss: 2.2483 - accuracy: 0.2320
 3000/10000 [========>.....................] - ETA: 27s - loss: 2.2330 - accuracy: 0.2347
 3500/10000 [=========>....................] - ETA: 25s - loss: 2.2234 - accuracy: 0.2383
 4000/10000 [===========>..................] - ETA: 23s - loss: 2.2122 - accuracy: 0.2442
 4500/10000 [============>.................] - ETA: 21s - loss: 2.1963 - accuracy: 0.2558
 5000/10000 [==============>...............] - ETA: 19s - loss: 2.1804 - accuracy: 0.2628
 5500/10000 [===============>..............] - ETA: 17s - loss: 2.1605 - accuracy: 0.2727
 6000/10000 [=================>............] - ETA: 15s - loss: 2.1437 - accuracy: 0.2802
 6500/10000 [==================>...........] - ETA: 13s - loss: 2.1271 - accuracy: 0.2888
 7000/10000 [====================>.........] - ETA: 11s - loss: 2.1126 - accuracy: 0.2916
 7500/10000 [=====================>........] - ETA: 9s - loss: 2.0987 - accuracy: 0.2975 
 8000/10000 [=======================>......] - ETA: 7s - loss: 2.0868 - accuracy: 0.3025
 8500/10000 [========================>.....] - ETA: 5s - loss: 2.0712 - accuracy: 0.3087
 9000/10000 [==========================>...] - ETA: 3s - loss: 2.0583 - accuracy: 0.3119
 9500/10000 [===========================>..] - ETA: 1s - loss: 2.0481 - accuracy: 0.3166
10000/10000 [==============================] - 39s 4ms/step - loss: 2.0392 - accuracy: 0.3188 - val_loss: 1.8092 - val_accuracy: 0.4512
Epoch 2/5

  500/10000 [>.............................] - ETA: 34s - loss: 1.8188 - accuracy: 0.4360
 1000/10000 [==>...........................] - ETA: 34s - loss: 1.7731 - accuracy: 0.4340
 1500/10000 [===>..........................] - ETA: 32s - loss: 1.7401 - accuracy: 0.4360
 2000/10000 [=====>........................] - ETA: 30s - loss: 1.7005 - accuracy: 0.4520
 2500/10000 [======>.......................] - ETA: 28s - loss: 1.6821 - accuracy: 0.4712
 3000/10000 [========>.....................] - ETA: 26s - loss: 1.6573 - accuracy: 0.4823
 3500/10000 [=========>....................] - ETA: 24s - loss: 1.6503 - accuracy: 0.4769
 4000/10000 [===========>..................] - ETA: 22s - loss: 1.6579 - accuracy: 0.4715
 4500/10000 [============>.................] - ETA: 20s - loss: 1.6606 - accuracy: 0.4631
 5000/10000 [==============>...............] - ETA: 19s - loss: 1.6514 - accuracy: 0.4646
 5500/10000 [===============>..............] - ETA: 17s - loss: 1.6389 - accuracy: 0.4682
 6000/10000 [=================>............] - ETA: 15s - loss: 1.6302 - accuracy: 0.4725
 6500/10000 [==================>...........] - ETA: 13s - loss: 1.6102 - accuracy: 0.4786
 7000/10000 [====================>.........] - ETA: 11s - loss: 1.6111 - accuracy: 0.4739
 7500/10000 [=====================>........] - ETA: 9s - loss: 1.5933 - accuracy: 0.4785 
 8000/10000 [=======================>......] - ETA: 7s - loss: 1.5755 - accuracy: 0.4836
 8500/10000 [========================>.....] - ETA: 5s - loss: 1.5551 - accuracy: 0.4904
 9000/10000 [==========================>...] - ETA: 3s - loss: 1.5441 - accuracy: 0.4934
 9500/10000 [===========================>..] - ETA: 1s - loss: 1.5584 - accuracy: 0.4906
10000/10000 [==============================] - 38s 4ms/step - loss: 1.5445 - accuracy: 0.4948 - val_loss: 1.3912 - val_accuracy: 0.5080
Epoch 3/5

  500/10000 [>.............................] - ETA: 36s - loss: 1.3178 - accuracy: 0.5460
 1000/10000 [==>...........................] - ETA: 33s - loss: 1.3210 - accuracy: 0.5690
 1500/10000 [===>..........................] - ETA: 32s - loss: 1.2878 - accuracy: 0.5760
 2000/10000 [=====>........................] - ETA: 30s - loss: 1.2293 - accuracy: 0.5990
 2500/10000 [======>.......................] - ETA: 28s - loss: 1.1855 - accuracy: 0.6132
 3000/10000 [========>.....................] - ETA: 26s - loss: 1.1819 - accuracy: 0.6177
 3500/10000 [=========>....................] - ETA: 24s - loss: 1.1572 - accuracy: 0.6254
 4000/10000 [===========>..................] - ETA: 22s - loss: 1.1773 - accuracy: 0.6220
 4500/10000 [============>.................] - ETA: 20s - loss: 1.1583 - accuracy: 0.6256
 5000/10000 [==============>...............] - ETA: 19s - loss: 1.1748 - accuracy: 0.6156
 5500/10000 [===============>..............] - ETA: 17s - loss: 1.1826 - accuracy: 0.6169
 6000/10000 [=================>............] - ETA: 15s - loss: 1.1783 - accuracy: 0.6153
 6500/10000 [==================>...........] - ETA: 13s - loss: 1.1584 - accuracy: 0.6223
 7000/10000 [====================>.........] - ETA: 11s - loss: 1.1415 - accuracy: 0.6279
 7500/10000 [=====================>........] - ETA: 9s - loss: 1.1409 - accuracy: 0.6256 
 8000/10000 [=======================>......] - ETA: 7s - loss: 1.1588 - accuracy: 0.6196
 8500/10000 [========================>.....] - ETA: 5s - loss: 1.1652 - accuracy: 0.6195
 9000/10000 [==========================>...] - ETA: 3s - loss: 1.1544 - accuracy: 0.6231
 9500/10000 [===========================>..] - ETA: 1s - loss: 1.1548 - accuracy: 0.6206
10000/10000 [==============================] - 39s 4ms/step - loss: 1.1539 - accuracy: 0.6213 - val_loss: 1.1072 - val_accuracy: 0.6492
Epoch 4/5

  500/10000 [>.............................] - ETA: 37s - loss: 0.9213 - accuracy: 0.7160
 1000/10000 [==>...........................] - ETA: 34s - loss: 0.9505 - accuracy: 0.6900
 1500/10000 [===>..........................] - ETA: 32s - loss: 0.9215 - accuracy: 0.6947
 2000/10000 [=====>........................] - ETA: 30s - loss: 0.9087 - accuracy: 0.6940
 2500/10000 [======>.......................] - ETA: 28s - loss: 0.9253 - accuracy: 0.6852
 3000/10000 [========>.....................] - ETA: 27s - loss: 0.9689 - accuracy: 0.6713
 3500/10000 [=========>....................] - ETA: 25s - loss: 0.9940 - accuracy: 0.6631
 4000/10000 [===========>..................] - ETA: 23s - loss: 0.9923 - accuracy: 0.6662
 4500/10000 [============>.................] - ETA: 21s - loss: 0.9699 - accuracy: 0.6758
 5000/10000 [==============>...............] - ETA: 19s - loss: 0.9538 - accuracy: 0.6824
 5500/10000 [===============>..............] - ETA: 17s - loss: 0.9586 - accuracy: 0.6827
 6000/10000 [=================>............] - ETA: 15s - loss: 0.9409 - accuracy: 0.6892
 6500/10000 [==================>...........] - ETA: 13s - loss: 0.9225 - accuracy: 0.6940
 7000/10000 [====================>.........] - ETA: 11s - loss: 0.9138 - accuracy: 0.6986
 7500/10000 [=====================>........] - ETA: 9s - loss: 0.9124 - accuracy: 0.6980 
 8000/10000 [=======================>......] - ETA: 7s - loss: 0.8965 - accuracy: 0.7034
 8500/10000 [========================>.....] - ETA: 5s - loss: 0.8974 - accuracy: 0.7031
 9000/10000 [==========================>...] - ETA: 3s - loss: 0.8927 - accuracy: 0.7043
 9500/10000 [===========================>..] - ETA: 1s - loss: 0.8857 - accuracy: 0.7080
10000/10000 [==============================] - 39s 4ms/step - loss: 0.8828 - accuracy: 0.7099 - val_loss: 0.9410 - val_accuracy: 0.7076
Epoch 5/5

  500/10000 [>.............................] - ETA: 36s - loss: 0.8832 - accuracy: 0.7160
 1000/10000 [==>...........................] - ETA: 34s - loss: 0.9155 - accuracy: 0.7180
 1500/10000 [===>..........................] - ETA: 32s - loss: 0.8652 - accuracy: 0.7307
 2000/10000 [=====>........................] - ETA: 30s - loss: 0.8420 - accuracy: 0.7405
 2500/10000 [======>.......................] - ETA: 28s - loss: 0.8109 - accuracy: 0.7464
 3000/10000 [========>.....................] - ETA: 26s - loss: 0.8007 - accuracy: 0.7490
 3500/10000 [=========>....................] - ETA: 24s - loss: 0.7830 - accuracy: 0.7543
 4000/10000 [===========>..................] - ETA: 23s - loss: 0.7692 - accuracy: 0.7588
 4500/10000 [============>.................] - ETA: 21s - loss: 0.7793 - accuracy: 0.7553
 5000/10000 [==============>...............] - ETA: 19s - loss: 0.7789 - accuracy: 0.7552
 5500/10000 [===============>..............] - ETA: 17s - loss: 0.7814 - accuracy: 0.7540
 6000/10000 [=================>............] - ETA: 15s - loss: 0.7731 - accuracy: 0.7563
 6500/10000 [==================>...........] - ETA: 13s - loss: 0.7596 - accuracy: 0.7611
 7000/10000 [====================>.........] - ETA: 11s - loss: 0.7462 - accuracy: 0.7660
 7500/10000 [=====================>........] - ETA: 9s - loss: 0.7382 - accuracy: 0.7703 
 8000/10000 [=======================>......] - ETA: 7s - loss: 0.7417 - accuracy: 0.7691
 8500/10000 [========================>.....] - ETA: 5s - loss: 0.7374 - accuracy: 0.7713
 9000/10000 [==========================>...] - ETA: 3s - loss: 0.7370 - accuracy: 0.7716
 9500/10000 [===========================>..] - ETA: 1s - loss: 0.7253 - accuracy: 0.7747
10000/10000 [==============================] - 39s 4ms/step - loss: 0.7275 - accuracy: 0.7747 - val_loss: 1.0742 - val_accuracy: 0.6932
Latency --- 193.6431519985199 seconds ---
For delta=0.000100, the current epsilon is: 4.0678
=====================Iteration========================== 7
For delta=0.000100, the current epsilon is: 4.0678
Noise Mutiplier 1
loss= <keras.losses.CategoricalCrossentropy object at 0x1019d75990>
in grads Tensor("loss_6/mul:0", shape=(?,), dtype=float32)
Train on 10000 samples, validate on 2500 samples
Epoch 1/5

  500/10000 [>.............................] - ETA: 37s - loss: 2.3039 - accuracy: 0.1180
 1000/10000 [==>...........................] - ETA: 35s - loss: 2.2976 - accuracy: 0.1460
 1500/10000 [===>..........................] - ETA: 32s - loss: 2.2931 - accuracy: 0.1440
 2000/10000 [=====>........................] - ETA: 30s - loss: 2.2863 - accuracy: 0.1365
 2500/10000 [======>.......................] - ETA: 28s - loss: 2.2779 - accuracy: 0.1476
 3000/10000 [========>.....................] - ETA: 26s - loss: 2.2650 - accuracy: 0.1743
 3500/10000 [=========>....................] - ETA: 25s - loss: 2.2514 - accuracy: 0.1894
 4000/10000 [===========>..................] - ETA: 23s - loss: 2.2364 - accuracy: 0.1955
 4500/10000 [============>.................] - ETA: 21s - loss: 2.2222 - accuracy: 0.1991
 5000/10000 [==============>...............] - ETA: 19s - loss: 2.2120 - accuracy: 0.1966
 5500/10000 [===============>..............] - ETA: 17s - loss: 2.1935 - accuracy: 0.1995
 6000/10000 [=================>............] - ETA: 15s - loss: 2.1718 - accuracy: 0.2148
 6500/10000 [==================>...........] - ETA: 13s - loss: 2.1510 - accuracy: 0.2323
 7000/10000 [====================>.........] - ETA: 11s - loss: 2.1357 - accuracy: 0.2437
 7500/10000 [=====================>........] - ETA: 9s - loss: 2.1170 - accuracy: 0.2501 
 8000/10000 [=======================>......] - ETA: 7s - loss: 2.0943 - accuracy: 0.2680
 8500/10000 [========================>.....] - ETA: 5s - loss: 2.0688 - accuracy: 0.2809
 9000/10000 [==========================>...] - ETA: 3s - loss: 2.0473 - accuracy: 0.2941
 9500/10000 [===========================>..] - ETA: 1s - loss: 2.0268 - accuracy: 0.3066
10000/10000 [==============================] - 39s 4ms/step - loss: 2.0100 - accuracy: 0.3137 - val_loss: 1.7047 - val_accuracy: 0.5396
Epoch 2/5

  500/10000 [>.............................] - ETA: 35s - loss: 1.6200 - accuracy: 0.5540
 1000/10000 [==>...........................] - ETA: 34s - loss: 1.6200 - accuracy: 0.5150
 1500/10000 [===>..........................] - ETA: 32s - loss: 1.5813 - accuracy: 0.5353
 2000/10000 [=====>........................] - ETA: 30s - loss: 1.5456 - accuracy: 0.5410
 2500/10000 [======>.......................] - ETA: 28s - loss: 1.5414 - accuracy: 0.5428
 3000/10000 [========>.....................] - ETA: 26s - loss: 1.5148 - accuracy: 0.5493
 3500/10000 [=========>....................] - ETA: 24s - loss: 1.4823 - accuracy: 0.5603
 4000/10000 [===========>..................] - ETA: 22s - loss: 1.4891 - accuracy: 0.5518
 4500/10000 [============>.................] - ETA: 21s - loss: 1.4592 - accuracy: 0.5618
 5000/10000 [==============>...............] - ETA: 19s - loss: 1.4469 - accuracy: 0.5644
 5500/10000 [===============>..............] - ETA: 17s - loss: 1.4265 - accuracy: 0.5718
 6000/10000 [=================>............] - ETA: 15s - loss: 1.4189 - accuracy: 0.5737
 6500/10000 [==================>...........] - ETA: 13s - loss: 1.4125 - accuracy: 0.5742
 7000/10000 [====================>.........] - ETA: 11s - loss: 1.4076 - accuracy: 0.5733
 7500/10000 [=====================>........] - ETA: 9s - loss: 1.3990 - accuracy: 0.5744 
 8000/10000 [=======================>......] - ETA: 7s - loss: 1.3919 - accuracy: 0.5753
 8500/10000 [========================>.....] - ETA: 5s - loss: 1.3797 - accuracy: 0.5774
 9000/10000 [==========================>...] - ETA: 3s - loss: 1.3659 - accuracy: 0.5807
 9500/10000 [===========================>..] - ETA: 1s - loss: 1.3441 - accuracy: 0.5868
10000/10000 [==============================] - 38s 4ms/step - loss: 1.3431 - accuracy: 0.5851 - val_loss: 1.2502 - val_accuracy: 0.5852
Epoch 3/5

  500/10000 [>.............................] - ETA: 34s - loss: 1.0656 - accuracy: 0.6520
 1000/10000 [==>...........................] - ETA: 33s - loss: 1.1032 - accuracy: 0.6440
 1500/10000 [===>..........................] - ETA: 32s - loss: 1.0998 - accuracy: 0.6533
 2000/10000 [=====>........................] - ETA: 30s - loss: 1.0700 - accuracy: 0.6645
 2500/10000 [======>.......................] - ETA: 28s - loss: 1.0247 - accuracy: 0.6756
 3000/10000 [========>.....................] - ETA: 26s - loss: 0.9907 - accuracy: 0.6827
 3500/10000 [=========>....................] - ETA: 24s - loss: 0.9778 - accuracy: 0.6851
 4000/10000 [===========>..................] - ETA: 23s - loss: 0.9496 - accuracy: 0.6967
 4500/10000 [============>.................] - ETA: 21s - loss: 0.9231 - accuracy: 0.7020
 5000/10000 [==============>...............] - ETA: 19s - loss: 0.9298 - accuracy: 0.7010
 5500/10000 [===============>..............] - ETA: 17s - loss: 0.9264 - accuracy: 0.7025
 6000/10000 [=================>............] - ETA: 15s - loss: 0.9254 - accuracy: 0.7043
 6500/10000 [==================>...........] - ETA: 13s - loss: 0.9566 - accuracy: 0.6986
 7000/10000 [====================>.........] - ETA: 11s - loss: 0.9539 - accuracy: 0.7010
 7500/10000 [=====================>........] - ETA: 9s - loss: 0.9376 - accuracy: 0.7063 
 8000/10000 [=======================>......] - ETA: 7s - loss: 0.9235 - accuracy: 0.7110
 8500/10000 [========================>.....] - ETA: 5s - loss: 0.9167 - accuracy: 0.7136
 9000/10000 [==========================>...] - ETA: 3s - loss: 0.9035 - accuracy: 0.7186
 9500/10000 [===========================>..] - ETA: 1s - loss: 0.9129 - accuracy: 0.7181
10000/10000 [==============================] - 38s 4ms/step - loss: 0.9173 - accuracy: 0.7170 - val_loss: 1.0915 - val_accuracy: 0.6592
Epoch 4/5

  500/10000 [>.............................] - ETA: 34s - loss: 0.9201 - accuracy: 0.7220
 1000/10000 [==>...........................] - ETA: 34s - loss: 0.8987 - accuracy: 0.7180
 1500/10000 [===>..........................] - ETA: 32s - loss: 0.8374 - accuracy: 0.7453
 2000/10000 [=====>........................] - ETA: 30s - loss: 0.8437 - accuracy: 0.7435
 2500/10000 [======>.......................] - ETA: 28s - loss: 0.8401 - accuracy: 0.7464
 3000/10000 [========>.....................] - ETA: 26s - loss: 0.8346 - accuracy: 0.7473
 3500/10000 [=========>....................] - ETA: 24s - loss: 0.8445 - accuracy: 0.7420
 4000/10000 [===========>..................] - ETA: 22s - loss: 0.8415 - accuracy: 0.7433
 4500/10000 [============>.................] - ETA: 20s - loss: 0.8555 - accuracy: 0.7322
 5000/10000 [==============>...............] - ETA: 18s - loss: 0.8674 - accuracy: 0.7244
 5500/10000 [===============>..............] - ETA: 17s - loss: 0.8761 - accuracy: 0.7222
 6000/10000 [=================>............] - ETA: 15s - loss: 0.8608 - accuracy: 0.7268
 6500/10000 [==================>...........] - ETA: 13s - loss: 0.8742 - accuracy: 0.7217
 7000/10000 [====================>.........] - ETA: 11s - loss: 0.8684 - accuracy: 0.7223
 7500/10000 [=====================>........] - ETA: 9s - loss: 0.8738 - accuracy: 0.7221 
 8000/10000 [=======================>......] - ETA: 7s - loss: 0.8770 - accuracy: 0.7205
 8500/10000 [========================>.....] - ETA: 5s - loss: 0.8707 - accuracy: 0.7225
 9000/10000 [==========================>...] - ETA: 3s - loss: 0.8578 - accuracy: 0.7260
 9500/10000 [===========================>..] - ETA: 1s - loss: 0.8566 - accuracy: 0.7275
10000/10000 [==============================] - 38s 4ms/step - loss: 0.8469 - accuracy: 0.7310 - val_loss: 0.9543 - val_accuracy: 0.6960
Epoch 5/5

  500/10000 [>.............................] - ETA: 34s - loss: 0.7601 - accuracy: 0.7700
 1000/10000 [==>...........................] - ETA: 34s - loss: 0.7999 - accuracy: 0.7490
 1500/10000 [===>..........................] - ETA: 31s - loss: 0.8067 - accuracy: 0.7540
 2000/10000 [=====>........................] - ETA: 30s - loss: 0.7610 - accuracy: 0.7660
 2500/10000 [======>.......................] - ETA: 28s - loss: 0.7338 - accuracy: 0.7708
 3000/10000 [========>.....................] - ETA: 26s - loss: 0.7294 - accuracy: 0.7680
 3500/10000 [=========>....................] - ETA: 24s - loss: 0.7465 - accuracy: 0.7646
 4000/10000 [===========>..................] - ETA: 22s - loss: 0.7492 - accuracy: 0.7605
 4500/10000 [============>.................] - ETA: 21s - loss: 0.7458 - accuracy: 0.7604
 5000/10000 [==============>...............] - ETA: 19s - loss: 0.7370 - accuracy: 0.7616
 5500/10000 [===============>..............] - ETA: 17s - loss: 0.7191 - accuracy: 0.7664
 6000/10000 [=================>............] - ETA: 15s - loss: 0.7090 - accuracy: 0.7712
 6500/10000 [==================>...........] - ETA: 13s - loss: 0.7019 - accuracy: 0.7726
 7000/10000 [====================>.........] - ETA: 11s - loss: 0.7120 - accuracy: 0.7700
 7500/10000 [=====================>........] - ETA: 9s - loss: 0.7184 - accuracy: 0.7677 
 8000/10000 [=======================>......] - ETA: 7s - loss: 0.7121 - accuracy: 0.7696
 8500/10000 [========================>.....] - ETA: 5s - loss: 0.7033 - accuracy: 0.7739
 9000/10000 [==========================>...] - ETA: 3s - loss: 0.6991 - accuracy: 0.7750
 9500/10000 [===========================>..] - ETA: 1s - loss: 0.6973 - accuracy: 0.7764
10000/10000 [==============================] - 39s 4ms/step - loss: 0.6951 - accuracy: 0.7764 - val_loss: 0.8238 - val_accuracy: 0.7340
Latency --- 192.8056399822235 seconds ---
For delta=0.000100, the current epsilon is: 4.0678
=====================Iteration========================== 8
For delta=0.000100, the current epsilon is: 4.0678
Noise Mutiplier 1
loss= <keras.losses.CategoricalCrossentropy object at 0x101a42b450>
in grads Tensor("loss_7/mul:0", shape=(?,), dtype=float32)
Train on 10000 samples, validate on 2500 samples
Epoch 1/5

  500/10000 [>.............................] - ETA: 36s - loss: 2.3170 - accuracy: 0.0880
 1000/10000 [==>...........................] - ETA: 34s - loss: 2.3109 - accuracy: 0.0970
 1500/10000 [===>..........................] - ETA: 32s - loss: 2.3060 - accuracy: 0.0940
 2000/10000 [=====>........................] - ETA: 30s - loss: 2.3012 - accuracy: 0.0950
 2500/10000 [======>.......................] - ETA: 28s - loss: 2.2964 - accuracy: 0.1040
 3000/10000 [========>.....................] - ETA: 26s - loss: 2.2906 - accuracy: 0.1147
 3500/10000 [=========>....................] - ETA: 25s - loss: 2.2859 - accuracy: 0.1209
 4000/10000 [===========>..................] - ETA: 23s - loss: 2.2810 - accuracy: 0.1190
 4500/10000 [============>.................] - ETA: 21s - loss: 2.2787 - accuracy: 0.1227
 5000/10000 [==============>...............] - ETA: 19s - loss: 2.2714 - accuracy: 0.1372
 5500/10000 [===============>..............] - ETA: 17s - loss: 2.2607 - accuracy: 0.1425
 6000/10000 [=================>............] - ETA: 15s - loss: 2.2492 - accuracy: 0.1510
 6500/10000 [==================>...........] - ETA: 13s - loss: 2.2359 - accuracy: 0.1652
 7000/10000 [====================>.........] - ETA: 11s - loss: 2.2205 - accuracy: 0.1690
 7500/10000 [=====================>........] - ETA: 9s - loss: 2.2045 - accuracy: 0.1853 
 8000/10000 [=======================>......] - ETA: 7s - loss: 2.1880 - accuracy: 0.1956
 8500/10000 [========================>.....] - ETA: 5s - loss: 2.1697 - accuracy: 0.2088
 9000/10000 [==========================>...] - ETA: 3s - loss: 2.1524 - accuracy: 0.2208
 9500/10000 [===========================>..] - ETA: 1s - loss: 2.1436 - accuracy: 0.2247
10000/10000 [==============================] - 39s 4ms/step - loss: 2.1273 - accuracy: 0.2358 - val_loss: 1.9036 - val_accuracy: 0.3608
Epoch 2/5

  500/10000 [>.............................] - ETA: 35s - loss: 1.8614 - accuracy: 0.3580
 1000/10000 [==>...........................] - ETA: 33s - loss: 1.8297 - accuracy: 0.3710
 1500/10000 [===>..........................] - ETA: 32s - loss: 1.8211 - accuracy: 0.3773
 2000/10000 [=====>........................] - ETA: 30s - loss: 1.7903 - accuracy: 0.4055
 2500/10000 [======>.......................] - ETA: 28s - loss: 1.7814 - accuracy: 0.4152
 3000/10000 [========>.....................] - ETA: 26s - loss: 1.7939 - accuracy: 0.3973
 3500/10000 [=========>....................] - ETA: 25s - loss: 1.7607 - accuracy: 0.4160
 4000/10000 [===========>..................] - ETA: 23s - loss: 1.7407 - accuracy: 0.4207
 4500/10000 [============>.................] - ETA: 21s - loss: 1.7306 - accuracy: 0.4289
 5000/10000 [==============>...............] - ETA: 19s - loss: 1.6987 - accuracy: 0.4376
 5500/10000 [===============>..............] - ETA: 17s - loss: 1.6711 - accuracy: 0.4515
 6000/10000 [=================>............] - ETA: 15s - loss: 1.6510 - accuracy: 0.4558
 6500/10000 [==================>...........] - ETA: 13s - loss: 1.6302 - accuracy: 0.4628
 7000/10000 [====================>.........] - ETA: 11s - loss: 1.6214 - accuracy: 0.4623
 7500/10000 [=====================>........] - ETA: 9s - loss: 1.6087 - accuracy: 0.4663 
 8000/10000 [=======================>......] - ETA: 7s - loss: 1.5934 - accuracy: 0.4711
 8500/10000 [========================>.....] - ETA: 5s - loss: 1.5797 - accuracy: 0.4748
 9000/10000 [==========================>...] - ETA: 3s - loss: 1.5689 - accuracy: 0.4786
 9500/10000 [===========================>..] - ETA: 1s - loss: 1.5464 - accuracy: 0.4873
10000/10000 [==============================] - 39s 4ms/step - loss: 1.5325 - accuracy: 0.4926 - val_loss: 1.4905 - val_accuracy: 0.5068
Epoch 3/5

  500/10000 [>.............................] - ETA: 37s - loss: 1.4656 - accuracy: 0.5000
 1000/10000 [==>...........................] - ETA: 35s - loss: 1.4181 - accuracy: 0.5480
 1500/10000 [===>..........................] - ETA: 33s - loss: 1.3099 - accuracy: 0.5800
 2000/10000 [=====>........................] - ETA: 30s - loss: 1.2405 - accuracy: 0.6085
 2500/10000 [======>.......................] - ETA: 28s - loss: 1.2581 - accuracy: 0.6020
 3000/10000 [========>.....................] - ETA: 27s - loss: 1.2377 - accuracy: 0.6120
 3500/10000 [=========>....................] - ETA: 25s - loss: 1.2364 - accuracy: 0.6163
 4000/10000 [===========>..................] - ETA: 23s - loss: 1.2315 - accuracy: 0.6150
 4500/10000 [============>.................] - ETA: 21s - loss: 1.2235 - accuracy: 0.6153
 5000/10000 [==============>...............] - ETA: 19s - loss: 1.2291 - accuracy: 0.6078
 5500/10000 [===============>..............] - ETA: 17s - loss: 1.2194 - accuracy: 0.6120
 6000/10000 [=================>............] - ETA: 15s - loss: 1.2127 - accuracy: 0.6140
 6500/10000 [==================>...........] - ETA: 13s - loss: 1.2036 - accuracy: 0.6145
 7000/10000 [====================>.........] - ETA: 11s - loss: 1.1865 - accuracy: 0.6183
 7500/10000 [=====================>........] - ETA: 9s - loss: 1.1818 - accuracy: 0.6211 
 8000/10000 [=======================>......] - ETA: 7s - loss: 1.1868 - accuracy: 0.6204
 8500/10000 [========================>.....] - ETA: 5s - loss: 1.1760 - accuracy: 0.6235
 9000/10000 [==========================>...] - ETA: 3s - loss: 1.1666 - accuracy: 0.6274
 9500/10000 [===========================>..] - ETA: 1s - loss: 1.1647 - accuracy: 0.6292
10000/10000 [==============================] - 39s 4ms/step - loss: 1.1622 - accuracy: 0.6294 - val_loss: 1.0215 - val_accuracy: 0.6984
Epoch 4/5

  500/10000 [>.............................] - ETA: 35s - loss: 0.9397 - accuracy: 0.7180
 1000/10000 [==>...........................] - ETA: 34s - loss: 0.8939 - accuracy: 0.7290
 1500/10000 [===>..........................] - ETA: 32s - loss: 0.9712 - accuracy: 0.6947
 2000/10000 [=====>........................] - ETA: 30s - loss: 1.0233 - accuracy: 0.6860
 2500/10000 [======>.......................] - ETA: 28s - loss: 0.9784 - accuracy: 0.6964
 3000/10000 [========>.....................] - ETA: 26s - loss: 0.9908 - accuracy: 0.6987
 3500/10000 [=========>....................] - ETA: 24s - loss: 1.0182 - accuracy: 0.6934
 4000/10000 [===========>..................] - ETA: 22s - loss: 0.9890 - accuracy: 0.7010
 4500/10000 [============>.................] - ETA: 21s - loss: 0.9957 - accuracy: 0.6971
 5000/10000 [==============>...............] - ETA: 19s - loss: 0.9698 - accuracy: 0.7062
 5500/10000 [===============>..............] - ETA: 17s - loss: 0.9591 - accuracy: 0.7073
 6000/10000 [=================>............] - ETA: 15s - loss: 0.9479 - accuracy: 0.7090
 6500/10000 [==================>...........] - ETA: 13s - loss: 0.9324 - accuracy: 0.7134
 7000/10000 [====================>.........] - ETA: 11s - loss: 0.9216 - accuracy: 0.7163
 7500/10000 [=====================>........] - ETA: 9s - loss: 0.9240 - accuracy: 0.7145 
 8000/10000 [=======================>......] - ETA: 7s - loss: 0.9415 - accuracy: 0.7099
 8500/10000 [========================>.....] - ETA: 5s - loss: 0.9311 - accuracy: 0.7126
 9000/10000 [==========================>...] - ETA: 3s - loss: 0.9306 - accuracy: 0.7128
 9500/10000 [===========================>..] - ETA: 1s - loss: 0.9311 - accuracy: 0.7128
10000/10000 [==============================] - 38s 4ms/step - loss: 0.9176 - accuracy: 0.7175 - val_loss: 1.0568 - val_accuracy: 0.6812
Epoch 5/5

  500/10000 [>.............................] - ETA: 35s - loss: 0.9883 - accuracy: 0.7040
 1000/10000 [==>...........................] - ETA: 33s - loss: 0.8586 - accuracy: 0.7280
 1500/10000 [===>..........................] - ETA: 32s - loss: 0.8102 - accuracy: 0.7413
 2000/10000 [=====>........................] - ETA: 30s - loss: 0.8259 - accuracy: 0.7405
 2500/10000 [======>.......................] - ETA: 28s - loss: 0.8542 - accuracy: 0.7388
 3000/10000 [========>.....................] - ETA: 26s - loss: 0.8356 - accuracy: 0.7393
 3500/10000 [=========>....................] - ETA: 24s - loss: 0.8529 - accuracy: 0.7340
 4000/10000 [===========>..................] - ETA: 22s - loss: 0.8371 - accuracy: 0.7370
 4500/10000 [============>.................] - ETA: 21s - loss: 0.8206 - accuracy: 0.7422
 5000/10000 [==============>...............] - ETA: 19s - loss: 0.8218 - accuracy: 0.7432
 5500/10000 [===============>..............] - ETA: 17s - loss: 0.8114 - accuracy: 0.7458
 6000/10000 [=================>............] - ETA: 15s - loss: 0.8027 - accuracy: 0.7487
 6500/10000 [==================>...........] - ETA: 13s - loss: 0.8018 - accuracy: 0.7511
 7000/10000 [====================>.........] - ETA: 11s - loss: 0.8032 - accuracy: 0.7539
 7500/10000 [=====================>........] - ETA: 9s - loss: 0.8032 - accuracy: 0.7545 
 8000/10000 [=======================>......] - ETA: 7s - loss: 0.8005 - accuracy: 0.7559
 8500/10000 [========================>.....] - ETA: 5s - loss: 0.7926 - accuracy: 0.7586
 9000/10000 [==========================>...] - ETA: 3s - loss: 0.7802 - accuracy: 0.7618
 9500/10000 [===========================>..] - ETA: 1s - loss: 0.7804 - accuracy: 0.7624
10000/10000 [==============================] - 39s 4ms/step - loss: 0.7738 - accuracy: 0.7652 - val_loss: 0.9252 - val_accuracy: 0.7156
Latency --- 193.8990683555603 seconds ---
For delta=0.000100, the current epsilon is: 4.0678
=====================Iteration========================== 9
For delta=0.000100, the current epsilon is: 4.0678
Noise Mutiplier 1
loss= <keras.losses.CategoricalCrossentropy object at 0x101a5bde90>
in grads Tensor("loss_8/mul:0", shape=(?,), dtype=float32)
Train on 10000 samples, validate on 2500 samples
Epoch 1/5

  500/10000 [>.............................] - ETA: 37s - loss: 2.3064 - accuracy: 0.1200
 1000/10000 [==>...........................] - ETA: 35s - loss: 2.2935 - accuracy: 0.1220
 1500/10000 [===>..........................] - ETA: 33s - loss: 2.2806 - accuracy: 0.1400
 2000/10000 [=====>........................] - ETA: 31s - loss: 2.2651 - accuracy: 0.1670
 2500/10000 [======>.......................] - ETA: 29s - loss: 2.2476 - accuracy: 0.1824
 3000/10000 [========>.....................] - ETA: 27s - loss: 2.2340 - accuracy: 0.2053
 3500/10000 [=========>....................] - ETA: 25s - loss: 2.2144 - accuracy: 0.2211
 4000/10000 [===========>..................] - ETA: 23s - loss: 2.1981 - accuracy: 0.2330
 4500/10000 [============>.................] - ETA: 21s - loss: 2.1904 - accuracy: 0.2440
 5000/10000 [==============>...............] - ETA: 19s - loss: 2.1872 - accuracy: 0.2394
 5500/10000 [===============>..............] - ETA: 17s - loss: 2.1762 - accuracy: 0.2475
 6000/10000 [=================>............] - ETA: 15s - loss: 2.1670 - accuracy: 0.2528
 6500/10000 [==================>...........] - ETA: 13s - loss: 2.1543 - accuracy: 0.2608
 7000/10000 [====================>.........] - ETA: 11s - loss: 2.1448 - accuracy: 0.2630
 7500/10000 [=====================>........] - ETA: 9s - loss: 2.1286 - accuracy: 0.2680 
 8000/10000 [=======================>......] - ETA: 7s - loss: 2.1121 - accuracy: 0.2785
 8500/10000 [========================>.....] - ETA: 5s - loss: 2.1018 - accuracy: 0.2756
 9000/10000 [==========================>...] - ETA: 3s - loss: 2.0959 - accuracy: 0.2809
 9500/10000 [===========================>..] - ETA: 1s - loss: 2.0816 - accuracy: 0.2832
10000/10000 [==============================] - 39s 4ms/step - loss: 2.0670 - accuracy: 0.2915 - val_loss: 1.7701 - val_accuracy: 0.4356
Epoch 2/5

  500/10000 [>.............................] - ETA: 36s - loss: 1.7075 - accuracy: 0.4240
 1000/10000 [==>...........................] - ETA: 33s - loss: 1.7558 - accuracy: 0.3920
 1500/10000 [===>..........................] - ETA: 32s - loss: 1.7749 - accuracy: 0.3813
 2000/10000 [=====>........................] - ETA: 30s - loss: 1.7665 - accuracy: 0.3900
 2500/10000 [======>.......................] - ETA: 28s - loss: 1.7217 - accuracy: 0.4172
 3000/10000 [========>.....................] - ETA: 26s - loss: 1.7023 - accuracy: 0.4297
 3500/10000 [=========>....................] - ETA: 24s - loss: 1.6830 - accuracy: 0.4354
 4000/10000 [===========>..................] - ETA: 22s - loss: 1.6604 - accuracy: 0.4448
 4500/10000 [============>.................] - ETA: 21s - loss: 1.6434 - accuracy: 0.4491
 5000/10000 [==============>...............] - ETA: 19s - loss: 1.6215 - accuracy: 0.4598
 5500/10000 [===============>..............] - ETA: 17s - loss: 1.6287 - accuracy: 0.4556
 6000/10000 [=================>............] - ETA: 15s - loss: 1.6320 - accuracy: 0.4553
 6500/10000 [==================>...........] - ETA: 13s - loss: 1.6342 - accuracy: 0.4560
 7000/10000 [====================>.........] - ETA: 11s - loss: 1.6250 - accuracy: 0.4596
 7500/10000 [=====================>........] - ETA: 9s - loss: 1.6201 - accuracy: 0.4615 
 8000/10000 [=======================>......] - ETA: 7s - loss: 1.6142 - accuracy: 0.4610
 8500/10000 [========================>.....] - ETA: 5s - loss: 1.5912 - accuracy: 0.4709
 9000/10000 [==========================>...] - ETA: 3s - loss: 1.5839 - accuracy: 0.4698
 9500/10000 [===========================>..] - ETA: 1s - loss: 1.5775 - accuracy: 0.4723
10000/10000 [==============================] - 39s 4ms/step - loss: 1.5715 - accuracy: 0.4734 - val_loss: 1.4433 - val_accuracy: 0.5500
Epoch 3/5

  500/10000 [>.............................] - ETA: 36s - loss: 1.3285 - accuracy: 0.5760
 1000/10000 [==>...........................] - ETA: 34s - loss: 1.3249 - accuracy: 0.5300
 1500/10000 [===>..........................] - ETA: 32s - loss: 1.3513 - accuracy: 0.5433
 2000/10000 [=====>........................] - ETA: 30s - loss: 1.3077 - accuracy: 0.5510
 2500/10000 [======>.......................] - ETA: 28s - loss: 1.3147 - accuracy: 0.5476
 3000/10000 [========>.....................] - ETA: 26s - loss: 1.3222 - accuracy: 0.5387
 3500/10000 [=========>....................] - ETA: 24s - loss: 1.3548 - accuracy: 0.5331
 4000/10000 [===========>..................] - ETA: 22s - loss: 1.3411 - accuracy: 0.5397
 4500/10000 [============>.................] - ETA: 21s - loss: 1.3165 - accuracy: 0.5500
 5000/10000 [==============>...............] - ETA: 19s - loss: 1.2910 - accuracy: 0.5626
 5500/10000 [===============>..............] - ETA: 17s - loss: 1.2859 - accuracy: 0.5645
 6000/10000 [=================>............] - ETA: 15s - loss: 1.2743 - accuracy: 0.5718
 6500/10000 [==================>...........] - ETA: 13s - loss: 1.2734 - accuracy: 0.5734
 7000/10000 [====================>.........] - ETA: 11s - loss: 1.2708 - accuracy: 0.5737
 7500/10000 [=====================>........] - ETA: 9s - loss: 1.2629 - accuracy: 0.5781 
 8000/10000 [=======================>......] - ETA: 7s - loss: 1.2546 - accuracy: 0.5798
 8500/10000 [========================>.....] - ETA: 5s - loss: 1.2439 - accuracy: 0.5839
 9000/10000 [==========================>...] - ETA: 3s - loss: 1.2351 - accuracy: 0.5850
 9500/10000 [===========================>..] - ETA: 1s - loss: 1.2260 - accuracy: 0.5889
10000/10000 [==============================] - 39s 4ms/step - loss: 1.2155 - accuracy: 0.5925 - val_loss: 1.2457 - val_accuracy: 0.6016
Epoch 4/5

  500/10000 [>.............................] - ETA: 35s - loss: 1.1794 - accuracy: 0.6260
 1000/10000 [==>...........................] - ETA: 34s - loss: 1.1588 - accuracy: 0.6200
 1500/10000 [===>..........................] - ETA: 32s - loss: 1.0976 - accuracy: 0.6393
 2000/10000 [=====>........................] - ETA: 30s - loss: 1.0799 - accuracy: 0.6455
 2500/10000 [======>.......................] - ETA: 28s - loss: 1.0567 - accuracy: 0.6552
 3000/10000 [========>.....................] - ETA: 26s - loss: 1.0383 - accuracy: 0.6643
 3500/10000 [=========>....................] - ETA: 24s - loss: 1.0315 - accuracy: 0.6640
 4000/10000 [===========>..................] - ETA: 23s - loss: 1.0350 - accuracy: 0.6590
 4500/10000 [============>.................] - ETA: 21s - loss: 1.0396 - accuracy: 0.6589
 5000/10000 [==============>...............] - ETA: 19s - loss: 1.0291 - accuracy: 0.6678
 5500/10000 [===============>..............] - ETA: 17s - loss: 1.0180 - accuracy: 0.6720
 6000/10000 [=================>............] - ETA: 15s - loss: 1.0196 - accuracy: 0.6717
 6500/10000 [==================>...........] - ETA: 13s - loss: 1.0215 - accuracy: 0.6731
 7000/10000 [====================>.........] - ETA: 11s - loss: 1.0113 - accuracy: 0.6779
 7500/10000 [=====================>........] - ETA: 9s - loss: 1.0050 - accuracy: 0.6789 
 8000/10000 [=======================>......] - ETA: 7s - loss: 1.0000 - accuracy: 0.6808
 8500/10000 [========================>.....] - ETA: 5s - loss: 0.9881 - accuracy: 0.6840
 9000/10000 [==========================>...] - ETA: 3s - loss: 0.9882 - accuracy: 0.6833
 9500/10000 [===========================>..] - ETA: 1s - loss: 0.9829 - accuracy: 0.6857
10000/10000 [==============================] - 38s 4ms/step - loss: 0.9744 - accuracy: 0.6891 - val_loss: 0.8562 - val_accuracy: 0.7264
Epoch 5/5

  500/10000 [>.............................] - ETA: 36s - loss: 0.8589 - accuracy: 0.7100
 1000/10000 [==>...........................] - ETA: 33s - loss: 0.7823 - accuracy: 0.7590
 1500/10000 [===>..........................] - ETA: 31s - loss: 0.7899 - accuracy: 0.7593
 2000/10000 [=====>........................] - ETA: 30s - loss: 0.8087 - accuracy: 0.7525
 2500/10000 [======>.......................] - ETA: 28s - loss: 0.8025 - accuracy: 0.7488
 3000/10000 [========>.....................] - ETA: 26s - loss: 0.7893 - accuracy: 0.7547
 3500/10000 [=========>....................] - ETA: 24s - loss: 0.8049 - accuracy: 0.7491
 4000/10000 [===========>..................] - ETA: 22s - loss: 0.8428 - accuracy: 0.7400
 4500/10000 [============>.................] - ETA: 20s - loss: 0.8541 - accuracy: 0.7373
 5000/10000 [==============>...............] - ETA: 19s - loss: 0.8657 - accuracy: 0.7296
 5500/10000 [===============>..............] - ETA: 17s - loss: 0.8650 - accuracy: 0.7313
 6000/10000 [=================>............] - ETA: 15s - loss: 0.8562 - accuracy: 0.7338
 6500/10000 [==================>...........] - ETA: 13s - loss: 0.8465 - accuracy: 0.7348
 7000/10000 [====================>.........] - ETA: 11s - loss: 0.8369 - accuracy: 0.7383
 7500/10000 [=====================>........] - ETA: 9s - loss: 0.8330 - accuracy: 0.7377 
 8000/10000 [=======================>......] - ETA: 7s - loss: 0.8264 - accuracy: 0.7391
 8500/10000 [========================>.....] - ETA: 5s - loss: 0.8263 - accuracy: 0.7398
 9000/10000 [==========================>...] - ETA: 3s - loss: 0.8181 - accuracy: 0.7422
 9500/10000 [===========================>..] - ETA: 1s - loss: 0.8078 - accuracy: 0.7451
10000/10000 [==============================] - 38s 4ms/step - loss: 0.8071 - accuracy: 0.7470 - val_loss: 0.8168 - val_accuracy: 0.7376
Latency --- 193.94868159294128 seconds ---
For delta=0.000100, the current epsilon is: 4.0678
=====================Iteration========================== 10
For delta=0.000100, the current epsilon is: 4.0678
Noise Mutiplier 1
loss= <keras.losses.CategoricalCrossentropy object at 0x101a76e590>
in grads Tensor("loss_9/mul:0", shape=(?,), dtype=float32)
Train on 10000 samples, validate on 2500 samples
Epoch 1/5

  500/10000 [>.............................] - ETA: 42s - loss: 2.3160 - accuracy: 0.0880
 1000/10000 [==>...........................] - ETA: 37s - loss: 2.2995 - accuracy: 0.1140
 1500/10000 [===>..........................] - ETA: 34s - loss: 2.2904 - accuracy: 0.1287
 2000/10000 [=====>........................] - ETA: 32s - loss: 2.2818 - accuracy: 0.1555
 2500/10000 [======>.......................] - ETA: 29s - loss: 2.2726 - accuracy: 0.1704
 3000/10000 [========>.....................] - ETA: 27s - loss: 2.2647 - accuracy: 0.1717
 3500/10000 [=========>....................] - ETA: 25s - loss: 2.2560 - accuracy: 0.1717
 4000/10000 [===========>..................] - ETA: 23s - loss: 2.2474 - accuracy: 0.1678
 4500/10000 [============>.................] - ETA: 21s - loss: 2.2368 - accuracy: 0.1773
 5000/10000 [==============>...............] - ETA: 19s - loss: 2.2248 - accuracy: 0.1832
 5500/10000 [===============>..............] - ETA: 17s - loss: 2.2173 - accuracy: 0.1922
 6000/10000 [=================>............] - ETA: 15s - loss: 2.2086 - accuracy: 0.1928
 6500/10000 [==================>...........] - ETA: 13s - loss: 2.2005 - accuracy: 0.1965
 7000/10000 [====================>.........] - ETA: 11s - loss: 2.1890 - accuracy: 0.2117
 7500/10000 [=====================>........] - ETA: 9s - loss: 2.1754 - accuracy: 0.2192 
 8000/10000 [=======================>......] - ETA: 7s - loss: 2.1596 - accuracy: 0.2319
 8500/10000 [========================>.....] - ETA: 5s - loss: 2.1396 - accuracy: 0.2451
 9000/10000 [==========================>...] - ETA: 3s - loss: 2.1202 - accuracy: 0.2599
 9500/10000 [===========================>..] - ETA: 1s - loss: 2.1026 - accuracy: 0.2691
10000/10000 [==============================] - 39s 4ms/step - loss: 2.1022 - accuracy: 0.2701 - val_loss: 2.0713 - val_accuracy: 0.3160
Epoch 2/5

  500/10000 [>.............................] - ETA: 36s - loss: 1.9990 - accuracy: 0.3560
 1000/10000 [==>...........................] - ETA: 34s - loss: 1.9669 - accuracy: 0.3660
 1500/10000 [===>..........................] - ETA: 32s - loss: 1.9364 - accuracy: 0.3740
 2000/10000 [=====>........................] - ETA: 30s - loss: 1.9115 - accuracy: 0.3635
 2500/10000 [======>.......................] - ETA: 28s - loss: 1.9471 - accuracy: 0.3572
 3000/10000 [========>.....................] - ETA: 27s - loss: 1.9189 - accuracy: 0.3643
 3500/10000 [=========>....................] - ETA: 25s - loss: 1.9033 - accuracy: 0.3809
 4000/10000 [===========>..................] - ETA: 23s - loss: 1.9072 - accuracy: 0.3740
 4500/10000 [============>.................] - ETA: 21s - loss: 1.8828 - accuracy: 0.3804
 5000/10000 [==============>...............] - ETA: 19s - loss: 1.8735 - accuracy: 0.3806
 5500/10000 [===============>..............] - ETA: 17s - loss: 1.8478 - accuracy: 0.3902
 6000/10000 [=================>............] - ETA: 15s - loss: 1.8274 - accuracy: 0.3948
 6500/10000 [==================>...........] - ETA: 13s - loss: 1.8160 - accuracy: 0.3977
 7000/10000 [====================>.........] - ETA: 11s - loss: 1.8009 - accuracy: 0.4001
 7500/10000 [=====================>........] - ETA: 9s - loss: 1.7840 - accuracy: 0.4073 
 8000/10000 [=======================>......] - ETA: 7s - loss: 1.7713 - accuracy: 0.4116
 8500/10000 [========================>.....] - ETA: 5s - loss: 1.7827 - accuracy: 0.4088
 9000/10000 [==========================>...] - ETA: 3s - loss: 1.7606 - accuracy: 0.4167
 9500/10000 [===========================>..] - ETA: 1s - loss: 1.7455 - accuracy: 0.4189
10000/10000 [==============================] - 39s 4ms/step - loss: 1.7290 - accuracy: 0.4280 - val_loss: 1.4706 - val_accuracy: 0.4652
Epoch 3/5

  500/10000 [>.............................] - ETA: 36s - loss: 1.3656 - accuracy: 0.4900
 1000/10000 [==>...........................] - ETA: 34s - loss: 1.3598 - accuracy: 0.5130
 1500/10000 [===>..........................] - ETA: 32s - loss: 1.3610 - accuracy: 0.5260
 2000/10000 [=====>........................] - ETA: 30s - loss: 1.3361 - accuracy: 0.5395
 2500/10000 [======>.......................] - ETA: 28s - loss: 1.3273 - accuracy: 0.5436
 3000/10000 [========>.....................] - ETA: 26s - loss: 1.2843 - accuracy: 0.5677
 3500/10000 [=========>....................] - ETA: 24s - loss: 1.2794 - accuracy: 0.5686
 4000/10000 [===========>..................] - ETA: 23s - loss: 1.2807 - accuracy: 0.5640
 4500/10000 [============>.................] - ETA: 21s - loss: 1.2660 - accuracy: 0.5709
 5000/10000 [==============>...............] - ETA: 19s - loss: 1.2568 - accuracy: 0.5720
 5500/10000 [===============>..............] - ETA: 17s - loss: 1.2481 - accuracy: 0.5776
 6000/10000 [=================>............] - ETA: 15s - loss: 1.2397 - accuracy: 0.5788
 6500/10000 [==================>...........] - ETA: 13s - loss: 1.2331 - accuracy: 0.5818
 7000/10000 [====================>.........] - ETA: 11s - loss: 1.2321 - accuracy: 0.5819
 7500/10000 [=====================>........] - ETA: 9s - loss: 1.2282 - accuracy: 0.5819 
 8000/10000 [=======================>......] - ETA: 7s - loss: 1.2163 - accuracy: 0.5857
 8500/10000 [========================>.....] - ETA: 5s - loss: 1.2212 - accuracy: 0.5828
 9000/10000 [==========================>...] - ETA: 3s - loss: 1.2146 - accuracy: 0.5853
 9500/10000 [===========================>..] - ETA: 1s - loss: 1.2013 - accuracy: 0.5900
10000/10000 [==============================] - 39s 4ms/step - loss: 1.1925 - accuracy: 0.5930 - val_loss: 1.2443 - val_accuracy: 0.5648
Epoch 4/5

  500/10000 [>.............................] - ETA: 35s - loss: 1.1053 - accuracy: 0.6360
 1000/10000 [==>...........................] - ETA: 35s - loss: 1.1105 - accuracy: 0.6220
 1500/10000 [===>..........................] - ETA: 33s - loss: 1.1576 - accuracy: 0.6000
 2000/10000 [=====>........................] - ETA: 30s - loss: 1.1155 - accuracy: 0.6195
 2500/10000 [======>.......................] - ETA: 29s - loss: 1.0864 - accuracy: 0.6292
 3000/10000 [========>.....................] - ETA: 27s - loss: 1.0587 - accuracy: 0.6403
 3500/10000 [=========>....................] - ETA: 25s - loss: 1.0530 - accuracy: 0.6383
 4000/10000 [===========>..................] - ETA: 23s - loss: 1.0575 - accuracy: 0.6382
 4500/10000 [============>.................] - ETA: 21s - loss: 1.0621 - accuracy: 0.6373
 5000/10000 [==============>...............] - ETA: 19s - loss: 1.0859 - accuracy: 0.6324
 5500/10000 [===============>..............] - ETA: 17s - loss: 1.0863 - accuracy: 0.6331
 6000/10000 [=================>............] - ETA: 15s - loss: 1.0987 - accuracy: 0.6323
 6500/10000 [==================>...........] - ETA: 13s - loss: 1.0987 - accuracy: 0.6320
 7000/10000 [====================>.........] - ETA: 11s - loss: 1.0913 - accuracy: 0.6336
 7500/10000 [=====================>........] - ETA: 9s - loss: 1.0858 - accuracy: 0.6339 
 8000/10000 [=======================>......] - ETA: 7s - loss: 1.0812 - accuracy: 0.6346
 8500/10000 [========================>.....] - ETA: 5s - loss: 1.0789 - accuracy: 0.6353
 9000/10000 [==========================>...] - ETA: 3s - loss: 1.0780 - accuracy: 0.6331
 9500/10000 [===========================>..] - ETA: 1s - loss: 1.0769 - accuracy: 0.6346
10000/10000 [==============================] - 39s 4ms/step - loss: 1.0667 - accuracy: 0.6393 - val_loss: 1.0680 - val_accuracy: 0.6464
Epoch 5/5

  500/10000 [>.............................] - ETA: 36s - loss: 0.9839 - accuracy: 0.6720
 1000/10000 [==>...........................] - ETA: 35s - loss: 0.9966 - accuracy: 0.6720
 1500/10000 [===>..........................] - ETA: 32s - loss: 0.9720 - accuracy: 0.6727
 2000/10000 [=====>........................] - ETA: 30s - loss: 0.9607 - accuracy: 0.6775
 2500/10000 [======>.......................] - ETA: 28s - loss: 0.9486 - accuracy: 0.6816
 3000/10000 [========>.....................] - ETA: 26s - loss: 0.9498 - accuracy: 0.6777
 3500/10000 [=========>....................] - ETA: 24s - loss: 0.9723 - accuracy: 0.6746
 4000/10000 [===========>..................] - ETA: 23s - loss: 0.9814 - accuracy: 0.6668
 4500/10000 [============>.................] - ETA: 21s - loss: 0.9736 - accuracy: 0.6711
 5000/10000 [==============>...............] - ETA: 19s - loss: 0.9674 - accuracy: 0.6736
 5500/10000 [===============>..............] - ETA: 17s - loss: 0.9574 - accuracy: 0.6775
 6000/10000 [=================>............] - ETA: 15s - loss: 0.9443 - accuracy: 0.6808
 6500/10000 [==================>...........] - ETA: 13s - loss: 0.9511 - accuracy: 0.6818
 7000/10000 [====================>.........] - ETA: 11s - loss: 0.9557 - accuracy: 0.6823
 7500/10000 [=====================>........] - ETA: 9s - loss: 0.9560 - accuracy: 0.6824 
 8000/10000 [=======================>......] - ETA: 7s - loss: 0.9673 - accuracy: 0.6793
 8500/10000 [========================>.....] - ETA: 5s - loss: 0.9753 - accuracy: 0.6769
 9000/10000 [==========================>...] - ETA: 3s - loss: 0.9700 - accuracy: 0.6781
 9500/10000 [===========================>..] - ETA: 1s - loss: 0.9598 - accuracy: 0.6815
10000/10000 [==============================] - 39s 4ms/step - loss: 0.9598 - accuracy: 0.6812 - val_loss: 0.9359 - val_accuracy: 0.7004
Latency --- 194.76109099388123 seconds ---
For delta=0.000100, the current epsilon is: 4.0678
