
=====================ITERATION 1==========================
We are using Tensorflow version 1.15.2
Keras API version: 2.3.1
Noise Mutiplier 0.83
loss= <keras.losses.CategoricalCrossentropy object at 0x1015e8ae90>

# Evaluate on test data

  500/10000 [>.............................] - ETA: 1s
 1500/10000 [===>..........................] - ETA: 0s
 2500/10000 [======>.......................] - ETA: 0s
 3500/10000 [=========>....................] - ETA: 0s
 5000/10000 [==============>...............] - ETA: 0s
 6000/10000 [=================>............] - ETA: 0s
 7000/10000 [====================>.........] - ETA: 0s
 8000/10000 [=======================>......] - ETA: 0s
 9500/10000 [===========================>..] - ETA: 0s
10000/10000 [==============================] - 1s 55us/step
Accuracy: 81.90000057220459
Latency --- 0.6247110366821289 seconds ---
trained with DP
=====================ITERATION 2==========================
We are using Tensorflow version 1.15.2
Keras API version: 2.3.1
Noise Mutiplier 0.83
loss= <keras.losses.CategoricalCrossentropy object at 0x1015ea8e50>

# Evaluate on test data

  500/10000 [>.............................] - ETA: 1s
 1500/10000 [===>..........................] - ETA: 0s
 2500/10000 [======>.......................] - ETA: 0s
 3500/10000 [=========>....................] - ETA: 0s
 5000/10000 [==============>...............] - ETA: 0s
 6000/10000 [=================>............] - ETA: 0s
 7000/10000 [====================>.........] - ETA: 0s
 8000/10000 [=======================>......] - ETA: 0s
 9500/10000 [===========================>..] - ETA: 0s
10000/10000 [==============================] - 1s 55us/step
Accuracy: 81.90000057220459
Latency --- 0.6240682601928711 seconds ---
trained with DP
=====================ITERATION 3==========================
We are using Tensorflow version 1.15.2
Keras API version: 2.3.1
Noise Mutiplier 0.83
loss= <keras.losses.CategoricalCrossentropy object at 0x10151ec410>

# Evaluate on test data

  500/10000 [>.............................] - ETA: 1s
 1500/10000 [===>..........................] - ETA: 0s
 2500/10000 [======>.......................] - ETA: 0s
 3500/10000 [=========>....................] - ETA: 0s
 4500/10000 [============>.................] - ETA: 0s
 5500/10000 [===============>..............] - ETA: 0s
 6500/10000 [==================>...........] - ETA: 0s
 7500/10000 [=====================>........] - ETA: 0s
 8500/10000 [========================>.....] - ETA: 0s
 9500/10000 [===========================>..] - ETA: 0s
10000/10000 [==============================] - 1s 57us/step
Accuracy: 81.90000057220459
Latency --- 0.6372077465057373 seconds ---
trained with DP
=====================ITERATION 4==========================
We are using Tensorflow version 1.15.2
Keras API version: 2.3.1
Noise Mutiplier 0.83
loss= <keras.losses.CategoricalCrossentropy object at 0x101539c290>

# Evaluate on test data

  500/10000 [>.............................] - ETA: 1s
 1500/10000 [===>..........................] - ETA: 0s
 2500/10000 [======>.......................] - ETA: 0s
 3500/10000 [=========>....................] - ETA: 0s
 4500/10000 [============>.................] - ETA: 0s
 5500/10000 [===============>..............] - ETA: 0s
 6500/10000 [==================>...........] - ETA: 0s
 7500/10000 [=====================>........] - ETA: 0s
 8500/10000 [========================>.....] - ETA: 0s
10000/10000 [==============================] - 1s 56us/step
Accuracy: 81.90000057220459
Latency --- 0.6263089179992676 seconds ---
trained with DP
=====================ITERATION 5==========================
We are using Tensorflow version 1.15.2
Keras API version: 2.3.1
Noise Mutiplier 0.83
loss= <keras.losses.CategoricalCrossentropy object at 0x10157fd290>

# Evaluate on test data

  500/10000 [>.............................] - ETA: 1s
 1500/10000 [===>..........................] - ETA: 0s
 2500/10000 [======>.......................] - ETA: 0s
 3500/10000 [=========>....................] - ETA: 0s
 4500/10000 [============>.................] - ETA: 0s
 5500/10000 [===============>..............] - ETA: 0s
 6500/10000 [==================>...........] - ETA: 0s
 7500/10000 [=====================>........] - ETA: 0s
 8500/10000 [========================>.....] - ETA: 0s
10000/10000 [==============================] - 1s 56us/step
Accuracy: 81.90000057220459
Latency --- 0.6329672336578369 seconds ---
trained with DP
=====================ITERATION 6==========================
We are using Tensorflow version 1.15.2
Keras API version: 2.3.1
Noise Mutiplier 0.83
loss= <keras.losses.CategoricalCrossentropy object at 0x10149ceb50>

# Evaluate on test data

  500/10000 [>.............................] - ETA: 1s
 1500/10000 [===>..........................] - ETA: 0s
 2500/10000 [======>.......................] - ETA: 0s
 3500/10000 [=========>....................] - ETA: 0s
 4500/10000 [============>.................] - ETA: 0s
 5500/10000 [===============>..............] - ETA: 0s
 6500/10000 [==================>...........] - ETA: 0s
 7500/10000 [=====================>........] - ETA: 0s
 8500/10000 [========================>.....] - ETA: 0s
10000/10000 [==============================] - 1s 55us/step
Accuracy: 81.90000057220459
Latency --- 0.6260619163513184 seconds ---
trained with DP
=====================ITERATION 7==========================
We are using Tensorflow version 1.15.2
Keras API version: 2.3.1
Noise Mutiplier 0.83
loss= <keras.losses.CategoricalCrossentropy object at 0x1015870bd0>

# Evaluate on test data

  500/10000 [>.............................] - ETA: 1s
 1500/10000 [===>..........................] - ETA: 0s
 2500/10000 [======>.......................] - ETA: 0s
 3500/10000 [=========>....................] - ETA: 0s
 5000/10000 [==============>...............] - ETA: 0s
 6000/10000 [=================>............] - ETA: 0s
 7000/10000 [====================>.........] - ETA: 0s
 8000/10000 [=======================>......] - ETA: 0s
 9500/10000 [===========================>..] - ETA: 0s
10000/10000 [==============================] - 1s 55us/step
Accuracy: 81.90000057220459
Latency --- 0.6232316493988037 seconds ---
trained with DP
=====================ITERATION 8==========================
We are using Tensorflow version 1.15.2
Keras API version: 2.3.1
Noise Mutiplier 0.83
loss= <keras.losses.CategoricalCrossentropy object at 0x1015ea8050>

# Evaluate on test data

  500/10000 [>.............................] - ETA: 1s
 1500/10000 [===>..........................] - ETA: 0s
 2500/10000 [======>.......................] - ETA: 0s
 3500/10000 [=========>....................] - ETA: 0s
 4500/10000 [============>.................] - ETA: 0s
 5500/10000 [===============>..............] - ETA: 0s
 6500/10000 [==================>...........] - ETA: 0s
 7500/10000 [=====================>........] - ETA: 0s
 9000/10000 [==========================>...] - ETA: 0s
10000/10000 [==============================] - 1s 56us/step
Accuracy: 81.90000057220459
Latency --- 0.6298906803131104 seconds ---
trained with DP
=====================ITERATION 9==========================
We are using Tensorflow version 1.15.2
Keras API version: 2.3.1
Noise Mutiplier 0.83
loss= <keras.losses.CategoricalCrossentropy object at 0x1015ea4590>

# Evaluate on test data

  500/10000 [>.............................] - ETA: 1s
 1500/10000 [===>..........................] - ETA: 0s
 2500/10000 [======>.......................] - ETA: 0s
 4000/10000 [===========>..................] - ETA: 0s
 5000/10000 [==============>...............] - ETA: 0s
 6000/10000 [=================>............] - ETA: 0s
 7000/10000 [====================>.........] - ETA: 0s
 8500/10000 [========================>.....] - ETA: 0s
 9500/10000 [===========================>..] - ETA: 0s
10000/10000 [==============================] - 1s 55us/step
Accuracy: 81.90000057220459
Latency --- 0.6213881969451904 seconds ---
trained with DP
=====================ITERATION 10==========================
We are using Tensorflow version 1.15.2
Keras API version: 2.3.1
Noise Mutiplier 0.83
loss= <keras.losses.CategoricalCrossentropy object at 0x1015393710>

# Evaluate on test data

  500/10000 [>.............................] - ETA: 1s
 1500/10000 [===>..........................] - ETA: 0s
 2500/10000 [======>.......................] - ETA: 0s
 3500/10000 [=========>....................] - ETA: 0s
 4500/10000 [============>.................] - ETA: 0s
 5500/10000 [===============>..............] - ETA: 0s
 6500/10000 [==================>...........] - ETA: 0s
 7500/10000 [=====================>........] - ETA: 0s
 9000/10000 [==========================>...] - ETA: 0s
10000/10000 [==============================] - 1s 55us/step
Accuracy: 81.90000057220459
Latency --- 0.6259517669677734 seconds ---
trained with DP
