We are using Tensorflow version 1.15.2
Keras API version: 2.3.1
=====================Iteration========================== 1
For delta=0.000100, the current epsilon is: 2.0042
Noise Mutiplier 1.49
loss= <keras.losses.CategoricalCrossentropy object at 0x1017331190>
in grads Tensor("loss/mul:0", shape=(?,), dtype=float32)
Train on 10000 samples, validate on 2500 samples
Epoch 1/5

  500/10000 [>.............................] - ETA: 38s - loss: 2.3318 - accuracy: 0.0560
 1000/10000 [==>...........................] - ETA: 35s - loss: 2.3155 - accuracy: 0.0700
 1500/10000 [===>..........................] - ETA: 33s - loss: 2.3057 - accuracy: 0.0947
 2000/10000 [=====>........................] - ETA: 30s - loss: 2.2985 - accuracy: 0.1155
 2500/10000 [======>.......................] - ETA: 28s - loss: 2.2938 - accuracy: 0.1160
 3000/10000 [========>.....................] - ETA: 27s - loss: 2.2900 - accuracy: 0.1240
 3500/10000 [=========>....................] - ETA: 25s - loss: 2.2807 - accuracy: 0.1346
 4000/10000 [===========>..................] - ETA: 23s - loss: 2.2712 - accuracy: 0.1482
 4500/10000 [============>.................] - ETA: 21s - loss: 2.2632 - accuracy: 0.1542
 5000/10000 [==============>...............] - ETA: 19s - loss: 2.2506 - accuracy: 0.1568
 5500/10000 [===============>..............] - ETA: 17s - loss: 2.2384 - accuracy: 0.1775
 6000/10000 [=================>............] - ETA: 15s - loss: 2.2295 - accuracy: 0.1817
 6500/10000 [==================>...........] - ETA: 13s - loss: 2.2162 - accuracy: 0.1918
 7000/10000 [====================>.........] - ETA: 11s - loss: 2.1993 - accuracy: 0.2034
 7500/10000 [=====================>........] - ETA: 9s - loss: 2.1867 - accuracy: 0.2105 
 8000/10000 [=======================>......] - ETA: 7s - loss: 2.1693 - accuracy: 0.2211
 8500/10000 [========================>.....] - ETA: 5s - loss: 2.1515 - accuracy: 0.2322
 9000/10000 [==========================>...] - ETA: 3s - loss: 2.1450 - accuracy: 0.2361
 9500/10000 [===========================>..] - ETA: 1s - loss: 2.1272 - accuracy: 0.2492
10000/10000 [==============================] - 39s 4ms/step - loss: 2.1127 - accuracy: 0.2553 - val_loss: 2.0114 - val_accuracy: 0.3684
Epoch 2/5

  500/10000 [>.............................] - ETA: 34s - loss: 1.8607 - accuracy: 0.3740
 1000/10000 [==>...........................] - ETA: 33s - loss: 1.7992 - accuracy: 0.4150
 1500/10000 [===>..........................] - ETA: 32s - loss: 1.8021 - accuracy: 0.3960
 2000/10000 [=====>........................] - ETA: 30s - loss: 1.7634 - accuracy: 0.4135
 2500/10000 [======>.......................] - ETA: 28s - loss: 1.7409 - accuracy: 0.4288
 3000/10000 [========>.....................] - ETA: 26s - loss: 1.7960 - accuracy: 0.4200
 3500/10000 [=========>....................] - ETA: 24s - loss: 1.7720 - accuracy: 0.4317
 4000/10000 [===========>..................] - ETA: 22s - loss: 1.7499 - accuracy: 0.4437
 4500/10000 [============>.................] - ETA: 20s - loss: 1.7496 - accuracy: 0.4396
 5000/10000 [==============>...............] - ETA: 19s - loss: 1.7721 - accuracy: 0.4334
 5500/10000 [===============>..............] - ETA: 17s - loss: 1.7687 - accuracy: 0.4333
 6000/10000 [=================>............] - ETA: 15s - loss: 1.7511 - accuracy: 0.4367
 6500/10000 [==================>...........] - ETA: 13s - loss: 1.7432 - accuracy: 0.4389
 7000/10000 [====================>.........] - ETA: 11s - loss: 1.7289 - accuracy: 0.4459
 7500/10000 [=====================>........] - ETA: 9s - loss: 1.7083 - accuracy: 0.4523 
 8000/10000 [=======================>......] - ETA: 7s - loss: 1.7018 - accuracy: 0.4501
 8500/10000 [========================>.....] - ETA: 5s - loss: 1.6940 - accuracy: 0.4522
 9000/10000 [==========================>...] - ETA: 3s - loss: 1.6806 - accuracy: 0.4543
 9500/10000 [===========================>..] - ETA: 1s - loss: 1.6990 - accuracy: 0.4524
10000/10000 [==============================] - 38s 4ms/step - loss: 1.7010 - accuracy: 0.4501 - val_loss: 1.7914 - val_accuracy: 0.4624
Epoch 3/5

  500/10000 [>.............................] - ETA: 36s - loss: 1.6527 - accuracy: 0.4800
 1000/10000 [==>...........................] - ETA: 35s - loss: 1.5810 - accuracy: 0.4710
 1500/10000 [===>..........................] - ETA: 32s - loss: 1.6339 - accuracy: 0.4673
 2000/10000 [=====>........................] - ETA: 30s - loss: 1.6532 - accuracy: 0.4525
 2500/10000 [======>.......................] - ETA: 28s - loss: 1.6955 - accuracy: 0.4444
 3000/10000 [========>.....................] - ETA: 27s - loss: 1.6592 - accuracy: 0.4503
 3500/10000 [=========>....................] - ETA: 25s - loss: 1.6283 - accuracy: 0.4651
 4000/10000 [===========>..................] - ETA: 23s - loss: 1.6180 - accuracy: 0.4638
 4500/10000 [============>.................] - ETA: 21s - loss: 1.6120 - accuracy: 0.4682
 5000/10000 [==============>...............] - ETA: 19s - loss: 1.5793 - accuracy: 0.4824
 5500/10000 [===============>..............] - ETA: 17s - loss: 1.5488 - accuracy: 0.4931
 6000/10000 [=================>............] - ETA: 15s - loss: 1.5415 - accuracy: 0.4983
 6500/10000 [==================>...........] - ETA: 13s - loss: 1.5408 - accuracy: 0.5023
 7000/10000 [====================>.........] - ETA: 11s - loss: 1.5199 - accuracy: 0.5096
 7500/10000 [=====================>........] - ETA: 9s - loss: 1.5136 - accuracy: 0.5109 
 8000/10000 [=======================>......] - ETA: 7s - loss: 1.4971 - accuracy: 0.5142
 8500/10000 [========================>.....] - ETA: 5s - loss: 1.4801 - accuracy: 0.5204
 9000/10000 [==========================>...] - ETA: 3s - loss: 1.4649 - accuracy: 0.5246
 9500/10000 [===========================>..] - ETA: 1s - loss: 1.4621 - accuracy: 0.5264
10000/10000 [==============================] - 38s 4ms/step - loss: 1.4609 - accuracy: 0.5269 - val_loss: 1.5980 - val_accuracy: 0.5388
Epoch 4/5

  500/10000 [>.............................] - ETA: 36s - loss: 1.4283 - accuracy: 0.5780
 1000/10000 [==>...........................] - ETA: 34s - loss: 1.2722 - accuracy: 0.6050
 1500/10000 [===>..........................] - ETA: 32s - loss: 1.2589 - accuracy: 0.6060
 2000/10000 [=====>........................] - ETA: 30s - loss: 1.2081 - accuracy: 0.6150
 2500/10000 [======>.......................] - ETA: 28s - loss: 1.2403 - accuracy: 0.6088
 3000/10000 [========>.....................] - ETA: 26s - loss: 1.2754 - accuracy: 0.6020
 3500/10000 [=========>....................] - ETA: 24s - loss: 1.2815 - accuracy: 0.5951
 4000/10000 [===========>..................] - ETA: 22s - loss: 1.3303 - accuracy: 0.5822
 4500/10000 [============>.................] - ETA: 20s - loss: 1.3634 - accuracy: 0.5740
 5000/10000 [==============>...............] - ETA: 19s - loss: 1.3708 - accuracy: 0.5740
 5500/10000 [===============>..............] - ETA: 17s - loss: 1.4196 - accuracy: 0.5616
 6000/10000 [=================>............] - ETA: 15s - loss: 1.4151 - accuracy: 0.5678
 6500/10000 [==================>...........] - ETA: 13s - loss: 1.4113 - accuracy: 0.5660
 7000/10000 [====================>.........] - ETA: 11s - loss: 1.3955 - accuracy: 0.5710
 7500/10000 [=====================>........] - ETA: 9s - loss: 1.3727 - accuracy: 0.5767 
 8000/10000 [=======================>......] - ETA: 7s - loss: 1.3628 - accuracy: 0.5788
 8500/10000 [========================>.....] - ETA: 5s - loss: 1.3627 - accuracy: 0.5789
 9000/10000 [==========================>...] - ETA: 3s - loss: 1.3583 - accuracy: 0.5817
 9500/10000 [===========================>..] - ETA: 1s - loss: 1.3581 - accuracy: 0.5798
10000/10000 [==============================] - 38s 4ms/step - loss: 1.3551 - accuracy: 0.5812 - val_loss: 1.9496 - val_accuracy: 0.4736
Epoch 5/5

  500/10000 [>.............................] - ETA: 37s - loss: 1.6923 - accuracy: 0.5060
 1000/10000 [==>...........................] - ETA: 34s - loss: 1.4069 - accuracy: 0.5800
 1500/10000 [===>..........................] - ETA: 32s - loss: 1.3296 - accuracy: 0.5980
 2000/10000 [=====>........................] - ETA: 30s - loss: 1.2893 - accuracy: 0.6025
 2500/10000 [======>.......................] - ETA: 28s - loss: 1.2562 - accuracy: 0.6076
 3000/10000 [========>.....................] - ETA: 26s - loss: 1.2392 - accuracy: 0.6120
 3500/10000 [=========>....................] - ETA: 24s - loss: 1.2116 - accuracy: 0.6189
 4000/10000 [===========>..................] - ETA: 22s - loss: 1.1874 - accuracy: 0.6283
 4500/10000 [============>.................] - ETA: 21s - loss: 1.1823 - accuracy: 0.6284
 5000/10000 [==============>...............] - ETA: 19s - loss: 1.1835 - accuracy: 0.6314
 5500/10000 [===============>..............] - ETA: 17s - loss: 1.1928 - accuracy: 0.6309
 6000/10000 [=================>............] - ETA: 15s - loss: 1.1945 - accuracy: 0.6300
 6500/10000 [==================>...........] - ETA: 13s - loss: 1.2011 - accuracy: 0.6252
 7000/10000 [====================>.........] - ETA: 11s - loss: 1.1925 - accuracy: 0.6279
 7500/10000 [=====================>........] - ETA: 9s - loss: 1.1818 - accuracy: 0.6299 
 8000/10000 [=======================>......] - ETA: 7s - loss: 1.1852 - accuracy: 0.6299
 8500/10000 [========================>.....] - ETA: 5s - loss: 1.1757 - accuracy: 0.6325
 9000/10000 [==========================>...] - ETA: 3s - loss: 1.1705 - accuracy: 0.6326
 9500/10000 [===========================>..] - ETA: 1s - loss: 1.1982 - accuracy: 0.6279
10000/10000 [==============================] - 39s 4ms/step - loss: 1.1909 - accuracy: 0.6301 - val_loss: 1.0914 - val_accuracy: 0.6684
Latency --- 193.03896403312683 seconds ---
For delta=0.000100, the current epsilon is: 2.0042
Saving model with new accuracy, previous accuracy was 0 and present is 0.6301000118255615
Saved model to disk
=====================Iteration========================== 2
For delta=0.000100, the current epsilon is: 2.0042
Noise Mutiplier 1.49
loss= <keras.losses.CategoricalCrossentropy object at 0x10195f92d0>
in grads Tensor("loss_1/mul:0", shape=(?,), dtype=float32)
Train on 10000 samples, validate on 2500 samples
Epoch 1/5

  500/10000 [>.............................] - ETA: 38s - loss: 2.3056 - accuracy: 0.1160
 1000/10000 [==>...........................] - ETA: 35s - loss: 2.3013 - accuracy: 0.1210
 1500/10000 [===>..........................] - ETA: 33s - loss: 2.2919 - accuracy: 0.1527
 2000/10000 [=====>........................] - ETA: 31s - loss: 2.2833 - accuracy: 0.1525
 2500/10000 [======>.......................] - ETA: 29s - loss: 2.2809 - accuracy: 0.1456
 3000/10000 [========>.....................] - ETA: 27s - loss: 2.2693 - accuracy: 0.1583
 3500/10000 [=========>....................] - ETA: 25s - loss: 2.2534 - accuracy: 0.1606
 4000/10000 [===========>..................] - ETA: 23s - loss: 2.2404 - accuracy: 0.1740
 4500/10000 [============>.................] - ETA: 21s - loss: 2.2278 - accuracy: 0.1791
 5000/10000 [==============>...............] - ETA: 19s - loss: 2.2179 - accuracy: 0.1838
 5500/10000 [===============>..............] - ETA: 17s - loss: 2.2186 - accuracy: 0.1778
 6000/10000 [=================>............] - ETA: 15s - loss: 2.2074 - accuracy: 0.1842
 6500/10000 [==================>...........] - ETA: 13s - loss: 2.1934 - accuracy: 0.1966
 7000/10000 [====================>.........] - ETA: 11s - loss: 2.1772 - accuracy: 0.2046
 7500/10000 [=====================>........] - ETA: 9s - loss: 2.1606 - accuracy: 0.2145 
 8000/10000 [=======================>......] - ETA: 7s - loss: 2.1389 - accuracy: 0.2224
 8500/10000 [========================>.....] - ETA: 5s - loss: 2.1289 - accuracy: 0.2260
 9000/10000 [==========================>...] - ETA: 3s - loss: 2.1203 - accuracy: 0.2307
 9500/10000 [===========================>..] - ETA: 1s - loss: 2.1039 - accuracy: 0.2395
10000/10000 [==============================] - 39s 4ms/step - loss: 2.0872 - accuracy: 0.2483 - val_loss: 1.8094 - val_accuracy: 0.3720
Epoch 2/5

  500/10000 [>.............................] - ETA: 36s - loss: 1.7365 - accuracy: 0.3900
 1000/10000 [==>...........................] - ETA: 35s - loss: 1.9406 - accuracy: 0.3450
 1500/10000 [===>..........................] - ETA: 33s - loss: 1.9183 - accuracy: 0.3387
 2000/10000 [=====>........................] - ETA: 30s - loss: 1.9008 - accuracy: 0.3505
 2500/10000 [======>.......................] - ETA: 29s - loss: 1.9328 - accuracy: 0.3376
 3000/10000 [========>.....................] - ETA: 27s - loss: 1.9403 - accuracy: 0.3300
 3500/10000 [=========>....................] - ETA: 25s - loss: 1.9181 - accuracy: 0.3423
 4000/10000 [===========>..................] - ETA: 23s - loss: 1.8997 - accuracy: 0.3492
 4500/10000 [============>.................] - ETA: 21s - loss: 1.9021 - accuracy: 0.3427
 5000/10000 [==============>...............] - ETA: 19s - loss: 1.9127 - accuracy: 0.3368
 5500/10000 [===============>..............] - ETA: 17s - loss: 1.9349 - accuracy: 0.3356
 6000/10000 [=================>............] - ETA: 15s - loss: 1.9346 - accuracy: 0.3423
 6500/10000 [==================>...........] - ETA: 13s - loss: 1.9097 - accuracy: 0.3494
 7000/10000 [====================>.........] - ETA: 11s - loss: 1.8972 - accuracy: 0.3547
 7500/10000 [=====================>........] - ETA: 9s - loss: 1.8835 - accuracy: 0.3567 
 8000/10000 [=======================>......] - ETA: 7s - loss: 1.8971 - accuracy: 0.3539
 8500/10000 [========================>.....] - ETA: 5s - loss: 1.8921 - accuracy: 0.3539
 9000/10000 [==========================>...] - ETA: 3s - loss: 1.8880 - accuracy: 0.3579
 9500/10000 [===========================>..] - ETA: 1s - loss: 1.8744 - accuracy: 0.3635
10000/10000 [==============================] - 39s 4ms/step - loss: 1.8655 - accuracy: 0.3650 - val_loss: 1.6679 - val_accuracy: 0.4340
Epoch 3/5

  500/10000 [>.............................] - ETA: 36s - loss: 1.6855 - accuracy: 0.4280
 1000/10000 [==>...........................] - ETA: 34s - loss: 1.6245 - accuracy: 0.4400
 1500/10000 [===>..........................] - ETA: 32s - loss: 1.6430 - accuracy: 0.4307
 2000/10000 [=====>........................] - ETA: 30s - loss: 1.6233 - accuracy: 0.4425
 2500/10000 [======>.......................] - ETA: 28s - loss: 1.6133 - accuracy: 0.4484
 3000/10000 [========>.....................] - ETA: 26s - loss: 1.6148 - accuracy: 0.4643
 3500/10000 [=========>....................] - ETA: 24s - loss: 1.6320 - accuracy: 0.4509
 4000/10000 [===========>..................] - ETA: 22s - loss: 1.6358 - accuracy: 0.4500
 4500/10000 [============>.................] - ETA: 21s - loss: 1.6223 - accuracy: 0.4531
 5000/10000 [==============>...............] - ETA: 19s - loss: 1.6322 - accuracy: 0.4542
 5500/10000 [===============>..............] - ETA: 17s - loss: 1.6207 - accuracy: 0.4582
 6000/10000 [=================>............] - ETA: 15s - loss: 1.6337 - accuracy: 0.4565
 6500/10000 [==================>...........] - ETA: 13s - loss: 1.6401 - accuracy: 0.4569
 7000/10000 [====================>.........] - ETA: 11s - loss: 1.6577 - accuracy: 0.4561
 7500/10000 [=====================>........] - ETA: 9s - loss: 1.6442 - accuracy: 0.4563 
 8000/10000 [=======================>......] - ETA: 7s - loss: 1.6223 - accuracy: 0.4629
 8500/10000 [========================>.....] - ETA: 5s - loss: 1.6000 - accuracy: 0.4706
 9000/10000 [==========================>...] - ETA: 3s - loss: 1.5808 - accuracy: 0.4769
 9500/10000 [===========================>..] - ETA: 1s - loss: 1.5721 - accuracy: 0.4812
10000/10000 [==============================] - 39s 4ms/step - loss: 1.5926 - accuracy: 0.4772 - val_loss: 1.6091 - val_accuracy: 0.5040
Epoch 4/5

  500/10000 [>.............................] - ETA: 36s - loss: 1.4450 - accuracy: 0.5560
 1000/10000 [==>...........................] - ETA: 33s - loss: 1.3723 - accuracy: 0.5450
 1500/10000 [===>..........................] - ETA: 32s - loss: 1.3541 - accuracy: 0.5480
 2000/10000 [=====>........................] - ETA: 30s - loss: 1.3617 - accuracy: 0.5475
 2500/10000 [======>.......................] - ETA: 28s - loss: 1.3954 - accuracy: 0.5404
 3000/10000 [========>.....................] - ETA: 26s - loss: 1.4363 - accuracy: 0.5190
 3500/10000 [=========>....................] - ETA: 24s - loss: 1.4417 - accuracy: 0.5183
 4000/10000 [===========>..................] - ETA: 22s - loss: 1.4306 - accuracy: 0.5232
 4500/10000 [============>.................] - ETA: 20s - loss: 1.4530 - accuracy: 0.5180
 5000/10000 [==============>...............] - ETA: 19s - loss: 1.4792 - accuracy: 0.5082
 5500/10000 [===============>..............] - ETA: 17s - loss: 1.4901 - accuracy: 0.5107
 6000/10000 [=================>............] - ETA: 15s - loss: 1.5070 - accuracy: 0.5095
 6500/10000 [==================>...........] - ETA: 13s - loss: 1.4958 - accuracy: 0.5108
 7000/10000 [====================>.........] - ETA: 11s - loss: 1.5012 - accuracy: 0.5106
 7500/10000 [=====================>........] - ETA: 9s - loss: 1.4972 - accuracy: 0.5099 
 8000/10000 [=======================>......] - ETA: 7s - loss: 1.4899 - accuracy: 0.5119
 8500/10000 [========================>.....] - ETA: 5s - loss: 1.4748 - accuracy: 0.5185
 9000/10000 [==========================>...] - ETA: 3s - loss: 1.4702 - accuracy: 0.5201
 9500/10000 [===========================>..] - ETA: 1s - loss: 1.4689 - accuracy: 0.5220
10000/10000 [==============================] - 38s 4ms/step - loss: 1.4562 - accuracy: 0.5264 - val_loss: 1.3792 - val_accuracy: 0.5600
Epoch 5/5

  500/10000 [>.............................] - ETA: 36s - loss: 1.4020 - accuracy: 0.5620
 1000/10000 [==>...........................] - ETA: 33s - loss: 1.4068 - accuracy: 0.5470
 1500/10000 [===>..........................] - ETA: 32s - loss: 1.4019 - accuracy: 0.5433
 2000/10000 [=====>........................] - ETA: 30s - loss: 1.3960 - accuracy: 0.5460
 2500/10000 [======>.......................] - ETA: 28s - loss: 1.4112 - accuracy: 0.5404
 3000/10000 [========>.....................] - ETA: 26s - loss: 1.4067 - accuracy: 0.5400
 3500/10000 [=========>....................] - ETA: 24s - loss: 1.3845 - accuracy: 0.5423
 4000/10000 [===========>..................] - ETA: 22s - loss: 1.3488 - accuracy: 0.5558
 4500/10000 [============>.................] - ETA: 20s - loss: 1.3254 - accuracy: 0.5653
 5000/10000 [==============>...............] - ETA: 19s - loss: 1.3171 - accuracy: 0.5700
 5500/10000 [===============>..............] - ETA: 17s - loss: 1.3066 - accuracy: 0.5753
 6000/10000 [=================>............] - ETA: 15s - loss: 1.3136 - accuracy: 0.5750
 6500/10000 [==================>...........] - ETA: 13s - loss: 1.3098 - accuracy: 0.5772
 7000/10000 [====================>.........] - ETA: 11s - loss: 1.3264 - accuracy: 0.5716
 7500/10000 [=====================>........] - ETA: 9s - loss: 1.3189 - accuracy: 0.5731 
 8000/10000 [=======================>......] - ETA: 7s - loss: 1.3237 - accuracy: 0.5692
 8500/10000 [========================>.....] - ETA: 5s - loss: 1.3144 - accuracy: 0.5701
 9000/10000 [==========================>...] - ETA: 3s - loss: 1.3137 - accuracy: 0.5690
 9500/10000 [===========================>..] - ETA: 1s - loss: 1.3154 - accuracy: 0.5706
10000/10000 [==============================] - 38s 4ms/step - loss: 1.3074 - accuracy: 0.5723 - val_loss: 1.4643 - val_accuracy: 0.5496
Latency --- 193.12351059913635 seconds ---
For delta=0.000100, the current epsilon is: 2.0042
=====================Iteration========================== 3
For delta=0.000100, the current epsilon is: 2.0042
Noise Mutiplier 1.49
loss= <keras.losses.CategoricalCrossentropy object at 0x1019761f50>
in grads Tensor("loss_2/mul:0", shape=(?,), dtype=float32)
Train on 10000 samples, validate on 2500 samples
Epoch 1/5

  500/10000 [>.............................] - ETA: 37s - loss: 2.3154 - accuracy: 0.0820
 1000/10000 [==>...........................] - ETA: 34s - loss: 2.3045 - accuracy: 0.1160
 1500/10000 [===>..........................] - ETA: 32s - loss: 2.2979 - accuracy: 0.1287
 2000/10000 [=====>........................] - ETA: 30s - loss: 2.2917 - accuracy: 0.1445
 2500/10000 [======>.......................] - ETA: 28s - loss: 2.2828 - accuracy: 0.1580
 3000/10000 [========>.....................] - ETA: 26s - loss: 2.2712 - accuracy: 0.1790
 3500/10000 [=========>....................] - ETA: 25s - loss: 2.2673 - accuracy: 0.1823
 4000/10000 [===========>..................] - ETA: 23s - loss: 2.2554 - accuracy: 0.1832
 4500/10000 [============>.................] - ETA: 21s - loss: 2.2511 - accuracy: 0.1818
 5000/10000 [==============>...............] - ETA: 19s - loss: 2.2446 - accuracy: 0.1836
 5500/10000 [===============>..............] - ETA: 17s - loss: 2.2318 - accuracy: 0.1964
 6000/10000 [=================>............] - ETA: 15s - loss: 2.2125 - accuracy: 0.2118
 6500/10000 [==================>...........] - ETA: 13s - loss: 2.1963 - accuracy: 0.2254
 7000/10000 [====================>.........] - ETA: 11s - loss: 2.1827 - accuracy: 0.2294
 7500/10000 [=====================>........] - ETA: 9s - loss: 2.1731 - accuracy: 0.2324 
 8000/10000 [=======================>......] - ETA: 7s - loss: 2.1647 - accuracy: 0.2405
 8500/10000 [========================>.....] - ETA: 5s - loss: 2.1536 - accuracy: 0.2433
 9000/10000 [==========================>...] - ETA: 3s - loss: 2.1450 - accuracy: 0.2491
 9500/10000 [===========================>..] - ETA: 1s - loss: 2.1344 - accuracy: 0.2532
10000/10000 [==============================] - 39s 4ms/step - loss: 2.1188 - accuracy: 0.2631 - val_loss: 1.8200 - val_accuracy: 0.3916
Epoch 2/5

  500/10000 [>.............................] - ETA: 35s - loss: 1.7636 - accuracy: 0.3900
 1000/10000 [==>...........................] - ETA: 34s - loss: 1.7641 - accuracy: 0.4440
 1500/10000 [===>..........................] - ETA: 32s - loss: 1.7062 - accuracy: 0.4533
 2000/10000 [=====>........................] - ETA: 30s - loss: 1.7546 - accuracy: 0.4375
 2500/10000 [======>.......................] - ETA: 28s - loss: 1.7703 - accuracy: 0.4312
 3000/10000 [========>.....................] - ETA: 26s - loss: 1.7439 - accuracy: 0.4377
 3500/10000 [=========>....................] - ETA: 24s - loss: 1.7276 - accuracy: 0.4334
 4000/10000 [===========>..................] - ETA: 22s - loss: 1.7728 - accuracy: 0.4123
 4500/10000 [============>.................] - ETA: 20s - loss: 1.7801 - accuracy: 0.4102
 5000/10000 [==============>...............] - ETA: 19s - loss: 1.7855 - accuracy: 0.4112
 5500/10000 [===============>..............] - ETA: 17s - loss: 1.7901 - accuracy: 0.4040
 6000/10000 [=================>............] - ETA: 15s - loss: 1.7963 - accuracy: 0.4052
 6500/10000 [==================>...........] - ETA: 13s - loss: 1.7967 - accuracy: 0.4034
 7000/10000 [====================>.........] - ETA: 11s - loss: 1.7989 - accuracy: 0.4031
 7500/10000 [=====================>........] - ETA: 9s - loss: 1.7948 - accuracy: 0.4031 
 8000/10000 [=======================>......] - ETA: 7s - loss: 1.7773 - accuracy: 0.4091
 8500/10000 [========================>.....] - ETA: 5s - loss: 1.7604 - accuracy: 0.4141
 9000/10000 [==========================>...] - ETA: 3s - loss: 1.7569 - accuracy: 0.4124
 9500/10000 [===========================>..] - ETA: 1s - loss: 1.7486 - accuracy: 0.4145
10000/10000 [==============================] - 38s 4ms/step - loss: 1.7510 - accuracy: 0.4156 - val_loss: 1.6310 - val_accuracy: 0.4216
Epoch 3/5

  500/10000 [>.............................] - ETA: 37s - loss: 1.5019 - accuracy: 0.4580
 1000/10000 [==>...........................] - ETA: 34s - loss: 1.6484 - accuracy: 0.4380
 1500/10000 [===>..........................] - ETA: 33s - loss: 1.6415 - accuracy: 0.4260
 2000/10000 [=====>........................] - ETA: 30s - loss: 1.6305 - accuracy: 0.4455
 2500/10000 [======>.......................] - ETA: 28s - loss: 1.6380 - accuracy: 0.4448
 3000/10000 [========>.....................] - ETA: 26s - loss: 1.6030 - accuracy: 0.4573
 3500/10000 [=========>....................] - ETA: 24s - loss: 1.6107 - accuracy: 0.4537
 4000/10000 [===========>..................] - ETA: 22s - loss: 1.5812 - accuracy: 0.4633
 4500/10000 [============>.................] - ETA: 21s - loss: 1.5457 - accuracy: 0.4793
 5000/10000 [==============>...............] - ETA: 19s - loss: 1.5228 - accuracy: 0.4878
 5500/10000 [===============>..............] - ETA: 17s - loss: 1.5388 - accuracy: 0.4833
 6000/10000 [=================>............] - ETA: 15s - loss: 1.5276 - accuracy: 0.4912
 6500/10000 [==================>...........] - ETA: 13s - loss: 1.5259 - accuracy: 0.4902
 7000/10000 [====================>.........] - ETA: 11s - loss: 1.5107 - accuracy: 0.4954
 7500/10000 [=====================>........] - ETA: 9s - loss: 1.4891 - accuracy: 0.5032 
 8000/10000 [=======================>......] - ETA: 7s - loss: 1.4821 - accuracy: 0.5069
 8500/10000 [========================>.....] - ETA: 5s - loss: 1.4712 - accuracy: 0.5118
 9000/10000 [==========================>...] - ETA: 3s - loss: 1.4647 - accuracy: 0.5147
 9500/10000 [===========================>..] - ETA: 1s - loss: 1.4573 - accuracy: 0.5193
10000/10000 [==============================] - 38s 4ms/step - loss: 1.4551 - accuracy: 0.5210 - val_loss: 1.4083 - val_accuracy: 0.5436
Epoch 4/5

  500/10000 [>.............................] - ETA: 34s - loss: 1.3278 - accuracy: 0.5980
 1000/10000 [==>...........................] - ETA: 33s - loss: 1.2705 - accuracy: 0.5820
 1500/10000 [===>..........................] - ETA: 31s - loss: 1.3077 - accuracy: 0.5707
 2000/10000 [=====>........................] - ETA: 30s - loss: 1.4506 - accuracy: 0.5395
 2500/10000 [======>.......................] - ETA: 28s - loss: 1.4028 - accuracy: 0.5548
 3000/10000 [========>.....................] - ETA: 26s - loss: 1.3801 - accuracy: 0.5593
 3500/10000 [=========>....................] - ETA: 24s - loss: 1.3561 - accuracy: 0.5623
 4000/10000 [===========>..................] - ETA: 22s - loss: 1.3553 - accuracy: 0.5630
 4500/10000 [============>.................] - ETA: 20s - loss: 1.3476 - accuracy: 0.5682
 5000/10000 [==============>...............] - ETA: 19s - loss: 1.3463 - accuracy: 0.5712
 5500/10000 [===============>..............] - ETA: 17s - loss: 1.3255 - accuracy: 0.5778
 6000/10000 [=================>............] - ETA: 15s - loss: 1.3111 - accuracy: 0.5815
 6500/10000 [==================>...........] - ETA: 13s - loss: 1.3058 - accuracy: 0.5817
 7000/10000 [====================>.........] - ETA: 11s - loss: 1.3078 - accuracy: 0.5829
 7500/10000 [=====================>........] - ETA: 9s - loss: 1.3220 - accuracy: 0.5780 
 8000/10000 [=======================>......] - ETA: 7s - loss: 1.3224 - accuracy: 0.5778
 8500/10000 [========================>.....] - ETA: 5s - loss: 1.3148 - accuracy: 0.5802
 9000/10000 [==========================>...] - ETA: 3s - loss: 1.2989 - accuracy: 0.5849
 9500/10000 [===========================>..] - ETA: 1s - loss: 1.2822 - accuracy: 0.5894
10000/10000 [==============================] - 38s 4ms/step - loss: 1.2788 - accuracy: 0.5899 - val_loss: 1.8297 - val_accuracy: 0.5008
Epoch 5/5

  500/10000 [>.............................] - ETA: 35s - loss: 1.8989 - accuracy: 0.4840
 1000/10000 [==>...........................] - ETA: 33s - loss: 1.6065 - accuracy: 0.5320
 1500/10000 [===>..........................] - ETA: 32s - loss: 1.4542 - accuracy: 0.5640
 2000/10000 [=====>........................] - ETA: 30s - loss: 1.4127 - accuracy: 0.5775
 2500/10000 [======>.......................] - ETA: 28s - loss: 1.3777 - accuracy: 0.5804
 3000/10000 [========>.....................] - ETA: 26s - loss: 1.3479 - accuracy: 0.5847
 3500/10000 [=========>....................] - ETA: 24s - loss: 1.3494 - accuracy: 0.5846
 4000/10000 [===========>..................] - ETA: 23s - loss: 1.3433 - accuracy: 0.5828
 4500/10000 [============>.................] - ETA: 20s - loss: 1.3516 - accuracy: 0.5764
 5000/10000 [==============>...............] - ETA: 19s - loss: 1.3467 - accuracy: 0.5784
 5500/10000 [===============>..............] - ETA: 17s - loss: 1.3703 - accuracy: 0.5727
 6000/10000 [=================>............] - ETA: 15s - loss: 1.3830 - accuracy: 0.5633
 6500/10000 [==================>...........] - ETA: 13s - loss: 1.3726 - accuracy: 0.5654
 7000/10000 [====================>.........] - ETA: 11s - loss: 1.3571 - accuracy: 0.5709
 7500/10000 [=====================>........] - ETA: 9s - loss: 1.3563 - accuracy: 0.5748 
 8000/10000 [=======================>......] - ETA: 7s - loss: 1.3539 - accuracy: 0.5742
 8500/10000 [========================>.....] - ETA: 5s - loss: 1.3566 - accuracy: 0.5734
 9000/10000 [==========================>...] - ETA: 3s - loss: 1.3463 - accuracy: 0.5758
 9500/10000 [===========================>..] - ETA: 1s - loss: 1.3363 - accuracy: 0.5777
10000/10000 [==============================] - 38s 4ms/step - loss: 1.3304 - accuracy: 0.5781 - val_loss: 1.7682 - val_accuracy: 0.4936
Latency --- 192.38625764846802 seconds ---
For delta=0.000100, the current epsilon is: 2.0042
=====================Iteration========================== 4
For delta=0.000100, the current epsilon is: 2.0042
Noise Mutiplier 1.49
loss= <keras.losses.CategoricalCrossentropy object at 0x10198f4790>
in grads Tensor("loss_3/mul:0", shape=(?,), dtype=float32)
Train on 10000 samples, validate on 2500 samples
Epoch 1/5

  500/10000 [>.............................] - ETA: 39s - loss: 2.3135 - accuracy: 0.0880
 1000/10000 [==>...........................] - ETA: 35s - loss: 2.3052 - accuracy: 0.1010
 1500/10000 [===>..........................] - ETA: 33s - loss: 2.2962 - accuracy: 0.1060
 2000/10000 [=====>........................] - ETA: 31s - loss: 2.2848 - accuracy: 0.1095
 2500/10000 [======>.......................] - ETA: 29s - loss: 2.2783 - accuracy: 0.1228
 3000/10000 [========>.....................] - ETA: 27s - loss: 2.2632 - accuracy: 0.1243
 3500/10000 [=========>....................] - ETA: 25s - loss: 2.2483 - accuracy: 0.1526
 4000/10000 [===========>..................] - ETA: 23s - loss: 2.2390 - accuracy: 0.1523
 4500/10000 [============>.................] - ETA: 21s - loss: 2.2255 - accuracy: 0.1693
 5000/10000 [==============>...............] - ETA: 19s - loss: 2.2152 - accuracy: 0.1700
 5500/10000 [===============>..............] - ETA: 17s - loss: 2.2022 - accuracy: 0.1833
 6000/10000 [=================>............] - ETA: 15s - loss: 2.1832 - accuracy: 0.1972
 6500/10000 [==================>...........] - ETA: 13s - loss: 2.1628 - accuracy: 0.2105
 7000/10000 [====================>.........] - ETA: 11s - loss: 2.1462 - accuracy: 0.2204
 7500/10000 [=====================>........] - ETA: 9s - loss: 2.1357 - accuracy: 0.2269 
 8000/10000 [=======================>......] - ETA: 7s - loss: 2.1293 - accuracy: 0.2362
 8500/10000 [========================>.....] - ETA: 5s - loss: 2.1196 - accuracy: 0.2396
 9000/10000 [==========================>...] - ETA: 3s - loss: 2.1122 - accuracy: 0.2451
 9500/10000 [===========================>..] - ETA: 1s - loss: 2.0960 - accuracy: 0.2516
10000/10000 [==============================] - 39s 4ms/step - loss: 2.0890 - accuracy: 0.2614 - val_loss: 1.8192 - val_accuracy: 0.4112
Epoch 2/5

  500/10000 [>.............................] - ETA: 34s - loss: 1.7754 - accuracy: 0.4220
 1000/10000 [==>...........................] - ETA: 34s - loss: 1.7902 - accuracy: 0.4410
 1500/10000 [===>..........................] - ETA: 32s - loss: 1.7875 - accuracy: 0.4260
 2000/10000 [=====>........................] - ETA: 30s - loss: 1.7802 - accuracy: 0.4335
 2500/10000 [======>.......................] - ETA: 28s - loss: 1.7839 - accuracy: 0.4192
 3000/10000 [========>.....................] - ETA: 26s - loss: 1.7820 - accuracy: 0.4227
 3500/10000 [=========>....................] - ETA: 24s - loss: 1.7711 - accuracy: 0.4120
 4000/10000 [===========>..................] - ETA: 22s - loss: 1.7474 - accuracy: 0.4173
 4500/10000 [============>.................] - ETA: 21s - loss: 1.7564 - accuracy: 0.4029
 5000/10000 [==============>...............] - ETA: 19s - loss: 1.7319 - accuracy: 0.4104
 5500/10000 [===============>..............] - ETA: 17s - loss: 1.7002 - accuracy: 0.4191
 6000/10000 [=================>............] - ETA: 15s - loss: 1.6872 - accuracy: 0.4250
 6500/10000 [==================>...........] - ETA: 13s - loss: 1.6826 - accuracy: 0.4254
 7000/10000 [====================>.........] - ETA: 11s - loss: 1.6702 - accuracy: 0.4289
 7500/10000 [=====================>........] - ETA: 9s - loss: 1.6577 - accuracy: 0.4325 
 8000/10000 [=======================>......] - ETA: 7s - loss: 1.6425 - accuracy: 0.4372
 8500/10000 [========================>.....] - ETA: 5s - loss: 1.6281 - accuracy: 0.4441
 9000/10000 [==========================>...] - ETA: 3s - loss: 1.6247 - accuracy: 0.4491
 9500/10000 [===========================>..] - ETA: 1s - loss: 1.6119 - accuracy: 0.4536
10000/10000 [==============================] - 39s 4ms/step - loss: 1.6019 - accuracy: 0.4584 - val_loss: 1.9083 - val_accuracy: 0.4396
Epoch 3/5

  500/10000 [>.............................] - ETA: 36s - loss: 1.6940 - accuracy: 0.4600
 1000/10000 [==>...........................] - ETA: 35s - loss: 1.5843 - accuracy: 0.5090
 1500/10000 [===>..........................] - ETA: 33s - loss: 1.7923 - accuracy: 0.4760
 2000/10000 [=====>........................] - ETA: 31s - loss: 1.7165 - accuracy: 0.4945
 2500/10000 [======>.......................] - ETA: 29s - loss: 1.6969 - accuracy: 0.4848
 3000/10000 [========>.....................] - ETA: 27s - loss: 1.6714 - accuracy: 0.4920
 3500/10000 [=========>....................] - ETA: 25s - loss: 1.5968 - accuracy: 0.5086
 4000/10000 [===========>..................] - ETA: 23s - loss: 1.6032 - accuracy: 0.5033
 4500/10000 [============>.................] - ETA: 21s - loss: 1.6102 - accuracy: 0.5020
 5000/10000 [==============>...............] - ETA: 19s - loss: 1.5972 - accuracy: 0.5068
 5500/10000 [===============>..............] - ETA: 17s - loss: 1.5833 - accuracy: 0.5078
 6000/10000 [=================>............] - ETA: 15s - loss: 1.5894 - accuracy: 0.5093
 6500/10000 [==================>...........] - ETA: 13s - loss: 1.5707 - accuracy: 0.5118
 7000/10000 [====================>.........] - ETA: 11s - loss: 1.5607 - accuracy: 0.5149
 7500/10000 [=====================>........] - ETA: 9s - loss: 1.5604 - accuracy: 0.5139 
 8000/10000 [=======================>......] - ETA: 7s - loss: 1.5428 - accuracy: 0.5186
 8500/10000 [========================>.....] - ETA: 5s - loss: 1.5357 - accuracy: 0.5208
 9000/10000 [==========================>...] - ETA: 3s - loss: 1.5217 - accuracy: 0.5250
 9500/10000 [===========================>..] - ETA: 1s - loss: 1.5019 - accuracy: 0.5304
10000/10000 [==============================] - 39s 4ms/step - loss: 1.4841 - accuracy: 0.5347 - val_loss: 1.3471 - val_accuracy: 0.5652
Epoch 4/5

  500/10000 [>.............................] - ETA: 35s - loss: 1.2850 - accuracy: 0.5780
 1000/10000 [==>...........................] - ETA: 34s - loss: 1.2293 - accuracy: 0.6080
 1500/10000 [===>..........................] - ETA: 32s - loss: 1.2750 - accuracy: 0.5867
 2000/10000 [=====>........................] - ETA: 30s - loss: 1.3936 - accuracy: 0.5625
 2500/10000 [======>.......................] - ETA: 28s - loss: 1.3814 - accuracy: 0.5688
 3000/10000 [========>.....................] - ETA: 26s - loss: 1.3811 - accuracy: 0.5693
 3500/10000 [=========>....................] - ETA: 25s - loss: 1.4070 - accuracy: 0.5589
 4000/10000 [===========>..................] - ETA: 23s - loss: 1.4059 - accuracy: 0.5630
 4500/10000 [============>.................] - ETA: 21s - loss: 1.3672 - accuracy: 0.5729
 5000/10000 [==============>...............] - ETA: 19s - loss: 1.3584 - accuracy: 0.5744
 5500/10000 [===============>..............] - ETA: 17s - loss: 1.3616 - accuracy: 0.5729
 6000/10000 [=================>............] - ETA: 15s - loss: 1.3358 - accuracy: 0.5778
 6500/10000 [==================>...........] - ETA: 13s - loss: 1.3148 - accuracy: 0.5828
 7000/10000 [====================>.........] - ETA: 11s - loss: 1.3097 - accuracy: 0.5856
 7500/10000 [=====================>........] - ETA: 9s - loss: 1.3006 - accuracy: 0.5888 
 8000/10000 [=======================>......] - ETA: 7s - loss: 1.2986 - accuracy: 0.5913
 8500/10000 [========================>.....] - ETA: 5s - loss: 1.2824 - accuracy: 0.5948
 9000/10000 [==========================>...] - ETA: 3s - loss: 1.2887 - accuracy: 0.5960
 9500/10000 [===========================>..] - ETA: 1s - loss: 1.2789 - accuracy: 0.5993
10000/10000 [==============================] - 39s 4ms/step - loss: 1.2772 - accuracy: 0.6003 - val_loss: 1.6181 - val_accuracy: 0.5384
Epoch 5/5

  500/10000 [>.............................] - ETA: 35s - loss: 1.4730 - accuracy: 0.6040
 1000/10000 [==>...........................] - ETA: 34s - loss: 1.4783 - accuracy: 0.5720
 1500/10000 [===>..........................] - ETA: 32s - loss: 1.3983 - accuracy: 0.5880
 2000/10000 [=====>........................] - ETA: 30s - loss: 1.3336 - accuracy: 0.6125
 2500/10000 [======>.......................] - ETA: 28s - loss: 1.3030 - accuracy: 0.6180
 3000/10000 [========>.....................] - ETA: 26s - loss: 1.2628 - accuracy: 0.6247
 3500/10000 [=========>....................] - ETA: 24s - loss: 1.2807 - accuracy: 0.6163
 4000/10000 [===========>..................] - ETA: 22s - loss: 1.3087 - accuracy: 0.6112
 4500/10000 [============>.................] - ETA: 21s - loss: 1.3201 - accuracy: 0.6091
 5000/10000 [==============>...............] - ETA: 19s - loss: 1.3194 - accuracy: 0.6074
 5500/10000 [===============>..............] - ETA: 17s - loss: 1.3253 - accuracy: 0.6058
 6000/10000 [=================>............] - ETA: 15s - loss: 1.3535 - accuracy: 0.6020
 6500/10000 [==================>...........] - ETA: 13s - loss: 1.3538 - accuracy: 0.6009
 7000/10000 [====================>.........] - ETA: 11s - loss: 1.3496 - accuracy: 0.6001
 7500/10000 [=====================>........] - ETA: 9s - loss: 1.3475 - accuracy: 0.5997 
 8000/10000 [=======================>......] - ETA: 7s - loss: 1.3349 - accuracy: 0.6021
 8500/10000 [========================>.....] - ETA: 5s - loss: 1.3288 - accuracy: 0.6024
 9000/10000 [==========================>...] - ETA: 3s - loss: 1.3483 - accuracy: 0.5979
 9500/10000 [===========================>..] - ETA: 1s - loss: 1.3427 - accuracy: 0.5979
10000/10000 [==============================] - 39s 4ms/step - loss: 1.3454 - accuracy: 0.5983 - val_loss: 1.3121 - val_accuracy: 0.5860
Latency --- 193.74211740493774 seconds ---
For delta=0.000100, the current epsilon is: 2.0042
=====================Iteration========================== 5
For delta=0.000100, the current epsilon is: 2.0042
Noise Mutiplier 1.49
loss= <keras.losses.CategoricalCrossentropy object at 0x1019a5f850>
in grads Tensor("loss_4/mul:0", shape=(?,), dtype=float32)
Train on 10000 samples, validate on 2500 samples
Epoch 1/5

  500/10000 [>.............................] - ETA: 37s - loss: 2.3251 - accuracy: 0.1080
 1000/10000 [==>...........................] - ETA: 35s - loss: 2.3093 - accuracy: 0.1120
 1500/10000 [===>..........................] - ETA: 33s - loss: 2.2922 - accuracy: 0.1500
 2000/10000 [=====>........................] - ETA: 31s - loss: 2.2772 - accuracy: 0.1575
 2500/10000 [======>.......................] - ETA: 29s - loss: 2.2698 - accuracy: 0.1736
 3000/10000 [========>.....................] - ETA: 27s - loss: 2.2558 - accuracy: 0.1917
 3500/10000 [=========>....................] - ETA: 25s - loss: 2.2424 - accuracy: 0.2066
 4000/10000 [===========>..................] - ETA: 23s - loss: 2.2265 - accuracy: 0.2173
 4500/10000 [============>.................] - ETA: 21s - loss: 2.2090 - accuracy: 0.2311
 5000/10000 [==============>...............] - ETA: 19s - loss: 2.1872 - accuracy: 0.2464
 5500/10000 [===============>..............] - ETA: 17s - loss: 2.1691 - accuracy: 0.2513
 6000/10000 [=================>............] - ETA: 15s - loss: 2.1521 - accuracy: 0.2592
 6500/10000 [==================>...........] - ETA: 13s - loss: 2.1420 - accuracy: 0.2588
 7000/10000 [====================>.........] - ETA: 11s - loss: 2.1413 - accuracy: 0.2593
 7500/10000 [=====================>........] - ETA: 9s - loss: 2.1356 - accuracy: 0.2595 
 8000/10000 [=======================>......] - ETA: 7s - loss: 2.1364 - accuracy: 0.2610
 8500/10000 [========================>.....] - ETA: 5s - loss: 2.1543 - accuracy: 0.2588
 9000/10000 [==========================>...] - ETA: 3s - loss: 2.1412 - accuracy: 0.2652
 9500/10000 [===========================>..] - ETA: 1s - loss: 2.1337 - accuracy: 0.2706
10000/10000 [==============================] - 39s 4ms/step - loss: 2.1279 - accuracy: 0.2695 - val_loss: 1.7774 - val_accuracy: 0.4144
Epoch 2/5

  500/10000 [>.............................] - ETA: 35s - loss: 1.7510 - accuracy: 0.4420
 1000/10000 [==>...........................] - ETA: 33s - loss: 1.9456 - accuracy: 0.3510
 1500/10000 [===>..........................] - ETA: 32s - loss: 1.9774 - accuracy: 0.3153
 2000/10000 [=====>........................] - ETA: 30s - loss: 1.9488 - accuracy: 0.3200
 2500/10000 [======>.......................] - ETA: 28s - loss: 1.9433 - accuracy: 0.3200
 3000/10000 [========>.....................] - ETA: 26s - loss: 1.9053 - accuracy: 0.3370
 3500/10000 [=========>....................] - ETA: 24s - loss: 1.8790 - accuracy: 0.3514
 4000/10000 [===========>..................] - ETA: 22s - loss: 1.8361 - accuracy: 0.3738
 4500/10000 [============>.................] - ETA: 20s - loss: 1.8161 - accuracy: 0.3807
 5000/10000 [==============>...............] - ETA: 19s - loss: 1.8600 - accuracy: 0.3718
 5500/10000 [===============>..............] - ETA: 17s - loss: 1.8368 - accuracy: 0.3791
 6000/10000 [=================>............] - ETA: 15s - loss: 1.8098 - accuracy: 0.3867
 6500/10000 [==================>...........] - ETA: 13s - loss: 1.8042 - accuracy: 0.3891
 7000/10000 [====================>.........] - ETA: 11s - loss: 1.7874 - accuracy: 0.3906
 7500/10000 [=====================>........] - ETA: 9s - loss: 1.7872 - accuracy: 0.3905 
 8000/10000 [=======================>......] - ETA: 7s - loss: 1.7845 - accuracy: 0.3890
 8500/10000 [========================>.....] - ETA: 5s - loss: 1.7768 - accuracy: 0.3926
 9000/10000 [==========================>...] - ETA: 3s - loss: 1.7575 - accuracy: 0.3971
 9500/10000 [===========================>..] - ETA: 1s - loss: 1.7515 - accuracy: 0.4024
10000/10000 [==============================] - 38s 4ms/step - loss: 1.7375 - accuracy: 0.4055 - val_loss: 1.5120 - val_accuracy: 0.4668
Epoch 3/5

  500/10000 [>.............................] - ETA: 35s - loss: 1.6379 - accuracy: 0.3860
 1000/10000 [==>...........................] - ETA: 33s - loss: 1.4993 - accuracy: 0.4250
 1500/10000 [===>..........................] - ETA: 32s - loss: 1.5322 - accuracy: 0.4380
 2000/10000 [=====>........................] - ETA: 30s - loss: 1.4973 - accuracy: 0.4605
 2500/10000 [======>.......................] - ETA: 28s - loss: 1.5208 - accuracy: 0.4592
 3000/10000 [========>.....................] - ETA: 26s - loss: 1.4939 - accuracy: 0.4673
 3500/10000 [=========>....................] - ETA: 24s - loss: 1.4762 - accuracy: 0.4774
 4000/10000 [===========>..................] - ETA: 22s - loss: 1.4676 - accuracy: 0.4778
 4500/10000 [============>.................] - ETA: 21s - loss: 1.4555 - accuracy: 0.4838
 5000/10000 [==============>...............] - ETA: 19s - loss: 1.4426 - accuracy: 0.4862
 5500/10000 [===============>..............] - ETA: 17s - loss: 1.4851 - accuracy: 0.4847
 6000/10000 [=================>............] - ETA: 15s - loss: 1.4704 - accuracy: 0.4897
 6500/10000 [==================>...........] - ETA: 13s - loss: 1.4459 - accuracy: 0.4978
 7000/10000 [====================>.........] - ETA: 11s - loss: 1.4522 - accuracy: 0.4956
 7500/10000 [=====================>........] - ETA: 9s - loss: 1.4777 - accuracy: 0.4952 
 8000/10000 [=======================>......] - ETA: 7s - loss: 1.4668 - accuracy: 0.5016
 8500/10000 [========================>.....] - ETA: 5s - loss: 1.4502 - accuracy: 0.5079
 9000/10000 [==========================>...] - ETA: 3s - loss: 1.4408 - accuracy: 0.5112
 9500/10000 [===========================>..] - ETA: 1s - loss: 1.4291 - accuracy: 0.5137
10000/10000 [==============================] - 38s 4ms/step - loss: 1.4182 - accuracy: 0.5177 - val_loss: 1.0862 - val_accuracy: 0.6460
Epoch 4/5

  500/10000 [>.............................] - ETA: 35s - loss: 1.1315 - accuracy: 0.6300
 1000/10000 [==>...........................] - ETA: 34s - loss: 1.2374 - accuracy: 0.5860
 1500/10000 [===>..........................] - ETA: 32s - loss: 1.2998 - accuracy: 0.5793
 2000/10000 [=====>........................] - ETA: 30s - loss: 1.3215 - accuracy: 0.5700
 2500/10000 [======>.......................] - ETA: 28s - loss: 1.3920 - accuracy: 0.5504
 3000/10000 [========>.....................] - ETA: 26s - loss: 1.4615 - accuracy: 0.5413
 3500/10000 [=========>....................] - ETA: 24s - loss: 1.4651 - accuracy: 0.5423
 4000/10000 [===========>..................] - ETA: 22s - loss: 1.4375 - accuracy: 0.5505
 4500/10000 [============>.................] - ETA: 21s - loss: 1.4214 - accuracy: 0.5522
 5000/10000 [==============>...............] - ETA: 19s - loss: 1.4131 - accuracy: 0.5534
 5500/10000 [===============>..............] - ETA: 17s - loss: 1.4062 - accuracy: 0.5585
 6000/10000 [=================>............] - ETA: 15s - loss: 1.3939 - accuracy: 0.5618
 6500/10000 [==================>...........] - ETA: 13s - loss: 1.3825 - accuracy: 0.5638
 7000/10000 [====================>.........] - ETA: 11s - loss: 1.3742 - accuracy: 0.5674
 7500/10000 [=====================>........] - ETA: 9s - loss: 1.3791 - accuracy: 0.5644 
 8000/10000 [=======================>......] - ETA: 7s - loss: 1.3719 - accuracy: 0.5679
 8500/10000 [========================>.....] - ETA: 5s - loss: 1.3725 - accuracy: 0.5668
 9000/10000 [==========================>...] - ETA: 3s - loss: 1.3657 - accuracy: 0.5691
 9500/10000 [===========================>..] - ETA: 1s - loss: 1.3765 - accuracy: 0.5633
10000/10000 [==============================] - 38s 4ms/step - loss: 1.3725 - accuracy: 0.5643 - val_loss: 1.4123 - val_accuracy: 0.5476
Epoch 5/5

  500/10000 [>.............................] - ETA: 36s - loss: 1.2141 - accuracy: 0.6020
 1000/10000 [==>...........................] - ETA: 34s - loss: 1.3731 - accuracy: 0.5850
 1500/10000 [===>..........................] - ETA: 32s - loss: 1.3333 - accuracy: 0.5900
 2000/10000 [=====>........................] - ETA: 30s - loss: 1.2970 - accuracy: 0.5985
 2500/10000 [======>.......................] - ETA: 28s - loss: 1.2887 - accuracy: 0.5924
 3000/10000 [========>.....................] - ETA: 26s - loss: 1.2825 - accuracy: 0.5913
 3500/10000 [=========>....................] - ETA: 24s - loss: 1.2494 - accuracy: 0.6000
 4000/10000 [===========>..................] - ETA: 22s - loss: 1.2293 - accuracy: 0.6065
 4500/10000 [============>.................] - ETA: 20s - loss: 1.2039 - accuracy: 0.6131
 5000/10000 [==============>...............] - ETA: 19s - loss: 1.1838 - accuracy: 0.6188
 5500/10000 [===============>..............] - ETA: 17s - loss: 1.1607 - accuracy: 0.6273
 6000/10000 [=================>............] - ETA: 15s - loss: 1.1394 - accuracy: 0.6332
 6500/10000 [==================>...........] - ETA: 13s - loss: 1.1189 - accuracy: 0.6378
 7000/10000 [====================>.........] - ETA: 11s - loss: 1.1232 - accuracy: 0.6389
 7500/10000 [=====================>........] - ETA: 9s - loss: 1.1237 - accuracy: 0.6412 
 8000/10000 [=======================>......] - ETA: 7s - loss: 1.1194 - accuracy: 0.6440
 8500/10000 [========================>.....] - ETA: 5s - loss: 1.1172 - accuracy: 0.6466
 9000/10000 [==========================>...] - ETA: 3s - loss: 1.1225 - accuracy: 0.6454
 9500/10000 [===========================>..] - ETA: 1s - loss: 1.1260 - accuracy: 0.6459
10000/10000 [==============================] - 39s 4ms/step - loss: 1.1257 - accuracy: 0.6449 - val_loss: 1.3668 - val_accuracy: 0.5876
Latency --- 193.30908179283142 seconds ---
For delta=0.000100, the current epsilon is: 2.0042
Saving model with new accuracy, previous accuracy was 0.6301000118255615 and present is 0.6449000239372253
Saved model to disk
=====================Iteration========================== 6
For delta=0.000100, the current epsilon is: 2.0042
Noise Mutiplier 1.49
loss= <keras.losses.CategoricalCrossentropy object at 0x1019ba6690>
in grads Tensor("loss_5/mul:0", shape=(?,), dtype=float32)
Train on 10000 samples, validate on 2500 samples
Epoch 1/5

  500/10000 [>.............................] - ETA: 41s - loss: 2.3080 - accuracy: 0.1400
 1000/10000 [==>...........................] - ETA: 36s - loss: 2.3030 - accuracy: 0.1300
 1500/10000 [===>..........................] - ETA: 34s - loss: 2.2970 - accuracy: 0.1380
 2000/10000 [=====>........................] - ETA: 31s - loss: 2.2861 - accuracy: 0.1645
 2500/10000 [======>.......................] - ETA: 29s - loss: 2.2726 - accuracy: 0.1876
 3000/10000 [========>.....................] - ETA: 27s - loss: 2.2644 - accuracy: 0.1940
 3500/10000 [=========>....................] - ETA: 25s - loss: 2.2464 - accuracy: 0.2054
 4000/10000 [===========>..................] - ETA: 23s - loss: 2.2245 - accuracy: 0.2085
 4500/10000 [============>.................] - ETA: 21s - loss: 2.2057 - accuracy: 0.2320
 5000/10000 [==============>...............] - ETA: 19s - loss: 2.1863 - accuracy: 0.2302
 5500/10000 [===============>..............] - ETA: 17s - loss: 2.1660 - accuracy: 0.2389
 6000/10000 [=================>............] - ETA: 15s - loss: 2.1563 - accuracy: 0.2383
 6500/10000 [==================>...........] - ETA: 13s - loss: 2.1522 - accuracy: 0.2402
 7000/10000 [====================>.........] - ETA: 11s - loss: 2.1350 - accuracy: 0.2497
 7500/10000 [=====================>........] - ETA: 9s - loss: 2.1260 - accuracy: 0.2520 
 8000/10000 [=======================>......] - ETA: 7s - loss: 2.1170 - accuracy: 0.2505
 8500/10000 [========================>.....] - ETA: 5s - loss: 2.0972 - accuracy: 0.2598
 9000/10000 [==========================>...] - ETA: 3s - loss: 2.0714 - accuracy: 0.2756
 9500/10000 [===========================>..] - ETA: 1s - loss: 2.0553 - accuracy: 0.2793
10000/10000 [==============================] - 39s 4ms/step - loss: 2.0334 - accuracy: 0.2902 - val_loss: 2.1779 - val_accuracy: 0.2252
Epoch 2/5

  500/10000 [>.............................] - ETA: 34s - loss: 2.2229 - accuracy: 0.2120
 1000/10000 [==>...........................] - ETA: 33s - loss: 2.0718 - accuracy: 0.2830
 1500/10000 [===>..........................] - ETA: 32s - loss: 1.9461 - accuracy: 0.3420
 2000/10000 [=====>........................] - ETA: 30s - loss: 1.8731 - accuracy: 0.3695
 2500/10000 [======>.......................] - ETA: 28s - loss: 1.8598 - accuracy: 0.3760
 3000/10000 [========>.....................] - ETA: 26s - loss: 1.8358 - accuracy: 0.3840
 3500/10000 [=========>....................] - ETA: 24s - loss: 1.8514 - accuracy: 0.3751
 4000/10000 [===========>..................] - ETA: 22s - loss: 1.8300 - accuracy: 0.3790
 4500/10000 [============>.................] - ETA: 20s - loss: 1.7866 - accuracy: 0.3971
 5000/10000 [==============>...............] - ETA: 19s - loss: 1.7630 - accuracy: 0.4018
 5500/10000 [===============>..............] - ETA: 17s - loss: 1.7363 - accuracy: 0.4125
 6000/10000 [=================>............] - ETA: 15s - loss: 1.7280 - accuracy: 0.4155
 6500/10000 [==================>...........] - ETA: 13s - loss: 1.7027 - accuracy: 0.4234
 7000/10000 [====================>.........] - ETA: 11s - loss: 1.6828 - accuracy: 0.4299
 7500/10000 [=====================>........] - ETA: 9s - loss: 1.6754 - accuracy: 0.4319 
 8000/10000 [=======================>......] - ETA: 7s - loss: 1.6609 - accuracy: 0.4381
 8500/10000 [========================>.....] - ETA: 5s - loss: 1.6604 - accuracy: 0.4375
 9000/10000 [==========================>...] - ETA: 3s - loss: 1.6809 - accuracy: 0.4301
 9500/10000 [===========================>..] - ETA: 1s - loss: 1.6992 - accuracy: 0.4280
10000/10000 [==============================] - 38s 4ms/step - loss: 1.6838 - accuracy: 0.4316 - val_loss: 1.4770 - val_accuracy: 0.5180
Epoch 3/5

  500/10000 [>.............................] - ETA: 35s - loss: 1.4125 - accuracy: 0.5380
 1000/10000 [==>...........................] - ETA: 33s - loss: 1.5366 - accuracy: 0.4980
 1500/10000 [===>..........................] - ETA: 32s - loss: 1.4441 - accuracy: 0.5347
 2000/10000 [=====>........................] - ETA: 30s - loss: 1.4520 - accuracy: 0.5205
 2500/10000 [======>.......................] - ETA: 28s - loss: 1.4577 - accuracy: 0.5024
 3000/10000 [========>.....................] - ETA: 26s - loss: 1.4834 - accuracy: 0.4983
 3500/10000 [=========>....................] - ETA: 24s - loss: 1.5414 - accuracy: 0.4846
 4000/10000 [===========>..................] - ETA: 22s - loss: 1.5682 - accuracy: 0.4865
 4500/10000 [============>.................] - ETA: 21s - loss: 1.5565 - accuracy: 0.4909
 5000/10000 [==============>...............] - ETA: 19s - loss: 1.5375 - accuracy: 0.5006
 5500/10000 [===============>..............] - ETA: 17s - loss: 1.5184 - accuracy: 0.5038
 6000/10000 [=================>............] - ETA: 15s - loss: 1.5109 - accuracy: 0.5085
 6500/10000 [==================>...........] - ETA: 13s - loss: 1.5037 - accuracy: 0.5128
 7000/10000 [====================>.........] - ETA: 11s - loss: 1.4849 - accuracy: 0.5204
 7500/10000 [=====================>........] - ETA: 9s - loss: 1.4728 - accuracy: 0.5263 
 8000/10000 [=======================>......] - ETA: 7s - loss: 1.4613 - accuracy: 0.5305
 8500/10000 [========================>.....] - ETA: 5s - loss: 1.4415 - accuracy: 0.5369
 9000/10000 [==========================>...] - ETA: 3s - loss: 1.4311 - accuracy: 0.5391
 9500/10000 [===========================>..] - ETA: 1s - loss: 1.4272 - accuracy: 0.5416
10000/10000 [==============================] - 38s 4ms/step - loss: 1.4139 - accuracy: 0.5454 - val_loss: 1.5235 - val_accuracy: 0.5484
Epoch 4/5

  500/10000 [>.............................] - ETA: 37s - loss: 1.4193 - accuracy: 0.5720
 1000/10000 [==>...........................] - ETA: 34s - loss: 1.6257 - accuracy: 0.5260
 1500/10000 [===>..........................] - ETA: 32s - loss: 1.6772 - accuracy: 0.5133
 2000/10000 [=====>........................] - ETA: 30s - loss: 1.6712 - accuracy: 0.5065
 2500/10000 [======>.......................] - ETA: 28s - loss: 1.7283 - accuracy: 0.4996
 3000/10000 [========>.....................] - ETA: 26s - loss: 1.6877 - accuracy: 0.5023
 3500/10000 [=========>....................] - ETA: 24s - loss: 1.6164 - accuracy: 0.5174
 4000/10000 [===========>..................] - ETA: 22s - loss: 1.5720 - accuracy: 0.5285
 4500/10000 [============>.................] - ETA: 20s - loss: 1.5714 - accuracy: 0.5284
 5000/10000 [==============>...............] - ETA: 19s - loss: 1.5517 - accuracy: 0.5300
 5500/10000 [===============>..............] - ETA: 17s - loss: 1.5362 - accuracy: 0.5318
 6000/10000 [=================>............] - ETA: 15s - loss: 1.5439 - accuracy: 0.5323
 6500/10000 [==================>...........] - ETA: 13s - loss: 1.5159 - accuracy: 0.5382
 7000/10000 [====================>.........] - ETA: 11s - loss: 1.4854 - accuracy: 0.5473
 7500/10000 [=====================>........] - ETA: 9s - loss: 1.4721 - accuracy: 0.5520 
 8000/10000 [=======================>......] - ETA: 7s - loss: 1.4636 - accuracy: 0.5549
 8500/10000 [========================>.....] - ETA: 5s - loss: 1.4640 - accuracy: 0.5555
 9000/10000 [==========================>...] - ETA: 3s - loss: 1.4503 - accuracy: 0.5594
 9500/10000 [===========================>..] - ETA: 1s - loss: 1.4501 - accuracy: 0.5616
10000/10000 [==============================] - 38s 4ms/step - loss: 1.4401 - accuracy: 0.5650 - val_loss: 1.5486 - val_accuracy: 0.5408
Epoch 5/5

  500/10000 [>.............................] - ETA: 36s - loss: 1.3607 - accuracy: 0.5980
 1000/10000 [==>...........................] - ETA: 34s - loss: 1.4699 - accuracy: 0.5690
 1500/10000 [===>..........................] - ETA: 32s - loss: 1.4029 - accuracy: 0.5833
 2000/10000 [=====>........................] - ETA: 30s - loss: 1.4073 - accuracy: 0.5815
 2500/10000 [======>.......................] - ETA: 28s - loss: 1.4717 - accuracy: 0.5612
 3000/10000 [========>.....................] - ETA: 26s - loss: 1.4726 - accuracy: 0.5703
 3500/10000 [=========>....................] - ETA: 24s - loss: 1.4751 - accuracy: 0.5669
 4000/10000 [===========>..................] - ETA: 22s - loss: 1.4600 - accuracy: 0.5702
 4500/10000 [============>.................] - ETA: 21s - loss: 1.4395 - accuracy: 0.5773
 5000/10000 [==============>...............] - ETA: 19s - loss: 1.4209 - accuracy: 0.5826
 5500/10000 [===============>..............] - ETA: 17s - loss: 1.4399 - accuracy: 0.5780
 6000/10000 [=================>............] - ETA: 15s - loss: 1.4341 - accuracy: 0.5782
 6500/10000 [==================>...........] - ETA: 13s - loss: 1.4424 - accuracy: 0.5782
 7000/10000 [====================>.........] - ETA: 11s - loss: 1.4470 - accuracy: 0.5796
 7500/10000 [=====================>........] - ETA: 9s - loss: 1.4405 - accuracy: 0.5843 
 8000/10000 [=======================>......] - ETA: 7s - loss: 1.4321 - accuracy: 0.5860
 8500/10000 [========================>.....] - ETA: 5s - loss: 1.4122 - accuracy: 0.5902
 9000/10000 [==========================>...] - ETA: 3s - loss: 1.4075 - accuracy: 0.5914
 9500/10000 [===========================>..] - ETA: 1s - loss: 1.3994 - accuracy: 0.5938
10000/10000 [==============================] - 38s 4ms/step - loss: 1.4034 - accuracy: 0.5937 - val_loss: 1.6253 - val_accuracy: 0.5812
Latency --- 193.1255054473877 seconds ---
For delta=0.000100, the current epsilon is: 2.0042
=====================Iteration========================== 7
For delta=0.000100, the current epsilon is: 2.0042
Noise Mutiplier 1.49
loss= <keras.losses.CategoricalCrossentropy object at 0x1019d5dd10>
in grads Tensor("loss_6/mul:0", shape=(?,), dtype=float32)
Train on 10000 samples, validate on 2500 samples
Epoch 1/5

  500/10000 [>.............................] - ETA: 37s - loss: 2.3356 - accuracy: 0.1180
 1000/10000 [==>...........................] - ETA: 35s - loss: 2.3106 - accuracy: 0.1430
 1500/10000 [===>..........................] - ETA: 33s - loss: 2.2965 - accuracy: 0.1420
 2000/10000 [=====>........................] - ETA: 31s - loss: 2.2814 - accuracy: 0.1375
 2500/10000 [======>.......................] - ETA: 29s - loss: 2.2775 - accuracy: 0.1376
 3000/10000 [========>.....................] - ETA: 27s - loss: 2.2748 - accuracy: 0.1310
 3500/10000 [=========>....................] - ETA: 25s - loss: 2.2578 - accuracy: 0.1500
 4000/10000 [===========>..................] - ETA: 23s - loss: 2.2492 - accuracy: 0.1618
 4500/10000 [============>.................] - ETA: 21s - loss: 2.2362 - accuracy: 0.1656
 5000/10000 [==============>...............] - ETA: 19s - loss: 2.2241 - accuracy: 0.1790
 5500/10000 [===============>..............] - ETA: 17s - loss: 2.2210 - accuracy: 0.1813
 6000/10000 [=================>............] - ETA: 15s - loss: 2.2180 - accuracy: 0.1858
 6500/10000 [==================>...........] - ETA: 13s - loss: 2.2106 - accuracy: 0.1823
 7000/10000 [====================>.........] - ETA: 11s - loss: 2.2035 - accuracy: 0.1869
 7500/10000 [=====================>........] - ETA: 9s - loss: 2.1900 - accuracy: 0.1912 
 8000/10000 [=======================>......] - ETA: 7s - loss: 2.1782 - accuracy: 0.1998
 8500/10000 [========================>.....] - ETA: 5s - loss: 2.1751 - accuracy: 0.1989
 9000/10000 [==========================>...] - ETA: 3s - loss: 2.1653 - accuracy: 0.2053
 9500/10000 [===========================>..] - ETA: 1s - loss: 2.1502 - accuracy: 0.2103
10000/10000 [==============================] - 39s 4ms/step - loss: 2.1413 - accuracy: 0.2164 - val_loss: 1.8329 - val_accuracy: 0.3324
Epoch 2/5

  500/10000 [>.............................] - ETA: 36s - loss: 1.8634 - accuracy: 0.3240
 1000/10000 [==>...........................] - ETA: 33s - loss: 1.7920 - accuracy: 0.4020
 1500/10000 [===>..........................] - ETA: 32s - loss: 1.7872 - accuracy: 0.3800
 2000/10000 [=====>........................] - ETA: 30s - loss: 1.7841 - accuracy: 0.3905
 2500/10000 [======>.......................] - ETA: 28s - loss: 1.7809 - accuracy: 0.3860
 3000/10000 [========>.....................] - ETA: 26s - loss: 1.7811 - accuracy: 0.3977
 3500/10000 [=========>....................] - ETA: 24s - loss: 1.7625 - accuracy: 0.4083
 4000/10000 [===========>..................] - ETA: 22s - loss: 1.7439 - accuracy: 0.4215
 4500/10000 [============>.................] - ETA: 20s - loss: 1.7295 - accuracy: 0.4244
 5000/10000 [==============>...............] - ETA: 19s - loss: 1.7053 - accuracy: 0.4328
 5500/10000 [===============>..............] - ETA: 17s - loss: 1.7131 - accuracy: 0.4275
 6000/10000 [=================>............] - ETA: 15s - loss: 1.7001 - accuracy: 0.4342
 6500/10000 [==================>...........] - ETA: 13s - loss: 1.6741 - accuracy: 0.4452
 7000/10000 [====================>.........] - ETA: 11s - loss: 1.6625 - accuracy: 0.4493
 7500/10000 [=====================>........] - ETA: 9s - loss: 1.6591 - accuracy: 0.4484 
 8000/10000 [=======================>......] - ETA: 7s - loss: 1.6457 - accuracy: 0.4519
 8500/10000 [========================>.....] - ETA: 5s - loss: 1.6216 - accuracy: 0.4604
 9000/10000 [==========================>...] - ETA: 3s - loss: 1.6133 - accuracy: 0.4626
 9500/10000 [===========================>..] - ETA: 1s - loss: 1.6277 - accuracy: 0.4596
10000/10000 [==============================] - 38s 4ms/step - loss: 1.6308 - accuracy: 0.4596 - val_loss: 1.4386 - val_accuracy: 0.5076
Epoch 3/5

  500/10000 [>.............................] - ETA: 36s - loss: 1.5141 - accuracy: 0.5160
 1000/10000 [==>...........................] - ETA: 34s - loss: 1.6218 - accuracy: 0.4900
 1500/10000 [===>..........................] - ETA: 32s - loss: 1.6141 - accuracy: 0.4780
 2000/10000 [=====>........................] - ETA: 30s - loss: 1.6299 - accuracy: 0.4790
 2500/10000 [======>.......................] - ETA: 28s - loss: 1.6094 - accuracy: 0.4796
 3000/10000 [========>.....................] - ETA: 26s - loss: 1.5782 - accuracy: 0.4880
 3500/10000 [=========>....................] - ETA: 24s - loss: 1.5965 - accuracy: 0.4814
 4000/10000 [===========>..................] - ETA: 23s - loss: 1.5934 - accuracy: 0.4785
 4500/10000 [============>.................] - ETA: 21s - loss: 1.5653 - accuracy: 0.4867
 5000/10000 [==============>...............] - ETA: 19s - loss: 1.5569 - accuracy: 0.4888
 5500/10000 [===============>..............] - ETA: 17s - loss: 1.5497 - accuracy: 0.4887
 6000/10000 [=================>............] - ETA: 15s - loss: 1.5664 - accuracy: 0.4837
 6500/10000 [==================>...........] - ETA: 13s - loss: 1.5586 - accuracy: 0.4835
 7000/10000 [====================>.........] - ETA: 11s - loss: 1.5453 - accuracy: 0.4891
 7500/10000 [=====================>........] - ETA: 9s - loss: 1.5231 - accuracy: 0.4955 
 8000/10000 [=======================>......] - ETA: 7s - loss: 1.5052 - accuracy: 0.5015
 8500/10000 [========================>.....] - ETA: 5s - loss: 1.4855 - accuracy: 0.5082
 9000/10000 [==========================>...] - ETA: 3s - loss: 1.4809 - accuracy: 0.5113
 9500/10000 [===========================>..] - ETA: 1s - loss: 1.4774 - accuracy: 0.5115
10000/10000 [==============================] - 38s 4ms/step - loss: 1.5002 - accuracy: 0.5098 - val_loss: 1.6071 - val_accuracy: 0.4872
Epoch 4/5

  500/10000 [>.............................] - ETA: 34s - loss: 1.6110 - accuracy: 0.4880
 1000/10000 [==>...........................] - ETA: 33s - loss: 1.6202 - accuracy: 0.4890
 1500/10000 [===>..........................] - ETA: 32s - loss: 1.5026 - accuracy: 0.5140
 2000/10000 [=====>........................] - ETA: 30s - loss: 1.4503 - accuracy: 0.5225
 2500/10000 [======>.......................] - ETA: 28s - loss: 1.4430 - accuracy: 0.5284
 3000/10000 [========>.....................] - ETA: 26s - loss: 1.4117 - accuracy: 0.5373
 3500/10000 [=========>....................] - ETA: 24s - loss: 1.4782 - accuracy: 0.5263
 4000/10000 [===========>..................] - ETA: 22s - loss: 1.4642 - accuracy: 0.5303
 4500/10000 [============>.................] - ETA: 20s - loss: 1.4416 - accuracy: 0.5409
 5000/10000 [==============>...............] - ETA: 19s - loss: 1.4362 - accuracy: 0.5396
 5500/10000 [===============>..............] - ETA: 17s - loss: 1.4310 - accuracy: 0.5442
 6000/10000 [=================>............] - ETA: 15s - loss: 1.4430 - accuracy: 0.5423
 6500/10000 [==================>...........] - ETA: 13s - loss: 1.4563 - accuracy: 0.5417
 7000/10000 [====================>.........] - ETA: 11s - loss: 1.4447 - accuracy: 0.5460
 7500/10000 [=====================>........] - ETA: 9s - loss: 1.4356 - accuracy: 0.5488 
 8000/10000 [=======================>......] - ETA: 7s - loss: 1.4353 - accuracy: 0.5475
 8500/10000 [========================>.....] - ETA: 5s - loss: 1.4192 - accuracy: 0.5535
 9000/10000 [==========================>...] - ETA: 3s - loss: 1.4099 - accuracy: 0.5552
 9500/10000 [===========================>..] - ETA: 1s - loss: 1.3936 - accuracy: 0.5593
10000/10000 [==============================] - 38s 4ms/step - loss: 1.4014 - accuracy: 0.5591 - val_loss: 1.3832 - val_accuracy: 0.5732
Epoch 5/5

  500/10000 [>.............................] - ETA: 36s - loss: 1.2509 - accuracy: 0.5980
 1000/10000 [==>...........................] - ETA: 33s - loss: 1.1612 - accuracy: 0.6200
 1500/10000 [===>..........................] - ETA: 32s - loss: 1.1551 - accuracy: 0.6173
 2000/10000 [=====>........................] - ETA: 30s - loss: 1.1671 - accuracy: 0.6175
 2500/10000 [======>.......................] - ETA: 28s - loss: 1.1608 - accuracy: 0.6192
 3000/10000 [========>.....................] - ETA: 26s - loss: 1.1463 - accuracy: 0.6310
 3500/10000 [=========>....................] - ETA: 24s - loss: 1.1742 - accuracy: 0.6237
 4000/10000 [===========>..................] - ETA: 22s - loss: 1.1583 - accuracy: 0.6288
 4500/10000 [============>.................] - ETA: 20s - loss: 1.1527 - accuracy: 0.6307
 5000/10000 [==============>...............] - ETA: 19s - loss: 1.1573 - accuracy: 0.6278
 5500/10000 [===============>..............] - ETA: 17s - loss: 1.1827 - accuracy: 0.6249
 6000/10000 [=================>............] - ETA: 15s - loss: 1.1976 - accuracy: 0.6200
 6500/10000 [==================>...........] - ETA: 13s - loss: 1.2206 - accuracy: 0.6165
 7000/10000 [====================>.........] - ETA: 11s - loss: 1.2205 - accuracy: 0.6176
 7500/10000 [=====================>........] - ETA: 9s - loss: 1.2129 - accuracy: 0.6205 
 8000/10000 [=======================>......] - ETA: 7s - loss: 1.2139 - accuracy: 0.6199
 8500/10000 [========================>.....] - ETA: 5s - loss: 1.2048 - accuracy: 0.6240
 9000/10000 [==========================>...] - ETA: 3s - loss: 1.2010 - accuracy: 0.6258
 9500/10000 [===========================>..] - ETA: 1s - loss: 1.2151 - accuracy: 0.6246
10000/10000 [==============================] - 38s 4ms/step - loss: 1.2273 - accuracy: 0.6232 - val_loss: 1.6927 - val_accuracy: 0.5700
Latency --- 192.67998003959656 seconds ---
For delta=0.000100, the current epsilon is: 2.0042
=====================Iteration========================== 8
For delta=0.000100, the current epsilon is: 2.0042
Noise Mutiplier 1.49
loss= <keras.losses.CategoricalCrossentropy object at 0x101a437f10>
in grads Tensor("loss_7/mul:0", shape=(?,), dtype=float32)
Train on 10000 samples, validate on 2500 samples
Epoch 1/5

  500/10000 [>.............................] - ETA: 38s - loss: 2.3122 - accuracy: 0.0980
 1000/10000 [==>...........................] - ETA: 35s - loss: 2.2994 - accuracy: 0.1120
 1500/10000 [===>..........................] - ETA: 32s - loss: 2.2915 - accuracy: 0.1127
 2000/10000 [=====>........................] - ETA: 31s - loss: 2.2836 - accuracy: 0.1155
 2500/10000 [======>.......................] - ETA: 28s - loss: 2.2773 - accuracy: 0.1276
 3000/10000 [========>.....................] - ETA: 26s - loss: 2.2706 - accuracy: 0.1227
 3500/10000 [=========>....................] - ETA: 25s - loss: 2.2580 - accuracy: 0.1309
 4000/10000 [===========>..................] - ETA: 23s - loss: 2.2405 - accuracy: 0.1552
 4500/10000 [============>.................] - ETA: 21s - loss: 2.2280 - accuracy: 0.1651
 5000/10000 [==============>...............] - ETA: 19s - loss: 2.2150 - accuracy: 0.1816
 5500/10000 [===============>..............] - ETA: 17s - loss: 2.1983 - accuracy: 0.1922
 6000/10000 [=================>............] - ETA: 15s - loss: 2.1820 - accuracy: 0.2075
 6500/10000 [==================>...........] - ETA: 13s - loss: 2.1681 - accuracy: 0.2151
 7000/10000 [====================>.........] - ETA: 11s - loss: 2.1713 - accuracy: 0.2104
 7500/10000 [=====================>........] - ETA: 9s - loss: 2.1704 - accuracy: 0.2179 
 8000/10000 [=======================>......] - ETA: 7s - loss: 2.1613 - accuracy: 0.2224
 8500/10000 [========================>.....] - ETA: 5s - loss: 2.1588 - accuracy: 0.2267
 9000/10000 [==========================>...] - ETA: 3s - loss: 2.1505 - accuracy: 0.2403
 9500/10000 [===========================>..] - ETA: 1s - loss: 2.1362 - accuracy: 0.2453
10000/10000 [==============================] - 39s 4ms/step - loss: 2.1312 - accuracy: 0.2450 - val_loss: 1.8459 - val_accuracy: 0.4308
Epoch 2/5

  500/10000 [>.............................] - ETA: 36s - loss: 1.8140 - accuracy: 0.4360
 1000/10000 [==>...........................] - ETA: 34s - loss: 1.7869 - accuracy: 0.4440
 1500/10000 [===>..........................] - ETA: 32s - loss: 1.7517 - accuracy: 0.4487
 2000/10000 [=====>........................] - ETA: 30s - loss: 1.7327 - accuracy: 0.4500
 2500/10000 [======>.......................] - ETA: 28s - loss: 1.7494 - accuracy: 0.4312
 3000/10000 [========>.....................] - ETA: 26s - loss: 1.7792 - accuracy: 0.4183
 3500/10000 [=========>....................] - ETA: 24s - loss: 1.8175 - accuracy: 0.4029
 4000/10000 [===========>..................] - ETA: 23s - loss: 1.8352 - accuracy: 0.3932
 4500/10000 [============>.................] - ETA: 21s - loss: 1.8194 - accuracy: 0.3918
 5000/10000 [==============>...............] - ETA: 19s - loss: 1.8092 - accuracy: 0.3920
 5500/10000 [===============>..............] - ETA: 17s - loss: 1.7922 - accuracy: 0.3975
 6000/10000 [=================>............] - ETA: 15s - loss: 1.8033 - accuracy: 0.3960
 6500/10000 [==================>...........] - ETA: 13s - loss: 1.8049 - accuracy: 0.3962
 7000/10000 [====================>.........] - ETA: 11s - loss: 1.7984 - accuracy: 0.4007
 7500/10000 [=====================>........] - ETA: 9s - loss: 1.7787 - accuracy: 0.4092 
 8000/10000 [=======================>......] - ETA: 7s - loss: 1.7668 - accuracy: 0.4098
 8500/10000 [========================>.....] - ETA: 5s - loss: 1.7571 - accuracy: 0.4142
 9000/10000 [==========================>...] - ETA: 3s - loss: 1.7466 - accuracy: 0.4209
 9500/10000 [===========================>..] - ETA: 1s - loss: 1.7460 - accuracy: 0.4224
10000/10000 [==============================] - 39s 4ms/step - loss: 1.7344 - accuracy: 0.4260 - val_loss: 1.6080 - val_accuracy: 0.5432
Epoch 3/5

  500/10000 [>.............................] - ETA: 36s - loss: 1.5376 - accuracy: 0.5460
 1000/10000 [==>...........................] - ETA: 34s - loss: 1.4228 - accuracy: 0.5600
 1500/10000 [===>..........................] - ETA: 32s - loss: 1.3947 - accuracy: 0.5540
 2000/10000 [=====>........................] - ETA: 30s - loss: 1.4756 - accuracy: 0.5225
 2500/10000 [======>.......................] - ETA: 28s - loss: 1.4600 - accuracy: 0.5268
 3000/10000 [========>.....................] - ETA: 26s - loss: 1.4604 - accuracy: 0.5237
 3500/10000 [=========>....................] - ETA: 24s - loss: 1.4337 - accuracy: 0.5340
 4000/10000 [===========>..................] - ETA: 22s - loss: 1.3992 - accuracy: 0.5415
 4500/10000 [============>.................] - ETA: 21s - loss: 1.4256 - accuracy: 0.5358
 5000/10000 [==============>...............] - ETA: 19s - loss: 1.4466 - accuracy: 0.5272
 5500/10000 [===============>..............] - ETA: 17s - loss: 1.4488 - accuracy: 0.5242
 6000/10000 [=================>............] - ETA: 15s - loss: 1.4257 - accuracy: 0.5308
 6500/10000 [==================>...........] - ETA: 13s - loss: 1.4138 - accuracy: 0.5348
 7000/10000 [====================>.........] - ETA: 11s - loss: 1.4457 - accuracy: 0.5281
 7500/10000 [=====================>........] - ETA: 9s - loss: 1.4354 - accuracy: 0.5317 
 8000/10000 [=======================>......] - ETA: 7s - loss: 1.4659 - accuracy: 0.5229
 8500/10000 [========================>.....] - ETA: 5s - loss: 1.4735 - accuracy: 0.5266
 9000/10000 [==========================>...] - ETA: 3s - loss: 1.4645 - accuracy: 0.5269
 9500/10000 [===========================>..] - ETA: 1s - loss: 1.4549 - accuracy: 0.5308
10000/10000 [==============================] - 39s 4ms/step - loss: 1.4479 - accuracy: 0.5300 - val_loss: 1.4463 - val_accuracy: 0.5684
Epoch 4/5

  500/10000 [>.............................] - ETA: 36s - loss: 1.5315 - accuracy: 0.5720
 1000/10000 [==>...........................] - ETA: 34s - loss: 1.5586 - accuracy: 0.5200
 1500/10000 [===>..........................] - ETA: 32s - loss: 1.5456 - accuracy: 0.5180
 2000/10000 [=====>........................] - ETA: 30s - loss: 1.5732 - accuracy: 0.5020
 2500/10000 [======>.......................] - ETA: 28s - loss: 1.5224 - accuracy: 0.5144
 3000/10000 [========>.....................] - ETA: 26s - loss: 1.4599 - accuracy: 0.5277
 3500/10000 [=========>....................] - ETA: 25s - loss: 1.4104 - accuracy: 0.5443
 4000/10000 [===========>..................] - ETA: 23s - loss: 1.3649 - accuracy: 0.5577
 4500/10000 [============>.................] - ETA: 21s - loss: 1.3372 - accuracy: 0.5664
 5000/10000 [==============>...............] - ETA: 19s - loss: 1.3212 - accuracy: 0.5718
 5500/10000 [===============>..............] - ETA: 17s - loss: 1.2949 - accuracy: 0.5787
 6000/10000 [=================>............] - ETA: 15s - loss: 1.2851 - accuracy: 0.5830
 6500/10000 [==================>...........] - ETA: 13s - loss: 1.2689 - accuracy: 0.5875
 7000/10000 [====================>.........] - ETA: 11s - loss: 1.2552 - accuracy: 0.5907
 7500/10000 [=====================>........] - ETA: 9s - loss: 1.2385 - accuracy: 0.5939 
 8000/10000 [=======================>......] - ETA: 7s - loss: 1.2338 - accuracy: 0.5950
 8500/10000 [========================>.....] - ETA: 5s - loss: 1.2263 - accuracy: 0.5965
 9000/10000 [==========================>...] - ETA: 3s - loss: 1.2127 - accuracy: 0.5991
 9500/10000 [===========================>..] - ETA: 1s - loss: 1.2261 - accuracy: 0.5975
10000/10000 [==============================] - 39s 4ms/step - loss: 1.2228 - accuracy: 0.5996 - val_loss: 1.2174 - val_accuracy: 0.6056
Epoch 5/5

  500/10000 [>.............................] - ETA: 37s - loss: 1.0096 - accuracy: 0.6780
 1000/10000 [==>...........................] - ETA: 34s - loss: 1.2329 - accuracy: 0.6440
 1500/10000 [===>..........................] - ETA: 32s - loss: 1.2767 - accuracy: 0.6273
 2000/10000 [=====>........................] - ETA: 30s - loss: 1.2558 - accuracy: 0.6310
 2500/10000 [======>.......................] - ETA: 28s - loss: 1.2741 - accuracy: 0.6220
 3000/10000 [========>.....................] - ETA: 27s - loss: 1.3015 - accuracy: 0.6160
 3500/10000 [=========>....................] - ETA: 25s - loss: 1.2889 - accuracy: 0.6163
 4000/10000 [===========>..................] - ETA: 23s - loss: 1.2636 - accuracy: 0.6230
 4500/10000 [============>.................] - ETA: 21s - loss: 1.2497 - accuracy: 0.6253
 5000/10000 [==============>...............] - ETA: 19s - loss: 1.2417 - accuracy: 0.6294
 5500/10000 [===============>..............] - ETA: 17s - loss: 1.2441 - accuracy: 0.6242
 6000/10000 [=================>............] - ETA: 15s - loss: 1.2266 - accuracy: 0.6272
 6500/10000 [==================>...........] - ETA: 13s - loss: 1.2142 - accuracy: 0.6295
 7000/10000 [====================>.........] - ETA: 11s - loss: 1.2192 - accuracy: 0.6283
 7500/10000 [=====================>........] - ETA: 9s - loss: 1.2158 - accuracy: 0.6284 
 8000/10000 [=======================>......] - ETA: 7s - loss: 1.2046 - accuracy: 0.6314
 8500/10000 [========================>.....] - ETA: 5s - loss: 1.2177 - accuracy: 0.6280
 9000/10000 [==========================>...] - ETA: 3s - loss: 1.2302 - accuracy: 0.6270
 9500/10000 [===========================>..] - ETA: 1s - loss: 1.2258 - accuracy: 0.6283
10000/10000 [==============================] - 38s 4ms/step - loss: 1.2259 - accuracy: 0.6287 - val_loss: 1.3219 - val_accuracy: 0.6348
Latency --- 193.7360863685608 seconds ---
For delta=0.000100, the current epsilon is: 2.0042
=====================Iteration========================== 9
For delta=0.000100, the current epsilon is: 2.0042
Noise Mutiplier 1.49
loss= <keras.losses.CategoricalCrossentropy object at 0x101a5a2a50>
in grads Tensor("loss_8/mul:0", shape=(?,), dtype=float32)
Train on 10000 samples, validate on 2500 samples
Epoch 1/5

  500/10000 [>.............................] - ETA: 40s - loss: 2.3036 - accuracy: 0.1080
 1000/10000 [==>...........................] - ETA: 35s - loss: 2.2914 - accuracy: 0.1290
 1500/10000 [===>..........................] - ETA: 33s - loss: 2.2827 - accuracy: 0.1260
 2000/10000 [=====>........................] - ETA: 31s - loss: 2.2799 - accuracy: 0.1415
 2500/10000 [======>.......................] - ETA: 29s - loss: 2.2735 - accuracy: 0.1360
 3000/10000 [========>.....................] - ETA: 27s - loss: 2.2635 - accuracy: 0.1447
 3500/10000 [=========>....................] - ETA: 25s - loss: 2.2577 - accuracy: 0.1477
 4000/10000 [===========>..................] - ETA: 23s - loss: 2.2536 - accuracy: 0.1465
 4500/10000 [============>.................] - ETA: 21s - loss: 2.2496 - accuracy: 0.1460
 5000/10000 [==============>...............] - ETA: 19s - loss: 2.2403 - accuracy: 0.1504
 5500/10000 [===============>..............] - ETA: 17s - loss: 2.2332 - accuracy: 0.1484
 6000/10000 [=================>............] - ETA: 15s - loss: 2.2228 - accuracy: 0.1543
 6500/10000 [==================>...........] - ETA: 13s - loss: 2.2224 - accuracy: 0.1551
 7000/10000 [====================>.........] - ETA: 11s - loss: 2.2155 - accuracy: 0.1649
 7500/10000 [=====================>........] - ETA: 9s - loss: 2.2038 - accuracy: 0.1693 
 8000/10000 [=======================>......] - ETA: 7s - loss: 2.1895 - accuracy: 0.1784
 8500/10000 [========================>.....] - ETA: 5s - loss: 2.1740 - accuracy: 0.1900
 9000/10000 [==========================>...] - ETA: 3s - loss: 2.1567 - accuracy: 0.2008
 9500/10000 [===========================>..] - ETA: 1s - loss: 2.1626 - accuracy: 0.1959
10000/10000 [==============================] - 39s 4ms/step - loss: 2.1591 - accuracy: 0.2013 - val_loss: 2.0238 - val_accuracy: 0.2916
Epoch 2/5

  500/10000 [>.............................] - ETA: 34s - loss: 1.9110 - accuracy: 0.3400
 1000/10000 [==>...........................] - ETA: 33s - loss: 1.8551 - accuracy: 0.3670
 1500/10000 [===>..........................] - ETA: 32s - loss: 1.9767 - accuracy: 0.3200
 2000/10000 [=====>........................] - ETA: 30s - loss: 1.9868 - accuracy: 0.3225
 2500/10000 [======>.......................] - ETA: 28s - loss: 1.9571 - accuracy: 0.3220
 3000/10000 [========>.....................] - ETA: 26s - loss: 1.9624 - accuracy: 0.3283
 3500/10000 [=========>....................] - ETA: 24s - loss: 1.9506 - accuracy: 0.3257
 4000/10000 [===========>..................] - ETA: 22s - loss: 1.9549 - accuracy: 0.3228
 4500/10000 [============>.................] - ETA: 21s - loss: 1.9504 - accuracy: 0.3264
 5000/10000 [==============>...............] - ETA: 19s - loss: 1.9393 - accuracy: 0.3282
 5500/10000 [===============>..............] - ETA: 17s - loss: 1.9294 - accuracy: 0.3342
 6000/10000 [=================>............] - ETA: 15s - loss: 1.9194 - accuracy: 0.3340
 6500/10000 [==================>...........] - ETA: 13s - loss: 1.9208 - accuracy: 0.3314
 7000/10000 [====================>.........] - ETA: 11s - loss: 1.9219 - accuracy: 0.3321
 7500/10000 [=====================>........] - ETA: 9s - loss: 1.9208 - accuracy: 0.3351 
 8000/10000 [=======================>......] - ETA: 7s - loss: 1.9136 - accuracy: 0.3380
 8500/10000 [========================>.....] - ETA: 5s - loss: 1.9040 - accuracy: 0.3408
 9000/10000 [==========================>...] - ETA: 3s - loss: 1.8960 - accuracy: 0.3431
 9500/10000 [===========================>..] - ETA: 1s - loss: 1.9093 - accuracy: 0.3439
10000/10000 [==============================] - 38s 4ms/step - loss: 1.9120 - accuracy: 0.3452 - val_loss: 1.9492 - val_accuracy: 0.3780
Epoch 3/5

  500/10000 [>.............................] - ETA: 34s - loss: 1.8574 - accuracy: 0.4020
 1000/10000 [==>...........................] - ETA: 34s - loss: 1.7670 - accuracy: 0.4230
 1500/10000 [===>..........................] - ETA: 33s - loss: 1.6898 - accuracy: 0.4393
 2000/10000 [=====>........................] - ETA: 30s - loss: 1.7154 - accuracy: 0.4190
 2500/10000 [======>.......................] - ETA: 28s - loss: 1.7263 - accuracy: 0.4076
 3000/10000 [========>.....................] - ETA: 26s - loss: 1.6877 - accuracy: 0.4237
 3500/10000 [=========>....................] - ETA: 25s - loss: 1.6598 - accuracy: 0.4294
 4000/10000 [===========>..................] - ETA: 23s - loss: 1.6707 - accuracy: 0.4235
 4500/10000 [============>.................] - ETA: 21s - loss: 1.6715 - accuracy: 0.4198
 5000/10000 [==============>...............] - ETA: 19s - loss: 1.6795 - accuracy: 0.4182
 5500/10000 [===============>..............] - ETA: 17s - loss: 1.7013 - accuracy: 0.4165
 6000/10000 [=================>............] - ETA: 15s - loss: 1.6810 - accuracy: 0.4245
 6500/10000 [==================>...........] - ETA: 13s - loss: 1.7217 - accuracy: 0.4195
 7000/10000 [====================>.........] - ETA: 11s - loss: 1.7268 - accuracy: 0.4197
 7500/10000 [=====================>........] - ETA: 9s - loss: 1.7304 - accuracy: 0.4201 
 8000/10000 [=======================>......] - ETA: 7s - loss: 1.7216 - accuracy: 0.4251
 8500/10000 [========================>.....] - ETA: 5s - loss: 1.7176 - accuracy: 0.4281
 9000/10000 [==========================>...] - ETA: 3s - loss: 1.7057 - accuracy: 0.4299
 9500/10000 [===========================>..] - ETA: 1s - loss: 1.7029 - accuracy: 0.4312
10000/10000 [==============================] - 39s 4ms/step - loss: 1.7175 - accuracy: 0.4306 - val_loss: 1.6246 - val_accuracy: 0.4816
Epoch 4/5

  500/10000 [>.............................] - ETA: 35s - loss: 1.6659 - accuracy: 0.4700
 1000/10000 [==>...........................] - ETA: 34s - loss: 1.8345 - accuracy: 0.4030
 1500/10000 [===>..........................] - ETA: 32s - loss: 1.7513 - accuracy: 0.4340
 2000/10000 [=====>........................] - ETA: 31s - loss: 1.6551 - accuracy: 0.4510
 2500/10000 [======>.......................] - ETA: 29s - loss: 1.6157 - accuracy: 0.4656
 3000/10000 [========>.....................] - ETA: 26s - loss: 1.5798 - accuracy: 0.4777
 3500/10000 [=========>....................] - ETA: 25s - loss: 1.7342 - accuracy: 0.4514
 4000/10000 [===========>..................] - ETA: 23s - loss: 1.7456 - accuracy: 0.4473
 4500/10000 [============>.................] - ETA: 21s - loss: 1.7562 - accuracy: 0.4393
 5000/10000 [==============>...............] - ETA: 19s - loss: 1.7441 - accuracy: 0.4476
 5500/10000 [===============>..............] - ETA: 17s - loss: 1.7357 - accuracy: 0.4496
 6000/10000 [=================>............] - ETA: 15s - loss: 1.7529 - accuracy: 0.4447
 6500/10000 [==================>...........] - ETA: 13s - loss: 1.7345 - accuracy: 0.4482
 7000/10000 [====================>.........] - ETA: 11s - loss: 1.7289 - accuracy: 0.4494
 7500/10000 [=====================>........] - ETA: 9s - loss: 1.7339 - accuracy: 0.4468 
 8000/10000 [=======================>......] - ETA: 7s - loss: 1.7593 - accuracy: 0.4461
 8500/10000 [========================>.....] - ETA: 5s - loss: 1.7564 - accuracy: 0.4494
 9000/10000 [==========================>...] - ETA: 3s - loss: 1.7428 - accuracy: 0.4531
 9500/10000 [===========================>..] - ETA: 1s - loss: 1.7302 - accuracy: 0.4545
10000/10000 [==============================] - 39s 4ms/step - loss: 1.7258 - accuracy: 0.4558 - val_loss: 1.5408 - val_accuracy: 0.5048
Epoch 5/5

  500/10000 [>.............................] - ETA: 37s - loss: 1.4677 - accuracy: 0.4980
 1000/10000 [==>...........................] - ETA: 34s - loss: 1.4680 - accuracy: 0.4920
 1500/10000 [===>..........................] - ETA: 32s - loss: 1.4603 - accuracy: 0.5000
 2000/10000 [=====>........................] - ETA: 30s - loss: 1.6435 - accuracy: 0.4815
 2500/10000 [======>.......................] - ETA: 28s - loss: 1.7459 - accuracy: 0.4492
 3000/10000 [========>.....................] - ETA: 26s - loss: 1.7124 - accuracy: 0.4643
 3500/10000 [=========>....................] - ETA: 24s - loss: 1.7045 - accuracy: 0.4640
 4000/10000 [===========>..................] - ETA: 22s - loss: 1.6841 - accuracy: 0.4675
 4500/10000 [============>.................] - ETA: 21s - loss: 1.6659 - accuracy: 0.4758
 5000/10000 [==============>...............] - ETA: 19s - loss: 1.6637 - accuracy: 0.4744
 5500/10000 [===============>..............] - ETA: 17s - loss: 1.6620 - accuracy: 0.4758
 6000/10000 [=================>............] - ETA: 15s - loss: 1.6462 - accuracy: 0.4798
 6500/10000 [==================>...........] - ETA: 13s - loss: 1.6293 - accuracy: 0.4846
 7000/10000 [====================>.........] - ETA: 11s - loss: 1.6028 - accuracy: 0.4909
 7500/10000 [=====================>........] - ETA: 9s - loss: 1.5880 - accuracy: 0.4951 
 8000/10000 [=======================>......] - ETA: 7s - loss: 1.5868 - accuracy: 0.4955
 8500/10000 [========================>.....] - ETA: 5s - loss: 1.5786 - accuracy: 0.4968
 9000/10000 [==========================>...] - ETA: 3s - loss: 1.5776 - accuracy: 0.4947
 9500/10000 [===========================>..] - ETA: 1s - loss: 1.5609 - accuracy: 0.4992
10000/10000 [==============================] - 38s 4ms/step - loss: 1.5499 - accuracy: 0.5021 - val_loss: 1.6006 - val_accuracy: 0.5296
Latency --- 193.63738107681274 seconds ---
For delta=0.000100, the current epsilon is: 2.0042
=====================Iteration========================== 10
For delta=0.000100, the current epsilon is: 2.0042
Noise Mutiplier 1.49
loss= <keras.losses.CategoricalCrossentropy object at 0x101a774b10>
in grads Tensor("loss_9/mul:0", shape=(?,), dtype=float32)
Train on 10000 samples, validate on 2500 samples
Epoch 1/5

  500/10000 [>.............................] - ETA: 41s - loss: 2.3028 - accuracy: 0.1060
 1000/10000 [==>...........................] - ETA: 36s - loss: 2.3012 - accuracy: 0.1240
 1500/10000 [===>..........................] - ETA: 34s - loss: 2.2989 - accuracy: 0.1207
 2000/10000 [=====>........................] - ETA: 31s - loss: 2.2959 - accuracy: 0.1400
 2500/10000 [======>.......................] - ETA: 29s - loss: 2.2934 - accuracy: 0.1412
 3000/10000 [========>.....................] - ETA: 27s - loss: 2.2930 - accuracy: 0.1463
 3500/10000 [=========>....................] - ETA: 25s - loss: 2.2920 - accuracy: 0.1397
 4000/10000 [===========>..................] - ETA: 23s - loss: 2.2878 - accuracy: 0.1462
 4500/10000 [============>.................] - ETA: 21s - loss: 2.2804 - accuracy: 0.1531
 5000/10000 [==============>...............] - ETA: 19s - loss: 2.2706 - accuracy: 0.1680
 5500/10000 [===============>..............] - ETA: 17s - loss: 2.2603 - accuracy: 0.1755
 6000/10000 [=================>............] - ETA: 15s - loss: 2.2496 - accuracy: 0.1870
 6500/10000 [==================>...........] - ETA: 13s - loss: 2.2395 - accuracy: 0.1980
 7000/10000 [====================>.........] - ETA: 11s - loss: 2.2277 - accuracy: 0.2061
 7500/10000 [=====================>........] - ETA: 9s - loss: 2.2190 - accuracy: 0.2135 
 8000/10000 [=======================>......] - ETA: 7s - loss: 2.2112 - accuracy: 0.2173
 8500/10000 [========================>.....] - ETA: 5s - loss: 2.2021 - accuracy: 0.2207
 9000/10000 [==========================>...] - ETA: 3s - loss: 2.1959 - accuracy: 0.2203
 9500/10000 [===========================>..] - ETA: 1s - loss: 2.1873 - accuracy: 0.2253
10000/10000 [==============================] - 39s 4ms/step - loss: 2.1752 - accuracy: 0.2286 - val_loss: 2.0348 - val_accuracy: 0.2716
Epoch 2/5

  500/10000 [>.............................] - ETA: 34s - loss: 1.9070 - accuracy: 0.3260
 1000/10000 [==>...........................] - ETA: 33s - loss: 1.9496 - accuracy: 0.3120
 1500/10000 [===>..........................] - ETA: 31s - loss: 1.9638 - accuracy: 0.3153
 2000/10000 [=====>........................] - ETA: 30s - loss: 1.9879 - accuracy: 0.3110
 2500/10000 [======>.......................] - ETA: 28s - loss: 2.0008 - accuracy: 0.3068
 3000/10000 [========>.....................] - ETA: 26s - loss: 1.9660 - accuracy: 0.3297
 3500/10000 [=========>....................] - ETA: 24s - loss: 1.9399 - accuracy: 0.3417
 4000/10000 [===========>..................] - ETA: 22s - loss: 1.9166 - accuracy: 0.3458
 4500/10000 [============>.................] - ETA: 20s - loss: 1.9037 - accuracy: 0.3553
 5000/10000 [==============>...............] - ETA: 19s - loss: 1.8925 - accuracy: 0.3582
 5500/10000 [===============>..............] - ETA: 17s - loss: 1.8729 - accuracy: 0.3709
 6000/10000 [=================>............] - ETA: 15s - loss: 1.8657 - accuracy: 0.3777
 6500/10000 [==================>...........] - ETA: 13s - loss: 1.8470 - accuracy: 0.3855
 7000/10000 [====================>.........] - ETA: 11s - loss: 1.8304 - accuracy: 0.3934
 7500/10000 [=====================>........] - ETA: 9s - loss: 1.8269 - accuracy: 0.3940 
 8000/10000 [=======================>......] - ETA: 7s - loss: 1.8131 - accuracy: 0.3989
 8500/10000 [========================>.....] - ETA: 5s - loss: 1.8090 - accuracy: 0.4001
 9000/10000 [==========================>...] - ETA: 3s - loss: 1.7971 - accuracy: 0.4061
 9500/10000 [===========================>..] - ETA: 1s - loss: 1.7976 - accuracy: 0.4039
10000/10000 [==============================] - 38s 4ms/step - loss: 1.7872 - accuracy: 0.4073 - val_loss: 1.7904 - val_accuracy: 0.4232
Epoch 3/5

  500/10000 [>.............................] - ETA: 34s - loss: 1.6956 - accuracy: 0.4520
 1000/10000 [==>...........................] - ETA: 33s - loss: 1.6093 - accuracy: 0.4670
 1500/10000 [===>..........................] - ETA: 32s - loss: 1.5567 - accuracy: 0.4833
 2000/10000 [=====>........................] - ETA: 30s - loss: 1.4844 - accuracy: 0.5070
 2500/10000 [======>.......................] - ETA: 28s - loss: 1.4382 - accuracy: 0.5232
 3000/10000 [========>.....................] - ETA: 26s - loss: 1.4761 - accuracy: 0.5167
 3500/10000 [=========>....................] - ETA: 24s - loss: 1.5027 - accuracy: 0.5143
 4000/10000 [===========>..................] - ETA: 22s - loss: 1.6209 - accuracy: 0.4870
 4500/10000 [============>.................] - ETA: 20s - loss: 1.6031 - accuracy: 0.4929
 5000/10000 [==============>...............] - ETA: 19s - loss: 1.6021 - accuracy: 0.4884
 5500/10000 [===============>..............] - ETA: 17s - loss: 1.6077 - accuracy: 0.4856
 6000/10000 [=================>............] - ETA: 15s - loss: 1.5915 - accuracy: 0.4885
 6500/10000 [==================>...........] - ETA: 13s - loss: 1.5658 - accuracy: 0.4932
 7000/10000 [====================>.........] - ETA: 11s - loss: 1.5556 - accuracy: 0.4933
 7500/10000 [=====================>........] - ETA: 9s - loss: 1.5572 - accuracy: 0.4883 
 8000/10000 [=======================>......] - ETA: 7s - loss: 1.5470 - accuracy: 0.4894
 8500/10000 [========================>.....] - ETA: 5s - loss: 1.5379 - accuracy: 0.4902
 9000/10000 [==========================>...] - ETA: 3s - loss: 1.5252 - accuracy: 0.4932
 9500/10000 [===========================>..] - ETA: 1s - loss: 1.5112 - accuracy: 0.4965
10000/10000 [==============================] - 38s 4ms/step - loss: 1.5118 - accuracy: 0.4945 - val_loss: 1.3729 - val_accuracy: 0.5084
Epoch 4/5

  500/10000 [>.............................] - ETA: 36s - loss: 1.3581 - accuracy: 0.5320
 1000/10000 [==>...........................] - ETA: 34s - loss: 1.3369 - accuracy: 0.5320
 1500/10000 [===>..........................] - ETA: 31s - loss: 1.3379 - accuracy: 0.5393
 2000/10000 [=====>........................] - ETA: 30s - loss: 1.3018 - accuracy: 0.5505
 2500/10000 [======>.......................] - ETA: 28s - loss: 1.3324 - accuracy: 0.5432
 3000/10000 [========>.....................] - ETA: 26s - loss: 1.3669 - accuracy: 0.5353
 3500/10000 [=========>....................] - ETA: 24s - loss: 1.3846 - accuracy: 0.5380
 4000/10000 [===========>..................] - ETA: 22s - loss: 1.3611 - accuracy: 0.5468
 4500/10000 [============>.................] - ETA: 21s - loss: 1.3581 - accuracy: 0.5456
 5000/10000 [==============>...............] - ETA: 19s - loss: 1.3573 - accuracy: 0.5498
 5500/10000 [===============>..............] - ETA: 17s - loss: 1.3559 - accuracy: 0.5536
 6000/10000 [=================>............] - ETA: 15s - loss: 1.3668 - accuracy: 0.5495
 6500/10000 [==================>...........] - ETA: 13s - loss: 1.3456 - accuracy: 0.5555
 7000/10000 [====================>.........] - ETA: 11s - loss: 1.3216 - accuracy: 0.5624
 7500/10000 [=====================>........] - ETA: 9s - loss: 1.3024 - accuracy: 0.5687 
 8000/10000 [=======================>......] - ETA: 7s - loss: 1.2877 - accuracy: 0.5754
 8500/10000 [========================>.....] - ETA: 5s - loss: 1.2888 - accuracy: 0.5752
 9000/10000 [==========================>...] - ETA: 3s - loss: 1.2848 - accuracy: 0.5759
 9500/10000 [===========================>..] - ETA: 1s - loss: 1.2814 - accuracy: 0.5785
10000/10000 [==============================] - 38s 4ms/step - loss: 1.2841 - accuracy: 0.5776 - val_loss: 1.2298 - val_accuracy: 0.6112
Epoch 5/5

  500/10000 [>.............................] - ETA: 34s - loss: 1.1032 - accuracy: 0.6460
 1000/10000 [==>...........................] - ETA: 33s - loss: 1.2251 - accuracy: 0.6220
 1500/10000 [===>..........................] - ETA: 31s - loss: 1.2373 - accuracy: 0.6173
 2000/10000 [=====>........................] - ETA: 30s - loss: 1.2633 - accuracy: 0.6175
 2500/10000 [======>.......................] - ETA: 28s - loss: 1.2539 - accuracy: 0.6180
 3000/10000 [========>.....................] - ETA: 26s - loss: 1.2650 - accuracy: 0.6160
 3500/10000 [=========>....................] - ETA: 24s - loss: 1.2522 - accuracy: 0.6126
 4000/10000 [===========>..................] - ETA: 22s - loss: 1.2642 - accuracy: 0.6097
 4500/10000 [============>.................] - ETA: 20s - loss: 1.3040 - accuracy: 0.6013
 5000/10000 [==============>...............] - ETA: 18s - loss: 1.3247 - accuracy: 0.5996
 5500/10000 [===============>..............] - ETA: 17s - loss: 1.3072 - accuracy: 0.5989
 6000/10000 [=================>............] - ETA: 15s - loss: 1.3047 - accuracy: 0.5970
 6500/10000 [==================>...........] - ETA: 13s - loss: 1.3060 - accuracy: 0.5994
 7000/10000 [====================>.........] - ETA: 11s - loss: 1.3047 - accuracy: 0.5999
 7500/10000 [=====================>........] - ETA: 9s - loss: 1.2986 - accuracy: 0.6023 
 8000/10000 [=======================>......] - ETA: 7s - loss: 1.2980 - accuracy: 0.6030
 8500/10000 [========================>.....] - ETA: 5s - loss: 1.3361 - accuracy: 0.6004
 9000/10000 [==========================>...] - ETA: 3s - loss: 1.3235 - accuracy: 0.6023
 9500/10000 [===========================>..] - ETA: 1s - loss: 1.3103 - accuracy: 0.6048
10000/10000 [==============================] - 38s 4ms/step - loss: 1.3123 - accuracy: 0.6027 - val_loss: 1.4908 - val_accuracy: 0.5868
Latency --- 192.87211513519287 seconds ---
For delta=0.000100, the current epsilon is: 2.0042
