
=====================ITERATION 1==========================
We are using Tensorflow version 1.15.2
Keras API version: 2.3.1
Noise Mutiplier 30
Downloading data from https://s3.amazonaws.com/img-datasets/mnist.npz

    8192/11490434 [..............................] - ETA: 2:25
   40960/11490434 [..............................] - ETA: 58s 
   90112/11490434 [..............................] - ETA: 39s
  196608/11490434 [..............................] - ETA: 23s
  385024/11490434 [>.............................] - ETA: 15s
  786432/11490434 [=>............................] - ETA: 8s 
 1605632/11490434 [===>..........................] - ETA: 4s
 2383872/11490434 [=====>........................] - ETA: 3s
 5201920/11490434 [============>.................] - ETA: 1s
 6676480/11490434 [================>.............] - ETA: 0s
 6873088/11490434 [================>.............] - ETA: 0s
 9592832/11490434 [========================>.....] - ETA: 0s
10788864/11490434 [===========================>..] - ETA: 0s
11493376/11490434 [==============================] - 2s 0us/step

# Evaluate on test data

  500/10000 [>.............................] - ETA: 1s
 1500/10000 [===>..........................] - ETA: 0s
 3000/10000 [========>.....................] - ETA: 0s
 4000/10000 [===========>..................] - ETA: 0s
 5000/10000 [==============>...............] - ETA: 0s
 6000/10000 [=================>............] - ETA: 0s
 7500/10000 [=====================>........] - ETA: 0s
 8500/10000 [========================>.....] - ETA: 0s
 9500/10000 [===========================>..] - ETA: 0s
10000/10000 [==============================] - 1s 55us/step
Accuracy: 92.44999885559082
Latency --- 0.6232454776763916 seconds ---
Trained with vanilla non-private SGD optimizer
=====================ITERATION 2==========================
We are using Tensorflow version 1.15.2
Keras API version: 2.3.1
Noise Mutiplier 30

# Evaluate on test data

  500/10000 [>.............................] - ETA: 1s
 1500/10000 [===>..........................] - ETA: 0s
 2500/10000 [======>.......................] - ETA: 0s
 3500/10000 [=========>....................] - ETA: 0s
 4500/10000 [============>.................] - ETA: 0s
 5500/10000 [===============>..............] - ETA: 0s
 6500/10000 [==================>...........] - ETA: 0s
 7500/10000 [=====================>........] - ETA: 0s
 8500/10000 [========================>.....] - ETA: 0s
 9500/10000 [===========================>..] - ETA: 0s
10000/10000 [==============================] - 1s 57us/step
Accuracy: 92.44999885559082
Latency --- 0.6407573223114014 seconds ---
Trained with vanilla non-private SGD optimizer
=====================ITERATION 3==========================
We are using Tensorflow version 1.15.2
Keras API version: 2.3.1
Noise Mutiplier 30

# Evaluate on test data

  500/10000 [>.............................] - ETA: 1s
 1500/10000 [===>..........................] - ETA: 0s
 2500/10000 [======>.......................] - ETA: 0s
 3500/10000 [=========>....................] - ETA: 0s
 5000/10000 [==============>...............] - ETA: 0s
 6000/10000 [=================>............] - ETA: 0s
 7000/10000 [====================>.........] - ETA: 0s
 8000/10000 [=======================>......] - ETA: 0s
 9500/10000 [===========================>..] - ETA: 0s
10000/10000 [==============================] - 1s 55us/step
Accuracy: 92.44999885559082
Latency --- 0.625680685043335 seconds ---
Trained with vanilla non-private SGD optimizer
=====================ITERATION 4==========================
We are using Tensorflow version 1.15.2
Keras API version: 2.3.1
Noise Mutiplier 30

# Evaluate on test data

  500/10000 [>.............................] - ETA: 1s
 1500/10000 [===>..........................] - ETA: 0s
 2500/10000 [======>.......................] - ETA: 0s
 3500/10000 [=========>....................] - ETA: 0s
 5000/10000 [==============>...............] - ETA: 0s
 6000/10000 [=================>............] - ETA: 0s
 7000/10000 [====================>.........] - ETA: 0s
 8000/10000 [=======================>......] - ETA: 0s
 9500/10000 [===========================>..] - ETA: 0s
10000/10000 [==============================] - 1s 55us/step
Accuracy: 92.44999885559082
Latency --- 0.6241867542266846 seconds ---
Trained with vanilla non-private SGD optimizer
=====================ITERATION 5==========================
We are using Tensorflow version 1.15.2
Keras API version: 2.3.1
Noise Mutiplier 30

# Evaluate on test data

  500/10000 [>.............................] - ETA: 1s
 1500/10000 [===>..........................] - ETA: 0s
 2500/10000 [======>.......................] - ETA: 0s
 3500/10000 [=========>....................] - ETA: 0s
 4500/10000 [============>.................] - ETA: 0s
 5500/10000 [===============>..............] - ETA: 0s
 6500/10000 [==================>...........] - ETA: 0s
 7500/10000 [=====================>........] - ETA: 0s
 9000/10000 [==========================>...] - ETA: 0s
10000/10000 [==============================] - 1s 56us/step
Accuracy: 92.44999885559082
Latency --- 0.6370680332183838 seconds ---
Trained with vanilla non-private SGD optimizer
=====================ITERATION 6==========================
We are using Tensorflow version 1.15.2
Keras API version: 2.3.1
Noise Mutiplier 30

# Evaluate on test data

  500/10000 [>.............................] - ETA: 1s
 1500/10000 [===>..........................] - ETA: 0s
 2500/10000 [======>.......................] - ETA: 0s
 3500/10000 [=========>....................] - ETA: 0s
 4500/10000 [============>.................] - ETA: 0s
 5500/10000 [===============>..............] - ETA: 0s
 6500/10000 [==================>...........] - ETA: 0s
 7500/10000 [=====================>........] - ETA: 0s
 9000/10000 [==========================>...] - ETA: 0s
10000/10000 [==============================] - 1s 56us/step
Accuracy: 92.44999885559082
Latency --- 0.6363379955291748 seconds ---
Trained with vanilla non-private SGD optimizer
=====================ITERATION 7==========================
We are using Tensorflow version 1.15.2
Keras API version: 2.3.1
Noise Mutiplier 30

# Evaluate on test data

  500/10000 [>.............................] - ETA: 1s
 1500/10000 [===>..........................] - ETA: 0s
 2500/10000 [======>.......................] - ETA: 0s
 3500/10000 [=========>....................] - ETA: 0s
 4500/10000 [============>.................] - ETA: 0s
 5500/10000 [===============>..............] - ETA: 0s
 6500/10000 [==================>...........] - ETA: 0s
 7500/10000 [=====================>........] - ETA: 0s
 9000/10000 [==========================>...] - ETA: 0s
10000/10000 [==============================] - 1s 56us/step
Accuracy: 92.44999885559082
Latency --- 0.6351666450500488 seconds ---
Trained with vanilla non-private SGD optimizer
=====================ITERATION 8==========================
We are using Tensorflow version 1.15.2
Keras API version: 2.3.1
Noise Mutiplier 30

# Evaluate on test data

  500/10000 [>.............................] - ETA: 1s
 1500/10000 [===>..........................] - ETA: 0s
 2500/10000 [======>.......................] - ETA: 0s
 3500/10000 [=========>....................] - ETA: 0s
 4500/10000 [============>.................] - ETA: 0s
 5500/10000 [===============>..............] - ETA: 0s
 6500/10000 [==================>...........] - ETA: 0s
 7500/10000 [=====================>........] - ETA: 0s
 8500/10000 [========================>.....] - ETA: 0s
 9500/10000 [===========================>..] - ETA: 0s
10000/10000 [==============================] - 1s 57us/step
Accuracy: 92.44999885559082
Latency --- 0.6406087875366211 seconds ---
Trained with vanilla non-private SGD optimizer
=====================ITERATION 9==========================
We are using Tensorflow version 1.15.2
Keras API version: 2.3.1
Noise Mutiplier 30

# Evaluate on test data

  500/10000 [>.............................] - ETA: 1s
 1500/10000 [===>..........................] - ETA: 0s
 2500/10000 [======>.......................] - ETA: 0s
 3500/10000 [=========>....................] - ETA: 0s
 4500/10000 [============>.................] - ETA: 0s
 5500/10000 [===============>..............] - ETA: 0s
 6500/10000 [==================>...........] - ETA: 0s
 7500/10000 [=====================>........] - ETA: 0s
 8500/10000 [========================>.....] - ETA: 0s
 9500/10000 [===========================>..] - ETA: 0s
10000/10000 [==============================] - 1s 57us/step
Accuracy: 92.44999885559082
Latency --- 0.6441540718078613 seconds ---
Trained with vanilla non-private SGD optimizer
=====================ITERATION 10==========================
We are using Tensorflow version 1.15.2
Keras API version: 2.3.1
Noise Mutiplier 30

# Evaluate on test data

  500/10000 [>.............................] - ETA: 1s
 1500/10000 [===>..........................] - ETA: 0s
 2500/10000 [======>.......................] - ETA: 0s
 3500/10000 [=========>....................] - ETA: 0s
 4500/10000 [============>.................] - ETA: 0s
 5500/10000 [===============>..............] - ETA: 0s
 6500/10000 [==================>...........] - ETA: 0s
 7500/10000 [=====================>........] - ETA: 0s
 9000/10000 [==========================>...] - ETA: 0s
10000/10000 [==============================] - 1s 56us/step
Accuracy: 92.44999885559082
Latency --- 0.6321606636047363 seconds ---
Trained with vanilla non-private SGD optimizer
