
=====================ITERATION 1==========================
We are using Tensorflow version 1.15.2
Keras API version: 2.3.1
Noise Mutiplier 1
loss= <keras.losses.CategoricalCrossentropy object at 0x1015776510>

# Evaluate on test data

  500/10000 [>.............................] - ETA: 1s
 1500/10000 [===>..........................] - ETA: 0s
 2500/10000 [======>.......................] - ETA: 0s
 3500/10000 [=========>....................] - ETA: 0s
 4500/10000 [============>.................] - ETA: 0s
 5500/10000 [===============>..............] - ETA: 0s
 6500/10000 [==================>...........] - ETA: 0s
 7500/10000 [=====================>........] - ETA: 0s
 9000/10000 [==========================>...] - ETA: 0s
10000/10000 [==============================] - 1s 56us/step
Accuracy: 78.35999727249146
Latency --- 0.6316134929656982 seconds ---
trained with DP
=====================ITERATION 2==========================
We are using Tensorflow version 1.15.2
Keras API version: 2.3.1
Noise Mutiplier 1
loss= <keras.losses.CategoricalCrossentropy object at 0x1015800a10>

# Evaluate on test data

  500/10000 [>.............................] - ETA: 1s
 1500/10000 [===>..........................] - ETA: 0s
 2500/10000 [======>.......................] - ETA: 0s
 3500/10000 [=========>....................] - ETA: 0s
 5000/10000 [==============>...............] - ETA: 0s
 6000/10000 [=================>............] - ETA: 0s
 7000/10000 [====================>.........] - ETA: 0s
 8000/10000 [=======================>......] - ETA: 0s
 9000/10000 [==========================>...] - ETA: 0s
10000/10000 [==============================] - 1s 55us/step
Accuracy: 78.35999727249146
Latency --- 0.6213822364807129 seconds ---
trained with DP
=====================ITERATION 3==========================
We are using Tensorflow version 1.15.2
Keras API version: 2.3.1
Noise Mutiplier 1
loss= <keras.losses.CategoricalCrossentropy object at 0x1015ecacd0>

# Evaluate on test data

  500/10000 [>.............................] - ETA: 1s
 1500/10000 [===>..........................] - ETA: 0s
 2500/10000 [======>.......................] - ETA: 0s
 3500/10000 [=========>....................] - ETA: 0s
 4500/10000 [============>.................] - ETA: 0s
 5500/10000 [===============>..............] - ETA: 0s
 6500/10000 [==================>...........] - ETA: 0s
 7500/10000 [=====================>........] - ETA: 0s
 8500/10000 [========================>.....] - ETA: 0s
 9500/10000 [===========================>..] - ETA: 0s
10000/10000 [==============================] - 1s 57us/step
Accuracy: 78.35999727249146
Latency --- 0.6381573677062988 seconds ---
trained with DP
=====================ITERATION 4==========================
We are using Tensorflow version 1.15.2
Keras API version: 2.3.1
Noise Mutiplier 1
loss= <keras.losses.CategoricalCrossentropy object at 0x1015ecdf90>

# Evaluate on test data

  500/10000 [>.............................] - ETA: 1s
 1500/10000 [===>..........................] - ETA: 0s
 2500/10000 [======>.......................] - ETA: 0s
 3500/10000 [=========>....................] - ETA: 0s
 4500/10000 [============>.................] - ETA: 0s
 5500/10000 [===============>..............] - ETA: 0s
 6500/10000 [==================>...........] - ETA: 0s
 7500/10000 [=====================>........] - ETA: 0s
 8500/10000 [========================>.....] - ETA: 0s
10000/10000 [==============================] - 1s 55us/step
Accuracy: 78.35999727249146
Latency --- 0.6246111392974854 seconds ---
trained with DP
=====================ITERATION 5==========================
We are using Tensorflow version 1.15.2
Keras API version: 2.3.1
Noise Mutiplier 1
loss= <keras.losses.CategoricalCrossentropy object at 0x1015ea8dd0>

# Evaluate on test data

  500/10000 [>.............................] - ETA: 1s
 1500/10000 [===>..........................] - ETA: 0s
 2500/10000 [======>.......................] - ETA: 0s
 3500/10000 [=========>....................] - ETA: 0s
 5000/10000 [==============>...............] - ETA: 0s
 6000/10000 [=================>............] - ETA: 0s
 7000/10000 [====================>.........] - ETA: 0s
 8000/10000 [=======================>......] - ETA: 0s
 9500/10000 [===========================>..] - ETA: 0s
10000/10000 [==============================] - 1s 55us/step
Accuracy: 78.35999727249146
Latency --- 0.6212725639343262 seconds ---
trained with DP
=====================ITERATION 6==========================
We are using Tensorflow version 1.15.2
Keras API version: 2.3.1
Noise Mutiplier 1
loss= <keras.losses.CategoricalCrossentropy object at 0x1014d0ecd0>

# Evaluate on test data

  500/10000 [>.............................] - ETA: 1s
 1500/10000 [===>..........................] - ETA: 0s
 2500/10000 [======>.......................] - ETA: 0s
 3500/10000 [=========>....................] - ETA: 0s
 4500/10000 [============>.................] - ETA: 0s
 5500/10000 [===============>..............] - ETA: 0s
 6500/10000 [==================>...........] - ETA: 0s
 7500/10000 [=====================>........] - ETA: 0s
 9000/10000 [==========================>...] - ETA: 0s
10000/10000 [==============================] - 1s 56us/step
Accuracy: 78.35999727249146
Latency --- 0.6331408023834229 seconds ---
trained with DP
=====================ITERATION 7==========================
We are using Tensorflow version 1.15.2
Keras API version: 2.3.1
Noise Mutiplier 1
loss= <keras.losses.CategoricalCrossentropy object at 0x101539c090>

# Evaluate on test data

  500/10000 [>.............................] - ETA: 1s
 1500/10000 [===>..........................] - ETA: 0s
 2500/10000 [======>.......................] - ETA: 0s
 3500/10000 [=========>....................] - ETA: 0s
 5000/10000 [==============>...............] - ETA: 0s
 6000/10000 [=================>............] - ETA: 0s
 7000/10000 [====================>.........] - ETA: 0s
 8000/10000 [=======================>......] - ETA: 0s
 9000/10000 [==========================>...] - ETA: 0s
10000/10000 [==============================] - 1s 55us/step
Accuracy: 78.35999727249146
Latency --- 0.6212942600250244 seconds ---
trained with DP
=====================ITERATION 8==========================
We are using Tensorflow version 1.15.2
Keras API version: 2.3.1
Noise Mutiplier 1
loss= <keras.losses.CategoricalCrossentropy object at 0x101576f610>

# Evaluate on test data

  500/10000 [>.............................] - ETA: 1s
 1500/10000 [===>..........................] - ETA: 0s
 2500/10000 [======>.......................] - ETA: 0s
 3500/10000 [=========>....................] - ETA: 0s
 4500/10000 [============>.................] - ETA: 0s
 5500/10000 [===============>..............] - ETA: 0s
 6500/10000 [==================>...........] - ETA: 0s
 7500/10000 [=====================>........] - ETA: 0s
 8500/10000 [========================>.....] - ETA: 0s
10000/10000 [==============================] - 1s 56us/step
Accuracy: 78.35999727249146
Latency --- 0.6302571296691895 seconds ---
trained with DP
=====================ITERATION 9==========================
We are using Tensorflow version 1.15.2
Keras API version: 2.3.1
Noise Mutiplier 1
loss= <keras.losses.CategoricalCrossentropy object at 0x10150ad4d0>

# Evaluate on test data

  500/10000 [>.............................] - ETA: 1s
 1500/10000 [===>..........................] - ETA: 0s
 2500/10000 [======>.......................] - ETA: 0s
 3500/10000 [=========>....................] - ETA: 0s
 5000/10000 [==============>...............] - ETA: 0s
 6000/10000 [=================>............] - ETA: 0s
 7000/10000 [====================>.........] - ETA: 0s
 8000/10000 [=======================>......] - ETA: 0s
 9500/10000 [===========================>..] - ETA: 0s
10000/10000 [==============================] - 1s 55us/step
Accuracy: 78.35999727249146
Latency --- 0.6248762607574463 seconds ---
trained with DP
=====================ITERATION 10==========================
We are using Tensorflow version 1.15.2
Keras API version: 2.3.1
Noise Mutiplier 1
loss= <keras.losses.CategoricalCrossentropy object at 0x1015ea7050>

# Evaluate on test data

  500/10000 [>.............................] - ETA: 1s
 1500/10000 [===>..........................] - ETA: 0s
 2500/10000 [======>.......................] - ETA: 0s
 3500/10000 [=========>....................] - ETA: 0s
 4500/10000 [============>.................] - ETA: 0s
 5500/10000 [===============>..............] - ETA: 0s
 6500/10000 [==================>...........] - ETA: 0s
 7500/10000 [=====================>........] - ETA: 0s
 8500/10000 [========================>.....] - ETA: 0s
10000/10000 [==============================] - 1s 56us/step
Accuracy: 78.35999727249146
Latency --- 0.6255710124969482 seconds ---
trained with DP
