We are using Tensorflow version 1.15.2
Keras API version: 2.3.1
=====================Iteration========================== 1
For delta=0.000100, the current epsilon is: 1.0774
Noise Mutiplier 2.35
loss= <keras.losses.CategoricalCrossentropy object at 0x1016ca0290>
in grads Tensor("loss/mul:0", shape=(?,), dtype=float32)
Train on 10000 samples, validate on 2500 samples
Epoch 1/5

  500/10000 [>.............................] - ETA: 41s - loss: 2.2899 - accuracy: 0.1400
 1000/10000 [==>...........................] - ETA: 37s - loss: 2.2933 - accuracy: 0.1220
 1500/10000 [===>..........................] - ETA: 34s - loss: 2.2949 - accuracy: 0.1093
 2000/10000 [=====>........................] - ETA: 32s - loss: 2.2898 - accuracy: 0.1245
 2500/10000 [======>.......................] - ETA: 30s - loss: 2.2875 - accuracy: 0.1324
 3000/10000 [========>.....................] - ETA: 28s - loss: 2.2877 - accuracy: 0.1347
 3500/10000 [=========>....................] - ETA: 25s - loss: 2.2841 - accuracy: 0.1351
 4000/10000 [===========>..................] - ETA: 23s - loss: 2.2814 - accuracy: 0.1373
 4500/10000 [============>.................] - ETA: 21s - loss: 2.2742 - accuracy: 0.1453
 5000/10000 [==============>...............] - ETA: 19s - loss: 2.2686 - accuracy: 0.1462
 5500/10000 [===============>..............] - ETA: 17s - loss: 2.2560 - accuracy: 0.1505
 6000/10000 [=================>............] - ETA: 15s - loss: 2.2419 - accuracy: 0.1568
 6500/10000 [==================>...........] - ETA: 13s - loss: 2.2279 - accuracy: 0.1668
 7000/10000 [====================>.........] - ETA: 11s - loss: 2.2311 - accuracy: 0.1689
 7500/10000 [=====================>........] - ETA: 9s - loss: 2.2394 - accuracy: 0.1740 
 8000/10000 [=======================>......] - ETA: 7s - loss: 2.2433 - accuracy: 0.1724
 8500/10000 [========================>.....] - ETA: 5s - loss: 2.2369 - accuracy: 0.1785
 9000/10000 [==========================>...] - ETA: 3s - loss: 2.2314 - accuracy: 0.1799
 9500/10000 [===========================>..] - ETA: 1s - loss: 2.2257 - accuracy: 0.1825
10000/10000 [==============================] - 40s 4ms/step - loss: 2.2299 - accuracy: 0.1834 - val_loss: 2.1239 - val_accuracy: 0.2428
Epoch 2/5

  500/10000 [>.............................] - ETA: 36s - loss: 2.0278 - accuracy: 0.2640
 1000/10000 [==>...........................] - ETA: 34s - loss: 2.0409 - accuracy: 0.2330
 1500/10000 [===>..........................] - ETA: 32s - loss: 2.1422 - accuracy: 0.2160
 2000/10000 [=====>........................] - ETA: 30s - loss: 2.1949 - accuracy: 0.2200
 2500/10000 [======>.......................] - ETA: 29s - loss: 2.2137 - accuracy: 0.2404
 3000/10000 [========>.....................] - ETA: 27s - loss: 2.1999 - accuracy: 0.2400
 3500/10000 [=========>....................] - ETA: 25s - loss: 2.2388 - accuracy: 0.2403
 4000/10000 [===========>..................] - ETA: 23s - loss: 2.2157 - accuracy: 0.2467
 4500/10000 [============>.................] - ETA: 21s - loss: 2.2002 - accuracy: 0.2516
 5000/10000 [==============>...............] - ETA: 19s - loss: 2.1847 - accuracy: 0.2588
 5500/10000 [===============>..............] - ETA: 17s - loss: 2.1938 - accuracy: 0.2591
 6000/10000 [=================>............] - ETA: 15s - loss: 2.2183 - accuracy: 0.2623
 6500/10000 [==================>...........] - ETA: 13s - loss: 2.2262 - accuracy: 0.2625
 7000/10000 [====================>.........] - ETA: 11s - loss: 2.2281 - accuracy: 0.2653
 7500/10000 [=====================>........] - ETA: 9s - loss: 2.2333 - accuracy: 0.2652 
 8000/10000 [=======================>......] - ETA: 7s - loss: 2.2440 - accuracy: 0.2657
 8500/10000 [========================>.....] - ETA: 5s - loss: 2.2367 - accuracy: 0.2671
 9000/10000 [==========================>...] - ETA: 3s - loss: 2.2279 - accuracy: 0.2691
 9500/10000 [===========================>..] - ETA: 1s - loss: 2.2360 - accuracy: 0.2686
10000/10000 [==============================] - 39s 4ms/step - loss: 2.2316 - accuracy: 0.2680 - val_loss: 2.2921 - val_accuracy: 0.2664
Epoch 3/5

  500/10000 [>.............................] - ETA: 35s - loss: 2.2857 - accuracy: 0.2920
 1000/10000 [==>...........................] - ETA: 34s - loss: 2.4157 - accuracy: 0.2520
 1500/10000 [===>..........................] - ETA: 32s - loss: 2.4520 - accuracy: 0.2540
 2000/10000 [=====>........................] - ETA: 30s - loss: 2.5361 - accuracy: 0.2305
 2500/10000 [======>.......................] - ETA: 29s - loss: 2.4952 - accuracy: 0.2324
 3000/10000 [========>.....................] - ETA: 27s - loss: 2.4873 - accuracy: 0.2333
 3500/10000 [=========>....................] - ETA: 25s - loss: 2.4768 - accuracy: 0.2429
 4000/10000 [===========>..................] - ETA: 23s - loss: 2.4890 - accuracy: 0.2405
 4500/10000 [============>.................] - ETA: 21s - loss: 2.4658 - accuracy: 0.2438
 5000/10000 [==============>...............] - ETA: 19s - loss: 2.4547 - accuracy: 0.2444
 5500/10000 [===============>..............] - ETA: 17s - loss: 2.4487 - accuracy: 0.2427
 6000/10000 [=================>............] - ETA: 15s - loss: 2.4439 - accuracy: 0.2422
 6500/10000 [==================>...........] - ETA: 13s - loss: 2.4306 - accuracy: 0.2446
 7000/10000 [====================>.........] - ETA: 11s - loss: 2.4262 - accuracy: 0.2460
 7500/10000 [=====================>........] - ETA: 9s - loss: 2.4345 - accuracy: 0.2440 
 8000/10000 [=======================>......] - ETA: 7s - loss: 2.4370 - accuracy: 0.2447
 8500/10000 [========================>.....] - ETA: 5s - loss: 2.4356 - accuracy: 0.2422
 9000/10000 [==========================>...] - ETA: 3s - loss: 2.4357 - accuracy: 0.2429
 9500/10000 [===========================>..] - ETA: 1s - loss: 2.4326 - accuracy: 0.2441
10000/10000 [==============================] - 39s 4ms/step - loss: 2.4209 - accuracy: 0.2441 - val_loss: 2.3036 - val_accuracy: 0.2420
Epoch 4/5

  500/10000 [>.............................] - ETA: 36s - loss: 2.3717 - accuracy: 0.2440
 1000/10000 [==>...........................] - ETA: 35s - loss: 2.3114 - accuracy: 0.2330
 1500/10000 [===>..........................] - ETA: 33s - loss: 2.2505 - accuracy: 0.2540
 2000/10000 [=====>........................] - ETA: 31s - loss: 2.2774 - accuracy: 0.2535
 2500/10000 [======>.......................] - ETA: 29s - loss: 2.2734 - accuracy: 0.2596
 3000/10000 [========>.....................] - ETA: 27s - loss: 2.2682 - accuracy: 0.2627
 3500/10000 [=========>....................] - ETA: 25s - loss: 2.2877 - accuracy: 0.2683
 4000/10000 [===========>..................] - ETA: 23s - loss: 2.2678 - accuracy: 0.2738
 4500/10000 [============>.................] - ETA: 21s - loss: 2.2718 - accuracy: 0.2727
 5000/10000 [==============>...............] - ETA: 19s - loss: 2.2727 - accuracy: 0.2810
 5500/10000 [===============>..............] - ETA: 17s - loss: 2.2748 - accuracy: 0.2851
 6000/10000 [=================>............] - ETA: 15s - loss: 2.2750 - accuracy: 0.2883
 6500/10000 [==================>...........] - ETA: 13s - loss: 2.2967 - accuracy: 0.2912
 7000/10000 [====================>.........] - ETA: 11s - loss: 2.2928 - accuracy: 0.2939
 7500/10000 [=====================>........] - ETA: 9s - loss: 2.3002 - accuracy: 0.2955 
 8000/10000 [=======================>......] - ETA: 7s - loss: 2.2867 - accuracy: 0.2976
 8500/10000 [========================>.....] - ETA: 5s - loss: 2.2703 - accuracy: 0.3002
 9000/10000 [==========================>...] - ETA: 3s - loss: 2.2576 - accuracy: 0.3018
 9500/10000 [===========================>..] - ETA: 1s - loss: 2.2462 - accuracy: 0.3020
10000/10000 [==============================] - 38s 4ms/step - loss: 2.2411 - accuracy: 0.3029 - val_loss: 2.0351 - val_accuracy: 0.3304
Epoch 5/5

  500/10000 [>.............................] - ETA: 34s - loss: 2.0782 - accuracy: 0.2800
 1000/10000 [==>...........................] - ETA: 34s - loss: 2.1214 - accuracy: 0.2730
 1500/10000 [===>..........................] - ETA: 32s - loss: 2.0889 - accuracy: 0.2947
 2000/10000 [=====>........................] - ETA: 30s - loss: 2.0894 - accuracy: 0.2995
 2500/10000 [======>.......................] - ETA: 28s - loss: 2.0692 - accuracy: 0.3040
 3000/10000 [========>.....................] - ETA: 26s - loss: 2.0498 - accuracy: 0.3077
 3500/10000 [=========>....................] - ETA: 24s - loss: 2.0470 - accuracy: 0.3086
 4000/10000 [===========>..................] - ETA: 22s - loss: 2.0344 - accuracy: 0.3083
 4500/10000 [============>.................] - ETA: 20s - loss: 2.0437 - accuracy: 0.3042
 5000/10000 [==============>...............] - ETA: 19s - loss: 2.0479 - accuracy: 0.3018
 5500/10000 [===============>..............] - ETA: 17s - loss: 2.0531 - accuracy: 0.3025
 6000/10000 [=================>............] - ETA: 15s - loss: 2.0977 - accuracy: 0.3013
 6500/10000 [==================>...........] - ETA: 13s - loss: 2.1515 - accuracy: 0.3018
 7000/10000 [====================>.........] - ETA: 11s - loss: 2.1611 - accuracy: 0.2989
 7500/10000 [=====================>........] - ETA: 9s - loss: 2.1599 - accuracy: 0.2996 
 8000/10000 [=======================>......] - ETA: 7s - loss: 2.1670 - accuracy: 0.2990
 8500/10000 [========================>.....] - ETA: 5s - loss: 2.1741 - accuracy: 0.2948
 9000/10000 [==========================>...] - ETA: 3s - loss: 2.1679 - accuracy: 0.2949
 9500/10000 [===========================>..] - ETA: 1s - loss: 2.1749 - accuracy: 0.2951
10000/10000 [==============================] - 38s 4ms/step - loss: 2.1697 - accuracy: 0.2975 - val_loss: 2.1677 - val_accuracy: 0.3336
Latency --- 194.88790798187256 seconds ---
For delta=0.000100, the current epsilon is: 1.0774
Saving model with new accuracy, previous accuracy was 0 and present is 0.29750001430511475
Saved model to disk
=====================Iteration========================== 2
For delta=0.000100, the current epsilon is: 1.0774
Noise Mutiplier 2.35
loss= <keras.losses.CategoricalCrossentropy object at 0x10195cdcd0>
in grads Tensor("loss_1/mul:0", shape=(?,), dtype=float32)
Train on 10000 samples, validate on 2500 samples
Epoch 1/5

  500/10000 [>.............................] - ETA: 37s - loss: 2.3108 - accuracy: 0.0640
 1000/10000 [==>...........................] - ETA: 35s - loss: 2.3098 - accuracy: 0.1070
 1500/10000 [===>..........................] - ETA: 33s - loss: 2.3100 - accuracy: 0.1140
 2000/10000 [=====>........................] - ETA: 31s - loss: 2.3045 - accuracy: 0.1210
 2500/10000 [======>.......................] - ETA: 29s - loss: 2.3010 - accuracy: 0.1232
 3000/10000 [========>.....................] - ETA: 27s - loss: 2.2882 - accuracy: 0.1307
 3500/10000 [=========>....................] - ETA: 25s - loss: 2.2825 - accuracy: 0.1366
 4000/10000 [===========>..................] - ETA: 23s - loss: 2.2797 - accuracy: 0.1485
 4500/10000 [============>.................] - ETA: 21s - loss: 2.2721 - accuracy: 0.1536
 5000/10000 [==============>...............] - ETA: 19s - loss: 2.2590 - accuracy: 0.1628
 5500/10000 [===============>..............] - ETA: 17s - loss: 2.2535 - accuracy: 0.1662
 6000/10000 [=================>............] - ETA: 15s - loss: 2.2519 - accuracy: 0.1653
 6500/10000 [==================>...........] - ETA: 13s - loss: 2.2370 - accuracy: 0.1766
 7000/10000 [====================>.........] - ETA: 11s - loss: 2.2300 - accuracy: 0.1793
 7500/10000 [=====================>........] - ETA: 9s - loss: 2.2295 - accuracy: 0.1817 
 8000/10000 [=======================>......] - ETA: 7s - loss: 2.2172 - accuracy: 0.1876
 8500/10000 [========================>.....] - ETA: 5s - loss: 2.2025 - accuracy: 0.1941
 9000/10000 [==========================>...] - ETA: 3s - loss: 2.1992 - accuracy: 0.1962
 9500/10000 [===========================>..] - ETA: 1s - loss: 2.1944 - accuracy: 0.1982
10000/10000 [==============================] - 39s 4ms/step - loss: 2.1886 - accuracy: 0.2045 - val_loss: 2.0951 - val_accuracy: 0.2688
Epoch 2/5

  500/10000 [>.............................] - ETA: 36s - loss: 1.9407 - accuracy: 0.3400
 1000/10000 [==>...........................] - ETA: 34s - loss: 1.9238 - accuracy: 0.3430
 1500/10000 [===>..........................] - ETA: 32s - loss: 1.9107 - accuracy: 0.3513
 2000/10000 [=====>........................] - ETA: 30s - loss: 1.9354 - accuracy: 0.3425
 2500/10000 [======>.......................] - ETA: 28s - loss: 1.9768 - accuracy: 0.3452
 3000/10000 [========>.....................] - ETA: 26s - loss: 1.9967 - accuracy: 0.3310
 3500/10000 [=========>....................] - ETA: 24s - loss: 2.0039 - accuracy: 0.3266
 4000/10000 [===========>..................] - ETA: 22s - loss: 2.0129 - accuracy: 0.3322
 4500/10000 [============>.................] - ETA: 20s - loss: 2.0438 - accuracy: 0.3193
 5000/10000 [==============>...............] - ETA: 19s - loss: 2.0300 - accuracy: 0.3292
 5500/10000 [===============>..............] - ETA: 17s - loss: 2.0340 - accuracy: 0.3311
 6000/10000 [=================>............] - ETA: 15s - loss: 2.0607 - accuracy: 0.3260
 6500/10000 [==================>...........] - ETA: 13s - loss: 2.0941 - accuracy: 0.3288
 7000/10000 [====================>.........] - ETA: 11s - loss: 2.0771 - accuracy: 0.3353
 7500/10000 [=====================>........] - ETA: 9s - loss: 2.0824 - accuracy: 0.3319 
 8000/10000 [=======================>......] - ETA: 7s - loss: 2.0932 - accuracy: 0.3355
 8500/10000 [========================>.....] - ETA: 5s - loss: 2.1156 - accuracy: 0.3333
 9000/10000 [==========================>...] - ETA: 3s - loss: 2.1476 - accuracy: 0.3304
 9500/10000 [===========================>..] - ETA: 1s - loss: 2.1443 - accuracy: 0.3307
10000/10000 [==============================] - 38s 4ms/step - loss: 2.1526 - accuracy: 0.3307 - val_loss: 2.5060 - val_accuracy: 0.2516
Epoch 3/5

  500/10000 [>.............................] - ETA: 34s - loss: 2.3677 - accuracy: 0.3040
 1000/10000 [==>...........................] - ETA: 34s - loss: 2.2071 - accuracy: 0.3350
 1500/10000 [===>..........................] - ETA: 32s - loss: 2.1420 - accuracy: 0.3593
 2000/10000 [=====>........................] - ETA: 30s - loss: 2.1320 - accuracy: 0.3675
 2500/10000 [======>.......................] - ETA: 28s - loss: 2.1918 - accuracy: 0.3620
 3000/10000 [========>.....................] - ETA: 26s - loss: 2.2687 - accuracy: 0.3583
 3500/10000 [=========>....................] - ETA: 24s - loss: 2.2842 - accuracy: 0.3600
 4000/10000 [===========>..................] - ETA: 22s - loss: 2.3207 - accuracy: 0.3573
 4500/10000 [============>.................] - ETA: 20s - loss: 2.3285 - accuracy: 0.3571
 5000/10000 [==============>...............] - ETA: 18s - loss: 2.3382 - accuracy: 0.3580
 5500/10000 [===============>..............] - ETA: 17s - loss: 2.3356 - accuracy: 0.3640
 6000/10000 [=================>............] - ETA: 15s - loss: 2.3175 - accuracy: 0.3697
 6500/10000 [==================>...........] - ETA: 13s - loss: 2.3093 - accuracy: 0.3762
 7000/10000 [====================>.........] - ETA: 11s - loss: 2.3335 - accuracy: 0.3710
 7500/10000 [=====================>........] - ETA: 9s - loss: 2.3579 - accuracy: 0.3724 
 8000/10000 [=======================>......] - ETA: 7s - loss: 2.3679 - accuracy: 0.3736
 8500/10000 [========================>.....] - ETA: 5s - loss: 2.3717 - accuracy: 0.3725
 9000/10000 [==========================>...] - ETA: 3s - loss: 2.3807 - accuracy: 0.3737
 9500/10000 [===========================>..] - ETA: 1s - loss: 2.3541 - accuracy: 0.3792
10000/10000 [==============================] - 38s 4ms/step - loss: 2.3371 - accuracy: 0.3839 - val_loss: 2.3950 - val_accuracy: 0.4120
Epoch 4/5

  500/10000 [>.............................] - ETA: 36s - loss: 2.2163 - accuracy: 0.4600
 1000/10000 [==>...........................] - ETA: 33s - loss: 2.2806 - accuracy: 0.4470
 1500/10000 [===>..........................] - ETA: 32s - loss: 2.2638 - accuracy: 0.4413
 2000/10000 [=====>........................] - ETA: 30s - loss: 2.3000 - accuracy: 0.4465
 2500/10000 [======>.......................] - ETA: 28s - loss: 2.4996 - accuracy: 0.4316
 3000/10000 [========>.....................] - ETA: 26s - loss: 2.5208 - accuracy: 0.4187
 3500/10000 [=========>....................] - ETA: 24s - loss: 2.5901 - accuracy: 0.4080
 4000/10000 [===========>..................] - ETA: 22s - loss: 2.6663 - accuracy: 0.3943
 4500/10000 [============>.................] - ETA: 20s - loss: 2.6991 - accuracy: 0.3856
 5000/10000 [==============>...............] - ETA: 19s - loss: 2.7330 - accuracy: 0.3800
 5500/10000 [===============>..............] - ETA: 17s - loss: 2.7339 - accuracy: 0.3742
 6000/10000 [=================>............] - ETA: 15s - loss: 2.7270 - accuracy: 0.3698
 6500/10000 [==================>...........] - ETA: 13s - loss: 2.7219 - accuracy: 0.3649
 7000/10000 [====================>.........] - ETA: 11s - loss: 2.7160 - accuracy: 0.3623
 7500/10000 [=====================>........] - ETA: 9s - loss: 2.6932 - accuracy: 0.3612 
 8000/10000 [=======================>......] - ETA: 7s - loss: 2.6760 - accuracy: 0.3590
 8500/10000 [========================>.....] - ETA: 5s - loss: 2.6708 - accuracy: 0.3586
 9000/10000 [==========================>...] - ETA: 3s - loss: 2.6606 - accuracy: 0.3600
 9500/10000 [===========================>..] - ETA: 1s - loss: 2.6639 - accuracy: 0.3584
10000/10000 [==============================] - 38s 4ms/step - loss: 2.6673 - accuracy: 0.3575 - val_loss: 3.0252 - val_accuracy: 0.3016
Epoch 5/5

  500/10000 [>.............................] - ETA: 34s - loss: 2.7380 - accuracy: 0.3120
 1000/10000 [==>...........................] - ETA: 33s - loss: 2.8109 - accuracy: 0.3180
 1500/10000 [===>..........................] - ETA: 32s - loss: 2.7495 - accuracy: 0.3280
 2000/10000 [=====>........................] - ETA: 30s - loss: 2.6874 - accuracy: 0.3380
 2500/10000 [======>.......................] - ETA: 28s - loss: 2.6527 - accuracy: 0.3316
 3000/10000 [========>.....................] - ETA: 26s - loss: 2.6201 - accuracy: 0.3203
 3500/10000 [=========>....................] - ETA: 24s - loss: 2.6250 - accuracy: 0.3134
 4000/10000 [===========>..................] - ETA: 22s - loss: 2.5878 - accuracy: 0.3125
 4500/10000 [============>.................] - ETA: 20s - loss: 2.5759 - accuracy: 0.3096
 5000/10000 [==============>...............] - ETA: 19s - loss: 2.5666 - accuracy: 0.3138
 5500/10000 [===============>..............] - ETA: 17s - loss: 2.5792 - accuracy: 0.3104
 6000/10000 [=================>............] - ETA: 15s - loss: 2.5666 - accuracy: 0.3130
 6500/10000 [==================>...........] - ETA: 13s - loss: 2.5617 - accuracy: 0.3154
 7000/10000 [====================>.........] - ETA: 11s - loss: 2.5489 - accuracy: 0.3127
 7500/10000 [=====================>........] - ETA: 9s - loss: 2.5364 - accuracy: 0.3104 
 8000/10000 [=======================>......] - ETA: 7s - loss: 2.5271 - accuracy: 0.3055
 8500/10000 [========================>.....] - ETA: 5s - loss: 2.5094 - accuracy: 0.3039
 9000/10000 [==========================>...] - ETA: 3s - loss: 2.4911 - accuracy: 0.3060
 9500/10000 [===========================>..] - ETA: 1s - loss: 2.4770 - accuracy: 0.3059
10000/10000 [==============================] - 38s 4ms/step - loss: 2.4656 - accuracy: 0.3052 - val_loss: 2.2314 - val_accuracy: 0.2532
Latency --- 192.02994227409363 seconds ---
For delta=0.000100, the current epsilon is: 1.0774
Saving model with new accuracy, previous accuracy was 0.29750001430511475 and present is 0.3052000105381012
Saved model to disk
=====================Iteration========================== 3
For delta=0.000100, the current epsilon is: 1.0774
Noise Mutiplier 2.35
loss= <keras.losses.CategoricalCrossentropy object at 0x101975d190>
in grads Tensor("loss_2/mul:0", shape=(?,), dtype=float32)
Train on 10000 samples, validate on 2500 samples
Epoch 1/5

  500/10000 [>.............................] - ETA: 38s - loss: 2.3126 - accuracy: 0.0980
 1000/10000 [==>...........................] - ETA: 36s - loss: 2.3067 - accuracy: 0.1040
 1500/10000 [===>..........................] - ETA: 33s - loss: 2.3047 - accuracy: 0.1227
 2000/10000 [=====>........................] - ETA: 31s - loss: 2.3043 - accuracy: 0.1205
 2500/10000 [======>.......................] - ETA: 29s - loss: 2.3033 - accuracy: 0.1192
 3000/10000 [========>.....................] - ETA: 27s - loss: 2.2984 - accuracy: 0.1267
 3500/10000 [=========>....................] - ETA: 25s - loss: 2.2919 - accuracy: 0.1300
 4000/10000 [===========>..................] - ETA: 23s - loss: 2.2790 - accuracy: 0.1495
 4500/10000 [============>.................] - ETA: 21s - loss: 2.2720 - accuracy: 0.1576
 5000/10000 [==============>...............] - ETA: 19s - loss: 2.2653 - accuracy: 0.1634
 5500/10000 [===============>..............] - ETA: 17s - loss: 2.2522 - accuracy: 0.1720
 6000/10000 [=================>............] - ETA: 15s - loss: 2.2373 - accuracy: 0.1805
 6500/10000 [==================>...........] - ETA: 13s - loss: 2.2504 - accuracy: 0.1800
 7000/10000 [====================>.........] - ETA: 11s - loss: 2.2523 - accuracy: 0.1779
 7500/10000 [=====================>........] - ETA: 9s - loss: 2.2729 - accuracy: 0.1765 
 8000/10000 [=======================>......] - ETA: 7s - loss: 2.2967 - accuracy: 0.1720
 8500/10000 [========================>.....] - ETA: 5s - loss: 2.3096 - accuracy: 0.1728
 9000/10000 [==========================>...] - ETA: 3s - loss: 2.3115 - accuracy: 0.1742
 9500/10000 [===========================>..] - ETA: 1s - loss: 2.3193 - accuracy: 0.1739
10000/10000 [==============================] - 39s 4ms/step - loss: 2.3200 - accuracy: 0.1748 - val_loss: 2.3653 - val_accuracy: 0.2156
Epoch 2/5

  500/10000 [>.............................] - ETA: 35s - loss: 2.4185 - accuracy: 0.1900
 1000/10000 [==>...........................] - ETA: 34s - loss: 2.3271 - accuracy: 0.2120
 1500/10000 [===>..........................] - ETA: 32s - loss: 2.2712 - accuracy: 0.2240
 2000/10000 [=====>........................] - ETA: 30s - loss: 2.3284 - accuracy: 0.2025
 2500/10000 [======>.......................] - ETA: 28s - loss: 2.3635 - accuracy: 0.2092
 3000/10000 [========>.....................] - ETA: 26s - loss: 2.3690 - accuracy: 0.2087
 3500/10000 [=========>....................] - ETA: 24s - loss: 2.3423 - accuracy: 0.2171
 4000/10000 [===========>..................] - ETA: 22s - loss: 2.3531 - accuracy: 0.2113
 4500/10000 [============>.................] - ETA: 21s - loss: 2.3481 - accuracy: 0.2127
 5000/10000 [==============>...............] - ETA: 19s - loss: 2.3533 - accuracy: 0.2126
 5500/10000 [===============>..............] - ETA: 17s - loss: 2.3666 - accuracy: 0.2111
 6000/10000 [=================>............] - ETA: 15s - loss: 2.4059 - accuracy: 0.2103
 6500/10000 [==================>...........] - ETA: 13s - loss: 2.4279 - accuracy: 0.2106
 7000/10000 [====================>.........] - ETA: 11s - loss: 2.4451 - accuracy: 0.2070
 7500/10000 [=====================>........] - ETA: 9s - loss: 2.4538 - accuracy: 0.2069 
 8000/10000 [=======================>......] - ETA: 7s - loss: 2.4784 - accuracy: 0.2040
 8500/10000 [========================>.....] - ETA: 5s - loss: 2.4779 - accuracy: 0.2047
 9000/10000 [==========================>...] - ETA: 3s - loss: 2.4721 - accuracy: 0.2069
 9500/10000 [===========================>..] - ETA: 1s - loss: 2.4587 - accuracy: 0.2093
10000/10000 [==============================] - 38s 4ms/step - loss: 2.4629 - accuracy: 0.2103 - val_loss: 2.4447 - val_accuracy: 0.1960
Epoch 3/5

  500/10000 [>.............................] - ETA: 37s - loss: 2.2960 - accuracy: 0.2620
 1000/10000 [==>...........................] - ETA: 34s - loss: 2.3625 - accuracy: 0.2350
 1500/10000 [===>..........................] - ETA: 32s - loss: 2.3468 - accuracy: 0.2247
 2000/10000 [=====>........................] - ETA: 30s - loss: 2.3735 - accuracy: 0.2300
 2500/10000 [======>.......................] - ETA: 28s - loss: 2.4182 - accuracy: 0.2292
 3000/10000 [========>.....................] - ETA: 26s - loss: 2.4410 - accuracy: 0.2397
 3500/10000 [=========>....................] - ETA: 24s - loss: 2.4680 - accuracy: 0.2309
 4000/10000 [===========>..................] - ETA: 22s - loss: 2.4508 - accuracy: 0.2338
 4500/10000 [============>.................] - ETA: 20s - loss: 2.4698 - accuracy: 0.2269
 5000/10000 [==============>...............] - ETA: 19s - loss: 2.4781 - accuracy: 0.2268
 5500/10000 [===============>..............] - ETA: 17s - loss: 2.4826 - accuracy: 0.2267
 6000/10000 [=================>............] - ETA: 15s - loss: 2.5077 - accuracy: 0.2265
 6500/10000 [==================>...........] - ETA: 13s - loss: 2.5180 - accuracy: 0.2271
 7000/10000 [====================>.........] - ETA: 11s - loss: 2.6053 - accuracy: 0.2236
 7500/10000 [=====================>........] - ETA: 9s - loss: 2.6234 - accuracy: 0.2209 
 8000/10000 [=======================>......] - ETA: 7s - loss: 2.6474 - accuracy: 0.2209
 8500/10000 [========================>.....] - ETA: 5s - loss: 2.6675 - accuracy: 0.2184
 9000/10000 [==========================>...] - ETA: 3s - loss: 2.6492 - accuracy: 0.2221
 9500/10000 [===========================>..] - ETA: 1s - loss: 2.6251 - accuracy: 0.2243
10000/10000 [==============================] - 38s 4ms/step - loss: 2.5993 - accuracy: 0.2280 - val_loss: 2.3272 - val_accuracy: 0.2516
Epoch 4/5

  500/10000 [>.............................] - ETA: 38s - loss: 2.2170 - accuracy: 0.2620
 1000/10000 [==>...........................] - ETA: 34s - loss: 2.2350 - accuracy: 0.2520
 1500/10000 [===>..........................] - ETA: 32s - loss: 2.2437 - accuracy: 0.2587
 2000/10000 [=====>........................] - ETA: 30s - loss: 2.2746 - accuracy: 0.2555
 2500/10000 [======>.......................] - ETA: 28s - loss: 2.3155 - accuracy: 0.2504
 3000/10000 [========>.....................] - ETA: 26s - loss: 2.3131 - accuracy: 0.2563
 3500/10000 [=========>....................] - ETA: 25s - loss: 2.3335 - accuracy: 0.2586
 4000/10000 [===========>..................] - ETA: 23s - loss: 2.3446 - accuracy: 0.2578
 4500/10000 [============>.................] - ETA: 21s - loss: 2.3712 - accuracy: 0.2576
 5000/10000 [==============>...............] - ETA: 19s - loss: 2.3703 - accuracy: 0.2624
 5500/10000 [===============>..............] - ETA: 17s - loss: 2.4020 - accuracy: 0.2625
 6000/10000 [=================>............] - ETA: 15s - loss: 2.4221 - accuracy: 0.2632
 6500/10000 [==================>...........] - ETA: 13s - loss: 2.4139 - accuracy: 0.2649
 7000/10000 [====================>.........] - ETA: 11s - loss: 2.4240 - accuracy: 0.2661
 7500/10000 [=====================>........] - ETA: 9s - loss: 2.4171 - accuracy: 0.2697 
 8000/10000 [=======================>......] - ETA: 7s - loss: 2.4392 - accuracy: 0.2684
 8500/10000 [========================>.....] - ETA: 5s - loss: 2.4496 - accuracy: 0.2669
 9000/10000 [==========================>...] - ETA: 3s - loss: 2.4322 - accuracy: 0.2686
 9500/10000 [===========================>..] - ETA: 1s - loss: 2.4286 - accuracy: 0.2683
10000/10000 [==============================] - 38s 4ms/step - loss: 2.4205 - accuracy: 0.2672 - val_loss: 2.2804 - val_accuracy: 0.2780
Epoch 5/5

  500/10000 [>.............................] - ETA: 39s - loss: 2.2463 - accuracy: 0.2820
 1000/10000 [==>...........................] - ETA: 35s - loss: 2.2054 - accuracy: 0.2700
 1500/10000 [===>..........................] - ETA: 33s - loss: 2.1921 - accuracy: 0.2780
 2000/10000 [=====>........................] - ETA: 31s - loss: 2.2303 - accuracy: 0.2635
 2500/10000 [======>.......................] - ETA: 29s - loss: 2.2444 - accuracy: 0.2620
 3000/10000 [========>.....................] - ETA: 26s - loss: 2.2287 - accuracy: 0.2670
 3500/10000 [=========>....................] - ETA: 24s - loss: 2.2458 - accuracy: 0.2666
 4000/10000 [===========>..................] - ETA: 23s - loss: 2.2902 - accuracy: 0.2668
 4500/10000 [============>.................] - ETA: 21s - loss: 2.2957 - accuracy: 0.2671
 5000/10000 [==============>...............] - ETA: 19s - loss: 2.2892 - accuracy: 0.2660
 5500/10000 [===============>..............] - ETA: 17s - loss: 2.2773 - accuracy: 0.2685
 6000/10000 [=================>............] - ETA: 15s - loss: 2.2730 - accuracy: 0.2737
 6500/10000 [==================>...........] - ETA: 13s - loss: 2.2686 - accuracy: 0.2766
 7000/10000 [====================>.........] - ETA: 11s - loss: 2.2980 - accuracy: 0.2751
 7500/10000 [=====================>........] - ETA: 9s - loss: 2.3056 - accuracy: 0.2757 
 8000/10000 [=======================>......] - ETA: 7s - loss: 2.3049 - accuracy: 0.2756
 8500/10000 [========================>.....] - ETA: 5s - loss: 2.3110 - accuracy: 0.2711
 9000/10000 [==========================>...] - ETA: 3s - loss: 2.3255 - accuracy: 0.2721
 9500/10000 [===========================>..] - ETA: 1s - loss: 2.3390 - accuracy: 0.2712
10000/10000 [==============================] - 38s 4ms/step - loss: 2.3402 - accuracy: 0.2719 - val_loss: 2.4631 - val_accuracy: 0.2000
Latency --- 192.88578724861145 seconds ---
For delta=0.000100, the current epsilon is: 1.0774
=====================Iteration========================== 4
For delta=0.000100, the current epsilon is: 1.0774
Noise Mutiplier 2.35
loss= <keras.losses.CategoricalCrossentropy object at 0x10198f2ad0>
in grads Tensor("loss_3/mul:0", shape=(?,), dtype=float32)
Train on 10000 samples, validate on 2500 samples
Epoch 1/5

  500/10000 [>.............................] - ETA: 37s - loss: 2.3339 - accuracy: 0.0740
 1000/10000 [==>...........................] - ETA: 35s - loss: 2.3247 - accuracy: 0.0900
 1500/10000 [===>..........................] - ETA: 32s - loss: 2.3184 - accuracy: 0.1067
 2000/10000 [=====>........................] - ETA: 30s - loss: 2.3180 - accuracy: 0.1065
 2500/10000 [======>.......................] - ETA: 28s - loss: 2.3124 - accuracy: 0.1124
 3000/10000 [========>.....................] - ETA: 26s - loss: 2.3012 - accuracy: 0.1203
 3500/10000 [=========>....................] - ETA: 25s - loss: 2.2917 - accuracy: 0.1237
 4000/10000 [===========>..................] - ETA: 23s - loss: 2.2833 - accuracy: 0.1280
 4500/10000 [============>.................] - ETA: 21s - loss: 2.2704 - accuracy: 0.1324
 5000/10000 [==============>...............] - ETA: 19s - loss: 2.2583 - accuracy: 0.1480
 5500/10000 [===============>..............] - ETA: 17s - loss: 2.2619 - accuracy: 0.1509
 6000/10000 [=================>............] - ETA: 15s - loss: 2.2597 - accuracy: 0.1570
 6500/10000 [==================>...........] - ETA: 13s - loss: 2.2902 - accuracy: 0.1602
 7000/10000 [====================>.........] - ETA: 11s - loss: 2.2834 - accuracy: 0.1657
 7500/10000 [=====================>........] - ETA: 9s - loss: 2.2832 - accuracy: 0.1732 
 8000/10000 [=======================>......] - ETA: 7s - loss: 2.2713 - accuracy: 0.1779
 8500/10000 [========================>.....] - ETA: 5s - loss: 2.2606 - accuracy: 0.1844
 9000/10000 [==========================>...] - ETA: 3s - loss: 2.2608 - accuracy: 0.1889
 9500/10000 [===========================>..] - ETA: 1s - loss: 2.2703 - accuracy: 0.1896
10000/10000 [==============================] - 39s 4ms/step - loss: 2.2662 - accuracy: 0.1900 - val_loss: 2.5514 - val_accuracy: 0.2168
Epoch 2/5

  500/10000 [>.............................] - ETA: 35s - loss: 2.3950 - accuracy: 0.2140
 1000/10000 [==>...........................] - ETA: 33s - loss: 2.2526 - accuracy: 0.2560
 1500/10000 [===>..........................] - ETA: 32s - loss: 2.3666 - accuracy: 0.2560
 2000/10000 [=====>........................] - ETA: 30s - loss: 2.3540 - accuracy: 0.2580
 2500/10000 [======>.......................] - ETA: 28s - loss: 2.3938 - accuracy: 0.2496
 3000/10000 [========>.....................] - ETA: 26s - loss: 2.4038 - accuracy: 0.2373
 3500/10000 [=========>....................] - ETA: 24s - loss: 2.3760 - accuracy: 0.2443
 4000/10000 [===========>..................] - ETA: 22s - loss: 2.4294 - accuracy: 0.2348
 4500/10000 [============>.................] - ETA: 20s - loss: 2.3989 - accuracy: 0.2398
 5000/10000 [==============>...............] - ETA: 19s - loss: 2.3587 - accuracy: 0.2456
 5500/10000 [===============>..............] - ETA: 17s - loss: 2.3296 - accuracy: 0.2513
 6000/10000 [=================>............] - ETA: 15s - loss: 2.3098 - accuracy: 0.2558
 6500/10000 [==================>...........] - ETA: 13s - loss: 2.2994 - accuracy: 0.2575
 7000/10000 [====================>.........] - ETA: 11s - loss: 2.2779 - accuracy: 0.2639
 7500/10000 [=====================>........] - ETA: 9s - loss: 2.2611 - accuracy: 0.2679 
 8000/10000 [=======================>......] - ETA: 7s - loss: 2.2546 - accuracy: 0.2693
 8500/10000 [========================>.....] - ETA: 5s - loss: 2.2402 - accuracy: 0.2738
 9000/10000 [==========================>...] - ETA: 3s - loss: 2.2568 - accuracy: 0.2740
 9500/10000 [===========================>..] - ETA: 1s - loss: 2.2643 - accuracy: 0.2764
10000/10000 [==============================] - 38s 4ms/step - loss: 2.3101 - accuracy: 0.2738 - val_loss: 2.7033 - val_accuracy: 0.2856
Epoch 3/5

  500/10000 [>.............................] - ETA: 35s - loss: 2.7522 - accuracy: 0.2920
 1000/10000 [==>...........................] - ETA: 33s - loss: 2.7548 - accuracy: 0.3050
 1500/10000 [===>..........................] - ETA: 32s - loss: 2.7791 - accuracy: 0.2940
 2000/10000 [=====>........................] - ETA: 30s - loss: 2.6749 - accuracy: 0.2890
 2500/10000 [======>.......................] - ETA: 28s - loss: 2.5977 - accuracy: 0.2948
 3000/10000 [========>.....................] - ETA: 26s - loss: 2.5604 - accuracy: 0.3017
 3500/10000 [=========>....................] - ETA: 24s - loss: 2.5586 - accuracy: 0.3074
 4000/10000 [===========>..................] - ETA: 22s - loss: 2.5533 - accuracy: 0.3030
 4500/10000 [============>.................] - ETA: 20s - loss: 2.6005 - accuracy: 0.2900
 5000/10000 [==============>...............] - ETA: 19s - loss: 2.5771 - accuracy: 0.2894
 5500/10000 [===============>..............] - ETA: 17s - loss: 2.5561 - accuracy: 0.2904
 6000/10000 [=================>............] - ETA: 15s - loss: 2.5113 - accuracy: 0.2945
 6500/10000 [==================>...........] - ETA: 13s - loss: 2.4667 - accuracy: 0.2998
 7000/10000 [====================>.........] - ETA: 11s - loss: 2.4508 - accuracy: 0.3009
 7500/10000 [=====================>........] - ETA: 9s - loss: 2.4344 - accuracy: 0.3023 
 8000/10000 [=======================>......] - ETA: 7s - loss: 2.4183 - accuracy: 0.3038
 8500/10000 [========================>.....] - ETA: 5s - loss: 2.4311 - accuracy: 0.2992
 9000/10000 [==========================>...] - ETA: 3s - loss: 2.4135 - accuracy: 0.2989
 9500/10000 [===========================>..] - ETA: 1s - loss: 2.4048 - accuracy: 0.3005
10000/10000 [==============================] - 38s 4ms/step - loss: 2.3885 - accuracy: 0.3024 - val_loss: 2.1396 - val_accuracy: 0.3424
Epoch 4/5

  500/10000 [>.............................] - ETA: 34s - loss: 1.9881 - accuracy: 0.3720
 1000/10000 [==>...........................] - ETA: 34s - loss: 2.0509 - accuracy: 0.3590
 1500/10000 [===>..........................] - ETA: 31s - loss: 2.0757 - accuracy: 0.3553
 2000/10000 [=====>........................] - ETA: 30s - loss: 2.0836 - accuracy: 0.3645
 2500/10000 [======>.......................] - ETA: 28s - loss: 2.1020 - accuracy: 0.3664
 3000/10000 [========>.....................] - ETA: 26s - loss: 2.1340 - accuracy: 0.3663
 3500/10000 [=========>....................] - ETA: 24s - loss: 2.2016 - accuracy: 0.3546
 4000/10000 [===========>..................] - ETA: 22s - loss: 2.2027 - accuracy: 0.3525
 4500/10000 [============>.................] - ETA: 20s - loss: 2.1646 - accuracy: 0.3558
 5000/10000 [==============>...............] - ETA: 18s - loss: 2.1442 - accuracy: 0.3588
 5500/10000 [===============>..............] - ETA: 17s - loss: 2.1451 - accuracy: 0.3584
 6000/10000 [=================>............] - ETA: 15s - loss: 2.1484 - accuracy: 0.3560
 6500/10000 [==================>...........] - ETA: 13s - loss: 2.1680 - accuracy: 0.3498
 7000/10000 [====================>.........] - ETA: 11s - loss: 2.1479 - accuracy: 0.3489
 7500/10000 [=====================>........] - ETA: 9s - loss: 2.1586 - accuracy: 0.3455 
 8000/10000 [=======================>......] - ETA: 7s - loss: 2.1667 - accuracy: 0.3391
 8500/10000 [========================>.....] - ETA: 5s - loss: 2.1790 - accuracy: 0.3326
 9000/10000 [==========================>...] - ETA: 3s - loss: 2.1844 - accuracy: 0.3278
 9500/10000 [===========================>..] - ETA: 1s - loss: 2.1816 - accuracy: 0.3271
10000/10000 [==============================] - 38s 4ms/step - loss: 2.1710 - accuracy: 0.3266 - val_loss: 2.1535 - val_accuracy: 0.2972
Epoch 5/5

  500/10000 [>.............................] - ETA: 34s - loss: 2.1030 - accuracy: 0.3260
 1000/10000 [==>...........................] - ETA: 33s - loss: 2.0585 - accuracy: 0.3210
 1500/10000 [===>..........................] - ETA: 31s - loss: 2.0933 - accuracy: 0.3040
 2000/10000 [=====>........................] - ETA: 30s - loss: 2.0966 - accuracy: 0.2985
 2500/10000 [======>.......................] - ETA: 28s - loss: 2.1057 - accuracy: 0.2884
 3000/10000 [========>.....................] - ETA: 26s - loss: 2.0982 - accuracy: 0.2877
 3500/10000 [=========>....................] - ETA: 24s - loss: 2.1127 - accuracy: 0.2829
 4000/10000 [===========>..................] - ETA: 22s - loss: 2.0957 - accuracy: 0.2882
 4500/10000 [============>.................] - ETA: 20s - loss: 2.0816 - accuracy: 0.2869
 5000/10000 [==============>...............] - ETA: 18s - loss: 2.0923 - accuracy: 0.2844
 5500/10000 [===============>..............] - ETA: 17s - loss: 2.1094 - accuracy: 0.2811
 6000/10000 [=================>............] - ETA: 15s - loss: 2.1218 - accuracy: 0.2777
 6500/10000 [==================>...........] - ETA: 13s - loss: 2.1277 - accuracy: 0.2769
 7000/10000 [====================>.........] - ETA: 11s - loss: 2.1261 - accuracy: 0.2773
 7500/10000 [=====================>........] - ETA: 9s - loss: 2.1325 - accuracy: 0.2796 
 8000/10000 [=======================>......] - ETA: 7s - loss: 2.1349 - accuracy: 0.2777
 8500/10000 [========================>.....] - ETA: 5s - loss: 2.1766 - accuracy: 0.2735
 9000/10000 [==========================>...] - ETA: 3s - loss: 2.1976 - accuracy: 0.2697
 9500/10000 [===========================>..] - ETA: 1s - loss: 2.1912 - accuracy: 0.2683
10000/10000 [==============================] - 38s 4ms/step - loss: 2.1872 - accuracy: 0.2672 - val_loss: 2.3098 - val_accuracy: 0.2156
Latency --- 191.73111486434937 seconds ---
For delta=0.000100, the current epsilon is: 1.0774
=====================Iteration========================== 5
For delta=0.000100, the current epsilon is: 1.0774
Noise Mutiplier 2.35
loss= <keras.losses.CategoricalCrossentropy object at 0x1019a5ec90>
in grads Tensor("loss_4/mul:0", shape=(?,), dtype=float32)
Train on 10000 samples, validate on 2500 samples
Epoch 1/5

  500/10000 [>.............................] - ETA: 39s - loss: 2.3239 - accuracy: 0.1000
 1000/10000 [==>...........................] - ETA: 35s - loss: 2.3099 - accuracy: 0.1030
 1500/10000 [===>..........................] - ETA: 33s - loss: 2.2988 - accuracy: 0.1187
 2000/10000 [=====>........................] - ETA: 30s - loss: 2.2894 - accuracy: 0.1320
 2500/10000 [======>.......................] - ETA: 28s - loss: 2.2921 - accuracy: 0.1360
 3000/10000 [========>.....................] - ETA: 26s - loss: 2.2861 - accuracy: 0.1323
 3500/10000 [=========>....................] - ETA: 24s - loss: 2.3059 - accuracy: 0.1360
 4000/10000 [===========>..................] - ETA: 22s - loss: 2.3047 - accuracy: 0.1320
 4500/10000 [============>.................] - ETA: 20s - loss: 2.2968 - accuracy: 0.1362
 5000/10000 [==============>...............] - ETA: 19s - loss: 2.2919 - accuracy: 0.1454
 5500/10000 [===============>..............] - ETA: 17s - loss: 2.2857 - accuracy: 0.1435
 6000/10000 [=================>............] - ETA: 15s - loss: 2.2806 - accuracy: 0.1547
 6500/10000 [==================>...........] - ETA: 13s - loss: 2.2668 - accuracy: 0.1598
 7000/10000 [====================>.........] - ETA: 11s - loss: 2.2597 - accuracy: 0.1647
 7500/10000 [=====================>........] - ETA: 9s - loss: 2.2985 - accuracy: 0.1603 
 8000/10000 [=======================>......] - ETA: 7s - loss: 2.2958 - accuracy: 0.1663
 8500/10000 [========================>.....] - ETA: 5s - loss: 2.2884 - accuracy: 0.1698
 9000/10000 [==========================>...] - ETA: 3s - loss: 2.2789 - accuracy: 0.1779
 9500/10000 [===========================>..] - ETA: 1s - loss: 2.2760 - accuracy: 0.1800
10000/10000 [==============================] - 38s 4ms/step - loss: 2.2755 - accuracy: 0.1822 - val_loss: 2.5666 - val_accuracy: 0.1644
Epoch 2/5

  500/10000 [>.............................] - ETA: 36s - loss: 2.5992 - accuracy: 0.1780
 1000/10000 [==>...........................] - ETA: 35s - loss: 2.3652 - accuracy: 0.2450
 1500/10000 [===>..........................] - ETA: 32s - loss: 2.3667 - accuracy: 0.2220
 2000/10000 [=====>........................] - ETA: 30s - loss: 2.3103 - accuracy: 0.2360
 2500/10000 [======>.......................] - ETA: 28s - loss: 2.3192 - accuracy: 0.2368
 3000/10000 [========>.....................] - ETA: 26s - loss: 2.3008 - accuracy: 0.2350
 3500/10000 [=========>....................] - ETA: 24s - loss: 2.2699 - accuracy: 0.2440
 4000/10000 [===========>..................] - ETA: 22s - loss: 2.2346 - accuracy: 0.2550
 4500/10000 [============>.................] - ETA: 21s - loss: 2.2269 - accuracy: 0.2564
 5000/10000 [==============>...............] - ETA: 19s - loss: 2.1997 - accuracy: 0.2662
 5500/10000 [===============>..............] - ETA: 17s - loss: 2.2555 - accuracy: 0.2667
 6000/10000 [=================>............] - ETA: 15s - loss: 2.2932 - accuracy: 0.2603
 6500/10000 [==================>...........] - ETA: 13s - loss: 2.2969 - accuracy: 0.2575
 7000/10000 [====================>.........] - ETA: 11s - loss: 2.3019 - accuracy: 0.2577
 7500/10000 [=====================>........] - ETA: 9s - loss: 2.2962 - accuracy: 0.2587 
 8000/10000 [=======================>......] - ETA: 7s - loss: 2.3005 - accuracy: 0.2561
 8500/10000 [========================>.....] - ETA: 5s - loss: 2.3105 - accuracy: 0.2553
 9000/10000 [==========================>...] - ETA: 3s - loss: 2.3601 - accuracy: 0.2542
 9500/10000 [===========================>..] - ETA: 1s - loss: 2.3601 - accuracy: 0.2541
10000/10000 [==============================] - 38s 4ms/step - loss: 2.3797 - accuracy: 0.2537 - val_loss: 2.5103 - val_accuracy: 0.2092
Epoch 3/5

  500/10000 [>.............................] - ETA: 36s - loss: 2.3044 - accuracy: 0.2140
 1000/10000 [==>...........................] - ETA: 34s - loss: 2.5701 - accuracy: 0.1830
 1500/10000 [===>..........................] - ETA: 32s - loss: 2.5436 - accuracy: 0.2060
 2000/10000 [=====>........................] - ETA: 30s - loss: 2.4921 - accuracy: 0.2265
 2500/10000 [======>.......................] - ETA: 28s - loss: 2.5556 - accuracy: 0.2376
 3000/10000 [========>.....................] - ETA: 26s - loss: 2.5327 - accuracy: 0.2380
 3500/10000 [=========>....................] - ETA: 24s - loss: 2.5018 - accuracy: 0.2363
 4000/10000 [===========>..................] - ETA: 22s - loss: 2.4760 - accuracy: 0.2393
 4500/10000 [============>.................] - ETA: 20s - loss: 2.4680 - accuracy: 0.2340
 5000/10000 [==============>...............] - ETA: 19s - loss: 2.4612 - accuracy: 0.2308
 5500/10000 [===============>..............] - ETA: 17s - loss: 2.4426 - accuracy: 0.2342
 6000/10000 [=================>............] - ETA: 15s - loss: 2.4558 - accuracy: 0.2340
 6500/10000 [==================>...........] - ETA: 13s - loss: 2.4617 - accuracy: 0.2382
 7000/10000 [====================>.........] - ETA: 11s - loss: 2.4550 - accuracy: 0.2384
 7500/10000 [=====================>........] - ETA: 9s - loss: 2.4657 - accuracy: 0.2367 
 8000/10000 [=======================>......] - ETA: 7s - loss: 2.4551 - accuracy: 0.2374
 8500/10000 [========================>.....] - ETA: 5s - loss: 2.4448 - accuracy: 0.2375
 9000/10000 [==========================>...] - ETA: 3s - loss: 2.4410 - accuracy: 0.2360
 9500/10000 [===========================>..] - ETA: 1s - loss: 2.4244 - accuracy: 0.2346
10000/10000 [==============================] - 38s 4ms/step - loss: 2.4135 - accuracy: 0.2325 - val_loss: 2.1397 - val_accuracy: 0.2412
Epoch 4/5

  500/10000 [>.............................] - ETA: 35s - loss: 2.1743 - accuracy: 0.2160
 1000/10000 [==>...........................] - ETA: 33s - loss: 2.3497 - accuracy: 0.2210
 1500/10000 [===>..........................] - ETA: 32s - loss: 2.2878 - accuracy: 0.2387
 2000/10000 [=====>........................] - ETA: 30s - loss: 2.2261 - accuracy: 0.2620
 2500/10000 [======>.......................] - ETA: 28s - loss: 2.2469 - accuracy: 0.2628
 3000/10000 [========>.....................] - ETA: 26s - loss: 2.2129 - accuracy: 0.2720
 3500/10000 [=========>....................] - ETA: 24s - loss: 2.1869 - accuracy: 0.2840
 4000/10000 [===========>..................] - ETA: 22s - loss: 2.2276 - accuracy: 0.2740
 4500/10000 [============>.................] - ETA: 21s - loss: 2.1964 - accuracy: 0.2780
 5000/10000 [==============>...............] - ETA: 19s - loss: 2.1958 - accuracy: 0.2756
 5500/10000 [===============>..............] - ETA: 17s - loss: 2.2092 - accuracy: 0.2771
 6000/10000 [=================>............] - ETA: 15s - loss: 2.1985 - accuracy: 0.2793
 6500/10000 [==================>...........] - ETA: 13s - loss: 2.1918 - accuracy: 0.2778
 7000/10000 [====================>.........] - ETA: 11s - loss: 2.1882 - accuracy: 0.2784
 7500/10000 [=====================>........] - ETA: 9s - loss: 2.1944 - accuracy: 0.2757 
 8000/10000 [=======================>......] - ETA: 7s - loss: 2.2195 - accuracy: 0.2720
 8500/10000 [========================>.....] - ETA: 5s - loss: 2.2259 - accuracy: 0.2673
 9000/10000 [==========================>...] - ETA: 3s - loss: 2.2299 - accuracy: 0.2657
 9500/10000 [===========================>..] - ETA: 1s - loss: 2.2308 - accuracy: 0.2642
10000/10000 [==============================] - 38s 4ms/step - loss: 2.2298 - accuracy: 0.2660 - val_loss: 2.2932 - val_accuracy: 0.2684
Epoch 5/5

  500/10000 [>.............................] - ETA: 37s - loss: 2.2757 - accuracy: 0.2920
 1000/10000 [==>...........................] - ETA: 34s - loss: 2.2834 - accuracy: 0.2460
 1500/10000 [===>..........................] - ETA: 32s - loss: 2.2265 - accuracy: 0.2607
 2000/10000 [=====>........................] - ETA: 30s - loss: 2.2775 - accuracy: 0.2535
 2500/10000 [======>.......................] - ETA: 28s - loss: 2.2676 - accuracy: 0.2548
 3000/10000 [========>.....................] - ETA: 26s - loss: 2.2318 - accuracy: 0.2613
 3500/10000 [=========>....................] - ETA: 24s - loss: 2.2141 - accuracy: 0.2703
 4000/10000 [===========>..................] - ETA: 22s - loss: 2.2006 - accuracy: 0.2785
 4500/10000 [============>.................] - ETA: 20s - loss: 2.2039 - accuracy: 0.2767
 5000/10000 [==============>...............] - ETA: 18s - loss: 2.2096 - accuracy: 0.2800
 5500/10000 [===============>..............] - ETA: 17s - loss: 2.2018 - accuracy: 0.2778
 6000/10000 [=================>............] - ETA: 15s - loss: 2.1859 - accuracy: 0.2813
 6500/10000 [==================>...........] - ETA: 13s - loss: 2.1700 - accuracy: 0.2854
 7000/10000 [====================>.........] - ETA: 11s - loss: 2.1741 - accuracy: 0.2811
 7500/10000 [=====================>........] - ETA: 9s - loss: 2.1749 - accuracy: 0.2791 
 8000/10000 [=======================>......] - ETA: 7s - loss: 2.1789 - accuracy: 0.2770
 8500/10000 [========================>.....] - ETA: 5s - loss: 2.1736 - accuracy: 0.2735
 9000/10000 [==========================>...] - ETA: 3s - loss: 2.1637 - accuracy: 0.2733
 9500/10000 [===========================>..] - ETA: 1s - loss: 2.1554 - accuracy: 0.2767
10000/10000 [==============================] - 38s 4ms/step - loss: 2.1462 - accuracy: 0.2804 - val_loss: 1.9344 - val_accuracy: 0.3468
Latency --- 191.7962818145752 seconds ---
For delta=0.000100, the current epsilon is: 1.0774
=====================Iteration========================== 6
For delta=0.000100, the current epsilon is: 1.0774
Noise Mutiplier 2.35
loss= <keras.losses.CategoricalCrossentropy object at 0x1019bf00d0>
in grads Tensor("loss_5/mul:0", shape=(?,), dtype=float32)
Train on 10000 samples, validate on 2500 samples
Epoch 1/5

  500/10000 [>.............................] - ETA: 38s - loss: 2.3269 - accuracy: 0.0880
 1000/10000 [==>...........................] - ETA: 35s - loss: 2.3161 - accuracy: 0.0870
 1500/10000 [===>..........................] - ETA: 33s - loss: 2.3123 - accuracy: 0.0960
 2000/10000 [=====>........................] - ETA: 31s - loss: 2.3053 - accuracy: 0.1310
 2500/10000 [======>.......................] - ETA: 29s - loss: 2.2966 - accuracy: 0.1436
 3000/10000 [========>.....................] - ETA: 27s - loss: 2.2916 - accuracy: 0.1497
 3500/10000 [=========>....................] - ETA: 25s - loss: 2.2953 - accuracy: 0.1549
 4000/10000 [===========>..................] - ETA: 23s - loss: 2.2914 - accuracy: 0.1552
 4500/10000 [============>.................] - ETA: 21s - loss: 2.2868 - accuracy: 0.1624
 5000/10000 [==============>...............] - ETA: 19s - loss: 2.2797 - accuracy: 0.1658
 5500/10000 [===============>..............] - ETA: 17s - loss: 2.2762 - accuracy: 0.1691
 6000/10000 [=================>............] - ETA: 15s - loss: 2.2759 - accuracy: 0.1657
 6500/10000 [==================>...........] - ETA: 13s - loss: 2.2670 - accuracy: 0.1655
 7000/10000 [====================>.........] - ETA: 11s - loss: 2.2581 - accuracy: 0.1679
 7500/10000 [=====================>........] - ETA: 9s - loss: 2.2465 - accuracy: 0.1735 
 8000/10000 [=======================>......] - ETA: 7s - loss: 2.2341 - accuracy: 0.1791
 8500/10000 [========================>.....] - ETA: 5s - loss: 2.2404 - accuracy: 0.1771
 9000/10000 [==========================>...] - ETA: 3s - loss: 2.2278 - accuracy: 0.1839
 9500/10000 [===========================>..] - ETA: 1s - loss: 2.2323 - accuracy: 0.1886
10000/10000 [==============================] - 39s 4ms/step - loss: 2.2601 - accuracy: 0.1863 - val_loss: 3.1453 - val_accuracy: 0.1896
Epoch 2/5

  500/10000 [>.............................] - ETA: 36s - loss: 3.2001 - accuracy: 0.1920
 1000/10000 [==>...........................] - ETA: 33s - loss: 3.0949 - accuracy: 0.1620
 1500/10000 [===>..........................] - ETA: 32s - loss: 2.9722 - accuracy: 0.1773
 2000/10000 [=====>........................] - ETA: 30s - loss: 2.9296 - accuracy: 0.1755
 2500/10000 [======>.......................] - ETA: 28s - loss: 2.8438 - accuracy: 0.1732
 3000/10000 [========>.....................] - ETA: 26s - loss: 2.9120 - accuracy: 0.1640
 3500/10000 [=========>....................] - ETA: 25s - loss: 2.9134 - accuracy: 0.1646
 4000/10000 [===========>..................] - ETA: 23s - loss: 2.8560 - accuracy: 0.1717
 4500/10000 [============>.................] - ETA: 21s - loss: 2.8154 - accuracy: 0.1769
 5000/10000 [==============>...............] - ETA: 19s - loss: 2.7725 - accuracy: 0.1858
 5500/10000 [===============>..............] - ETA: 17s - loss: 2.7565 - accuracy: 0.1880
 6000/10000 [=================>............] - ETA: 15s - loss: 2.7419 - accuracy: 0.1852
 6500/10000 [==================>...........] - ETA: 13s - loss: 2.7301 - accuracy: 0.1909
 7000/10000 [====================>.........] - ETA: 11s - loss: 2.7286 - accuracy: 0.1923
 7500/10000 [=====================>........] - ETA: 9s - loss: 2.7360 - accuracy: 0.1929 
 8000/10000 [=======================>......] - ETA: 7s - loss: 2.7219 - accuracy: 0.1960
 8500/10000 [========================>.....] - ETA: 5s - loss: 2.7347 - accuracy: 0.1932
 9000/10000 [==========================>...] - ETA: 3s - loss: 2.7789 - accuracy: 0.1909
 9500/10000 [===========================>..] - ETA: 1s - loss: 2.7669 - accuracy: 0.1918
10000/10000 [==============================] - 39s 4ms/step - loss: 2.7544 - accuracy: 0.1948 - val_loss: 2.8687 - val_accuracy: 0.1752
Epoch 3/5

  500/10000 [>.............................] - ETA: 39s - loss: 2.8191 - accuracy: 0.1780
 1000/10000 [==>...........................] - ETA: 35s - loss: 2.9501 - accuracy: 0.1510
 1500/10000 [===>..........................] - ETA: 34s - loss: 2.8754 - accuracy: 0.1513
 2000/10000 [=====>........................] - ETA: 31s - loss: 2.7569 - accuracy: 0.1610
 2500/10000 [======>.......................] - ETA: 29s - loss: 2.6616 - accuracy: 0.1764
 3000/10000 [========>.....................] - ETA: 27s - loss: 2.6228 - accuracy: 0.1817
 3500/10000 [=========>....................] - ETA: 25s - loss: 2.5934 - accuracy: 0.1857
 4000/10000 [===========>..................] - ETA: 23s - loss: 2.5539 - accuracy: 0.1900
 4500/10000 [============>.................] - ETA: 21s - loss: 2.5494 - accuracy: 0.1896
 5000/10000 [==============>...............] - ETA: 19s - loss: 2.5371 - accuracy: 0.1916
 5500/10000 [===============>..............] - ETA: 17s - loss: 2.5480 - accuracy: 0.1891
 6000/10000 [=================>............] - ETA: 15s - loss: 2.6376 - accuracy: 0.1833
 6500/10000 [==================>...........] - ETA: 13s - loss: 2.6265 - accuracy: 0.1828
 7000/10000 [====================>.........] - ETA: 11s - loss: 2.6228 - accuracy: 0.1806
 7500/10000 [=====================>........] - ETA: 9s - loss: 2.5984 - accuracy: 0.1828 
 8000/10000 [=======================>......] - ETA: 7s - loss: 2.5825 - accuracy: 0.1842
 8500/10000 [========================>.....] - ETA: 5s - loss: 2.5641 - accuracy: 0.1852
 9000/10000 [==========================>...] - ETA: 3s - loss: 2.5465 - accuracy: 0.1847
 9500/10000 [===========================>..] - ETA: 1s - loss: 2.5321 - accuracy: 0.1873
10000/10000 [==============================] - 39s 4ms/step - loss: 2.5199 - accuracy: 0.1877 - val_loss: 2.6027 - val_accuracy: 0.1824
Epoch 4/5

  500/10000 [>.............................] - ETA: 37s - loss: 2.5743 - accuracy: 0.1640
 1000/10000 [==>...........................] - ETA: 34s - loss: 2.4713 - accuracy: 0.1760
 1500/10000 [===>..........................] - ETA: 32s - loss: 2.3790 - accuracy: 0.2060
 2000/10000 [=====>........................] - ETA: 30s - loss: 2.3130 - accuracy: 0.2150
 2500/10000 [======>.......................] - ETA: 28s - loss: 2.2859 - accuracy: 0.2152
 3000/10000 [========>.....................] - ETA: 26s - loss: 2.2671 - accuracy: 0.2193
 3500/10000 [=========>....................] - ETA: 24s - loss: 2.2640 - accuracy: 0.2197
 4000/10000 [===========>..................] - ETA: 22s - loss: 2.2612 - accuracy: 0.2173
 4500/10000 [============>.................] - ETA: 21s - loss: 2.2593 - accuracy: 0.2100
 5000/10000 [==============>...............] - ETA: 19s - loss: 2.2814 - accuracy: 0.2062
 5500/10000 [===============>..............] - ETA: 17s - loss: 2.2936 - accuracy: 0.2051
 6000/10000 [=================>............] - ETA: 15s - loss: 2.2968 - accuracy: 0.2000
 6500/10000 [==================>...........] - ETA: 13s - loss: 2.2933 - accuracy: 0.1943
 7000/10000 [====================>.........] - ETA: 11s - loss: 2.2881 - accuracy: 0.1954
 7500/10000 [=====================>........] - ETA: 9s - loss: 2.2736 - accuracy: 0.1988 
 8000/10000 [=======================>......] - ETA: 7s - loss: 2.2598 - accuracy: 0.2030
 8500/10000 [========================>.....] - ETA: 5s - loss: 2.2410 - accuracy: 0.2099
 9000/10000 [==========================>...] - ETA: 3s - loss: 2.2517 - accuracy: 0.2110
 9500/10000 [===========================>..] - ETA: 1s - loss: 2.2519 - accuracy: 0.2138
10000/10000 [==============================] - 38s 4ms/step - loss: 2.2436 - accuracy: 0.2162 - val_loss: 2.2154 - val_accuracy: 0.2028
Epoch 5/5

  500/10000 [>.............................] - ETA: 35s - loss: 2.1455 - accuracy: 0.2400
 1000/10000 [==>...........................] - ETA: 33s - loss: 2.1511 - accuracy: 0.2360
 1500/10000 [===>..........................] - ETA: 32s - loss: 2.1459 - accuracy: 0.2307
 2000/10000 [=====>........................] - ETA: 30s - loss: 2.1361 - accuracy: 0.2400
 2500/10000 [======>.......................] - ETA: 28s - loss: 2.1866 - accuracy: 0.2452
 3000/10000 [========>.....................] - ETA: 26s - loss: 2.1758 - accuracy: 0.2420
 3500/10000 [=========>....................] - ETA: 24s - loss: 2.1719 - accuracy: 0.2426
 4000/10000 [===========>..................] - ETA: 22s - loss: 2.1683 - accuracy: 0.2430
 4500/10000 [============>.................] - ETA: 20s - loss: 2.1692 - accuracy: 0.2413
 5000/10000 [==============>...............] - ETA: 19s - loss: 2.1704 - accuracy: 0.2426
 5500/10000 [===============>..............] - ETA: 17s - loss: 2.1731 - accuracy: 0.2405
 6000/10000 [=================>............] - ETA: 15s - loss: 2.1692 - accuracy: 0.2400
 6500/10000 [==================>...........] - ETA: 13s - loss: 2.1672 - accuracy: 0.2412
 7000/10000 [====================>.........] - ETA: 11s - loss: 2.1675 - accuracy: 0.2376
 7500/10000 [=====================>........] - ETA: 9s - loss: 2.1681 - accuracy: 0.2368 
 8000/10000 [=======================>......] - ETA: 7s - loss: 2.1839 - accuracy: 0.2350
 8500/10000 [========================>.....] - ETA: 5s - loss: 2.1958 - accuracy: 0.2293
 9000/10000 [==========================>...] - ETA: 3s - loss: 2.2014 - accuracy: 0.2258
 9500/10000 [===========================>..] - ETA: 1s - loss: 2.2051 - accuracy: 0.2235
10000/10000 [==============================] - 38s 4ms/step - loss: 2.2034 - accuracy: 0.2232 - val_loss: 2.6035 - val_accuracy: 0.1836
Latency --- 193.429212808609 seconds ---
For delta=0.000100, the current epsilon is: 1.0774
=====================Iteration========================== 7
For delta=0.000100, the current epsilon is: 1.0774
Noise Mutiplier 2.35
loss= <keras.losses.CategoricalCrossentropy object at 0x1019d5ec50>
in grads Tensor("loss_6/mul:0", shape=(?,), dtype=float32)
Train on 10000 samples, validate on 2500 samples
Epoch 1/5

  500/10000 [>.............................] - ETA: 40s - loss: 2.3116 - accuracy: 0.0840
 1000/10000 [==>...........................] - ETA: 36s - loss: 2.3075 - accuracy: 0.0850
 1500/10000 [===>..........................] - ETA: 33s - loss: 2.3032 - accuracy: 0.0887
 2000/10000 [=====>........................] - ETA: 31s - loss: 2.3000 - accuracy: 0.0995
 2500/10000 [======>.......................] - ETA: 29s - loss: 2.2915 - accuracy: 0.1108
 3000/10000 [========>.....................] - ETA: 27s - loss: 2.2905 - accuracy: 0.1250
 3500/10000 [=========>....................] - ETA: 25s - loss: 2.2940 - accuracy: 0.1251
 4000/10000 [===========>..................] - ETA: 23s - loss: 2.3006 - accuracy: 0.1260
 4500/10000 [============>.................] - ETA: 21s - loss: 2.2895 - accuracy: 0.1404
 5000/10000 [==============>...............] - ETA: 19s - loss: 2.2727 - accuracy: 0.1536
 5500/10000 [===============>..............] - ETA: 17s - loss: 2.2634 - accuracy: 0.1613
 6000/10000 [=================>............] - ETA: 15s - loss: 2.2486 - accuracy: 0.1690
 6500/10000 [==================>...........] - ETA: 13s - loss: 2.2434 - accuracy: 0.1726
 7000/10000 [====================>.........] - ETA: 11s - loss: 2.2467 - accuracy: 0.1754
 7500/10000 [=====================>........] - ETA: 9s - loss: 2.2431 - accuracy: 0.1763 
 8000/10000 [=======================>......] - ETA: 7s - loss: 2.2469 - accuracy: 0.1764
 8500/10000 [========================>.....] - ETA: 5s - loss: 2.2517 - accuracy: 0.1765
 9000/10000 [==========================>...] - ETA: 3s - loss: 2.2523 - accuracy: 0.1784
 9500/10000 [===========================>..] - ETA: 1s - loss: 2.2651 - accuracy: 0.1771
10000/10000 [==============================] - 39s 4ms/step - loss: 2.2620 - accuracy: 0.1830 - val_loss: 2.1380 - val_accuracy: 0.2728
Epoch 2/5

  500/10000 [>.............................] - ETA: 36s - loss: 2.0275 - accuracy: 0.3340
 1000/10000 [==>...........................] - ETA: 33s - loss: 2.1973 - accuracy: 0.2840
 1500/10000 [===>..........................] - ETA: 32s - loss: 2.2247 - accuracy: 0.2760
 2000/10000 [=====>........................] - ETA: 30s - loss: 2.1710 - accuracy: 0.2905
 2500/10000 [======>.......................] - ETA: 28s - loss: 2.1925 - accuracy: 0.2784
 3000/10000 [========>.....................] - ETA: 26s - loss: 2.2248 - accuracy: 0.2750
 3500/10000 [=========>....................] - ETA: 24s - loss: 2.2102 - accuracy: 0.2723
 4000/10000 [===========>..................] - ETA: 22s - loss: 2.1928 - accuracy: 0.2688
 4500/10000 [============>.................] - ETA: 21s - loss: 2.1988 - accuracy: 0.2700
 5000/10000 [==============>...............] - ETA: 19s - loss: 2.1786 - accuracy: 0.2756
 5500/10000 [===============>..............] - ETA: 17s - loss: 2.1617 - accuracy: 0.2836
 6000/10000 [=================>............] - ETA: 15s - loss: 2.2125 - accuracy: 0.2772
 6500/10000 [==================>...........] - ETA: 13s - loss: 2.1995 - accuracy: 0.2809
 7000/10000 [====================>.........] - ETA: 11s - loss: 2.2026 - accuracy: 0.2783
 7500/10000 [=====================>........] - ETA: 9s - loss: 2.2109 - accuracy: 0.2775 
 8000/10000 [=======================>......] - ETA: 7s - loss: 2.2037 - accuracy: 0.2755
 8500/10000 [========================>.....] - ETA: 5s - loss: 2.1973 - accuracy: 0.2741
 9000/10000 [==========================>...] - ETA: 3s - loss: 2.2090 - accuracy: 0.2754
 9500/10000 [===========================>..] - ETA: 1s - loss: 2.2149 - accuracy: 0.2717
10000/10000 [==============================] - 38s 4ms/step - loss: 2.2293 - accuracy: 0.2694 - val_loss: 2.4088 - val_accuracy: 0.2268
Epoch 3/5

  500/10000 [>.............................] - ETA: 34s - loss: 2.2886 - accuracy: 0.2560
 1000/10000 [==>...........................] - ETA: 34s - loss: 2.4296 - accuracy: 0.2470
 1500/10000 [===>..........................] - ETA: 32s - loss: 2.3779 - accuracy: 0.2400
 2000/10000 [=====>........................] - ETA: 30s - loss: 2.3017 - accuracy: 0.2535
 2500/10000 [======>.......................] - ETA: 28s - loss: 2.2857 - accuracy: 0.2560
 3000/10000 [========>.....................] - ETA: 26s - loss: 2.2551 - accuracy: 0.2647
 3500/10000 [=========>....................] - ETA: 24s - loss: 2.2547 - accuracy: 0.2734
 4000/10000 [===========>..................] - ETA: 22s - loss: 2.2509 - accuracy: 0.2775
 4500/10000 [============>.................] - ETA: 20s - loss: 2.2246 - accuracy: 0.2853
 5000/10000 [==============>...............] - ETA: 19s - loss: 2.2219 - accuracy: 0.2806
 5500/10000 [===============>..............] - ETA: 17s - loss: 2.2069 - accuracy: 0.2789
 6000/10000 [=================>............] - ETA: 15s - loss: 2.2000 - accuracy: 0.2767
 6500/10000 [==================>...........] - ETA: 13s - loss: 2.1835 - accuracy: 0.2785
 7000/10000 [====================>.........] - ETA: 11s - loss: 2.1733 - accuracy: 0.2801
 7500/10000 [=====================>........] - ETA: 9s - loss: 2.1577 - accuracy: 0.2871 
 8000/10000 [=======================>......] - ETA: 7s - loss: 2.1493 - accuracy: 0.2914
 8500/10000 [========================>.....] - ETA: 5s - loss: 2.1387 - accuracy: 0.2954
 9000/10000 [==========================>...] - ETA: 3s - loss: 2.1292 - accuracy: 0.2989
 9500/10000 [===========================>..] - ETA: 1s - loss: 2.1211 - accuracy: 0.3028
10000/10000 [==============================] - 38s 4ms/step - loss: 2.1150 - accuracy: 0.3025 - val_loss: 2.2812 - val_accuracy: 0.2740
Epoch 4/5

  500/10000 [>.............................] - ETA: 36s - loss: 2.3996 - accuracy: 0.2720
 1000/10000 [==>...........................] - ETA: 34s - loss: 2.1884 - accuracy: 0.2810
 1500/10000 [===>..........................] - ETA: 32s - loss: 2.1333 - accuracy: 0.2753
 2000/10000 [=====>........................] - ETA: 30s - loss: 2.0882 - accuracy: 0.2860
 2500/10000 [======>.......................] - ETA: 28s - loss: 2.0501 - accuracy: 0.3040
 3000/10000 [========>.....................] - ETA: 26s - loss: 2.0545 - accuracy: 0.3060
 3500/10000 [=========>....................] - ETA: 24s - loss: 2.0591 - accuracy: 0.3151
 4000/10000 [===========>..................] - ETA: 22s - loss: 2.0443 - accuracy: 0.3215
 4500/10000 [============>.................] - ETA: 20s - loss: 2.0365 - accuracy: 0.3253
 5000/10000 [==============>...............] - ETA: 18s - loss: 2.0031 - accuracy: 0.3372
 5500/10000 [===============>..............] - ETA: 17s - loss: 2.0017 - accuracy: 0.3400
 6000/10000 [=================>............] - ETA: 15s - loss: 1.9978 - accuracy: 0.3432
 6500/10000 [==================>...........] - ETA: 13s - loss: 1.9890 - accuracy: 0.3448
 7000/10000 [====================>.........] - ETA: 11s - loss: 1.9839 - accuracy: 0.3476
 7500/10000 [=====================>........] - ETA: 9s - loss: 1.9781 - accuracy: 0.3500 
 8000/10000 [=======================>......] - ETA: 7s - loss: 1.9862 - accuracy: 0.3474
 8500/10000 [========================>.....] - ETA: 5s - loss: 1.9821 - accuracy: 0.3494
 9000/10000 [==========================>...] - ETA: 3s - loss: 1.9736 - accuracy: 0.3494
 9500/10000 [===========================>..] - ETA: 1s - loss: 1.9659 - accuracy: 0.3524
10000/10000 [==============================] - 38s 4ms/step - loss: 1.9583 - accuracy: 0.3558 - val_loss: 1.8895 - val_accuracy: 0.3588
Epoch 5/5

  500/10000 [>.............................] - ETA: 36s - loss: 1.7742 - accuracy: 0.4140
 1000/10000 [==>...........................] - ETA: 33s - loss: 1.7739 - accuracy: 0.4110
 1500/10000 [===>..........................] - ETA: 32s - loss: 1.8781 - accuracy: 0.3660
 2000/10000 [=====>........................] - ETA: 30s - loss: 1.9431 - accuracy: 0.3570
 2500/10000 [======>.......................] - ETA: 28s - loss: 1.9339 - accuracy: 0.3548
 3000/10000 [========>.....................] - ETA: 26s - loss: 1.9112 - accuracy: 0.3613
 3500/10000 [=========>....................] - ETA: 24s - loss: 1.9018 - accuracy: 0.3660
 4000/10000 [===========>..................] - ETA: 22s - loss: 1.9174 - accuracy: 0.3645
 4500/10000 [============>.................] - ETA: 20s - loss: 1.9082 - accuracy: 0.3678
 5000/10000 [==============>...............] - ETA: 18s - loss: 1.9086 - accuracy: 0.3694
 5500/10000 [===============>..............] - ETA: 17s - loss: 1.9073 - accuracy: 0.3687
 6000/10000 [=================>............] - ETA: 15s - loss: 1.9016 - accuracy: 0.3715
 6500/10000 [==================>...........] - ETA: 13s - loss: 1.8985 - accuracy: 0.3717
 7000/10000 [====================>.........] - ETA: 11s - loss: 1.8945 - accuracy: 0.3740
 7500/10000 [=====================>........] - ETA: 9s - loss: 1.9057 - accuracy: 0.3747 
 8000/10000 [=======================>......] - ETA: 7s - loss: 1.9063 - accuracy: 0.3754
 8500/10000 [========================>.....] - ETA: 5s - loss: 1.8989 - accuracy: 0.3785
 9000/10000 [==========================>...] - ETA: 3s - loss: 1.9046 - accuracy: 0.3799
 9500/10000 [===========================>..] - ETA: 1s - loss: 1.9119 - accuracy: 0.3793
10000/10000 [==============================] - 38s 4ms/step - loss: 1.9087 - accuracy: 0.3801 - val_loss: 1.9770 - val_accuracy: 0.3700
Latency --- 192.5549967288971 seconds ---
For delta=0.000100, the current epsilon is: 1.0774
Saving model with new accuracy, previous accuracy was 0.3052000105381012 and present is 0.3801000118255615
Saved model to disk
=====================Iteration========================== 8
For delta=0.000100, the current epsilon is: 1.0774
Noise Mutiplier 2.35
loss= <keras.losses.CategoricalCrossentropy object at 0x101a420d10>
in grads Tensor("loss_7/mul:0", shape=(?,), dtype=float32)
Train on 10000 samples, validate on 2500 samples
Epoch 1/5

  500/10000 [>.............................] - ETA: 39s - loss: 2.3031 - accuracy: 0.1100
 1000/10000 [==>...........................] - ETA: 35s - loss: 2.2965 - accuracy: 0.1280
 1500/10000 [===>..........................] - ETA: 33s - loss: 2.2947 - accuracy: 0.1207
 2000/10000 [=====>........................] - ETA: 31s - loss: 2.2908 - accuracy: 0.1205
 2500/10000 [======>.......................] - ETA: 29s - loss: 2.2983 - accuracy: 0.1152
 3000/10000 [========>.....................] - ETA: 27s - loss: 2.2989 - accuracy: 0.1167
 3500/10000 [=========>....................] - ETA: 25s - loss: 2.2793 - accuracy: 0.1294
 4000/10000 [===========>..................] - ETA: 23s - loss: 2.2850 - accuracy: 0.1248
 4500/10000 [============>.................] - ETA: 21s - loss: 2.2782 - accuracy: 0.1300
 5000/10000 [==============>...............] - ETA: 19s - loss: 2.2667 - accuracy: 0.1416
 5500/10000 [===============>..............] - ETA: 17s - loss: 2.2540 - accuracy: 0.1549
 6000/10000 [=================>............] - ETA: 15s - loss: 2.2481 - accuracy: 0.1538
 6500/10000 [==================>...........] - ETA: 13s - loss: 2.2779 - accuracy: 0.1523
 7000/10000 [====================>.........] - ETA: 11s - loss: 2.2948 - accuracy: 0.1520
 7500/10000 [=====================>........] - ETA: 9s - loss: 2.3054 - accuracy: 0.1521 
 8000/10000 [=======================>......] - ETA: 7s - loss: 2.3057 - accuracy: 0.1545
 8500/10000 [========================>.....] - ETA: 5s - loss: 2.3119 - accuracy: 0.1546
 9000/10000 [==========================>...] - ETA: 3s - loss: 2.3091 - accuracy: 0.1542
 9500/10000 [===========================>..] - ETA: 1s - loss: 2.3010 - accuracy: 0.1584
10000/10000 [==============================] - 39s 4ms/step - loss: 2.3020 - accuracy: 0.1583 - val_loss: 2.1780 - val_accuracy: 0.1892
Epoch 2/5

  500/10000 [>.............................] - ETA: 34s - loss: 2.2516 - accuracy: 0.1660
 1000/10000 [==>...........................] - ETA: 33s - loss: 2.2729 - accuracy: 0.1810
 1500/10000 [===>..........................] - ETA: 32s - loss: 2.3444 - accuracy: 0.1967
 2000/10000 [=====>........................] - ETA: 30s - loss: 2.3552 - accuracy: 0.1980
 2500/10000 [======>.......................] - ETA: 28s - loss: 2.3455 - accuracy: 0.1928
 3000/10000 [========>.....................] - ETA: 26s - loss: 2.3516 - accuracy: 0.1913
 3500/10000 [=========>....................] - ETA: 24s - loss: 2.3685 - accuracy: 0.1817
 4000/10000 [===========>..................] - ETA: 22s - loss: 2.4121 - accuracy: 0.1720
 4500/10000 [============>.................] - ETA: 20s - loss: 2.3833 - accuracy: 0.1742
 5000/10000 [==============>...............] - ETA: 19s - loss: 2.3501 - accuracy: 0.1860
 5500/10000 [===============>..............] - ETA: 17s - loss: 2.3568 - accuracy: 0.1878
 6000/10000 [=================>............] - ETA: 15s - loss: 2.3416 - accuracy: 0.1887
 6500/10000 [==================>...........] - ETA: 13s - loss: 2.3449 - accuracy: 0.1880
 7000/10000 [====================>.........] - ETA: 11s - loss: 2.3344 - accuracy: 0.1853
 7500/10000 [=====================>........] - ETA: 9s - loss: 2.3210 - accuracy: 0.1856 
 8000/10000 [=======================>......] - ETA: 7s - loss: 2.3072 - accuracy: 0.1893
 8500/10000 [========================>.....] - ETA: 5s - loss: 2.2993 - accuracy: 0.1924
 9000/10000 [==========================>...] - ETA: 3s - loss: 2.2989 - accuracy: 0.1948
 9500/10000 [===========================>..] - ETA: 1s - loss: 2.3357 - accuracy: 0.1907
10000/10000 [==============================] - 38s 4ms/step - loss: 2.3504 - accuracy: 0.1861 - val_loss: 2.2154 - val_accuracy: 0.2184
Epoch 3/5

  500/10000 [>.............................] - ETA: 35s - loss: 2.2230 - accuracy: 0.2200
 1000/10000 [==>...........................] - ETA: 33s - loss: 2.1184 - accuracy: 0.2390
 1500/10000 [===>..........................] - ETA: 32s - loss: 2.1060 - accuracy: 0.2627
 2000/10000 [=====>........................] - ETA: 30s - loss: 2.1267 - accuracy: 0.2545
 2500/10000 [======>.......................] - ETA: 28s - loss: 2.2130 - accuracy: 0.2520
 3000/10000 [========>.....................] - ETA: 26s - loss: 2.2078 - accuracy: 0.2430
 3500/10000 [=========>....................] - ETA: 24s - loss: 2.1947 - accuracy: 0.2529
 4000/10000 [===========>..................] - ETA: 22s - loss: 2.1754 - accuracy: 0.2537
 4500/10000 [============>.................] - ETA: 21s - loss: 2.1758 - accuracy: 0.2538
 5000/10000 [==============>...............] - ETA: 19s - loss: 2.2019 - accuracy: 0.2502
 5500/10000 [===============>..............] - ETA: 17s - loss: 2.2337 - accuracy: 0.2418
 6000/10000 [=================>............] - ETA: 15s - loss: 2.2469 - accuracy: 0.2360
 6500/10000 [==================>...........] - ETA: 13s - loss: 2.2569 - accuracy: 0.2277
 7000/10000 [====================>.........] - ETA: 11s - loss: 2.2812 - accuracy: 0.2214
 7500/10000 [=====================>........] - ETA: 9s - loss: 2.2836 - accuracy: 0.2161 
 8000/10000 [=======================>......] - ETA: 7s - loss: 2.3015 - accuracy: 0.2107
 8500/10000 [========================>.....] - ETA: 5s - loss: 2.3052 - accuracy: 0.2079
 9000/10000 [==========================>...] - ETA: 3s - loss: 2.3017 - accuracy: 0.2042
 9500/10000 [===========================>..] - ETA: 1s - loss: 2.3284 - accuracy: 0.2001
10000/10000 [==============================] - 38s 4ms/step - loss: 2.3238 - accuracy: 0.1967 - val_loss: 2.3552 - val_accuracy: 0.1456
Epoch 4/5

  500/10000 [>.............................] - ETA: 36s - loss: 2.2302 - accuracy: 0.1800
 1000/10000 [==>...........................] - ETA: 33s - loss: 2.3249 - accuracy: 0.1710
 1500/10000 [===>..........................] - ETA: 32s - loss: 2.3302 - accuracy: 0.1753
 2000/10000 [=====>........................] - ETA: 30s - loss: 2.3128 - accuracy: 0.1900
 2500/10000 [======>.......................] - ETA: 29s - loss: 2.3115 - accuracy: 0.1976
 3000/10000 [========>.....................] - ETA: 26s - loss: 2.3080 - accuracy: 0.1957
 3500/10000 [=========>....................] - ETA: 25s - loss: 2.3499 - accuracy: 0.1940
 4000/10000 [===========>..................] - ETA: 23s - loss: 2.3506 - accuracy: 0.1863
 4500/10000 [============>.................] - ETA: 21s - loss: 2.3498 - accuracy: 0.1756
 5000/10000 [==============>...............] - ETA: 19s - loss: 2.3452 - accuracy: 0.1692
 5500/10000 [===============>..............] - ETA: 17s - loss: 2.3420 - accuracy: 0.1636
 6000/10000 [=================>............] - ETA: 15s - loss: 2.3393 - accuracy: 0.1567
 6500/10000 [==================>...........] - ETA: 13s - loss: 2.3495 - accuracy: 0.1511
 7000/10000 [====================>.........] - ETA: 11s - loss: 2.3480 - accuracy: 0.1497
 7500/10000 [=====================>........] - ETA: 9s - loss: 2.3485 - accuracy: 0.1483 
 8000/10000 [=======================>......] - ETA: 7s - loss: 2.3421 - accuracy: 0.1482
 8500/10000 [========================>.....] - ETA: 5s - loss: 2.3530 - accuracy: 0.1486
 9000/10000 [==========================>...] - ETA: 3s - loss: 2.3488 - accuracy: 0.1488
 9500/10000 [===========================>..] - ETA: 1s - loss: 2.3443 - accuracy: 0.1479
10000/10000 [==============================] - 39s 4ms/step - loss: 2.3432 - accuracy: 0.1468 - val_loss: 2.2384 - val_accuracy: 0.1392
Epoch 5/5

  500/10000 [>.............................] - ETA: 34s - loss: 2.2926 - accuracy: 0.1260
 1000/10000 [==>...........................] - ETA: 33s - loss: 2.3217 - accuracy: 0.1250
 1500/10000 [===>..........................] - ETA: 32s - loss: 2.3033 - accuracy: 0.1380
 2000/10000 [=====>........................] - ETA: 30s - loss: 2.2770 - accuracy: 0.1470
 2500/10000 [======>.......................] - ETA: 28s - loss: 2.2745 - accuracy: 0.1568
 3000/10000 [========>.....................] - ETA: 26s - loss: 2.2860 - accuracy: 0.1647
 3500/10000 [=========>....................] - ETA: 24s - loss: 2.2795 - accuracy: 0.1594
 4000/10000 [===========>..................] - ETA: 22s - loss: 2.2707 - accuracy: 0.1650
 4500/10000 [============>.................] - ETA: 20s - loss: 2.2607 - accuracy: 0.1711
 5000/10000 [==============>...............] - ETA: 19s - loss: 2.2548 - accuracy: 0.1726
 5500/10000 [===============>..............] - ETA: 17s - loss: 2.2517 - accuracy: 0.1736
 6000/10000 [=================>............] - ETA: 15s - loss: 2.2410 - accuracy: 0.1763
 6500/10000 [==================>...........] - ETA: 13s - loss: 2.2389 - accuracy: 0.1778
 7000/10000 [====================>.........] - ETA: 11s - loss: 2.2337 - accuracy: 0.1787
 7500/10000 [=====================>........] - ETA: 9s - loss: 2.2356 - accuracy: 0.1831 
 8000/10000 [=======================>......] - ETA: 7s - loss: 2.2319 - accuracy: 0.1851
 8500/10000 [========================>.....] - ETA: 5s - loss: 2.2248 - accuracy: 0.1859
 9000/10000 [==========================>...] - ETA: 3s - loss: 2.2221 - accuracy: 0.1873
 9500/10000 [===========================>..] - ETA: 1s - loss: 2.2219 - accuracy: 0.1901
10000/10000 [==============================] - 38s 4ms/step - loss: 2.2144 - accuracy: 0.1937 - val_loss: 2.3229 - val_accuracy: 0.2384
Latency --- 193.79536271095276 seconds ---
For delta=0.000100, the current epsilon is: 1.0774
=====================Iteration========================== 9
For delta=0.000100, the current epsilon is: 1.0774
Noise Mutiplier 2.35
loss= <keras.losses.CategoricalCrossentropy object at 0x101a5a7410>
in grads Tensor("loss_8/mul:0", shape=(?,), dtype=float32)
Train on 10000 samples, validate on 2500 samples
Epoch 1/5

  500/10000 [>.............................] - ETA: 37s - loss: 2.3028 - accuracy: 0.1060
 1000/10000 [==>...........................] - ETA: 35s - loss: 2.3040 - accuracy: 0.1070
 1500/10000 [===>..........................] - ETA: 33s - loss: 2.2981 - accuracy: 0.1073
 2000/10000 [=====>........................] - ETA: 30s - loss: 2.2936 - accuracy: 0.1190
 2500/10000 [======>.......................] - ETA: 28s - loss: 2.2921 - accuracy: 0.1176
 3000/10000 [========>.....................] - ETA: 26s - loss: 2.2875 - accuracy: 0.1207
 3500/10000 [=========>....................] - ETA: 24s - loss: 2.2831 - accuracy: 0.1220
 4000/10000 [===========>..................] - ETA: 23s - loss: 2.2759 - accuracy: 0.1318
 4500/10000 [============>.................] - ETA: 21s - loss: 2.2759 - accuracy: 0.1380
 5000/10000 [==============>...............] - ETA: 19s - loss: 2.2692 - accuracy: 0.1422
 5500/10000 [===============>..............] - ETA: 17s - loss: 2.2638 - accuracy: 0.1480
 6000/10000 [=================>............] - ETA: 15s - loss: 2.2556 - accuracy: 0.1500
 6500/10000 [==================>...........] - ETA: 13s - loss: 2.2712 - accuracy: 0.1515
 7000/10000 [====================>.........] - ETA: 11s - loss: 2.2892 - accuracy: 0.1510
 7500/10000 [=====================>........] - ETA: 9s - loss: 2.2962 - accuracy: 0.1549 
 8000/10000 [=======================>......] - ETA: 7s - loss: 2.2936 - accuracy: 0.1562
 8500/10000 [========================>.....] - ETA: 5s - loss: 2.2902 - accuracy: 0.1591
 9000/10000 [==========================>...] - ETA: 3s - loss: 2.3028 - accuracy: 0.1594
 9500/10000 [===========================>..] - ETA: 1s - loss: 2.3122 - accuracy: 0.1588
10000/10000 [==============================] - 39s 4ms/step - loss: 2.3183 - accuracy: 0.1603 - val_loss: 2.3544 - val_accuracy: 0.1820
Epoch 2/5

  500/10000 [>.............................] - ETA: 34s - loss: 2.3501 - accuracy: 0.2000
 1000/10000 [==>...........................] - ETA: 34s - loss: 2.3197 - accuracy: 0.2240
 1500/10000 [===>..........................] - ETA: 32s - loss: 2.3013 - accuracy: 0.2227
 2000/10000 [=====>........................] - ETA: 30s - loss: 2.3289 - accuracy: 0.2220
 2500/10000 [======>.......................] - ETA: 28s - loss: 2.4127 - accuracy: 0.2104
 3000/10000 [========>.....................] - ETA: 26s - loss: 2.5178 - accuracy: 0.2067
 3500/10000 [=========>....................] - ETA: 24s - loss: 2.5315 - accuracy: 0.2109
 4000/10000 [===========>..................] - ETA: 22s - loss: 2.4960 - accuracy: 0.2183
 4500/10000 [============>.................] - ETA: 21s - loss: 2.5343 - accuracy: 0.2167
 5000/10000 [==============>...............] - ETA: 19s - loss: 2.5062 - accuracy: 0.2192
 5500/10000 [===============>..............] - ETA: 17s - loss: 2.4824 - accuracy: 0.2229
 6000/10000 [=================>............] - ETA: 15s - loss: 2.4785 - accuracy: 0.2275
 6500/10000 [==================>...........] - ETA: 13s - loss: 2.4710 - accuracy: 0.2311
 7000/10000 [====================>.........] - ETA: 11s - loss: 2.4490 - accuracy: 0.2380
 7500/10000 [=====================>........] - ETA: 9s - loss: 2.4321 - accuracy: 0.2411 
 8000/10000 [=======================>......] - ETA: 7s - loss: 2.4186 - accuracy: 0.2415
 8500/10000 [========================>.....] - ETA: 5s - loss: 2.4058 - accuracy: 0.2451
 9000/10000 [==========================>...] - ETA: 3s - loss: 2.4195 - accuracy: 0.2443
 9500/10000 [===========================>..] - ETA: 1s - loss: 2.4125 - accuracy: 0.2489
10000/10000 [==============================] - 39s 4ms/step - loss: 2.4033 - accuracy: 0.2512 - val_loss: 2.7539 - val_accuracy: 0.2676
Epoch 3/5

  500/10000 [>.............................] - ETA: 37s - loss: 2.7213 - accuracy: 0.2740
 1000/10000 [==>...........................] - ETA: 34s - loss: 2.6335 - accuracy: 0.2420
 1500/10000 [===>..........................] - ETA: 32s - loss: 2.6303 - accuracy: 0.2507
 2000/10000 [=====>........................] - ETA: 30s - loss: 2.6147 - accuracy: 0.2425
 2500/10000 [======>.......................] - ETA: 29s - loss: 2.5250 - accuracy: 0.2496
 3000/10000 [========>.....................] - ETA: 27s - loss: 2.5128 - accuracy: 0.2420
 3500/10000 [=========>....................] - ETA: 25s - loss: 2.4646 - accuracy: 0.2520
 4000/10000 [===========>..................] - ETA: 23s - loss: 2.4542 - accuracy: 0.2537
 4500/10000 [============>.................] - ETA: 21s - loss: 2.4336 - accuracy: 0.2553
 5000/10000 [==============>...............] - ETA: 19s - loss: 2.4182 - accuracy: 0.2558
 5500/10000 [===============>..............] - ETA: 17s - loss: 2.4083 - accuracy: 0.2562
 6000/10000 [=================>............] - ETA: 15s - loss: 2.3925 - accuracy: 0.2547
 6500/10000 [==================>...........] - ETA: 13s - loss: 2.3694 - accuracy: 0.2558
 7000/10000 [====================>.........] - ETA: 11s - loss: 2.3553 - accuracy: 0.2551
 7500/10000 [=====================>........] - ETA: 9s - loss: 2.3626 - accuracy: 0.2508 
 8000/10000 [=======================>......] - ETA: 7s - loss: 2.3631 - accuracy: 0.2490
 8500/10000 [========================>.....] - ETA: 5s - loss: 2.3658 - accuracy: 0.2453
 9000/10000 [==========================>...] - ETA: 3s - loss: 2.3630 - accuracy: 0.2480
 9500/10000 [===========================>..] - ETA: 1s - loss: 2.3526 - accuracy: 0.2478
10000/10000 [==============================] - 39s 4ms/step - loss: 2.3503 - accuracy: 0.2474 - val_loss: 2.2293 - val_accuracy: 0.2788
Epoch 4/5

  500/10000 [>.............................] - ETA: 36s - loss: 2.1249 - accuracy: 0.3260
 1000/10000 [==>...........................] - ETA: 34s - loss: 2.1344 - accuracy: 0.2970
 1500/10000 [===>..........................] - ETA: 32s - loss: 2.1653 - accuracy: 0.2867
 2000/10000 [=====>........................] - ETA: 30s - loss: 2.1891 - accuracy: 0.2595
 2500/10000 [======>.......................] - ETA: 28s - loss: 2.1859 - accuracy: 0.2556
 3000/10000 [========>.....................] - ETA: 26s - loss: 2.1622 - accuracy: 0.2673
 3500/10000 [=========>....................] - ETA: 24s - loss: 2.1567 - accuracy: 0.2671
 4000/10000 [===========>..................] - ETA: 22s - loss: 2.1816 - accuracy: 0.2630
 4500/10000 [============>.................] - ETA: 21s - loss: 2.1909 - accuracy: 0.2556
 5000/10000 [==============>...............] - ETA: 19s - loss: 2.2005 - accuracy: 0.2522
 5500/10000 [===============>..............] - ETA: 17s - loss: 2.2049 - accuracy: 0.2480
 6000/10000 [=================>............] - ETA: 15s - loss: 2.2012 - accuracy: 0.2475
 6500/10000 [==================>...........] - ETA: 13s - loss: 2.2330 - accuracy: 0.2438
 7000/10000 [====================>.........] - ETA: 11s - loss: 2.2512 - accuracy: 0.2397
 7500/10000 [=====================>........] - ETA: 9s - loss: 2.2550 - accuracy: 0.2344 
 8000/10000 [=======================>......] - ETA: 7s - loss: 2.2535 - accuracy: 0.2306
 8500/10000 [========================>.....] - ETA: 5s - loss: 2.2531 - accuracy: 0.2293
 9000/10000 [==========================>...] - ETA: 3s - loss: 2.2570 - accuracy: 0.2288
 9500/10000 [===========================>..] - ETA: 1s - loss: 2.2548 - accuracy: 0.2280
10000/10000 [==============================] - 38s 4ms/step - loss: 2.2543 - accuracy: 0.2259 - val_loss: 2.2686 - val_accuracy: 0.1608
Epoch 5/5

  500/10000 [>.............................] - ETA: 36s - loss: 2.1209 - accuracy: 0.2280
 1000/10000 [==>...........................] - ETA: 33s - loss: 2.1597 - accuracy: 0.1930
 1500/10000 [===>..........................] - ETA: 32s - loss: 2.1556 - accuracy: 0.2033
 2000/10000 [=====>........................] - ETA: 30s - loss: 2.1734 - accuracy: 0.1985
 2500/10000 [======>.......................] - ETA: 28s - loss: 2.1785 - accuracy: 0.1924
 3000/10000 [========>.....................] - ETA: 26s - loss: 2.1795 - accuracy: 0.1957
 3500/10000 [=========>....................] - ETA: 24s - loss: 2.1955 - accuracy: 0.1960
 4000/10000 [===========>..................] - ETA: 22s - loss: 2.2030 - accuracy: 0.2025
 4500/10000 [============>.................] - ETA: 20s - loss: 2.2056 - accuracy: 0.2071
 5000/10000 [==============>...............] - ETA: 19s - loss: 2.2088 - accuracy: 0.2038
 5500/10000 [===============>..............] - ETA: 17s - loss: 2.2140 - accuracy: 0.2031
 6000/10000 [=================>............] - ETA: 15s - loss: 2.2080 - accuracy: 0.2025
 6500/10000 [==================>...........] - ETA: 13s - loss: 2.2095 - accuracy: 0.2085
 7000/10000 [====================>.........] - ETA: 11s - loss: 2.2085 - accuracy: 0.2073
 7500/10000 [=====================>........] - ETA: 9s - loss: 2.2077 - accuracy: 0.2057 
 8000/10000 [=======================>......] - ETA: 7s - loss: 2.2175 - accuracy: 0.2068
 8500/10000 [========================>.....] - ETA: 5s - loss: 2.2192 - accuracy: 0.2018
 9000/10000 [==========================>...] - ETA: 3s - loss: 2.2207 - accuracy: 0.1988
 9500/10000 [===========================>..] - ETA: 1s - loss: 2.2385 - accuracy: 0.2004
10000/10000 [==============================] - 38s 4ms/step - loss: 2.2407 - accuracy: 0.2011 - val_loss: 2.5656 - val_accuracy: 0.2100
Latency --- 193.44139981269836 seconds ---
For delta=0.000100, the current epsilon is: 1.0774
=====================Iteration========================== 10
For delta=0.000100, the current epsilon is: 1.0774
Noise Mutiplier 2.35
loss= <keras.losses.CategoricalCrossentropy object at 0x101a768850>
in grads Tensor("loss_9/mul:0", shape=(?,), dtype=float32)
Train on 10000 samples, validate on 2500 samples
Epoch 1/5

  500/10000 [>.............................] - ETA: 38s - loss: 2.3083 - accuracy: 0.1140
 1000/10000 [==>...........................] - ETA: 34s - loss: 2.3060 - accuracy: 0.1030
 1500/10000 [===>..........................] - ETA: 32s - loss: 2.3069 - accuracy: 0.1047
 2000/10000 [=====>........................] - ETA: 31s - loss: 2.2998 - accuracy: 0.1150
 2500/10000 [======>.......................] - ETA: 29s - loss: 2.2875 - accuracy: 0.1256
 3000/10000 [========>.....................] - ETA: 27s - loss: 2.2709 - accuracy: 0.1410
 3500/10000 [=========>....................] - ETA: 25s - loss: 2.2628 - accuracy: 0.1443
 4000/10000 [===========>..................] - ETA: 23s - loss: 2.2610 - accuracy: 0.1490
 4500/10000 [============>.................] - ETA: 21s - loss: 2.2574 - accuracy: 0.1482
 5000/10000 [==============>...............] - ETA: 19s - loss: 2.2483 - accuracy: 0.1542
 5500/10000 [===============>..............] - ETA: 17s - loss: 2.2360 - accuracy: 0.1662
 6000/10000 [=================>............] - ETA: 15s - loss: 2.2360 - accuracy: 0.1645
 6500/10000 [==================>...........] - ETA: 13s - loss: 2.2246 - accuracy: 0.1692
 7000/10000 [====================>.........] - ETA: 11s - loss: 2.2201 - accuracy: 0.1739
 7500/10000 [=====================>........] - ETA: 9s - loss: 2.2270 - accuracy: 0.1779 
 8000/10000 [=======================>......] - ETA: 7s - loss: 2.2199 - accuracy: 0.1825
 8500/10000 [========================>.....] - ETA: 5s - loss: 2.2255 - accuracy: 0.1807
 9000/10000 [==========================>...] - ETA: 3s - loss: 2.2487 - accuracy: 0.1799
 9500/10000 [===========================>..] - ETA: 1s - loss: 2.2498 - accuracy: 0.1788
10000/10000 [==============================] - 39s 4ms/step - loss: 2.2561 - accuracy: 0.1807 - val_loss: 2.2581 - val_accuracy: 0.1752
Epoch 2/5

  500/10000 [>.............................] - ETA: 37s - loss: 2.2998 - accuracy: 0.1660
 1000/10000 [==>...........................] - ETA: 35s - loss: 2.2158 - accuracy: 0.2150
 1500/10000 [===>..........................] - ETA: 33s - loss: 2.2747 - accuracy: 0.2053
 2000/10000 [=====>........................] - ETA: 31s - loss: 2.2673 - accuracy: 0.2065
 2500/10000 [======>.......................] - ETA: 29s - loss: 2.2325 - accuracy: 0.2204
 3000/10000 [========>.....................] - ETA: 27s - loss: 2.2611 - accuracy: 0.2177
 3500/10000 [=========>....................] - ETA: 25s - loss: 2.2987 - accuracy: 0.2103
 4000/10000 [===========>..................] - ETA: 23s - loss: 2.3058 - accuracy: 0.2085
 4500/10000 [============>.................] - ETA: 21s - loss: 2.2833 - accuracy: 0.2127
 5000/10000 [==============>...............] - ETA: 19s - loss: 2.2889 - accuracy: 0.2148
 5500/10000 [===============>..............] - ETA: 17s - loss: 2.2794 - accuracy: 0.2153
 6000/10000 [=================>............] - ETA: 15s - loss: 2.2633 - accuracy: 0.2240
 6500/10000 [==================>...........] - ETA: 13s - loss: 2.2473 - accuracy: 0.2314
 7000/10000 [====================>.........] - ETA: 11s - loss: 2.2552 - accuracy: 0.2337
 7500/10000 [=====================>........] - ETA: 9s - loss: 2.2596 - accuracy: 0.2351 
 8000/10000 [=======================>......] - ETA: 7s - loss: 2.2569 - accuracy: 0.2383
 8500/10000 [========================>.....] - ETA: 5s - loss: 2.2543 - accuracy: 0.2412
 9000/10000 [==========================>...] - ETA: 3s - loss: 2.2574 - accuracy: 0.2424
 9500/10000 [===========================>..] - ETA: 1s - loss: 2.2479 - accuracy: 0.2460
10000/10000 [==============================] - 39s 4ms/step - loss: 2.2445 - accuracy: 0.2470 - val_loss: 2.1815 - val_accuracy: 0.2576
Epoch 3/5

  500/10000 [>.............................] - ETA: 38s - loss: 2.1132 - accuracy: 0.2780
 1000/10000 [==>...........................] - ETA: 37s - loss: 2.1264 - accuracy: 0.2600
 1500/10000 [===>..........................] - ETA: 34s - loss: 2.1587 - accuracy: 0.2420
 2000/10000 [=====>........................] - ETA: 31s - loss: 2.1406 - accuracy: 0.2320
 2500/10000 [======>.......................] - ETA: 29s - loss: 2.1793 - accuracy: 0.2368
 3000/10000 [========>.....................] - ETA: 27s - loss: 2.2048 - accuracy: 0.2313
 3500/10000 [=========>....................] - ETA: 25s - loss: 2.2500 - accuracy: 0.2291
 4000/10000 [===========>..................] - ETA: 23s - loss: 2.2455 - accuracy: 0.2240
 4500/10000 [============>.................] - ETA: 21s - loss: 2.2526 - accuracy: 0.2140
 5000/10000 [==============>...............] - ETA: 19s - loss: 2.2547 - accuracy: 0.2088
 5500/10000 [===============>..............] - ETA: 17s - loss: 2.2526 - accuracy: 0.2093
 6000/10000 [=================>............] - ETA: 15s - loss: 2.2749 - accuracy: 0.2088
 6500/10000 [==================>...........] - ETA: 13s - loss: 2.2665 - accuracy: 0.2078
 7000/10000 [====================>.........] - ETA: 11s - loss: 2.2597 - accuracy: 0.2069
 7500/10000 [=====================>........] - ETA: 9s - loss: 2.2607 - accuracy: 0.2109 
 8000/10000 [=======================>......] - ETA: 7s - loss: 2.2517 - accuracy: 0.2146
 8500/10000 [========================>.....] - ETA: 5s - loss: 2.2574 - accuracy: 0.2175
 9000/10000 [==========================>...] - ETA: 3s - loss: 2.2577 - accuracy: 0.2200
 9500/10000 [===========================>..] - ETA: 1s - loss: 2.2535 - accuracy: 0.2209
10000/10000 [==============================] - 39s 4ms/step - loss: 2.2398 - accuracy: 0.2243 - val_loss: 2.3121 - val_accuracy: 0.2624
Epoch 4/5

  500/10000 [>.............................] - ETA: 35s - loss: 2.1298 - accuracy: 0.2900
 1000/10000 [==>...........................] - ETA: 33s - loss: 2.0763 - accuracy: 0.2980
 1500/10000 [===>..........................] - ETA: 32s - loss: 2.0875 - accuracy: 0.3020
 2000/10000 [=====>........................] - ETA: 30s - loss: 2.1516 - accuracy: 0.2945
 2500/10000 [======>.......................] - ETA: 28s - loss: 2.1379 - accuracy: 0.2884
 3000/10000 [========>.....................] - ETA: 26s - loss: 2.1336 - accuracy: 0.2773
 3500/10000 [=========>....................] - ETA: 24s - loss: 2.1163 - accuracy: 0.2746
 4000/10000 [===========>..................] - ETA: 22s - loss: 2.1190 - accuracy: 0.2690
 4500/10000 [============>.................] - ETA: 20s - loss: 2.1141 - accuracy: 0.2638
 5000/10000 [==============>...............] - ETA: 19s - loss: 2.1426 - accuracy: 0.2658
 5500/10000 [===============>..............] - ETA: 17s - loss: 2.1398 - accuracy: 0.2635
 6000/10000 [=================>............] - ETA: 15s - loss: 2.1386 - accuracy: 0.2623
 6500/10000 [==================>...........] - ETA: 13s - loss: 2.1529 - accuracy: 0.2589
 7000/10000 [====================>.........] - ETA: 11s - loss: 2.1641 - accuracy: 0.2567
 7500/10000 [=====================>........] - ETA: 9s - loss: 2.1724 - accuracy: 0.2492 
 8000/10000 [=======================>......] - ETA: 7s - loss: 2.1835 - accuracy: 0.2456
 8500/10000 [========================>.....] - ETA: 5s - loss: 2.1959 - accuracy: 0.2464
 9000/10000 [==========================>...] - ETA: 3s - loss: 2.1987 - accuracy: 0.2463
 9500/10000 [===========================>..] - ETA: 1s - loss: 2.1919 - accuracy: 0.2471
10000/10000 [==============================] - 38s 4ms/step - loss: 2.1843 - accuracy: 0.2499 - val_loss: 2.1604 - val_accuracy: 0.2844
Epoch 5/5

  500/10000 [>.............................] - ETA: 36s - loss: 2.1597 - accuracy: 0.2740
 1000/10000 [==>...........................] - ETA: 34s - loss: 2.0867 - accuracy: 0.2870
 1500/10000 [===>..........................] - ETA: 32s - loss: 2.1388 - accuracy: 0.2827
 2000/10000 [=====>........................] - ETA: 30s - loss: 2.1329 - accuracy: 0.2675
 2500/10000 [======>.......................] - ETA: 28s - loss: 2.1237 - accuracy: 0.2716
 3000/10000 [========>.....................] - ETA: 26s - loss: 2.1261 - accuracy: 0.2740
 3500/10000 [=========>....................] - ETA: 24s - loss: 2.1201 - accuracy: 0.2754
 4000/10000 [===========>..................] - ETA: 22s - loss: 2.0956 - accuracy: 0.2822
 4500/10000 [============>.................] - ETA: 21s - loss: 2.1419 - accuracy: 0.2909
 5000/10000 [==============>...............] - ETA: 19s - loss: 2.1459 - accuracy: 0.2860
 5500/10000 [===============>..............] - ETA: 17s - loss: 2.1764 - accuracy: 0.2816
 6000/10000 [=================>............] - ETA: 15s - loss: 2.2203 - accuracy: 0.2842
 6500/10000 [==================>...........] - ETA: 13s - loss: 2.2514 - accuracy: 0.2805
 7000/10000 [====================>.........] - ETA: 11s - loss: 2.2558 - accuracy: 0.2743
 7500/10000 [=====================>........] - ETA: 9s - loss: 2.2434 - accuracy: 0.2720 
 8000/10000 [=======================>......] - ETA: 7s - loss: 2.2345 - accuracy: 0.2746
 8500/10000 [========================>.....] - ETA: 5s - loss: 2.2205 - accuracy: 0.2742
 9000/10000 [==========================>...] - ETA: 3s - loss: 2.2202 - accuracy: 0.2719
 9500/10000 [===========================>..] - ETA: 1s - loss: 2.2110 - accuracy: 0.2716
10000/10000 [==============================] - 38s 4ms/step - loss: 2.2010 - accuracy: 0.2731 - val_loss: 2.2087 - val_accuracy: 0.2644
Latency --- 194.09032225608826 seconds ---
For delta=0.000100, the current epsilon is: 1.0774
