
=====================ITERATION 1==========================
We are using Tensorflow version 1.15.2
Keras API version: 2.3.1
Noise Mutiplier 0.729
loss= <keras.losses.CategoricalCrossentropy object at 0x1014f0fdd0>

# Evaluate on test data

  500/10000 [>.............................] - ETA: 1s
 1500/10000 [===>..........................] - ETA: 0s
 2500/10000 [======>.......................] - ETA: 0s
 3500/10000 [=========>....................] - ETA: 0s
 4500/10000 [============>.................] - ETA: 0s
 5500/10000 [===============>..............] - ETA: 0s
 6500/10000 [==================>...........] - ETA: 0s
 7500/10000 [=====================>........] - ETA: 0s
 8500/10000 [========================>.....] - ETA: 0s
 9500/10000 [===========================>..] - ETA: 0s
10000/10000 [==============================] - 1s 57us/step
Accuracy: 82.3199987411499
Latency --- 0.6433572769165039 seconds ---
trained with DP
=====================ITERATION 2==========================
We are using Tensorflow version 1.15.2
Keras API version: 2.3.1
Noise Mutiplier 0.729
loss= <keras.losses.CategoricalCrossentropy object at 0x1015e8d150>

# Evaluate on test data

  500/10000 [>.............................] - ETA: 1s
 1500/10000 [===>..........................] - ETA: 0s
 2500/10000 [======>.......................] - ETA: 0s
 3500/10000 [=========>....................] - ETA: 0s
 5000/10000 [==============>...............] - ETA: 0s
 6000/10000 [=================>............] - ETA: 0s
 7000/10000 [====================>.........] - ETA: 0s
 8000/10000 [=======================>......] - ETA: 0s
 9000/10000 [==========================>...] - ETA: 0s
10000/10000 [==============================] - 1s 55us/step
Accuracy: 82.3199987411499
Latency --- 0.621058464050293 seconds ---
trained with DP
=====================ITERATION 3==========================
We are using Tensorflow version 1.15.2
Keras API version: 2.3.1
Noise Mutiplier 0.729
loss= <keras.losses.CategoricalCrossentropy object at 0x10157fe790>

# Evaluate on test data

  500/10000 [>.............................] - ETA: 1s
 1500/10000 [===>..........................] - ETA: 0s
 2500/10000 [======>.......................] - ETA: 0s
 3500/10000 [=========>....................] - ETA: 0s
 5000/10000 [==============>...............] - ETA: 0s
 6000/10000 [=================>............] - ETA: 0s
 7000/10000 [====================>.........] - ETA: 0s
 8000/10000 [=======================>......] - ETA: 0s
 9500/10000 [===========================>..] - ETA: 0s
10000/10000 [==============================] - 1s 55us/step
Accuracy: 82.3199987411499
Latency --- 0.6201093196868896 seconds ---
trained with DP
=====================ITERATION 4==========================
We are using Tensorflow version 1.15.2
Keras API version: 2.3.1
Noise Mutiplier 0.729
loss= <keras.losses.CategoricalCrossentropy object at 0x10151ec490>

# Evaluate on test data

  500/10000 [>.............................] - ETA: 1s
 1500/10000 [===>..........................] - ETA: 0s
 2500/10000 [======>.......................] - ETA: 0s
 3500/10000 [=========>....................] - ETA: 0s
 4500/10000 [============>.................] - ETA: 0s
 5500/10000 [===============>..............] - ETA: 0s
 6500/10000 [==================>...........] - ETA: 0s
 7500/10000 [=====================>........] - ETA: 0s
 8500/10000 [========================>.....] - ETA: 0s
 9500/10000 [===========================>..] - ETA: 0s
10000/10000 [==============================] - 1s 57us/step
Accuracy: 82.3199987411499
Latency --- 0.6401870250701904 seconds ---
trained with DP
=====================ITERATION 5==========================
We are using Tensorflow version 1.15.2
Keras API version: 2.3.1
Noise Mutiplier 0.729
loss= <keras.losses.CategoricalCrossentropy object at 0x10151ec210>

# Evaluate on test data

  500/10000 [>.............................] - ETA: 1s
 1500/10000 [===>..........................] - ETA: 0s
 2500/10000 [======>.......................] - ETA: 0s
 3500/10000 [=========>....................] - ETA: 0s
 4500/10000 [============>.................] - ETA: 0s
 5500/10000 [===============>..............] - ETA: 0s
 6500/10000 [==================>...........] - ETA: 0s
 7500/10000 [=====================>........] - ETA: 0s
 9000/10000 [==========================>...] - ETA: 0s
10000/10000 [==============================] - 1s 56us/step
Accuracy: 82.3199987411499
Latency --- 0.6293320655822754 seconds ---
trained with DP
=====================ITERATION 6==========================
We are using Tensorflow version 1.15.2
Keras API version: 2.3.1
Noise Mutiplier 0.729
loss= <keras.losses.CategoricalCrossentropy object at 0x1014f0fd90>

# Evaluate on test data

  500/10000 [>.............................] - ETA: 1s
 1500/10000 [===>..........................] - ETA: 0s
 2500/10000 [======>.......................] - ETA: 0s
 3500/10000 [=========>....................] - ETA: 0s
 5000/10000 [==============>...............] - ETA: 0s
 6000/10000 [=================>............] - ETA: 0s
 7000/10000 [====================>.........] - ETA: 0s
 8000/10000 [=======================>......] - ETA: 0s
 9500/10000 [===========================>..] - ETA: 0s
10000/10000 [==============================] - 1s 55us/step
Accuracy: 82.3199987411499
Latency --- 0.6208903789520264 seconds ---
trained with DP
=====================ITERATION 7==========================
We are using Tensorflow version 1.15.2
Keras API version: 2.3.1
Noise Mutiplier 0.729
loss= <keras.losses.CategoricalCrossentropy object at 0x1015873190>

# Evaluate on test data

  500/10000 [>.............................] - ETA: 1s
 1500/10000 [===>..........................] - ETA: 0s
 2500/10000 [======>.......................] - ETA: 0s
 3500/10000 [=========>....................] - ETA: 0s
 4500/10000 [============>.................] - ETA: 0s
 5500/10000 [===============>..............] - ETA: 0s
 6500/10000 [==================>...........] - ETA: 0s
 7500/10000 [=====================>........] - ETA: 0s
 8500/10000 [========================>.....] - ETA: 0s
10000/10000 [==============================] - 1s 56us/step
Accuracy: 82.3199987411499
Latency --- 0.6289942264556885 seconds ---
trained with DP
=====================ITERATION 8==========================
We are using Tensorflow version 1.15.2
Keras API version: 2.3.1
Noise Mutiplier 0.729
loss= <keras.losses.CategoricalCrossentropy object at 0x1015ead850>

# Evaluate on test data

  500/10000 [>.............................] - ETA: 1s
 1500/10000 [===>..........................] - ETA: 0s
 2500/10000 [======>.......................] - ETA: 0s
 3500/10000 [=========>....................] - ETA: 0s
 4500/10000 [============>.................] - ETA: 0s
 5500/10000 [===============>..............] - ETA: 0s
 6500/10000 [==================>...........] - ETA: 0s
 7500/10000 [=====================>........] - ETA: 0s
 9000/10000 [==========================>...] - ETA: 0s
10000/10000 [==============================] - 1s 56us/step
Accuracy: 82.3199987411499
Latency --- 0.6312134265899658 seconds ---
trained with DP
=====================ITERATION 9==========================
We are using Tensorflow version 1.15.2
Keras API version: 2.3.1
Noise Mutiplier 0.729
loss= <keras.losses.CategoricalCrossentropy object at 0x1015ead950>

# Evaluate on test data

  500/10000 [>.............................] - ETA: 1s
 1500/10000 [===>..........................] - ETA: 0s
 2500/10000 [======>.......................] - ETA: 0s
 3500/10000 [=========>....................] - ETA: 0s
 4500/10000 [============>.................] - ETA: 0s
 5500/10000 [===============>..............] - ETA: 0s
 6500/10000 [==================>...........] - ETA: 0s
 7500/10000 [=====================>........] - ETA: 0s
 8500/10000 [========================>.....] - ETA: 0s
 9500/10000 [===========================>..] - ETA: 0s
10000/10000 [==============================] - 1s 56us/step
Accuracy: 82.3199987411499
Latency --- 0.6368861198425293 seconds ---
trained with DP
=====================ITERATION 10==========================
We are using Tensorflow version 1.15.2
Keras API version: 2.3.1
Noise Mutiplier 0.729
loss= <keras.losses.CategoricalCrossentropy object at 0x1015390c50>

# Evaluate on test data

  500/10000 [>.............................] - ETA: 1s
 1500/10000 [===>..........................] - ETA: 0s
 2500/10000 [======>.......................] - ETA: 0s
 3500/10000 [=========>....................] - ETA: 0s
 5000/10000 [==============>...............] - ETA: 0s
 6000/10000 [=================>............] - ETA: 0s
 7000/10000 [====================>.........] - ETA: 0s
 8000/10000 [=======================>......] - ETA: 0s
 9500/10000 [===========================>..] - ETA: 0s
10000/10000 [==============================] - 1s 55us/step
Accuracy: 82.3199987411499
Latency --- 0.6196231842041016 seconds ---
trained with DP
