We are using Tensorflow version 1.15.2
Keras API version: 2.3.1
=====================Iteration========================== 1
For delta=0.000100, the current epsilon is: 8.0198
Noise Mutiplier 0.729
loss= <keras.losses.CategoricalCrossentropy object at 0x101733d450>
in grads Tensor("loss/mul:0", shape=(?,), dtype=float32)
Train on 10000 samples, validate on 2500 samples
Epoch 1/5

  500/10000 [>.............................] - ETA: 39s - loss: 2.3268 - accuracy: 0.0840
 1000/10000 [==>...........................] - ETA: 35s - loss: 2.3032 - accuracy: 0.1250
 1500/10000 [===>..........................] - ETA: 33s - loss: 2.2875 - accuracy: 0.1447
 2000/10000 [=====>........................] - ETA: 31s - loss: 2.2716 - accuracy: 0.1660
 2500/10000 [======>.......................] - ETA: 29s - loss: 2.2550 - accuracy: 0.1604
 3000/10000 [========>.....................] - ETA: 27s - loss: 2.2420 - accuracy: 0.1843
 3500/10000 [=========>....................] - ETA: 25s - loss: 2.2252 - accuracy: 0.1909
 4000/10000 [===========>..................] - ETA: 23s - loss: 2.2076 - accuracy: 0.2005
 4500/10000 [============>.................] - ETA: 21s - loss: 2.1864 - accuracy: 0.2156
 5000/10000 [==============>...............] - ETA: 19s - loss: 2.1769 - accuracy: 0.2206
 5500/10000 [===============>..............] - ETA: 17s - loss: 2.1676 - accuracy: 0.2227
 6000/10000 [=================>............] - ETA: 15s - loss: 2.1502 - accuracy: 0.2280
 6500/10000 [==================>...........] - ETA: 13s - loss: 2.1362 - accuracy: 0.2352
 7000/10000 [====================>.........] - ETA: 11s - loss: 2.1227 - accuracy: 0.2399
 7500/10000 [=====================>........] - ETA: 9s - loss: 2.1049 - accuracy: 0.2481 
 8000/10000 [=======================>......] - ETA: 7s - loss: 2.0935 - accuracy: 0.2517
 8500/10000 [========================>.....] - ETA: 5s - loss: 2.0809 - accuracy: 0.2564
 9000/10000 [==========================>...] - ETA: 3s - loss: 2.0675 - accuracy: 0.2609
 9500/10000 [===========================>..] - ETA: 1s - loss: 2.0500 - accuracy: 0.2723
10000/10000 [==============================] - 39s 4ms/step - loss: 2.0285 - accuracy: 0.2827 - val_loss: 1.7744 - val_accuracy: 0.4264
Epoch 2/5

  500/10000 [>.............................] - ETA: 35s - loss: 1.6633 - accuracy: 0.4860
 1000/10000 [==>...........................] - ETA: 34s - loss: 1.7038 - accuracy: 0.4270
 1500/10000 [===>..........................] - ETA: 32s - loss: 1.6460 - accuracy: 0.4300
 2000/10000 [=====>........................] - ETA: 30s - loss: 1.6302 - accuracy: 0.4405
 2500/10000 [======>.......................] - ETA: 28s - loss: 1.6093 - accuracy: 0.4416
 3000/10000 [========>.....................] - ETA: 26s - loss: 1.6224 - accuracy: 0.4317
 3500/10000 [=========>....................] - ETA: 24s - loss: 1.6021 - accuracy: 0.4429
 4000/10000 [===========>..................] - ETA: 23s - loss: 1.5806 - accuracy: 0.4425
 4500/10000 [============>.................] - ETA: 21s - loss: 1.5607 - accuracy: 0.4520
 5000/10000 [==============>...............] - ETA: 19s - loss: 1.5513 - accuracy: 0.4546
 5500/10000 [===============>..............] - ETA: 17s - loss: 1.5268 - accuracy: 0.4627
 6000/10000 [=================>............] - ETA: 15s - loss: 1.5206 - accuracy: 0.4668
 6500/10000 [==================>...........] - ETA: 13s - loss: 1.4993 - accuracy: 0.4723
 7000/10000 [====================>.........] - ETA: 11s - loss: 1.4792 - accuracy: 0.4791
 7500/10000 [=====================>........] - ETA: 9s - loss: 1.4603 - accuracy: 0.4849 
 8000/10000 [=======================>......] - ETA: 7s - loss: 1.4534 - accuracy: 0.4844
 8500/10000 [========================>.....] - ETA: 5s - loss: 1.4322 - accuracy: 0.4939
 9000/10000 [==========================>...] - ETA: 3s - loss: 1.4110 - accuracy: 0.5036
 9500/10000 [===========================>..] - ETA: 1s - loss: 1.3953 - accuracy: 0.5092
10000/10000 [==============================] - 39s 4ms/step - loss: 1.3814 - accuracy: 0.5155 - val_loss: 1.2052 - val_accuracy: 0.5792
Epoch 3/5

  500/10000 [>.............................] - ETA: 35s - loss: 1.0700 - accuracy: 0.6340
 1000/10000 [==>...........................] - ETA: 34s - loss: 1.0819 - accuracy: 0.6390
 1500/10000 [===>..........................] - ETA: 32s - loss: 1.0210 - accuracy: 0.6613
 2000/10000 [=====>........................] - ETA: 31s - loss: 1.0318 - accuracy: 0.6535
 2500/10000 [======>.......................] - ETA: 29s - loss: 1.0426 - accuracy: 0.6504
 3000/10000 [========>.....................] - ETA: 27s - loss: 1.0380 - accuracy: 0.6510
 3500/10000 [=========>....................] - ETA: 25s - loss: 1.0241 - accuracy: 0.6534
 4000/10000 [===========>..................] - ETA: 23s - loss: 1.0030 - accuracy: 0.6630
 4500/10000 [============>.................] - ETA: 21s - loss: 1.0037 - accuracy: 0.6620
 5000/10000 [==============>...............] - ETA: 19s - loss: 0.9978 - accuracy: 0.6646
 5500/10000 [===============>..............] - ETA: 17s - loss: 0.9811 - accuracy: 0.6695
 6000/10000 [=================>............] - ETA: 15s - loss: 0.9640 - accuracy: 0.6738
 6500/10000 [==================>...........] - ETA: 13s - loss: 0.9644 - accuracy: 0.6723
 7000/10000 [====================>.........] - ETA: 11s - loss: 0.9533 - accuracy: 0.6763
 7500/10000 [=====================>........] - ETA: 9s - loss: 0.9506 - accuracy: 0.6799 
 8000/10000 [=======================>......] - ETA: 7s - loss: 0.9440 - accuracy: 0.6800
 8500/10000 [========================>.....] - ETA: 5s - loss: 0.9367 - accuracy: 0.6822
 9000/10000 [==========================>...] - ETA: 3s - loss: 0.9307 - accuracy: 0.6857
 9500/10000 [===========================>..] - ETA: 1s - loss: 0.9178 - accuracy: 0.6900
10000/10000 [==============================] - 39s 4ms/step - loss: 0.9109 - accuracy: 0.6910 - val_loss: 0.9991 - val_accuracy: 0.6524
Epoch 4/5

  500/10000 [>.............................] - ETA: 37s - loss: 0.9026 - accuracy: 0.6720
 1000/10000 [==>...........................] - ETA: 34s - loss: 0.8736 - accuracy: 0.7020
 1500/10000 [===>..........................] - ETA: 32s - loss: 0.8201 - accuracy: 0.7200
 2000/10000 [=====>........................] - ETA: 30s - loss: 0.7961 - accuracy: 0.7305
 2500/10000 [======>.......................] - ETA: 28s - loss: 0.7771 - accuracy: 0.7380
 3000/10000 [========>.....................] - ETA: 26s - loss: 0.7429 - accuracy: 0.7553
 3500/10000 [=========>....................] - ETA: 24s - loss: 0.7324 - accuracy: 0.7554
 4000/10000 [===========>..................] - ETA: 22s - loss: 0.7385 - accuracy: 0.7577
 4500/10000 [============>.................] - ETA: 21s - loss: 0.7261 - accuracy: 0.7631
 5000/10000 [==============>...............] - ETA: 19s - loss: 0.7301 - accuracy: 0.7630
 5500/10000 [===============>..............] - ETA: 17s - loss: 0.7411 - accuracy: 0.7576
 6000/10000 [=================>............] - ETA: 15s - loss: 0.7389 - accuracy: 0.7583
 6500/10000 [==================>...........] - ETA: 13s - loss: 0.7391 - accuracy: 0.7562
 7000/10000 [====================>.........] - ETA: 11s - loss: 0.7414 - accuracy: 0.7550
 7500/10000 [=====================>........] - ETA: 9s - loss: 0.7347 - accuracy: 0.7579 
 8000/10000 [=======================>......] - ETA: 7s - loss: 0.7264 - accuracy: 0.7606
 8500/10000 [========================>.....] - ETA: 5s - loss: 0.7262 - accuracy: 0.7596
 9000/10000 [==========================>...] - ETA: 3s - loss: 0.7196 - accuracy: 0.7626
 9500/10000 [===========================>..] - ETA: 1s - loss: 0.7197 - accuracy: 0.7608
10000/10000 [==============================] - 38s 4ms/step - loss: 0.7091 - accuracy: 0.7654 - val_loss: 0.8659 - val_accuracy: 0.7144
Epoch 5/5

  500/10000 [>.............................] - ETA: 36s - loss: 0.7347 - accuracy: 0.7700
 1000/10000 [==>...........................] - ETA: 35s - loss: 0.6442 - accuracy: 0.8030
 1500/10000 [===>..........................] - ETA: 32s - loss: 0.5897 - accuracy: 0.8227
 2000/10000 [=====>........................] - ETA: 30s - loss: 0.5854 - accuracy: 0.8245
 2500/10000 [======>.......................] - ETA: 28s - loss: 0.5785 - accuracy: 0.8212
 3000/10000 [========>.....................] - ETA: 26s - loss: 0.5722 - accuracy: 0.8200
 3500/10000 [=========>....................] - ETA: 24s - loss: 0.5843 - accuracy: 0.8126
 4000/10000 [===========>..................] - ETA: 22s - loss: 0.5745 - accuracy: 0.8163
 4500/10000 [============>.................] - ETA: 21s - loss: 0.5679 - accuracy: 0.8169
 5000/10000 [==============>...............] - ETA: 19s - loss: 0.5587 - accuracy: 0.8196
 5500/10000 [===============>..............] - ETA: 17s - loss: 0.5629 - accuracy: 0.8189
 6000/10000 [=================>............] - ETA: 15s - loss: 0.5620 - accuracy: 0.8198
 6500/10000 [==================>...........] - ETA: 13s - loss: 0.5539 - accuracy: 0.8222
 7000/10000 [====================>.........] - ETA: 11s - loss: 0.5489 - accuracy: 0.8220
 7500/10000 [=====================>........] - ETA: 9s - loss: 0.5454 - accuracy: 0.8225 
 8000/10000 [=======================>......] - ETA: 7s - loss: 0.5425 - accuracy: 0.8250
 8500/10000 [========================>.....] - ETA: 5s - loss: 0.5421 - accuracy: 0.8256
 9000/10000 [==========================>...] - ETA: 3s - loss: 0.5440 - accuracy: 0.8246
 9500/10000 [===========================>..] - ETA: 1s - loss: 0.5453 - accuracy: 0.8232
10000/10000 [==============================] - 39s 4ms/step - loss: 0.5460 - accuracy: 0.8221 - val_loss: 0.6839 - val_accuracy: 0.7664
Latency --- 193.9972219467163 seconds ---
For delta=0.000100, the current epsilon is: 8.0198
Saving model with new accuracy, previous accuracy was 0 and present is 0.8220999836921692
Saved model to disk
=====================Iteration========================== 2
For delta=0.000100, the current epsilon is: 8.0198
Noise Mutiplier 0.729
loss= <keras.losses.CategoricalCrossentropy object at 0x10195f7790>
in grads Tensor("loss_1/mul:0", shape=(?,), dtype=float32)
Train on 10000 samples, validate on 2500 samples
Epoch 1/5

  500/10000 [>.............................] - ETA: 36s - loss: 2.3101 - accuracy: 0.0980
 1000/10000 [==>...........................] - ETA: 34s - loss: 2.3059 - accuracy: 0.0920
 1500/10000 [===>..........................] - ETA: 32s - loss: 2.2940 - accuracy: 0.1187
 2000/10000 [=====>........................] - ETA: 31s - loss: 2.2822 - accuracy: 0.1290
 2500/10000 [======>.......................] - ETA: 28s - loss: 2.2735 - accuracy: 0.1420
 3000/10000 [========>.....................] - ETA: 27s - loss: 2.2612 - accuracy: 0.1883
 3500/10000 [=========>....................] - ETA: 25s - loss: 2.2470 - accuracy: 0.1983
 4000/10000 [===========>..................] - ETA: 23s - loss: 2.2327 - accuracy: 0.2170
 4500/10000 [============>.................] - ETA: 21s - loss: 2.2226 - accuracy: 0.2191
 5000/10000 [==============>...............] - ETA: 19s - loss: 2.2075 - accuracy: 0.2340
 5500/10000 [===============>..............] - ETA: 17s - loss: 2.1873 - accuracy: 0.2553
 6000/10000 [=================>............] - ETA: 15s - loss: 2.1625 - accuracy: 0.2760
 6500/10000 [==================>...........] - ETA: 13s - loss: 2.1413 - accuracy: 0.2828
 7000/10000 [====================>.........] - ETA: 11s - loss: 2.1199 - accuracy: 0.2896
 7500/10000 [=====================>........] - ETA: 9s - loss: 2.0970 - accuracy: 0.3001 
 8000/10000 [=======================>......] - ETA: 7s - loss: 2.0732 - accuracy: 0.3135
 8500/10000 [========================>.....] - ETA: 5s - loss: 2.0481 - accuracy: 0.3234
 9000/10000 [==========================>...] - ETA: 3s - loss: 2.0270 - accuracy: 0.3313
 9500/10000 [===========================>..] - ETA: 1s - loss: 1.9995 - accuracy: 0.3447
10000/10000 [==============================] - 39s 4ms/step - loss: 1.9691 - accuracy: 0.3617 - val_loss: 1.6088 - val_accuracy: 0.5272
Epoch 2/5

  500/10000 [>.............................] - ETA: 37s - loss: 1.4821 - accuracy: 0.5900
 1000/10000 [==>...........................] - ETA: 35s - loss: 1.4533 - accuracy: 0.5910
 1500/10000 [===>..........................] - ETA: 32s - loss: 1.4476 - accuracy: 0.5880
 2000/10000 [=====>........................] - ETA: 30s - loss: 1.4275 - accuracy: 0.5715
 2500/10000 [======>.......................] - ETA: 29s - loss: 1.4043 - accuracy: 0.5816
 3000/10000 [========>.....................] - ETA: 27s - loss: 1.4364 - accuracy: 0.5563
 3500/10000 [=========>....................] - ETA: 25s - loss: 1.4278 - accuracy: 0.5654
 4000/10000 [===========>..................] - ETA: 23s - loss: 1.4146 - accuracy: 0.5757
 4500/10000 [============>.................] - ETA: 21s - loss: 1.3965 - accuracy: 0.5849
 5000/10000 [==============>...............] - ETA: 19s - loss: 1.3921 - accuracy: 0.5906
 5500/10000 [===============>..............] - ETA: 17s - loss: 1.3734 - accuracy: 0.5936
 6000/10000 [=================>............] - ETA: 15s - loss: 1.3522 - accuracy: 0.5978
 6500/10000 [==================>...........] - ETA: 13s - loss: 1.3331 - accuracy: 0.6048
 7000/10000 [====================>.........] - ETA: 11s - loss: 1.3290 - accuracy: 0.6006
 7500/10000 [=====================>........] - ETA: 9s - loss: 1.3174 - accuracy: 0.6064 
 8000/10000 [=======================>......] - ETA: 7s - loss: 1.3031 - accuracy: 0.6101
 8500/10000 [========================>.....] - ETA: 5s - loss: 1.2994 - accuracy: 0.6093
 9000/10000 [==========================>...] - ETA: 3s - loss: 1.2968 - accuracy: 0.6081
 9500/10000 [===========================>..] - ETA: 1s - loss: 1.2886 - accuracy: 0.6077
10000/10000 [==============================] - 39s 4ms/step - loss: 1.2763 - accuracy: 0.6133 - val_loss: 1.0108 - val_accuracy: 0.6956
Epoch 3/5

  500/10000 [>.............................] - ETA: 35s - loss: 0.8904 - accuracy: 0.7420
 1000/10000 [==>...........................] - ETA: 33s - loss: 0.8469 - accuracy: 0.7340
 1500/10000 [===>..........................] - ETA: 32s - loss: 0.9065 - accuracy: 0.7233
 2000/10000 [=====>........................] - ETA: 30s - loss: 0.9161 - accuracy: 0.7205
 2500/10000 [======>.......................] - ETA: 28s - loss: 0.9378 - accuracy: 0.7100
 3000/10000 [========>.....................] - ETA: 26s - loss: 0.9293 - accuracy: 0.7153
 3500/10000 [=========>....................] - ETA: 24s - loss: 0.9179 - accuracy: 0.7134
 4000/10000 [===========>..................] - ETA: 23s - loss: 0.9185 - accuracy: 0.7155
 4500/10000 [============>.................] - ETA: 21s - loss: 0.9135 - accuracy: 0.7171
 5000/10000 [==============>...............] - ETA: 19s - loss: 0.9243 - accuracy: 0.7122
 5500/10000 [===============>..............] - ETA: 17s - loss: 0.9158 - accuracy: 0.7140
 6000/10000 [=================>............] - ETA: 15s - loss: 0.9139 - accuracy: 0.7147
 6500/10000 [==================>...........] - ETA: 13s - loss: 0.9125 - accuracy: 0.7160
 7000/10000 [====================>.........] - ETA: 11s - loss: 0.9040 - accuracy: 0.7186
 7500/10000 [=====================>........] - ETA: 9s - loss: 0.9033 - accuracy: 0.7185 
 8000/10000 [=======================>......] - ETA: 7s - loss: 0.8912 - accuracy: 0.7232
 8500/10000 [========================>.....] - ETA: 5s - loss: 0.8859 - accuracy: 0.7238
 9000/10000 [==========================>...] - ETA: 3s - loss: 0.8736 - accuracy: 0.7287
 9500/10000 [===========================>..] - ETA: 1s - loss: 0.8677 - accuracy: 0.7283
10000/10000 [==============================] - 39s 4ms/step - loss: 0.8589 - accuracy: 0.7315 - val_loss: 1.0877 - val_accuracy: 0.6400
Epoch 4/5

  500/10000 [>.............................] - ETA: 36s - loss: 0.9279 - accuracy: 0.6920
 1000/10000 [==>...........................] - ETA: 34s - loss: 0.9004 - accuracy: 0.7150
 1500/10000 [===>..........................] - ETA: 32s - loss: 0.8256 - accuracy: 0.7453
 2000/10000 [=====>........................] - ETA: 30s - loss: 0.8357 - accuracy: 0.7315
 2500/10000 [======>.......................] - ETA: 28s - loss: 0.8293 - accuracy: 0.7404
 3000/10000 [========>.....................] - ETA: 26s - loss: 0.8153 - accuracy: 0.7430
 3500/10000 [=========>....................] - ETA: 25s - loss: 0.7943 - accuracy: 0.7486
 4000/10000 [===========>..................] - ETA: 23s - loss: 0.7709 - accuracy: 0.7582
 4500/10000 [============>.................] - ETA: 21s - loss: 0.7461 - accuracy: 0.7673
 5000/10000 [==============>...............] - ETA: 19s - loss: 0.7404 - accuracy: 0.7686
 5500/10000 [===============>..............] - ETA: 17s - loss: 0.7356 - accuracy: 0.7695
 6000/10000 [=================>............] - ETA: 15s - loss: 0.7314 - accuracy: 0.7695
 6500/10000 [==================>...........] - ETA: 13s - loss: 0.7212 - accuracy: 0.7726
 7000/10000 [====================>.........] - ETA: 11s - loss: 0.7141 - accuracy: 0.7737
 7500/10000 [=====================>........] - ETA: 9s - loss: 0.7155 - accuracy: 0.7756 
 8000/10000 [=======================>......] - ETA: 7s - loss: 0.7121 - accuracy: 0.7757
 8500/10000 [========================>.....] - ETA: 5s - loss: 0.7075 - accuracy: 0.7769
 9000/10000 [==========================>...] - ETA: 3s - loss: 0.7030 - accuracy: 0.7778
 9500/10000 [===========================>..] - ETA: 1s - loss: 0.6974 - accuracy: 0.7791
10000/10000 [==============================] - 39s 4ms/step - loss: 0.6889 - accuracy: 0.7816 - val_loss: 0.6291 - val_accuracy: 0.7960
Epoch 5/5

  500/10000 [>.............................] - ETA: 35s - loss: 0.5148 - accuracy: 0.8420
 1000/10000 [==>...........................] - ETA: 34s - loss: 0.5174 - accuracy: 0.8400
 1500/10000 [===>..........................] - ETA: 32s - loss: 0.5145 - accuracy: 0.8393
 2000/10000 [=====>........................] - ETA: 30s - loss: 0.5271 - accuracy: 0.8385
 2500/10000 [======>.......................] - ETA: 28s - loss: 0.5299 - accuracy: 0.8332
 3000/10000 [========>.....................] - ETA: 26s - loss: 0.5223 - accuracy: 0.8333
 3500/10000 [=========>....................] - ETA: 24s - loss: 0.5288 - accuracy: 0.8346
 4000/10000 [===========>..................] - ETA: 22s - loss: 0.5393 - accuracy: 0.8315
 4500/10000 [============>.................] - ETA: 21s - loss: 0.5541 - accuracy: 0.8302
 5000/10000 [==============>...............] - ETA: 19s - loss: 0.5483 - accuracy: 0.8318
 5500/10000 [===============>..............] - ETA: 17s - loss: 0.5651 - accuracy: 0.8273
 6000/10000 [=================>............] - ETA: 15s - loss: 0.5581 - accuracy: 0.8277
 6500/10000 [==================>...........] - ETA: 13s - loss: 0.5613 - accuracy: 0.8257
 7000/10000 [====================>.........] - ETA: 11s - loss: 0.5682 - accuracy: 0.8217
 7500/10000 [=====================>........] - ETA: 9s - loss: 0.5708 - accuracy: 0.8220 
 8000/10000 [=======================>......] - ETA: 7s - loss: 0.5655 - accuracy: 0.8240
 8500/10000 [========================>.....] - ETA: 5s - loss: 0.5623 - accuracy: 0.8246
 9000/10000 [==========================>...] - ETA: 3s - loss: 0.5599 - accuracy: 0.8251
 9500/10000 [===========================>..] - ETA: 1s - loss: 0.5582 - accuracy: 0.8253
10000/10000 [==============================] - 39s 4ms/step - loss: 0.5588 - accuracy: 0.8246 - val_loss: 0.6705 - val_accuracy: 0.7844
Latency --- 194.42728519439697 seconds ---
For delta=0.000100, the current epsilon is: 8.0198
Saving model with new accuracy, previous accuracy was 0.8220999836921692 and present is 0.8245999813079834
Saved model to disk
=====================Iteration========================== 3
For delta=0.000100, the current epsilon is: 8.0198
Noise Mutiplier 0.729
loss= <keras.losses.CategoricalCrossentropy object at 0x101975e1d0>
in grads Tensor("loss_2/mul:0", shape=(?,), dtype=float32)
Train on 10000 samples, validate on 2500 samples
Epoch 1/5

  500/10000 [>.............................] - ETA: 38s - loss: 2.2921 - accuracy: 0.1580
 1000/10000 [==>...........................] - ETA: 35s - loss: 2.2841 - accuracy: 0.1530
 1500/10000 [===>..........................] - ETA: 34s - loss: 2.2741 - accuracy: 0.1593
 2000/10000 [=====>........................] - ETA: 31s - loss: 2.2660 - accuracy: 0.1785
 2500/10000 [======>.......................] - ETA: 29s - loss: 2.2534 - accuracy: 0.1808
 3000/10000 [========>.....................] - ETA: 27s - loss: 2.2392 - accuracy: 0.2060
 3500/10000 [=========>....................] - ETA: 25s - loss: 2.2209 - accuracy: 0.2166
 4000/10000 [===========>..................] - ETA: 23s - loss: 2.2075 - accuracy: 0.2192
 4500/10000 [============>.................] - ETA: 21s - loss: 2.1993 - accuracy: 0.2151
 5000/10000 [==============>...............] - ETA: 19s - loss: 2.1880 - accuracy: 0.2164
 5500/10000 [===============>..............] - ETA: 17s - loss: 2.1710 - accuracy: 0.2287
 6000/10000 [=================>............] - ETA: 15s - loss: 2.1505 - accuracy: 0.2443
 6500/10000 [==================>...........] - ETA: 13s - loss: 2.1310 - accuracy: 0.2557
 7000/10000 [====================>.........] - ETA: 11s - loss: 2.1105 - accuracy: 0.2679
 7500/10000 [=====================>........] - ETA: 9s - loss: 2.0951 - accuracy: 0.2724 
 8000/10000 [=======================>......] - ETA: 7s - loss: 2.0790 - accuracy: 0.2774
 8500/10000 [========================>.....] - ETA: 5s - loss: 2.0582 - accuracy: 0.2864
 9000/10000 [==========================>...] - ETA: 3s - loss: 2.0442 - accuracy: 0.2880
 9500/10000 [===========================>..] - ETA: 1s - loss: 2.0256 - accuracy: 0.2961
10000/10000 [==============================] - 39s 4ms/step - loss: 2.0066 - accuracy: 0.3032 - val_loss: 1.6482 - val_accuracy: 0.5372
Epoch 2/5

  500/10000 [>.............................] - ETA: 36s - loss: 1.6098 - accuracy: 0.5140
 1000/10000 [==>...........................] - ETA: 33s - loss: 1.5623 - accuracy: 0.5170
 1500/10000 [===>..........................] - ETA: 32s - loss: 1.5331 - accuracy: 0.5313
 2000/10000 [=====>........................] - ETA: 30s - loss: 1.4901 - accuracy: 0.5460
 2500/10000 [======>.......................] - ETA: 28s - loss: 1.4809 - accuracy: 0.5528
 3000/10000 [========>.....................] - ETA: 26s - loss: 1.4445 - accuracy: 0.5723
 3500/10000 [=========>....................] - ETA: 24s - loss: 1.4376 - accuracy: 0.5763
 4000/10000 [===========>..................] - ETA: 22s - loss: 1.4475 - accuracy: 0.5573
 4500/10000 [============>.................] - ETA: 21s - loss: 1.4420 - accuracy: 0.5558
 5000/10000 [==============>...............] - ETA: 19s - loss: 1.4238 - accuracy: 0.5590
 5500/10000 [===============>..............] - ETA: 17s - loss: 1.4155 - accuracy: 0.5578
 6000/10000 [=================>............] - ETA: 15s - loss: 1.3986 - accuracy: 0.5633
 6500/10000 [==================>...........] - ETA: 13s - loss: 1.3813 - accuracy: 0.5703
 7000/10000 [====================>.........] - ETA: 11s - loss: 1.3742 - accuracy: 0.5701
 7500/10000 [=====================>........] - ETA: 9s - loss: 1.3524 - accuracy: 0.5785 
 8000/10000 [=======================>......] - ETA: 7s - loss: 1.3409 - accuracy: 0.5816
 8500/10000 [========================>.....] - ETA: 5s - loss: 1.3393 - accuracy: 0.5805
 9000/10000 [==========================>...] - ETA: 3s - loss: 1.3332 - accuracy: 0.5792
 9500/10000 [===========================>..] - ETA: 1s - loss: 1.3205 - accuracy: 0.5835
10000/10000 [==============================] - 38s 4ms/step - loss: 1.3065 - accuracy: 0.5872 - val_loss: 1.2280 - val_accuracy: 0.5940
Epoch 3/5

  500/10000 [>.............................] - ETA: 36s - loss: 1.0859 - accuracy: 0.6640
 1000/10000 [==>...........................] - ETA: 34s - loss: 1.0470 - accuracy: 0.6670
 1500/10000 [===>..........................] - ETA: 32s - loss: 1.0527 - accuracy: 0.6633
 2000/10000 [=====>........................] - ETA: 30s - loss: 1.0944 - accuracy: 0.6405
 2500/10000 [======>.......................] - ETA: 28s - loss: 1.1024 - accuracy: 0.6324
 3000/10000 [========>.....................] - ETA: 26s - loss: 1.0758 - accuracy: 0.6410
 3500/10000 [=========>....................] - ETA: 24s - loss: 1.0779 - accuracy: 0.6383
 4000/10000 [===========>..................] - ETA: 22s - loss: 1.0443 - accuracy: 0.6518
 4500/10000 [============>.................] - ETA: 21s - loss: 1.0147 - accuracy: 0.6656
 5000/10000 [==============>...............] - ETA: 19s - loss: 1.0105 - accuracy: 0.6680
 5500/10000 [===============>..............] - ETA: 17s - loss: 0.9997 - accuracy: 0.6707
 6000/10000 [=================>............] - ETA: 15s - loss: 0.9908 - accuracy: 0.6743
 6500/10000 [==================>...........] - ETA: 13s - loss: 0.9720 - accuracy: 0.6805
 7000/10000 [====================>.........] - ETA: 11s - loss: 0.9613 - accuracy: 0.6846
 7500/10000 [=====================>........] - ETA: 9s - loss: 0.9456 - accuracy: 0.6923 
 8000/10000 [=======================>......] - ETA: 7s - loss: 0.9313 - accuracy: 0.6967
 8500/10000 [========================>.....] - ETA: 5s - loss: 0.9232 - accuracy: 0.6993
 9000/10000 [==========================>...] - ETA: 3s - loss: 0.9153 - accuracy: 0.7010
 9500/10000 [===========================>..] - ETA: 1s - loss: 0.9047 - accuracy: 0.7058
10000/10000 [==============================] - 39s 4ms/step - loss: 0.8919 - accuracy: 0.7094 - val_loss: 0.8002 - val_accuracy: 0.7444
Epoch 4/5

  500/10000 [>.............................] - ETA: 36s - loss: 0.6392 - accuracy: 0.8340
 1000/10000 [==>...........................] - ETA: 34s - loss: 0.6485 - accuracy: 0.8110
 1500/10000 [===>..........................] - ETA: 33s - loss: 0.6668 - accuracy: 0.8027
 2000/10000 [=====>........................] - ETA: 31s - loss: 0.6541 - accuracy: 0.8105
 2500/10000 [======>.......................] - ETA: 29s - loss: 0.6619 - accuracy: 0.8020
 3000/10000 [========>.....................] - ETA: 27s - loss: 0.6817 - accuracy: 0.7910
 3500/10000 [=========>....................] - ETA: 25s - loss: 0.6951 - accuracy: 0.7829
 4000/10000 [===========>..................] - ETA: 23s - loss: 0.7003 - accuracy: 0.7793
 4500/10000 [============>.................] - ETA: 21s - loss: 0.6928 - accuracy: 0.7796
 5000/10000 [==============>...............] - ETA: 19s - loss: 0.6980 - accuracy: 0.7774
 5500/10000 [===============>..............] - ETA: 17s - loss: 0.6929 - accuracy: 0.7773
 6000/10000 [=================>............] - ETA: 15s - loss: 0.7014 - accuracy: 0.7745
 6500/10000 [==================>...........] - ETA: 13s - loss: 0.6963 - accuracy: 0.7738
 7000/10000 [====================>.........] - ETA: 11s - loss: 0.6968 - accuracy: 0.7727
 7500/10000 [=====================>........] - ETA: 9s - loss: 0.6845 - accuracy: 0.7751 
 8000/10000 [=======================>......] - ETA: 7s - loss: 0.6834 - accuracy: 0.7756
 8500/10000 [========================>.....] - ETA: 5s - loss: 0.6783 - accuracy: 0.7760
 9000/10000 [==========================>...] - ETA: 3s - loss: 0.6763 - accuracy: 0.7770
 9500/10000 [===========================>..] - ETA: 1s - loss: 0.6706 - accuracy: 0.7803
10000/10000 [==============================] - 39s 4ms/step - loss: 0.6671 - accuracy: 0.7813 - val_loss: 0.6170 - val_accuracy: 0.8028
Epoch 5/5

  500/10000 [>.............................] - ETA: 35s - loss: 0.5855 - accuracy: 0.8160
 1000/10000 [==>...........................] - ETA: 34s - loss: 0.5476 - accuracy: 0.8350
 1500/10000 [===>..........................] - ETA: 32s - loss: 0.5229 - accuracy: 0.8387
 2000/10000 [=====>........................] - ETA: 30s - loss: 0.5528 - accuracy: 0.8235
 2500/10000 [======>.......................] - ETA: 28s - loss: 0.5708 - accuracy: 0.8228
 3000/10000 [========>.....................] - ETA: 26s - loss: 0.5955 - accuracy: 0.8137
 3500/10000 [=========>....................] - ETA: 24s - loss: 0.5969 - accuracy: 0.8143
 4000/10000 [===========>..................] - ETA: 22s - loss: 0.5902 - accuracy: 0.8150
 4500/10000 [============>.................] - ETA: 20s - loss: 0.5838 - accuracy: 0.8196
 5000/10000 [==============>...............] - ETA: 19s - loss: 0.5789 - accuracy: 0.8200
 5500/10000 [===============>..............] - ETA: 17s - loss: 0.5751 - accuracy: 0.8215
 6000/10000 [=================>............] - ETA: 15s - loss: 0.5755 - accuracy: 0.8218
 6500/10000 [==================>...........] - ETA: 13s - loss: 0.5661 - accuracy: 0.8258
 7000/10000 [====================>.........] - ETA: 11s - loss: 0.5601 - accuracy: 0.8271
 7500/10000 [=====================>........] - ETA: 9s - loss: 0.5625 - accuracy: 0.8271 
 8000/10000 [=======================>......] - ETA: 7s - loss: 0.5572 - accuracy: 0.8289
 8500/10000 [========================>.....] - ETA: 5s - loss: 0.5606 - accuracy: 0.8286
 9000/10000 [==========================>...] - ETA: 3s - loss: 0.5599 - accuracy: 0.8277
 9500/10000 [===========================>..] - ETA: 1s - loss: 0.5677 - accuracy: 0.8245
10000/10000 [==============================] - 38s 4ms/step - loss: 0.5669 - accuracy: 0.8241 - val_loss: 0.6323 - val_accuracy: 0.8152
Latency --- 193.9704418182373 seconds ---
For delta=0.000100, the current epsilon is: 8.0198
=====================Iteration========================== 4
For delta=0.000100, the current epsilon is: 8.0198
Noise Mutiplier 0.729
loss= <keras.losses.CategoricalCrossentropy object at 0x10198f2b90>
in grads Tensor("loss_3/mul:0", shape=(?,), dtype=float32)
Train on 10000 samples, validate on 2500 samples
Epoch 1/5

  500/10000 [>.............................] - ETA: 39s - loss: 2.3415 - accuracy: 0.0900
 1000/10000 [==>...........................] - ETA: 35s - loss: 2.3248 - accuracy: 0.1100
 1500/10000 [===>..........................] - ETA: 33s - loss: 2.3153 - accuracy: 0.1133
 2000/10000 [=====>........................] - ETA: 31s - loss: 2.3053 - accuracy: 0.1345
 2500/10000 [======>.......................] - ETA: 28s - loss: 2.2961 - accuracy: 0.1288
 3000/10000 [========>.....................] - ETA: 27s - loss: 2.2859 - accuracy: 0.1463
 3500/10000 [=========>....................] - ETA: 25s - loss: 2.2792 - accuracy: 0.1474
 4000/10000 [===========>..................] - ETA: 23s - loss: 2.2705 - accuracy: 0.1705
 4500/10000 [============>.................] - ETA: 21s - loss: 2.2563 - accuracy: 0.1849
 5000/10000 [==============>...............] - ETA: 19s - loss: 2.2411 - accuracy: 0.2062
 5500/10000 [===============>..............] - ETA: 17s - loss: 2.2247 - accuracy: 0.2216
 6000/10000 [=================>............] - ETA: 15s - loss: 2.2083 - accuracy: 0.2350
 6500/10000 [==================>...........] - ETA: 13s - loss: 2.1931 - accuracy: 0.2358
 7000/10000 [====================>.........] - ETA: 11s - loss: 2.1770 - accuracy: 0.2479
 7500/10000 [=====================>........] - ETA: 9s - loss: 2.1635 - accuracy: 0.2519 
 8000/10000 [=======================>......] - ETA: 7s - loss: 2.1460 - accuracy: 0.2632
 8500/10000 [========================>.....] - ETA: 5s - loss: 2.1261 - accuracy: 0.2749
 9000/10000 [==========================>...] - ETA: 3s - loss: 2.1075 - accuracy: 0.2847
 9500/10000 [===========================>..] - ETA: 1s - loss: 2.0894 - accuracy: 0.2895
10000/10000 [==============================] - 39s 4ms/step - loss: 2.0701 - accuracy: 0.2974 - val_loss: 1.7060 - val_accuracy: 0.4420
Epoch 2/5

  500/10000 [>.............................] - ETA: 35s - loss: 1.6506 - accuracy: 0.4320
 1000/10000 [==>...........................] - ETA: 35s - loss: 1.6474 - accuracy: 0.4400
 1500/10000 [===>..........................] - ETA: 33s - loss: 1.6453 - accuracy: 0.4187
 2000/10000 [=====>........................] - ETA: 31s - loss: 1.6286 - accuracy: 0.4475
 2500/10000 [======>.......................] - ETA: 29s - loss: 1.5710 - accuracy: 0.4996
 3000/10000 [========>.....................] - ETA: 27s - loss: 1.5338 - accuracy: 0.5070
 3500/10000 [=========>....................] - ETA: 25s - loss: 1.5490 - accuracy: 0.4989
 4000/10000 [===========>..................] - ETA: 23s - loss: 1.5534 - accuracy: 0.4857
 4500/10000 [============>.................] - ETA: 21s - loss: 1.5359 - accuracy: 0.4987
 5000/10000 [==============>...............] - ETA: 19s - loss: 1.5168 - accuracy: 0.5058
 5500/10000 [===============>..............] - ETA: 17s - loss: 1.5070 - accuracy: 0.5082
 6000/10000 [=================>............] - ETA: 15s - loss: 1.4981 - accuracy: 0.5090
 6500/10000 [==================>...........] - ETA: 13s - loss: 1.5006 - accuracy: 0.5138
 7000/10000 [====================>.........] - ETA: 11s - loss: 1.4818 - accuracy: 0.5243
 7500/10000 [=====================>........] - ETA: 9s - loss: 1.4740 - accuracy: 0.5229 
 8000/10000 [=======================>......] - ETA: 7s - loss: 1.4610 - accuracy: 0.5276
 8500/10000 [========================>.....] - ETA: 5s - loss: 1.4500 - accuracy: 0.5319
 9000/10000 [==========================>...] - ETA: 3s - loss: 1.4352 - accuracy: 0.5379
 9500/10000 [===========================>..] - ETA: 1s - loss: 1.4258 - accuracy: 0.5424
10000/10000 [==============================] - 39s 4ms/step - loss: 1.4081 - accuracy: 0.5492 - val_loss: 1.1701 - val_accuracy: 0.6284
Epoch 3/5

  500/10000 [>.............................] - ETA: 36s - loss: 1.1513 - accuracy: 0.6460
 1000/10000 [==>...........................] - ETA: 35s - loss: 1.2594 - accuracy: 0.5850
 1500/10000 [===>..........................] - ETA: 32s - loss: 1.2279 - accuracy: 0.6113
 2000/10000 [=====>........................] - ETA: 31s - loss: 1.2360 - accuracy: 0.6020
 2500/10000 [======>.......................] - ETA: 28s - loss: 1.2254 - accuracy: 0.6056
 3000/10000 [========>.....................] - ETA: 27s - loss: 1.2182 - accuracy: 0.6063
 3500/10000 [=========>....................] - ETA: 25s - loss: 1.2085 - accuracy: 0.6103
 4000/10000 [===========>..................] - ETA: 23s - loss: 1.1705 - accuracy: 0.6275
 4500/10000 [============>.................] - ETA: 21s - loss: 1.1552 - accuracy: 0.6340
 5000/10000 [==============>...............] - ETA: 19s - loss: 1.1369 - accuracy: 0.6424
 5500/10000 [===============>..............] - ETA: 17s - loss: 1.1301 - accuracy: 0.6435
 6000/10000 [=================>............] - ETA: 15s - loss: 1.1098 - accuracy: 0.6503
 6500/10000 [==================>...........] - ETA: 13s - loss: 1.1025 - accuracy: 0.6503
 7000/10000 [====================>.........] - ETA: 11s - loss: 1.0933 - accuracy: 0.6547
 7500/10000 [=====================>........] - ETA: 9s - loss: 1.0819 - accuracy: 0.6583 
 8000/10000 [=======================>......] - ETA: 7s - loss: 1.0704 - accuracy: 0.6628
 8500/10000 [========================>.....] - ETA: 5s - loss: 1.0632 - accuracy: 0.6640
 9000/10000 [==========================>...] - ETA: 3s - loss: 1.0592 - accuracy: 0.6658
 9500/10000 [===========================>..] - ETA: 1s - loss: 1.0531 - accuracy: 0.6667
10000/10000 [==============================] - 39s 4ms/step - loss: 1.0452 - accuracy: 0.6677 - val_loss: 0.9530 - val_accuracy: 0.6968
Epoch 4/5

  500/10000 [>.............................] - ETA: 37s - loss: 0.8116 - accuracy: 0.7520
 1000/10000 [==>...........................] - ETA: 35s - loss: 0.7993 - accuracy: 0.7550
 1500/10000 [===>..........................] - ETA: 32s - loss: 0.8125 - accuracy: 0.7493
 2000/10000 [=====>........................] - ETA: 30s - loss: 0.8235 - accuracy: 0.7410
 2500/10000 [======>.......................] - ETA: 28s - loss: 0.8351 - accuracy: 0.7356
 3000/10000 [========>.....................] - ETA: 27s - loss: 0.8505 - accuracy: 0.7310
 3500/10000 [=========>....................] - ETA: 25s - loss: 0.8565 - accuracy: 0.7234
 4000/10000 [===========>..................] - ETA: 23s - loss: 0.8634 - accuracy: 0.7228
 4500/10000 [============>.................] - ETA: 21s - loss: 0.8364 - accuracy: 0.7304
 5000/10000 [==============>...............] - ETA: 19s - loss: 0.8437 - accuracy: 0.7264
 5500/10000 [===============>..............] - ETA: 17s - loss: 0.8395 - accuracy: 0.7298
 6000/10000 [=================>............] - ETA: 15s - loss: 0.8295 - accuracy: 0.7327
 6500/10000 [==================>...........] - ETA: 13s - loss: 0.8241 - accuracy: 0.7335
 7000/10000 [====================>.........] - ETA: 11s - loss: 0.8221 - accuracy: 0.7349
 7500/10000 [=====================>........] - ETA: 9s - loss: 0.8199 - accuracy: 0.7368 
 8000/10000 [=======================>......] - ETA: 7s - loss: 0.8181 - accuracy: 0.7355
 8500/10000 [========================>.....] - ETA: 5s - loss: 0.8091 - accuracy: 0.7384
 9000/10000 [==========================>...] - ETA: 3s - loss: 0.8047 - accuracy: 0.7371
 9500/10000 [===========================>..] - ETA: 1s - loss: 0.8058 - accuracy: 0.7379
10000/10000 [==============================] - 39s 4ms/step - loss: 0.7950 - accuracy: 0.7418 - val_loss: 0.7578 - val_accuracy: 0.7440
Epoch 5/5

  500/10000 [>.............................] - ETA: 39s - loss: 0.6765 - accuracy: 0.7440
 1000/10000 [==>...........................] - ETA: 35s - loss: 0.7249 - accuracy: 0.7550
 1500/10000 [===>..........................] - ETA: 33s - loss: 0.7306 - accuracy: 0.7607
 2000/10000 [=====>........................] - ETA: 31s - loss: 0.7211 - accuracy: 0.7675
 2500/10000 [======>.......................] - ETA: 29s - loss: 0.7119 - accuracy: 0.7676
 3000/10000 [========>.....................] - ETA: 27s - loss: 0.7138 - accuracy: 0.7663
 3500/10000 [=========>....................] - ETA: 25s - loss: 0.7072 - accuracy: 0.7629
 4000/10000 [===========>..................] - ETA: 23s - loss: 0.7013 - accuracy: 0.7663
 4500/10000 [============>.................] - ETA: 21s - loss: 0.7033 - accuracy: 0.7616
 5000/10000 [==============>...............] - ETA: 19s - loss: 0.7078 - accuracy: 0.7616
 5500/10000 [===============>..............] - ETA: 17s - loss: 0.7045 - accuracy: 0.7645
 6000/10000 [=================>............] - ETA: 15s - loss: 0.6946 - accuracy: 0.7692
 6500/10000 [==================>...........] - ETA: 13s - loss: 0.6940 - accuracy: 0.7708
 7000/10000 [====================>.........] - ETA: 11s - loss: 0.6853 - accuracy: 0.7760
 7500/10000 [=====================>........] - ETA: 9s - loss: 0.6776 - accuracy: 0.7785 
 8000/10000 [=======================>......] - ETA: 7s - loss: 0.6723 - accuracy: 0.7803
 8500/10000 [========================>.....] - ETA: 5s - loss: 0.6633 - accuracy: 0.7835
 9000/10000 [==========================>...] - ETA: 3s - loss: 0.6612 - accuracy: 0.7837
 9500/10000 [===========================>..] - ETA: 1s - loss: 0.6500 - accuracy: 0.7873
10000/10000 [==============================] - 39s 4ms/step - loss: 0.6419 - accuracy: 0.7900 - val_loss: 0.7069 - val_accuracy: 0.7700
Latency --- 194.41322803497314 seconds ---
For delta=0.000100, the current epsilon is: 8.0198
=====================Iteration========================== 5
For delta=0.000100, the current epsilon is: 8.0198
Noise Mutiplier 0.729
loss= <keras.losses.CategoricalCrossentropy object at 0x1019a5fa50>
in grads Tensor("loss_4/mul:0", shape=(?,), dtype=float32)
Train on 10000 samples, validate on 2500 samples
Epoch 1/5

  500/10000 [>.............................] - ETA: 40s - loss: 2.3063 - accuracy: 0.0480
 1000/10000 [==>...........................] - ETA: 36s - loss: 2.2980 - accuracy: 0.0780
 1500/10000 [===>..........................] - ETA: 33s - loss: 2.2909 - accuracy: 0.1000
 2000/10000 [=====>........................] - ETA: 31s - loss: 2.2851 - accuracy: 0.1100
 2500/10000 [======>.......................] - ETA: 29s - loss: 2.2781 - accuracy: 0.1216
 3000/10000 [========>.....................] - ETA: 27s - loss: 2.2704 - accuracy: 0.1447
 3500/10000 [=========>....................] - ETA: 25s - loss: 2.2632 - accuracy: 0.1649
 4000/10000 [===========>..................] - ETA: 23s - loss: 2.2541 - accuracy: 0.1800
 4500/10000 [============>.................] - ETA: 21s - loss: 2.2421 - accuracy: 0.1971
 5000/10000 [==============>...............] - ETA: 19s - loss: 2.2277 - accuracy: 0.2096
 5500/10000 [===============>..............] - ETA: 17s - loss: 2.2124 - accuracy: 0.2184
 6000/10000 [=================>............] - ETA: 15s - loss: 2.1915 - accuracy: 0.2355
 6500/10000 [==================>...........] - ETA: 13s - loss: 2.1734 - accuracy: 0.2426
 7000/10000 [====================>.........] - ETA: 11s - loss: 2.1553 - accuracy: 0.2499
 7500/10000 [=====================>........] - ETA: 9s - loss: 2.1359 - accuracy: 0.2661 
 8000/10000 [=======================>......] - ETA: 7s - loss: 2.1237 - accuracy: 0.2709
 8500/10000 [========================>.....] - ETA: 5s - loss: 2.1131 - accuracy: 0.2744
 9000/10000 [==========================>...] - ETA: 3s - loss: 2.0993 - accuracy: 0.2787
 9500/10000 [===========================>..] - ETA: 1s - loss: 2.0833 - accuracy: 0.2867
10000/10000 [==============================] - 39s 4ms/step - loss: 2.0669 - accuracy: 0.2925 - val_loss: 1.7832 - val_accuracy: 0.4568
Epoch 2/5

  500/10000 [>.............................] - ETA: 36s - loss: 1.7770 - accuracy: 0.4620
 1000/10000 [==>...........................] - ETA: 33s - loss: 1.8227 - accuracy: 0.4000
 1500/10000 [===>..........................] - ETA: 32s - loss: 1.7824 - accuracy: 0.4260
 2000/10000 [=====>........................] - ETA: 30s - loss: 1.7410 - accuracy: 0.4310
 2500/10000 [======>.......................] - ETA: 28s - loss: 1.7135 - accuracy: 0.4468
 3000/10000 [========>.....................] - ETA: 26s - loss: 1.6996 - accuracy: 0.4413
 3500/10000 [=========>....................] - ETA: 25s - loss: 1.6833 - accuracy: 0.4506
 4000/10000 [===========>..................] - ETA: 23s - loss: 1.6661 - accuracy: 0.4552
 4500/10000 [============>.................] - ETA: 21s - loss: 1.6388 - accuracy: 0.4684
 5000/10000 [==============>...............] - ETA: 19s - loss: 1.6222 - accuracy: 0.4716
 5500/10000 [===============>..............] - ETA: 17s - loss: 1.6230 - accuracy: 0.4631
 6000/10000 [=================>............] - ETA: 15s - loss: 1.5985 - accuracy: 0.4763
 6500/10000 [==================>...........] - ETA: 13s - loss: 1.5703 - accuracy: 0.4868
 7000/10000 [====================>.........] - ETA: 11s - loss: 1.5518 - accuracy: 0.4937
 7500/10000 [=====================>........] - ETA: 9s - loss: 1.5370 - accuracy: 0.4949 
 8000/10000 [=======================>......] - ETA: 7s - loss: 1.5197 - accuracy: 0.4991
 8500/10000 [========================>.....] - ETA: 5s - loss: 1.5166 - accuracy: 0.5004
 9000/10000 [==========================>...] - ETA: 3s - loss: 1.4977 - accuracy: 0.5080
 9500/10000 [===========================>..] - ETA: 1s - loss: 1.4794 - accuracy: 0.5143
10000/10000 [==============================] - 39s 4ms/step - loss: 1.4605 - accuracy: 0.5219 - val_loss: 1.1274 - val_accuracy: 0.6328
Epoch 3/5

  500/10000 [>.............................] - ETA: 36s - loss: 1.0465 - accuracy: 0.6640
 1000/10000 [==>...........................] - ETA: 34s - loss: 1.0761 - accuracy: 0.6650
 1500/10000 [===>..........................] - ETA: 32s - loss: 1.1449 - accuracy: 0.6387
 2000/10000 [=====>........................] - ETA: 30s - loss: 1.1289 - accuracy: 0.6380
 2500/10000 [======>.......................] - ETA: 28s - loss: 1.1152 - accuracy: 0.6460
 3000/10000 [========>.....................] - ETA: 27s - loss: 1.1000 - accuracy: 0.6480
 3500/10000 [=========>....................] - ETA: 24s - loss: 1.1015 - accuracy: 0.6523
 4000/10000 [===========>..................] - ETA: 23s - loss: 1.0796 - accuracy: 0.6607
 4500/10000 [============>.................] - ETA: 21s - loss: 1.0661 - accuracy: 0.6602
 5000/10000 [==============>...............] - ETA: 19s - loss: 1.0682 - accuracy: 0.6544
 5500/10000 [===============>..............] - ETA: 17s - loss: 1.0560 - accuracy: 0.6600
 6000/10000 [=================>............] - ETA: 15s - loss: 1.0501 - accuracy: 0.6628
 6500/10000 [==================>...........] - ETA: 13s - loss: 1.0374 - accuracy: 0.6671
 7000/10000 [====================>.........] - ETA: 11s - loss: 1.0234 - accuracy: 0.6730
 7500/10000 [=====================>........] - ETA: 9s - loss: 1.0213 - accuracy: 0.6711 
 8000/10000 [=======================>......] - ETA: 7s - loss: 1.0119 - accuracy: 0.6768
 8500/10000 [========================>.....] - ETA: 5s - loss: 1.0048 - accuracy: 0.6785
 9000/10000 [==========================>...] - ETA: 3s - loss: 0.9994 - accuracy: 0.6801
 9500/10000 [===========================>..] - ETA: 1s - loss: 1.0023 - accuracy: 0.6785
10000/10000 [==============================] - 39s 4ms/step - loss: 1.0001 - accuracy: 0.6782 - val_loss: 0.8946 - val_accuracy: 0.7168
Epoch 4/5

  500/10000 [>.............................] - ETA: 36s - loss: 0.7399 - accuracy: 0.7480
 1000/10000 [==>...........................] - ETA: 34s - loss: 0.7867 - accuracy: 0.7340
 1500/10000 [===>..........................] - ETA: 33s - loss: 0.7956 - accuracy: 0.7400
 2000/10000 [=====>........................] - ETA: 30s - loss: 0.7935 - accuracy: 0.7375
 2500/10000 [======>.......................] - ETA: 29s - loss: 0.8276 - accuracy: 0.7248
 3000/10000 [========>.....................] - ETA: 27s - loss: 0.8136 - accuracy: 0.7300
 3500/10000 [=========>....................] - ETA: 25s - loss: 0.8062 - accuracy: 0.7420
 4000/10000 [===========>..................] - ETA: 23s - loss: 0.8136 - accuracy: 0.7362
 4500/10000 [============>.................] - ETA: 21s - loss: 0.8191 - accuracy: 0.7378
 5000/10000 [==============>...............] - ETA: 19s - loss: 0.8201 - accuracy: 0.7332
 5500/10000 [===============>..............] - ETA: 17s - loss: 0.8126 - accuracy: 0.7389
 6000/10000 [=================>............] - ETA: 15s - loss: 0.7995 - accuracy: 0.7462
 6500/10000 [==================>...........] - ETA: 13s - loss: 0.7970 - accuracy: 0.7460
 7000/10000 [====================>.........] - ETA: 11s - loss: 0.7913 - accuracy: 0.7491
 7500/10000 [=====================>........] - ETA: 9s - loss: 0.7853 - accuracy: 0.7487 
 8000/10000 [=======================>......] - ETA: 7s - loss: 0.7806 - accuracy: 0.7501
 8500/10000 [========================>.....] - ETA: 5s - loss: 0.7767 - accuracy: 0.7518
 9000/10000 [==========================>...] - ETA: 3s - loss: 0.7761 - accuracy: 0.7508
 9500/10000 [===========================>..] - ETA: 1s - loss: 0.7720 - accuracy: 0.7516
10000/10000 [==============================] - 39s 4ms/step - loss: 0.7621 - accuracy: 0.7544 - val_loss: 0.7849 - val_accuracy: 0.7304
Epoch 5/5

  500/10000 [>.............................] - ETA: 35s - loss: 0.6767 - accuracy: 0.7780
 1000/10000 [==>...........................] - ETA: 34s - loss: 0.6470 - accuracy: 0.7810
 1500/10000 [===>..........................] - ETA: 32s - loss: 0.6634 - accuracy: 0.7827
 2000/10000 [=====>........................] - ETA: 30s - loss: 0.6644 - accuracy: 0.7800
 2500/10000 [======>.......................] - ETA: 28s - loss: 0.6553 - accuracy: 0.7864
 3000/10000 [========>.....................] - ETA: 27s - loss: 0.6524 - accuracy: 0.7833
 3500/10000 [=========>....................] - ETA: 25s - loss: 0.6853 - accuracy: 0.7760
 4000/10000 [===========>..................] - ETA: 23s - loss: 0.6674 - accuracy: 0.7818
 4500/10000 [============>.................] - ETA: 21s - loss: 0.6450 - accuracy: 0.7909
 5000/10000 [==============>...............] - ETA: 19s - loss: 0.6439 - accuracy: 0.7914
 5500/10000 [===============>..............] - ETA: 17s - loss: 0.6510 - accuracy: 0.7884
 6000/10000 [=================>............] - ETA: 15s - loss: 0.6413 - accuracy: 0.7918
 6500/10000 [==================>...........] - ETA: 13s - loss: 0.6376 - accuracy: 0.7943
 7000/10000 [====================>.........] - ETA: 11s - loss: 0.6322 - accuracy: 0.7966
 7500/10000 [=====================>........] - ETA: 9s - loss: 0.6264 - accuracy: 0.7981 
 8000/10000 [=======================>......] - ETA: 7s - loss: 0.6287 - accuracy: 0.7961
 8500/10000 [========================>.....] - ETA: 5s - loss: 0.6294 - accuracy: 0.7955
 9000/10000 [==========================>...] - ETA: 3s - loss: 0.6260 - accuracy: 0.7962
 9500/10000 [===========================>..] - ETA: 1s - loss: 0.6243 - accuracy: 0.7969
10000/10000 [==============================] - 39s 4ms/step - loss: 0.6187 - accuracy: 0.7996 - val_loss: 0.6013 - val_accuracy: 0.8112
Latency --- 194.80896592140198 seconds ---
For delta=0.000100, the current epsilon is: 8.0198
=====================Iteration========================== 6
For delta=0.000100, the current epsilon is: 8.0198
Noise Mutiplier 0.729
loss= <keras.losses.CategoricalCrossentropy object at 0x1019bf0590>
in grads Tensor("loss_5/mul:0", shape=(?,), dtype=float32)
Train on 10000 samples, validate on 2500 samples
Epoch 1/5

  500/10000 [>.............................] - ETA: 38s - loss: 2.3326 - accuracy: 0.1020
 1000/10000 [==>...........................] - ETA: 35s - loss: 2.3147 - accuracy: 0.0990
 1500/10000 [===>..........................] - ETA: 32s - loss: 2.3062 - accuracy: 0.1087
 2000/10000 [=====>........................] - ETA: 30s - loss: 2.2988 - accuracy: 0.1185
 2500/10000 [======>.......................] - ETA: 28s - loss: 2.2912 - accuracy: 0.1404
 3000/10000 [========>.....................] - ETA: 27s - loss: 2.2832 - accuracy: 0.1447
 3500/10000 [=========>....................] - ETA: 25s - loss: 2.2769 - accuracy: 0.1594
 4000/10000 [===========>..................] - ETA: 23s - loss: 2.2664 - accuracy: 0.1705
 4500/10000 [============>.................] - ETA: 21s - loss: 2.2596 - accuracy: 0.1709
 5000/10000 [==============>...............] - ETA: 19s - loss: 2.2489 - accuracy: 0.1748
 5500/10000 [===============>..............] - ETA: 17s - loss: 2.2387 - accuracy: 0.1765
 6000/10000 [=================>............] - ETA: 15s - loss: 2.2298 - accuracy: 0.1843
 6500/10000 [==================>...........] - ETA: 13s - loss: 2.2192 - accuracy: 0.1985
 7000/10000 [====================>.........] - ETA: 11s - loss: 2.2065 - accuracy: 0.2069
 7500/10000 [=====================>........] - ETA: 9s - loss: 2.1922 - accuracy: 0.2179 
 8000/10000 [=======================>......] - ETA: 7s - loss: 2.1769 - accuracy: 0.2259
 8500/10000 [========================>.....] - ETA: 5s - loss: 2.1575 - accuracy: 0.2424
 9000/10000 [==========================>...] - ETA: 3s - loss: 2.1404 - accuracy: 0.2529
 9500/10000 [===========================>..] - ETA: 1s - loss: 2.1208 - accuracy: 0.2656
10000/10000 [==============================] - 39s 4ms/step - loss: 2.1079 - accuracy: 0.2668 - val_loss: 2.0105 - val_accuracy: 0.2888
Epoch 2/5

  500/10000 [>.............................] - ETA: 34s - loss: 1.9961 - accuracy: 0.3100
 1000/10000 [==>...........................] - ETA: 33s - loss: 1.9599 - accuracy: 0.3370
 1500/10000 [===>..........................] - ETA: 32s - loss: 1.8817 - accuracy: 0.3920
 2000/10000 [=====>........................] - ETA: 30s - loss: 1.8294 - accuracy: 0.4115
 2500/10000 [======>.......................] - ETA: 28s - loss: 1.7879 - accuracy: 0.4316
 3000/10000 [========>.....................] - ETA: 26s - loss: 1.7641 - accuracy: 0.4430
 3500/10000 [=========>....................] - ETA: 24s - loss: 1.7459 - accuracy: 0.4477
 4000/10000 [===========>..................] - ETA: 22s - loss: 1.7504 - accuracy: 0.4417
 4500/10000 [============>.................] - ETA: 21s - loss: 1.7259 - accuracy: 0.4544
 5000/10000 [==============>...............] - ETA: 19s - loss: 1.7068 - accuracy: 0.4606
 5500/10000 [===============>..............] - ETA: 17s - loss: 1.6804 - accuracy: 0.4665
 6000/10000 [=================>............] - ETA: 15s - loss: 1.6677 - accuracy: 0.4745
 6500/10000 [==================>...........] - ETA: 13s - loss: 1.6514 - accuracy: 0.4754
 7000/10000 [====================>.........] - ETA: 11s - loss: 1.6358 - accuracy: 0.4809
 7500/10000 [=====================>........] - ETA: 9s - loss: 1.6168 - accuracy: 0.4812 
 8000/10000 [=======================>......] - ETA: 7s - loss: 1.6011 - accuracy: 0.4868
 8500/10000 [========================>.....] - ETA: 5s - loss: 1.5840 - accuracy: 0.4902
 9000/10000 [==========================>...] - ETA: 3s - loss: 1.5694 - accuracy: 0.4916
 9500/10000 [===========================>..] - ETA: 1s - loss: 1.5583 - accuracy: 0.4979
10000/10000 [==============================] - 38s 4ms/step - loss: 1.5418 - accuracy: 0.5007 - val_loss: 1.3599 - val_accuracy: 0.5692
Epoch 3/5

  500/10000 [>.............................] - ETA: 36s - loss: 1.2348 - accuracy: 0.6100
 1000/10000 [==>...........................] - ETA: 35s - loss: 1.2213 - accuracy: 0.6170
 1500/10000 [===>..........................] - ETA: 32s - loss: 1.1744 - accuracy: 0.6253
 2000/10000 [=====>........................] - ETA: 30s - loss: 1.1646 - accuracy: 0.6215
 2500/10000 [======>.......................] - ETA: 28s - loss: 1.1470 - accuracy: 0.6280
 3000/10000 [========>.....................] - ETA: 27s - loss: 1.1334 - accuracy: 0.6363
 3500/10000 [=========>....................] - ETA: 25s - loss: 1.1342 - accuracy: 0.6320
 4000/10000 [===========>..................] - ETA: 23s - loss: 1.1326 - accuracy: 0.6313
 4500/10000 [============>.................] - ETA: 21s - loss: 1.1166 - accuracy: 0.6384
 5000/10000 [==============>...............] - ETA: 19s - loss: 1.0947 - accuracy: 0.6452
 5500/10000 [===============>..............] - ETA: 17s - loss: 1.0955 - accuracy: 0.6478
 6000/10000 [=================>............] - ETA: 15s - loss: 1.0989 - accuracy: 0.6442
 6500/10000 [==================>...........] - ETA: 13s - loss: 1.0889 - accuracy: 0.6488
 7000/10000 [====================>.........] - ETA: 11s - loss: 1.0761 - accuracy: 0.6516
 7500/10000 [=====================>........] - ETA: 9s - loss: 1.0596 - accuracy: 0.6573 
 8000/10000 [=======================>......] - ETA: 7s - loss: 1.0442 - accuracy: 0.6640
 8500/10000 [========================>.....] - ETA: 5s - loss: 1.0273 - accuracy: 0.6709
 9000/10000 [==========================>...] - ETA: 3s - loss: 1.0178 - accuracy: 0.6736
 9500/10000 [===========================>..] - ETA: 1s - loss: 1.0098 - accuracy: 0.6772
10000/10000 [==============================] - 39s 4ms/step - loss: 1.0000 - accuracy: 0.6795 - val_loss: 0.8715 - val_accuracy: 0.7180
Epoch 4/5

  500/10000 [>.............................] - ETA: 37s - loss: 0.7581 - accuracy: 0.7480
 1000/10000 [==>...........................] - ETA: 34s - loss: 0.7505 - accuracy: 0.7510
 1500/10000 [===>..........................] - ETA: 32s - loss: 0.7599 - accuracy: 0.7547
 2000/10000 [=====>........................] - ETA: 31s - loss: 0.7592 - accuracy: 0.7530
 2500/10000 [======>.......................] - ETA: 29s - loss: 0.7683 - accuracy: 0.7488
 3000/10000 [========>.....................] - ETA: 27s - loss: 0.7642 - accuracy: 0.7530
 3500/10000 [=========>....................] - ETA: 25s - loss: 0.7625 - accuracy: 0.7500
 4000/10000 [===========>..................] - ETA: 23s - loss: 0.7604 - accuracy: 0.7538
 4500/10000 [============>.................] - ETA: 21s - loss: 0.7431 - accuracy: 0.7600
 5000/10000 [==============>...............] - ETA: 19s - loss: 0.7312 - accuracy: 0.7642
 5500/10000 [===============>..............] - ETA: 17s - loss: 0.7183 - accuracy: 0.7693
 6000/10000 [=================>............] - ETA: 15s - loss: 0.7222 - accuracy: 0.7685
 6500/10000 [==================>...........] - ETA: 13s - loss: 0.7203 - accuracy: 0.7686
 7000/10000 [====================>.........] - ETA: 11s - loss: 0.7270 - accuracy: 0.7681
 7500/10000 [=====================>........] - ETA: 9s - loss: 0.7222 - accuracy: 0.7695 
 8000/10000 [=======================>......] - ETA: 7s - loss: 0.7182 - accuracy: 0.7724
 8500/10000 [========================>.....] - ETA: 5s - loss: 0.7103 - accuracy: 0.7746
 9000/10000 [==========================>...] - ETA: 3s - loss: 0.7070 - accuracy: 0.7761
 9500/10000 [===========================>..] - ETA: 1s - loss: 0.7075 - accuracy: 0.7757
10000/10000 [==============================] - 39s 4ms/step - loss: 0.7012 - accuracy: 0.7775 - val_loss: 0.8424 - val_accuracy: 0.7408
Epoch 5/5

  500/10000 [>.............................] - ETA: 36s - loss: 0.8625 - accuracy: 0.7060
 1000/10000 [==>...........................] - ETA: 34s - loss: 0.7436 - accuracy: 0.7540
 1500/10000 [===>..........................] - ETA: 32s - loss: 0.6896 - accuracy: 0.7747
 2000/10000 [=====>........................] - ETA: 30s - loss: 0.6637 - accuracy: 0.7835
 2500/10000 [======>.......................] - ETA: 28s - loss: 0.6538 - accuracy: 0.7864
 3000/10000 [========>.....................] - ETA: 26s - loss: 0.6565 - accuracy: 0.7840
 3500/10000 [=========>....................] - ETA: 24s - loss: 0.6444 - accuracy: 0.7869
 4000/10000 [===========>..................] - ETA: 22s - loss: 0.6326 - accuracy: 0.7905
 4500/10000 [============>.................] - ETA: 21s - loss: 0.6395 - accuracy: 0.7873
 5000/10000 [==============>...............] - ETA: 19s - loss: 0.6309 - accuracy: 0.7894
 5500/10000 [===============>..............] - ETA: 17s - loss: 0.6222 - accuracy: 0.7945
 6000/10000 [=================>............] - ETA: 15s - loss: 0.6136 - accuracy: 0.7987
 6500/10000 [==================>...........] - ETA: 13s - loss: 0.6121 - accuracy: 0.7998
 7000/10000 [====================>.........] - ETA: 11s - loss: 0.6121 - accuracy: 0.7997
 7500/10000 [=====================>........] - ETA: 9s - loss: 0.6044 - accuracy: 0.8028 
 8000/10000 [=======================>......] - ETA: 7s - loss: 0.6011 - accuracy: 0.8060
 8500/10000 [========================>.....] - ETA: 5s - loss: 0.6008 - accuracy: 0.8044
 9000/10000 [==========================>...] - ETA: 3s - loss: 0.5957 - accuracy: 0.8067
 9500/10000 [===========================>..] - ETA: 1s - loss: 0.5888 - accuracy: 0.8088
10000/10000 [==============================] - 39s 4ms/step - loss: 0.5799 - accuracy: 0.8116 - val_loss: 0.6390 - val_accuracy: 0.8060
Latency --- 193.75618290901184 seconds ---
For delta=0.000100, the current epsilon is: 8.0198
=====================Iteration========================== 7
For delta=0.000100, the current epsilon is: 8.0198
Noise Mutiplier 0.729
loss= <keras.losses.CategoricalCrossentropy object at 0x1019d5dbd0>
in grads Tensor("loss_6/mul:0", shape=(?,), dtype=float32)
Train on 10000 samples, validate on 2500 samples
Epoch 1/5

  500/10000 [>.............................] - ETA: 40s - loss: 2.3012 - accuracy: 0.0980
 1000/10000 [==>...........................] - ETA: 35s - loss: 2.2899 - accuracy: 0.0930
 1500/10000 [===>..........................] - ETA: 33s - loss: 2.2820 - accuracy: 0.1340
 2000/10000 [=====>........................] - ETA: 31s - loss: 2.2723 - accuracy: 0.1455
 2500/10000 [======>.......................] - ETA: 29s - loss: 2.2616 - accuracy: 0.1620
 3000/10000 [========>.....................] - ETA: 27s - loss: 2.2464 - accuracy: 0.1847
 3500/10000 [=========>....................] - ETA: 25s - loss: 2.2313 - accuracy: 0.2049
 4000/10000 [===========>..................] - ETA: 23s - loss: 2.2157 - accuracy: 0.2188
 4500/10000 [============>.................] - ETA: 21s - loss: 2.1989 - accuracy: 0.2318
 5000/10000 [==============>...............] - ETA: 19s - loss: 2.1796 - accuracy: 0.2478
 5500/10000 [===============>..............] - ETA: 17s - loss: 2.1625 - accuracy: 0.2575
 6000/10000 [=================>............] - ETA: 15s - loss: 2.1451 - accuracy: 0.2685
 6500/10000 [==================>...........] - ETA: 13s - loss: 2.1308 - accuracy: 0.2803
 7000/10000 [====================>.........] - ETA: 11s - loss: 2.1135 - accuracy: 0.2916
 7500/10000 [=====================>........] - ETA: 9s - loss: 2.0969 - accuracy: 0.2988 
 8000/10000 [=======================>......] - ETA: 7s - loss: 2.0754 - accuracy: 0.3092
 8500/10000 [========================>.....] - ETA: 5s - loss: 2.0596 - accuracy: 0.3156
 9000/10000 [==========================>...] - ETA: 3s - loss: 2.0434 - accuracy: 0.3210
 9500/10000 [===========================>..] - ETA: 1s - loss: 2.0208 - accuracy: 0.3327
10000/10000 [==============================] - 39s 4ms/step - loss: 1.9994 - accuracy: 0.3414 - val_loss: 1.6492 - val_accuracy: 0.5100
Epoch 2/5

  500/10000 [>.............................] - ETA: 35s - loss: 1.5829 - accuracy: 0.5560
 1000/10000 [==>...........................] - ETA: 34s - loss: 1.5247 - accuracy: 0.5780
 1500/10000 [===>..........................] - ETA: 32s - loss: 1.5509 - accuracy: 0.5420
 2000/10000 [=====>........................] - ETA: 30s - loss: 1.5234 - accuracy: 0.5340
 2500/10000 [======>.......................] - ETA: 28s - loss: 1.4906 - accuracy: 0.5440
 3000/10000 [========>.....................] - ETA: 26s - loss: 1.4799 - accuracy: 0.5373
 3500/10000 [=========>....................] - ETA: 24s - loss: 1.4710 - accuracy: 0.5391
 4000/10000 [===========>..................] - ETA: 22s - loss: 1.4664 - accuracy: 0.5385
 4500/10000 [============>.................] - ETA: 21s - loss: 1.4559 - accuracy: 0.5418
 5000/10000 [==============>...............] - ETA: 19s - loss: 1.4321 - accuracy: 0.5512
 5500/10000 [===============>..............] - ETA: 17s - loss: 1.4058 - accuracy: 0.5585
 6000/10000 [=================>............] - ETA: 15s - loss: 1.3939 - accuracy: 0.5618
 6500/10000 [==================>...........] - ETA: 13s - loss: 1.3830 - accuracy: 0.5623
 7000/10000 [====================>.........] - ETA: 11s - loss: 1.3672 - accuracy: 0.5689
 7500/10000 [=====================>........] - ETA: 9s - loss: 1.3575 - accuracy: 0.5715 
 8000/10000 [=======================>......] - ETA: 7s - loss: 1.3526 - accuracy: 0.5730
 8500/10000 [========================>.....] - ETA: 5s - loss: 1.3459 - accuracy: 0.5726
 9000/10000 [==========================>...] - ETA: 3s - loss: 1.3329 - accuracy: 0.5762
 9500/10000 [===========================>..] - ETA: 1s - loss: 1.3178 - accuracy: 0.5819
10000/10000 [==============================] - 39s 4ms/step - loss: 1.3083 - accuracy: 0.5836 - val_loss: 1.2761 - val_accuracy: 0.6228
Epoch 3/5

  500/10000 [>.............................] - ETA: 36s - loss: 1.2614 - accuracy: 0.6400
 1000/10000 [==>...........................] - ETA: 34s - loss: 1.1317 - accuracy: 0.6590
 1500/10000 [===>..........................] - ETA: 32s - loss: 1.0961 - accuracy: 0.6453
 2000/10000 [=====>........................] - ETA: 30s - loss: 1.0835 - accuracy: 0.6570
 2500/10000 [======>.......................] - ETA: 29s - loss: 1.0785 - accuracy: 0.6544
 3000/10000 [========>.....................] - ETA: 27s - loss: 1.0723 - accuracy: 0.6553
 3500/10000 [=========>....................] - ETA: 25s - loss: 1.0665 - accuracy: 0.6549
 4000/10000 [===========>..................] - ETA: 23s - loss: 1.0461 - accuracy: 0.6647
 4500/10000 [============>.................] - ETA: 21s - loss: 1.0296 - accuracy: 0.6720
 5000/10000 [==============>...............] - ETA: 19s - loss: 1.0297 - accuracy: 0.6706
 5500/10000 [===============>..............] - ETA: 17s - loss: 1.0184 - accuracy: 0.6733
 6000/10000 [=================>............] - ETA: 15s - loss: 1.0011 - accuracy: 0.6812
 6500/10000 [==================>...........] - ETA: 13s - loss: 0.9943 - accuracy: 0.6812
 7000/10000 [====================>.........] - ETA: 11s - loss: 0.9985 - accuracy: 0.6831
 7500/10000 [=====================>........] - ETA: 9s - loss: 0.9857 - accuracy: 0.6871 
 8000/10000 [=======================>......] - ETA: 7s - loss: 0.9731 - accuracy: 0.6908
 8500/10000 [========================>.....] - ETA: 5s - loss: 0.9663 - accuracy: 0.6945
 9000/10000 [==========================>...] - ETA: 3s - loss: 0.9549 - accuracy: 0.6983
 9500/10000 [===========================>..] - ETA: 1s - loss: 0.9441 - accuracy: 0.7023
10000/10000 [==============================] - 39s 4ms/step - loss: 0.9435 - accuracy: 0.7027 - val_loss: 1.0119 - val_accuracy: 0.6552
Epoch 4/5

  500/10000 [>.............................] - ETA: 35s - loss: 0.8008 - accuracy: 0.7320
 1000/10000 [==>...........................] - ETA: 34s - loss: 0.8244 - accuracy: 0.7360
 1500/10000 [===>..........................] - ETA: 32s - loss: 0.8371 - accuracy: 0.7293
 2000/10000 [=====>........................] - ETA: 30s - loss: 0.8257 - accuracy: 0.7455
 2500/10000 [======>.......................] - ETA: 28s - loss: 0.8011 - accuracy: 0.7492
 3000/10000 [========>.....................] - ETA: 26s - loss: 0.8045 - accuracy: 0.7410
 3500/10000 [=========>....................] - ETA: 24s - loss: 0.8212 - accuracy: 0.7414
 4000/10000 [===========>..................] - ETA: 23s - loss: 0.8041 - accuracy: 0.7475
 4500/10000 [============>.................] - ETA: 21s - loss: 0.8074 - accuracy: 0.7491
 5000/10000 [==============>...............] - ETA: 19s - loss: 0.8004 - accuracy: 0.7476
 5500/10000 [===============>..............] - ETA: 17s - loss: 0.7940 - accuracy: 0.7500
 6000/10000 [=================>............] - ETA: 15s - loss: 0.7850 - accuracy: 0.7520
 6500/10000 [==================>...........] - ETA: 13s - loss: 0.7856 - accuracy: 0.7540
 7000/10000 [====================>.........] - ETA: 11s - loss: 0.7738 - accuracy: 0.7576
 7500/10000 [=====================>........] - ETA: 9s - loss: 0.7746 - accuracy: 0.7595 
 8000/10000 [=======================>......] - ETA: 7s - loss: 0.7635 - accuracy: 0.7626
 8500/10000 [========================>.....] - ETA: 5s - loss: 0.7657 - accuracy: 0.7615
 9000/10000 [==========================>...] - ETA: 3s - loss: 0.7690 - accuracy: 0.7586
 9500/10000 [===========================>..] - ETA: 1s - loss: 0.7629 - accuracy: 0.7599
10000/10000 [==============================] - 39s 4ms/step - loss: 0.7513 - accuracy: 0.7634 - val_loss: 0.6924 - val_accuracy: 0.7844
Epoch 5/5

  500/10000 [>.............................] - ETA: 37s - loss: 0.5107 - accuracy: 0.8280
 1000/10000 [==>...........................] - ETA: 34s - loss: 0.6895 - accuracy: 0.7870
 1500/10000 [===>..........................] - ETA: 32s - loss: 0.7049 - accuracy: 0.7793
 2000/10000 [=====>........................] - ETA: 31s - loss: 0.7058 - accuracy: 0.7750
 2500/10000 [======>.......................] - ETA: 28s - loss: 0.7106 - accuracy: 0.7736
 3000/10000 [========>.....................] - ETA: 27s - loss: 0.7182 - accuracy: 0.7750
 3500/10000 [=========>....................] - ETA: 25s - loss: 0.6986 - accuracy: 0.7826
 4000/10000 [===========>..................] - ETA: 23s - loss: 0.6849 - accuracy: 0.7857
 4500/10000 [============>.................] - ETA: 21s - loss: 0.6930 - accuracy: 0.7813
 5000/10000 [==============>...............] - ETA: 19s - loss: 0.6867 - accuracy: 0.7840
 5500/10000 [===============>..............] - ETA: 17s - loss: 0.6741 - accuracy: 0.7871
 6000/10000 [=================>............] - ETA: 15s - loss: 0.6570 - accuracy: 0.7937
 6500/10000 [==================>...........] - ETA: 13s - loss: 0.6503 - accuracy: 0.7971
 7000/10000 [====================>.........] - ETA: 11s - loss: 0.6457 - accuracy: 0.7989
 7500/10000 [=====================>........] - ETA: 9s - loss: 0.6378 - accuracy: 0.8021 
 8000/10000 [=======================>......] - ETA: 7s - loss: 0.6374 - accuracy: 0.8021
 8500/10000 [========================>.....] - ETA: 5s - loss: 0.6304 - accuracy: 0.8047
 9000/10000 [==========================>...] - ETA: 3s - loss: 0.6257 - accuracy: 0.8051
 9500/10000 [===========================>..] - ETA: 1s - loss: 0.6262 - accuracy: 0.8039
10000/10000 [==============================] - 39s 4ms/step - loss: 0.6298 - accuracy: 0.8036 - val_loss: 0.7905 - val_accuracy: 0.7336
Latency --- 194.28945207595825 seconds ---
For delta=0.000100, the current epsilon is: 8.0198
=====================Iteration========================== 8
For delta=0.000100, the current epsilon is: 8.0198
Noise Mutiplier 0.729
loss= <keras.losses.CategoricalCrossentropy object at 0x101a439190>
in grads Tensor("loss_7/mul:0", shape=(?,), dtype=float32)
Train on 10000 samples, validate on 2500 samples
Epoch 1/5

  500/10000 [>.............................] - ETA: 37s - loss: 2.3015 - accuracy: 0.1060
 1000/10000 [==>...........................] - ETA: 34s - loss: 2.2899 - accuracy: 0.1260
 1500/10000 [===>..........................] - ETA: 32s - loss: 2.2832 - accuracy: 0.1373
 2000/10000 [=====>........................] - ETA: 30s - loss: 2.2757 - accuracy: 0.1580
 2500/10000 [======>.......................] - ETA: 28s - loss: 2.2671 - accuracy: 0.1508
 3000/10000 [========>.....................] - ETA: 27s - loss: 2.2559 - accuracy: 0.1857
 3500/10000 [=========>....................] - ETA: 24s - loss: 2.2394 - accuracy: 0.2034
 4000/10000 [===========>..................] - ETA: 23s - loss: 2.2223 - accuracy: 0.2215
 4500/10000 [============>.................] - ETA: 21s - loss: 2.2076 - accuracy: 0.2164
 5000/10000 [==============>...............] - ETA: 19s - loss: 2.1901 - accuracy: 0.2496
 5500/10000 [===============>..............] - ETA: 17s - loss: 2.1737 - accuracy: 0.2518
 6000/10000 [=================>............] - ETA: 15s - loss: 2.1584 - accuracy: 0.2688
 6500/10000 [==================>...........] - ETA: 13s - loss: 2.1466 - accuracy: 0.2705
 7000/10000 [====================>.........] - ETA: 11s - loss: 2.1330 - accuracy: 0.2694
 7500/10000 [=====================>........] - ETA: 9s - loss: 2.1210 - accuracy: 0.2711 
 8000/10000 [=======================>......] - ETA: 7s - loss: 2.1061 - accuracy: 0.2797
 8500/10000 [========================>.....] - ETA: 5s - loss: 2.0850 - accuracy: 0.2979
 9000/10000 [==========================>...] - ETA: 3s - loss: 2.0668 - accuracy: 0.3086
 9500/10000 [===========================>..] - ETA: 1s - loss: 2.0466 - accuracy: 0.3222
10000/10000 [==============================] - 39s 4ms/step - loss: 2.0261 - accuracy: 0.3308 - val_loss: 1.6355 - val_accuracy: 0.5036
Epoch 2/5

  500/10000 [>.............................] - ETA: 35s - loss: 1.5152 - accuracy: 0.5740
 1000/10000 [==>...........................] - ETA: 34s - loss: 1.5330 - accuracy: 0.5560
 1500/10000 [===>..........................] - ETA: 32s - loss: 1.5759 - accuracy: 0.5180
 2000/10000 [=====>........................] - ETA: 30s - loss: 1.5729 - accuracy: 0.5190
 2500/10000 [======>.......................] - ETA: 29s - loss: 1.5517 - accuracy: 0.5324
 3000/10000 [========>.....................] - ETA: 27s - loss: 1.5682 - accuracy: 0.5270
 3500/10000 [=========>....................] - ETA: 25s - loss: 1.5547 - accuracy: 0.5211
 4000/10000 [===========>..................] - ETA: 23s - loss: 1.5366 - accuracy: 0.5290
 4500/10000 [============>.................] - ETA: 21s - loss: 1.5139 - accuracy: 0.5371
 5000/10000 [==============>...............] - ETA: 19s - loss: 1.4926 - accuracy: 0.5462
 5500/10000 [===============>..............] - ETA: 17s - loss: 1.4761 - accuracy: 0.5493
 6000/10000 [=================>............] - ETA: 15s - loss: 1.4566 - accuracy: 0.5528
 6500/10000 [==================>...........] - ETA: 13s - loss: 1.4514 - accuracy: 0.5503
 7000/10000 [====================>.........] - ETA: 11s - loss: 1.4515 - accuracy: 0.5523
 7500/10000 [=====================>........] - ETA: 9s - loss: 1.4397 - accuracy: 0.5569 
 8000/10000 [=======================>......] - ETA: 7s - loss: 1.4308 - accuracy: 0.5567
 8500/10000 [========================>.....] - ETA: 5s - loss: 1.4185 - accuracy: 0.5616
 9000/10000 [==========================>...] - ETA: 3s - loss: 1.4164 - accuracy: 0.5649
 9500/10000 [===========================>..] - ETA: 1s - loss: 1.4014 - accuracy: 0.5711
10000/10000 [==============================] - 39s 4ms/step - loss: 1.3957 - accuracy: 0.5694 - val_loss: 1.4510 - val_accuracy: 0.5496
Epoch 3/5

  500/10000 [>.............................] - ETA: 36s - loss: 1.3378 - accuracy: 0.6160
 1000/10000 [==>...........................] - ETA: 35s - loss: 1.2881 - accuracy: 0.6090
 1500/10000 [===>..........................] - ETA: 32s - loss: 1.2644 - accuracy: 0.6020
 2000/10000 [=====>........................] - ETA: 30s - loss: 1.2935 - accuracy: 0.5930
 2500/10000 [======>.......................] - ETA: 28s - loss: 1.2909 - accuracy: 0.5924
 3000/10000 [========>.....................] - ETA: 27s - loss: 1.2765 - accuracy: 0.6017
 3500/10000 [=========>....................] - ETA: 24s - loss: 1.2550 - accuracy: 0.6046
 4000/10000 [===========>..................] - ETA: 23s - loss: 1.2280 - accuracy: 0.6165
 4500/10000 [============>.................] - ETA: 21s - loss: 1.2058 - accuracy: 0.6251
 5000/10000 [==============>...............] - ETA: 19s - loss: 1.2022 - accuracy: 0.6266
 5500/10000 [===============>..............] - ETA: 17s - loss: 1.1806 - accuracy: 0.6342
 6000/10000 [=================>............] - ETA: 15s - loss: 1.1679 - accuracy: 0.6393
 6500/10000 [==================>...........] - ETA: 13s - loss: 1.1496 - accuracy: 0.6417
 7000/10000 [====================>.........] - ETA: 11s - loss: 1.1370 - accuracy: 0.6459
 7500/10000 [=====================>........] - ETA: 9s - loss: 1.1192 - accuracy: 0.6523 
 8000/10000 [=======================>......] - ETA: 7s - loss: 1.1124 - accuracy: 0.6531
 8500/10000 [========================>.....] - ETA: 5s - loss: 1.1133 - accuracy: 0.6542
 9000/10000 [==========================>...] - ETA: 3s - loss: 1.1072 - accuracy: 0.6574
 9500/10000 [===========================>..] - ETA: 1s - loss: 1.0862 - accuracy: 0.6647
10000/10000 [==============================] - 39s 4ms/step - loss: 1.0711 - accuracy: 0.6703 - val_loss: 0.9338 - val_accuracy: 0.7296
Epoch 4/5

  500/10000 [>.............................] - ETA: 36s - loss: 0.8251 - accuracy: 0.7540
 1000/10000 [==>...........................] - ETA: 33s - loss: 0.8370 - accuracy: 0.7450
 1500/10000 [===>..........................] - ETA: 32s - loss: 0.8393 - accuracy: 0.7453
 2000/10000 [=====>........................] - ETA: 30s - loss: 0.8293 - accuracy: 0.7445
 2500/10000 [======>.......................] - ETA: 28s - loss: 0.8385 - accuracy: 0.7360
 3000/10000 [========>.....................] - ETA: 26s - loss: 0.8545 - accuracy: 0.7250
 3500/10000 [=========>....................] - ETA: 24s - loss: 0.8469 - accuracy: 0.7269
 4000/10000 [===========>..................] - ETA: 23s - loss: 0.8289 - accuracy: 0.7350
 4500/10000 [============>.................] - ETA: 21s - loss: 0.8267 - accuracy: 0.7364
 5000/10000 [==============>...............] - ETA: 19s - loss: 0.8360 - accuracy: 0.7300
 5500/10000 [===============>..............] - ETA: 17s - loss: 0.8404 - accuracy: 0.7331
 6000/10000 [=================>............] - ETA: 15s - loss: 0.8345 - accuracy: 0.7343
 6500/10000 [==================>...........] - ETA: 13s - loss: 0.8478 - accuracy: 0.7278
 7000/10000 [====================>.........] - ETA: 11s - loss: 0.8520 - accuracy: 0.7273
 7500/10000 [=====================>........] - ETA: 9s - loss: 0.8443 - accuracy: 0.7295 
 8000/10000 [=======================>......] - ETA: 7s - loss: 0.8407 - accuracy: 0.7311
 8500/10000 [========================>.....] - ETA: 5s - loss: 0.8359 - accuracy: 0.7312
 9000/10000 [==========================>...] - ETA: 3s - loss: 0.8403 - accuracy: 0.7286
 9500/10000 [===========================>..] - ETA: 1s - loss: 0.8426 - accuracy: 0.7267
10000/10000 [==============================] - 39s 4ms/step - loss: 0.8366 - accuracy: 0.7281 - val_loss: 0.6914 - val_accuracy: 0.7952
Epoch 5/5

  500/10000 [>.............................] - ETA: 36s - loss: 0.5456 - accuracy: 0.8540
 1000/10000 [==>...........................] - ETA: 34s - loss: 0.6240 - accuracy: 0.8090
 1500/10000 [===>..........................] - ETA: 32s - loss: 0.6374 - accuracy: 0.8107
 2000/10000 [=====>........................] - ETA: 30s - loss: 0.6209 - accuracy: 0.8130
 2500/10000 [======>.......................] - ETA: 28s - loss: 0.6200 - accuracy: 0.8096
 3000/10000 [========>.....................] - ETA: 26s - loss: 0.6287 - accuracy: 0.8083
 3500/10000 [=========>....................] - ETA: 24s - loss: 0.6087 - accuracy: 0.8131
 4000/10000 [===========>..................] - ETA: 23s - loss: 0.6042 - accuracy: 0.8130
 4500/10000 [============>.................] - ETA: 21s - loss: 0.6132 - accuracy: 0.8069
 5000/10000 [==============>...............] - ETA: 19s - loss: 0.6109 - accuracy: 0.8056
 5500/10000 [===============>..............] - ETA: 17s - loss: 0.6047 - accuracy: 0.8069
 6000/10000 [=================>............] - ETA: 15s - loss: 0.6022 - accuracy: 0.8073
 6500/10000 [==================>...........] - ETA: 13s - loss: 0.6019 - accuracy: 0.8072
 7000/10000 [====================>.........] - ETA: 11s - loss: 0.6049 - accuracy: 0.8046
 7500/10000 [=====================>........] - ETA: 9s - loss: 0.5955 - accuracy: 0.8072 
 8000/10000 [=======================>......] - ETA: 7s - loss: 0.5951 - accuracy: 0.8073
 8500/10000 [========================>.....] - ETA: 5s - loss: 0.5915 - accuracy: 0.8081
 9000/10000 [==========================>...] - ETA: 3s - loss: 0.5943 - accuracy: 0.8082
 9500/10000 [===========================>..] - ETA: 1s - loss: 0.6054 - accuracy: 0.8039
10000/10000 [==============================] - 39s 4ms/step - loss: 0.6024 - accuracy: 0.8050 - val_loss: 0.5732 - val_accuracy: 0.8240
Latency --- 194.28204989433289 seconds ---
For delta=0.000100, the current epsilon is: 8.0198
=====================Iteration========================== 9
For delta=0.000100, the current epsilon is: 8.0198
Noise Mutiplier 0.729
loss= <keras.losses.CategoricalCrossentropy object at 0x101a5a6f90>
in grads Tensor("loss_8/mul:0", shape=(?,), dtype=float32)
Train on 10000 samples, validate on 2500 samples
Epoch 1/5

  500/10000 [>.............................] - ETA: 39s - loss: 2.3274 - accuracy: 0.1160
 1000/10000 [==>...........................] - ETA: 35s - loss: 2.3076 - accuracy: 0.1380
 1500/10000 [===>..........................] - ETA: 33s - loss: 2.3001 - accuracy: 0.1440
 2000/10000 [=====>........................] - ETA: 31s - loss: 2.2932 - accuracy: 0.1430
 2500/10000 [======>.......................] - ETA: 29s - loss: 2.2853 - accuracy: 0.1540
 3000/10000 [========>.....................] - ETA: 27s - loss: 2.2781 - accuracy: 0.1510
 3500/10000 [=========>....................] - ETA: 25s - loss: 2.2672 - accuracy: 0.1600
 4000/10000 [===========>..................] - ETA: 23s - loss: 2.2556 - accuracy: 0.1647
 4500/10000 [============>.................] - ETA: 21s - loss: 2.2432 - accuracy: 0.1667
 5000/10000 [==============>...............] - ETA: 19s - loss: 2.2294 - accuracy: 0.1924
 5500/10000 [===============>..............] - ETA: 17s - loss: 2.2122 - accuracy: 0.1978
 6000/10000 [=================>............] - ETA: 15s - loss: 2.1949 - accuracy: 0.2132
 6500/10000 [==================>...........] - ETA: 13s - loss: 2.1771 - accuracy: 0.2206
 7000/10000 [====================>.........] - ETA: 11s - loss: 2.1594 - accuracy: 0.2299
 7500/10000 [=====================>........] - ETA: 9s - loss: 2.1514 - accuracy: 0.2259 
 8000/10000 [=======================>......] - ETA: 7s - loss: 2.1381 - accuracy: 0.2365
 8500/10000 [========================>.....] - ETA: 5s - loss: 2.1192 - accuracy: 0.2440
 9000/10000 [==========================>...] - ETA: 3s - loss: 2.1074 - accuracy: 0.2483
 9500/10000 [===========================>..] - ETA: 1s - loss: 2.0962 - accuracy: 0.2514
10000/10000 [==============================] - 39s 4ms/step - loss: 2.0752 - accuracy: 0.2632 - val_loss: 1.8152 - val_accuracy: 0.3544
Epoch 2/5

  500/10000 [>.............................] - ETA: 35s - loss: 1.7121 - accuracy: 0.3820
 1000/10000 [==>...........................] - ETA: 34s - loss: 1.6728 - accuracy: 0.4210
 1500/10000 [===>..........................] - ETA: 32s - loss: 1.6566 - accuracy: 0.4040
 2000/10000 [=====>........................] - ETA: 30s - loss: 1.6237 - accuracy: 0.4215
 2500/10000 [======>.......................] - ETA: 28s - loss: 1.6096 - accuracy: 0.4428
 3000/10000 [========>.....................] - ETA: 27s - loss: 1.6056 - accuracy: 0.4493
 3500/10000 [=========>....................] - ETA: 25s - loss: 1.5916 - accuracy: 0.4486
 4000/10000 [===========>..................] - ETA: 23s - loss: 1.5741 - accuracy: 0.4570
 4500/10000 [============>.................] - ETA: 21s - loss: 1.5660 - accuracy: 0.4556
 5000/10000 [==============>...............] - ETA: 19s - loss: 1.5383 - accuracy: 0.4686
 5500/10000 [===============>..............] - ETA: 17s - loss: 1.5193 - accuracy: 0.4749
 6000/10000 [=================>............] - ETA: 15s - loss: 1.5043 - accuracy: 0.4775
 6500/10000 [==================>...........] - ETA: 13s - loss: 1.4808 - accuracy: 0.4898
 7000/10000 [====================>.........] - ETA: 11s - loss: 1.4612 - accuracy: 0.4994
 7500/10000 [=====================>........] - ETA: 9s - loss: 1.4448 - accuracy: 0.5052 
 8000/10000 [=======================>......] - ETA: 7s - loss: 1.4272 - accuracy: 0.5115
 8500/10000 [========================>.....] - ETA: 5s - loss: 1.4133 - accuracy: 0.5160
 9000/10000 [==========================>...] - ETA: 3s - loss: 1.3927 - accuracy: 0.5272
 9500/10000 [===========================>..] - ETA: 1s - loss: 1.3774 - accuracy: 0.5329
10000/10000 [==============================] - 39s 4ms/step - loss: 1.3677 - accuracy: 0.5376 - val_loss: 1.1622 - val_accuracy: 0.5896
Epoch 3/5

  500/10000 [>.............................] - ETA: 35s - loss: 1.0052 - accuracy: 0.6740
 1000/10000 [==>...........................] - ETA: 33s - loss: 0.9945 - accuracy: 0.6840
 1500/10000 [===>..........................] - ETA: 32s - loss: 0.9569 - accuracy: 0.6953
 2000/10000 [=====>........................] - ETA: 30s - loss: 0.9274 - accuracy: 0.7045
 2500/10000 [======>.......................] - ETA: 28s - loss: 0.9219 - accuracy: 0.7064
 3000/10000 [========>.....................] - ETA: 26s - loss: 0.8962 - accuracy: 0.7147
 3500/10000 [=========>....................] - ETA: 24s - loss: 0.9009 - accuracy: 0.7129
 4000/10000 [===========>..................] - ETA: 22s - loss: 0.8932 - accuracy: 0.7145
 4500/10000 [============>.................] - ETA: 20s - loss: 0.8915 - accuracy: 0.7140
 5000/10000 [==============>...............] - ETA: 19s - loss: 0.8862 - accuracy: 0.7168
 5500/10000 [===============>..............] - ETA: 17s - loss: 0.8875 - accuracy: 0.7156
 6000/10000 [=================>............] - ETA: 15s - loss: 0.8739 - accuracy: 0.7197
 6500/10000 [==================>...........] - ETA: 13s - loss: 0.8723 - accuracy: 0.7212
 7000/10000 [====================>.........] - ETA: 11s - loss: 0.8618 - accuracy: 0.7250
 7500/10000 [=====================>........] - ETA: 9s - loss: 0.8663 - accuracy: 0.7248 
 8000/10000 [=======================>......] - ETA: 7s - loss: 0.8597 - accuracy: 0.7268
 8500/10000 [========================>.....] - ETA: 5s - loss: 0.8539 - accuracy: 0.7282
 9000/10000 [==========================>...] - ETA: 3s - loss: 0.8448 - accuracy: 0.7330
 9500/10000 [===========================>..] - ETA: 1s - loss: 0.8424 - accuracy: 0.7318
10000/10000 [==============================] - 38s 4ms/step - loss: 0.8413 - accuracy: 0.7319 - val_loss: 0.8912 - val_accuracy: 0.6656
Epoch 4/5

  500/10000 [>.............................] - ETA: 37s - loss: 0.9278 - accuracy: 0.6560
 1000/10000 [==>...........................] - ETA: 34s - loss: 0.8279 - accuracy: 0.7050
 1500/10000 [===>..........................] - ETA: 32s - loss: 0.8348 - accuracy: 0.7147
 2000/10000 [=====>........................] - ETA: 30s - loss: 0.7861 - accuracy: 0.7380
 2500/10000 [======>.......................] - ETA: 28s - loss: 0.7690 - accuracy: 0.7444
 3000/10000 [========>.....................] - ETA: 27s - loss: 0.7735 - accuracy: 0.7480
 3500/10000 [=========>....................] - ETA: 25s - loss: 0.7737 - accuracy: 0.7509
 4000/10000 [===========>..................] - ETA: 23s - loss: 0.7713 - accuracy: 0.7502
 4500/10000 [============>.................] - ETA: 21s - loss: 0.7498 - accuracy: 0.7576
 5000/10000 [==============>...............] - ETA: 19s - loss: 0.7358 - accuracy: 0.7632
 5500/10000 [===============>..............] - ETA: 17s - loss: 0.7342 - accuracy: 0.7613
 6000/10000 [=================>............] - ETA: 15s - loss: 0.7210 - accuracy: 0.7677
 6500/10000 [==================>...........] - ETA: 13s - loss: 0.7130 - accuracy: 0.7692
 7000/10000 [====================>.........] - ETA: 11s - loss: 0.7151 - accuracy: 0.7699
 7500/10000 [=====================>........] - ETA: 9s - loss: 0.7097 - accuracy: 0.7712 
 8000/10000 [=======================>......] - ETA: 7s - loss: 0.7012 - accuracy: 0.7741
 8500/10000 [========================>.....] - ETA: 5s - loss: 0.6918 - accuracy: 0.7786
 9000/10000 [==========================>...] - ETA: 3s - loss: 0.6886 - accuracy: 0.7797
 9500/10000 [===========================>..] - ETA: 1s - loss: 0.6852 - accuracy: 0.7799
10000/10000 [==============================] - 39s 4ms/step - loss: 0.6806 - accuracy: 0.7799 - val_loss: 0.7894 - val_accuracy: 0.7380
Epoch 5/5

  500/10000 [>.............................] - ETA: 37s - loss: 0.7176 - accuracy: 0.7520
 1000/10000 [==>...........................] - ETA: 34s - loss: 0.6606 - accuracy: 0.7780
 1500/10000 [===>..........................] - ETA: 32s - loss: 0.6121 - accuracy: 0.7913
 2000/10000 [=====>........................] - ETA: 30s - loss: 0.6031 - accuracy: 0.7980
 2500/10000 [======>.......................] - ETA: 28s - loss: 0.5929 - accuracy: 0.8020
 3000/10000 [========>.....................] - ETA: 26s - loss: 0.5998 - accuracy: 0.7990
 3500/10000 [=========>....................] - ETA: 24s - loss: 0.6071 - accuracy: 0.7966
 4000/10000 [===========>..................] - ETA: 23s - loss: 0.6119 - accuracy: 0.8005
 4500/10000 [============>.................] - ETA: 21s - loss: 0.6054 - accuracy: 0.8047
 5000/10000 [==============>...............] - ETA: 19s - loss: 0.6065 - accuracy: 0.8056
 5500/10000 [===============>..............] - ETA: 17s - loss: 0.6052 - accuracy: 0.8080
 6000/10000 [=================>............] - ETA: 15s - loss: 0.5981 - accuracy: 0.8110
 6500/10000 [==================>...........] - ETA: 13s - loss: 0.6002 - accuracy: 0.8103
 7000/10000 [====================>.........] - ETA: 11s - loss: 0.6019 - accuracy: 0.8097
 7500/10000 [=====================>........] - ETA: 9s - loss: 0.5979 - accuracy: 0.8105 
 8000/10000 [=======================>......] - ETA: 7s - loss: 0.5914 - accuracy: 0.8126
 8500/10000 [========================>.....] - ETA: 5s - loss: 0.5887 - accuracy: 0.8128
 9000/10000 [==========================>...] - ETA: 3s - loss: 0.5879 - accuracy: 0.8131
 9500/10000 [===========================>..] - ETA: 1s - loss: 0.5835 - accuracy: 0.8141
10000/10000 [==============================] - 39s 4ms/step - loss: 0.5779 - accuracy: 0.8148 - val_loss: 0.4929 - val_accuracy: 0.8584
Latency --- 194.17910051345825 seconds ---
For delta=0.000100, the current epsilon is: 8.0198
=====================Iteration========================== 10
For delta=0.000100, the current epsilon is: 8.0198
Noise Mutiplier 0.729
loss= <keras.losses.CategoricalCrossentropy object at 0x101a774b10>
in grads Tensor("loss_9/mul:0", shape=(?,), dtype=float32)
Train on 10000 samples, validate on 2500 samples
Epoch 1/5

  500/10000 [>.............................] - ETA: 38s - loss: 2.3025 - accuracy: 0.1320
 1000/10000 [==>...........................] - ETA: 35s - loss: 2.2939 - accuracy: 0.1420
 1500/10000 [===>..........................] - ETA: 33s - loss: 2.2906 - accuracy: 0.1487
 2000/10000 [=====>........................] - ETA: 31s - loss: 2.2846 - accuracy: 0.1595
 2500/10000 [======>.......................] - ETA: 29s - loss: 2.2785 - accuracy: 0.1812
 3000/10000 [========>.....................] - ETA: 27s - loss: 2.2703 - accuracy: 0.2023
 3500/10000 [=========>....................] - ETA: 25s - loss: 2.2594 - accuracy: 0.2303
 4000/10000 [===========>..................] - ETA: 23s - loss: 2.2478 - accuracy: 0.2400
 4500/10000 [============>.................] - ETA: 21s - loss: 2.2372 - accuracy: 0.2422
 5000/10000 [==============>...............] - ETA: 19s - loss: 2.2244 - accuracy: 0.2428
 5500/10000 [===============>..............] - ETA: 17s - loss: 2.2147 - accuracy: 0.2436
 6000/10000 [=================>............] - ETA: 15s - loss: 2.2010 - accuracy: 0.2465
 6500/10000 [==================>...........] - ETA: 13s - loss: 2.1886 - accuracy: 0.2480
 7000/10000 [====================>.........] - ETA: 11s - loss: 2.1760 - accuracy: 0.2494
 7500/10000 [=====================>........] - ETA: 9s - loss: 2.1667 - accuracy: 0.2504 
 8000/10000 [=======================>......] - ETA: 7s - loss: 2.1568 - accuracy: 0.2541
 8500/10000 [========================>.....] - ETA: 5s - loss: 2.1427 - accuracy: 0.2658
 9000/10000 [==========================>...] - ETA: 3s - loss: 2.1226 - accuracy: 0.2767
 9500/10000 [===========================>..] - ETA: 1s - loss: 2.1132 - accuracy: 0.2754
10000/10000 [==============================] - 39s 4ms/step - loss: 2.0979 - accuracy: 0.2806 - val_loss: 1.8391 - val_accuracy: 0.4144
Epoch 2/5

  500/10000 [>.............................] - ETA: 35s - loss: 1.7819 - accuracy: 0.4820
 1000/10000 [==>...........................] - ETA: 34s - loss: 1.7814 - accuracy: 0.4420
 1500/10000 [===>..........................] - ETA: 32s - loss: 1.7674 - accuracy: 0.4487
 2000/10000 [=====>........................] - ETA: 30s - loss: 1.7251 - accuracy: 0.4580
 2500/10000 [======>.......................] - ETA: 29s - loss: 1.7199 - accuracy: 0.4532
 3000/10000 [========>.....................] - ETA: 27s - loss: 1.7221 - accuracy: 0.4447
 3500/10000 [=========>....................] - ETA: 25s - loss: 1.7059 - accuracy: 0.4469
 4000/10000 [===========>..................] - ETA: 23s - loss: 1.6888 - accuracy: 0.4525
 4500/10000 [============>.................] - ETA: 21s - loss: 1.6759 - accuracy: 0.4622
 5000/10000 [==============>...............] - ETA: 19s - loss: 1.6476 - accuracy: 0.4734
 5500/10000 [===============>..............] - ETA: 17s - loss: 1.6243 - accuracy: 0.4820
 6000/10000 [=================>............] - ETA: 15s - loss: 1.6182 - accuracy: 0.4860
 6500/10000 [==================>...........] - ETA: 13s - loss: 1.6001 - accuracy: 0.4906
 7000/10000 [====================>.........] - ETA: 11s - loss: 1.5895 - accuracy: 0.4936
 7500/10000 [=====================>........] - ETA: 9s - loss: 1.5745 - accuracy: 0.4963 
 8000/10000 [=======================>......] - ETA: 7s - loss: 1.5700 - accuracy: 0.4988
 8500/10000 [========================>.....] - ETA: 5s - loss: 1.5564 - accuracy: 0.5021
 9000/10000 [==========================>...] - ETA: 3s - loss: 1.5520 - accuracy: 0.5029
 9500/10000 [===========================>..] - ETA: 1s - loss: 1.5386 - accuracy: 0.5053
10000/10000 [==============================] - 39s 4ms/step - loss: 1.5303 - accuracy: 0.5079 - val_loss: 1.4184 - val_accuracy: 0.5184
Epoch 3/5

  500/10000 [>.............................] - ETA: 36s - loss: 1.3719 - accuracy: 0.5580
 1000/10000 [==>...........................] - ETA: 33s - loss: 1.2476 - accuracy: 0.6020
 1500/10000 [===>..........................] - ETA: 32s - loss: 1.2578 - accuracy: 0.5913
 2000/10000 [=====>........................] - ETA: 30s - loss: 1.2224 - accuracy: 0.5985
 2500/10000 [======>.......................] - ETA: 28s - loss: 1.2128 - accuracy: 0.6108
 3000/10000 [========>.....................] - ETA: 26s - loss: 1.1868 - accuracy: 0.6200
 3500/10000 [=========>....................] - ETA: 24s - loss: 1.1716 - accuracy: 0.6274
 4000/10000 [===========>..................] - ETA: 23s - loss: 1.1562 - accuracy: 0.6300
 4500/10000 [============>.................] - ETA: 21s - loss: 1.1762 - accuracy: 0.6178
 5000/10000 [==============>...............] - ETA: 19s - loss: 1.1709 - accuracy: 0.6212
 5500/10000 [===============>..............] - ETA: 17s - loss: 1.1524 - accuracy: 0.6287
 6000/10000 [=================>............] - ETA: 15s - loss: 1.1477 - accuracy: 0.6322
 6500/10000 [==================>...........] - ETA: 13s - loss: 1.1371 - accuracy: 0.6351
 7000/10000 [====================>.........] - ETA: 11s - loss: 1.1247 - accuracy: 0.6370
 7500/10000 [=====================>........] - ETA: 9s - loss: 1.1269 - accuracy: 0.6359 
 8000/10000 [=======================>......] - ETA: 7s - loss: 1.1184 - accuracy: 0.6384
 8500/10000 [========================>.....] - ETA: 5s - loss: 1.1203 - accuracy: 0.6380
 9000/10000 [==========================>...] - ETA: 3s - loss: 1.1121 - accuracy: 0.6411
 9500/10000 [===========================>..] - ETA: 1s - loss: 1.0989 - accuracy: 0.6461
10000/10000 [==============================] - 39s 4ms/step - loss: 1.0938 - accuracy: 0.6457 - val_loss: 1.0987 - val_accuracy: 0.6604
Epoch 4/5

  500/10000 [>.............................] - ETA: 36s - loss: 1.0324 - accuracy: 0.6640
 1000/10000 [==>...........................] - ETA: 34s - loss: 0.9850 - accuracy: 0.6670
 1500/10000 [===>..........................] - ETA: 33s - loss: 0.9342 - accuracy: 0.7000
 2000/10000 [=====>........................] - ETA: 30s - loss: 0.9419 - accuracy: 0.6960
 2500/10000 [======>.......................] - ETA: 28s - loss: 0.9263 - accuracy: 0.6972
 3000/10000 [========>.....................] - ETA: 26s - loss: 0.9416 - accuracy: 0.6913
 3500/10000 [=========>....................] - ETA: 25s - loss: 0.9467 - accuracy: 0.6871
 4000/10000 [===========>..................] - ETA: 23s - loss: 0.9443 - accuracy: 0.6885
 4500/10000 [============>.................] - ETA: 21s - loss: 0.9455 - accuracy: 0.6840
 5000/10000 [==============>...............] - ETA: 19s - loss: 0.9325 - accuracy: 0.6900
 5500/10000 [===============>..............] - ETA: 17s - loss: 0.9316 - accuracy: 0.6893
 6000/10000 [=================>............] - ETA: 15s - loss: 0.9197 - accuracy: 0.6920
 6500/10000 [==================>...........] - ETA: 13s - loss: 0.9083 - accuracy: 0.6983
 7000/10000 [====================>.........] - ETA: 11s - loss: 0.8980 - accuracy: 0.7016
 7500/10000 [=====================>........] - ETA: 9s - loss: 0.8948 - accuracy: 0.7009 
 8000/10000 [=======================>......] - ETA: 7s - loss: 0.8881 - accuracy: 0.7035
 8500/10000 [========================>.....] - ETA: 5s - loss: 0.8837 - accuracy: 0.7061
 9000/10000 [==========================>...] - ETA: 3s - loss: 0.8855 - accuracy: 0.7050
 9500/10000 [===========================>..] - ETA: 1s - loss: 0.8862 - accuracy: 0.7084
10000/10000 [==============================] - 39s 4ms/step - loss: 0.8736 - accuracy: 0.7126 - val_loss: 1.0087 - val_accuracy: 0.6880
Epoch 5/5

  500/10000 [>.............................] - ETA: 34s - loss: 0.8726 - accuracy: 0.7220
 1000/10000 [==>...........................] - ETA: 34s - loss: 0.7995 - accuracy: 0.7430
 1500/10000 [===>..........................] - ETA: 32s - loss: 0.8488 - accuracy: 0.7253
 2000/10000 [=====>........................] - ETA: 30s - loss: 0.8164 - accuracy: 0.7370
 2500/10000 [======>.......................] - ETA: 28s - loss: 0.7869 - accuracy: 0.7484
 3000/10000 [========>.....................] - ETA: 26s - loss: 0.7932 - accuracy: 0.7463
 3500/10000 [=========>....................] - ETA: 24s - loss: 0.7932 - accuracy: 0.7414
 4000/10000 [===========>..................] - ETA: 22s - loss: 0.7741 - accuracy: 0.7492
 4500/10000 [============>.................] - ETA: 21s - loss: 0.7672 - accuracy: 0.7511
 5000/10000 [==============>...............] - ETA: 19s - loss: 0.7622 - accuracy: 0.7510
 5500/10000 [===============>..............] - ETA: 17s - loss: 0.7587 - accuracy: 0.7504
 6000/10000 [=================>............] - ETA: 15s - loss: 0.7553 - accuracy: 0.7518
 6500/10000 [==================>...........] - ETA: 13s - loss: 0.7574 - accuracy: 0.7511
 7000/10000 [====================>.........] - ETA: 11s - loss: 0.7539 - accuracy: 0.7523
 7500/10000 [=====================>........] - ETA: 9s - loss: 0.7568 - accuracy: 0.7501 
 8000/10000 [=======================>......] - ETA: 7s - loss: 0.7503 - accuracy: 0.7530
 8500/10000 [========================>.....] - ETA: 5s - loss: 0.7435 - accuracy: 0.7555
 9000/10000 [==========================>...] - ETA: 3s - loss: 0.7351 - accuracy: 0.7587
 9500/10000 [===========================>..] - ETA: 1s - loss: 0.7272 - accuracy: 0.7607
10000/10000 [==============================] - 39s 4ms/step - loss: 0.7250 - accuracy: 0.7618 - val_loss: 0.8168 - val_accuracy: 0.7248
Latency --- 194.29970455169678 seconds ---
For delta=0.000100, the current epsilon is: 8.0198
