We are using Tensorflow version 1.15.2
Keras API version: 2.3.1
=====================Iteration========================== 1
For delta=0.000100, the current epsilon is: 6.0095
Noise Mutiplier 0.83
loss= <keras.losses.CategoricalCrossentropy object at 0x1017320310>
in grads Tensor("loss/mul:0", shape=(?,), dtype=float32)
Train on 10000 samples, validate on 2500 samples
Epoch 1/5

  500/10000 [>.............................] - ETA: 40s - loss: 2.3080 - accuracy: 0.1280
 1000/10000 [==>...........................] - ETA: 35s - loss: 2.2916 - accuracy: 0.1190
 1500/10000 [===>..........................] - ETA: 33s - loss: 2.2772 - accuracy: 0.1473
 2000/10000 [=====>........................] - ETA: 31s - loss: 2.2678 - accuracy: 0.1520
 2500/10000 [======>.......................] - ETA: 29s - loss: 2.2556 - accuracy: 0.1820
 3000/10000 [========>.....................] - ETA: 27s - loss: 2.2436 - accuracy: 0.1853
 3500/10000 [=========>....................] - ETA: 25s - loss: 2.2294 - accuracy: 0.2100
 4000/10000 [===========>..................] - ETA: 23s - loss: 2.2132 - accuracy: 0.2188
 4500/10000 [============>.................] - ETA: 21s - loss: 2.1967 - accuracy: 0.2318
 5000/10000 [==============>...............] - ETA: 19s - loss: 2.1858 - accuracy: 0.2372
 5500/10000 [===============>..............] - ETA: 17s - loss: 2.1770 - accuracy: 0.2458
 6000/10000 [=================>............] - ETA: 15s - loss: 2.1686 - accuracy: 0.2398
 6500/10000 [==================>...........] - ETA: 13s - loss: 2.1602 - accuracy: 0.2462
 7000/10000 [====================>.........] - ETA: 11s - loss: 2.1484 - accuracy: 0.2426
 7500/10000 [=====================>........] - ETA: 9s - loss: 2.1364 - accuracy: 0.2537 
 8000/10000 [=======================>......] - ETA: 7s - loss: 2.1277 - accuracy: 0.2539
 8500/10000 [========================>.....] - ETA: 5s - loss: 2.1116 - accuracy: 0.2666
 9000/10000 [==========================>...] - ETA: 3s - loss: 2.0953 - accuracy: 0.2750
 9500/10000 [===========================>..] - ETA: 1s - loss: 2.0793 - accuracy: 0.2783
10000/10000 [==============================] - 39s 4ms/step - loss: 2.0654 - accuracy: 0.2812 - val_loss: 1.7236 - val_accuracy: 0.4280
Epoch 2/5

  500/10000 [>.............................] - ETA: 36s - loss: 1.7313 - accuracy: 0.4140
 1000/10000 [==>...........................] - ETA: 34s - loss: 1.6877 - accuracy: 0.4700
 1500/10000 [===>..........................] - ETA: 32s - loss: 1.6993 - accuracy: 0.4513
 2000/10000 [=====>........................] - ETA: 30s - loss: 1.7046 - accuracy: 0.4385
 2500/10000 [======>.......................] - ETA: 29s - loss: 1.6693 - accuracy: 0.4612
 3000/10000 [========>.....................] - ETA: 27s - loss: 1.6502 - accuracy: 0.4617
 3500/10000 [=========>....................] - ETA: 25s - loss: 1.6291 - accuracy: 0.4757
 4000/10000 [===========>..................] - ETA: 23s - loss: 1.6440 - accuracy: 0.4655
 4500/10000 [============>.................] - ETA: 21s - loss: 1.6219 - accuracy: 0.4729
 5000/10000 [==============>...............] - ETA: 19s - loss: 1.6181 - accuracy: 0.4702
 5500/10000 [===============>..............] - ETA: 17s - loss: 1.6040 - accuracy: 0.4780
 6000/10000 [=================>............] - ETA: 15s - loss: 1.5890 - accuracy: 0.4860
 6500/10000 [==================>...........] - ETA: 13s - loss: 1.5720 - accuracy: 0.4949
 7000/10000 [====================>.........] - ETA: 11s - loss: 1.5572 - accuracy: 0.5024
 7500/10000 [=====================>........] - ETA: 9s - loss: 1.5476 - accuracy: 0.5015 
 8000/10000 [=======================>......] - ETA: 7s - loss: 1.5320 - accuracy: 0.5079
 8500/10000 [========================>.....] - ETA: 5s - loss: 1.5186 - accuracy: 0.5131
 9000/10000 [==========================>...] - ETA: 3s - loss: 1.5083 - accuracy: 0.5159
 9500/10000 [===========================>..] - ETA: 1s - loss: 1.4970 - accuracy: 0.5193
10000/10000 [==============================] - 39s 4ms/step - loss: 1.4829 - accuracy: 0.5233 - val_loss: 1.3005 - val_accuracy: 0.6088
Epoch 3/5

  500/10000 [>.............................] - ETA: 35s - loss: 1.2641 - accuracy: 0.5740
 1000/10000 [==>...........................] - ETA: 34s - loss: 1.2278 - accuracy: 0.5950
 1500/10000 [===>..........................] - ETA: 32s - loss: 1.2994 - accuracy: 0.5633
 2000/10000 [=====>........................] - ETA: 30s - loss: 1.2435 - accuracy: 0.5940
 2500/10000 [======>.......................] - ETA: 28s - loss: 1.2330 - accuracy: 0.6004
 3000/10000 [========>.....................] - ETA: 26s - loss: 1.2099 - accuracy: 0.6103
 3500/10000 [=========>....................] - ETA: 24s - loss: 1.1820 - accuracy: 0.6206
 4000/10000 [===========>..................] - ETA: 23s - loss: 1.1991 - accuracy: 0.6145
 4500/10000 [============>.................] - ETA: 21s - loss: 1.1877 - accuracy: 0.6169
 5000/10000 [==============>...............] - ETA: 19s - loss: 1.1735 - accuracy: 0.6228
 5500/10000 [===============>..............] - ETA: 17s - loss: 1.1554 - accuracy: 0.6278
 6000/10000 [=================>............] - ETA: 15s - loss: 1.1560 - accuracy: 0.6287
 6500/10000 [==================>...........] - ETA: 13s - loss: 1.1606 - accuracy: 0.6248
 7000/10000 [====================>.........] - ETA: 11s - loss: 1.1489 - accuracy: 0.6283
 7500/10000 [=====================>........] - ETA: 9s - loss: 1.1515 - accuracy: 0.6253 
 8000/10000 [=======================>......] - ETA: 7s - loss: 1.1429 - accuracy: 0.6275
 8500/10000 [========================>.....] - ETA: 5s - loss: 1.1341 - accuracy: 0.6293
 9000/10000 [==========================>...] - ETA: 3s - loss: 1.1280 - accuracy: 0.6306
 9500/10000 [===========================>..] - ETA: 1s - loss: 1.1226 - accuracy: 0.6328
10000/10000 [==============================] - 39s 4ms/step - loss: 1.1200 - accuracy: 0.6332 - val_loss: 1.0334 - val_accuracy: 0.6748
Epoch 4/5

  500/10000 [>.............................] - ETA: 35s - loss: 0.8543 - accuracy: 0.7340
 1000/10000 [==>...........................] - ETA: 34s - loss: 0.8443 - accuracy: 0.7410
 1500/10000 [===>..........................] - ETA: 32s - loss: 0.8330 - accuracy: 0.7320
 2000/10000 [=====>........................] - ETA: 30s - loss: 0.8611 - accuracy: 0.7265
 2500/10000 [======>.......................] - ETA: 28s - loss: 0.8807 - accuracy: 0.7144
 3000/10000 [========>.....................] - ETA: 26s - loss: 0.8555 - accuracy: 0.7283
 3500/10000 [=========>....................] - ETA: 25s - loss: 0.8729 - accuracy: 0.7234
 4000/10000 [===========>..................] - ETA: 23s - loss: 0.8943 - accuracy: 0.7172
 4500/10000 [============>.................] - ETA: 21s - loss: 0.8970 - accuracy: 0.7153
 5000/10000 [==============>...............] - ETA: 19s - loss: 0.8868 - accuracy: 0.7178
 5500/10000 [===============>..............] - ETA: 17s - loss: 0.8746 - accuracy: 0.7216
 6000/10000 [=================>............] - ETA: 15s - loss: 0.8851 - accuracy: 0.7190
 6500/10000 [==================>...........] - ETA: 13s - loss: 0.8800 - accuracy: 0.7202
 7000/10000 [====================>.........] - ETA: 11s - loss: 0.8721 - accuracy: 0.7249
 7500/10000 [=====================>........] - ETA: 9s - loss: 0.8640 - accuracy: 0.7275 
 8000/10000 [=======================>......] - ETA: 7s - loss: 0.8656 - accuracy: 0.7270
 8500/10000 [========================>.....] - ETA: 5s - loss: 0.8616 - accuracy: 0.7280
 9000/10000 [==========================>...] - ETA: 3s - loss: 0.8585 - accuracy: 0.7297
 9500/10000 [===========================>..] - ETA: 1s - loss: 0.8509 - accuracy: 0.7315
10000/10000 [==============================] - 39s 4ms/step - loss: 0.8536 - accuracy: 0.7299 - val_loss: 0.8713 - val_accuracy: 0.7336
Epoch 5/5

  500/10000 [>.............................] - ETA: 35s - loss: 0.6961 - accuracy: 0.7980
 1000/10000 [==>...........................] - ETA: 34s - loss: 0.7438 - accuracy: 0.7780
 1500/10000 [===>..........................] - ETA: 32s - loss: 0.7604 - accuracy: 0.7627
 2000/10000 [=====>........................] - ETA: 30s - loss: 0.7212 - accuracy: 0.7765
 2500/10000 [======>.......................] - ETA: 28s - loss: 0.7186 - accuracy: 0.7712
 3000/10000 [========>.....................] - ETA: 27s - loss: 0.7274 - accuracy: 0.7670
 3500/10000 [=========>....................] - ETA: 24s - loss: 0.7132 - accuracy: 0.7726
 4000/10000 [===========>..................] - ETA: 23s - loss: 0.7214 - accuracy: 0.7688
 4500/10000 [============>.................] - ETA: 21s - loss: 0.7487 - accuracy: 0.7613
 5000/10000 [==============>...............] - ETA: 19s - loss: 0.7667 - accuracy: 0.7552
 5500/10000 [===============>..............] - ETA: 17s - loss: 0.7674 - accuracy: 0.7553
 6000/10000 [=================>............] - ETA: 15s - loss: 0.7735 - accuracy: 0.7538
 6500/10000 [==================>...........] - ETA: 13s - loss: 0.7627 - accuracy: 0.7558
 7000/10000 [====================>.........] - ETA: 11s - loss: 0.7588 - accuracy: 0.7574
 7500/10000 [=====================>........] - ETA: 9s - loss: 0.7443 - accuracy: 0.7633 
 8000/10000 [=======================>......] - ETA: 7s - loss: 0.7495 - accuracy: 0.7582
 8500/10000 [========================>.....] - ETA: 5s - loss: 0.7399 - accuracy: 0.7618
 9000/10000 [==========================>...] - ETA: 3s - loss: 0.7334 - accuracy: 0.7642
 9500/10000 [===========================>..] - ETA: 1s - loss: 0.7254 - accuracy: 0.7682
10000/10000 [==============================] - 39s 4ms/step - loss: 0.7372 - accuracy: 0.7638 - val_loss: 0.8139 - val_accuracy: 0.7288
Latency --- 194.93237257003784 seconds ---
For delta=0.000100, the current epsilon is: 6.0095
Saving model with new accuracy, previous accuracy was 0 and present is 0.7638000249862671
Saved model to disk
=====================Iteration========================== 2
For delta=0.000100, the current epsilon is: 6.0095
Noise Mutiplier 0.83
loss= <keras.losses.CategoricalCrossentropy object at 0x10195f2ed0>
in grads Tensor("loss_1/mul:0", shape=(?,), dtype=float32)
Train on 10000 samples, validate on 2500 samples
Epoch 1/5

  500/10000 [>.............................] - ETA: 38s - loss: 2.3600 - accuracy: 0.1300
 1000/10000 [==>...........................] - ETA: 35s - loss: 2.3292 - accuracy: 0.1180
 1500/10000 [===>..........................] - ETA: 33s - loss: 2.3149 - accuracy: 0.1267
 2000/10000 [=====>........................] - ETA: 31s - loss: 2.3042 - accuracy: 0.1325
 2500/10000 [======>.......................] - ETA: 29s - loss: 2.2909 - accuracy: 0.1532
 3000/10000 [========>.....................] - ETA: 27s - loss: 2.2772 - accuracy: 0.1673
 3500/10000 [=========>....................] - ETA: 25s - loss: 2.2648 - accuracy: 0.1751
 4000/10000 [===========>..................] - ETA: 23s - loss: 2.2520 - accuracy: 0.1893
 4500/10000 [============>.................] - ETA: 21s - loss: 2.2399 - accuracy: 0.1964
 5000/10000 [==============>...............] - ETA: 19s - loss: 2.2288 - accuracy: 0.2088
 5500/10000 [===============>..............] - ETA: 17s - loss: 2.2209 - accuracy: 0.2065
 6000/10000 [=================>............] - ETA: 15s - loss: 2.2068 - accuracy: 0.2203
 6500/10000 [==================>...........] - ETA: 13s - loss: 2.1893 - accuracy: 0.2317
 7000/10000 [====================>.........] - ETA: 11s - loss: 2.1730 - accuracy: 0.2393
 7500/10000 [=====================>........] - ETA: 9s - loss: 2.1570 - accuracy: 0.2533 
 8000/10000 [=======================>......] - ETA: 7s - loss: 2.1448 - accuracy: 0.2573
 8500/10000 [========================>.....] - ETA: 5s - loss: 2.1323 - accuracy: 0.2656
 9000/10000 [==========================>...] - ETA: 3s - loss: 2.1180 - accuracy: 0.2731
 9500/10000 [===========================>..] - ETA: 1s - loss: 2.0990 - accuracy: 0.2827
10000/10000 [==============================] - 39s 4ms/step - loss: 2.0872 - accuracy: 0.2847 - val_loss: 1.7044 - val_accuracy: 0.5796
Epoch 2/5

  500/10000 [>.............................] - ETA: 35s - loss: 1.6882 - accuracy: 0.5820
 1000/10000 [==>...........................] - ETA: 34s - loss: 1.6897 - accuracy: 0.5210
 1500/10000 [===>..........................] - ETA: 32s - loss: 1.7022 - accuracy: 0.5027
 2000/10000 [=====>........................] - ETA: 30s - loss: 1.6783 - accuracy: 0.4975
 2500/10000 [======>.......................] - ETA: 29s - loss: 1.6492 - accuracy: 0.5220
 3000/10000 [========>.....................] - ETA: 27s - loss: 1.6331 - accuracy: 0.5143
 3500/10000 [=========>....................] - ETA: 25s - loss: 1.6041 - accuracy: 0.5246
 4000/10000 [===========>..................] - ETA: 23s - loss: 1.5869 - accuracy: 0.5255
 4500/10000 [============>.................] - ETA: 21s - loss: 1.5655 - accuracy: 0.5307
 5000/10000 [==============>...............] - ETA: 19s - loss: 1.5576 - accuracy: 0.5268
 5500/10000 [===============>..............] - ETA: 17s - loss: 1.5442 - accuracy: 0.5235
 6000/10000 [=================>............] - ETA: 15s - loss: 1.5411 - accuracy: 0.5202
 6500/10000 [==================>...........] - ETA: 13s - loss: 1.5329 - accuracy: 0.5214
 7000/10000 [====================>.........] - ETA: 11s - loss: 1.5236 - accuracy: 0.5250
 7500/10000 [=====================>........] - ETA: 9s - loss: 1.5076 - accuracy: 0.5285 
 8000/10000 [=======================>......] - ETA: 7s - loss: 1.4918 - accuracy: 0.5340
 8500/10000 [========================>.....] - ETA: 5s - loss: 1.4844 - accuracy: 0.5319
 9000/10000 [==========================>...] - ETA: 3s - loss: 1.4656 - accuracy: 0.5393
 9500/10000 [===========================>..] - ETA: 1s - loss: 1.4592 - accuracy: 0.5404
10000/10000 [==============================] - 39s 4ms/step - loss: 1.4372 - accuracy: 0.5490 - val_loss: 1.1858 - val_accuracy: 0.5832
Epoch 3/5

  500/10000 [>.............................] - ETA: 36s - loss: 1.0904 - accuracy: 0.6340
 1000/10000 [==>...........................] - ETA: 34s - loss: 1.1423 - accuracy: 0.6170
 1500/10000 [===>..........................] - ETA: 32s - loss: 1.1357 - accuracy: 0.6153
 2000/10000 [=====>........................] - ETA: 30s - loss: 1.1428 - accuracy: 0.6160
 2500/10000 [======>.......................] - ETA: 28s - loss: 1.1412 - accuracy: 0.6132
 3000/10000 [========>.....................] - ETA: 26s - loss: 1.1463 - accuracy: 0.6153
 3500/10000 [=========>....................] - ETA: 24s - loss: 1.1593 - accuracy: 0.6140
 4000/10000 [===========>..................] - ETA: 22s - loss: 1.1387 - accuracy: 0.6240
 4500/10000 [============>.................] - ETA: 21s - loss: 1.1496 - accuracy: 0.6198
 5000/10000 [==============>...............] - ETA: 19s - loss: 1.1417 - accuracy: 0.6256
 5500/10000 [===============>..............] - ETA: 17s - loss: 1.1204 - accuracy: 0.6327
 6000/10000 [=================>............] - ETA: 15s - loss: 1.1167 - accuracy: 0.6330
 6500/10000 [==================>...........] - ETA: 13s - loss: 1.1212 - accuracy: 0.6303
 7000/10000 [====================>.........] - ETA: 11s - loss: 1.1065 - accuracy: 0.6350
 7500/10000 [=====================>........] - ETA: 9s - loss: 1.1161 - accuracy: 0.6300 
 8000/10000 [=======================>......] - ETA: 7s - loss: 1.0999 - accuracy: 0.6359
 8500/10000 [========================>.....] - ETA: 5s - loss: 1.0873 - accuracy: 0.6396
 9000/10000 [==========================>...] - ETA: 3s - loss: 1.0812 - accuracy: 0.6421
 9500/10000 [===========================>..] - ETA: 1s - loss: 1.0737 - accuracy: 0.6447
10000/10000 [==============================] - 39s 4ms/step - loss: 1.0625 - accuracy: 0.6490 - val_loss: 0.9893 - val_accuracy: 0.6680
Epoch 4/5

  500/10000 [>.............................] - ETA: 37s - loss: 0.8955 - accuracy: 0.7040
 1000/10000 [==>...........................] - ETA: 35s - loss: 0.9904 - accuracy: 0.6580
 1500/10000 [===>..........................] - ETA: 32s - loss: 0.9360 - accuracy: 0.6880
 2000/10000 [=====>........................] - ETA: 31s - loss: 0.9321 - accuracy: 0.6875
 2500/10000 [======>.......................] - ETA: 29s - loss: 0.9218 - accuracy: 0.6900
 3000/10000 [========>.....................] - ETA: 27s - loss: 0.8996 - accuracy: 0.6967
 3500/10000 [=========>....................] - ETA: 25s - loss: 0.8858 - accuracy: 0.7009
 4000/10000 [===========>..................] - ETA: 23s - loss: 0.8899 - accuracy: 0.6985
 4500/10000 [============>.................] - ETA: 21s - loss: 0.8945 - accuracy: 0.6989
 5000/10000 [==============>...............] - ETA: 19s - loss: 0.8836 - accuracy: 0.7018
 5500/10000 [===============>..............] - ETA: 17s - loss: 0.8678 - accuracy: 0.7100
 6000/10000 [=================>............] - ETA: 15s - loss: 0.8698 - accuracy: 0.7077
 6500/10000 [==================>...........] - ETA: 13s - loss: 0.8591 - accuracy: 0.7120
 7000/10000 [====================>.........] - ETA: 11s - loss: 0.8558 - accuracy: 0.7141
 7500/10000 [=====================>........] - ETA: 9s - loss: 0.8439 - accuracy: 0.7191 
 8000/10000 [=======================>......] - ETA: 7s - loss: 0.8371 - accuracy: 0.7218
 8500/10000 [========================>.....] - ETA: 5s - loss: 0.8264 - accuracy: 0.7259
 9000/10000 [==========================>...] - ETA: 3s - loss: 0.8251 - accuracy: 0.7287
 9500/10000 [===========================>..] - ETA: 1s - loss: 0.8199 - accuracy: 0.7299
10000/10000 [==============================] - 39s 4ms/step - loss: 0.8289 - accuracy: 0.7285 - val_loss: 0.8099 - val_accuracy: 0.7404
Epoch 5/5

  500/10000 [>.............................] - ETA: 36s - loss: 0.7750 - accuracy: 0.7460
 1000/10000 [==>...........................] - ETA: 33s - loss: 0.7616 - accuracy: 0.7320
 1500/10000 [===>..........................] - ETA: 32s - loss: 0.8096 - accuracy: 0.7233
 2000/10000 [=====>........................] - ETA: 30s - loss: 0.7929 - accuracy: 0.7300
 2500/10000 [======>.......................] - ETA: 28s - loss: 0.7708 - accuracy: 0.7408
 3000/10000 [========>.....................] - ETA: 26s - loss: 0.7982 - accuracy: 0.7310
 3500/10000 [=========>....................] - ETA: 24s - loss: 0.7845 - accuracy: 0.7380
 4000/10000 [===========>..................] - ETA: 23s - loss: 0.7620 - accuracy: 0.7470
 4500/10000 [============>.................] - ETA: 21s - loss: 0.7756 - accuracy: 0.7442
 5000/10000 [==============>...............] - ETA: 19s - loss: 0.7629 - accuracy: 0.7498
 5500/10000 [===============>..............] - ETA: 17s - loss: 0.7810 - accuracy: 0.7467
 6000/10000 [=================>............] - ETA: 15s - loss: 0.7793 - accuracy: 0.7475
 6500/10000 [==================>...........] - ETA: 13s - loss: 0.7740 - accuracy: 0.7477
 7000/10000 [====================>.........] - ETA: 11s - loss: 0.7701 - accuracy: 0.7481
 7500/10000 [=====================>........] - ETA: 9s - loss: 0.7652 - accuracy: 0.7499 
 8000/10000 [=======================>......] - ETA: 7s - loss: 0.7581 - accuracy: 0.7514
 8500/10000 [========================>.....] - ETA: 5s - loss: 0.7515 - accuracy: 0.7532
 9000/10000 [==========================>...] - ETA: 3s - loss: 0.7431 - accuracy: 0.7566
 9500/10000 [===========================>..] - ETA: 1s - loss: 0.7387 - accuracy: 0.7573
10000/10000 [==============================] - 39s 4ms/step - loss: 0.7330 - accuracy: 0.7599 - val_loss: 0.7634 - val_accuracy: 0.7468
Latency --- 194.3429365158081 seconds ---
For delta=0.000100, the current epsilon is: 6.0095
=====================Iteration========================== 3
For delta=0.000100, the current epsilon is: 6.0095
Noise Mutiplier 0.83
loss= <keras.losses.CategoricalCrossentropy object at 0x1019765c90>
in grads Tensor("loss_2/mul:0", shape=(?,), dtype=float32)
Train on 10000 samples, validate on 2500 samples
Epoch 1/5

  500/10000 [>.............................] - ETA: 38s - loss: 2.3234 - accuracy: 0.1000
 1000/10000 [==>...........................] - ETA: 35s - loss: 2.3083 - accuracy: 0.1040
 1500/10000 [===>..........................] - ETA: 33s - loss: 2.3039 - accuracy: 0.1080
 2000/10000 [=====>........................] - ETA: 30s - loss: 2.2990 - accuracy: 0.1080
 2500/10000 [======>.......................] - ETA: 28s - loss: 2.2930 - accuracy: 0.1128
 3000/10000 [========>.....................] - ETA: 26s - loss: 2.2865 - accuracy: 0.1177
 3500/10000 [=========>....................] - ETA: 25s - loss: 2.2794 - accuracy: 0.1206
 4000/10000 [===========>..................] - ETA: 23s - loss: 2.2700 - accuracy: 0.1315
 4500/10000 [============>.................] - ETA: 21s - loss: 2.2570 - accuracy: 0.1409
 5000/10000 [==============>...............] - ETA: 19s - loss: 2.2446 - accuracy: 0.1558
 5500/10000 [===============>..............] - ETA: 17s - loss: 2.2289 - accuracy: 0.1662
 6000/10000 [=================>............] - ETA: 15s - loss: 2.2099 - accuracy: 0.1892
 6500/10000 [==================>...........] - ETA: 13s - loss: 2.1921 - accuracy: 0.1997
 7000/10000 [====================>.........] - ETA: 11s - loss: 2.1780 - accuracy: 0.2063
 7500/10000 [=====================>........] - ETA: 9s - loss: 2.1611 - accuracy: 0.2115 
 8000/10000 [=======================>......] - ETA: 7s - loss: 2.1462 - accuracy: 0.2222
 8500/10000 [========================>.....] - ETA: 5s - loss: 2.1363 - accuracy: 0.2258
 9000/10000 [==========================>...] - ETA: 3s - loss: 2.1190 - accuracy: 0.2364
 9500/10000 [===========================>..] - ETA: 1s - loss: 2.1069 - accuracy: 0.2403
10000/10000 [==============================] - 39s 4ms/step - loss: 2.0879 - accuracy: 0.2530 - val_loss: 1.7254 - val_accuracy: 0.4864
Epoch 2/5

  500/10000 [>.............................] - ETA: 36s - loss: 1.6583 - accuracy: 0.5160
 1000/10000 [==>...........................] - ETA: 34s - loss: 1.7246 - accuracy: 0.5030
 1500/10000 [===>..........................] - ETA: 32s - loss: 1.6982 - accuracy: 0.4940
 2000/10000 [=====>........................] - ETA: 30s - loss: 1.6778 - accuracy: 0.4860
 2500/10000 [======>.......................] - ETA: 28s - loss: 1.6875 - accuracy: 0.4632
 3000/10000 [========>.....................] - ETA: 26s - loss: 1.7035 - accuracy: 0.4550
 3500/10000 [=========>....................] - ETA: 24s - loss: 1.6991 - accuracy: 0.4526
 4000/10000 [===========>..................] - ETA: 23s - loss: 1.7054 - accuracy: 0.4433
 4500/10000 [============>.................] - ETA: 21s - loss: 1.6886 - accuracy: 0.4496
 5000/10000 [==============>...............] - ETA: 19s - loss: 1.6715 - accuracy: 0.4508
 5500/10000 [===============>..............] - ETA: 17s - loss: 1.6515 - accuracy: 0.4582
 6000/10000 [=================>............] - ETA: 15s - loss: 1.6251 - accuracy: 0.4663
 6500/10000 [==================>...........] - ETA: 13s - loss: 1.6065 - accuracy: 0.4697
 7000/10000 [====================>.........] - ETA: 11s - loss: 1.5910 - accuracy: 0.4744
 7500/10000 [=====================>........] - ETA: 9s - loss: 1.5898 - accuracy: 0.4708 
 8000/10000 [=======================>......] - ETA: 7s - loss: 1.5790 - accuracy: 0.4774
 8500/10000 [========================>.....] - ETA: 5s - loss: 1.5699 - accuracy: 0.4791
 9000/10000 [==========================>...] - ETA: 3s - loss: 1.5564 - accuracy: 0.4830
 9500/10000 [===========================>..] - ETA: 1s - loss: 1.5439 - accuracy: 0.4874
10000/10000 [==============================] - 39s 4ms/step - loss: 1.5313 - accuracy: 0.4908 - val_loss: 1.5747 - val_accuracy: 0.5228
Epoch 3/5

  500/10000 [>.............................] - ETA: 34s - loss: 1.4781 - accuracy: 0.5240
 1000/10000 [==>...........................] - ETA: 33s - loss: 1.3340 - accuracy: 0.5590
 1500/10000 [===>..........................] - ETA: 32s - loss: 1.3046 - accuracy: 0.5573
 2000/10000 [=====>........................] - ETA: 30s - loss: 1.3108 - accuracy: 0.5685
 2500/10000 [======>.......................] - ETA: 28s - loss: 1.3110 - accuracy: 0.5556
 3000/10000 [========>.....................] - ETA: 27s - loss: 1.3083 - accuracy: 0.5567
 3500/10000 [=========>....................] - ETA: 25s - loss: 1.2677 - accuracy: 0.5737
 4000/10000 [===========>..................] - ETA: 23s - loss: 1.2631 - accuracy: 0.5717
 4500/10000 [============>.................] - ETA: 21s - loss: 1.2573 - accuracy: 0.5767
 5000/10000 [==============>...............] - ETA: 19s - loss: 1.2370 - accuracy: 0.5844
 5500/10000 [===============>..............] - ETA: 17s - loss: 1.2361 - accuracy: 0.5844
 6000/10000 [=================>............] - ETA: 15s - loss: 1.2251 - accuracy: 0.5883
 6500/10000 [==================>...........] - ETA: 13s - loss: 1.2060 - accuracy: 0.5975
 7000/10000 [====================>.........] - ETA: 11s - loss: 1.1882 - accuracy: 0.6043
 7500/10000 [=====================>........] - ETA: 9s - loss: 1.1786 - accuracy: 0.6059 
 8000/10000 [=======================>......] - ETA: 7s - loss: 1.1711 - accuracy: 0.6099
 8500/10000 [========================>.....] - ETA: 5s - loss: 1.1577 - accuracy: 0.6126
 9000/10000 [==========================>...] - ETA: 3s - loss: 1.1607 - accuracy: 0.6103
 9500/10000 [===========================>..] - ETA: 1s - loss: 1.1575 - accuracy: 0.6153
10000/10000 [==============================] - 39s 4ms/step - loss: 1.1460 - accuracy: 0.6183 - val_loss: 1.1357 - val_accuracy: 0.6112
Epoch 4/5

  500/10000 [>.............................] - ETA: 37s - loss: 1.0818 - accuracy: 0.6360
 1000/10000 [==>...........................] - ETA: 34s - loss: 1.0775 - accuracy: 0.6130
 1500/10000 [===>..........................] - ETA: 32s - loss: 1.0355 - accuracy: 0.6300
 2000/10000 [=====>........................] - ETA: 30s - loss: 1.0133 - accuracy: 0.6450
 2500/10000 [======>.......................] - ETA: 28s - loss: 0.9775 - accuracy: 0.6620
 3000/10000 [========>.....................] - ETA: 26s - loss: 0.9684 - accuracy: 0.6690
 3500/10000 [=========>....................] - ETA: 24s - loss: 0.9654 - accuracy: 0.6717
 4000/10000 [===========>..................] - ETA: 23s - loss: 0.9702 - accuracy: 0.6683
 4500/10000 [============>.................] - ETA: 21s - loss: 0.9593 - accuracy: 0.6733
 5000/10000 [==============>...............] - ETA: 19s - loss: 0.9550 - accuracy: 0.6742
 5500/10000 [===============>..............] - ETA: 17s - loss: 0.9676 - accuracy: 0.6685
 6000/10000 [=================>............] - ETA: 15s - loss: 0.9460 - accuracy: 0.6775
 6500/10000 [==================>...........] - ETA: 13s - loss: 0.9303 - accuracy: 0.6848
 7000/10000 [====================>.........] - ETA: 11s - loss: 0.9208 - accuracy: 0.6870
 7500/10000 [=====================>........] - ETA: 9s - loss: 0.9084 - accuracy: 0.6915 
 8000/10000 [=======================>......] - ETA: 7s - loss: 0.8973 - accuracy: 0.6974
 8500/10000 [========================>.....] - ETA: 5s - loss: 0.8887 - accuracy: 0.7022
 9000/10000 [==========================>...] - ETA: 3s - loss: 0.8875 - accuracy: 0.7003
 9500/10000 [===========================>..] - ETA: 1s - loss: 0.8842 - accuracy: 0.7014
10000/10000 [==============================] - 38s 4ms/step - loss: 0.8798 - accuracy: 0.7030 - val_loss: 0.9754 - val_accuracy: 0.6900
Epoch 5/5

  500/10000 [>.............................] - ETA: 38s - loss: 0.8781 - accuracy: 0.7080
 1000/10000 [==>...........................] - ETA: 36s - loss: 0.8535 - accuracy: 0.7190
 1500/10000 [===>..........................] - ETA: 33s - loss: 0.8579 - accuracy: 0.7133
 2000/10000 [=====>........................] - ETA: 31s - loss: 0.8706 - accuracy: 0.7070
 2500/10000 [======>.......................] - ETA: 29s - loss: 0.8219 - accuracy: 0.7276
 3000/10000 [========>.....................] - ETA: 27s - loss: 0.8060 - accuracy: 0.7343
 3500/10000 [=========>....................] - ETA: 25s - loss: 0.7846 - accuracy: 0.7426
 4000/10000 [===========>..................] - ETA: 23s - loss: 0.7733 - accuracy: 0.7435
 4500/10000 [============>.................] - ETA: 21s - loss: 0.7675 - accuracy: 0.7458
 5000/10000 [==============>...............] - ETA: 19s - loss: 0.7728 - accuracy: 0.7404
 5500/10000 [===============>..............] - ETA: 17s - loss: 0.7656 - accuracy: 0.7424
 6000/10000 [=================>............] - ETA: 15s - loss: 0.7677 - accuracy: 0.7433
 6500/10000 [==================>...........] - ETA: 13s - loss: 0.7609 - accuracy: 0.7466
 7000/10000 [====================>.........] - ETA: 11s - loss: 0.7618 - accuracy: 0.7460
 7500/10000 [=====================>........] - ETA: 9s - loss: 0.7525 - accuracy: 0.7495 
 8000/10000 [=======================>......] - ETA: 7s - loss: 0.7453 - accuracy: 0.7533
 8500/10000 [========================>.....] - ETA: 5s - loss: 0.7395 - accuracy: 0.7558
 9000/10000 [==========================>...] - ETA: 3s - loss: 0.7337 - accuracy: 0.7573
 9500/10000 [===========================>..] - ETA: 1s - loss: 0.7399 - accuracy: 0.7571
10000/10000 [==============================] - 39s 4ms/step - loss: 0.7397 - accuracy: 0.7575 - val_loss: 0.8084 - val_accuracy: 0.7248
Latency --- 193.7413558959961 seconds ---
For delta=0.000100, the current epsilon is: 6.0095
=====================Iteration========================== 4
For delta=0.000100, the current epsilon is: 6.0095
Noise Mutiplier 0.83
loss= <keras.losses.CategoricalCrossentropy object at 0x10198f4790>
in grads Tensor("loss_3/mul:0", shape=(?,), dtype=float32)
Train on 10000 samples, validate on 2500 samples
Epoch 1/5

  500/10000 [>.............................] - ETA: 37s - loss: 2.3074 - accuracy: 0.0920
 1000/10000 [==>...........................] - ETA: 35s - loss: 2.2955 - accuracy: 0.1050
 1500/10000 [===>..........................] - ETA: 33s - loss: 2.2789 - accuracy: 0.1493
 2000/10000 [=====>........................] - ETA: 31s - loss: 2.2647 - accuracy: 0.1785
 2500/10000 [======>.......................] - ETA: 29s - loss: 2.2461 - accuracy: 0.1988
 3000/10000 [========>.....................] - ETA: 27s - loss: 2.2308 - accuracy: 0.2010
 3500/10000 [=========>....................] - ETA: 25s - loss: 2.2112 - accuracy: 0.2346
 4000/10000 [===========>..................] - ETA: 23s - loss: 2.1961 - accuracy: 0.2395
 4500/10000 [============>.................] - ETA: 21s - loss: 2.1853 - accuracy: 0.2471
 5000/10000 [==============>...............] - ETA: 19s - loss: 2.1671 - accuracy: 0.2622
 5500/10000 [===============>..............] - ETA: 17s - loss: 2.1572 - accuracy: 0.2604
 6000/10000 [=================>............] - ETA: 15s - loss: 2.1473 - accuracy: 0.2617
 6500/10000 [==================>...........] - ETA: 13s - loss: 2.1368 - accuracy: 0.2598
 7000/10000 [====================>.........] - ETA: 11s - loss: 2.1187 - accuracy: 0.2747
 7500/10000 [=====================>........] - ETA: 9s - loss: 2.1001 - accuracy: 0.2867 
 8000/10000 [=======================>......] - ETA: 7s - loss: 2.0854 - accuracy: 0.2900
 8500/10000 [========================>.....] - ETA: 5s - loss: 2.0699 - accuracy: 0.2968
 9000/10000 [==========================>...] - ETA: 3s - loss: 2.0564 - accuracy: 0.3042
 9500/10000 [===========================>..] - ETA: 1s - loss: 2.0463 - accuracy: 0.3033
10000/10000 [==============================] - 39s 4ms/step - loss: 2.0319 - accuracy: 0.3096 - val_loss: 1.8412 - val_accuracy: 0.3764
Epoch 2/5

  500/10000 [>.............................] - ETA: 35s - loss: 1.7516 - accuracy: 0.4100
 1000/10000 [==>...........................] - ETA: 34s - loss: 1.8235 - accuracy: 0.4010
 1500/10000 [===>..........................] - ETA: 32s - loss: 1.7804 - accuracy: 0.4000
 2000/10000 [=====>........................] - ETA: 31s - loss: 1.7646 - accuracy: 0.4105
 2500/10000 [======>.......................] - ETA: 29s - loss: 1.7183 - accuracy: 0.4388
 3000/10000 [========>.....................] - ETA: 27s - loss: 1.7356 - accuracy: 0.4370
 3500/10000 [=========>....................] - ETA: 25s - loss: 1.7082 - accuracy: 0.4537
 4000/10000 [===========>..................] - ETA: 23s - loss: 1.6870 - accuracy: 0.4595
 4500/10000 [============>.................] - ETA: 21s - loss: 1.6639 - accuracy: 0.4698
 5000/10000 [==============>...............] - ETA: 19s - loss: 1.6563 - accuracy: 0.4652
 5500/10000 [===============>..............] - ETA: 17s - loss: 1.6435 - accuracy: 0.4687
 6000/10000 [=================>............] - ETA: 15s - loss: 1.6230 - accuracy: 0.4722
 6500/10000 [==================>...........] - ETA: 13s - loss: 1.6048 - accuracy: 0.4789
 7000/10000 [====================>.........] - ETA: 11s - loss: 1.5889 - accuracy: 0.4843
 7500/10000 [=====================>........] - ETA: 9s - loss: 1.5791 - accuracy: 0.4877 
 8000/10000 [=======================>......] - ETA: 7s - loss: 1.5663 - accuracy: 0.4899
 8500/10000 [========================>.....] - ETA: 5s - loss: 1.5560 - accuracy: 0.4919
 9000/10000 [==========================>...] - ETA: 3s - loss: 1.5528 - accuracy: 0.4930
 9500/10000 [===========================>..] - ETA: 1s - loss: 1.5521 - accuracy: 0.4964
10000/10000 [==============================] - 39s 4ms/step - loss: 1.5421 - accuracy: 0.4997 - val_loss: 1.6243 - val_accuracy: 0.5276
Epoch 3/5

  500/10000 [>.............................] - ETA: 36s - loss: 1.5521 - accuracy: 0.5340
 1000/10000 [==>...........................] - ETA: 34s - loss: 1.4894 - accuracy: 0.5400
 1500/10000 [===>..........................] - ETA: 32s - loss: 1.4532 - accuracy: 0.5467
 2000/10000 [=====>........................] - ETA: 30s - loss: 1.4284 - accuracy: 0.5520
 2500/10000 [======>.......................] - ETA: 28s - loss: 1.4268 - accuracy: 0.5424
 3000/10000 [========>.....................] - ETA: 26s - loss: 1.4031 - accuracy: 0.5533
 3500/10000 [=========>....................] - ETA: 24s - loss: 1.3711 - accuracy: 0.5663
 4000/10000 [===========>..................] - ETA: 22s - loss: 1.3409 - accuracy: 0.5785
 4500/10000 [============>.................] - ETA: 21s - loss: 1.3153 - accuracy: 0.5864
 5000/10000 [==============>...............] - ETA: 19s - loss: 1.2855 - accuracy: 0.5940
 5500/10000 [===============>..............] - ETA: 17s - loss: 1.2550 - accuracy: 0.6027
 6000/10000 [=================>............] - ETA: 15s - loss: 1.2629 - accuracy: 0.5968
 6500/10000 [==================>...........] - ETA: 13s - loss: 1.2415 - accuracy: 0.6014
 7000/10000 [====================>.........] - ETA: 11s - loss: 1.2359 - accuracy: 0.6037
 7500/10000 [=====================>........] - ETA: 9s - loss: 1.2218 - accuracy: 0.6080 
 8000/10000 [=======================>......] - ETA: 7s - loss: 1.2091 - accuracy: 0.6151
 8500/10000 [========================>.....] - ETA: 5s - loss: 1.1997 - accuracy: 0.6166
 9000/10000 [==========================>...] - ETA: 3s - loss: 1.1825 - accuracy: 0.6206
 9500/10000 [===========================>..] - ETA: 1s - loss: 1.1666 - accuracy: 0.6257
10000/10000 [==============================] - 38s 4ms/step - loss: 1.1534 - accuracy: 0.6280 - val_loss: 1.1197 - val_accuracy: 0.6264
Epoch 4/5

  500/10000 [>.............................] - ETA: 34s - loss: 0.9550 - accuracy: 0.6900
 1000/10000 [==>...........................] - ETA: 34s - loss: 0.9175 - accuracy: 0.7000
 1500/10000 [===>..........................] - ETA: 32s - loss: 0.9094 - accuracy: 0.6987
 2000/10000 [=====>........................] - ETA: 30s - loss: 0.8927 - accuracy: 0.7010
 2500/10000 [======>.......................] - ETA: 28s - loss: 0.9308 - accuracy: 0.6916
 3000/10000 [========>.....................] - ETA: 26s - loss: 0.9102 - accuracy: 0.6997
 3500/10000 [=========>....................] - ETA: 25s - loss: 0.9293 - accuracy: 0.6949
 4000/10000 [===========>..................] - ETA: 22s - loss: 0.9304 - accuracy: 0.6965
 4500/10000 [============>.................] - ETA: 21s - loss: 0.9279 - accuracy: 0.6976
 5000/10000 [==============>...............] - ETA: 19s - loss: 0.9199 - accuracy: 0.7028
 5500/10000 [===============>..............] - ETA: 17s - loss: 0.9032 - accuracy: 0.7067
 6000/10000 [=================>............] - ETA: 15s - loss: 0.8860 - accuracy: 0.7122
 6500/10000 [==================>...........] - ETA: 13s - loss: 0.8848 - accuracy: 0.7115
 7000/10000 [====================>.........] - ETA: 11s - loss: 0.8832 - accuracy: 0.7140
 7500/10000 [=====================>........] - ETA: 9s - loss: 0.8676 - accuracy: 0.7189 
 8000/10000 [=======================>......] - ETA: 7s - loss: 0.8567 - accuracy: 0.7228
 8500/10000 [========================>.....] - ETA: 5s - loss: 0.8583 - accuracy: 0.7220
 9000/10000 [==========================>...] - ETA: 3s - loss: 0.8553 - accuracy: 0.7234
 9500/10000 [===========================>..] - ETA: 1s - loss: 0.8509 - accuracy: 0.7252
10000/10000 [==============================] - 39s 4ms/step - loss: 0.8461 - accuracy: 0.7258 - val_loss: 0.9469 - val_accuracy: 0.7236
Epoch 5/5

  500/10000 [>.............................] - ETA: 35s - loss: 0.8161 - accuracy: 0.7540
 1000/10000 [==>...........................] - ETA: 34s - loss: 0.7903 - accuracy: 0.7580
 1500/10000 [===>..........................] - ETA: 32s - loss: 0.8118 - accuracy: 0.7473
 2000/10000 [=====>........................] - ETA: 30s - loss: 0.7878 - accuracy: 0.7530
 2500/10000 [======>.......................] - ETA: 28s - loss: 0.7982 - accuracy: 0.7504
 3000/10000 [========>.....................] - ETA: 26s - loss: 0.8073 - accuracy: 0.7460
 3500/10000 [=========>....................] - ETA: 25s - loss: 0.7780 - accuracy: 0.7529
 4000/10000 [===========>..................] - ETA: 23s - loss: 0.7613 - accuracy: 0.7565
 4500/10000 [============>.................] - ETA: 21s - loss: 0.7435 - accuracy: 0.7624
 5000/10000 [==============>...............] - ETA: 19s - loss: 0.7252 - accuracy: 0.7660
 5500/10000 [===============>..............] - ETA: 17s - loss: 0.7279 - accuracy: 0.7640
 6000/10000 [=================>............] - ETA: 15s - loss: 0.7194 - accuracy: 0.7660
 6500/10000 [==================>...........] - ETA: 13s - loss: 0.7149 - accuracy: 0.7668
 7000/10000 [====================>.........] - ETA: 11s - loss: 0.6987 - accuracy: 0.7730
 7500/10000 [=====================>........] - ETA: 9s - loss: 0.6927 - accuracy: 0.7747 
 8000/10000 [=======================>......] - ETA: 7s - loss: 0.7008 - accuracy: 0.7707
 8500/10000 [========================>.....] - ETA: 5s - loss: 0.7023 - accuracy: 0.7713
 9000/10000 [==========================>...] - ETA: 3s - loss: 0.6972 - accuracy: 0.7732
 9500/10000 [===========================>..] - ETA: 1s - loss: 0.7004 - accuracy: 0.7723
10000/10000 [==============================] - 39s 4ms/step - loss: 0.6984 - accuracy: 0.7731 - val_loss: 0.8774 - val_accuracy: 0.7220
Latency --- 193.7753083705902 seconds ---
For delta=0.000100, the current epsilon is: 6.0095
Saving model with new accuracy, previous accuracy was 0.7638000249862671 and present is 0.7731000185012817
Saved model to disk
=====================Iteration========================== 5
For delta=0.000100, the current epsilon is: 6.0095
Noise Mutiplier 0.83
loss= <keras.losses.CategoricalCrossentropy object at 0x1019a72f10>
in grads Tensor("loss_4/mul:0", shape=(?,), dtype=float32)
Train on 10000 samples, validate on 2500 samples
Epoch 1/5

  500/10000 [>.............................] - ETA: 39s - loss: 2.3241 - accuracy: 0.0900
 1000/10000 [==>...........................] - ETA: 36s - loss: 2.3085 - accuracy: 0.1110
 1500/10000 [===>..........................] - ETA: 33s - loss: 2.2991 - accuracy: 0.1293
 2000/10000 [=====>........................] - ETA: 31s - loss: 2.2936 - accuracy: 0.1370
 2500/10000 [======>.......................] - ETA: 29s - loss: 2.2848 - accuracy: 0.1316
 3000/10000 [========>.....................] - ETA: 27s - loss: 2.2775 - accuracy: 0.1477
 3500/10000 [=========>....................] - ETA: 25s - loss: 2.2699 - accuracy: 0.1469
 4000/10000 [===========>..................] - ETA: 23s - loss: 2.2593 - accuracy: 0.1480
 4500/10000 [============>.................] - ETA: 21s - loss: 2.2460 - accuracy: 0.1604
 5000/10000 [==============>...............] - ETA: 19s - loss: 2.2326 - accuracy: 0.1644
 5500/10000 [===============>..............] - ETA: 17s - loss: 2.2187 - accuracy: 0.1744
 6000/10000 [=================>............] - ETA: 15s - loss: 2.2047 - accuracy: 0.1832
 6500/10000 [==================>...........] - ETA: 13s - loss: 2.1852 - accuracy: 0.2038
 7000/10000 [====================>.........] - ETA: 11s - loss: 2.1710 - accuracy: 0.2106
 7500/10000 [=====================>........] - ETA: 9s - loss: 2.1537 - accuracy: 0.2177 
 8000/10000 [=======================>......] - ETA: 7s - loss: 2.1367 - accuracy: 0.2272
 8500/10000 [========================>.....] - ETA: 5s - loss: 2.1243 - accuracy: 0.2325
 9000/10000 [==========================>...] - ETA: 3s - loss: 2.1144 - accuracy: 0.2379
 9500/10000 [===========================>..] - ETA: 1s - loss: 2.1015 - accuracy: 0.2436
10000/10000 [==============================] - 39s 4ms/step - loss: 2.0846 - accuracy: 0.2516 - val_loss: 1.8023 - val_accuracy: 0.3968
Epoch 2/5

  500/10000 [>.............................] - ETA: 37s - loss: 1.8437 - accuracy: 0.3760
 1000/10000 [==>...........................] - ETA: 34s - loss: 1.7316 - accuracy: 0.4280
 1500/10000 [===>..........................] - ETA: 32s - loss: 1.6911 - accuracy: 0.4500
 2000/10000 [=====>........................] - ETA: 30s - loss: 1.6602 - accuracy: 0.4510
 2500/10000 [======>.......................] - ETA: 28s - loss: 1.6462 - accuracy: 0.4452
 3000/10000 [========>.....................] - ETA: 26s - loss: 1.6188 - accuracy: 0.4597
 3500/10000 [=========>....................] - ETA: 25s - loss: 1.6029 - accuracy: 0.4603
 4000/10000 [===========>..................] - ETA: 23s - loss: 1.6027 - accuracy: 0.4610
 4500/10000 [============>.................] - ETA: 21s - loss: 1.5723 - accuracy: 0.4764
 5000/10000 [==============>...............] - ETA: 19s - loss: 1.5535 - accuracy: 0.4822
 5500/10000 [===============>..............] - ETA: 17s - loss: 1.5463 - accuracy: 0.4933
 6000/10000 [=================>............] - ETA: 15s - loss: 1.5318 - accuracy: 0.4973
 6500/10000 [==================>...........] - ETA: 13s - loss: 1.5329 - accuracy: 0.5018
 7000/10000 [====================>.........] - ETA: 11s - loss: 1.5074 - accuracy: 0.5134
 7500/10000 [=====================>........] - ETA: 9s - loss: 1.4930 - accuracy: 0.5183 
 8000/10000 [=======================>......] - ETA: 7s - loss: 1.4737 - accuracy: 0.5251
 8500/10000 [========================>.....] - ETA: 5s - loss: 1.4532 - accuracy: 0.5333
 9000/10000 [==========================>...] - ETA: 3s - loss: 1.4307 - accuracy: 0.5417
 9500/10000 [===========================>..] - ETA: 1s - loss: 1.4090 - accuracy: 0.5482
10000/10000 [==============================] - 39s 4ms/step - loss: 1.3970 - accuracy: 0.5539 - val_loss: 1.3298 - val_accuracy: 0.5236
Epoch 3/5

  500/10000 [>.............................] - ETA: 36s - loss: 1.2473 - accuracy: 0.5320
 1000/10000 [==>...........................] - ETA: 34s - loss: 1.1362 - accuracy: 0.6070
 1500/10000 [===>..........................] - ETA: 32s - loss: 1.0770 - accuracy: 0.6380
 2000/10000 [=====>........................] - ETA: 30s - loss: 1.0716 - accuracy: 0.6440
 2500/10000 [======>.......................] - ETA: 28s - loss: 1.0718 - accuracy: 0.6400
 3000/10000 [========>.....................] - ETA: 26s - loss: 1.0787 - accuracy: 0.6427
 3500/10000 [=========>....................] - ETA: 24s - loss: 1.0779 - accuracy: 0.6431
 4000/10000 [===========>..................] - ETA: 22s - loss: 1.0643 - accuracy: 0.6557
 4500/10000 [============>.................] - ETA: 21s - loss: 1.0439 - accuracy: 0.6633
 5000/10000 [==============>...............] - ETA: 19s - loss: 1.0353 - accuracy: 0.6680
 5500/10000 [===============>..............] - ETA: 17s - loss: 1.0275 - accuracy: 0.6709
 6000/10000 [=================>............] - ETA: 15s - loss: 1.0183 - accuracy: 0.6765
 6500/10000 [==================>...........] - ETA: 13s - loss: 1.0109 - accuracy: 0.6775
 7000/10000 [====================>.........] - ETA: 11s - loss: 1.0009 - accuracy: 0.6800
 7500/10000 [=====================>........] - ETA: 9s - loss: 0.9822 - accuracy: 0.6861 
 8000/10000 [=======================>......] - ETA: 7s - loss: 0.9610 - accuracy: 0.6936
 8500/10000 [========================>.....] - ETA: 5s - loss: 0.9484 - accuracy: 0.6992
 9000/10000 [==========================>...] - ETA: 3s - loss: 0.9331 - accuracy: 0.7036
 9500/10000 [===========================>..] - ETA: 1s - loss: 0.9183 - accuracy: 0.7082
10000/10000 [==============================] - 39s 4ms/step - loss: 0.9189 - accuracy: 0.7077 - val_loss: 0.9109 - val_accuracy: 0.7356
Epoch 4/5

  500/10000 [>.............................] - ETA: 34s - loss: 0.7996 - accuracy: 0.7780
 1000/10000 [==>...........................] - ETA: 34s - loss: 0.7751 - accuracy: 0.7740
 1500/10000 [===>..........................] - ETA: 32s - loss: 0.8048 - accuracy: 0.7527
 2000/10000 [=====>........................] - ETA: 30s - loss: 0.8179 - accuracy: 0.7430
 2500/10000 [======>.......................] - ETA: 28s - loss: 0.7984 - accuracy: 0.7456
 3000/10000 [========>.....................] - ETA: 26s - loss: 0.7668 - accuracy: 0.7537
 3500/10000 [=========>....................] - ETA: 24s - loss: 0.7540 - accuracy: 0.7586
 4000/10000 [===========>..................] - ETA: 23s - loss: 0.7366 - accuracy: 0.7665
 4500/10000 [============>.................] - ETA: 21s - loss: 0.7137 - accuracy: 0.7740
 5000/10000 [==============>...............] - ETA: 19s - loss: 0.7012 - accuracy: 0.7778
 5500/10000 [===============>..............] - ETA: 17s - loss: 0.7021 - accuracy: 0.7760
 6000/10000 [=================>............] - ETA: 15s - loss: 0.6977 - accuracy: 0.7778
 6500/10000 [==================>...........] - ETA: 13s - loss: 0.6951 - accuracy: 0.7782
 7000/10000 [====================>.........] - ETA: 11s - loss: 0.6886 - accuracy: 0.7807
 7500/10000 [=====================>........] - ETA: 9s - loss: 0.7006 - accuracy: 0.7791 
 8000/10000 [=======================>......] - ETA: 7s - loss: 0.6914 - accuracy: 0.7826
 8500/10000 [========================>.....] - ETA: 5s - loss: 0.6810 - accuracy: 0.7861
 9000/10000 [==========================>...] - ETA: 3s - loss: 0.6763 - accuracy: 0.7870
 9500/10000 [===========================>..] - ETA: 1s - loss: 0.6793 - accuracy: 0.7878
10000/10000 [==============================] - 39s 4ms/step - loss: 0.6752 - accuracy: 0.7884 - val_loss: 0.7496 - val_accuracy: 0.7660
Epoch 5/5

  500/10000 [>.............................] - ETA: 35s - loss: 0.7145 - accuracy: 0.7540
 1000/10000 [==>...........................] - ETA: 33s - loss: 0.6925 - accuracy: 0.7700
 1500/10000 [===>..........................] - ETA: 32s - loss: 0.6905 - accuracy: 0.7793
 2000/10000 [=====>........................] - ETA: 30s - loss: 0.6678 - accuracy: 0.7865
 2500/10000 [======>.......................] - ETA: 28s - loss: 0.6547 - accuracy: 0.7888
 3000/10000 [========>.....................] - ETA: 26s - loss: 0.6199 - accuracy: 0.8023
 3500/10000 [=========>....................] - ETA: 24s - loss: 0.5972 - accuracy: 0.8109
 4000/10000 [===========>..................] - ETA: 23s - loss: 0.5849 - accuracy: 0.8133
 4500/10000 [============>.................] - ETA: 21s - loss: 0.5920 - accuracy: 0.8107
 5000/10000 [==============>...............] - ETA: 19s - loss: 0.5956 - accuracy: 0.8076
 5500/10000 [===============>..............] - ETA: 17s - loss: 0.5891 - accuracy: 0.8085
 6000/10000 [=================>............] - ETA: 15s - loss: 0.5823 - accuracy: 0.8115
 6500/10000 [==================>...........] - ETA: 13s - loss: 0.5825 - accuracy: 0.8117
 7000/10000 [====================>.........] - ETA: 11s - loss: 0.5839 - accuracy: 0.8123
 7500/10000 [=====================>........] - ETA: 9s - loss: 0.5863 - accuracy: 0.8120 
 8000/10000 [=======================>......] - ETA: 7s - loss: 0.5818 - accuracy: 0.8134
 8500/10000 [========================>.....] - ETA: 5s - loss: 0.5960 - accuracy: 0.8093
 9000/10000 [==========================>...] - ETA: 3s - loss: 0.5993 - accuracy: 0.8086
 9500/10000 [===========================>..] - ETA: 1s - loss: 0.6001 - accuracy: 0.8083
10000/10000 [==============================] - 39s 4ms/step - loss: 0.6066 - accuracy: 0.8056 - val_loss: 0.6878 - val_accuracy: 0.7888
Latency --- 194.64836287498474 seconds ---
For delta=0.000100, the current epsilon is: 6.0095
Saving model with new accuracy, previous accuracy was 0.7731000185012817 and present is 0.8055999875068665
Saved model to disk
=====================Iteration========================== 6
For delta=0.000100, the current epsilon is: 6.0095
Noise Mutiplier 0.83
loss= <keras.losses.CategoricalCrossentropy object at 0x1019be3190>
in grads Tensor("loss_5/mul:0", shape=(?,), dtype=float32)
Train on 10000 samples, validate on 2500 samples
Epoch 1/5

  500/10000 [>.............................] - ETA: 36s - loss: 2.3245 - accuracy: 0.1000
 1000/10000 [==>...........................] - ETA: 35s - loss: 2.3142 - accuracy: 0.1030
 1500/10000 [===>..........................] - ETA: 32s - loss: 2.3059 - accuracy: 0.1307
 2000/10000 [=====>........................] - ETA: 30s - loss: 2.2986 - accuracy: 0.1280
 2500/10000 [======>.......................] - ETA: 28s - loss: 2.2916 - accuracy: 0.1244
 3000/10000 [========>.....................] - ETA: 26s - loss: 2.2834 - accuracy: 0.1367
 3500/10000 [=========>....................] - ETA: 25s - loss: 2.2719 - accuracy: 0.1591
 4000/10000 [===========>..................] - ETA: 23s - loss: 2.2637 - accuracy: 0.1528
 4500/10000 [============>.................] - ETA: 21s - loss: 2.2568 - accuracy: 0.1591
 5000/10000 [==============>...............] - ETA: 19s - loss: 2.2470 - accuracy: 0.1664
 5500/10000 [===============>..............] - ETA: 17s - loss: 2.2353 - accuracy: 0.1793
 6000/10000 [=================>............] - ETA: 15s - loss: 2.2279 - accuracy: 0.1837
 6500/10000 [==================>...........] - ETA: 13s - loss: 2.2190 - accuracy: 0.1906
 7000/10000 [====================>.........] - ETA: 11s - loss: 2.2108 - accuracy: 0.1961
 7500/10000 [=====================>........] - ETA: 9s - loss: 2.2056 - accuracy: 0.1980 
 8000/10000 [=======================>......] - ETA: 7s - loss: 2.1944 - accuracy: 0.2058
 8500/10000 [========================>.....] - ETA: 5s - loss: 2.1783 - accuracy: 0.2162
 9000/10000 [==========================>...] - ETA: 3s - loss: 2.1623 - accuracy: 0.2294
 9500/10000 [===========================>..] - ETA: 1s - loss: 2.1428 - accuracy: 0.2401
10000/10000 [==============================] - 39s 4ms/step - loss: 2.1300 - accuracy: 0.2469 - val_loss: 1.9302 - val_accuracy: 0.3232
Epoch 2/5

  500/10000 [>.............................] - ETA: 35s - loss: 1.8359 - accuracy: 0.3660
 1000/10000 [==>...........................] - ETA: 34s - loss: 1.8485 - accuracy: 0.3250
 1500/10000 [===>..........................] - ETA: 32s - loss: 1.7881 - accuracy: 0.4033
 2000/10000 [=====>........................] - ETA: 30s - loss: 1.8011 - accuracy: 0.3930
 2500/10000 [======>.......................] - ETA: 28s - loss: 1.7906 - accuracy: 0.4100
 3000/10000 [========>.....................] - ETA: 26s - loss: 1.7668 - accuracy: 0.4183
 3500/10000 [=========>....................] - ETA: 24s - loss: 1.7521 - accuracy: 0.4346
 4000/10000 [===========>..................] - ETA: 23s - loss: 1.7383 - accuracy: 0.4300
 4500/10000 [============>.................] - ETA: 21s - loss: 1.7185 - accuracy: 0.4382
 5000/10000 [==============>...............] - ETA: 19s - loss: 1.7007 - accuracy: 0.4424
 5500/10000 [===============>..............] - ETA: 17s - loss: 1.6971 - accuracy: 0.4384
 6000/10000 [=================>............] - ETA: 15s - loss: 1.6846 - accuracy: 0.4427
 6500/10000 [==================>...........] - ETA: 13s - loss: 1.6670 - accuracy: 0.4489
 7000/10000 [====================>.........] - ETA: 11s - loss: 1.6590 - accuracy: 0.4520
 7500/10000 [=====================>........] - ETA: 9s - loss: 1.6482 - accuracy: 0.4569 
 8000/10000 [=======================>......] - ETA: 7s - loss: 1.6366 - accuracy: 0.4609
 8500/10000 [========================>.....] - ETA: 5s - loss: 1.6213 - accuracy: 0.4667
 9000/10000 [==========================>...] - ETA: 3s - loss: 1.5982 - accuracy: 0.4749
 9500/10000 [===========================>..] - ETA: 1s - loss: 1.5901 - accuracy: 0.4763
10000/10000 [==============================] - 39s 4ms/step - loss: 1.5829 - accuracy: 0.4750 - val_loss: 1.3821 - val_accuracy: 0.5432
Epoch 3/5

  500/10000 [>.............................] - ETA: 36s - loss: 1.3484 - accuracy: 0.5460
 1000/10000 [==>...........................] - ETA: 34s - loss: 1.3930 - accuracy: 0.5600
 1500/10000 [===>..........................] - ETA: 32s - loss: 1.4072 - accuracy: 0.5360
 2000/10000 [=====>........................] - ETA: 30s - loss: 1.3858 - accuracy: 0.5615
 2500/10000 [======>.......................] - ETA: 28s - loss: 1.3477 - accuracy: 0.5748
 3000/10000 [========>.....................] - ETA: 26s - loss: 1.3330 - accuracy: 0.5810
 3500/10000 [=========>....................] - ETA: 25s - loss: 1.3199 - accuracy: 0.5794
 4000/10000 [===========>..................] - ETA: 23s - loss: 1.2977 - accuracy: 0.5910
 4500/10000 [============>.................] - ETA: 21s - loss: 1.2663 - accuracy: 0.6040
 5000/10000 [==============>...............] - ETA: 19s - loss: 1.2444 - accuracy: 0.6104
 5500/10000 [===============>..............] - ETA: 17s - loss: 1.2304 - accuracy: 0.6124
 6000/10000 [=================>............] - ETA: 15s - loss: 1.2209 - accuracy: 0.6147
 6500/10000 [==================>...........] - ETA: 13s - loss: 1.2184 - accuracy: 0.6197
 7000/10000 [====================>.........] - ETA: 11s - loss: 1.2028 - accuracy: 0.6231
 7500/10000 [=====================>........] - ETA: 9s - loss: 1.1958 - accuracy: 0.6265 
 8000/10000 [=======================>......] - ETA: 7s - loss: 1.1829 - accuracy: 0.6302
 8500/10000 [========================>.....] - ETA: 5s - loss: 1.1726 - accuracy: 0.6331
 9000/10000 [==========================>...] - ETA: 3s - loss: 1.1566 - accuracy: 0.6384
 9500/10000 [===========================>..] - ETA: 1s - loss: 1.1530 - accuracy: 0.6372
10000/10000 [==============================] - 39s 4ms/step - loss: 1.1480 - accuracy: 0.6385 - val_loss: 0.9144 - val_accuracy: 0.7220
Epoch 4/5

  500/10000 [>.............................] - ETA: 37s - loss: 0.8237 - accuracy: 0.7420
 1000/10000 [==>...........................] - ETA: 34s - loss: 0.8168 - accuracy: 0.7570
 1500/10000 [===>..........................] - ETA: 32s - loss: 0.8644 - accuracy: 0.7360
 2000/10000 [=====>........................] - ETA: 31s - loss: 0.8548 - accuracy: 0.7355
 2500/10000 [======>.......................] - ETA: 29s - loss: 0.8501 - accuracy: 0.7304
 3000/10000 [========>.....................] - ETA: 27s - loss: 0.8451 - accuracy: 0.7333
 3500/10000 [=========>....................] - ETA: 25s - loss: 0.8265 - accuracy: 0.7391
 4000/10000 [===========>..................] - ETA: 23s - loss: 0.8309 - accuracy: 0.7337
 4500/10000 [============>.................] - ETA: 21s - loss: 0.8323 - accuracy: 0.7340
 5000/10000 [==============>...............] - ETA: 19s - loss: 0.8240 - accuracy: 0.7388
 5500/10000 [===============>..............] - ETA: 17s - loss: 0.8287 - accuracy: 0.7364
 6000/10000 [=================>............] - ETA: 15s - loss: 0.8185 - accuracy: 0.7412
 6500/10000 [==================>...........] - ETA: 13s - loss: 0.8098 - accuracy: 0.7457
 7000/10000 [====================>.........] - ETA: 11s - loss: 0.8049 - accuracy: 0.7457
 7500/10000 [=====================>........] - ETA: 9s - loss: 0.8005 - accuracy: 0.7471 
 8000/10000 [=======================>......] - ETA: 7s - loss: 0.7928 - accuracy: 0.7496
 8500/10000 [========================>.....] - ETA: 5s - loss: 0.7797 - accuracy: 0.7547
 9000/10000 [==========================>...] - ETA: 3s - loss: 0.7674 - accuracy: 0.7581
 9500/10000 [===========================>..] - ETA: 1s - loss: 0.7646 - accuracy: 0.7567
10000/10000 [==============================] - 39s 4ms/step - loss: 0.7637 - accuracy: 0.7563 - val_loss: 0.8607 - val_accuracy: 0.7232
Epoch 5/5

  500/10000 [>.............................] - ETA: 34s - loss: 0.6924 - accuracy: 0.7960
 1000/10000 [==>...........................] - ETA: 33s - loss: 0.7133 - accuracy: 0.7780
 1500/10000 [===>..........................] - ETA: 32s - loss: 0.7348 - accuracy: 0.7673
 2000/10000 [=====>........................] - ETA: 30s - loss: 0.7487 - accuracy: 0.7605
 2500/10000 [======>.......................] - ETA: 28s - loss: 0.7518 - accuracy: 0.7600
 3000/10000 [========>.....................] - ETA: 26s - loss: 0.7235 - accuracy: 0.7697
 3500/10000 [=========>....................] - ETA: 24s - loss: 0.7171 - accuracy: 0.7749
 4000/10000 [===========>..................] - ETA: 22s - loss: 0.7117 - accuracy: 0.7760
 4500/10000 [============>.................] - ETA: 20s - loss: 0.7054 - accuracy: 0.7789
 5000/10000 [==============>...............] - ETA: 19s - loss: 0.6990 - accuracy: 0.7812
 5500/10000 [===============>..............] - ETA: 17s - loss: 0.7116 - accuracy: 0.7769
 6000/10000 [=================>............] - ETA: 15s - loss: 0.7089 - accuracy: 0.7790
 6500/10000 [==================>...........] - ETA: 13s - loss: 0.7053 - accuracy: 0.7786
 7000/10000 [====================>.........] - ETA: 11s - loss: 0.6917 - accuracy: 0.7827
 7500/10000 [=====================>........] - ETA: 9s - loss: 0.6862 - accuracy: 0.7843 
 8000/10000 [=======================>......] - ETA: 7s - loss: 0.6768 - accuracy: 0.7864
 8500/10000 [========================>.....] - ETA: 5s - loss: 0.6681 - accuracy: 0.7887
 9000/10000 [==========================>...] - ETA: 3s - loss: 0.6607 - accuracy: 0.7910
 9500/10000 [===========================>..] - ETA: 1s - loss: 0.6598 - accuracy: 0.7912
10000/10000 [==============================] - 38s 4ms/step - loss: 0.6491 - accuracy: 0.7945 - val_loss: 0.6222 - val_accuracy: 0.7960
Latency --- 193.94084787368774 seconds ---
For delta=0.000100, the current epsilon is: 6.0095
=====================Iteration========================== 7
For delta=0.000100, the current epsilon is: 6.0095
Noise Mutiplier 0.83
loss= <keras.losses.CategoricalCrossentropy object at 0x1019d76ed0>
in grads Tensor("loss_6/mul:0", shape=(?,), dtype=float32)
Train on 10000 samples, validate on 2500 samples
Epoch 1/5

  500/10000 [>.............................] - ETA: 37s - loss: 2.3162 - accuracy: 0.0840
 1000/10000 [==>...........................] - ETA: 35s - loss: 2.3074 - accuracy: 0.1110
 1500/10000 [===>..........................] - ETA: 34s - loss: 2.2948 - accuracy: 0.1400
 2000/10000 [=====>........................] - ETA: 31s - loss: 2.2852 - accuracy: 0.1415
 2500/10000 [======>.......................] - ETA: 29s - loss: 2.2767 - accuracy: 0.1628
 3000/10000 [========>.....................] - ETA: 27s - loss: 2.2693 - accuracy: 0.1753
 3500/10000 [=========>....................] - ETA: 25s - loss: 2.2587 - accuracy: 0.1751
 4000/10000 [===========>..................] - ETA: 23s - loss: 2.2490 - accuracy: 0.1825
 4500/10000 [============>.................] - ETA: 21s - loss: 2.2352 - accuracy: 0.1873
 5000/10000 [==============>...............] - ETA: 19s - loss: 2.2198 - accuracy: 0.1896
 5500/10000 [===============>..............] - ETA: 17s - loss: 2.2054 - accuracy: 0.1949
 6000/10000 [=================>............] - ETA: 15s - loss: 2.1871 - accuracy: 0.2105
 6500/10000 [==================>...........] - ETA: 13s - loss: 2.1709 - accuracy: 0.2177
 7000/10000 [====================>.........] - ETA: 11s - loss: 2.1602 - accuracy: 0.2227
 7500/10000 [=====================>........] - ETA: 9s - loss: 2.1604 - accuracy: 0.2165 
 8000/10000 [=======================>......] - ETA: 7s - loss: 2.1495 - accuracy: 0.2250
 8500/10000 [========================>.....] - ETA: 5s - loss: 2.1366 - accuracy: 0.2281
 9000/10000 [==========================>...] - ETA: 3s - loss: 2.1283 - accuracy: 0.2332
 9500/10000 [===========================>..] - ETA: 1s - loss: 2.1195 - accuracy: 0.2345
10000/10000 [==============================] - 39s 4ms/step - loss: 2.1080 - accuracy: 0.2426 - val_loss: 1.8012 - val_accuracy: 0.4044
Epoch 2/5

  500/10000 [>.............................] - ETA: 35s - loss: 1.8144 - accuracy: 0.3820
 1000/10000 [==>...........................] - ETA: 34s - loss: 1.7956 - accuracy: 0.4030
 1500/10000 [===>..........................] - ETA: 32s - loss: 1.7987 - accuracy: 0.3900
 2000/10000 [=====>........................] - ETA: 30s - loss: 1.7757 - accuracy: 0.4005
 2500/10000 [======>.......................] - ETA: 29s - loss: 1.7474 - accuracy: 0.4252
 3000/10000 [========>.....................] - ETA: 27s - loss: 1.7253 - accuracy: 0.4317
 3500/10000 [=========>....................] - ETA: 25s - loss: 1.7256 - accuracy: 0.4197
 4000/10000 [===========>..................] - ETA: 23s - loss: 1.7142 - accuracy: 0.4288
 4500/10000 [============>.................] - ETA: 21s - loss: 1.6979 - accuracy: 0.4353
 5000/10000 [==============>...............] - ETA: 19s - loss: 1.6797 - accuracy: 0.4430
 5500/10000 [===============>..............] - ETA: 17s - loss: 1.6694 - accuracy: 0.4469
 6000/10000 [=================>............] - ETA: 15s - loss: 1.6449 - accuracy: 0.4610
 6500/10000 [==================>...........] - ETA: 13s - loss: 1.6186 - accuracy: 0.4738
 7000/10000 [====================>.........] - ETA: 11s - loss: 1.6061 - accuracy: 0.4746
 7500/10000 [=====================>........] - ETA: 9s - loss: 1.5891 - accuracy: 0.4844 
 8000/10000 [=======================>......] - ETA: 7s - loss: 1.5656 - accuracy: 0.4938
 8500/10000 [========================>.....] - ETA: 5s - loss: 1.5529 - accuracy: 0.4961
 9000/10000 [==========================>...] - ETA: 3s - loss: 1.5360 - accuracy: 0.5018
 9500/10000 [===========================>..] - ETA: 1s - loss: 1.5216 - accuracy: 0.5097
10000/10000 [==============================] - 39s 4ms/step - loss: 1.5054 - accuracy: 0.5130 - val_loss: 1.2290 - val_accuracy: 0.6112
Epoch 3/5

  500/10000 [>.............................] - ETA: 37s - loss: 1.1131 - accuracy: 0.6540
 1000/10000 [==>...........................] - ETA: 35s - loss: 1.1417 - accuracy: 0.6230
 1500/10000 [===>..........................] - ETA: 33s - loss: 1.1602 - accuracy: 0.6247
 2000/10000 [=====>........................] - ETA: 30s - loss: 1.1554 - accuracy: 0.6260
 2500/10000 [======>.......................] - ETA: 29s - loss: 1.1727 - accuracy: 0.6168
 3000/10000 [========>.....................] - ETA: 26s - loss: 1.1546 - accuracy: 0.6253
 3500/10000 [=========>....................] - ETA: 25s - loss: 1.1438 - accuracy: 0.6249
 4000/10000 [===========>..................] - ETA: 23s - loss: 1.1394 - accuracy: 0.6223
 4500/10000 [============>.................] - ETA: 21s - loss: 1.1442 - accuracy: 0.6231
 5000/10000 [==============>...............] - ETA: 19s - loss: 1.1337 - accuracy: 0.6250
 5500/10000 [===============>..............] - ETA: 17s - loss: 1.1200 - accuracy: 0.6244
 6000/10000 [=================>............] - ETA: 15s - loss: 1.1178 - accuracy: 0.6220
 6500/10000 [==================>...........] - ETA: 13s - loss: 1.1062 - accuracy: 0.6274
 7000/10000 [====================>.........] - ETA: 11s - loss: 1.0892 - accuracy: 0.6336
 7500/10000 [=====================>........] - ETA: 9s - loss: 1.0697 - accuracy: 0.6415 
 8000/10000 [=======================>......] - ETA: 7s - loss: 1.0542 - accuracy: 0.6481
 8500/10000 [========================>.....] - ETA: 5s - loss: 1.0525 - accuracy: 0.6498
 9000/10000 [==========================>...] - ETA: 3s - loss: 1.0472 - accuracy: 0.6512
 9500/10000 [===========================>..] - ETA: 1s - loss: 1.0353 - accuracy: 0.6547
10000/10000 [==============================] - 39s 4ms/step - loss: 1.0301 - accuracy: 0.6579 - val_loss: 0.8376 - val_accuracy: 0.7416
Epoch 4/5

  500/10000 [>.............................] - ETA: 35s - loss: 0.7177 - accuracy: 0.7860
 1000/10000 [==>...........................] - ETA: 33s - loss: 0.7679 - accuracy: 0.7580
 1500/10000 [===>..........................] - ETA: 32s - loss: 0.8050 - accuracy: 0.7440
 2000/10000 [=====>........................] - ETA: 30s - loss: 0.8286 - accuracy: 0.7290
 2500/10000 [======>.......................] - ETA: 28s - loss: 0.8097 - accuracy: 0.7364
 3000/10000 [========>.....................] - ETA: 26s - loss: 0.8109 - accuracy: 0.7360
 3500/10000 [=========>....................] - ETA: 24s - loss: 0.7989 - accuracy: 0.7446
 4000/10000 [===========>..................] - ETA: 23s - loss: 0.8194 - accuracy: 0.7400
 4500/10000 [============>.................] - ETA: 21s - loss: 0.8149 - accuracy: 0.7413
 5000/10000 [==============>...............] - ETA: 19s - loss: 0.8247 - accuracy: 0.7362
 5500/10000 [===============>..............] - ETA: 17s - loss: 0.8215 - accuracy: 0.7336
 6000/10000 [=================>............] - ETA: 15s - loss: 0.8180 - accuracy: 0.7365
 6500/10000 [==================>...........] - ETA: 13s - loss: 0.8121 - accuracy: 0.7371
 7000/10000 [====================>.........] - ETA: 11s - loss: 0.8140 - accuracy: 0.7334
 7500/10000 [=====================>........] - ETA: 9s - loss: 0.8113 - accuracy: 0.7352 
 8000/10000 [=======================>......] - ETA: 7s - loss: 0.8083 - accuracy: 0.7377
 8500/10000 [========================>.....] - ETA: 5s - loss: 0.7950 - accuracy: 0.7412
 9000/10000 [==========================>...] - ETA: 3s - loss: 0.7937 - accuracy: 0.7404
 9500/10000 [===========================>..] - ETA: 1s - loss: 0.7824 - accuracy: 0.7437
10000/10000 [==============================] - 39s 4ms/step - loss: 0.7736 - accuracy: 0.7465 - val_loss: 0.6883 - val_accuracy: 0.7768
Epoch 5/5

  500/10000 [>.............................] - ETA: 36s - loss: 0.6595 - accuracy: 0.7840
 1000/10000 [==>...........................] - ETA: 34s - loss: 0.5987 - accuracy: 0.8040
 1500/10000 [===>..........................] - ETA: 32s - loss: 0.6465 - accuracy: 0.7920
 2000/10000 [=====>........................] - ETA: 30s - loss: 0.6147 - accuracy: 0.8075
 2500/10000 [======>.......................] - ETA: 28s - loss: 0.6161 - accuracy: 0.8084
 3000/10000 [========>.....................] - ETA: 26s - loss: 0.6139 - accuracy: 0.8097
 3500/10000 [=========>....................] - ETA: 24s - loss: 0.6194 - accuracy: 0.8069
 4000/10000 [===========>..................] - ETA: 22s - loss: 0.6316 - accuracy: 0.8030
 4500/10000 [============>.................] - ETA: 20s - loss: 0.6393 - accuracy: 0.7987
 5000/10000 [==============>...............] - ETA: 19s - loss: 0.6260 - accuracy: 0.8036
 5500/10000 [===============>..............] - ETA: 17s - loss: 0.6297 - accuracy: 0.8025
 6000/10000 [=================>............] - ETA: 15s - loss: 0.6267 - accuracy: 0.8042
 6500/10000 [==================>...........] - ETA: 13s - loss: 0.6198 - accuracy: 0.8068
 7000/10000 [====================>.........] - ETA: 11s - loss: 0.6120 - accuracy: 0.8089
 7500/10000 [=====================>........] - ETA: 9s - loss: 0.6132 - accuracy: 0.8075 
 8000/10000 [=======================>......] - ETA: 7s - loss: 0.6127 - accuracy: 0.8067
 8500/10000 [========================>.....] - ETA: 5s - loss: 0.6105 - accuracy: 0.8084
 9000/10000 [==========================>...] - ETA: 3s - loss: 0.6081 - accuracy: 0.8070
 9500/10000 [===========================>..] - ETA: 1s - loss: 0.6138 - accuracy: 0.8042
10000/10000 [==============================] - 38s 4ms/step - loss: 0.6090 - accuracy: 0.8061 - val_loss: 0.7018 - val_accuracy: 0.7712
Latency --- 194.1752610206604 seconds ---
For delta=0.000100, the current epsilon is: 6.0095
Saving model with new accuracy, previous accuracy was 0.8055999875068665 and present is 0.8061000108718872
Saved model to disk
=====================Iteration========================== 8
For delta=0.000100, the current epsilon is: 6.0095
Noise Mutiplier 0.83
loss= <keras.losses.CategoricalCrossentropy object at 0x101a43dc90>
in grads Tensor("loss_7/mul:0", shape=(?,), dtype=float32)
Train on 10000 samples, validate on 2500 samples
Epoch 1/5

  500/10000 [>.............................] - ETA: 39s - loss: 2.3110 - accuracy: 0.1300
 1000/10000 [==>...........................] - ETA: 35s - loss: 2.3036 - accuracy: 0.1330
 1500/10000 [===>..........................] - ETA: 33s - loss: 2.2978 - accuracy: 0.1313
 2000/10000 [=====>........................] - ETA: 31s - loss: 2.2906 - accuracy: 0.1365
 2500/10000 [======>.......................] - ETA: 29s - loss: 2.2836 - accuracy: 0.1316
 3000/10000 [========>.....................] - ETA: 27s - loss: 2.2732 - accuracy: 0.1453
 3500/10000 [=========>....................] - ETA: 25s - loss: 2.2627 - accuracy: 0.1523
 4000/10000 [===========>..................] - ETA: 23s - loss: 2.2522 - accuracy: 0.1793
 4500/10000 [============>.................] - ETA: 21s - loss: 2.2479 - accuracy: 0.1727
 5000/10000 [==============>...............] - ETA: 19s - loss: 2.2365 - accuracy: 0.1936
 5500/10000 [===============>..............] - ETA: 17s - loss: 2.2189 - accuracy: 0.2011
 6000/10000 [=================>............] - ETA: 15s - loss: 2.1997 - accuracy: 0.2268
 6500/10000 [==================>...........] - ETA: 13s - loss: 2.1807 - accuracy: 0.2374
 7000/10000 [====================>.........] - ETA: 11s - loss: 2.1645 - accuracy: 0.2506
 7500/10000 [=====================>........] - ETA: 9s - loss: 2.1434 - accuracy: 0.2655 
 8000/10000 [=======================>......] - ETA: 7s - loss: 2.1214 - accuracy: 0.2810
 8500/10000 [========================>.....] - ETA: 5s - loss: 2.0984 - accuracy: 0.2968
 9000/10000 [==========================>...] - ETA: 3s - loss: 2.0862 - accuracy: 0.2977
 9500/10000 [===========================>..] - ETA: 1s - loss: 2.0701 - accuracy: 0.3098
10000/10000 [==============================] - 39s 4ms/step - loss: 2.0508 - accuracy: 0.3197 - val_loss: 1.5653 - val_accuracy: 0.6048
Epoch 2/5

  500/10000 [>.............................] - ETA: 36s - loss: 1.5554 - accuracy: 0.6080
 1000/10000 [==>...........................] - ETA: 33s - loss: 1.5785 - accuracy: 0.5610
 1500/10000 [===>..........................] - ETA: 32s - loss: 1.5806 - accuracy: 0.5507
 2000/10000 [=====>........................] - ETA: 30s - loss: 1.5491 - accuracy: 0.5645
 2500/10000 [======>.......................] - ETA: 28s - loss: 1.5253 - accuracy: 0.5556
 3000/10000 [========>.....................] - ETA: 26s - loss: 1.5512 - accuracy: 0.5523
 3500/10000 [=========>....................] - ETA: 24s - loss: 1.5548 - accuracy: 0.5403
 4000/10000 [===========>..................] - ETA: 22s - loss: 1.5445 - accuracy: 0.5400
 4500/10000 [============>.................] - ETA: 21s - loss: 1.5370 - accuracy: 0.5360
 5000/10000 [==============>...............] - ETA: 19s - loss: 1.5198 - accuracy: 0.5354
 5500/10000 [===============>..............] - ETA: 17s - loss: 1.5159 - accuracy: 0.5316
 6000/10000 [=================>............] - ETA: 15s - loss: 1.5300 - accuracy: 0.5317
 6500/10000 [==================>...........] - ETA: 13s - loss: 1.5203 - accuracy: 0.5291
 7000/10000 [====================>.........] - ETA: 11s - loss: 1.4984 - accuracy: 0.5373
 7500/10000 [=====================>........] - ETA: 9s - loss: 1.4837 - accuracy: 0.5439 
 8000/10000 [=======================>......] - ETA: 7s - loss: 1.4708 - accuracy: 0.5455
 8500/10000 [========================>.....] - ETA: 5s - loss: 1.4627 - accuracy: 0.5529
 9000/10000 [==========================>...] - ETA: 3s - loss: 1.4468 - accuracy: 0.5553
 9500/10000 [===========================>..] - ETA: 1s - loss: 1.4436 - accuracy: 0.5579
10000/10000 [==============================] - 38s 4ms/step - loss: 1.4453 - accuracy: 0.5576 - val_loss: 1.2168 - val_accuracy: 0.6180
Epoch 3/5

  500/10000 [>.............................] - ETA: 36s - loss: 1.2227 - accuracy: 0.6300
 1000/10000 [==>...........................] - ETA: 34s - loss: 1.2547 - accuracy: 0.6050
 1500/10000 [===>..........................] - ETA: 32s - loss: 1.2636 - accuracy: 0.6160
 2000/10000 [=====>........................] - ETA: 30s - loss: 1.2428 - accuracy: 0.6115
 2500/10000 [======>.......................] - ETA: 28s - loss: 1.2099 - accuracy: 0.6240
 3000/10000 [========>.....................] - ETA: 26s - loss: 1.1842 - accuracy: 0.6323
 3500/10000 [=========>....................] - ETA: 24s - loss: 1.1780 - accuracy: 0.6306
 4000/10000 [===========>..................] - ETA: 23s - loss: 1.1693 - accuracy: 0.6310
 4500/10000 [============>.................] - ETA: 21s - loss: 1.1444 - accuracy: 0.6422
 5000/10000 [==============>...............] - ETA: 19s - loss: 1.1430 - accuracy: 0.6400
 5500/10000 [===============>..............] - ETA: 17s - loss: 1.1469 - accuracy: 0.6367
 6000/10000 [=================>............] - ETA: 15s - loss: 1.1285 - accuracy: 0.6397
 6500/10000 [==================>...........] - ETA: 13s - loss: 1.1138 - accuracy: 0.6448
 7000/10000 [====================>.........] - ETA: 11s - loss: 1.1068 - accuracy: 0.6429
 7500/10000 [=====================>........] - ETA: 9s - loss: 1.1004 - accuracy: 0.6435 
 8000/10000 [=======================>......] - ETA: 7s - loss: 1.0903 - accuracy: 0.6434
 8500/10000 [========================>.....] - ETA: 5s - loss: 1.0892 - accuracy: 0.6456
 9000/10000 [==========================>...] - ETA: 3s - loss: 1.0722 - accuracy: 0.6499
 9500/10000 [===========================>..] - ETA: 1s - loss: 1.0605 - accuracy: 0.6547
10000/10000 [==============================] - 38s 4ms/step - loss: 1.0575 - accuracy: 0.6545 - val_loss: 0.9766 - val_accuracy: 0.7148
Epoch 4/5

  500/10000 [>.............................] - ETA: 36s - loss: 0.8339 - accuracy: 0.7440
 1000/10000 [==>...........................] - ETA: 33s - loss: 0.9200 - accuracy: 0.7080
 1500/10000 [===>..........................] - ETA: 32s - loss: 0.8776 - accuracy: 0.7267
 2000/10000 [=====>........................] - ETA: 30s - loss: 0.8977 - accuracy: 0.7090
 2500/10000 [======>.......................] - ETA: 28s - loss: 0.8916 - accuracy: 0.7120
 3000/10000 [========>.....................] - ETA: 26s - loss: 0.9069 - accuracy: 0.7080
 3500/10000 [=========>....................] - ETA: 24s - loss: 0.9031 - accuracy: 0.7089
 4000/10000 [===========>..................] - ETA: 22s - loss: 0.8948 - accuracy: 0.7153
 4500/10000 [============>.................] - ETA: 20s - loss: 0.8836 - accuracy: 0.7193
 5000/10000 [==============>...............] - ETA: 19s - loss: 0.8777 - accuracy: 0.7204
 5500/10000 [===============>..............] - ETA: 17s - loss: 0.8630 - accuracy: 0.7251
 6000/10000 [=================>............] - ETA: 15s - loss: 0.8480 - accuracy: 0.7315
 6500/10000 [==================>...........] - ETA: 13s - loss: 0.8426 - accuracy: 0.7337
 7000/10000 [====================>.........] - ETA: 11s - loss: 0.8420 - accuracy: 0.7300
 7500/10000 [=====================>........] - ETA: 9s - loss: 0.8481 - accuracy: 0.7284 
 8000/10000 [=======================>......] - ETA: 7s - loss: 0.8492 - accuracy: 0.7264
 8500/10000 [========================>.....] - ETA: 5s - loss: 0.8472 - accuracy: 0.7272
 9000/10000 [==========================>...] - ETA: 3s - loss: 0.8386 - accuracy: 0.7287
 9500/10000 [===========================>..] - ETA: 1s - loss: 0.8381 - accuracy: 0.7285
10000/10000 [==============================] - 38s 4ms/step - loss: 0.8342 - accuracy: 0.7289 - val_loss: 0.7776 - val_accuracy: 0.7396
Epoch 5/5

  500/10000 [>.............................] - ETA: 36s - loss: 0.6512 - accuracy: 0.7700
 1000/10000 [==>...........................] - ETA: 33s - loss: 0.6475 - accuracy: 0.7670
 1500/10000 [===>..........................] - ETA: 32s - loss: 0.6929 - accuracy: 0.7593
 2000/10000 [=====>........................] - ETA: 30s - loss: 0.6709 - accuracy: 0.7745
 2500/10000 [======>.......................] - ETA: 28s - loss: 0.6809 - accuracy: 0.7732
 3000/10000 [========>.....................] - ETA: 26s - loss: 0.6794 - accuracy: 0.7727
 3500/10000 [=========>....................] - ETA: 24s - loss: 0.6756 - accuracy: 0.7726
 4000/10000 [===========>..................] - ETA: 22s - loss: 0.6753 - accuracy: 0.7757
 4500/10000 [============>.................] - ETA: 20s - loss: 0.6791 - accuracy: 0.7749
 5000/10000 [==============>...............] - ETA: 19s - loss: 0.6832 - accuracy: 0.7744
 5500/10000 [===============>..............] - ETA: 17s - loss: 0.6877 - accuracy: 0.7725
 6000/10000 [=================>............] - ETA: 15s - loss: 0.6811 - accuracy: 0.7760
 6500/10000 [==================>...........] - ETA: 13s - loss: 0.6748 - accuracy: 0.7782
 7000/10000 [====================>.........] - ETA: 11s - loss: 0.6860 - accuracy: 0.7731
 7500/10000 [=====================>........] - ETA: 9s - loss: 0.6838 - accuracy: 0.7756 
 8000/10000 [=======================>......] - ETA: 7s - loss: 0.6770 - accuracy: 0.7788
 8500/10000 [========================>.....] - ETA: 5s - loss: 0.6730 - accuracy: 0.7795
 9000/10000 [==========================>...] - ETA: 3s - loss: 0.6773 - accuracy: 0.7776
 9500/10000 [===========================>..] - ETA: 1s - loss: 0.6738 - accuracy: 0.7791
10000/10000 [==============================] - 38s 4ms/step - loss: 0.6710 - accuracy: 0.7804 - val_loss: 0.7745 - val_accuracy: 0.7360
Latency --- 193.1400740146637 seconds ---
For delta=0.000100, the current epsilon is: 6.0095
=====================Iteration========================== 9
For delta=0.000100, the current epsilon is: 6.0095
Noise Mutiplier 0.83
loss= <keras.losses.CategoricalCrossentropy object at 0x101a5a9310>
in grads Tensor("loss_8/mul:0", shape=(?,), dtype=float32)
Train on 10000 samples, validate on 2500 samples
Epoch 1/5

  500/10000 [>.............................] - ETA: 37s - loss: 2.3053 - accuracy: 0.0980
 1000/10000 [==>...........................] - ETA: 35s - loss: 2.2988 - accuracy: 0.1410
 1500/10000 [===>..........................] - ETA: 33s - loss: 2.2952 - accuracy: 0.1667
 2000/10000 [=====>........................] - ETA: 30s - loss: 2.2888 - accuracy: 0.1555
 2500/10000 [======>.......................] - ETA: 29s - loss: 2.2817 - accuracy: 0.1648
 3000/10000 [========>.....................] - ETA: 27s - loss: 2.2704 - accuracy: 0.1743
 3500/10000 [=========>....................] - ETA: 25s - loss: 2.2564 - accuracy: 0.1886
 4000/10000 [===========>..................] - ETA: 23s - loss: 2.2460 - accuracy: 0.1965
 4500/10000 [============>.................] - ETA: 21s - loss: 2.2374 - accuracy: 0.1991
 5000/10000 [==============>...............] - ETA: 19s - loss: 2.2270 - accuracy: 0.2120
 5500/10000 [===============>..............] - ETA: 17s - loss: 2.2128 - accuracy: 0.2242
 6000/10000 [=================>............] - ETA: 15s - loss: 2.1987 - accuracy: 0.2310
 6500/10000 [==================>...........] - ETA: 13s - loss: 2.1888 - accuracy: 0.2317
 7000/10000 [====================>.........] - ETA: 11s - loss: 2.1742 - accuracy: 0.2359
 7500/10000 [=====================>........] - ETA: 9s - loss: 2.1640 - accuracy: 0.2409 
 8000/10000 [=======================>......] - ETA: 7s - loss: 2.1543 - accuracy: 0.2386
 8500/10000 [========================>.....] - ETA: 5s - loss: 2.1410 - accuracy: 0.2428
 9000/10000 [==========================>...] - ETA: 3s - loss: 2.1238 - accuracy: 0.2479
 9500/10000 [===========================>..] - ETA: 1s - loss: 2.1081 - accuracy: 0.2525
10000/10000 [==============================] - 39s 4ms/step - loss: 2.0952 - accuracy: 0.2566 - val_loss: 1.7712 - val_accuracy: 0.4372
Epoch 2/5

  500/10000 [>.............................] - ETA: 35s - loss: 1.7026 - accuracy: 0.4680
 1000/10000 [==>...........................] - ETA: 34s - loss: 1.6878 - accuracy: 0.4290
 1500/10000 [===>..........................] - ETA: 32s - loss: 1.7080 - accuracy: 0.4193
 2000/10000 [=====>........................] - ETA: 30s - loss: 1.7140 - accuracy: 0.4075
 2500/10000 [======>.......................] - ETA: 28s - loss: 1.7194 - accuracy: 0.4088
 3000/10000 [========>.....................] - ETA: 26s - loss: 1.7083 - accuracy: 0.4107
 3500/10000 [=========>....................] - ETA: 24s - loss: 1.6947 - accuracy: 0.4286
 4000/10000 [===========>..................] - ETA: 23s - loss: 1.6837 - accuracy: 0.4325
 4500/10000 [============>.................] - ETA: 21s - loss: 1.6672 - accuracy: 0.4442
 5000/10000 [==============>...............] - ETA: 19s - loss: 1.6402 - accuracy: 0.4564
 5500/10000 [===============>..............] - ETA: 17s - loss: 1.6245 - accuracy: 0.4591
 6000/10000 [=================>............] - ETA: 15s - loss: 1.6244 - accuracy: 0.4538
 6500/10000 [==================>...........] - ETA: 13s - loss: 1.6352 - accuracy: 0.4512
 7000/10000 [====================>.........] - ETA: 11s - loss: 1.6240 - accuracy: 0.4601
 7500/10000 [=====================>........] - ETA: 9s - loss: 1.6049 - accuracy: 0.4644 
 8000/10000 [=======================>......] - ETA: 7s - loss: 1.5854 - accuracy: 0.4721
 8500/10000 [========================>.....] - ETA: 5s - loss: 1.5716 - accuracy: 0.4761
 9000/10000 [==========================>...] - ETA: 3s - loss: 1.5547 - accuracy: 0.4836
 9500/10000 [===========================>..] - ETA: 1s - loss: 1.5453 - accuracy: 0.4868
10000/10000 [==============================] - 39s 4ms/step - loss: 1.5357 - accuracy: 0.4895 - val_loss: 1.5398 - val_accuracy: 0.4944
Epoch 3/5

  500/10000 [>.............................] - ETA: 36s - loss: 1.4420 - accuracy: 0.5180
 1000/10000 [==>...........................] - ETA: 34s - loss: 1.2977 - accuracy: 0.5780
 1500/10000 [===>..........................] - ETA: 32s - loss: 1.3499 - accuracy: 0.5340
 2000/10000 [=====>........................] - ETA: 30s - loss: 1.2962 - accuracy: 0.5615
 2500/10000 [======>.......................] - ETA: 28s - loss: 1.2812 - accuracy: 0.5576
 3000/10000 [========>.....................] - ETA: 26s - loss: 1.3110 - accuracy: 0.5507
 3500/10000 [=========>....................] - ETA: 24s - loss: 1.2833 - accuracy: 0.5600
 4000/10000 [===========>..................] - ETA: 23s - loss: 1.2670 - accuracy: 0.5717
 4500/10000 [============>.................] - ETA: 21s - loss: 1.2511 - accuracy: 0.5756
 5000/10000 [==============>...............] - ETA: 19s - loss: 1.2400 - accuracy: 0.5812
 5500/10000 [===============>..............] - ETA: 17s - loss: 1.2202 - accuracy: 0.5905
 6000/10000 [=================>............] - ETA: 15s - loss: 1.1947 - accuracy: 0.6017
 6500/10000 [==================>...........] - ETA: 13s - loss: 1.1845 - accuracy: 0.6054
 7000/10000 [====================>.........] - ETA: 11s - loss: 1.1756 - accuracy: 0.6107
 7500/10000 [=====================>........] - ETA: 9s - loss: 1.1549 - accuracy: 0.6196 
 8000/10000 [=======================>......] - ETA: 7s - loss: 1.1550 - accuracy: 0.6175
 8500/10000 [========================>.....] - ETA: 5s - loss: 1.1371 - accuracy: 0.6251
 9000/10000 [==========================>...] - ETA: 3s - loss: 1.1317 - accuracy: 0.6241
 9500/10000 [===========================>..] - ETA: 1s - loss: 1.1215 - accuracy: 0.6273
10000/10000 [==============================] - 39s 4ms/step - loss: 1.1170 - accuracy: 0.6278 - val_loss: 1.0654 - val_accuracy: 0.6136
Epoch 4/5

  500/10000 [>.............................] - ETA: 37s - loss: 0.8609 - accuracy: 0.7000
 1000/10000 [==>...........................] - ETA: 35s - loss: 0.8699 - accuracy: 0.7000
 1500/10000 [===>..........................] - ETA: 33s - loss: 0.9186 - accuracy: 0.6853
 2000/10000 [=====>........................] - ETA: 31s - loss: 0.9206 - accuracy: 0.6985
 2500/10000 [======>.......................] - ETA: 29s - loss: 0.8948 - accuracy: 0.7060
 3000/10000 [========>.....................] - ETA: 27s - loss: 0.8932 - accuracy: 0.7083
 3500/10000 [=========>....................] - ETA: 25s - loss: 0.8726 - accuracy: 0.7149
 4000/10000 [===========>..................] - ETA: 23s - loss: 0.8652 - accuracy: 0.7150
 4500/10000 [============>.................] - ETA: 21s - loss: 0.8606 - accuracy: 0.7133
 5000/10000 [==============>...............] - ETA: 19s - loss: 0.8719 - accuracy: 0.7124
 5500/10000 [===============>..............] - ETA: 17s - loss: 0.8551 - accuracy: 0.7167
 6000/10000 [=================>............] - ETA: 15s - loss: 0.8477 - accuracy: 0.7173
 6500/10000 [==================>...........] - ETA: 13s - loss: 0.8630 - accuracy: 0.7123
 7000/10000 [====================>.........] - ETA: 11s - loss: 0.8548 - accuracy: 0.7153
 7500/10000 [=====================>........] - ETA: 9s - loss: 0.8550 - accuracy: 0.7147 
 8000/10000 [=======================>......] - ETA: 7s - loss: 0.8525 - accuracy: 0.7157
 8500/10000 [========================>.....] - ETA: 5s - loss: 0.8512 - accuracy: 0.7148
 9000/10000 [==========================>...] - ETA: 3s - loss: 0.8529 - accuracy: 0.7160
 9500/10000 [===========================>..] - ETA: 1s - loss: 0.8467 - accuracy: 0.7181
10000/10000 [==============================] - 39s 4ms/step - loss: 0.8431 - accuracy: 0.7199 - val_loss: 0.8274 - val_accuracy: 0.7132
Epoch 5/5

  500/10000 [>.............................] - ETA: 36s - loss: 0.7768 - accuracy: 0.7600
 1000/10000 [==>...........................] - ETA: 33s - loss: 0.7259 - accuracy: 0.7690
 1500/10000 [===>..........................] - ETA: 32s - loss: 0.7353 - accuracy: 0.7607
 2000/10000 [=====>........................] - ETA: 30s - loss: 0.7273 - accuracy: 0.7620
 2500/10000 [======>.......................] - ETA: 28s - loss: 0.7307 - accuracy: 0.7572
 3000/10000 [========>.....................] - ETA: 26s - loss: 0.7366 - accuracy: 0.7563
 3500/10000 [=========>....................] - ETA: 25s - loss: 0.7286 - accuracy: 0.7597
 4000/10000 [===========>..................] - ETA: 23s - loss: 0.7225 - accuracy: 0.7613
 4500/10000 [============>.................] - ETA: 21s - loss: 0.7222 - accuracy: 0.7611
 5000/10000 [==============>...............] - ETA: 19s - loss: 0.7411 - accuracy: 0.7534
 5500/10000 [===============>..............] - ETA: 17s - loss: 0.7487 - accuracy: 0.7485
 6000/10000 [=================>............] - ETA: 15s - loss: 0.7449 - accuracy: 0.7513
 6500/10000 [==================>...........] - ETA: 13s - loss: 0.7594 - accuracy: 0.7460
 7000/10000 [====================>.........] - ETA: 11s - loss: 0.7651 - accuracy: 0.7491
 7500/10000 [=====================>........] - ETA: 9s - loss: 0.7605 - accuracy: 0.7509 
 8000/10000 [=======================>......] - ETA: 7s - loss: 0.7576 - accuracy: 0.7517
 8500/10000 [========================>.....] - ETA: 5s - loss: 0.7528 - accuracy: 0.7525
 9000/10000 [==========================>...] - ETA: 3s - loss: 0.7612 - accuracy: 0.7494
 9500/10000 [===========================>..] - ETA: 1s - loss: 0.7573 - accuracy: 0.7501
10000/10000 [==============================] - 39s 4ms/step - loss: 0.7534 - accuracy: 0.7519 - val_loss: 0.8439 - val_accuracy: 0.7160
Latency --- 195.64637660980225 seconds ---
For delta=0.000100, the current epsilon is: 6.0095
=====================Iteration========================== 10
For delta=0.000100, the current epsilon is: 6.0095
Noise Mutiplier 0.83
loss= <keras.losses.CategoricalCrossentropy object at 0x101a787e90>
in grads Tensor("loss_9/mul:0", shape=(?,), dtype=float32)
Train on 10000 samples, validate on 2500 samples
Epoch 1/5

  500/10000 [>.............................] - ETA: 38s - loss: 2.3190 - accuracy: 0.1080
 1000/10000 [==>...........................] - ETA: 34s - loss: 2.3075 - accuracy: 0.1180
 1500/10000 [===>..........................] - ETA: 32s - loss: 2.2966 - accuracy: 0.1233
 2000/10000 [=====>........................] - ETA: 31s - loss: 2.2891 - accuracy: 0.1420
 2500/10000 [======>.......................] - ETA: 28s - loss: 2.2806 - accuracy: 0.1544
 3000/10000 [========>.....................] - ETA: 26s - loss: 2.2704 - accuracy: 0.1790
 3500/10000 [=========>....................] - ETA: 25s - loss: 2.2570 - accuracy: 0.1717
 4000/10000 [===========>..................] - ETA: 23s - loss: 2.2409 - accuracy: 0.1965
 4500/10000 [============>.................] - ETA: 21s - loss: 2.2340 - accuracy: 0.1882
 5000/10000 [==============>...............] - ETA: 19s - loss: 2.2255 - accuracy: 0.1938
 5500/10000 [===============>..............] - ETA: 17s - loss: 2.2124 - accuracy: 0.1940
 6000/10000 [=================>............] - ETA: 15s - loss: 2.1986 - accuracy: 0.2078
 6500/10000 [==================>...........] - ETA: 13s - loss: 2.1916 - accuracy: 0.2022
 7000/10000 [====================>.........] - ETA: 11s - loss: 2.1821 - accuracy: 0.2076
 7500/10000 [=====================>........] - ETA: 9s - loss: 2.1673 - accuracy: 0.2104 
 8000/10000 [=======================>......] - ETA: 7s - loss: 2.1545 - accuracy: 0.2216
 8500/10000 [========================>.....] - ETA: 5s - loss: 2.1389 - accuracy: 0.2252
 9000/10000 [==========================>...] - ETA: 3s - loss: 2.1270 - accuracy: 0.2319
 9500/10000 [===========================>..] - ETA: 1s - loss: 2.1144 - accuracy: 0.2377
10000/10000 [==============================] - 39s 4ms/step - loss: 2.0992 - accuracy: 0.2458 - val_loss: 1.7669 - val_accuracy: 0.3780
Epoch 2/5

  500/10000 [>.............................] - ETA: 35s - loss: 1.7130 - accuracy: 0.4060
 1000/10000 [==>...........................] - ETA: 34s - loss: 1.6656 - accuracy: 0.4600
 1500/10000 [===>..........................] - ETA: 31s - loss: 1.7262 - accuracy: 0.4167
 2000/10000 [=====>........................] - ETA: 30s - loss: 1.7377 - accuracy: 0.4205
 2500/10000 [======>.......................] - ETA: 28s - loss: 1.7231 - accuracy: 0.4340
 3000/10000 [========>.....................] - ETA: 26s - loss: 1.7152 - accuracy: 0.4383
 3500/10000 [=========>....................] - ETA: 24s - loss: 1.7304 - accuracy: 0.4320
 4000/10000 [===========>..................] - ETA: 22s - loss: 1.7087 - accuracy: 0.4403
 4500/10000 [============>.................] - ETA: 20s - loss: 1.6851 - accuracy: 0.4493
 5000/10000 [==============>...............] - ETA: 19s - loss: 1.6785 - accuracy: 0.4504
 5500/10000 [===============>..............] - ETA: 17s - loss: 1.6658 - accuracy: 0.4584
 6000/10000 [=================>............] - ETA: 15s - loss: 1.6477 - accuracy: 0.4635
 6500/10000 [==================>...........] - ETA: 13s - loss: 1.6291 - accuracy: 0.4697
 7000/10000 [====================>.........] - ETA: 11s - loss: 1.6168 - accuracy: 0.4749
 7500/10000 [=====================>........] - ETA: 9s - loss: 1.5938 - accuracy: 0.4839 
 8000/10000 [=======================>......] - ETA: 7s - loss: 1.5790 - accuracy: 0.4897
 8500/10000 [========================>.....] - ETA: 5s - loss: 1.5653 - accuracy: 0.4919
 9000/10000 [==========================>...] - ETA: 3s - loss: 1.5513 - accuracy: 0.4970
 9500/10000 [===========================>..] - ETA: 1s - loss: 1.5428 - accuracy: 0.4978
10000/10000 [==============================] - 38s 4ms/step - loss: 1.5304 - accuracy: 0.5040 - val_loss: 1.3272 - val_accuracy: 0.5296
Epoch 3/5

  500/10000 [>.............................] - ETA: 36s - loss: 1.2424 - accuracy: 0.5820
 1000/10000 [==>...........................] - ETA: 34s - loss: 1.2654 - accuracy: 0.5590
 1500/10000 [===>..........................] - ETA: 33s - loss: 1.2767 - accuracy: 0.5753
 2000/10000 [=====>........................] - ETA: 30s - loss: 1.2479 - accuracy: 0.5860
 2500/10000 [======>.......................] - ETA: 29s - loss: 1.2067 - accuracy: 0.6004
 3000/10000 [========>.....................] - ETA: 27s - loss: 1.2014 - accuracy: 0.6040
 3500/10000 [=========>....................] - ETA: 25s - loss: 1.1986 - accuracy: 0.6049
 4000/10000 [===========>..................] - ETA: 23s - loss: 1.1699 - accuracy: 0.6150
 4500/10000 [============>.................] - ETA: 21s - loss: 1.1645 - accuracy: 0.6184
 5000/10000 [==============>...............] - ETA: 19s - loss: 1.1474 - accuracy: 0.6246
 5500/10000 [===============>..............] - ETA: 17s - loss: 1.1263 - accuracy: 0.6318
 6000/10000 [=================>............] - ETA: 15s - loss: 1.1152 - accuracy: 0.6347
 6500/10000 [==================>...........] - ETA: 13s - loss: 1.1144 - accuracy: 0.6365
 7000/10000 [====================>.........] - ETA: 11s - loss: 1.1068 - accuracy: 0.6429
 7500/10000 [=====================>........] - ETA: 9s - loss: 1.0937 - accuracy: 0.6485 
 8000/10000 [=======================>......] - ETA: 7s - loss: 1.0983 - accuracy: 0.6436
 8500/10000 [========================>.....] - ETA: 5s - loss: 1.0893 - accuracy: 0.6469
 9000/10000 [==========================>...] - ETA: 3s - loss: 1.0775 - accuracy: 0.6526
 9500/10000 [===========================>..] - ETA: 1s - loss: 1.0778 - accuracy: 0.6521
10000/10000 [==============================] - 39s 4ms/step - loss: 1.0759 - accuracy: 0.6521 - val_loss: 0.9314 - val_accuracy: 0.6904
Epoch 4/5

  500/10000 [>.............................] - ETA: 36s - loss: 0.8006 - accuracy: 0.7380
 1000/10000 [==>...........................] - ETA: 34s - loss: 0.8198 - accuracy: 0.7320
 1500/10000 [===>..........................] - ETA: 32s - loss: 0.8695 - accuracy: 0.7193
 2000/10000 [=====>........................] - ETA: 30s - loss: 0.8427 - accuracy: 0.7355
 2500/10000 [======>.......................] - ETA: 28s - loss: 0.8121 - accuracy: 0.7452
 3000/10000 [========>.....................] - ETA: 26s - loss: 0.8118 - accuracy: 0.7483
 3500/10000 [=========>....................] - ETA: 25s - loss: 0.8033 - accuracy: 0.7509
 4000/10000 [===========>..................] - ETA: 22s - loss: 0.7897 - accuracy: 0.7535
 4500/10000 [============>.................] - ETA: 21s - loss: 0.7867 - accuracy: 0.7518
 5000/10000 [==============>...............] - ETA: 19s - loss: 0.7986 - accuracy: 0.7464
 5500/10000 [===============>..............] - ETA: 17s - loss: 0.8003 - accuracy: 0.7440
 6000/10000 [=================>............] - ETA: 15s - loss: 0.7984 - accuracy: 0.7432
 6500/10000 [==================>...........] - ETA: 13s - loss: 0.8009 - accuracy: 0.7417
 7000/10000 [====================>.........] - ETA: 11s - loss: 0.7979 - accuracy: 0.7416
 7500/10000 [=====================>........] - ETA: 9s - loss: 0.7957 - accuracy: 0.7427 
 8000/10000 [=======================>......] - ETA: 7s - loss: 0.7930 - accuracy: 0.7429
 8500/10000 [========================>.....] - ETA: 5s - loss: 0.7845 - accuracy: 0.7471
 9000/10000 [==========================>...] - ETA: 3s - loss: 0.7793 - accuracy: 0.7493
 9500/10000 [===========================>..] - ETA: 1s - loss: 0.7744 - accuracy: 0.7505
10000/10000 [==============================] - 39s 4ms/step - loss: 0.7773 - accuracy: 0.7493 - val_loss: 0.8195 - val_accuracy: 0.7448
Epoch 5/5

  500/10000 [>.............................] - ETA: 35s - loss: 0.7185 - accuracy: 0.7860
 1000/10000 [==>...........................] - ETA: 33s - loss: 0.6745 - accuracy: 0.7980
 1500/10000 [===>..........................] - ETA: 32s - loss: 0.6175 - accuracy: 0.8127
 2000/10000 [=====>........................] - ETA: 30s - loss: 0.6414 - accuracy: 0.8005
 2500/10000 [======>.......................] - ETA: 28s - loss: 0.6274 - accuracy: 0.8040
 3000/10000 [========>.....................] - ETA: 26s - loss: 0.6457 - accuracy: 0.8003
 3500/10000 [=========>....................] - ETA: 24s - loss: 0.6689 - accuracy: 0.7946
 4000/10000 [===========>..................] - ETA: 22s - loss: 0.6732 - accuracy: 0.7920
 4500/10000 [============>.................] - ETA: 20s - loss: 0.6837 - accuracy: 0.7884
 5000/10000 [==============>...............] - ETA: 19s - loss: 0.6829 - accuracy: 0.7872
 5500/10000 [===============>..............] - ETA: 17s - loss: 0.6816 - accuracy: 0.7858
 6000/10000 [=================>............] - ETA: 15s - loss: 0.6751 - accuracy: 0.7880
 6500/10000 [==================>...........] - ETA: 13s - loss: 0.6612 - accuracy: 0.7937
 7000/10000 [====================>.........] - ETA: 11s - loss: 0.6586 - accuracy: 0.7934
 7500/10000 [=====================>........] - ETA: 9s - loss: 0.6600 - accuracy: 0.7916 
 8000/10000 [=======================>......] - ETA: 7s - loss: 0.6554 - accuracy: 0.7940
 8500/10000 [========================>.....] - ETA: 5s - loss: 0.6518 - accuracy: 0.7949
 9000/10000 [==========================>...] - ETA: 3s - loss: 0.6554 - accuracy: 0.7932
 9500/10000 [===========================>..] - ETA: 1s - loss: 0.6525 - accuracy: 0.7951
10000/10000 [==============================] - 38s 4ms/step - loss: 0.6474 - accuracy: 0.7967 - val_loss: 0.6611 - val_accuracy: 0.7852
Latency --- 193.78319549560547 seconds ---
For delta=0.000100, the current epsilon is: 6.0095
