
=====================ITERATION 1==========================
We are using Tensorflow version 1.15.2
Keras API version: 2.3.1
Noise Mutiplier 1.49
loss= <keras.losses.CategoricalCrossentropy object at 0x1015ea8110>

# Evaluate on test data

  500/10000 [>.............................] - ETA: 1s
 1500/10000 [===>..........................] - ETA: 0s
 2500/10000 [======>.......................] - ETA: 0s
 3500/10000 [=========>....................] - ETA: 0s
 4500/10000 [============>.................] - ETA: 0s
 5500/10000 [===============>..............] - ETA: 0s
 6500/10000 [==================>...........] - ETA: 0s
 7500/10000 [=====================>........] - ETA: 0s
 9000/10000 [==========================>...] - ETA: 0s
10000/10000 [==============================] - 1s 56us/step
Accuracy: 61.879998445510864
Latency --- 0.6299984455108643 seconds ---
trained with DP
=====================ITERATION 2==========================
We are using Tensorflow version 1.15.2
Keras API version: 2.3.1
Noise Mutiplier 1.49
loss= <keras.losses.CategoricalCrossentropy object at 0x1015675d10>

# Evaluate on test data

  500/10000 [>.............................] - ETA: 1s
 1500/10000 [===>..........................] - ETA: 0s
 2500/10000 [======>.......................] - ETA: 0s
 3500/10000 [=========>....................] - ETA: 0s
 4500/10000 [============>.................] - ETA: 0s
 5500/10000 [===============>..............] - ETA: 0s
 6500/10000 [==================>...........] - ETA: 0s
 7500/10000 [=====================>........] - ETA: 0s
 8500/10000 [========================>.....] - ETA: 0s
 9500/10000 [===========================>..] - ETA: 0s
10000/10000 [==============================] - 1s 56us/step
Accuracy: 61.879998445510864
Latency --- 0.6330831050872803 seconds ---
trained with DP
=====================ITERATION 3==========================
We are using Tensorflow version 1.15.2
Keras API version: 2.3.1
Noise Mutiplier 1.49
loss= <keras.losses.CategoricalCrossentropy object at 0x1015770890>

# Evaluate on test data

  500/10000 [>.............................] - ETA: 1s
 1500/10000 [===>..........................] - ETA: 0s
 2500/10000 [======>.......................] - ETA: 0s
 3500/10000 [=========>....................] - ETA: 0s
 4500/10000 [============>.................] - ETA: 0s
 5500/10000 [===============>..............] - ETA: 0s
 6500/10000 [==================>...........] - ETA: 0s
 7500/10000 [=====================>........] - ETA: 0s
 8500/10000 [========================>.....] - ETA: 0s
 9500/10000 [===========================>..] - ETA: 0s
10000/10000 [==============================] - 1s 56us/step
Accuracy: 61.879998445510864
Latency --- 0.6339075565338135 seconds ---
trained with DP
=====================ITERATION 4==========================
We are using Tensorflow version 1.15.2
Keras API version: 2.3.1
Noise Mutiplier 1.49
loss= <keras.losses.CategoricalCrossentropy object at 0x1015b6f110>

# Evaluate on test data

  500/10000 [>.............................] - ETA: 1s
 1500/10000 [===>..........................] - ETA: 0s
 2500/10000 [======>.......................] - ETA: 0s
 3500/10000 [=========>....................] - ETA: 0s
 4500/10000 [============>.................] - ETA: 0s
 5500/10000 [===============>..............] - ETA: 0s
 6500/10000 [==================>...........] - ETA: 0s
 7500/10000 [=====================>........] - ETA: 0s
 9000/10000 [==========================>...] - ETA: 0s
10000/10000 [==============================] - 1s 56us/step
Accuracy: 61.879998445510864
Latency --- 0.6310417652130127 seconds ---
trained with DP
=====================ITERATION 5==========================
We are using Tensorflow version 1.15.2
Keras API version: 2.3.1
Noise Mutiplier 1.49
loss= <keras.losses.CategoricalCrossentropy object at 0x1014d0ed10>

# Evaluate on test data

  500/10000 [>.............................] - ETA: 1s
 1500/10000 [===>..........................] - ETA: 0s
 2500/10000 [======>.......................] - ETA: 0s
 3500/10000 [=========>....................] - ETA: 0s
 4500/10000 [============>.................] - ETA: 0s
 5500/10000 [===============>..............] - ETA: 0s
 6500/10000 [==================>...........] - ETA: 0s
 7500/10000 [=====================>........] - ETA: 0s
 9000/10000 [==========================>...] - ETA: 0s
10000/10000 [==============================] - 1s 56us/step
Accuracy: 61.879998445510864
Latency --- 0.6333310604095459 seconds ---
trained with DP
=====================ITERATION 6==========================
We are using Tensorflow version 1.15.2
Keras API version: 2.3.1
Noise Mutiplier 1.49
loss= <keras.losses.CategoricalCrossentropy object at 0x1015393450>

# Evaluate on test data

  500/10000 [>.............................] - ETA: 1s
 1500/10000 [===>..........................] - ETA: 0s
 2500/10000 [======>.......................] - ETA: 0s
 3500/10000 [=========>....................] - ETA: 0s
 4500/10000 [============>.................] - ETA: 0s
 5500/10000 [===============>..............] - ETA: 0s
 6500/10000 [==================>...........] - ETA: 0s
 7500/10000 [=====================>........] - ETA: 0s
 8500/10000 [========================>.....] - ETA: 0s
 9500/10000 [===========================>..] - ETA: 0s
10000/10000 [==============================] - 1s 57us/step
Accuracy: 61.879998445510864
Latency --- 0.6400575637817383 seconds ---
trained with DP
=====================ITERATION 7==========================
We are using Tensorflow version 1.15.2
Keras API version: 2.3.1
Noise Mutiplier 1.49
loss= <keras.losses.CategoricalCrossentropy object at 0x1015e99b10>

# Evaluate on test data

  500/10000 [>.............................] - ETA: 1s
 1500/10000 [===>..........................] - ETA: 0s
 2500/10000 [======>.......................] - ETA: 0s
 3500/10000 [=========>....................] - ETA: 0s
 5000/10000 [==============>...............] - ETA: 0s
 6000/10000 [=================>............] - ETA: 0s
 7000/10000 [====================>.........] - ETA: 0s
 8000/10000 [=======================>......] - ETA: 0s
 9000/10000 [==========================>...] - ETA: 0s
10000/10000 [==============================] - 1s 55us/step
Accuracy: 61.879998445510864
Latency --- 0.62038254737854 seconds ---
trained with DP
=====================ITERATION 8==========================
We are using Tensorflow version 1.15.2
Keras API version: 2.3.1
Noise Mutiplier 1.49
loss= <keras.losses.CategoricalCrossentropy object at 0x10151ec4d0>

# Evaluate on test data

  500/10000 [>.............................] - ETA: 1s
 1500/10000 [===>..........................] - ETA: 0s
 2500/10000 [======>.......................] - ETA: 0s
 3500/10000 [=========>....................] - ETA: 0s
 5000/10000 [==============>...............] - ETA: 0s
 6000/10000 [=================>............] - ETA: 0s
 7000/10000 [====================>.........] - ETA: 0s
 8000/10000 [=======================>......] - ETA: 0s
 9500/10000 [===========================>..] - ETA: 0s
10000/10000 [==============================] - 1s 55us/step
Accuracy: 61.879998445510864
Latency --- 0.6196331977844238 seconds ---
trained with DP
=====================ITERATION 9==========================
We are using Tensorflow version 1.15.2
Keras API version: 2.3.1
Noise Mutiplier 1.49
loss= <keras.losses.CategoricalCrossentropy object at 0x1015507a10>

# Evaluate on test data

  500/10000 [>.............................] - ETA: 1s
 1500/10000 [===>..........................] - ETA: 0s
 2500/10000 [======>.......................] - ETA: 0s
 3500/10000 [=========>....................] - ETA: 0s
 4500/10000 [============>.................] - ETA: 0s
 5500/10000 [===============>..............] - ETA: 0s
 6500/10000 [==================>...........] - ETA: 0s
 7500/10000 [=====================>........] - ETA: 0s
 8500/10000 [========================>.....] - ETA: 0s
10000/10000 [==============================] - 1s 56us/step
Accuracy: 61.879998445510864
Latency --- 0.6273598670959473 seconds ---
trained with DP
=====================ITERATION 10==========================
We are using Tensorflow version 1.15.2
Keras API version: 2.3.1
Noise Mutiplier 1.49
loss= <keras.losses.CategoricalCrossentropy object at 0x1015b70050>

# Evaluate on test data

  500/10000 [>.............................] - ETA: 1s
 1500/10000 [===>..........................] - ETA: 0s
 2500/10000 [======>.......................] - ETA: 0s
 3500/10000 [=========>....................] - ETA: 0s
 5000/10000 [==============>...............] - ETA: 0s
 6000/10000 [=================>............] - ETA: 0s
 7000/10000 [====================>.........] - ETA: 0s
 8000/10000 [=======================>......] - ETA: 0s
 9500/10000 [===========================>..] - ETA: 0s
10000/10000 [==============================] - 1s 55us/step
Accuracy: 61.879998445510864
Latency --- 0.6241166591644287 seconds ---
trained with DP
