We are using Tensorflow version 1.15.2
Keras API version: 2.3.1
=====================Iteration========================== 1
For delta=0.000200, the current epsilon is: 0.1520
Noise Mutiplier 30
in grads Tensor("loss/mul:0", shape=(), dtype=float32)
Train on 3000 samples, validate on 750 samples
Epoch 1/5

 250/3000 [=>............................] - ETA: 15s - loss: 2.3079 - accuracy: 0.1000
 500/3000 [====>.........................] - ETA: 11s - loss: 2.2990 - accuracy: 0.1000
 750/3000 [======>.......................] - ETA: 10s - loss: 2.2977 - accuracy: 0.1027
1000/3000 [=========>....................] - ETA: 9s - loss: 2.2981 - accuracy: 0.1070 
1250/3000 [===========>..................] - ETA: 7s - loss: 2.2969 - accuracy: 0.1056
1500/3000 [==============>...............] - ETA: 6s - loss: 2.2930 - accuracy: 0.1060
1750/3000 [================>.............] - ETA: 5s - loss: 2.2912 - accuracy: 0.1046
2000/3000 [===================>..........] - ETA: 4s - loss: 2.2898 - accuracy: 0.1115
2250/3000 [=====================>........] - ETA: 3s - loss: 2.2869 - accuracy: 0.1191
2500/3000 [========================>.....] - ETA: 2s - loss: 2.2847 - accuracy: 0.1240
2750/3000 [==========================>...] - ETA: 1s - loss: 2.2820 - accuracy: 0.1229
3000/3000 [==============================] - 14s 5ms/step - loss: 2.2800 - accuracy: 0.1243 - val_loss: 2.3160 - val_accuracy: 0.1093
Epoch 2/5

 250/3000 [=>............................] - ETA: 11s - loss: 2.2185 - accuracy: 0.1920
 500/3000 [====>.........................] - ETA: 10s - loss: 2.2099 - accuracy: 0.2120
 750/3000 [======>.......................] - ETA: 9s - loss: 2.2011 - accuracy: 0.2253 
1000/3000 [=========>....................] - ETA: 8s - loss: 2.1909 - accuracy: 0.2260
1250/3000 [===========>..................] - ETA: 7s - loss: 2.1907 - accuracy: 0.2176
1500/3000 [==============>...............] - ETA: 5s - loss: 2.1762 - accuracy: 0.2340
1750/3000 [================>.............] - ETA: 4s - loss: 2.1753 - accuracy: 0.2331
2000/3000 [===================>..........] - ETA: 3s - loss: 2.1694 - accuracy: 0.2420
2250/3000 [=====================>........] - ETA: 2s - loss: 2.1585 - accuracy: 0.2453
2500/3000 [========================>.....] - ETA: 1s - loss: 2.1445 - accuracy: 0.2484
2750/3000 [==========================>...] - ETA: 0s - loss: 2.1413 - accuracy: 0.2502
3000/3000 [==============================] - 13s 4ms/step - loss: 2.1327 - accuracy: 0.2520 - val_loss: 2.5468 - val_accuracy: 0.1000
Epoch 3/5

 250/3000 [=>............................] - ETA: 12s - loss: 2.0445 - accuracy: 0.2760
 500/3000 [====>.........................] - ETA: 11s - loss: 2.0351 - accuracy: 0.2800
 750/3000 [======>.......................] - ETA: 9s - loss: 2.0213 - accuracy: 0.2707 
1000/3000 [=========>....................] - ETA: 8s - loss: 2.0051 - accuracy: 0.2780
1250/3000 [===========>..................] - ETA: 7s - loss: 2.0037 - accuracy: 0.2856
1500/3000 [==============>...............] - ETA: 6s - loss: 1.9952 - accuracy: 0.2893
1750/3000 [================>.............] - ETA: 5s - loss: 1.9978 - accuracy: 0.2880
2000/3000 [===================>..........] - ETA: 4s - loss: 2.0056 - accuracy: 0.2855
2250/3000 [=====================>........] - ETA: 2s - loss: 1.9972 - accuracy: 0.2889
2500/3000 [========================>.....] - ETA: 1s - loss: 1.9909 - accuracy: 0.2888
2750/3000 [==========================>...] - ETA: 0s - loss: 1.9782 - accuracy: 0.2967
3000/3000 [==============================] - 13s 4ms/step - loss: 1.9699 - accuracy: 0.3033 - val_loss: 2.7342 - val_accuracy: 0.0893
Epoch 4/5

 250/3000 [=>............................] - ETA: 11s - loss: 1.8893 - accuracy: 0.3320
 500/3000 [====>.........................] - ETA: 9s - loss: 1.8893 - accuracy: 0.3360 
 750/3000 [======>.......................] - ETA: 8s - loss: 1.8603 - accuracy: 0.3453
1000/3000 [=========>....................] - ETA: 7s - loss: 1.8599 - accuracy: 0.3330
1250/3000 [===========>..................] - ETA: 6s - loss: 1.8641 - accuracy: 0.3344
1500/3000 [==============>...............] - ETA: 5s - loss: 1.8697 - accuracy: 0.3380
1750/3000 [================>.............] - ETA: 4s - loss: 1.8697 - accuracy: 0.3331
2000/3000 [===================>..........] - ETA: 3s - loss: 1.8675 - accuracy: 0.3365
2250/3000 [=====================>........] - ETA: 2s - loss: 1.8664 - accuracy: 0.3329
2500/3000 [========================>.....] - ETA: 1s - loss: 1.8610 - accuracy: 0.3364
2750/3000 [==========================>...] - ETA: 0s - loss: 1.8532 - accuracy: 0.3360
3000/3000 [==============================] - 13s 4ms/step - loss: 1.8485 - accuracy: 0.3380 - val_loss: 2.9125 - val_accuracy: 0.0987
Epoch 5/5

 250/3000 [=>............................] - ETA: 12s - loss: 1.7816 - accuracy: 0.3920
 500/3000 [====>.........................] - ETA: 10s - loss: 1.7966 - accuracy: 0.3700
 750/3000 [======>.......................] - ETA: 9s - loss: 1.7885 - accuracy: 0.3800 
1000/3000 [=========>....................] - ETA: 8s - loss: 1.7839 - accuracy: 0.3830
1250/3000 [===========>..................] - ETA: 7s - loss: 1.7900 - accuracy: 0.3752
1500/3000 [==============>...............] - ETA: 6s - loss: 1.7889 - accuracy: 0.3807
1750/3000 [================>.............] - ETA: 5s - loss: 1.7944 - accuracy: 0.3680
2000/3000 [===================>..........] - ETA: 4s - loss: 1.7808 - accuracy: 0.3730
2250/3000 [=====================>........] - ETA: 3s - loss: 1.7702 - accuracy: 0.3729
2500/3000 [========================>.....] - ETA: 2s - loss: 1.7710 - accuracy: 0.3692
2750/3000 [==========================>...] - ETA: 1s - loss: 1.7639 - accuracy: 0.3716
3000/3000 [==============================] - 13s 4ms/step - loss: 1.7659 - accuracy: 0.3713 - val_loss: 3.0552 - val_accuracy: 0.1173
Latency --- 68.55255937576294 seconds ---
Trained with vanilla non-private SGD optimizer
Saving model with new accuracy, previous accuracy was 0 and present is 0.3713333308696747
Saved model to disk
=====================Iteration========================== 2
For delta=0.000200, the current epsilon is: 0.1520
Noise Mutiplier 30
in grads Tensor("loss_1/mul:0", shape=(), dtype=float32)
Train on 3000 samples, validate on 750 samples
Epoch 1/5

 250/3000 [=>............................] - ETA: 13s - loss: 2.3011 - accuracy: 0.1120
 500/3000 [====>.........................] - ETA: 10s - loss: 2.3020 - accuracy: 0.1080
 750/3000 [======>.......................] - ETA: 9s - loss: 2.2954 - accuracy: 0.1213 
1000/3000 [=========>....................] - ETA: 8s - loss: 2.2978 - accuracy: 0.1170
1250/3000 [===========>..................] - ETA: 7s - loss: 2.2944 - accuracy: 0.1128
1500/3000 [==============>...............] - ETA: 6s - loss: 2.2935 - accuracy: 0.1113
1750/3000 [================>.............] - ETA: 5s - loss: 2.2921 - accuracy: 0.1154
2000/3000 [===================>..........] - ETA: 4s - loss: 2.2897 - accuracy: 0.1185
2250/3000 [=====================>........] - ETA: 3s - loss: 2.2863 - accuracy: 0.1249
2500/3000 [========================>.....] - ETA: 2s - loss: 2.2826 - accuracy: 0.1240
2750/3000 [==========================>...] - ETA: 1s - loss: 2.2829 - accuracy: 0.1193
3000/3000 [==============================] - 14s 5ms/step - loss: 2.2785 - accuracy: 0.1217 - val_loss: 2.3213 - val_accuracy: 0.0933
Epoch 2/5

 250/3000 [=>............................] - ETA: 11s - loss: 2.1959 - accuracy: 0.1960
 500/3000 [====>.........................] - ETA: 9s - loss: 2.2075 - accuracy: 0.1600 
 750/3000 [======>.......................] - ETA: 8s - loss: 2.2058 - accuracy: 0.1613
1000/3000 [=========>....................] - ETA: 7s - loss: 2.1976 - accuracy: 0.1770
1250/3000 [===========>..................] - ETA: 7s - loss: 2.1920 - accuracy: 0.1832
1500/3000 [==============>...............] - ETA: 6s - loss: 2.1881 - accuracy: 0.1873
1750/3000 [================>.............] - ETA: 5s - loss: 2.1741 - accuracy: 0.1983
2000/3000 [===================>..........] - ETA: 4s - loss: 2.1630 - accuracy: 0.2015
2250/3000 [=====================>........] - ETA: 3s - loss: 2.1548 - accuracy: 0.2049
2500/3000 [========================>.....] - ETA: 2s - loss: 2.1473 - accuracy: 0.2100
2750/3000 [==========================>...] - ETA: 1s - loss: 2.1381 - accuracy: 0.2164
3000/3000 [==============================] - 13s 4ms/step - loss: 2.1306 - accuracy: 0.2193 - val_loss: 2.5183 - val_accuracy: 0.1120
Epoch 3/5

 250/3000 [=>............................] - ETA: 13s - loss: 1.9994 - accuracy: 0.2880
 500/3000 [====>.........................] - ETA: 10s - loss: 1.9764 - accuracy: 0.3000
 750/3000 [======>.......................] - ETA: 9s - loss: 1.9701 - accuracy: 0.3053 
1000/3000 [=========>....................] - ETA: 8s - loss: 1.9713 - accuracy: 0.2950
1250/3000 [===========>..................] - ETA: 7s - loss: 1.9589 - accuracy: 0.3032
1500/3000 [==============>...............] - ETA: 6s - loss: 1.9368 - accuracy: 0.3087
1750/3000 [================>.............] - ETA: 5s - loss: 1.9458 - accuracy: 0.2994
2000/3000 [===================>..........] - ETA: 4s - loss: 1.9366 - accuracy: 0.3050
2250/3000 [=====================>........] - ETA: 3s - loss: 1.9470 - accuracy: 0.2982
2500/3000 [========================>.....] - ETA: 2s - loss: 1.9511 - accuracy: 0.2964
2750/3000 [==========================>...] - ETA: 1s - loss: 1.9420 - accuracy: 0.2982
3000/3000 [==============================] - 13s 4ms/step - loss: 1.9375 - accuracy: 0.3003 - val_loss: 3.0043 - val_accuracy: 0.0920
Epoch 4/5

 250/3000 [=>............................] - ETA: 11s - loss: 1.9740 - accuracy: 0.2880
 500/3000 [====>.........................] - ETA: 10s - loss: 1.9165 - accuracy: 0.2960
 750/3000 [======>.......................] - ETA: 9s - loss: 1.9064 - accuracy: 0.2947 
1000/3000 [=========>....................] - ETA: 8s - loss: 1.8883 - accuracy: 0.3080
1250/3000 [===========>..................] - ETA: 7s - loss: 1.8772 - accuracy: 0.3128
1500/3000 [==============>...............] - ETA: 6s - loss: 1.8845 - accuracy: 0.3153
1750/3000 [================>.............] - ETA: 5s - loss: 1.8691 - accuracy: 0.3206
2000/3000 [===================>..........] - ETA: 4s - loss: 1.8739 - accuracy: 0.3180
2250/3000 [=====================>........] - ETA: 3s - loss: 1.8701 - accuracy: 0.3173
2500/3000 [========================>.....] - ETA: 2s - loss: 1.8617 - accuracy: 0.3192
2750/3000 [==========================>...] - ETA: 1s - loss: 1.8636 - accuracy: 0.3175
3000/3000 [==============================] - 14s 5ms/step - loss: 1.8604 - accuracy: 0.3213 - val_loss: 2.8629 - val_accuracy: 0.1067
Epoch 5/5

 250/3000 [=>............................] - ETA: 10s - loss: 1.7914 - accuracy: 0.3800
 500/3000 [====>.........................] - ETA: 9s - loss: 1.7780 - accuracy: 0.3840 
 750/3000 [======>.......................] - ETA: 8s - loss: 1.7519 - accuracy: 0.3813
1000/3000 [=========>....................] - ETA: 7s - loss: 1.7489 - accuracy: 0.3820
1250/3000 [===========>..................] - ETA: 6s - loss: 1.7598 - accuracy: 0.3832
1500/3000 [==============>...............] - ETA: 5s - loss: 1.7515 - accuracy: 0.3827
1750/3000 [================>.............] - ETA: 4s - loss: 1.7508 - accuracy: 0.3800
2000/3000 [===================>..........] - ETA: 3s - loss: 1.7608 - accuracy: 0.3740
2250/3000 [=====================>........] - ETA: 2s - loss: 1.7597 - accuracy: 0.3764
2500/3000 [========================>.....] - ETA: 1s - loss: 1.7636 - accuracy: 0.3728
2750/3000 [==========================>...] - ETA: 0s - loss: 1.7618 - accuracy: 0.3691
3000/3000 [==============================] - 13s 4ms/step - loss: 1.7614 - accuracy: 0.3710 - val_loss: 3.0772 - val_accuracy: 0.1013
Latency --- 69.21947884559631 seconds ---
Trained with vanilla non-private SGD optimizer
=====================Iteration========================== 3
For delta=0.000200, the current epsilon is: 0.1520
Noise Mutiplier 30
in grads Tensor("loss_2/mul:0", shape=(), dtype=float32)
Train on 3000 samples, validate on 750 samples
Epoch 1/5

 250/3000 [=>............................] - ETA: 14s - loss: 2.2983 - accuracy: 0.1040
 500/3000 [====>.........................] - ETA: 12s - loss: 2.2971 - accuracy: 0.1060
 750/3000 [======>.......................] - ETA: 10s - loss: 2.2944 - accuracy: 0.1200
1000/3000 [=========>....................] - ETA: 8s - loss: 2.2935 - accuracy: 0.1310 
1250/3000 [===========>..................] - ETA: 7s - loss: 2.2947 - accuracy: 0.1376
1500/3000 [==============>...............] - ETA: 6s - loss: 2.2930 - accuracy: 0.1393
1750/3000 [================>.............] - ETA: 5s - loss: 2.2924 - accuracy: 0.1349
2000/3000 [===================>..........] - ETA: 4s - loss: 2.2901 - accuracy: 0.1380
2250/3000 [=====================>........] - ETA: 3s - loss: 2.2872 - accuracy: 0.1400
2500/3000 [========================>.....] - ETA: 2s - loss: 2.2864 - accuracy: 0.1404
2750/3000 [==========================>...] - ETA: 1s - loss: 2.2850 - accuracy: 0.1422
3000/3000 [==============================] - 14s 5ms/step - loss: 2.2832 - accuracy: 0.1453 - val_loss: 2.3449 - val_accuracy: 0.0893
Epoch 2/5

 250/3000 [=>............................] - ETA: 11s - loss: 2.2949 - accuracy: 0.1520
 500/3000 [====>.........................] - ETA: 10s - loss: 2.2621 - accuracy: 0.1780
 750/3000 [======>.......................] - ETA: 8s - loss: 2.2489 - accuracy: 0.1800 
1000/3000 [=========>....................] - ETA: 7s - loss: 2.2443 - accuracy: 0.1850
1250/3000 [===========>..................] - ETA: 6s - loss: 2.2394 - accuracy: 0.1848
1500/3000 [==============>...............] - ETA: 5s - loss: 2.2290 - accuracy: 0.1967
1750/3000 [================>.............] - ETA: 4s - loss: 2.2218 - accuracy: 0.1977
2000/3000 [===================>..........] - ETA: 3s - loss: 2.2135 - accuracy: 0.2040
2250/3000 [=====================>........] - ETA: 2s - loss: 2.2061 - accuracy: 0.2067
2500/3000 [========================>.....] - ETA: 1s - loss: 2.1952 - accuracy: 0.2104
2750/3000 [==========================>...] - ETA: 0s - loss: 2.1864 - accuracy: 0.2135
3000/3000 [==============================] - 13s 4ms/step - loss: 2.1798 - accuracy: 0.2150 - val_loss: 2.4906 - val_accuracy: 0.1027
Epoch 3/5

 250/3000 [=>............................] - ETA: 11s - loss: 2.0820 - accuracy: 0.2160
 500/3000 [====>.........................] - ETA: 10s - loss: 2.0802 - accuracy: 0.2260
 750/3000 [======>.......................] - ETA: 9s - loss: 2.0861 - accuracy: 0.2240 
1000/3000 [=========>....................] - ETA: 8s - loss: 2.0722 - accuracy: 0.2380
1250/3000 [===========>..................] - ETA: 6s - loss: 2.0588 - accuracy: 0.2368
1500/3000 [==============>...............] - ETA: 5s - loss: 2.0497 - accuracy: 0.2447
1750/3000 [================>.............] - ETA: 4s - loss: 2.0443 - accuracy: 0.2469
2000/3000 [===================>..........] - ETA: 3s - loss: 2.0294 - accuracy: 0.2565
2250/3000 [=====================>........] - ETA: 2s - loss: 2.0252 - accuracy: 0.2662
2500/3000 [========================>.....] - ETA: 1s - loss: 2.0221 - accuracy: 0.2688
2750/3000 [==========================>...] - ETA: 0s - loss: 2.0123 - accuracy: 0.2735
3000/3000 [==============================] - 13s 4ms/step - loss: 2.0047 - accuracy: 0.2753 - val_loss: 2.7781 - val_accuracy: 0.0920
Epoch 4/5

 250/3000 [=>............................] - ETA: 12s - loss: 1.9371 - accuracy: 0.3080
 500/3000 [====>.........................] - ETA: 10s - loss: 1.9094 - accuracy: 0.3200
 750/3000 [======>.......................] - ETA: 9s - loss: 1.9142 - accuracy: 0.3000 
1000/3000 [=========>....................] - ETA: 8s - loss: 1.9027 - accuracy: 0.3100
1250/3000 [===========>..................] - ETA: 7s - loss: 1.9146 - accuracy: 0.3136
1500/3000 [==============>...............] - ETA: 5s - loss: 1.9139 - accuracy: 0.3133
1750/3000 [================>.............] - ETA: 4s - loss: 1.9076 - accuracy: 0.3189
2000/3000 [===================>..........] - ETA: 3s - loss: 1.9001 - accuracy: 0.3165
2250/3000 [=====================>........] - ETA: 2s - loss: 1.8971 - accuracy: 0.3187
2500/3000 [========================>.....] - ETA: 1s - loss: 1.9021 - accuracy: 0.3148
2750/3000 [==========================>...] - ETA: 0s - loss: 1.8941 - accuracy: 0.3182
3000/3000 [==============================] - 13s 4ms/step - loss: 1.8842 - accuracy: 0.3213 - val_loss: 2.9335 - val_accuracy: 0.0893
Epoch 5/5

 250/3000 [=>............................] - ETA: 11s - loss: 1.8258 - accuracy: 0.3400
 500/3000 [====>.........................] - ETA: 10s - loss: 1.8073 - accuracy: 0.3440
 750/3000 [======>.......................] - ETA: 9s - loss: 1.7992 - accuracy: 0.3440 
1000/3000 [=========>....................] - ETA: 8s - loss: 1.7930 - accuracy: 0.3560
1250/3000 [===========>..................] - ETA: 6s - loss: 1.7929 - accuracy: 0.3528
1500/3000 [==============>...............] - ETA: 5s - loss: 1.7973 - accuracy: 0.3553
1750/3000 [================>.............] - ETA: 4s - loss: 1.8067 - accuracy: 0.3520
2000/3000 [===================>..........] - ETA: 3s - loss: 1.7933 - accuracy: 0.3525
2250/3000 [=====================>........] - ETA: 2s - loss: 1.7891 - accuracy: 0.3507
2500/3000 [========================>.....] - ETA: 1s - loss: 1.7857 - accuracy: 0.3548
2750/3000 [==========================>...] - ETA: 0s - loss: 1.7838 - accuracy: 0.3556
3000/3000 [==============================] - 13s 4ms/step - loss: 1.7966 - accuracy: 0.3527 - val_loss: 3.0434 - val_accuracy: 0.0973
Latency --- 66.87511897087097 seconds ---
Trained with vanilla non-private SGD optimizer
=====================Iteration========================== 4
For delta=0.000200, the current epsilon is: 0.1520
Noise Mutiplier 30
in grads Tensor("loss_3/mul:0", shape=(), dtype=float32)
Train on 3000 samples, validate on 750 samples
Epoch 1/5

 250/3000 [=>............................] - ETA: 15s - loss: 2.3054 - accuracy: 0.1360
 500/3000 [====>.........................] - ETA: 12s - loss: 2.3047 - accuracy: 0.1120
 750/3000 [======>.......................] - ETA: 10s - loss: 2.3024 - accuracy: 0.1093
1000/3000 [=========>....................] - ETA: 8s - loss: 2.2995 - accuracy: 0.1180 
1250/3000 [===========>..................] - ETA: 7s - loss: 2.2976 - accuracy: 0.1120
1500/3000 [==============>...............] - ETA: 6s - loss: 2.2956 - accuracy: 0.1120
1750/3000 [================>.............] - ETA: 5s - loss: 2.2956 - accuracy: 0.1160
2000/3000 [===================>..........] - ETA: 4s - loss: 2.2955 - accuracy: 0.1155
2250/3000 [=====================>........] - ETA: 3s - loss: 2.2939 - accuracy: 0.1222
2500/3000 [========================>.....] - ETA: 2s - loss: 2.2922 - accuracy: 0.1264
2750/3000 [==========================>...] - ETA: 1s - loss: 2.2894 - accuracy: 0.1305
3000/3000 [==============================] - 14s 5ms/step - loss: 2.2867 - accuracy: 0.1313 - val_loss: 2.3178 - val_accuracy: 0.1067
Epoch 2/5

 250/3000 [=>............................] - ETA: 11s - loss: 2.2529 - accuracy: 0.1760
 500/3000 [====>.........................] - ETA: 9s - loss: 2.2468 - accuracy: 0.1860 
 750/3000 [======>.......................] - ETA: 9s - loss: 2.2317 - accuracy: 0.2000
1000/3000 [=========>....................] - ETA: 8s - loss: 2.2223 - accuracy: 0.1990
1250/3000 [===========>..................] - ETA: 7s - loss: 2.2195 - accuracy: 0.1800
1500/3000 [==============>...............] - ETA: 6s - loss: 2.2117 - accuracy: 0.1900
1750/3000 [================>.............] - ETA: 5s - loss: 2.2044 - accuracy: 0.1886
2000/3000 [===================>..........] - ETA: 4s - loss: 2.1971 - accuracy: 0.1885
2250/3000 [=====================>........] - ETA: 3s - loss: 2.1884 - accuracy: 0.1933
2500/3000 [========================>.....] - ETA: 2s - loss: 2.1806 - accuracy: 0.1980
2750/3000 [==========================>...] - ETA: 1s - loss: 2.1701 - accuracy: 0.2007
3000/3000 [==============================] - 14s 5ms/step - loss: 2.1655 - accuracy: 0.2000 - val_loss: 2.4626 - val_accuracy: 0.0947
Epoch 3/5

 250/3000 [=>............................] - ETA: 11s - loss: 1.9804 - accuracy: 0.2880
 500/3000 [====>.........................] - ETA: 9s - loss: 2.0041 - accuracy: 0.2760 
 750/3000 [======>.......................] - ETA: 8s - loss: 2.0143 - accuracy: 0.2600
1000/3000 [=========>....................] - ETA: 7s - loss: 2.0229 - accuracy: 0.2670
1250/3000 [===========>..................] - ETA: 6s - loss: 2.0188 - accuracy: 0.2616
1500/3000 [==============>...............] - ETA: 5s - loss: 2.0118 - accuracy: 0.2633
1750/3000 [================>.............] - ETA: 4s - loss: 1.9904 - accuracy: 0.2806
2000/3000 [===================>..........] - ETA: 3s - loss: 1.9915 - accuracy: 0.2780
2250/3000 [=====================>........] - ETA: 2s - loss: 1.9834 - accuracy: 0.2773
2500/3000 [========================>.....] - ETA: 1s - loss: 1.9796 - accuracy: 0.2768
2750/3000 [==========================>...] - ETA: 0s - loss: 1.9700 - accuracy: 0.2785
3000/3000 [==============================] - 13s 4ms/step - loss: 1.9607 - accuracy: 0.2833 - val_loss: 2.7913 - val_accuracy: 0.0867
Epoch 4/5

 250/3000 [=>............................] - ETA: 11s - loss: 1.7691 - accuracy: 0.3680
 500/3000 [====>.........................] - ETA: 9s - loss: 1.8062 - accuracy: 0.3560 
 750/3000 [======>.......................] - ETA: 9s - loss: 1.8321 - accuracy: 0.3587
1000/3000 [=========>....................] - ETA: 8s - loss: 1.8478 - accuracy: 0.3530
1250/3000 [===========>..................] - ETA: 7s - loss: 1.8374 - accuracy: 0.3544
1500/3000 [==============>...............] - ETA: 6s - loss: 1.8341 - accuracy: 0.3493
1750/3000 [================>.............] - ETA: 5s - loss: 1.8357 - accuracy: 0.3457
2000/3000 [===================>..........] - ETA: 4s - loss: 1.8473 - accuracy: 0.3410
2250/3000 [=====================>........] - ETA: 2s - loss: 1.8519 - accuracy: 0.3400
2500/3000 [========================>.....] - ETA: 1s - loss: 1.8593 - accuracy: 0.3400
2750/3000 [==========================>...] - ETA: 1s - loss: 1.8567 - accuracy: 0.3404
3000/3000 [==============================] - 13s 4ms/step - loss: 1.8523 - accuracy: 0.3383 - val_loss: 3.0187 - val_accuracy: 0.0920
Epoch 5/5

 250/3000 [=>............................] - ETA: 11s - loss: 1.8863 - accuracy: 0.3480
 500/3000 [====>.........................] - ETA: 9s - loss: 1.8665 - accuracy: 0.3400 
 750/3000 [======>.......................] - ETA: 9s - loss: 1.8306 - accuracy: 0.3560
1000/3000 [=========>....................] - ETA: 7s - loss: 1.8119 - accuracy: 0.3600
1250/3000 [===========>..................] - ETA: 6s - loss: 1.8109 - accuracy: 0.3528
1500/3000 [==============>...............] - ETA: 5s - loss: 1.7978 - accuracy: 0.3587
1750/3000 [================>.............] - ETA: 4s - loss: 1.7880 - accuracy: 0.3577
2000/3000 [===================>..........] - ETA: 4s - loss: 1.7942 - accuracy: 0.3635
2250/3000 [=====================>........] - ETA: 3s - loss: 1.7942 - accuracy: 0.3609
2500/3000 [========================>.....] - ETA: 2s - loss: 1.7959 - accuracy: 0.3600
2750/3000 [==========================>...] - ETA: 1s - loss: 1.7912 - accuracy: 0.3604
3000/3000 [==============================] - 13s 4ms/step - loss: 1.7941 - accuracy: 0.3603 - val_loss: 3.0171 - val_accuracy: 0.1027
Latency --- 69.00261306762695 seconds ---
Trained with vanilla non-private SGD optimizer
=====================Iteration========================== 5
For delta=0.000200, the current epsilon is: 0.1520
Noise Mutiplier 30
in grads Tensor("loss_4/mul:0", shape=(), dtype=float32)
Train on 3000 samples, validate on 750 samples
Epoch 1/5

 250/3000 [=>............................] - ETA: 16s - loss: 2.3082 - accuracy: 0.0880
 500/3000 [====>.........................] - ETA: 12s - loss: 2.2995 - accuracy: 0.1260
 750/3000 [======>.......................] - ETA: 11s - loss: 2.2972 - accuracy: 0.1160
1000/3000 [=========>....................] - ETA: 9s - loss: 2.2938 - accuracy: 0.1190 
1250/3000 [===========>..................] - ETA: 8s - loss: 2.2933 - accuracy: 0.1112
1500/3000 [==============>...............] - ETA: 6s - loss: 2.2890 - accuracy: 0.1247
1750/3000 [================>.............] - ETA: 5s - loss: 2.2845 - accuracy: 0.1314
2000/3000 [===================>..........] - ETA: 4s - loss: 2.2807 - accuracy: 0.1350
2250/3000 [=====================>........] - ETA: 3s - loss: 2.2775 - accuracy: 0.1342
2500/3000 [========================>.....] - ETA: 2s - loss: 2.2714 - accuracy: 0.1388
2750/3000 [==========================>...] - ETA: 1s - loss: 2.2648 - accuracy: 0.1447
3000/3000 [==============================] - 15s 5ms/step - loss: 2.2578 - accuracy: 0.1503 - val_loss: 2.3558 - val_accuracy: 0.1040
Epoch 2/5

 250/3000 [=>............................] - ETA: 12s - loss: 2.1563 - accuracy: 0.1880
 500/3000 [====>.........................] - ETA: 10s - loss: 2.1314 - accuracy: 0.2020
 750/3000 [======>.......................] - ETA: 9s - loss: 2.1461 - accuracy: 0.1933 
1000/3000 [=========>....................] - ETA: 8s - loss: 2.1286 - accuracy: 0.2140
1250/3000 [===========>..................] - ETA: 7s - loss: 2.1308 - accuracy: 0.2128
1500/3000 [==============>...............] - ETA: 6s - loss: 2.1257 - accuracy: 0.2133
1750/3000 [================>.............] - ETA: 5s - loss: 2.1224 - accuracy: 0.2109
2000/3000 [===================>..........] - ETA: 4s - loss: 2.1159 - accuracy: 0.2140
2250/3000 [=====================>........] - ETA: 3s - loss: 2.1109 - accuracy: 0.2142
2500/3000 [========================>.....] - ETA: 2s - loss: 2.1124 - accuracy: 0.2128
2750/3000 [==========================>...] - ETA: 1s - loss: 2.1093 - accuracy: 0.2175
3000/3000 [==============================] - 14s 5ms/step - loss: 2.1050 - accuracy: 0.2167 - val_loss: 2.5937 - val_accuracy: 0.1027
Epoch 3/5

 250/3000 [=>............................] - ETA: 14s - loss: 1.9627 - accuracy: 0.2880
 500/3000 [====>.........................] - ETA: 11s - loss: 1.9941 - accuracy: 0.2820
 750/3000 [======>.......................] - ETA: 9s - loss: 1.9952 - accuracy: 0.2787 
1000/3000 [=========>....................] - ETA: 8s - loss: 2.0033 - accuracy: 0.2670
1250/3000 [===========>..................] - ETA: 7s - loss: 2.0013 - accuracy: 0.2696
1500/3000 [==============>...............] - ETA: 6s - loss: 1.9912 - accuracy: 0.2727
1750/3000 [================>.............] - ETA: 5s - loss: 1.9886 - accuracy: 0.2817
2000/3000 [===================>..........] - ETA: 4s - loss: 1.9814 - accuracy: 0.2790
2250/3000 [=====================>........] - ETA: 3s - loss: 1.9731 - accuracy: 0.2809
2500/3000 [========================>.....] - ETA: 2s - loss: 1.9745 - accuracy: 0.2780
2750/3000 [==========================>...] - ETA: 1s - loss: 1.9740 - accuracy: 0.2804
3000/3000 [==============================] - 14s 5ms/step - loss: 1.9805 - accuracy: 0.2810 - val_loss: 2.8074 - val_accuracy: 0.0880
Epoch 4/5

 250/3000 [=>............................] - ETA: 11s - loss: 1.9045 - accuracy: 0.3160
 500/3000 [====>.........................] - ETA: 10s - loss: 1.8885 - accuracy: 0.3160
 750/3000 [======>.......................] - ETA: 9s - loss: 1.8750 - accuracy: 0.3107 
1000/3000 [=========>....................] - ETA: 8s - loss: 1.8684 - accuracy: 0.3210
1250/3000 [===========>..................] - ETA: 7s - loss: 1.8654 - accuracy: 0.3264
1500/3000 [==============>...............] - ETA: 6s - loss: 1.8704 - accuracy: 0.3213
1750/3000 [================>.............] - ETA: 5s - loss: 1.8796 - accuracy: 0.3206
2000/3000 [===================>..........] - ETA: 4s - loss: 1.8728 - accuracy: 0.3230
2250/3000 [=====================>........] - ETA: 3s - loss: 1.8792 - accuracy: 0.3218
2500/3000 [========================>.....] - ETA: 2s - loss: 1.8742 - accuracy: 0.3244
2750/3000 [==========================>...] - ETA: 1s - loss: 1.8740 - accuracy: 0.3204
3000/3000 [==============================] - 14s 5ms/step - loss: 1.8727 - accuracy: 0.3213 - val_loss: 2.9408 - val_accuracy: 0.0947
Epoch 5/5

 250/3000 [=>............................] - ETA: 13s - loss: 1.7816 - accuracy: 0.3480
 500/3000 [====>.........................] - ETA: 12s - loss: 1.7943 - accuracy: 0.3140
 750/3000 [======>.......................] - ETA: 10s - loss: 1.8186 - accuracy: 0.3253
1000/3000 [=========>....................] - ETA: 8s - loss: 1.8051 - accuracy: 0.3390 
1250/3000 [===========>..................] - ETA: 7s - loss: 1.7967 - accuracy: 0.3400
1500/3000 [==============>...............] - ETA: 6s - loss: 1.7863 - accuracy: 0.3487
1750/3000 [================>.............] - ETA: 5s - loss: 1.7853 - accuracy: 0.3446
2000/3000 [===================>..........] - ETA: 4s - loss: 1.7957 - accuracy: 0.3365
2250/3000 [=====================>........] - ETA: 3s - loss: 1.7913 - accuracy: 0.3400
2500/3000 [========================>.....] - ETA: 2s - loss: 1.7835 - accuracy: 0.3468
2750/3000 [==========================>...] - ETA: 1s - loss: 1.7904 - accuracy: 0.3422
3000/3000 [==============================] - 14s 5ms/step - loss: 1.7926 - accuracy: 0.3413 - val_loss: 3.0707 - val_accuracy: 0.0773
Latency --- 72.13758611679077 seconds ---
Trained with vanilla non-private SGD optimizer
=====================Iteration========================== 6
For delta=0.000200, the current epsilon is: 0.1520
Noise Mutiplier 30
in grads Tensor("loss_5/mul:0", shape=(), dtype=float32)
Train on 3000 samples, validate on 750 samples
Epoch 1/5

 250/3000 [=>............................] - ETA: 15s - loss: 2.3025 - accuracy: 0.1080
 500/3000 [====>.........................] - ETA: 11s - loss: 2.3087 - accuracy: 0.1020
 750/3000 [======>.......................] - ETA: 10s - loss: 2.3050 - accuracy: 0.1067
1000/3000 [=========>....................] - ETA: 8s - loss: 2.3023 - accuracy: 0.1100 
1250/3000 [===========>..................] - ETA: 7s - loss: 2.3014 - accuracy: 0.1024
1500/3000 [==============>...............] - ETA: 6s - loss: 2.2998 - accuracy: 0.1040
1750/3000 [================>.............] - ETA: 5s - loss: 2.2994 - accuracy: 0.1034
2000/3000 [===================>..........] - ETA: 4s - loss: 2.2962 - accuracy: 0.1120
2250/3000 [=====================>........] - ETA: 3s - loss: 2.2926 - accuracy: 0.1196
2500/3000 [========================>.....] - ETA: 2s - loss: 2.2881 - accuracy: 0.1252
2750/3000 [==========================>...] - ETA: 1s - loss: 2.2849 - accuracy: 0.1298
3000/3000 [==============================] - 14s 5ms/step - loss: 2.2805 - accuracy: 0.1333 - val_loss: 2.3196 - val_accuracy: 0.1013
Epoch 2/5

 250/3000 [=>............................] - ETA: 11s - loss: 2.2163 - accuracy: 0.2080
 500/3000 [====>.........................] - ETA: 10s - loss: 2.1995 - accuracy: 0.2020
 750/3000 [======>.......................] - ETA: 9s - loss: 2.1933 - accuracy: 0.2080 
1000/3000 [=========>....................] - ETA: 8s - loss: 2.1807 - accuracy: 0.2120
1250/3000 [===========>..................] - ETA: 7s - loss: 2.1810 - accuracy: 0.2000
1500/3000 [==============>...............] - ETA: 6s - loss: 2.1669 - accuracy: 0.2040
1750/3000 [================>.............] - ETA: 5s - loss: 2.1638 - accuracy: 0.1971
2000/3000 [===================>..........] - ETA: 4s - loss: 2.1491 - accuracy: 0.2000
2250/3000 [=====================>........] - ETA: 3s - loss: 2.1553 - accuracy: 0.1978
2500/3000 [========================>.....] - ETA: 2s - loss: 2.1451 - accuracy: 0.2048
2750/3000 [==========================>...] - ETA: 1s - loss: 2.1417 - accuracy: 0.2062
3000/3000 [==============================] - 13s 4ms/step - loss: 2.1359 - accuracy: 0.2100 - val_loss: 2.5732 - val_accuracy: 0.0893
Epoch 3/5

 250/3000 [=>............................] - ETA: 12s - loss: 2.0694 - accuracy: 0.2520
 500/3000 [====>.........................] - ETA: 10s - loss: 2.0848 - accuracy: 0.2380
 750/3000 [======>.......................] - ETA: 9s - loss: 2.0782 - accuracy: 0.2147 
1000/3000 [=========>....................] - ETA: 8s - loss: 2.0695 - accuracy: 0.2320
1250/3000 [===========>..................] - ETA: 7s - loss: 2.0643 - accuracy: 0.2376
1500/3000 [==============>...............] - ETA: 6s - loss: 2.0505 - accuracy: 0.2493
1750/3000 [================>.............] - ETA: 5s - loss: 2.0405 - accuracy: 0.2549
2000/3000 [===================>..........] - ETA: 4s - loss: 2.0412 - accuracy: 0.2575
2250/3000 [=====================>........] - ETA: 3s - loss: 2.0331 - accuracy: 0.2578
2500/3000 [========================>.....] - ETA: 2s - loss: 2.0305 - accuracy: 0.2592
2750/3000 [==========================>...] - ETA: 1s - loss: 2.0270 - accuracy: 0.2585
3000/3000 [==============================] - 13s 4ms/step - loss: 2.0215 - accuracy: 0.2607 - val_loss: 2.7396 - val_accuracy: 0.1013
Epoch 4/5

 250/3000 [=>............................] - ETA: 11s - loss: 1.9562 - accuracy: 0.2360
 500/3000 [====>.........................] - ETA: 10s - loss: 1.9449 - accuracy: 0.2760
 750/3000 [======>.......................] - ETA: 9s - loss: 1.9363 - accuracy: 0.2840 
1000/3000 [=========>....................] - ETA: 8s - loss: 1.9197 - accuracy: 0.2840
1250/3000 [===========>..................] - ETA: 7s - loss: 1.9362 - accuracy: 0.2808
1500/3000 [==============>...............] - ETA: 6s - loss: 1.9250 - accuracy: 0.2887
1750/3000 [================>.............] - ETA: 5s - loss: 1.9152 - accuracy: 0.2960
2000/3000 [===================>..........] - ETA: 4s - loss: 1.9284 - accuracy: 0.2885
2250/3000 [=====================>........] - ETA: 3s - loss: 1.9327 - accuracy: 0.2898
2500/3000 [========================>.....] - ETA: 2s - loss: 1.9248 - accuracy: 0.2912
2750/3000 [==========================>...] - ETA: 1s - loss: 1.9424 - accuracy: 0.2880
3000/3000 [==============================] - 13s 4ms/step - loss: 1.9441 - accuracy: 0.2913 - val_loss: 2.8244 - val_accuracy: 0.0893
Epoch 5/5

 250/3000 [=>............................] - ETA: 11s - loss: 1.9202 - accuracy: 0.3160
 500/3000 [====>.........................] - ETA: 10s - loss: 1.9002 - accuracy: 0.3360
 750/3000 [======>.......................] - ETA: 9s - loss: 1.8706 - accuracy: 0.3360 
1000/3000 [=========>....................] - ETA: 8s - loss: 1.8359 - accuracy: 0.3430
1250/3000 [===========>..................] - ETA: 7s - loss: 1.8523 - accuracy: 0.3344
1500/3000 [==============>...............] - ETA: 6s - loss: 1.8637 - accuracy: 0.3273
1750/3000 [================>.............] - ETA: 5s - loss: 1.8691 - accuracy: 0.3200
2000/3000 [===================>..........] - ETA: 4s - loss: 1.8624 - accuracy: 0.3200
2250/3000 [=====================>........] - ETA: 3s - loss: 1.8678 - accuracy: 0.3227
2500/3000 [========================>.....] - ETA: 2s - loss: 1.8825 - accuracy: 0.3228
2750/3000 [==========================>...] - ETA: 1s - loss: 1.8808 - accuracy: 0.3222
3000/3000 [==============================] - 13s 4ms/step - loss: 1.8787 - accuracy: 0.3177 - val_loss: 2.8561 - val_accuracy: 0.0853
Latency --- 70.36498022079468 seconds ---
Trained with vanilla non-private SGD optimizer
=====================Iteration========================== 7
For delta=0.000200, the current epsilon is: 0.1520
Noise Mutiplier 30
in grads Tensor("loss_6/mul:0", shape=(), dtype=float32)
Train on 3000 samples, validate on 750 samples
Epoch 1/5

 250/3000 [=>............................] - ETA: 16s - loss: 2.3055 - accuracy: 0.1160
 500/3000 [====>.........................] - ETA: 12s - loss: 2.3045 - accuracy: 0.1060
 750/3000 [======>.......................] - ETA: 10s - loss: 2.3055 - accuracy: 0.1107
1000/3000 [=========>....................] - ETA: 9s - loss: 2.3037 - accuracy: 0.1110 
1250/3000 [===========>..................] - ETA: 7s - loss: 2.3019 - accuracy: 0.1088
1500/3000 [==============>...............] - ETA: 6s - loss: 2.2999 - accuracy: 0.1153
1750/3000 [================>.............] - ETA: 5s - loss: 2.2980 - accuracy: 0.1131
2000/3000 [===================>..........] - ETA: 4s - loss: 2.2956 - accuracy: 0.1130
2250/3000 [=====================>........] - ETA: 3s - loss: 2.2940 - accuracy: 0.1129
2500/3000 [========================>.....] - ETA: 2s - loss: 2.2917 - accuracy: 0.1132
2750/3000 [==========================>...] - ETA: 1s - loss: 2.2889 - accuracy: 0.1164
3000/3000 [==============================] - 15s 5ms/step - loss: 2.2843 - accuracy: 0.1230 - val_loss: 2.3241 - val_accuracy: 0.0947
Epoch 2/5

 250/3000 [=>............................] - ETA: 11s - loss: 2.2187 - accuracy: 0.2160
 500/3000 [====>.........................] - ETA: 10s - loss: 2.2119 - accuracy: 0.2220
 750/3000 [======>.......................] - ETA: 9s - loss: 2.2061 - accuracy: 0.2053 
1000/3000 [=========>....................] - ETA: 8s - loss: 2.1870 - accuracy: 0.2130
1250/3000 [===========>..................] - ETA: 7s - loss: 2.1798 - accuracy: 0.2080
1500/3000 [==============>...............] - ETA: 6s - loss: 2.1666 - accuracy: 0.2073
1750/3000 [================>.............] - ETA: 5s - loss: 2.1571 - accuracy: 0.2086
2000/3000 [===================>..........] - ETA: 4s - loss: 2.1516 - accuracy: 0.2120
2250/3000 [=====================>........] - ETA: 3s - loss: 2.1414 - accuracy: 0.2147
2500/3000 [========================>.....] - ETA: 2s - loss: 2.1452 - accuracy: 0.2128
2750/3000 [==========================>...] - ETA: 1s - loss: 2.1364 - accuracy: 0.2196
3000/3000 [==============================] - 13s 4ms/step - loss: 2.1289 - accuracy: 0.2233 - val_loss: 2.7961 - val_accuracy: 0.0960
Epoch 3/5

 250/3000 [=>............................] - ETA: 11s - loss: 2.0542 - accuracy: 0.2360
 500/3000 [====>.........................] - ETA: 10s - loss: 2.0528 - accuracy: 0.2560
 750/3000 [======>.......................] - ETA: 9s - loss: 2.0490 - accuracy: 0.2573 
1000/3000 [=========>....................] - ETA: 8s - loss: 2.0385 - accuracy: 0.2580
1250/3000 [===========>..................] - ETA: 7s - loss: 2.0435 - accuracy: 0.2616
1500/3000 [==============>...............] - ETA: 6s - loss: 2.0401 - accuracy: 0.2673
1750/3000 [================>.............] - ETA: 5s - loss: 2.0366 - accuracy: 0.2629
2000/3000 [===================>..........] - ETA: 4s - loss: 2.0274 - accuracy: 0.2670
2250/3000 [=====================>........] - ETA: 3s - loss: 2.0199 - accuracy: 0.2653
2500/3000 [========================>.....] - ETA: 2s - loss: 2.0214 - accuracy: 0.2648
2750/3000 [==========================>...] - ETA: 1s - loss: 2.0145 - accuracy: 0.2662
3000/3000 [==============================] - 14s 5ms/step - loss: 2.0065 - accuracy: 0.2677 - val_loss: 2.6897 - val_accuracy: 0.0893
Epoch 4/5

 250/3000 [=>............................] - ETA: 11s - loss: 1.8947 - accuracy: 0.2880
 500/3000 [====>.........................] - ETA: 10s - loss: 1.9066 - accuracy: 0.2860
 750/3000 [======>.......................] - ETA: 9s - loss: 1.9224 - accuracy: 0.2880 
1000/3000 [=========>....................] - ETA: 8s - loss: 1.9235 - accuracy: 0.2840
1250/3000 [===========>..................] - ETA: 7s - loss: 1.9205 - accuracy: 0.2944
1500/3000 [==============>...............] - ETA: 6s - loss: 1.9126 - accuracy: 0.2960
1750/3000 [================>.............] - ETA: 5s - loss: 1.9047 - accuracy: 0.3034
2000/3000 [===================>..........] - ETA: 4s - loss: 1.9142 - accuracy: 0.2980
2250/3000 [=====================>........] - ETA: 3s - loss: 1.9082 - accuracy: 0.3022
2500/3000 [========================>.....] - ETA: 2s - loss: 1.9062 - accuracy: 0.3032
2750/3000 [==========================>...] - ETA: 1s - loss: 1.9012 - accuracy: 0.3062
3000/3000 [==============================] - 14s 5ms/step - loss: 1.8920 - accuracy: 0.3140 - val_loss: 2.9243 - val_accuracy: 0.0853
Epoch 5/5

 250/3000 [=>............................] - ETA: 11s - loss: 1.8153 - accuracy: 0.3240
 500/3000 [====>.........................] - ETA: 10s - loss: 1.7925 - accuracy: 0.3700
 750/3000 [======>.......................] - ETA: 9s - loss: 1.7888 - accuracy: 0.3627 
1000/3000 [=========>....................] - ETA: 8s - loss: 1.8201 - accuracy: 0.3450
1250/3000 [===========>..................] - ETA: 7s - loss: 1.8350 - accuracy: 0.3392
1500/3000 [==============>...............] - ETA: 6s - loss: 1.8385 - accuracy: 0.3440
1750/3000 [================>.............] - ETA: 5s - loss: 1.8366 - accuracy: 0.3400
2000/3000 [===================>..........] - ETA: 4s - loss: 1.8341 - accuracy: 0.3400
2250/3000 [=====================>........] - ETA: 3s - loss: 1.8283 - accuracy: 0.3400
2500/3000 [========================>.....] - ETA: 2s - loss: 1.8193 - accuracy: 0.3400
2750/3000 [==========================>...] - ETA: 1s - loss: 1.8224 - accuracy: 0.3407
3000/3000 [==============================] - 14s 5ms/step - loss: 1.8213 - accuracy: 0.3420 - val_loss: 2.9730 - val_accuracy: 0.0853
Latency --- 72.06425833702087 seconds ---
Trained with vanilla non-private SGD optimizer
=====================Iteration========================== 8
For delta=0.000200, the current epsilon is: 0.1520
Noise Mutiplier 30
in grads Tensor("loss_7/mul:0", shape=(), dtype=float32)
Train on 3000 samples, validate on 750 samples
Epoch 1/5

 250/3000 [=>............................] - ETA: 21s - loss: 2.3234 - accuracy: 0.1120
 500/3000 [====>.........................] - ETA: 15s - loss: 2.3169 - accuracy: 0.1240
 750/3000 [======>.......................] - ETA: 12s - loss: 2.3089 - accuracy: 0.1160
1000/3000 [=========>....................] - ETA: 10s - loss: 2.3071 - accuracy: 0.1210
1250/3000 [===========>..................] - ETA: 9s - loss: 2.3043 - accuracy: 0.1256 
1500/3000 [==============>...............] - ETA: 7s - loss: 2.2999 - accuracy: 0.1407
1750/3000 [================>.............] - ETA: 6s - loss: 2.2960 - accuracy: 0.1480
2000/3000 [===================>..........] - ETA: 4s - loss: 2.2930 - accuracy: 0.1500
2250/3000 [=====================>........] - ETA: 3s - loss: 2.2867 - accuracy: 0.1529
2500/3000 [========================>.....] - ETA: 2s - loss: 2.2812 - accuracy: 0.1520
2750/3000 [==========================>...] - ETA: 1s - loss: 2.2737 - accuracy: 0.1585
3000/3000 [==============================] - 16s 5ms/step - loss: 2.2669 - accuracy: 0.1577 - val_loss: 2.3727 - val_accuracy: 0.0907
Epoch 2/5

 250/3000 [=>............................] - ETA: 13s - loss: 2.1616 - accuracy: 0.2080
 500/3000 [====>.........................] - ETA: 11s - loss: 2.1546 - accuracy: 0.1840
 750/3000 [======>.......................] - ETA: 10s - loss: 2.1483 - accuracy: 0.1800
1000/3000 [=========>....................] - ETA: 9s - loss: 2.1303 - accuracy: 0.1920 
1250/3000 [===========>..................] - ETA: 8s - loss: 2.1363 - accuracy: 0.1936
1500/3000 [==============>...............] - ETA: 6s - loss: 2.1339 - accuracy: 0.1960
1750/3000 [================>.............] - ETA: 5s - loss: 2.1200 - accuracy: 0.1977
2000/3000 [===================>..........] - ETA: 4s - loss: 2.1097 - accuracy: 0.2100
2250/3000 [=====================>........] - ETA: 3s - loss: 2.1045 - accuracy: 0.2124
2500/3000 [========================>.....] - ETA: 2s - loss: 2.0991 - accuracy: 0.2172
2750/3000 [==========================>...] - ETA: 1s - loss: 2.0898 - accuracy: 0.2185
3000/3000 [==============================] - 15s 5ms/step - loss: 2.0823 - accuracy: 0.2243 - val_loss: 2.6946 - val_accuracy: 0.0987
Epoch 3/5

 250/3000 [=>............................] - ETA: 13s - loss: 2.0296 - accuracy: 0.2680
 500/3000 [====>.........................] - ETA: 11s - loss: 1.9767 - accuracy: 0.2920
 750/3000 [======>.......................] - ETA: 10s - loss: 1.9945 - accuracy: 0.2840
1000/3000 [=========>....................] - ETA: 9s - loss: 1.9795 - accuracy: 0.2870 
1250/3000 [===========>..................] - ETA: 8s - loss: 1.9793 - accuracy: 0.2880
1500/3000 [==============>...............] - ETA: 6s - loss: 1.9668 - accuracy: 0.2867
1750/3000 [================>.............] - ETA: 5s - loss: 1.9635 - accuracy: 0.2834
2000/3000 [===================>..........] - ETA: 4s - loss: 1.9611 - accuracy: 0.2800
2250/3000 [=====================>........] - ETA: 3s - loss: 1.9559 - accuracy: 0.2804
2500/3000 [========================>.....] - ETA: 2s - loss: 1.9534 - accuracy: 0.2808
2750/3000 [==========================>...] - ETA: 1s - loss: 1.9512 - accuracy: 0.2833
3000/3000 [==============================] - 15s 5ms/step - loss: 1.9429 - accuracy: 0.2893 - val_loss: 2.8647 - val_accuracy: 0.0987
Epoch 4/5

 250/3000 [=>............................] - ETA: 12s - loss: 1.9577 - accuracy: 0.3000
 500/3000 [====>.........................] - ETA: 11s - loss: 1.9111 - accuracy: 0.3000
 750/3000 [======>.......................] - ETA: 10s - loss: 1.9220 - accuracy: 0.2973
1000/3000 [=========>....................] - ETA: 9s - loss: 1.9107 - accuracy: 0.2980 
1250/3000 [===========>..................] - ETA: 8s - loss: 1.8993 - accuracy: 0.2984
1500/3000 [==============>...............] - ETA: 6s - loss: 1.8937 - accuracy: 0.3033
1750/3000 [================>.............] - ETA: 5s - loss: 1.8899 - accuracy: 0.3063
2000/3000 [===================>..........] - ETA: 4s - loss: 1.8903 - accuracy: 0.3080
2250/3000 [=====================>........] - ETA: 3s - loss: 1.8791 - accuracy: 0.3151
2500/3000 [========================>.....] - ETA: 2s - loss: 1.8760 - accuracy: 0.3188
2750/3000 [==========================>...] - ETA: 1s - loss: 1.8680 - accuracy: 0.3182
3000/3000 [==============================] - 15s 5ms/step - loss: 1.8653 - accuracy: 0.3237 - val_loss: 2.9495 - val_accuracy: 0.0920
Epoch 5/5

 250/3000 [=>............................] - ETA: 12s - loss: 1.7719 - accuracy: 0.3480
 500/3000 [====>.........................] - ETA: 11s - loss: 1.7934 - accuracy: 0.3540
 750/3000 [======>.......................] - ETA: 10s - loss: 1.7793 - accuracy: 0.3520
1000/3000 [=========>....................] - ETA: 9s - loss: 1.7790 - accuracy: 0.3510 
1250/3000 [===========>..................] - ETA: 8s - loss: 1.7776 - accuracy: 0.3520
1500/3000 [==============>...............] - ETA: 6s - loss: 1.7763 - accuracy: 0.3573
1750/3000 [================>.............] - ETA: 5s - loss: 1.7635 - accuracy: 0.3600
2000/3000 [===================>..........] - ETA: 4s - loss: 1.7635 - accuracy: 0.3585
2250/3000 [=====================>........] - ETA: 3s - loss: 1.7644 - accuracy: 0.3569
2500/3000 [========================>.....] - ETA: 2s - loss: 1.7623 - accuracy: 0.3608
2750/3000 [==========================>...] - ETA: 1s - loss: 1.7669 - accuracy: 0.3571
3000/3000 [==============================] - 15s 5ms/step - loss: 1.7668 - accuracy: 0.3583 - val_loss: 3.2048 - val_accuracy: 0.0987
Latency --- 80.55791783332825 seconds ---
Trained with vanilla non-private SGD optimizer
=====================Iteration========================== 9
For delta=0.000200, the current epsilon is: 0.1520
Noise Mutiplier 30
in grads Tensor("loss_8/mul:0", shape=(), dtype=float32)
Train on 3000 samples, validate on 750 samples
Epoch 1/5

 250/3000 [=>............................] - ETA: 17s - loss: 2.3097 - accuracy: 0.0720
 500/3000 [====>.........................] - ETA: 13s - loss: 2.3043 - accuracy: 0.0680
 750/3000 [======>.......................] - ETA: 11s - loss: 2.3000 - accuracy: 0.0813
1000/3000 [=========>....................] - ETA: 10s - loss: 2.2984 - accuracy: 0.0920
1250/3000 [===========>..................] - ETA: 8s - loss: 2.2952 - accuracy: 0.1072 
1500/3000 [==============>...............] - ETA: 7s - loss: 2.2930 - accuracy: 0.1127
1750/3000 [================>.............] - ETA: 5s - loss: 2.2897 - accuracy: 0.1194
2000/3000 [===================>..........] - ETA: 4s - loss: 2.2840 - accuracy: 0.1315
2250/3000 [=====================>........] - ETA: 3s - loss: 2.2795 - accuracy: 0.1373
2500/3000 [========================>.....] - ETA: 2s - loss: 2.2746 - accuracy: 0.1416
2750/3000 [==========================>...] - ETA: 1s - loss: 2.2681 - accuracy: 0.1458
3000/3000 [==============================] - 16s 5ms/step - loss: 2.2620 - accuracy: 0.1500 - val_loss: 2.3582 - val_accuracy: 0.0933
Epoch 2/5

 250/3000 [=>............................] - ETA: 12s - loss: 2.1765 - accuracy: 0.1880
 500/3000 [====>.........................] - ETA: 11s - loss: 2.1570 - accuracy: 0.1880
 750/3000 [======>.......................] - ETA: 10s - loss: 2.1537 - accuracy: 0.1960
1000/3000 [=========>....................] - ETA: 8s - loss: 2.1339 - accuracy: 0.2030 
1250/3000 [===========>..................] - ETA: 7s - loss: 2.1192 - accuracy: 0.2160
1500/3000 [==============>...............] - ETA: 6s - loss: 2.1250 - accuracy: 0.2127
1750/3000 [================>.............] - ETA: 5s - loss: 2.1211 - accuracy: 0.2131
2000/3000 [===================>..........] - ETA: 4s - loss: 2.1081 - accuracy: 0.2185
2250/3000 [=====================>........] - ETA: 3s - loss: 2.1024 - accuracy: 0.2258
2500/3000 [========================>.....] - ETA: 2s - loss: 2.0974 - accuracy: 0.2296
2750/3000 [==========================>...] - ETA: 1s - loss: 2.0889 - accuracy: 0.2240
3000/3000 [==============================] - 15s 5ms/step - loss: 2.0909 - accuracy: 0.2200 - val_loss: 2.6864 - val_accuracy: 0.0960
Epoch 3/5

 250/3000 [=>............................] - ETA: 12s - loss: 2.0540 - accuracy: 0.1960
 500/3000 [====>.........................] - ETA: 11s - loss: 2.0456 - accuracy: 0.2320
 750/3000 [======>.......................] - ETA: 9s - loss: 2.0351 - accuracy: 0.2347 
1000/3000 [=========>....................] - ETA: 8s - loss: 2.0242 - accuracy: 0.2440
1250/3000 [===========>..................] - ETA: 7s - loss: 2.0240 - accuracy: 0.2480
1500/3000 [==============>...............] - ETA: 6s - loss: 2.0275 - accuracy: 0.2480
1750/3000 [================>.............] - ETA: 5s - loss: 2.0186 - accuracy: 0.2497
2000/3000 [===================>..........] - ETA: 4s - loss: 2.0170 - accuracy: 0.2510
2250/3000 [=====================>........] - ETA: 3s - loss: 2.0188 - accuracy: 0.2538
2500/3000 [========================>.....] - ETA: 2s - loss: 2.0094 - accuracy: 0.2536
2750/3000 [==========================>...] - ETA: 1s - loss: 2.0000 - accuracy: 0.2567
3000/3000 [==============================] - 15s 5ms/step - loss: 1.9958 - accuracy: 0.2557 - val_loss: 2.7429 - val_accuracy: 0.1013
Epoch 4/5

 250/3000 [=>............................] - ETA: 12s - loss: 1.9894 - accuracy: 0.2600
 500/3000 [====>.........................] - ETA: 11s - loss: 1.9598 - accuracy: 0.2680
 750/3000 [======>.......................] - ETA: 10s - loss: 1.9669 - accuracy: 0.2720
1000/3000 [=========>....................] - ETA: 8s - loss: 1.9580 - accuracy: 0.2780 
1250/3000 [===========>..................] - ETA: 7s - loss: 1.9421 - accuracy: 0.2792
1500/3000 [==============>...............] - ETA: 6s - loss: 1.9383 - accuracy: 0.2860
1750/3000 [================>.............] - ETA: 5s - loss: 1.9446 - accuracy: 0.2846
2000/3000 [===================>..........] - ETA: 4s - loss: 1.9350 - accuracy: 0.2905
2250/3000 [=====================>........] - ETA: 3s - loss: 1.9379 - accuracy: 0.2920
2500/3000 [========================>.....] - ETA: 2s - loss: 1.9310 - accuracy: 0.2916
2750/3000 [==========================>...] - ETA: 1s - loss: 1.9220 - accuracy: 0.2967
3000/3000 [==============================] - 15s 5ms/step - loss: 1.9159 - accuracy: 0.2977 - val_loss: 2.8720 - val_accuracy: 0.0987
Epoch 5/5

 250/3000 [=>............................] - ETA: 12s - loss: 1.8202 - accuracy: 0.3360
 500/3000 [====>.........................] - ETA: 11s - loss: 1.8177 - accuracy: 0.3280
 750/3000 [======>.......................] - ETA: 10s - loss: 1.8627 - accuracy: 0.3000
1000/3000 [=========>....................] - ETA: 8s - loss: 1.8680 - accuracy: 0.2940 
1250/3000 [===========>..................] - ETA: 7s - loss: 1.8629 - accuracy: 0.2968
1500/3000 [==============>...............] - ETA: 6s - loss: 1.8499 - accuracy: 0.3073
1750/3000 [================>.............] - ETA: 5s - loss: 1.8512 - accuracy: 0.3103
2000/3000 [===================>..........] - ETA: 4s - loss: 1.8555 - accuracy: 0.3115
2250/3000 [=====================>........] - ETA: 3s - loss: 1.8561 - accuracy: 0.3156
2500/3000 [========================>.....] - ETA: 2s - loss: 1.8457 - accuracy: 0.3240
2750/3000 [==========================>...] - ETA: 1s - loss: 1.8486 - accuracy: 0.3236
3000/3000 [==============================] - 15s 5ms/step - loss: 1.8395 - accuracy: 0.3263 - val_loss: 3.0306 - val_accuracy: 0.1067
Latency --- 79.57078170776367 seconds ---
Trained with vanilla non-private SGD optimizer
=====================Iteration========================== 10
For delta=0.000200, the current epsilon is: 0.1520
Noise Mutiplier 30
in grads Tensor("loss_9/mul:0", shape=(), dtype=float32)
Train on 3000 samples, validate on 750 samples
Epoch 1/5

 250/3000 [=>............................] - ETA: 18s - loss: 2.3061 - accuracy: 0.0960
 500/3000 [====>.........................] - ETA: 13s - loss: 2.2985 - accuracy: 0.1320
 750/3000 [======>.......................] - ETA: 12s - loss: 2.3007 - accuracy: 0.1280
1000/3000 [=========>....................] - ETA: 10s - loss: 2.2979 - accuracy: 0.1480
1250/3000 [===========>..................] - ETA: 8s - loss: 2.2976 - accuracy: 0.1448 
1500/3000 [==============>...............] - ETA: 7s - loss: 2.2966 - accuracy: 0.1360
1750/3000 [================>.............] - ETA: 5s - loss: 2.2928 - accuracy: 0.1354
2000/3000 [===================>..........] - ETA: 4s - loss: 2.2908 - accuracy: 0.1290
2250/3000 [=====================>........] - ETA: 3s - loss: 2.2892 - accuracy: 0.1333
2500/3000 [========================>.....] - ETA: 2s - loss: 2.2858 - accuracy: 0.1428
2750/3000 [==========================>...] - ETA: 1s - loss: 2.2831 - accuracy: 0.1495
3000/3000 [==============================] - 15s 5ms/step - loss: 2.2793 - accuracy: 0.1550 - val_loss: 2.3305 - val_accuracy: 0.1053
Epoch 2/5

 250/3000 [=>............................] - ETA: 12s - loss: 2.2139 - accuracy: 0.2160
 500/3000 [====>.........................] - ETA: 10s - loss: 2.2090 - accuracy: 0.2000
 750/3000 [======>.......................] - ETA: 9s - loss: 2.2047 - accuracy: 0.1960 
1000/3000 [=========>....................] - ETA: 8s - loss: 2.1955 - accuracy: 0.2050
1250/3000 [===========>..................] - ETA: 7s - loss: 2.1891 - accuracy: 0.2152
1500/3000 [==============>...............] - ETA: 6s - loss: 2.1801 - accuracy: 0.2167
1750/3000 [================>.............] - ETA: 5s - loss: 2.1820 - accuracy: 0.2091
2000/3000 [===================>..........] - ETA: 4s - loss: 2.1755 - accuracy: 0.2045
2250/3000 [=====================>........] - ETA: 3s - loss: 2.1680 - accuracy: 0.2053
2500/3000 [========================>.....] - ETA: 2s - loss: 2.1640 - accuracy: 0.2096
2750/3000 [==========================>...] - ETA: 1s - loss: 2.1635 - accuracy: 0.2098
3000/3000 [==============================] - 14s 5ms/step - loss: 2.1566 - accuracy: 0.2143 - val_loss: 2.5033 - val_accuracy: 0.0933
Epoch 3/5

 250/3000 [=>............................] - ETA: 12s - loss: 2.0854 - accuracy: 0.2200
 500/3000 [====>.........................] - ETA: 11s - loss: 2.1116 - accuracy: 0.2340
 750/3000 [======>.......................] - ETA: 9s - loss: 2.0681 - accuracy: 0.2533 
1000/3000 [=========>....................] - ETA: 9s - loss: 2.0486 - accuracy: 0.2640
1250/3000 [===========>..................] - ETA: 7s - loss: 2.0557 - accuracy: 0.2528
1500/3000 [==============>...............] - ETA: 6s - loss: 2.0555 - accuracy: 0.2520
1750/3000 [================>.............] - ETA: 5s - loss: 2.0523 - accuracy: 0.2549
2000/3000 [===================>..........] - ETA: 4s - loss: 2.0388 - accuracy: 0.2605
2250/3000 [=====================>........] - ETA: 3s - loss: 2.0380 - accuracy: 0.2640
2500/3000 [========================>.....] - ETA: 2s - loss: 2.0279 - accuracy: 0.2648
2750/3000 [==========================>...] - ETA: 1s - loss: 2.0186 - accuracy: 0.2705
3000/3000 [==============================] - 14s 5ms/step - loss: 2.0123 - accuracy: 0.2733 - val_loss: 2.7628 - val_accuracy: 0.0933
Epoch 4/5

 250/3000 [=>............................] - ETA: 12s - loss: 1.9726 - accuracy: 0.2880
 500/3000 [====>.........................] - ETA: 10s - loss: 1.8965 - accuracy: 0.3320
 750/3000 [======>.......................] - ETA: 9s - loss: 1.9202 - accuracy: 0.3160 
1000/3000 [=========>....................] - ETA: 8s - loss: 1.9181 - accuracy: 0.3170
1250/3000 [===========>..................] - ETA: 7s - loss: 1.9119 - accuracy: 0.3224
1500/3000 [==============>...............] - ETA: 6s - loss: 1.9111 - accuracy: 0.3193
1750/3000 [================>.............] - ETA: 5s - loss: 1.9096 - accuracy: 0.3269
2000/3000 [===================>..........] - ETA: 4s - loss: 1.9028 - accuracy: 0.3230
2250/3000 [=====================>........] - ETA: 3s - loss: 1.9072 - accuracy: 0.3187
2500/3000 [========================>.....] - ETA: 2s - loss: 1.9059 - accuracy: 0.3208
2750/3000 [==========================>...] - ETA: 1s - loss: 1.8979 - accuracy: 0.3240
3000/3000 [==============================] - 14s 5ms/step - loss: 1.9045 - accuracy: 0.3247 - val_loss: 2.8371 - val_accuracy: 0.0960
Epoch 5/5

 250/3000 [=>............................] - ETA: 12s - loss: 1.8557 - accuracy: 0.3560
 500/3000 [====>.........................] - ETA: 10s - loss: 1.8363 - accuracy: 0.3620
 750/3000 [======>.......................] - ETA: 9s - loss: 1.8604 - accuracy: 0.3453 
1000/3000 [=========>....................] - ETA: 8s - loss: 1.8330 - accuracy: 0.3440
1250/3000 [===========>..................] - ETA: 7s - loss: 1.8091 - accuracy: 0.3528
1500/3000 [==============>...............] - ETA: 6s - loss: 1.8246 - accuracy: 0.3540
1750/3000 [================>.............] - ETA: 5s - loss: 1.8157 - accuracy: 0.3549
2000/3000 [===================>..........] - ETA: 4s - loss: 1.8207 - accuracy: 0.3550
2250/3000 [=====================>........] - ETA: 3s - loss: 1.8296 - accuracy: 0.3476
2500/3000 [========================>.....] - ETA: 2s - loss: 1.8170 - accuracy: 0.3540
2750/3000 [==========================>...] - ETA: 1s - loss: 1.8175 - accuracy: 0.3524
3000/3000 [==============================] - 14s 5ms/step - loss: 1.8224 - accuracy: 0.3490 - val_loss: 2.9007 - val_accuracy: 0.1027
Latency --- 77.11878538131714 seconds ---
Trained with vanilla non-private SGD optimizer
