We are using Tensorflow version 1.15.2
Keras API version: 2.3.1
=====================Iteration========================== 1
For delta=0.000200, the current epsilon is: 0.1520
Noise Mutiplier 30
in grads Tensor("loss/mul:0", shape=(?,), dtype=float32)
Train on 3000 samples, validate on 750 samples
Epoch 1/5

 250/3000 [=>............................] - ETA: 6:02 - loss: 2.3066 - accuracy: 0.0920
 500/3000 [====>.........................] - ETA: 5:24 - loss: 2.3044 - accuracy: 0.0780
 750/3000 [======>.......................] - ETA: 4:48 - loss: 2.3054 - accuracy: 0.0773
1000/3000 [=========>....................] - ETA: 4:17 - loss: 2.3059 - accuracy: 0.0870
1250/3000 [===========>..................] - ETA: 3:43 - loss: 2.3052 - accuracy: 0.0872
1500/3000 [==============>...............] - ETA: 3:11 - loss: 2.3041 - accuracy: 0.0913
1750/3000 [================>.............] - ETA: 2:39 - loss: 2.3037 - accuracy: 0.0909
2000/3000 [===================>..........] - ETA: 2:07 - loss: 2.3049 - accuracy: 0.0880
2250/3000 [=====================>........] - ETA: 1:35 - loss: 2.3054 - accuracy: 0.0871
2500/3000 [========================>.....] - ETA: 1:03 - loss: 2.3047 - accuracy: 0.0912
2750/3000 [==========================>...] - ETA: 31s - loss: 2.3051 - accuracy: 0.0902 
3000/3000 [==============================] - 382s 127ms/step - loss: 2.3057 - accuracy: 0.0883 - val_loss: 2.3129 - val_accuracy: 0.0733
Epoch 2/5

 250/3000 [=>............................] - ETA: 5:49 - loss: 2.3057 - accuracy: 0.1040
 500/3000 [====>.........................] - ETA: 5:15 - loss: 2.3046 - accuracy: 0.0980
 750/3000 [======>.......................] - ETA: 4:45 - loss: 2.3062 - accuracy: 0.0920
1000/3000 [=========>....................] - ETA: 4:12 - loss: 2.3055 - accuracy: 0.0930
1250/3000 [===========>..................] - ETA: 3:41 - loss: 2.3071 - accuracy: 0.0896
1500/3000 [==============>...............] - ETA: 3:09 - loss: 2.3070 - accuracy: 0.0867
1750/3000 [================>.............] - ETA: 2:37 - loss: 2.3050 - accuracy: 0.0886
2000/3000 [===================>..........] - ETA: 2:06 - loss: 2.3055 - accuracy: 0.0905
2250/3000 [=====================>........] - ETA: 1:34 - loss: 2.3058 - accuracy: 0.0911
2500/3000 [========================>.....] - ETA: 1:03 - loss: 2.3064 - accuracy: 0.0892
2750/3000 [==========================>...] - ETA: 31s - loss: 2.3065 - accuracy: 0.0884 
3000/3000 [==============================] - 379s 126ms/step - loss: 2.3058 - accuracy: 0.0900 - val_loss: 2.3130 - val_accuracy: 0.0747
Epoch 3/5

 250/3000 [=>............................] - ETA: 5:43 - loss: 2.3037 - accuracy: 0.0880
 500/3000 [====>.........................] - ETA: 5:12 - loss: 2.3006 - accuracy: 0.1100
 750/3000 [======>.......................] - ETA: 4:41 - loss: 2.3017 - accuracy: 0.1173
1000/3000 [=========>....................] - ETA: 4:08 - loss: 2.3022 - accuracy: 0.1130
1250/3000 [===========>..................] - ETA: 3:38 - loss: 2.3038 - accuracy: 0.1096
1500/3000 [==============>...............] - ETA: 3:07 - loss: 2.3043 - accuracy: 0.1060
1750/3000 [================>.............] - ETA: 2:36 - loss: 2.3050 - accuracy: 0.1040
2000/3000 [===================>..........] - ETA: 2:05 - loss: 2.3057 - accuracy: 0.0955
2250/3000 [=====================>........] - ETA: 1:33 - loss: 2.3053 - accuracy: 0.0956
2500/3000 [========================>.....] - ETA: 1:02 - loss: 2.3055 - accuracy: 0.0960
2750/3000 [==========================>...] - ETA: 31s - loss: 2.3051 - accuracy: 0.0960 
3000/3000 [==============================] - 377s 126ms/step - loss: 2.3053 - accuracy: 0.0943 - val_loss: 2.3128 - val_accuracy: 0.0760
Epoch 4/5

 250/3000 [=>............................] - ETA: 5:41 - loss: 2.3069 - accuracy: 0.0960
 500/3000 [====>.........................] - ETA: 5:16 - loss: 2.3050 - accuracy: 0.0980
 750/3000 [======>.......................] - ETA: 4:46 - loss: 2.3008 - accuracy: 0.1120
1000/3000 [=========>....................] - ETA: 4:16 - loss: 2.2999 - accuracy: 0.1120
1250/3000 [===========>..................] - ETA: 3:42 - loss: 2.3011 - accuracy: 0.1016
1500/3000 [==============>...............] - ETA: 3:10 - loss: 2.3029 - accuracy: 0.1013
1750/3000 [================>.............] - ETA: 2:39 - loss: 2.3041 - accuracy: 0.0943
2000/3000 [===================>..........] - ETA: 2:06 - loss: 2.3050 - accuracy: 0.0910
2250/3000 [=====================>........] - ETA: 1:35 - loss: 2.3050 - accuracy: 0.0907
2500/3000 [========================>.....] - ETA: 1:03 - loss: 2.3050 - accuracy: 0.0932
2750/3000 [==========================>...] - ETA: 31s - loss: 2.3056 - accuracy: 0.0927 
3000/3000 [==============================] - 382s 127ms/step - loss: 2.3049 - accuracy: 0.0943 - val_loss: 2.3121 - val_accuracy: 0.0773
Epoch 5/5

 250/3000 [=>............................] - ETA: 5:36 - loss: 2.3127 - accuracy: 0.0640
 500/3000 [====>.........................] - ETA: 5:10 - loss: 2.3064 - accuracy: 0.0800
 750/3000 [======>.......................] - ETA: 4:40 - loss: 2.3048 - accuracy: 0.0920
1000/3000 [=========>....................] - ETA: 4:10 - loss: 2.3050 - accuracy: 0.0970
1250/3000 [===========>..................] - ETA: 3:39 - loss: 2.3057 - accuracy: 0.0936
1500/3000 [==============>...............] - ETA: 3:08 - loss: 2.3065 - accuracy: 0.0953
1750/3000 [================>.............] - ETA: 2:37 - loss: 2.3068 - accuracy: 0.0989
2000/3000 [===================>..........] - ETA: 2:06 - loss: 2.3056 - accuracy: 0.1015
2250/3000 [=====================>........] - ETA: 1:34 - loss: 2.3048 - accuracy: 0.1009
2500/3000 [========================>.....] - ETA: 1:03 - loss: 2.3050 - accuracy: 0.0992
2750/3000 [==========================>...] - ETA: 31s - loss: 2.3050 - accuracy: 0.0960 
3000/3000 [==============================] - 381s 127ms/step - loss: 2.3049 - accuracy: 0.0963 - val_loss: 2.3119 - val_accuracy: 0.0773
Latency --- 1903.4566493034363 seconds ---
For delta=0.000200, the current epsilon is: 0.1520
Saving model with new accuracy, previous accuracy was 0 and present is 0.0963333323597908
Saved model to disk
=====================Iteration========================== 2
For delta=0.000200, the current epsilon is: 0.1520
Noise Mutiplier 30
in grads Tensor("loss_1/mul:0", shape=(?,), dtype=float32)
Train on 3000 samples, validate on 750 samples
Epoch 1/5

 250/3000 [=>............................] - ETA: 5:57 - loss: 2.3210 - accuracy: 0.1240
 500/3000 [====>.........................] - ETA: 5:28 - loss: 2.3146 - accuracy: 0.1360
 750/3000 [======>.......................] - ETA: 4:54 - loss: 2.3103 - accuracy: 0.1373
1000/3000 [=========>....................] - ETA: 4:20 - loss: 2.3088 - accuracy: 0.1360
1250/3000 [===========>..................] - ETA: 3:47 - loss: 2.3077 - accuracy: 0.1320
1500/3000 [==============>...............] - ETA: 3:14 - loss: 2.3093 - accuracy: 0.1327
1750/3000 [================>.............] - ETA: 2:41 - loss: 2.3094 - accuracy: 0.1343
2000/3000 [===================>..........] - ETA: 2:09 - loss: 2.3096 - accuracy: 0.1320
2250/3000 [=====================>........] - ETA: 1:37 - loss: 2.3102 - accuracy: 0.1307
2500/3000 [========================>.....] - ETA: 1:04 - loss: 2.3110 - accuracy: 0.1304
2750/3000 [==========================>...] - ETA: 32s - loss: 2.3108 - accuracy: 0.1327 
3000/3000 [==============================] - 390s 130ms/step - loss: 2.3108 - accuracy: 0.1300 - val_loss: 2.3068 - val_accuracy: 0.0973
Epoch 2/5

 250/3000 [=>............................] - ETA: 5:55 - loss: 2.3245 - accuracy: 0.1120
 500/3000 [====>.........................] - ETA: 5:20 - loss: 2.3151 - accuracy: 0.1260
 750/3000 [======>.......................] - ETA: 4:52 - loss: 2.3110 - accuracy: 0.1320
1000/3000 [=========>....................] - ETA: 4:18 - loss: 2.3125 - accuracy: 0.1230
1250/3000 [===========>..................] - ETA: 3:44 - loss: 2.3108 - accuracy: 0.1320
1500/3000 [==============>...............] - ETA: 3:12 - loss: 2.3107 - accuracy: 0.1340
1750/3000 [================>.............] - ETA: 2:39 - loss: 2.3111 - accuracy: 0.1303
2000/3000 [===================>..........] - ETA: 2:08 - loss: 2.3117 - accuracy: 0.1285
2250/3000 [=====================>........] - ETA: 1:36 - loss: 2.3125 - accuracy: 0.1311
2500/3000 [========================>.....] - ETA: 1:04 - loss: 2.3124 - accuracy: 0.1288
2750/3000 [==========================>...] - ETA: 32s - loss: 2.3122 - accuracy: 0.1287 
3000/3000 [==============================] - 387s 129ms/step - loss: 2.3114 - accuracy: 0.1293 - val_loss: 2.3070 - val_accuracy: 0.1027
Epoch 3/5

 250/3000 [=>............................] - ETA: 5:51 - loss: 2.3117 - accuracy: 0.1200
 500/3000 [====>.........................] - ETA: 5:22 - loss: 2.3075 - accuracy: 0.1440
 750/3000 [======>.......................] - ETA: 4:49 - loss: 2.3109 - accuracy: 0.1440
1000/3000 [=========>....................] - ETA: 4:16 - loss: 2.3098 - accuracy: 0.1410
1250/3000 [===========>..................] - ETA: 3:44 - loss: 2.3134 - accuracy: 0.1360
1500/3000 [==============>...............] - ETA: 3:12 - loss: 2.3122 - accuracy: 0.1340
1750/3000 [================>.............] - ETA: 2:39 - loss: 2.3123 - accuracy: 0.1337
2000/3000 [===================>..........] - ETA: 2:07 - loss: 2.3112 - accuracy: 0.1305
2250/3000 [=====================>........] - ETA: 1:35 - loss: 2.3109 - accuracy: 0.1280
2500/3000 [========================>.....] - ETA: 1:03 - loss: 2.3106 - accuracy: 0.1260
2750/3000 [==========================>...] - ETA: 31s - loss: 2.3115 - accuracy: 0.1222 
3000/3000 [==============================] - 384s 128ms/step - loss: 2.3109 - accuracy: 0.1207 - val_loss: 2.3073 - val_accuracy: 0.1067
Epoch 4/5

 250/3000 [=>............................] - ETA: 5:48 - loss: 2.3118 - accuracy: 0.1120
 500/3000 [====>.........................] - ETA: 5:17 - loss: 2.3102 - accuracy: 0.1080
 750/3000 [======>.......................] - ETA: 4:45 - loss: 2.3105 - accuracy: 0.1067
1000/3000 [=========>....................] - ETA: 4:14 - loss: 2.3099 - accuracy: 0.1060
1250/3000 [===========>..................] - ETA: 3:42 - loss: 2.3116 - accuracy: 0.1048
1500/3000 [==============>...............] - ETA: 3:11 - loss: 2.3112 - accuracy: 0.1027
1750/3000 [================>.............] - ETA: 2:38 - loss: 2.3118 - accuracy: 0.0994
2000/3000 [===================>..........] - ETA: 2:07 - loss: 2.3118 - accuracy: 0.1025
2250/3000 [=====================>........] - ETA: 1:35 - loss: 2.3113 - accuracy: 0.1062
2500/3000 [========================>.....] - ETA: 1:03 - loss: 2.3106 - accuracy: 0.1064
2750/3000 [==========================>...] - ETA: 31s - loss: 2.3101 - accuracy: 0.1087 
3000/3000 [==============================] - 384s 128ms/step - loss: 2.3103 - accuracy: 0.1110 - val_loss: 2.3072 - val_accuracy: 0.1013
Epoch 5/5

 250/3000 [=>............................] - ETA: 5:55 - loss: 2.2996 - accuracy: 0.1400
 500/3000 [====>.........................] - ETA: 5:19 - loss: 2.3011 - accuracy: 0.1260
 750/3000 [======>.......................] - ETA: 4:45 - loss: 2.3033 - accuracy: 0.1173
1000/3000 [=========>....................] - ETA: 4:14 - loss: 2.3050 - accuracy: 0.1200
1250/3000 [===========>..................] - ETA: 3:43 - loss: 2.3051 - accuracy: 0.1200
1500/3000 [==============>...............] - ETA: 3:11 - loss: 2.3065 - accuracy: 0.1153
1750/3000 [================>.............] - ETA: 2:39 - loss: 2.3088 - accuracy: 0.1074
2000/3000 [===================>..........] - ETA: 2:07 - loss: 2.3083 - accuracy: 0.1055
2250/3000 [=====================>........] - ETA: 1:35 - loss: 2.3083 - accuracy: 0.1049
2500/3000 [========================>.....] - ETA: 1:03 - loss: 2.3098 - accuracy: 0.1068
2750/3000 [==========================>...] - ETA: 31s - loss: 2.3098 - accuracy: 0.1084 
3000/3000 [==============================] - 385s 128ms/step - loss: 2.3100 - accuracy: 0.1100 - val_loss: 2.3074 - val_accuracy: 0.0933
Latency --- 1933.1376948356628 seconds ---
For delta=0.000200, the current epsilon is: 0.1520
Saving model with new accuracy, previous accuracy was 0.0963333323597908 and present is 0.10999999940395355
Saved model to disk
=====================Iteration========================== 3
For delta=0.000200, the current epsilon is: 0.1520
Noise Mutiplier 30
in grads Tensor("loss_2/mul:0", shape=(?,), dtype=float32)
Train on 3000 samples, validate on 750 samples
Epoch 1/5

 250/3000 [=>............................] - ETA: 5:56 - loss: 2.3091 - accuracy: 0.0640
 500/3000 [====>.........................] - ETA: 5:22 - loss: 2.3089 - accuracy: 0.0720
 750/3000 [======>.......................] - ETA: 4:49 - loss: 2.3092 - accuracy: 0.0720
1000/3000 [=========>....................] - ETA: 4:16 - loss: 2.3083 - accuracy: 0.0710
1250/3000 [===========>..................] - ETA: 3:44 - loss: 2.3085 - accuracy: 0.0760
1500/3000 [==============>...............] - ETA: 3:12 - loss: 2.3080 - accuracy: 0.0800
1750/3000 [================>.............] - ETA: 2:40 - loss: 2.3085 - accuracy: 0.0817
2000/3000 [===================>..........] - ETA: 2:08 - loss: 2.3082 - accuracy: 0.0870
2250/3000 [=====================>........] - ETA: 1:35 - loss: 2.3073 - accuracy: 0.0889
2500/3000 [========================>.....] - ETA: 1:03 - loss: 2.3078 - accuracy: 0.0876
2750/3000 [==========================>...] - ETA: 31s - loss: 2.3076 - accuracy: 0.0891 
3000/3000 [==============================] - 384s 128ms/step - loss: 2.3069 - accuracy: 0.0913 - val_loss: 2.3094 - val_accuracy: 0.0920
Epoch 2/5

 250/3000 [=>............................] - ETA: 5:52 - loss: 2.3095 - accuracy: 0.1000
 500/3000 [====>.........................] - ETA: 5:20 - loss: 2.3128 - accuracy: 0.1020
 750/3000 [======>.......................] - ETA: 4:48 - loss: 2.3083 - accuracy: 0.1013
1000/3000 [=========>....................] - ETA: 4:15 - loss: 2.3063 - accuracy: 0.1020
1250/3000 [===========>..................] - ETA: 3:41 - loss: 2.3044 - accuracy: 0.1056
1500/3000 [==============>...............] - ETA: 3:10 - loss: 2.3053 - accuracy: 0.1007
1750/3000 [================>.............] - ETA: 2:39 - loss: 2.3048 - accuracy: 0.1000
2000/3000 [===================>..........] - ETA: 2:07 - loss: 2.3057 - accuracy: 0.0985
2250/3000 [=====================>........] - ETA: 1:35 - loss: 2.3048 - accuracy: 0.1000
2500/3000 [========================>.....] - ETA: 1:03 - loss: 2.3050 - accuracy: 0.0968
2750/3000 [==========================>...] - ETA: 31s - loss: 2.3055 - accuracy: 0.0975 
3000/3000 [==============================] - 384s 128ms/step - loss: 2.3053 - accuracy: 0.0977 - val_loss: 2.3087 - val_accuracy: 0.0933
Epoch 3/5

 250/3000 [=>............................] - ETA: 5:54 - loss: 2.3028 - accuracy: 0.0800
 500/3000 [====>.........................] - ETA: 5:17 - loss: 2.3035 - accuracy: 0.0840
 750/3000 [======>.......................] - ETA: 4:48 - loss: 2.3022 - accuracy: 0.0920
1000/3000 [=========>....................] - ETA: 4:16 - loss: 2.3035 - accuracy: 0.0910
1250/3000 [===========>..................] - ETA: 3:42 - loss: 2.3050 - accuracy: 0.0936
1500/3000 [==============>...............] - ETA: 3:09 - loss: 2.3043 - accuracy: 0.0940
1750/3000 [================>.............] - ETA: 2:38 - loss: 2.3050 - accuracy: 0.0920
2000/3000 [===================>..........] - ETA: 2:06 - loss: 2.3052 - accuracy: 0.0945
2250/3000 [=====================>........] - ETA: 1:35 - loss: 2.3056 - accuracy: 0.0916
2500/3000 [========================>.....] - ETA: 1:03 - loss: 2.3058 - accuracy: 0.0936
2750/3000 [==========================>...] - ETA: 31s - loss: 2.3052 - accuracy: 0.0945 
3000/3000 [==============================] - 382s 127ms/step - loss: 2.3058 - accuracy: 0.0957 - val_loss: 2.3089 - val_accuracy: 0.0973
Epoch 4/5

 250/3000 [=>............................] - ETA: 5:43 - loss: 2.3024 - accuracy: 0.0840
 500/3000 [====>.........................] - ETA: 5:18 - loss: 2.3036 - accuracy: 0.0920
 750/3000 [======>.......................] - ETA: 4:45 - loss: 2.3040 - accuracy: 0.0960
1000/3000 [=========>....................] - ETA: 4:13 - loss: 2.3031 - accuracy: 0.1010
1250/3000 [===========>..................] - ETA: 3:40 - loss: 2.3032 - accuracy: 0.0952
1500/3000 [==============>...............] - ETA: 3:09 - loss: 2.3028 - accuracy: 0.1000
1750/3000 [================>.............] - ETA: 2:37 - loss: 2.3049 - accuracy: 0.0954
2000/3000 [===================>..........] - ETA: 2:06 - loss: 2.3036 - accuracy: 0.0965
2250/3000 [=====================>........] - ETA: 1:35 - loss: 2.3041 - accuracy: 0.0947
2500/3000 [========================>.....] - ETA: 1:03 - loss: 2.3053 - accuracy: 0.0924
2750/3000 [==========================>...] - ETA: 31s - loss: 2.3056 - accuracy: 0.0909 
3000/3000 [==============================] - 382s 127ms/step - loss: 2.3061 - accuracy: 0.0893 - val_loss: 2.3098 - val_accuracy: 0.0960
Epoch 5/5

 250/3000 [=>............................] - ETA: 5:46 - loss: 2.3092 - accuracy: 0.0960
 500/3000 [====>.........................] - ETA: 5:17 - loss: 2.3087 - accuracy: 0.1160
 750/3000 [======>.......................] - ETA: 4:45 - loss: 2.3085 - accuracy: 0.1027
1000/3000 [=========>....................] - ETA: 4:15 - loss: 2.3090 - accuracy: 0.1060
1250/3000 [===========>..................] - ETA: 3:43 - loss: 2.3093 - accuracy: 0.0976
1500/3000 [==============>...............] - ETA: 3:11 - loss: 2.3093 - accuracy: 0.0960
1750/3000 [================>.............] - ETA: 2:39 - loss: 2.3091 - accuracy: 0.0909
2000/3000 [===================>..........] - ETA: 2:07 - loss: 2.3089 - accuracy: 0.0895
2250/3000 [=====================>........] - ETA: 1:35 - loss: 2.3087 - accuracy: 0.0893
2500/3000 [========================>.....] - ETA: 1:03 - loss: 2.3072 - accuracy: 0.0900
2750/3000 [==========================>...] - ETA: 31s - loss: 2.3069 - accuracy: 0.0887 
3000/3000 [==============================] - 385s 128ms/step - loss: 2.3064 - accuracy: 0.0873 - val_loss: 2.3107 - val_accuracy: 0.0960
Latency --- 1919.3873207569122 seconds ---
For delta=0.000200, the current epsilon is: 0.1520
=====================Iteration========================== 4
For delta=0.000200, the current epsilon is: 0.1520
Noise Mutiplier 30
in grads Tensor("loss_3/mul:0", shape=(?,), dtype=float32)
Train on 3000 samples, validate on 750 samples
Epoch 1/5

 250/3000 [=>............................] - ETA: 5:43 - loss: 2.3101 - accuracy: 0.0760
 500/3000 [====>.........................] - ETA: 5:12 - loss: 2.3061 - accuracy: 0.0840
 750/3000 [======>.......................] - ETA: 4:43 - loss: 2.3093 - accuracy: 0.0840
1000/3000 [=========>....................] - ETA: 4:11 - loss: 2.3108 - accuracy: 0.0860
1250/3000 [===========>..................] - ETA: 3:39 - loss: 2.3110 - accuracy: 0.0872
1500/3000 [==============>...............] - ETA: 3:09 - loss: 2.3102 - accuracy: 0.0920
1750/3000 [================>.............] - ETA: 2:37 - loss: 2.3098 - accuracy: 0.0937
2000/3000 [===================>..........] - ETA: 2:05 - loss: 2.3100 - accuracy: 0.0925
2250/3000 [=====================>........] - ETA: 1:34 - loss: 2.3099 - accuracy: 0.0911
2500/3000 [========================>.....] - ETA: 1:03 - loss: 2.3097 - accuracy: 0.0896
2750/3000 [==========================>...] - ETA: 31s - loss: 2.3104 - accuracy: 0.0887 
3000/3000 [==============================] - 380s 127ms/step - loss: 2.3095 - accuracy: 0.0903 - val_loss: 2.3095 - val_accuracy: 0.1000
Epoch 2/5

 250/3000 [=>............................] - ETA: 5:45 - loss: 2.3069 - accuracy: 0.1200
 500/3000 [====>.........................] - ETA: 5:15 - loss: 2.3063 - accuracy: 0.0960
 750/3000 [======>.......................] - ETA: 4:42 - loss: 2.3070 - accuracy: 0.0960
1000/3000 [=========>....................] - ETA: 4:10 - loss: 2.3085 - accuracy: 0.0940
1250/3000 [===========>..................] - ETA: 3:39 - loss: 2.3081 - accuracy: 0.0984
1500/3000 [==============>...............] - ETA: 3:08 - loss: 2.3087 - accuracy: 0.0947
1750/3000 [================>.............] - ETA: 2:36 - loss: 2.3090 - accuracy: 0.0943
2000/3000 [===================>..........] - ETA: 2:05 - loss: 2.3091 - accuracy: 0.0940
2250/3000 [=====================>........] - ETA: 1:34 - loss: 2.3077 - accuracy: 0.0960
2500/3000 [========================>.....] - ETA: 1:02 - loss: 2.3077 - accuracy: 0.0952
2750/3000 [==========================>...] - ETA: 31s - loss: 2.3083 - accuracy: 0.0938 
3000/3000 [==============================] - 378s 126ms/step - loss: 2.3087 - accuracy: 0.0950 - val_loss: 2.3093 - val_accuracy: 0.1093
Epoch 3/5

 250/3000 [=>............................] - ETA: 5:55 - loss: 2.2951 - accuracy: 0.1160
 500/3000 [====>.........................] - ETA: 5:15 - loss: 2.3019 - accuracy: 0.1020
 750/3000 [======>.......................] - ETA: 4:46 - loss: 2.3043 - accuracy: 0.1120
1000/3000 [=========>....................] - ETA: 4:13 - loss: 2.3049 - accuracy: 0.1140
1250/3000 [===========>..................] - ETA: 3:41 - loss: 2.3053 - accuracy: 0.1064
1500/3000 [==============>...............] - ETA: 3:09 - loss: 2.3055 - accuracy: 0.1093
1750/3000 [================>.............] - ETA: 2:37 - loss: 2.3075 - accuracy: 0.1074
2000/3000 [===================>..........] - ETA: 2:05 - loss: 2.3084 - accuracy: 0.1040
2250/3000 [=====================>........] - ETA: 1:34 - loss: 2.3086 - accuracy: 0.1013
2500/3000 [========================>.....] - ETA: 1:02 - loss: 2.3088 - accuracy: 0.1000
2750/3000 [==========================>...] - ETA: 31s - loss: 2.3084 - accuracy: 0.1004 
3000/3000 [==============================] - 379s 126ms/step - loss: 2.3091 - accuracy: 0.0993 - val_loss: 2.3098 - val_accuracy: 0.1093
Epoch 4/5

 250/3000 [=>............................] - ETA: 5:54 - loss: 2.3093 - accuracy: 0.1200
 500/3000 [====>.........................] - ETA: 5:18 - loss: 2.3060 - accuracy: 0.1120
 750/3000 [======>.......................] - ETA: 4:44 - loss: 2.3088 - accuracy: 0.1013
1000/3000 [=========>....................] - ETA: 4:12 - loss: 2.3104 - accuracy: 0.0970
1250/3000 [===========>..................] - ETA: 3:40 - loss: 2.3134 - accuracy: 0.0944
1500/3000 [==============>...............] - ETA: 3:10 - loss: 2.3122 - accuracy: 0.0960
1750/3000 [================>.............] - ETA: 2:38 - loss: 2.3123 - accuracy: 0.0949
2000/3000 [===================>..........] - ETA: 2:06 - loss: 2.3105 - accuracy: 0.0960
2250/3000 [=====================>........] - ETA: 1:35 - loss: 2.3101 - accuracy: 0.0942
2500/3000 [========================>.....] - ETA: 1:03 - loss: 2.3093 - accuracy: 0.0960
2750/3000 [==========================>...] - ETA: 31s - loss: 2.3092 - accuracy: 0.0945 
3000/3000 [==============================] - 381s 127ms/step - loss: 2.3096 - accuracy: 0.0943 - val_loss: 2.3102 - val_accuracy: 0.1147
Epoch 5/5

 250/3000 [=>............................] - ETA: 5:46 - loss: 2.3152 - accuracy: 0.0800
 500/3000 [====>.........................] - ETA: 5:13 - loss: 2.3139 - accuracy: 0.0860
 750/3000 [======>.......................] - ETA: 4:46 - loss: 2.3131 - accuracy: 0.0893