We are using Tensorflow version 1.15.2
Keras API version: 2.3.1
=====================Iteration========================== 1
For delta=0.000200, the current epsilon is: 2.0066
Noise Mutiplier 1.76
in grads Tensor("loss/mul:0", shape=(?,), dtype=float32)
Train on 3000 samples, validate on 750 samples
Epoch 1/5

 250/3000 [=>............................] - ETA: 5:47 - loss: 2.3131 - accuracy: 0.0920
 500/3000 [====>.........................] - ETA: 5:09 - loss: 2.3116 - accuracy: 0.0960
 750/3000 [======>.......................] - ETA: 4:36 - loss: 2.3099 - accuracy: 0.0920
1000/3000 [=========>....................] - ETA: 4:07 - loss: 2.3091 - accuracy: 0.0940
1250/3000 [===========>..................] - ETA: 3:37 - loss: 2.3102 - accuracy: 0.0912
1500/3000 [==============>...............] - ETA: 3:06 - loss: 2.3111 - accuracy: 0.0880
1750/3000 [================>.............] - ETA: 2:35 - loss: 2.3111 - accuracy: 0.0846
2000/3000 [===================>..........] - ETA: 2:04 - loss: 2.3104 - accuracy: 0.0830
2250/3000 [=====================>........] - ETA: 1:33 - loss: 2.3105 - accuracy: 0.0840
2500/3000 [========================>.....] - ETA: 1:02 - loss: 2.3091 - accuracy: 0.0908
2750/3000 [==========================>...] - ETA: 31s - loss: 2.3089 - accuracy: 0.0938 
3000/3000 [==============================] - 375s 125ms/step - loss: 2.3081 - accuracy: 0.0970 - val_loss: 2.3107 - val_accuracy: 0.0880
Epoch 2/5

 250/3000 [=>............................] - ETA: 5:45 - loss: 2.3082 - accuracy: 0.0920
 500/3000 [====>.........................] - ETA: 5:16 - loss: 2.3051 - accuracy: 0.1060
 750/3000 [======>.......................] - ETA: 4:44 - loss: 2.3047 - accuracy: 0.0947
1000/3000 [=========>....................] - ETA: 4:10 - loss: 2.3055 - accuracy: 0.0960
1250/3000 [===========>..................] - ETA: 3:38 - loss: 2.3048 - accuracy: 0.0944
1500/3000 [==============>...............] - ETA: 3:07 - loss: 2.3031 - accuracy: 0.0973
1750/3000 [================>.............] - ETA: 2:36 - loss: 2.3033 - accuracy: 0.1017
2000/3000 [===================>..........] - ETA: 2:04 - loss: 2.3025 - accuracy: 0.1035
2250/3000 [=====================>........] - ETA: 1:33 - loss: 2.3026 - accuracy: 0.1022
2500/3000 [========================>.....] - ETA: 1:02 - loss: 2.3026 - accuracy: 0.1016
2750/3000 [==========================>...] - ETA: 31s - loss: 2.3032 - accuracy: 0.1018 
3000/3000 [==============================] - 374s 125ms/step - loss: 2.3033 - accuracy: 0.0997 - val_loss: 2.3080 - val_accuracy: 0.0880
Epoch 3/5

 250/3000 [=>............................] - ETA: 5:35 - loss: 2.3000 - accuracy: 0.0880
 500/3000 [====>.........................] - ETA: 5:13 - loss: 2.3012 - accuracy: 0.0920
 750/3000 [======>.......................] - ETA: 4:43 - loss: 2.3029 - accuracy: 0.0907
1000/3000 [=========>....................] - ETA: 4:12 - loss: 2.3006 - accuracy: 0.0970
1250/3000 [===========>..................] - ETA: 3:39 - loss: 2.3018 - accuracy: 0.0944
1500/3000 [==============>...............] - ETA: 3:08 - loss: 2.3013 - accuracy: 0.0953
1750/3000 [================>.............] - ETA: 2:36 - loss: 2.3005 - accuracy: 0.0989
2000/3000 [===================>..........] - ETA: 2:04 - loss: 2.3008 - accuracy: 0.0965
2250/3000 [=====================>........] - ETA: 1:32 - loss: 2.3004 - accuracy: 0.1004
2500/3000 [========================>.....] - ETA: 1:01 - loss: 2.3003 - accuracy: 0.1028
2750/3000 [==========================>...] - ETA: 30s - loss: 2.3001 - accuracy: 0.1025 
3000/3000 [==============================] - 373s 124ms/step - loss: 2.3003 - accuracy: 0.1033 - val_loss: 2.3066 - val_accuracy: 0.0867
Epoch 4/5

 250/3000 [=>............................] - ETA: 5:48 - loss: 2.3016 - accuracy: 0.1360
 500/3000 [====>.........................] - ETA: 5:13 - loss: 2.2974 - accuracy: 0.1380
 750/3000 [======>.......................] - ETA: 4:42 - loss: 2.2958 - accuracy: 0.1347
1000/3000 [=========>....................] - ETA: 4:09 - loss: 2.2970 - accuracy: 0.1330
1250/3000 [===========>..................] - ETA: 3:37 - loss: 2.2976 - accuracy: 0.1240
1500/3000 [==============>...............] - ETA: 3:06 - loss: 2.2980 - accuracy: 0.1227
1750/3000 [================>.............] - ETA: 2:35 - loss: 2.2986 - accuracy: 0.1223
2000/3000 [===================>..........] - ETA: 2:04 - loss: 2.2981 - accuracy: 0.1235
2250/3000 [=====================>........] - ETA: 1:33 - loss: 2.2983 - accuracy: 0.1204
2500/3000 [========================>.....] - ETA: 1:02 - loss: 2.2985 - accuracy: 0.1168
2750/3000 [==========================>...] - ETA: 31s - loss: 2.2986 - accuracy: 0.1164 
3000/3000 [==============================] - 375s 125ms/step - loss: 2.2983 - accuracy: 0.1173 - val_loss: 2.3055 - val_accuracy: 0.0907
Epoch 5/5

 250/3000 [=>............................] - ETA: 5:44 - loss: 2.2963 - accuracy: 0.1200
 500/3000 [====>.........................] - ETA: 5:06 - loss: 2.2967 - accuracy: 0.1120
 750/3000 [======>.......................] - ETA: 4:36 - loss: 2.2964 - accuracy: 0.1120
1000/3000 [=========>....................] - ETA: 4:04 - loss: 2.2977 - accuracy: 0.1100
1250/3000 [===========>..................] - ETA: 3:34 - loss: 2.2963 - accuracy: 0.1208
1500/3000 [==============>...............] - ETA: 3:05 - loss: 2.2963 - accuracy: 0.1213
1750/3000 [================>.............] - ETA: 2:34 - loss: 2.2954 - accuracy: 0.1246
2000/3000 [===================>..........] - ETA: 2:03 - loss: 2.2950 - accuracy: 0.1205
2250/3000 [=====================>........] - ETA: 1:32 - loss: 2.2958 - accuracy: 0.1196
2500/3000 [========================>.....] - ETA: 1:01 - loss: 2.2964 - accuracy: 0.1200
2750/3000 [==========================>...] - ETA: 30s - loss: 2.2961 - accuracy: 0.1211 
3000/3000 [==============================] - 373s 124ms/step - loss: 2.2966 - accuracy: 0.1203 - val_loss: 2.3056 - val_accuracy: 0.1000
Latency --- 1872.5250992774963 seconds ---
For delta=0.000200, the current epsilon is: 2.0066
Saving model with new accuracy, previous accuracy was 0 and present is 0.12033333629369736
Saved model to disk
=====================Iteration========================== 2
For delta=0.000200, the current epsilon is: 2.0066
Noise Mutiplier 1.76
in grads Tensor("loss_1/mul:0", shape=(?,), dtype=float32)
Train on 3000 samples, validate on 750 samples
Epoch 1/5

 250/3000 [=>............................] - ETA: 5:48 - loss: 2.3074 - accuracy: 0.0800
 500/3000 [====>.........................] - ETA: 5:14 - loss: 2.3056 - accuracy: 0.0820
 750/3000 [======>.......................] - ETA: 4:43 - loss: 2.3051 - accuracy: 0.0987
1000/3000 [=========>....................] - ETA: 4:08 - loss: 2.3062 - accuracy: 0.0960
1250/3000 [===========>..................] - ETA: 3:36 - loss: 2.3066 - accuracy: 0.0952
1500/3000 [==============>...............] - ETA: 3:06 - loss: 2.3054 - accuracy: 0.1027
1750/3000 [================>.............] - ETA: 2:35 - loss: 2.3056 - accuracy: 0.1000
2000/3000 [===================>..........] - ETA: 2:04 - loss: 2.3063 - accuracy: 0.0975
2250/3000 [=====================>........] - ETA: 1:33 - loss: 2.3061 - accuracy: 0.1000
2500/3000 [========================>.....] - ETA: 1:02 - loss: 2.3060 - accuracy: 0.1016
2750/3000 [==========================>...] - ETA: 31s - loss: 2.3059 - accuracy: 0.1007 
3000/3000 [==============================] - 376s 125ms/step - loss: 2.3057 - accuracy: 0.1037 - val_loss: 2.3026 - val_accuracy: 0.0973
Epoch 2/5

 250/3000 [=>............................] - ETA: 5:42 - loss: 2.3068 - accuracy: 0.1040
 500/3000 [====>.........................] - ETA: 5:13 - loss: 2.3022 - accuracy: 0.1200
 750/3000 [======>.......................] - ETA: 4:42 - loss: 2.3043 - accuracy: 0.1133
1000/3000 [=========>....................] - ETA: 4:10 - loss: 2.3046 - accuracy: 0.1180
1250/3000 [===========>..................] - ETA: 3:39 - loss: 2.3038 - accuracy: 0.1184
1500/3000 [==============>...............] - ETA: 3:08 - loss: 2.3041 - accuracy: 0.1200
1750/3000 [================>.............] - ETA: 2:36 - loss: 2.3037 - accuracy: 0.1240
2000/3000 [===================>..........] - ETA: 2:05 - loss: 2.3046 - accuracy: 0.1205
2250/3000 [=====================>........] - ETA: 1:33 - loss: 2.3050 - accuracy: 0.1164
2500/3000 [========================>.....] - ETA: 1:02 - loss: 2.3043 - accuracy: 0.1152
2750/3000 [==========================>...] - ETA: 31s - loss: 2.3044 - accuracy: 0.1142 
3000/3000 [==============================] - 375s 125ms/step - loss: 2.3043 - accuracy: 0.1137 - val_loss: 2.3028 - val_accuracy: 0.1013
Epoch 3/5

 250/3000 [=>............................] - ETA: 5:34 - loss: 2.3003 - accuracy: 0.1160
 500/3000 [====>.........................] - ETA: 5:08 - loss: 2.3017 - accuracy: 0.1100
 750/3000 [======>.......................] - ETA: 4:39 - loss: 2.3027 - accuracy: 0.1160
1000/3000 [=========>....................] - ETA: 4:08 - loss: 2.3028 - accuracy: 0.1180
1250/3000 [===========>..................] - ETA: 3:36 - loss: 2.3032 - accuracy: 0.1168
1500/3000 [==============>...............] - ETA: 3:04 - loss: 2.3038 - accuracy: 0.1160
1750/3000 [================>.............] - ETA: 2:34 - loss: 2.3033 - accuracy: 0.1154
2000/3000 [===================>..........] - ETA: 2:03 - loss: 2.3032 - accuracy: 0.1155
2250/3000 [=====================>........] - ETA: 1:32 - loss: 2.3034 - accuracy: 0.1160
2500/3000 [========================>.....] - ETA: 1:01 - loss: 2.3034 - accuracy: 0.1140
2750/3000 [==========================>...] - ETA: 31s - loss: 2.3029 - accuracy: 0.1149 
3000/3000 [==============================] - 374s 125ms/step - loss: 2.3028 - accuracy: 0.1193 - val_loss: 2.3026 - val_accuracy: 0.0920
Epoch 4/5

 250/3000 [=>............................] - ETA: 5:41 - loss: 2.2967 - accuracy: 0.1520
 500/3000 [====>.........................] - ETA: 5:10 - loss: 2.3011 - accuracy: 0.1200
 750/3000 [======>.......................] - ETA: 4:38 - loss: 2.3012 - accuracy: 0.1360
1000/3000 [=========>....................] - ETA: 4:08 - loss: 2.3015 - accuracy: 0.1330
1250/3000 [===========>..................] - ETA: 3:38 - loss: 2.3015 - accuracy: 0.1360
1500/3000 [==============>...............] - ETA: 3:07 - loss: 2.3021 - accuracy: 0.1307
1750/3000 [================>.............] - ETA: 2:35 - loss: 2.3020 - accuracy: 0.1314
2000/3000 [===================>..........] - ETA: 2:04 - loss: 2.3021 - accuracy: 0.1320
2250/3000 [=====================>........] - ETA: 1:33 - loss: 2.3024 - accuracy: 0.1333
2500/3000 [========================>.....] - ETA: 1:02 - loss: 2.3020 - accuracy: 0.1332
2750/3000 [==========================>...] - ETA: 31s - loss: 2.3016 - accuracy: 0.1364 
3000/3000 [==============================] - 373s 124ms/step - loss: 2.3013 - accuracy: 0.1413 - val_loss: 2.3024 - val_accuracy: 0.0920
Epoch 5/5

 250/3000 [=>............................] - ETA: 5:43 - loss: 2.2995 - accuracy: 0.1360
 500/3000 [====>.........................] - ETA: 5:12 - loss: 2.2998 - accuracy: 0.1340
 750/3000 [======>.......................] - ETA: 4:42 - loss: 2.3000 - accuracy: 0.1387
1000/3000 [=========>....................] - ETA: 4:11 - loss: 2.3005 - accuracy: 0.1380
1250/3000 [===========>..................] - ETA: 3:40 - loss: 2.3009 - accuracy: 0.1328
1500/3000 [==============>...............] - ETA: 3:09 - loss: 2.3008 - accuracy: 0.1373
1750/3000 [================>.............] - ETA: 2:37 - loss: 2.3010 - accuracy: 0.1383
2000/3000 [===================>..........] - ETA: 2:06 - loss: 2.3004 - accuracy: 0.1445
2250/3000 [=====================>........] - ETA: 1:34 - loss: 2.3006 - accuracy: 0.1462
2500/3000 [========================>.....] - ETA: 1:02 - loss: 2.3005 - accuracy: 0.1484
2750/3000 [==========================>...] - ETA: 31s - loss: 2.3000 - accuracy: 0.1509 
3000/3000 [==============================] - 379s 126ms/step - loss: 2.3000 - accuracy: 0.1507 - val_loss: 2.3021 - val_accuracy: 0.0893
Latency --- 1879.6821639537811 seconds ---
For delta=0.000200, the current epsilon is: 2.0066
Saving model with new accuracy, previous accuracy was 0.12033333629369736 and present is 0.15066666901111603
Saved model to disk
=====================Iteration========================== 3
For delta=0.000200, the current epsilon is: 2.0066
Noise Mutiplier 1.76
in grads Tensor("loss_2/mul:0", shape=(?,), dtype=float32)
Train on 3000 samples, validate on 750 samples
Epoch 1/5

 250/3000 [=>............................] - ETA: 5:46 - loss: 2.3059 - accuracy: 0.0920
 500/3000 [====>.........................] - ETA: 5:06 - loss: 2.3097 - accuracy: 0.0800
 750/3000 [======>.......................] - ETA: 4:36 - loss: 2.3093 - accuracy: 0.0747
1000/3000 [=========>....................] - ETA: 4:05 - loss: 2.3089 - accuracy: 0.0760
1250/3000 [===========>..................] - ETA: 3:36 - loss: 2.3100 - accuracy: 0.0768
1500/3000 [==============>...............] - ETA: 3:04 - loss: 2.3104 - accuracy: 0.0820
1750/3000 [================>.............] - ETA: 2:33 - loss: 2.3092 - accuracy: 0.0829
2000/3000 [===================>..........] - ETA: 2:03 - loss: 2.3088 - accuracy: 0.0835
2250/3000 [=====================>........] - ETA: 1:32 - loss: 2.3095 - accuracy: 0.0809
2500/3000 [========================>.....] - ETA: 1:01 - loss: 2.3090 - accuracy: 0.0832
2750/3000 [==========================>...] - ETA: 30s - loss: 2.3084 - accuracy: 0.0815 
3000/3000 [==============================] - 371s 124ms/step - loss: 2.3082 - accuracy: 0.0800 - val_loss: 2.3001 - val_accuracy: 0.1013
Epoch 2/5

 250/3000 [=>............................] - ETA: 5:41 - loss: 2.3048 - accuracy: 0.0840
 500/3000 [====>.........................] - ETA: 5:11 - loss: 2.3054 - accuracy: 0.0760
 750/3000 [======>.......................] - ETA: 4:39 - loss: 2.3058 - accuracy: 0.0707
1000/3000 [=========>....................] - ETA: 4:08 - loss: 2.3055 - accuracy: 0.0740
1250/3000 [===========>..................] - ETA: 3:37 - loss: 2.3061 - accuracy: 0.0776
1500/3000 [==============>...............] - ETA: 3:05 - loss: 2.3054 - accuracy: 0.0793
1750/3000 [================>.............] - ETA: 2:34 - loss: 2.3055 - accuracy: 0.0760
2000/3000 [===================>..........] - ETA: 2:03 - loss: 2.3051 - accuracy: 0.0760
2250/3000 [=====================>........] - ETA: 1:32 - loss: 2.3047 - accuracy: 0.0764
2500/3000 [========================>.....] - ETA: 1:01 - loss: 2.3046 - accuracy: 0.0752
2750/3000 [==========================>...] - ETA: 30s - loss: 2.3046 - accuracy: 0.0764 
3000/3000 [==============================] - 372s 124ms/step - loss: 2.3048 - accuracy: 0.0757 - val_loss: 2.3004 - val_accuracy: 0.1227
Epoch 3/5

 250/3000 [=>............................] - ETA: 5:33 - loss: 2.3059 - accuracy: 0.0840
 500/3000 [====>.........................] - ETA: 5:06 - loss: 2.3043 - accuracy: 0.0760
 750/3000 [======>.......................] - ETA: 4:35 - loss: 2.3044 - accuracy: 0.0653
1000/3000 [=========>....................] - ETA: 4:05 - loss: 2.3036 - accuracy: 0.0680
1250/3000 [===========>..................] - ETA: 3:34 - loss: 2.3029 - accuracy: 0.0728
1500/3000 [==============>...............] - ETA: 3:03 - loss: 2.3030 - accuracy: 0.0727
1750/3000 [================>.............] - ETA: 2:33 - loss: 2.3027 - accuracy: 0.0749
2000/3000 [===================>..........] - ETA: 2:02 - loss: 2.3030 - accuracy: 0.0750
2250/3000 [=====================>........] - ETA: 1:31 - loss: 2.3028 - accuracy: 0.0756
2500/3000 [========================>.....] - ETA: 1:01 - loss: 2.3025 - accuracy: 0.0760
2750/3000 [==========================>...] - ETA: 30s - loss: 2.3026 - accuracy: 0.0756 
3000/3000 [==============================] - 368s 123ms/step - loss: 2.3027 - accuracy: 0.0757 - val_loss: 2.3001 - val_accuracy: 0.1040
Epoch 4/5

 250/3000 [=>............................] - ETA: 5:47 - loss: 2.3017 - accuracy: 0.0880
 500/3000 [====>.........................] - ETA: 5:12 - loss: 2.3017 - accuracy: 0.0820
 750/3000 [======>.......................] - ETA: 4:40 - loss: 2.2994 - accuracy: 0.0800
1000/3000 [=========>....................] - ETA: 4:08 - loss: 2.2994 - accuracy: 0.0780
1250/3000 [===========>..................] - ETA: 3:35 - loss: 2.2993 - accuracy: 0.0824
1500/3000 [==============>...............] - ETA: 3:05 - loss: 2.2995 - accuracy: 0.0847
1750/3000 [================>.............] - ETA: 2:35 - loss: 2.3006 - accuracy: 0.0840
2000/3000 [===================>..........] - ETA: 2:04 - loss: 2.3010 - accuracy: 0.0860
2250/3000 [=====================>........] - ETA: 1:32 - loss: 2.3000 - accuracy: 0.0880
2500/3000 [========================>.....] - ETA: 1:01 - loss: 2.3008 - accuracy: 0.0864
2750/3000 [==========================>...] - ETA: 30s - loss: 2.3008 - accuracy: 0.0851 
3000/3000 [==============================] - 372s 124ms/step - loss: 2.3010 - accuracy: 0.0843 - val_loss: 2.2997 - val_accuracy: 0.0920
Epoch 5/5

 250/3000 [=>............................] - ETA: 5:42 - loss: 2.3005 - accuracy: 0.0960
 500/3000 [====>.........................] - ETA: 5:08 - loss: 2.3027 - accuracy: 0.0720
 750/3000 [======>.......................] - ETA: 4:39 - loss: 2.3009 - accuracy: 0.0787
1000/3000 [=========>....................] - ETA: 4:09 - loss: 2.3005 - accuracy: 0.0830
1250/3000 [===========>..................] - ETA: 3:37 - loss: 2.2999 - accuracy: 0.0896
1500/3000 [==============>...............] - ETA: 3:06 - loss: 2.2987 - accuracy: 0.0940
1750/3000 [================>.............] - ETA: 2:35 - loss: 2.2987 - accuracy: 0.0971
2000/3000 [===================>..........] - ETA: 2:04 - loss: 2.2989 - accuracy: 0.0920
2250/3000 [=====================>........] - ETA: 1:33 - loss: 2.2992 - accuracy: 0.0933
2500/3000 [========================>.....] - ETA: 1:02 - loss: 2.2990 - accuracy: 0.0940
2750/3000 [==========================>...] - ETA: 31s - loss: 2.2990 - accuracy: 0.0931 
3000/3000 [==============================] - 373s 124ms/step - loss: 2.2994 - accuracy: 0.0943 - val_loss: 2.2994 - val_accuracy: 0.0973
Latency --- 1859.2624533176422 seconds ---
For delta=0.000200, the current epsilon is: 2.0066
=====================Iteration========================== 4
For delta=0.000200, the current epsilon is: 2.0066
Noise Mutiplier 1.76
in grads Tensor("loss_3/mul:0", shape=(?,), dtype=float32)
Train on 3000 samples, validate on 750 samples
Epoch 1/5

 250/3000 [=>............................] - ETA: 5:42 - loss: 2.3063 - accuracy: 0.0840
 500/3000 [====>.........................] - ETA: 5:08 - loss: 2.3059 - accuracy: 0.0920
 750/3000 [======>.......................] - ETA: 4:39 - loss: 2.3060 - accuracy: 0.1093
1000/3000 [=========>....................] - ETA: 4:06 - loss: 2.3059 - accuracy: 0.1030
1250/3000 [===========>..................] - ETA: 3:36 - loss: 2.3054 - accuracy: 0.0952
1500/3000 [==============>...............] - ETA: 3:06 - loss: 2.3049 - accuracy: 0.1000
1750/3000 [================>.............] - ETA: 2:35 - loss: 2.3044 - accuracy: 0.1006
2000/3000 [===================>..........] - ETA: 2:04 - loss: 2.3041 - accuracy: 0.1035
2250/3000 [=====================>........] - ETA: 1:32 - loss: 2.3038 - accuracy: 0.1044
2500/3000 [========================>.....] - ETA: 1:01 - loss: 2.3038 - accuracy: 0.1008
2750/3000 [==========================>...] - ETA: 30s - loss: 2.3040 - accuracy: 0.0982 
3000/3000 [==============================] - 373s 124ms/step - loss: 2.3037 - accuracy: 0.0990 - val_loss: 2.3019 - val_accuracy: 0.1013
Epoch 2/5

 250/3000 [=>............................] - ETA: 5:42 - loss: 2.3018 - accuracy: 0.0920
 500/3000 [====>.........................] - ETA: 5:11 - loss: 2.3036 - accuracy: 0.0900
 750/3000 [======>.......................] - ETA: 4:38 - loss: 2.3024 - accuracy: 0.1000
1000/3000 [=========>....................] - ETA: 4:08 - loss: 2.3023 - accuracy: 0.1000
1250/3000 [===========>..................] - ETA: 3:37 - loss: 2.3022 - accuracy: 0.1016
1500/3000 [==============>...............] - ETA: 3:06 - loss: 2.3024 - accuracy: 0.1027
1750/3000 [================>.............] - ETA: 2:34 - loss: 2.3025 - accuracy: 0.0971
2000/3000 [===================>..........] - ETA: 2:03 - loss: 2.3021 - accuracy: 0.1000
2250/3000 [=====================>........] - ETA: 1:32 - loss: 2.3018 - accuracy: 0.0996
2500/3000 [========================>.....] - ETA: 1:01 - loss: 2.3016 - accuracy: 0.1028
2750/3000 [==========================>...] - ETA: 30s - loss: 2.3015 - accuracy: 0.1040 
3000/3000 [==============================] - 372s 124ms/step - loss: 2.3013 - accuracy: 0.1037 - val_loss: 2.3020 - val_accuracy: 0.1013
Epoch 3/5

 250/3000 [=>............................] - ETA: 5:36 - loss: 2.3019 - accuracy: 0.1240
 500/3000 [====>.........................] - ETA: 5:06 - loss: 2.3001 - accuracy: 0.1160
 750/3000 [======>.......................] - ETA: 4:39 - loss: 2.2991 - accuracy: 0.1227
1000/3000 [=========>....................] - ETA: 4:09 - loss: 2.2987 - accuracy: 0.1240
1250/3000 [===========>..................] - ETA: 3:38 - loss: 2.2985 - accuracy: 0.1216
1500/3000 [==============>...............] - ETA: 3:07 - loss: 2.2986 - accuracy: 0.1193
1750/3000 [================>.............] - ETA: 2:35 - loss: 2.2988 - accuracy: 0.1154
2000/3000 [===================>..........] - ETA: 2:04 - loss: 2.2991 - accuracy: 0.1100
2250/3000 [=====================>........] - ETA: 1:33 - loss: 2.2993 - accuracy: 0.1093
2500/3000 [========================>.....] - ETA: 1:02 - loss: 2.2993 - accuracy: 0.1076
2750/3000 [==========================>...] - ETA: 31s - loss: 2.2992 - accuracy: 0.1076 
3000/3000 [==============================] - 375s 125ms/step - loss: 2.2991 - accuracy: 0.1093 - val_loss: 2.3022 - val_accuracy: 0.1107
Epoch 4/5

 250/3000 [=>............................] - ETA: 5:37 - loss: 2.2969 - accuracy: 0.1040
 500/3000 [====>.........................] - ETA: 5:09 - loss: 2.2952 - accuracy: 0.1200
 750/3000 [======>.......................] - ETA: 4:40 - loss: 2.2955 - accuracy: 0.1200
1000/3000 [=========>....................] - ETA: 4:05 - loss: 2.2965 - accuracy: 0.1200
1250/3000 [===========>..................] - ETA: 3:34 - loss: 2.2974 - accuracy: 0.1144
1500/3000 [==============>...............] - ETA: 3:04 - loss: 2.2974 - accuracy: 0.1160
1750/3000 [================>.............] - ETA: 2:33 - loss: 2.2971 - accuracy: 0.1206
2000/3000 [===================>..........] - ETA: 2:03 - loss: 2.2969 - accuracy: 0.1255
2250/3000 [=====================>........] - ETA: 1:32 - loss: 2.2973 - accuracy: 0.1222
2500/3000 [========================>.....] - ETA: 1:01 - loss: 2.2974 - accuracy: 0.1208
2750/3000 [==========================>...] - ETA: 30s - loss: 2.2969 - accuracy: 0.1233 
3000/3000 [==============================] - 368s 123ms/step - loss: 2.2969 - accuracy: 0.1240 - val_loss: 2.3025 - val_accuracy: 0.1120
Epoch 5/5

 250/3000 [=>............................] - ETA: 5:43 - loss: 2.2935 - accuracy: 0.1560
 500/3000 [====>.........................] - ETA: 5:12 - loss: 2.2946 - accuracy: 0.1440
 750/3000 [======>.......................] - ETA: 4:40 - loss: 2.2940 - accuracy: 0.1467
1000/3000 [=========>....................] - ETA: 4:08 - loss: 2.2959 - accuracy: 0.1400
1250/3000 [===========>..................] - ETA: 3:37 - loss: 2.2962 - accuracy: 0.1376
1500/3000 [==============>...............] - ETA: 3:06 - loss: 2.2961 - accuracy: 0.1367
1750/3000 [================>.............] - ETA: 2:35 - loss: 2.2957 - accuracy: 0.1400
2000/3000 [===================>..........] - ETA: 2:03 - loss: 2.2956 - accuracy: 0.1435
2250/3000 [=====================>........] - ETA: 1:33 - loss: 2.2955 - accuracy: 0.1422
2500/3000 [========================>.....] - ETA: 1:01 - loss: 2.2954 - accuracy: 0.1448
2750/3000 [==========================>...] - ETA: 30s - loss: 2.2952 - accuracy: 0.1455 
3000/3000 [==============================] - 372s 124ms/step - loss: 2.2951 - accuracy: 0.1457 - val_loss: 2.3027 - val_accuracy: 0.1133
Latency --- 1863.6550793647766 seconds ---
For delta=0.000200, the current epsilon is: 2.0066
=====================Iteration========================== 5
For delta=0.000200, the current epsilon is: 2.0066
Noise Mutiplier 1.76
in grads Tensor("loss_4/mul:0", shape=(?,), dtype=float32)
Train on 3000 samples, validate on 750 samples
Epoch 1/5

 250/3000 [=>............................] - ETA: 5:48 - loss: 2.3032 - accuracy: 0.1040
 500/3000 [====>.........................] - ETA: 5:11 - loss: 2.3024 - accuracy: 0.1100
 750/3000 [======>.......................] - ETA: 4:42 - loss: 2.3036 - accuracy: 0.0987
1000/3000 [=========>....................] - ETA: 4:11 - loss: 2.3052 - accuracy: 0.0960
1250/3000 [===========>..................] - ETA: 3:39 - loss: 2.3050 - accuracy: 0.0968
1500/3000 [==============>...............] - ETA: 3:08 - loss: 2.3049 - accuracy: 0.0987
1750/3000 [================>.............] - ETA: 2:36 - loss: 2.3051 - accuracy: 0.0977
2000/3000 [===================>..........] - ETA: 2:05 - loss: 2.3054 - accuracy: 0.0925
2250/3000 [=====================>........] - ETA: 1:33 - loss: 2.3054 - accuracy: 0.0898
2500/3000 [========================>.....] - ETA: 1:02 - loss: 2.3054 - accuracy: 0.0892
2750/3000 [==========================>...] - ETA: 31s - loss: 2.3052 - accuracy: 0.0895 
3000/3000 [==============================] - 377s 126ms/step - loss: 2.3044 - accuracy: 0.0903 - val_loss: 2.3075 - val_accuracy: 0.0787
Epoch 2/5

 250/3000 [=>............................] - ETA: 5:31 - loss: 2.3021 - accuracy: 0.0760
 500/3000 [====>.........................] - ETA: 5:07 - loss: 2.3023 - accuracy: 0.0900
 750/3000 [======>.......................] - ETA: 4:38 - loss: 2.3014 - accuracy: 0.0840
1000/3000 [=========>....................] - ETA: 4:07 - loss: 2.3005 - accuracy: 0.0890
1250/3000 [===========>..................] - ETA: 3:35 - loss: 2.3011 - accuracy: 0.0824
1500/3000 [==============>...............] - ETA: 3:04 - loss: 2.3010 - accuracy: 0.0847
1750/3000 [================>.............] - ETA: 2:34 - loss: 2.3016 - accuracy: 0.0846
2000/3000 [===================>..........] - ETA: 2:03 - loss: 2.3004 - accuracy: 0.0910
2250/3000 [=====================>........] - ETA: 1:32 - loss: 2.3005 - accuracy: 0.0902
2500/3000 [========================>.....] - ETA: 1:01 - loss: 2.2997 - accuracy: 0.0952
2750/3000 [==========================>...] - ETA: 30s - loss: 2.3003 - accuracy: 0.0909 
3000/3000 [==============================] - 371s 124ms/step - loss: 2.3005 - accuracy: 0.0937 - val_loss: 2.3067 - val_accuracy: 0.0813
Epoch 3/5

 250/3000 [=>............................] - ETA: 5:40 - loss: 2.2995 - accuracy: 0.0960
 500/3000 [====>.........................] - ETA: 5:08 - loss: 2.2956 - accuracy: 0.1140
 750/3000 [======>.......................] - ETA: 4:38 - loss: 2.2982 - accuracy: 0.1080
1000/3000 [=========>....................] - ETA: 4:08 - loss: 2.2989 - accuracy: 0.1070
1250/3000 [===========>..................] - ETA: 3:37 - loss: 2.2990 - accuracy: 0.1072
1500/3000 [==============>...............] - ETA: 3:05 - loss: 2.2984 - accuracy: 0.1160
1750/3000 [================>.............] - ETA: 2:35 - loss: 2.2978 - accuracy: 0.1183
2000/3000 [===================>..........] - ETA: 2:03 - loss: 2.2976 - accuracy: 0.1200
2250/3000 [=====================>........] - ETA: 1:32 - loss: 2.2975 - accuracy: 0.1169
2500/3000 [========================>.....] - ETA: 1:01 - loss: 2.2975 - accuracy: 0.1180
2750/3000 [==========================>...] - ETA: 30s - loss: 2.2974 - accuracy: 0.1178 
3000/3000 [==============================] - 371s 124ms/step - loss: 2.2976 - accuracy: 0.1157 - val_loss: 2.3062 - val_accuracy: 0.1027
Epoch 4/5

 250/3000 [=>............................] - ETA: 5:26 - loss: 2.2913 - accuracy: 0.1280
 500/3000 [====>.........................] - ETA: 4:59 - loss: 2.2916 - accuracy: 0.1380
 750/3000 [======>.......................] - ETA: 4:31 - loss: 2.2932 - accuracy: 0.1267
1000/3000 [=========>....................] - ETA: 4:02 - loss: 2.2932 - accuracy: 0.1270
1250/3000 [===========>..................] - ETA: 3:33 - loss: 2.2928 - accuracy: 0.1304
1500/3000 [==============>...............] - ETA: 3:03 - loss: 2.2922 - accuracy: 0.1407
1750/3000 [================>.............] - ETA: 2:32 - loss: 2.2926 - accuracy: 0.1377
2000/3000 [===================>..........] - ETA: 2:02 - loss: 2.2926 - accuracy: 0.1370
2250/3000 [=====================>........] - ETA: 1:31 - loss: 2.2935 - accuracy: 0.1338
2500/3000 [========================>.....] - ETA: 1:01 - loss: 2.2938 - accuracy: 0.1328
2750/3000 [==========================>...] - ETA: 30s - loss: 2.2942 - accuracy: 0.1313 
3000/3000 [==============================] - 369s 123ms/step - loss: 2.2944 - accuracy: 0.1310 - val_loss: 2.3055 - val_accuracy: 0.1040
Epoch 5/5

 250/3000 [=>............................] - ETA: 5:41 - loss: 2.2946 - accuracy: 0.1240
 500/3000 [====>.........................] - ETA: 5:11 - loss: 2.2946 - accuracy: 0.1240
 750/3000 [======>.......................] - ETA: 4:37 - loss: 2.2923 - accuracy: 0.1320
1000/3000 [=========>....................] - ETA: 4:06 - loss: 2.2914 - accuracy: 0.1390
1250/3000 [===========>..................] - ETA: 3:35 - loss: 2.2904 - accuracy: 0.1432
1500/3000 [==============>...............] - ETA: 3:04 - loss: 2.2904 - accuracy: 0.1433
1750/3000 [================>.............] - ETA: 2:33 - loss: 2.2909 - accuracy: 0.1411
2000/3000 [===================>..........] - ETA: 2:03 - loss: 2.2914 - accuracy: 0.1380
2250/3000 [=====================>........] - ETA: 1:32 - loss: 2.2914 - accuracy: 0.1369
2500/3000 [========================>.....] - ETA: 1:01 - loss: 2.2912 - accuracy: 0.1388
2750/3000 [==========================>...] - ETA: 30s - loss: 2.2910 - accuracy: 0.1385 
3000/3000 [==============================] - 370s 123ms/step - loss: 2.2912 - accuracy: 0.1370 - val_loss: 2.3059 - val_accuracy: 0.1027
Latency --- 1862.048346042633 seconds ---
For delta=0.000200, the current epsilon is: 2.0066
=====================Iteration========================== 6
For delta=0.000200, the current epsilon is: 2.0066
Noise Mutiplier 1.76
in grads Tensor("loss_5/mul:0", shape=(?,), dtype=float32)
Train on 3000 samples, validate on 750 samples
Epoch 1/5
