We are using Tensorflow version 1.15.2
Keras API version: 2.3.1
=====================Iteration========================== 1
For delta=0.000200, the current epsilon is: 1.0075
Noise Mutiplier 3.03
in grads Tensor("loss/mul:0", shape=(?,), dtype=float32)
Train on 3000 samples, validate on 750 samples
Epoch 1/5

 250/3000 [=>............................] - ETA: 5:45 - loss: 2.3085 - accuracy: 0.1120
 500/3000 [====>.........................] - ETA: 5:13 - loss: 2.3078 - accuracy: 0.1100
 750/3000 [======>.......................] - ETA: 4:38 - loss: 2.3055 - accuracy: 0.1040
1000/3000 [=========>....................] - ETA: 4:08 - loss: 2.3056 - accuracy: 0.1040
1250/3000 [===========>..................] - ETA: 3:37 - loss: 2.3072 - accuracy: 0.1024
1500/3000 [==============>...............] - ETA: 3:07 - loss: 2.3058 - accuracy: 0.1007
1750/3000 [================>.............] - ETA: 2:35 - loss: 2.3059 - accuracy: 0.1046
2000/3000 [===================>..........] - ETA: 2:04 - loss: 2.3054 - accuracy: 0.1055
2250/3000 [=====================>........] - ETA: 1:33 - loss: 2.3059 - accuracy: 0.1004
2500/3000 [========================>.....] - ETA: 1:02 - loss: 2.3054 - accuracy: 0.1008
2750/3000 [==========================>...] - ETA: 31s - loss: 2.3042 - accuracy: 0.1065 
3000/3000 [==============================] - 375s 125ms/step - loss: 2.3039 - accuracy: 0.1063 - val_loss: 2.3056 - val_accuracy: 0.1000
Epoch 2/5

 250/3000 [=>............................] - ETA: 5:45 - loss: 2.3013 - accuracy: 0.1320
 500/3000 [====>.........................] - ETA: 5:11 - loss: 2.3035 - accuracy: 0.1020
 750/3000 [======>.......................] - ETA: 4:39 - loss: 2.3020 - accuracy: 0.1027
1000/3000 [=========>....................] - ETA: 4:08 - loss: 2.3023 - accuracy: 0.1050
1250/3000 [===========>..................] - ETA: 3:36 - loss: 2.3031 - accuracy: 0.1024
1500/3000 [==============>...............] - ETA: 3:04 - loss: 2.3024 - accuracy: 0.1060
1750/3000 [================>.............] - ETA: 2:34 - loss: 2.3027 - accuracy: 0.1057
2000/3000 [===================>..........] - ETA: 2:03 - loss: 2.3028 - accuracy: 0.1040
2250/3000 [=====================>........] - ETA: 1:32 - loss: 2.3023 - accuracy: 0.1058
2500/3000 [========================>.....] - ETA: 1:01 - loss: 2.3020 - accuracy: 0.1056
2750/3000 [==========================>...] - ETA: 30s - loss: 2.3021 - accuracy: 0.1055 
3000/3000 [==============================] - 371s 124ms/step - loss: 2.3018 - accuracy: 0.1060 - val_loss: 2.3054 - val_accuracy: 0.0973
Epoch 3/5

 250/3000 [=>............................] - ETA: 5:42 - loss: 2.3007 - accuracy: 0.1200
 500/3000 [====>.........................] - ETA: 5:11 - loss: 2.2986 - accuracy: 0.1140
 750/3000 [======>.......................] - ETA: 4:39 - loss: 2.3001 - accuracy: 0.1040
1000/3000 [=========>....................] - ETA: 4:07 - loss: 2.3000 - accuracy: 0.1070
1250/3000 [===========>..................] - ETA: 3:36 - loss: 2.3017 - accuracy: 0.1088
1500/3000 [==============>...............] - ETA: 3:05 - loss: 2.3021 - accuracy: 0.1073
1750/3000 [================>.............] - ETA: 2:35 - loss: 2.3019 - accuracy: 0.1051
2000/3000 [===================>..........] - ETA: 2:04 - loss: 2.3019 - accuracy: 0.1045
2250/3000 [=====================>........] - ETA: 1:33 - loss: 2.3014 - accuracy: 0.1076
2500/3000 [========================>.....] - ETA: 1:02 - loss: 2.3014 - accuracy: 0.1068
2750/3000 [==========================>...] - ETA: 31s - loss: 2.3014 - accuracy: 0.1073 
3000/3000 [==============================] - 374s 125ms/step - loss: 2.3011 - accuracy: 0.1087 - val_loss: 2.3052 - val_accuracy: 0.1027
Epoch 4/5

 250/3000 [=>............................] - ETA: 5:43 - loss: 2.2964 - accuracy: 0.1480
 500/3000 [====>.........................] - ETA: 5:09 - loss: 2.2987 - accuracy: 0.1420
 750/3000 [======>.......................] - ETA: 4:40 - loss: 2.2986 - accuracy: 0.1293
1000/3000 [=========>....................] - ETA: 4:08 - loss: 2.3001 - accuracy: 0.1210
1250/3000 [===========>..................] - ETA: 3:37 - loss: 2.2991 - accuracy: 0.1240
1500/3000 [==============>...............] - ETA: 3:06 - loss: 2.3000 - accuracy: 0.1160
1750/3000 [================>.............] - ETA: 2:36 - loss: 2.2995 - accuracy: 0.1154
2000/3000 [===================>..........] - ETA: 2:04 - loss: 2.3005 - accuracy: 0.1130
2250/3000 [=====================>........] - ETA: 1:33 - loss: 2.3005 - accuracy: 0.1133
2500/3000 [========================>.....] - ETA: 1:02 - loss: 2.3006 - accuracy: 0.1104
2750/3000 [==========================>...] - ETA: 30s - loss: 2.3009 - accuracy: 0.1076 
3000/3000 [==============================] - 373s 124ms/step - loss: 2.3006 - accuracy: 0.1093 - val_loss: 2.3046 - val_accuracy: 0.0960
Epoch 5/5

 250/3000 [=>............................] - ETA: 5:40 - loss: 2.3046 - accuracy: 0.0840
 500/3000 [====>.........................] - ETA: 5:06 - loss: 2.3024 - accuracy: 0.0840
 750/3000 [======>.......................] - ETA: 4:36 - loss: 2.3005 - accuracy: 0.1000
1000/3000 [=========>....................] - ETA: 4:07 - loss: 2.3009 - accuracy: 0.0960
1250/3000 [===========>..................] - ETA: 3:35 - loss: 2.3016 - accuracy: 0.0928
1500/3000 [==============>...............] - ETA: 3:06 - loss: 2.3013 - accuracy: 0.0947
1750/3000 [================>.............] - ETA: 2:34 - loss: 2.3012 - accuracy: 0.0937
2000/3000 [===================>..........] - ETA: 2:03 - loss: 2.3010 - accuracy: 0.0935
2250/3000 [=====================>........] - ETA: 1:32 - loss: 2.3007 - accuracy: 0.0956
2500/3000 [========================>.....] - ETA: 1:01 - loss: 2.3008 - accuracy: 0.0960
2750/3000 [==========================>...] - ETA: 30s - loss: 2.3005 - accuracy: 0.0996 
3000/3000 [==============================] - 372s 124ms/step - loss: 2.2999 - accuracy: 0.1050 - val_loss: 2.3044 - val_accuracy: 0.0893
Latency --- 1867.3898935317993 seconds ---
For delta=0.000200, the current epsilon is: 1.0075
Saving model with new accuracy, previous accuracy was 0 and present is 0.10499999672174454
Saved model to disk
=====================Iteration========================== 2
For delta=0.000200, the current epsilon is: 1.0075
Noise Mutiplier 3.03
in grads Tensor("loss_1/mul:0", shape=(?,), dtype=float32)
Train on 3000 samples, validate on 750 samples
Epoch 1/5

 250/3000 [=>............................] - ETA: 5:49 - loss: 2.3006 - accuracy: 0.0800
 500/3000 [====>.........................] - ETA: 5:19 - loss: 2.2995 - accuracy: 0.0820
 750/3000 [======>.......................] - ETA: 4:46 - loss: 2.2997 - accuracy: 0.0853
1000/3000 [=========>....................] - ETA: 4:13 - loss: 2.3010 - accuracy: 0.0850
1250/3000 [===========>..................] - ETA: 3:41 - loss: 2.3028 - accuracy: 0.0856
1500/3000 [==============>...............] - ETA: 3:10 - loss: 2.3022 - accuracy: 0.0880
1750/3000 [================>.............] - ETA: 2:38 - loss: 2.3027 - accuracy: 0.0869
2000/3000 [===================>..........] - ETA: 2:07 - loss: 2.3026 - accuracy: 0.0890
2250/3000 [=====================>........] - ETA: 1:35 - loss: 2.3026 - accuracy: 0.0884
2500/3000 [========================>.....] - ETA: 1:03 - loss: 2.3025 - accuracy: 0.0884
2750/3000 [==========================>...] - ETA: 31s - loss: 2.3015 - accuracy: 0.0909 
3000/3000 [==============================] - 383s 128ms/step - loss: 2.3014 - accuracy: 0.0907 - val_loss: 2.3135 - val_accuracy: 0.0893
Epoch 2/5

 250/3000 [=>............................] - ETA: 5:52 - loss: 2.2996 - accuracy: 0.0520
 500/3000 [====>.........................] - ETA: 5:13 - loss: 2.2991 - accuracy: 0.0740
 750/3000 [======>.......................] - ETA: 4:48 - loss: 2.2983 - accuracy: 0.0907
1000/3000 [=========>....................] - ETA: 4:15 - loss: 2.2976 - accuracy: 0.0890
1250/3000 [===========>..................] - ETA: 3:42 - loss: 2.2979 - accuracy: 0.0960
1500/3000 [==============>...............] - ETA: 3:11 - loss: 2.2989 - accuracy: 0.0947
1750/3000 [================>.............] - ETA: 2:39 - loss: 2.2981 - accuracy: 0.1000
2000/3000 [===================>..........] - ETA: 2:07 - loss: 2.2983 - accuracy: 0.0970
2250/3000 [=====================>........] - ETA: 1:35 - loss: 2.2985 - accuracy: 0.0969
2500/3000 [========================>.....] - ETA: 1:03 - loss: 2.2986 - accuracy: 0.0960
2750/3000 [==========================>...] - ETA: 31s - loss: 2.2984 - accuracy: 0.0978 
3000/3000 [==============================] - 382s 127ms/step - loss: 2.2983 - accuracy: 0.0983 - val_loss: 2.3131 - val_accuracy: 0.0933
Epoch 3/5

 250/3000 [=>............................] - ETA: 6:02 - loss: 2.2993 - accuracy: 0.1280
 500/3000 [====>.........................] - ETA: 5:21 - loss: 2.3021 - accuracy: 0.1080
 750/3000 [======>.......................] - ETA: 4:48 - loss: 2.2975 - accuracy: 0.1027
1000/3000 [=========>....................] - ETA: 4:16 - loss: 2.2980 - accuracy: 0.0970
1250/3000 [===========>..................] - ETA: 3:43 - loss: 2.2980 - accuracy: 0.0976
1500/3000 [==============>...............] - ETA: 3:10 - loss: 2.2979 - accuracy: 0.0960
1750/3000 [================>.............] - ETA: 2:38 - loss: 2.2968 - accuracy: 0.0960
2000/3000 [===================>..........] - ETA: 2:07 - loss: 2.2958 - accuracy: 0.0990
2250/3000 [=====================>........] - ETA: 1:35 - loss: 2.2963 - accuracy: 0.1013
2500/3000 [========================>.....] - ETA: 1:03 - loss: 2.2963 - accuracy: 0.1008
2750/3000 [==========================>...] - ETA: 31s - loss: 2.2965 - accuracy: 0.0978 
3000/3000 [==============================] - 381s 127ms/step - loss: 2.2958 - accuracy: 0.1003 - val_loss: 2.3129 - val_accuracy: 0.0973
Epoch 4/5

 250/3000 [=>............................] - ETA: 5:59 - loss: 2.3008 - accuracy: 0.0880
 500/3000 [====>.........................] - ETA: 5:18 - loss: 2.2940 - accuracy: 0.0880
 750/3000 [======>.......................] - ETA: 4:44 - loss: 2.2939 - accuracy: 0.0840
1000/3000 [=========>....................] - ETA: 4:10 - loss: 2.2951 - accuracy: 0.0840
1250/3000 [===========>..................] - ETA: 3:39 - loss: 2.2964 - accuracy: 0.0832
1500/3000 [==============>...............] - ETA: 3:09 - loss: 2.2966 - accuracy: 0.0813
1750/3000 [================>.............] - ETA: 2:38 - loss: 2.2944 - accuracy: 0.0897
2000/3000 [===================>..........] - ETA: 2:06 - loss: 2.2948 - accuracy: 0.0915
2250/3000 [=====================>........] - ETA: 1:35 - loss: 2.2940 - accuracy: 0.0947
2500/3000 [========================>.....] - ETA: 1:03 - loss: 2.2936 - accuracy: 0.0956
2750/3000 [==========================>...] - ETA: 31s - loss: 2.2942 - accuracy: 0.0935 
3000/3000 [==============================] - 381s 127ms/step - loss: 2.2937 - accuracy: 0.0983 - val_loss: 2.3128 - val_accuracy: 0.0973
Epoch 5/5

 250/3000 [=>............................] - ETA: 5:53 - loss: 2.2863 - accuracy: 0.0920
 500/3000 [====>.........................] - ETA: 5:20 - loss: 2.2939 - accuracy: 0.0840
 750/3000 [======>.......................] - ETA: 4:47 - loss: 2.2958 - accuracy: 0.0787
1000/3000 [=========>....................] - ETA: 4:13 - loss: 2.2967 - accuracy: 0.0810
1250/3000 [===========>..................] - ETA: 3:42 - loss: 2.2940 - accuracy: 0.0984
1500/3000 [==============>...............] - ETA: 3:10 - loss: 2.2928 - accuracy: 0.1007
1750/3000 [================>.............] - ETA: 2:39 - loss: 2.2925 - accuracy: 0.1023
2000/3000 [===================>..........] - ETA: 2:07 - loss: 2.2924 - accuracy: 0.1045
2250/3000 [=====================>........] - ETA: 1:35 - loss: 2.2928 - accuracy: 0.1058
2500/3000 [========================>.....] - ETA: 1:03 - loss: 2.2925 - accuracy: 0.1068
2750/3000 [==========================>...] - ETA: 31s - loss: 2.2925 - accuracy: 0.1047 
3000/3000 [==============================] - 382s 127ms/step - loss: 2.2921 - accuracy: 0.1030 - val_loss: 2.3126 - val_accuracy: 0.1040
Latency --- 1911.4656727313995 seconds ---
For delta=0.000200, the current epsilon is: 1.0075
=====================Iteration========================== 3
For delta=0.000200, the current epsilon is: 1.0075
Noise Mutiplier 3.03
in grads Tensor("loss_2/mul:0", shape=(?,), dtype=float32)
Train on 3000 samples, validate on 750 samples
Epoch 1/5

 250/3000 [=>............................] - ETA: 5:52 - loss: 2.3046 - accuracy: 0.1320
 500/3000 [====>.........................] - ETA: 5:15 - loss: 2.3050 - accuracy: 0.1180
 750/3000 [======>.......................] - ETA: 4:44 - loss: 2.3048 - accuracy: 0.1120
1000/3000 [=========>....................] - ETA: 4:11 - loss: 2.3033 - accuracy: 0.1200
1250/3000 [===========>..................] - ETA: 3:38 - loss: 2.3039 - accuracy: 0.1128
1500/3000 [==============>...............] - ETA: 3:07 - loss: 2.3039 - accuracy: 0.1107
1750/3000 [================>.............] - ETA: 2:35 - loss: 2.3040 - accuracy: 0.1103
2000/3000 [===================>..........] - ETA: 2:04 - loss: 2.3043 - accuracy: 0.1080
2250/3000 [=====================>........] - ETA: 1:33 - loss: 2.3039 - accuracy: 0.1071
2500/3000 [========================>.....] - ETA: 1:02 - loss: 2.3039 - accuracy: 0.1068
2750/3000 [==========================>...] - ETA: 31s - loss: 2.3037 - accuracy: 0.1076 
3000/3000 [==============================] - 374s 125ms/step - loss: 2.3037 - accuracy: 0.1067 - val_loss: 2.3044 - val_accuracy: 0.1000
Epoch 2/5

 250/3000 [=>............................] - ETA: 5:40 - loss: 2.3037 - accuracy: 0.1120
 500/3000 [====>.........................] - ETA: 5:02 - loss: 2.3012 - accuracy: 0.1020
 750/3000 [======>.......................] - ETA: 4:35 - loss: 2.3007 - accuracy: 0.1040
1000/3000 [=========>....................] - ETA: 4:04 - loss: 2.2998 - accuracy: 0.1120
1250/3000 [===========>..................] - ETA: 3:34 - loss: 2.3003 - accuracy: 0.1136
1500/3000 [==============>...............] - ETA: 3:04 - loss: 2.3013 - accuracy: 0.1127
1750/3000 [================>.............] - ETA: 2:34 - loss: 2.3012 - accuracy: 0.1171
2000/3000 [===================>..........] - ETA: 2:03 - loss: 2.3013 - accuracy: 0.1150
2250/3000 [=====================>........] - ETA: 1:32 - loss: 2.3016 - accuracy: 0.1116
2500/3000 [========================>.....] - ETA: 1:01 - loss: 2.3019 - accuracy: 0.1080
2750/3000 [==========================>...] - ETA: 30s - loss: 2.3018 - accuracy: 0.1073 
3000/3000 [==============================] - 373s 124ms/step - loss: 2.3022 - accuracy: 0.1050 - val_loss: 2.3056 - val_accuracy: 0.0987
Epoch 3/5

 250/3000 [=>............................] - ETA: 5:32 - loss: 2.2995 - accuracy: 0.1040
 500/3000 [====>.........................] - ETA: 5:08 - loss: 2.3017 - accuracy: 0.0860
 750/3000 [======>.......................] - ETA: 4:35 - loss: 2.3006 - accuracy: 0.0973
1000/3000 [=========>....................] - ETA: 4:06 - loss: 2.3018 - accuracy: 0.0930
1250/3000 [===========>..................] - ETA: 3:35 - loss: 2.3023 - accuracy: 0.0936
1500/3000 [==============>...............] - ETA: 3:04 - loss: 2.3016 - accuracy: 0.0973
1750/3000 [================>.............] - ETA: 2:34 - loss: 2.3024 - accuracy: 0.0954
2000/3000 [===================>..........] - ETA: 2:03 - loss: 2.3023 - accuracy: 0.0950
2250/3000 [=====================>........] - ETA: 1:32 - loss: 2.3020 - accuracy: 0.0964
2500/3000 [========================>.....] - ETA: 1:01 - loss: 2.3014 - accuracy: 0.1004
2750/3000 [==========================>...] - ETA: 30s - loss: 2.3012 - accuracy: 0.1011 
3000/3000 [==============================] - 371s 124ms/step - loss: 2.3008 - accuracy: 0.1030 - val_loss: 2.3064 - val_accuracy: 0.0973
Epoch 4/5

 250/3000 [=>............................] - ETA: 5:29 - loss: 2.3066 - accuracy: 0.0840
 500/3000 [====>.........................] - ETA: 5:01 - loss: 2.3039 - accuracy: 0.0980
 750/3000 [======>.......................] - ETA: 4:31 - loss: 2.3025 - accuracy: 0.1013
1000/3000 [=========>....................] - ETA: 4:02 - loss: 2.3017 - accuracy: 0.1000
1250/3000 [===========>..................] - ETA: 3:33 - loss: 2.3032 - accuracy: 0.0928
1500/3000 [==============>...............] - ETA: 3:03 - loss: 2.3031 - accuracy: 0.0947
1750/3000 [================>.............] - ETA: 2:33 - loss: 2.3014 - accuracy: 0.0994
2000/3000 [===================>..........] - ETA: 2:02 - loss: 2.3017 - accuracy: 0.0970
2250/3000 [=====================>........] - ETA: 1:31 - loss: 2.3010 - accuracy: 0.0978
2500/3000 [========================>.....] - ETA: 1:01 - loss: 2.3004 - accuracy: 0.1020
2750/3000 [==========================>...] - ETA: 30s - loss: 2.2997 - accuracy: 0.1036 
3000/3000 [==============================] - 369s 123ms/step - loss: 2.2997 - accuracy: 0.1027 - val_loss: 2.3071 - val_accuracy: 0.1013
Epoch 5/5

 250/3000 [=>............................] - ETA: 5:37 - loss: 2.3049 - accuracy: 0.0840
 500/3000 [====>.........................] - ETA: 5:03 - loss: 2.3022 - accuracy: 0.0900
 750/3000 [======>.......................] - ETA: 4:35 - loss: 2.3007 - accuracy: 0.0920
1000/3000 [=========>....................] - ETA: 4:04 - loss: 2.3002 - accuracy: 0.0980
1250/3000 [===========>..................] - ETA: 3:33 - loss: 2.3005 - accuracy: 0.0968
1500/3000 [==============>...............] - ETA: 3:02 - loss: 2.2998 - accuracy: 0.1007
1750/3000 [================>.............] - ETA: 2:32 - loss: 2.2995 - accuracy: 0.1017
2000/3000 [===================>..........] - ETA: 2:02 - loss: 2.2993 - accuracy: 0.1030
2250/3000 [=====================>........] - ETA: 1:31 - loss: 2.2990 - accuracy: 0.1027
2500/3000 [========================>.....] - ETA: 1:01 - loss: 2.2984 - accuracy: 0.1048
2750/3000 [==========================>...] - ETA: 30s - loss: 2.2983 - accuracy: 0.1051 
3000/3000 [==============================] - 368s 123ms/step - loss: 2.2984 - accuracy: 0.1030 - val_loss: 2.3083 - val_accuracy: 0.1013
Latency --- 1858.0973522663116 seconds ---
For delta=0.000200, the current epsilon is: 1.0075
=====================Iteration========================== 4
For delta=0.000200, the current epsilon is: 1.0075
Noise Mutiplier 3.03
in grads Tensor("loss_3/mul:0", shape=(?,), dtype=float32)
Train on 3000 samples, validate on 750 samples
Epoch 1/5

 250/3000 [=>............................] - ETA: 5:33 - loss: 2.3135 - accuracy: 0.1120
 500/3000 [====>.........................] - ETA: 5:08 - loss: 2.3092 - accuracy: 0.1140
 750/3000 [======>.......................] - ETA: 4:40 - loss: 2.3082 - accuracy: 0.1093
1000/3000 [=========>....................] - ETA: 4:09 - loss: 2.3089 - accuracy: 0.1010
1250/3000 [===========>..................] - ETA: 3:39 - loss: 2.3099 - accuracy: 0.0992
1500/3000 [==============>...............] - ETA: 3:07 - loss: 2.3108 - accuracy: 0.0987
1750/3000 [================>.............] - ETA: 2:36 - loss: 2.3099 - accuracy: 0.0971
2000/3000 [===================>..........] - ETA: 2:05 - loss: 2.3090 - accuracy: 0.0975
2250/3000 [=====================>........] - ETA: 1:33 - loss: 2.3075 - accuracy: 0.1004
2500/3000 [========================>.....] - ETA: 1:02 - loss: 2.3068 - accuracy: 0.1004
2750/3000 [==========================>...] - ETA: 31s - loss: 2.3075 - accuracy: 0.0978 
3000/3000 [==============================] - 377s 126ms/step - loss: 2.3068 - accuracy: 0.0973 - val_loss: 2.3046 - val_accuracy: 0.1120
Epoch 2/5

 250/3000 [=>............................] - ETA: 5:42 - loss: 2.2987 - accuracy: 0.1000
 500/3000 [====>.........................] - ETA: 5:12 - loss: 2.2992 - accuracy: 0.1080
 750/3000 [======>.......................] - ETA: 4:40 - loss: 2.3009 - accuracy: 0.1013
1000/3000 [=========>....................] - ETA: 4:08 - loss: 2.3037 - accuracy: 0.0910
1250/3000 [===========>..................] - ETA: 3:36 - loss: 2.3044 - accuracy: 0.0960
1500/3000 [==============>...............] - ETA: 3:06 - loss: 2.3040 - accuracy: 0.0960
1750/3000 [================>.............] - ETA: 2:35 - loss: 2.3037 - accuracy: 0.0989
2000/3000 [===================>..........] - ETA: 2:04 - loss: 2.3049 - accuracy: 0.0960
2250/3000 [=====================>........] - ETA: 1:33 - loss: 2.3042 - accuracy: 0.0942
2500/3000 [========================>.....] - ETA: 1:02 - loss: 2.3043 - accuracy: 0.0960
2750/3000 [==========================>...] - ETA: 31s - loss: 2.3036 - accuracy: 0.0971 
3000/3000 [==============================] - 377s 126ms/step - loss: 2.3034 - accuracy: 0.0973 - val_loss: 2.3044 - val_accuracy: 0.1107
Epoch 3/5

 250/3000 [=>............................] - ETA: 5:44 - loss: 2.3067 - accuracy: 0.0880
 500/3000 [====>.........................] - ETA: 5:12 - loss: 2.3049 - accuracy: 0.0880
 750/3000 [======>.......................] - ETA: 4:42 - loss: 2.3015 - accuracy: 0.0987
1000/3000 [=========>....................] - ETA: 4:10 - loss: 2.3006 - accuracy: 0.0990
1250/3000 [===========>..................] - ETA: 3:38 - loss: 2.3021 - accuracy: 0.0984
1500/3000 [==============>...............] - ETA: 3:08 - loss: 2.3014 - accuracy: 0.0960
1750/3000 [================>.............] - ETA: 2:36 - loss: 2.3003 - accuracy: 0.0989
2000/3000 [===================>..........] - ETA: 2:05 - loss: 2.2999 - accuracy: 0.1005
2250/3000 [=====================>........] - ETA: 1:34 - loss: 2.3002 - accuracy: 0.1000
2500/3000 [========================>.....] - ETA: 1:02 - loss: 2.3002 - accuracy: 0.0984
2750/3000 [==========================>...] - ETA: 31s - loss: 2.3010 - accuracy: 0.0971 
3000/3000 [==============================] - 378s 126ms/step - loss: 2.3008 - accuracy: 0.0963 - val_loss: 2.3036 - val_accuracy: 0.1093
Epoch 4/5

 250/3000 [=>............................] - ETA: 5:51 - loss: 2.3015 - accuracy: 0.0840
 500/3000 [====>.........................] - ETA: 5:14 - loss: 2.3019 - accuracy: 0.0780
 750/3000 [======>.......................] - ETA: 4:43 - loss: 2.3007 - accuracy: 0.0867
1000/3000 [=========>....................] - ETA: 4:11 - loss: 2.2981 - accuracy: 0.0920
1250/3000 [===========>..................] - ETA: 3:39 - loss: 2.2988 - accuracy: 0.0920
1500/3000 [==============>...............] - ETA: 3:07 - loss: 2.2977 - accuracy: 0.0960
1750/3000 [================>.............] - ETA: 2:37 - loss: 2.2981 - accuracy: 0.0971
2000/3000 [===================>..........] - ETA: 2:05 - loss: 2.2984 - accuracy: 0.0950
2250/3000 [=====================>........] - ETA: 1:33 - loss: 2.2982 - accuracy: 0.0956
2500/3000 [========================>.....] - ETA: 1:02 - loss: 2.2986 - accuracy: 0.0972
2750/3000 [==========================>...] - ETA: 31s - loss: 2.2990 - accuracy: 0.0956 
3000/3000 [==============================] - 376s 125ms/step - loss: 2.2986 - accuracy: 0.0957 - val_loss: 2.3029 - val_accuracy: 0.1093
Epoch 5/5

 250/3000 [=>............................] - ETA: 5:46 - loss: 2.2968 - accuracy: 0.0800
 500/3000 [====>.........................] - ETA: 5:16 - loss: 2.2998 - accuracy: 0.0720
 750/3000 [======>.......................] - ETA: 4:42 - loss: 2.3003 - accuracy: 0.0827
1000/3000 [=========>....................] - ETA: 4:12 - loss: 2.2964 - accuracy: 0.0890
1250/3000 [===========>..................] - ETA: 3:41 - loss: 2.2968 - accuracy: 0.0920
1500/3000 [==============>...............] - ETA: 3:08 - loss: 2.2971 - accuracy: 0.0907
1750/3000 [================>.............] - ETA: 2:38 - loss: 2.2963 - accuracy: 0.0943
2000/3000 [===================>..........] - ETA: 2:06 - loss: 2.2962 - accuracy: 0.0940
2250/3000 [=====================>........] - ETA: 1:34 - loss: 2.2966 - accuracy: 0.0920
2500/3000 [========================>.....] - ETA: 1:02 - loss: 2.2964 - accuracy: 0.0932
2750/3000 [==========================>...] - ETA: 31s - loss: 2.2960 - accuracy: 0.0956 
3000/3000 [==============================] - 377s 126ms/step - loss: 2.2963 - accuracy: 0.0957 - val_loss: 2.3028 - val_accuracy: 0.1053
Latency --- 1887.3747498989105 seconds ---
For delta=0.000200, the current epsilon is: 1.0075
=====================Iteration========================== 5
For delta=0.000200, the current epsilon is: 1.0075
Noise Mutiplier 3.03
in grads Tensor("loss_4/mul:0", shape=(?,), dtype=float32)
Train on 3000 samples, validate on 750 samples
Epoch 1/5

 250/3000 [=>............................] - ETA: 5:40 - loss: 2.3062 - accuracy: 0.1320
 500/3000 [====>.........................] - ETA: 5:09 - loss: 2.3037 - accuracy: 0.1260
 750/3000 [======>.......................] - ETA: 4:36 - loss: 2.3052 - accuracy: 0.1173
1000/3000 [=========>....................] - ETA: 4:03 - loss: 2.3033 - accuracy: 0.1170
1250/3000 [===========>..................] - ETA: 3:32 - loss: 2.3024 - accuracy: 0.1144
1500/3000 [==============>...............] - ETA: 3:01 - loss: 2.3034 - accuracy: 0.1087
1750/3000 [================>.............] - ETA: 2:32 - loss: 2.3036 - accuracy: 0.1074
2000/3000 [===================>..........] - ETA: 2:02 - loss: 2.3044 - accuracy: 0.1070
2250/3000 [=====================>........] - ETA: 1:31 - loss: 2.3046 - accuracy: 0.1031
2500/3000 [========================>.....] - ETA: 1:01 - loss: 2.3062 - accuracy: 0.1008
2750/3000 [==========================>...] - ETA: 30s - loss: 2.3061 - accuracy: 0.1011 
3000/3000 [==============================] - 368s 123ms/step - loss: 2.3063 - accuracy: 0.1020 - val_loss: 2.3079 - val_accuracy: 0.0827
Epoch 2/5

 250/3000 [=>............................] - ETA: 5:39 - loss: 2.3030 - accuracy: 0.1120
 500/3000 [====>.........................] - ETA: 5:01 - loss: 2.3008 - accuracy: 0.1180
 750/3000 [======>.......................] - ETA: 4:32 - loss: 2.3013 - accuracy: 0.1120
1000/3000 [=========>....................] - ETA: 4:02 - loss: 2.3004 - accuracy: 0.1170
1250/3000 [===========>..................] - ETA: 3:32 - loss: 2.3032 - accuracy: 0.1096
1500/3000 [==============>...............] - ETA: 3:03 - loss: 2.3029 - accuracy: 0.1113
1750/3000 [================>.............] - ETA: 2:32 - loss: 2.3033 - accuracy: 0.1126
2000/3000 [===================>..........] - ETA: 2:02 - loss: 2.3044 - accuracy: 0.1050
2250/3000 [=====================>........] - ETA: 1:31 - loss: 2.3042 - accuracy: 0.1018
2500/3000 [========================>.....] - ETA: 1:01 - loss: 2.3044 - accuracy: 0.1024
2750/3000 [==========================>...] - ETA: 30s - loss: 2.3041 - accuracy: 0.1055 
3000/3000 [==============================] - 368s 123ms/step - loss: 2.3047 - accuracy: 0.1040 - val_loss: 2.3077 - val_accuracy: 0.0827
Epoch 3/5

 250/3000 [=>............................] - ETA: 5:49 - loss: 2.3032 - accuracy: 0.1080
 500/3000 [====>.........................] - ETA: 5:09 - loss: 2.3027 - accuracy: 0.0960
 750/3000 [======>.......................] - ETA: 4:36 - loss: 2.3031 - accuracy: 0.0920
1000/3000 [=========>....................] - ETA: 4:07 - loss: 2.3035 - accuracy: 0.1020
1250/3000 [===========>..................] - ETA: 3:37 - loss: 2.3033 - accuracy: 0.1040
1500/3000 [==============>...............] - ETA: 3:05 - loss: 2.3037 - accuracy: 0.1047
1750/3000 [================>.............] - ETA: 2:34 - loss: 2.3039 - accuracy: 0.1011
2000/3000 [===================>..........] - ETA: 2:03 - loss: 2.3043 - accuracy: 0.1010
2250/3000 [=====================>........] - ETA: 1:32 - loss: 2.3036 - accuracy: 0.1053
2500/3000 [========================>.....] - ETA: 1:01 - loss: 2.3039 - accuracy: 0.1048
2750/3000 [==========================>...] - ETA: 30s - loss: 2.3041 - accuracy: 0.1055 
3000/3000 [==============================] - 372s 124ms/step - loss: 2.3037 - accuracy: 0.1050 - val_loss: 2.3074 - val_accuracy: 0.0800
Epoch 4/5

 250/3000 [=>............................] - ETA: 5:40 - loss: 2.2987 - accuracy: 0.1160
 500/3000 [====>.........................] - ETA: 5:10 - loss: 2.3071 - accuracy: 0.1020
 750/3000 [======>.......................] - ETA: 4:37 - loss: 2.3080 - accuracy: 0.1013
1000/3000 [=========>....................] - ETA: 4:06 - loss: 2.3074 - accuracy: 0.0990
1250/3000 [===========>..................] - ETA: 3:34 - loss: 2.3061 - accuracy: 0.1056
1500/3000 [==============>...............] - ETA: 3:03 - loss: 2.3058 - accuracy: 0.1053
1750/3000 [================>.............] - ETA: 2:32 - loss: 2.3049 - accuracy: 0.1051
2000/3000 [===================>..........] - ETA: 2:02 - loss: 2.3046 - accuracy: 0.1040
2250/3000 [=====================>........] - ETA: 1:31 - loss: 2.3045 - accuracy: 0.1022
2500/3000 [========================>.....] - ETA: 1:01 - loss: 2.3039 - accuracy: 0.1012
2750/3000 [==========================>...] - ETA: 30s - loss: 2.3036 - accuracy: 0.1025 
3000/3000 [==============================] - 369s 123ms/step - loss: 2.3030 - accuracy: 0.1057 - val_loss: 2.3068 - val_accuracy: 0.0893
Epoch 5/5

 250/3000 [=>............................] - ETA: 5:36 - loss: 2.3074 - accuracy: 0.1240
 500/3000 [====>.........................] - ETA: 5:11 - loss: 2.3046 - accuracy: 0.1080
 750/3000 [======>.......................] - ETA: 4:37 - loss: 2.3030 - accuracy: 0.1120
1000/3000 [=========>....................] - ETA: 4:05 - loss: 2.3030 - accuracy: 0.1050
1250/3000 [===========>..................] - ETA: 3:34 - loss: 2.3020 - accuracy: 0.1120
1500/3000 [==============>...............] - ETA: 3:03 - loss: 2.3023 - accuracy: 0.1120
1750/3000 [================>.............] - ETA: 2:33 - loss: 2.3020 - accuracy: 0.1097
2000/3000 [===================>..........] - ETA: 2:03 - loss: 2.3017 - accuracy: 0.1090
2250/3000 [=====================>........] - ETA: 1:32 - loss: 2.3020 - accuracy: 0.1071
2500/3000 [========================>.....] - ETA: 1:01 - loss: 2.3019 - accuracy: 0.1080
2750/3000 [==========================>...] - ETA: 30s - loss: 2.3018 - accuracy: 0.1084 
3000/3000 [==============================] - 367s 122ms/step - loss: 2.3020 - accuracy: 0.1077 - val_loss: 2.3062 - val_accuracy: 0.0893
Latency --- 1847.5390479564667 seconds ---
For delta=0.000200, the current epsilon is: 1.0075
Saving model with new accuracy, previous accuracy was 0.10499999672174454 and present is 0.10766666382551193
Saved model to disk
=====================Iteration========================== 6
For delta=0.000200, the current epsilon is: 1.0075
Noise Mutiplier 3.03
in grads Tensor("loss_5/mul:0", shape=(?,), dtype=float32)
Train on 3000 samples, validate on 750 samples
Epoch 1/5
