We are using Tensorflow version 1.15.2
Keras API version: 2.3.1
=====================Iteration========================== 1
For delta=0.000200, the current epsilon is: 4.0044
Noise Mutiplier 1.136
in grads Tensor("loss/mul:0", shape=(?,), dtype=float32)
Train on 3000 samples, validate on 750 samples
Epoch 1/5

 250/3000 [=>............................] - ETA: 5:42 - loss: 2.3041 - accuracy: 0.0960
 500/3000 [====>.........................] - ETA: 5:09 - loss: 2.3027 - accuracy: 0.1000
 750/3000 [======>.......................] - ETA: 4:37 - loss: 2.2968 - accuracy: 0.1160
1000/3000 [=========>....................] - ETA: 4:06 - loss: 2.2987 - accuracy: 0.1200
1250/3000 [===========>..................] - ETA: 3:37 - loss: 2.3010 - accuracy: 0.1128
1500/3000 [==============>...............] - ETA: 3:05 - loss: 2.3015 - accuracy: 0.1113
1750/3000 [================>.............] - ETA: 2:34 - loss: 2.3018 - accuracy: 0.1091
2000/3000 [===================>..........] - ETA: 2:03 - loss: 2.3018 - accuracy: 0.1085
2250/3000 [=====================>........] - ETA: 1:32 - loss: 2.3011 - accuracy: 0.1067
2500/3000 [========================>.....] - ETA: 1:01 - loss: 2.3012 - accuracy: 0.1068
2750/3000 [==========================>...] - ETA: 30s - loss: 2.3018 - accuracy: 0.1080 
3000/3000 [==============================] - 371s 124ms/step - loss: 2.3019 - accuracy: 0.1073 - val_loss: 2.3070 - val_accuracy: 0.0880
Epoch 2/5

 250/3000 [=>............................] - ETA: 5:37 - loss: 2.2914 - accuracy: 0.1120
 500/3000 [====>.........................] - ETA: 5:02 - loss: 2.3004 - accuracy: 0.1060
 750/3000 [======>.......................] - ETA: 4:34 - loss: 2.3011 - accuracy: 0.1093
1000/3000 [=========>....................] - ETA: 4:02 - loss: 2.3014 - accuracy: 0.1080
1250/3000 [===========>..................] - ETA: 3:32 - loss: 2.2995 - accuracy: 0.1144
1500/3000 [==============>...............] - ETA: 3:01 - loss: 2.2986 - accuracy: 0.1153
1750/3000 [================>.............] - ETA: 2:31 - loss: 2.2985 - accuracy: 0.1143
2000/3000 [===================>..........] - ETA: 2:01 - loss: 2.2992 - accuracy: 0.1080
2250/3000 [=====================>........] - ETA: 1:30 - loss: 2.2992 - accuracy: 0.1107
2500/3000 [========================>.....] - ETA: 1:00 - loss: 2.2988 - accuracy: 0.1108
2750/3000 [==========================>...] - ETA: 30s - loss: 2.2986 - accuracy: 0.1102 
3000/3000 [==============================] - 366s 122ms/step - loss: 2.2987 - accuracy: 0.1097 - val_loss: 2.3056 - val_accuracy: 0.0867
Epoch 3/5

 250/3000 [=>............................] - ETA: 5:38 - loss: 2.2937 - accuracy: 0.1120
 500/3000 [====>.........................] - ETA: 5:06 - loss: 2.2946 - accuracy: 0.1140
 750/3000 [======>.......................] - ETA: 4:34 - loss: 2.2954 - accuracy: 0.1213
1000/3000 [=========>....................] - ETA: 4:04 - loss: 2.2960 - accuracy: 0.1130
1250/3000 [===========>..................] - ETA: 3:33 - loss: 2.2970 - accuracy: 0.1088
1500/3000 [==============>...............] - ETA: 3:04 - loss: 2.2969 - accuracy: 0.1073
1750/3000 [================>.............] - ETA: 2:33 - loss: 2.2968 - accuracy: 0.1091
2000/3000 [===================>..........] - ETA: 2:02 - loss: 2.2961 - accuracy: 0.1120
2250/3000 [=====================>........] - ETA: 1:32 - loss: 2.2964 - accuracy: 0.1124
2500/3000 [========================>.....] - ETA: 1:01 - loss: 2.2968 - accuracy: 0.1092
2750/3000 [==========================>...] - ETA: 30s - loss: 2.2967 - accuracy: 0.1102 
3000/3000 [==============================] - 370s 123ms/step - loss: 2.2965 - accuracy: 0.1107 - val_loss: 2.3047 - val_accuracy: 0.0907
Epoch 4/5

 250/3000 [=>............................] - ETA: 5:49 - loss: 2.2944 - accuracy: 0.1080