We are using Tensorflow version 1.15.2
Keras API version: 2.3.1
=====================Iteration========================== 1
For delta=0.000100, the current epsilon is: 8.0198
Noise Mutiplier 0.729
loss= <keras.losses.CategoricalCrossentropy object at 0x7f713c0f7160>
in grads Tensor("loss/mul:0", shape=(?,), dtype=float32)
Train on 10000 samples, validate on 2500 samples
Epoch 1/5

  500/10000 [>.............................] - ETA: 7s - loss: 2.2957 - accuracy: 0.0880
 1000/10000 [==>...........................] - ETA: 6s - loss: 2.2831 - accuracy: 0.1510
 1500/10000 [===>..........................] - ETA: 5s - loss: 2.2747 - accuracy: 0.1667
 2000/10000 [=====>........................] - ETA: 5s - loss: 2.2605 - accuracy: 0.1775
 2500/10000 [======>.......................] - ETA: 4s - loss: 2.2458 - accuracy: 0.2004
 3000/10000 [========>.....................] - ETA: 4s - loss: 2.2289 - accuracy: 0.2333
 3500/10000 [=========>....................] - ETA: 4s - loss: 2.2191 - accuracy: 0.2286
 4000/10000 [===========>..................] - ETA: 3s - loss: 2.2100 - accuracy: 0.2210
 4500/10000 [============>.................] - ETA: 3s - loss: 2.1920 - accuracy: 0.2311
 5000/10000 [==============>...............] - ETA: 3s - loss: 2.1748 - accuracy: 0.2474
 5500/10000 [===============>..............] - ETA: 2s - loss: 2.1605 - accuracy: 0.2456
 6000/10000 [=================>............] - ETA: 2s - loss: 2.1458 - accuracy: 0.2515
 6500/10000 [==================>...........] - ETA: 2s - loss: 2.1275 - accuracy: 0.2625
 7000/10000 [====================>.........] - ETA: 1s - loss: 2.1077 - accuracy: 0.2771
 7500/10000 [=====================>........] - ETA: 1s - loss: 2.0854 - accuracy: 0.2875
 8000/10000 [=======================>......] - ETA: 1s - loss: 2.0626 - accuracy: 0.2962
 8500/10000 [========================>.....] - ETA: 0s - loss: 2.0395 - accuracy: 0.3100
 9000/10000 [==========================>...] - ETA: 0s - loss: 2.0119 - accuracy: 0.3236
 9500/10000 [===========================>..] - ETA: 0s - loss: 1.9883 - accuracy: 0.3322
10000/10000 [==============================] - 6s 620us/step - loss: 1.9768 - accuracy: 0.3362 - val_loss: 1.5482 - val_accuracy: 0.5364
Epoch 2/5

  500/10000 [>.............................] - ETA: 5s - loss: 1.4542 - accuracy: 0.6060
 1000/10000 [==>...........................] - ETA: 5s - loss: 1.5198 - accuracy: 0.5310
 1500/10000 [===>..........................] - ETA: 5s - loss: 1.4896 - accuracy: 0.5407
 2000/10000 [=====>........................] - ETA: 4s - loss: 1.4899 - accuracy: 0.5175
 2500/10000 [======>.......................] - ETA: 4s - loss: 1.4870 - accuracy: 0.5252
 3000/10000 [========>.....................] - ETA: 4s - loss: 1.4667 - accuracy: 0.5300
 3500/10000 [=========>....................] - ETA: 3s - loss: 1.4405 - accuracy: 0.5443
 4000/10000 [===========>..................] - ETA: 3s - loss: 1.4276 - accuracy: 0.5443
 4500/10000 [============>.................] - ETA: 3s - loss: 1.4212 - accuracy: 0.5484
 5000/10000 [==============>...............] - ETA: 3s - loss: 1.4018 - accuracy: 0.5570
 5500/10000 [===============>..............] - ETA: 2s - loss: 1.3823 - accuracy: 0.5660
 6000/10000 [=================>............] - ETA: 2s - loss: 1.3752 - accuracy: 0.5643
 6500/10000 [==================>...........] - ETA: 2s - loss: 1.3641 - accuracy: 0.5700
 7000/10000 [====================>.........] - ETA: 1s - loss: 1.3530 - accuracy: 0.5739
 7500/10000 [=====================>........] - ETA: 1s - loss: 1.3382 - accuracy: 0.5773
 8000/10000 [=======================>......] - ETA: 1s - loss: 1.3297 - accuracy: 0.5785
 8500/10000 [========================>.....] - ETA: 0s - loss: 1.3208 - accuracy: 0.5809
 9000/10000 [==========================>...] - ETA: 0s - loss: 1.3040 - accuracy: 0.5869
 9500/10000 [===========================>..] - ETA: 0s - loss: 1.2970 - accuracy: 0.5887
10000/10000 [==============================] - 6s 609us/step - loss: 1.2932 - accuracy: 0.5883 - val_loss: 1.2154 - val_accuracy: 0.6256
Epoch 3/5

  500/10000 [>.............................] - ETA: 5s - loss: 1.2366 - accuracy: 0.6000
 1000/10000 [==>...........................] - ETA: 5s - loss: 1.1395 - accuracy: 0.6320
 1500/10000 [===>..........................] - ETA: 5s - loss: 1.1473 - accuracy: 0.6333
 2000/10000 [=====>........................] - ETA: 4s - loss: 1.0983 - accuracy: 0.6520
 2500/10000 [======>.......................] - ETA: 4s - loss: 1.1083 - accuracy: 0.6448
 3000/10000 [========>.....................] - ETA: 4s - loss: 1.0703 - accuracy: 0.6560
 3500/10000 [=========>....................] - ETA: 3s - loss: 1.0490 - accuracy: 0.6600
 4000/10000 [===========>..................] - ETA: 3s - loss: 1.0305 - accuracy: 0.6615
 4500/10000 [============>.................] - ETA: 3s - loss: 1.0193 - accuracy: 0.6644
 5000/10000 [==============>...............] - ETA: 3s - loss: 1.0068 - accuracy: 0.6698
 5500/10000 [===============>..............] - ETA: 2s - loss: 1.0050 - accuracy: 0.6696
 6000/10000 [=================>............] - ETA: 2s - loss: 0.9958 - accuracy: 0.6755
 6500/10000 [==================>...........] - ETA: 2s - loss: 0.9918 - accuracy: 0.6771
 7000/10000 [====================>.........] - ETA: 1s - loss: 0.9873 - accuracy: 0.6761
 7500/10000 [=====================>........] - ETA: 1s - loss: 0.9787 - accuracy: 0.6796
 8000/10000 [=======================>......] - ETA: 1s - loss: 0.9636 - accuracy: 0.6826
 8500/10000 [========================>.....] - ETA: 0s - loss: 0.9565 - accuracy: 0.6833
 9000/10000 [==========================>...] - ETA: 0s - loss: 0.9457 - accuracy: 0.6879
 9500/10000 [===========================>..] - ETA: 0s - loss: 0.9366 - accuracy: 0.6899
10000/10000 [==============================] - 6s 606us/step - loss: 0.9271 - accuracy: 0.6940 - val_loss: 0.8575 - val_accuracy: 0.7176
Epoch 4/5

  500/10000 [>.............................] - ETA: 5s - loss: 0.7920 - accuracy: 0.7480
 1000/10000 [==>...........................] - ETA: 5s - loss: 0.8101 - accuracy: 0.7390
 1500/10000 [===>..........................] - ETA: 5s - loss: 0.7818 - accuracy: 0.7473
 2000/10000 [=====>........................] - ETA: 4s - loss: 0.7641 - accuracy: 0.7545
 2500/10000 [======>.......................] - ETA: 4s - loss: 0.7315 - accuracy: 0.7668
 3000/10000 [========>.....................] - ETA: 4s - loss: 0.7077 - accuracy: 0.7730
 3500/10000 [=========>....................] - ETA: 3s - loss: 0.7101 - accuracy: 0.7683
 4000/10000 [===========>..................] - ETA: 3s - loss: 0.7063 - accuracy: 0.7690
 4500/10000 [============>.................] - ETA: 3s - loss: 0.7174 - accuracy: 0.7624
 5000/10000 [==============>...............] - ETA: 3s - loss: 0.7097 - accuracy: 0.7660
 5500/10000 [===============>..............] - ETA: 2s - loss: 0.7093 - accuracy: 0.7658
 6000/10000 [=================>............] - ETA: 2s - loss: 0.7034 - accuracy: 0.7670
 6500/10000 [==================>...........] - ETA: 2s - loss: 0.7100 - accuracy: 0.7648
 7000/10000 [====================>.........] - ETA: 1s - loss: 0.7092 - accuracy: 0.7633
 7500/10000 [=====================>........] - ETA: 1s - loss: 0.7086 - accuracy: 0.7603
 8000/10000 [=======================>......] - ETA: 1s - loss: 0.7082 - accuracy: 0.7607
 8500/10000 [========================>.....] - ETA: 0s - loss: 0.7071 - accuracy: 0.7615
 9000/10000 [==========================>...] - ETA: 0s - loss: 0.7055 - accuracy: 0.7623
 9500/10000 [===========================>..] - ETA: 0s - loss: 0.7100 - accuracy: 0.7618
10000/10000 [==============================] - 6s 607us/step - loss: 0.7100 - accuracy: 0.7615 - val_loss: 0.8421 - val_accuracy: 0.6980
Epoch 5/5

  500/10000 [>.............................] - ETA: 5s - loss: 0.7208 - accuracy: 0.7320
 1000/10000 [==>...........................] - ETA: 5s - loss: 0.7423 - accuracy: 0.7420
 1500/10000 [===>..........................] - ETA: 5s - loss: 0.7239 - accuracy: 0.7447
 2000/10000 [=====>........................] - ETA: 4s - loss: 0.7396 - accuracy: 0.7410
 2500/10000 [======>.......................] - ETA: 4s - loss: 0.7124 - accuracy: 0.7524
 3000/10000 [========>.....................] - ETA: 4s - loss: 0.7176 - accuracy: 0.7513
 3500/10000 [=========>....................] - ETA: 3s - loss: 0.7012 - accuracy: 0.7574
 4000/10000 [===========>..................] - ETA: 3s - loss: 0.6856 - accuracy: 0.7610
 4500/10000 [============>.................] - ETA: 3s - loss: 0.7021 - accuracy: 0.7564
 5000/10000 [==============>...............] - ETA: 3s - loss: 0.6888 - accuracy: 0.7610
 5500/10000 [===============>..............] - ETA: 2s - loss: 0.6774 - accuracy: 0.7638
 6000/10000 [=================>............] - ETA: 2s - loss: 0.6726 - accuracy: 0.7660
 6500/10000 [==================>...........] - ETA: 2s - loss: 0.6672 - accuracy: 0.7692
 7000/10000 [====================>.........] - ETA: 1s - loss: 0.6606 - accuracy: 0.7723
 7500/10000 [=====================>........] - ETA: 1s - loss: 0.6498 - accuracy: 0.7768
 8000/10000 [=======================>......] - ETA: 1s - loss: 0.6511 - accuracy: 0.7779
 8500/10000 [========================>.....] - ETA: 0s - loss: 0.6518 - accuracy: 0.7781
 9000/10000 [==========================>...] - ETA: 0s - loss: 0.6533 - accuracy: 0.7762
 9500/10000 [===========================>..] - ETA: 0s - loss: 0.6558 - accuracy: 0.7738
10000/10000 [==============================] - 6s 604us/step - loss: 0.6551 - accuracy: 0.7739 - val_loss: 0.7180 - val_accuracy: 0.7576
Latency --- 30.93638825416565 seconds ---
For delta=0.000100, the current epsilon is: 8.0198
Saving model with new accuracy, previous accuracy was 0 and present is 0.7738999724388123
Saved model to disk
=====================Iteration========================== 2
For delta=0.000100, the current epsilon is: 8.0198
Noise Mutiplier 0.729
loss= <keras.losses.CategoricalCrossentropy object at 0x7f71007c5978>
in grads Tensor("loss_1/mul:0", shape=(?,), dtype=float32)
Train on 10000 samples, validate on 2500 samples
Epoch 1/5

  500/10000 [>.............................] - ETA: 7s - loss: 2.3046 - accuracy: 0.1220
 1000/10000 [==>...........................] - ETA: 6s - loss: 2.2974 - accuracy: 0.1330
 1500/10000 [===>..........................] - ETA: 5s - loss: 2.2881 - accuracy: 0.1540
 2000/10000 [=====>........................] - ETA: 5s - loss: 2.2761 - accuracy: 0.1825
 2500/10000 [======>.......................] - ETA: 4s - loss: 2.2662 - accuracy: 0.1928
 3000/10000 [========>.....................] - ETA: 4s - loss: 2.2526 - accuracy: 0.2137
 3500/10000 [=========>....................] - ETA: 3s - loss: 2.2397 - accuracy: 0.2266
 4000/10000 [===========>..................] - ETA: 3s - loss: 2.2251 - accuracy: 0.2377
 4500/10000 [============>.................] - ETA: 3s - loss: 2.2084 - accuracy: 0.2538
 5000/10000 [==============>...............] - ETA: 3s - loss: 2.1908 - accuracy: 0.2688
 5500/10000 [===============>..............] - ETA: 2s - loss: 2.1770 - accuracy: 0.2675
 6000/10000 [=================>............] - ETA: 2s - loss: 2.1751 - accuracy: 0.2662
 6500/10000 [==================>...........] - ETA: 2s - loss: 2.1630 - accuracy: 0.2692
 7000/10000 [====================>.........] - ETA: 1s - loss: 2.1501 - accuracy: 0.2690
 7500/10000 [=====================>........] - ETA: 1s - loss: 2.1407 - accuracy: 0.2741
 8000/10000 [=======================>......] - ETA: 1s - loss: 2.1251 - accuracy: 0.2821
 8500/10000 [========================>.....] - ETA: 0s - loss: 2.1106 - accuracy: 0.2853
 9000/10000 [==========================>...] - ETA: 0s - loss: 2.0963 - accuracy: 0.2888
 9500/10000 [===========================>..] - ETA: 0s - loss: 2.0842 - accuracy: 0.2913
10000/10000 [==============================] - 6s 604us/step - loss: 2.0686 - accuracy: 0.2947 - val_loss: 1.7883 - val_accuracy: 0.3536
Epoch 2/5

  500/10000 [>.............................] - ETA: 5s - loss: 1.7521 - accuracy: 0.3600
 1000/10000 [==>...........................] - ETA: 5s - loss: 1.7113 - accuracy: 0.4290
 1500/10000 [===>..........................] - ETA: 5s - loss: 1.6865 - accuracy: 0.4413
 2000/10000 [=====>........................] - ETA: 4s - loss: 1.6934 - accuracy: 0.4355
 2500/10000 [======>.......................] - ETA: 4s - loss: 1.7042 - accuracy: 0.4160
 3000/10000 [========>.....................] - ETA: 4s - loss: 1.6939 - accuracy: 0.4230
 3500/10000 [=========>....................] - ETA: 3s - loss: 1.6769 - accuracy: 0.4300
 4000/10000 [===========>..................] - ETA: 3s - loss: 1.6586 - accuracy: 0.4310
 4500/10000 [============>.................] - ETA: 3s - loss: 1.6469 - accuracy: 0.4367
 5000/10000 [==============>...............] - ETA: 2s - loss: 1.6333 - accuracy: 0.4408
 5500/10000 [===============>..............] - ETA: 2s - loss: 1.6111 - accuracy: 0.4558
 6000/10000 [=================>............] - ETA: 2s - loss: 1.5959 - accuracy: 0.4593
 6500/10000 [==================>...........] - ETA: 2s - loss: 1.5765 - accuracy: 0.4669
 7000/10000 [====================>.........] - ETA: 1s - loss: 1.5591 - accuracy: 0.4737
 7500/10000 [=====================>........] - ETA: 1s - loss: 1.5393 - accuracy: 0.4820
 8000/10000 [=======================>......] - ETA: 1s - loss: 1.5230 - accuracy: 0.4866
 8500/10000 [========================>.....] - ETA: 0s - loss: 1.5022 - accuracy: 0.4951
 9000/10000 [==========================>...] - ETA: 0s - loss: 1.4819 - accuracy: 0.5039
 9500/10000 [===========================>..] - ETA: 0s - loss: 1.4644 - accuracy: 0.5104
10000/10000 [==============================] - 6s 603us/step - loss: 1.4465 - accuracy: 0.5173 - val_loss: 1.3772 - val_accuracy: 0.5380
Epoch 3/5

  500/10000 [>.............................] - ETA: 5s - loss: 1.2506 - accuracy: 0.5780
 1000/10000 [==>...........................] - ETA: 5s - loss: 1.3019 - accuracy: 0.5240
 1500/10000 [===>..........................] - ETA: 5s - loss: 1.2564 - accuracy: 0.5453
 2000/10000 [=====>........................] - ETA: 4s - loss: 1.2069 - accuracy: 0.5760
 2500/10000 [======>.......................] - ETA: 4s - loss: 1.1650 - accuracy: 0.5988
 3000/10000 [========>.....................] - ETA: 4s - loss: 1.1192 - accuracy: 0.6227
 3500/10000 [=========>....................] - ETA: 3s - loss: 1.0991 - accuracy: 0.6283
 4000/10000 [===========>..................] - ETA: 3s - loss: 1.0899 - accuracy: 0.6317
 4500/10000 [============>.................] - ETA: 3s - loss: 1.0816 - accuracy: 0.6331
 5000/10000 [==============>...............] - ETA: 2s - loss: 1.0751 - accuracy: 0.6374
 5500/10000 [===============>..............] - ETA: 2s - loss: 1.0618 - accuracy: 0.6436
 6000/10000 [=================>............] - ETA: 2s - loss: 1.0519 - accuracy: 0.6467
 6500/10000 [==================>...........] - ETA: 2s - loss: 1.0377 - accuracy: 0.6512
 7000/10000 [====================>.........] - ETA: 1s - loss: 1.0290 - accuracy: 0.6561
 7500/10000 [=====================>........] - ETA: 1s - loss: 1.0169 - accuracy: 0.6611
 8000/10000 [=======================>......] - ETA: 1s - loss: 1.0131 - accuracy: 0.6624
 8500/10000 [========================>.....] - ETA: 0s - loss: 1.0027 - accuracy: 0.6681
 9000/10000 [==========================>...] - ETA: 0s - loss: 0.9925 - accuracy: 0.6717
 9500/10000 [===========================>..] - ETA: 0s - loss: 0.9837 - accuracy: 0.6747
10000/10000 [==============================] - 6s 598us/step - loss: 0.9765 - accuracy: 0.6774 - val_loss: 0.9530 - val_accuracy: 0.6980
Epoch 4/5

  500/10000 [>.............................] - ETA: 5s - loss: 0.7786 - accuracy: 0.7580
 1000/10000 [==>...........................] - ETA: 5s - loss: 0.8224 - accuracy: 0.7500
 1500/10000 [===>..........................] - ETA: 5s - loss: 0.7916 - accuracy: 0.7533
 2000/10000 [=====>........................] - ETA: 4s - loss: 0.7588 - accuracy: 0.7680
 2500/10000 [======>.......................] - ETA: 4s - loss: 0.7392 - accuracy: 0.7700
 3000/10000 [========>.....................] - ETA: 4s - loss: 0.7263 - accuracy: 0.7687
 3500/10000 [=========>....................] - ETA: 3s - loss: 0.7196 - accuracy: 0.7700
 4000/10000 [===========>..................] - ETA: 3s - loss: 0.7216 - accuracy: 0.7680
 4500/10000 [============>.................] - ETA: 3s - loss: 0.7262 - accuracy: 0.7656
 5000/10000 [==============>...............] - ETA: 2s - loss: 0.7146 - accuracy: 0.7712
 5500/10000 [===============>..............] - ETA: 2s - loss: 0.7060 - accuracy: 0.7733
 6000/10000 [=================>............] - ETA: 2s - loss: 0.6993 - accuracy: 0.7772
 6500/10000 [==================>...........] - ETA: 2s - loss: 0.6969 - accuracy: 0.7783
 7000/10000 [====================>.........] - ETA: 1s - loss: 0.6974 - accuracy: 0.7780
 7500/10000 [=====================>........] - ETA: 1s - loss: 0.6960 - accuracy: 0.7771
 8000/10000 [=======================>......] - ETA: 1s - loss: 0.6980 - accuracy: 0.7770
 8500/10000 [========================>.....] - ETA: 0s - loss: 0.6909 - accuracy: 0.7781
 9000/10000 [==========================>...] - ETA: 0s - loss: 0.6934 - accuracy: 0.7783
 9500/10000 [===========================>..] - ETA: 0s - loss: 0.6870 - accuracy: 0.7804
10000/10000 [==============================] - 6s 597us/step - loss: 0.6783 - accuracy: 0.7842 - val_loss: 0.9867 - val_accuracy: 0.6640
Epoch 5/5

  500/10000 [>.............................] - ETA: 5s - loss: 0.7438 - accuracy: 0.7500
 1000/10000 [==>...........................] - ETA: 5s - loss: 0.7199 - accuracy: 0.7800
 1500/10000 [===>..........................] - ETA: 5s - loss: 0.6919 - accuracy: 0.7867
 2000/10000 [=====>........................] - ETA: 4s - loss: 0.7022 - accuracy: 0.7895
 2500/10000 [======>.......................] - ETA: 4s - loss: 0.6737 - accuracy: 0.7916
 3000/10000 [========>.....................] - ETA: 4s - loss: 0.6531 - accuracy: 0.8003
 3500/10000 [=========>....................] - ETA: 3s - loss: 0.6300 - accuracy: 0.8054
 4000/10000 [===========>..................] - ETA: 3s - loss: 0.6294 - accuracy: 0.8040
 4500/10000 [============>.................] - ETA: 3s - loss: 0.6171 - accuracy: 0.8078
 5000/10000 [==============>...............] - ETA: 2s - loss: 0.6080 - accuracy: 0.8110
 5500/10000 [===============>..............] - ETA: 2s - loss: 0.5952 - accuracy: 0.8169
 6000/10000 [=================>............] - ETA: 2s - loss: 0.5893 - accuracy: 0.8178
 6500/10000 [==================>...........] - ETA: 2s - loss: 0.5923 - accuracy: 0.8172
 7000/10000 [====================>.........] - ETA: 1s - loss: 0.5927 - accuracy: 0.8153
 7500/10000 [=====================>........] - ETA: 1s - loss: 0.5981 - accuracy: 0.8148
 8000/10000 [=======================>......] - ETA: 1s - loss: 0.5903 - accuracy: 0.8170
 8500/10000 [========================>.....] - ETA: 0s - loss: 0.5864 - accuracy: 0.8184
 9000/10000 [==========================>...] - ETA: 0s - loss: 0.5824 - accuracy: 0.8198
 9500/10000 [===========================>..] - ETA: 0s - loss: 0.5723 - accuracy: 0.8238
10000/10000 [==============================] - 6s 601us/step - loss: 0.5680 - accuracy: 0.8240 - val_loss: 0.6906 - val_accuracy: 0.7880
Latency --- 30.499085426330566 seconds ---
For delta=0.000100, the current epsilon is: 8.0198
Saving model with new accuracy, previous accuracy was 0.7738999724388123 and present is 0.8240000009536743
Saved model to disk
=====================Iteration========================== 3
For delta=0.000100, the current epsilon is: 8.0198
Noise Mutiplier 0.729
loss= <keras.losses.CategoricalCrossentropy object at 0x7f71376f8828>
in grads Tensor("loss_2/mul:0", shape=(?,), dtype=float32)
Train on 10000 samples, validate on 2500 samples
Epoch 1/5

  500/10000 [>.............................] - ETA: 7s - loss: 2.3042 - accuracy: 0.1220
 1000/10000 [==>...........................] - ETA: 6s - loss: 2.2948 - accuracy: 0.1230
 1500/10000 [===>..........................] - ETA: 5s - loss: 2.2854 - accuracy: 0.1420
 2000/10000 [=====>........................] - ETA: 5s - loss: 2.2788 - accuracy: 0.1480
 2500/10000 [======>.......................] - ETA: 4s - loss: 2.2667 - accuracy: 0.1728
 3000/10000 [========>.....................] - ETA: 4s - loss: 2.2597 - accuracy: 0.1720
 3500/10000 [=========>....................] - ETA: 4s - loss: 2.2485 - accuracy: 0.1966
 4000/10000 [===========>..................] - ETA: 3s - loss: 2.2344 - accuracy: 0.1957
 4500/10000 [============>.................] - ETA: 3s - loss: 2.2183 - accuracy: 0.2213
 5000/10000 [==============>...............] - ETA: 3s - loss: 2.1979 - accuracy: 0.2298
 5500/10000 [===============>..............] - ETA: 2s - loss: 2.1735 - accuracy: 0.2480
 6000/10000 [=================>............] - ETA: 2s - loss: 2.1587 - accuracy: 0.2547
 6500/10000 [==================>...........] - ETA: 2s - loss: 2.1449 - accuracy: 0.2611
 7000/10000 [====================>.........] - ETA: 1s - loss: 2.1273 - accuracy: 0.2720
 7500/10000 [=====================>........] - ETA: 1s - loss: 2.1086 - accuracy: 0.2785
 8000/10000 [=======================>......] - ETA: 1s - loss: 2.1027 - accuracy: 0.2821
 8500/10000 [========================>.....] - ETA: 0s - loss: 2.0859 - accuracy: 0.2888
 9000/10000 [==========================>...] - ETA: 0s - loss: 2.0685 - accuracy: 0.2959
 9500/10000 [===========================>..] - ETA: 0s - loss: 2.0532 - accuracy: 0.3001
10000/10000 [==============================] - 6s 614us/step - loss: 2.0333 - accuracy: 0.3088 - val_loss: 1.6323 - val_accuracy: 0.5164
Epoch 2/5

  500/10000 [>.............................] - ETA: 5s - loss: 1.6154 - accuracy: 0.5020
 1000/10000 [==>...........................] - ETA: 5s - loss: 1.6499 - accuracy: 0.4590
 1500/10000 [===>..........................] - ETA: 5s - loss: 1.6168 - accuracy: 0.4933
 2000/10000 [=====>........................] - ETA: 4s - loss: 1.5983 - accuracy: 0.4965
 2500/10000 [======>.......................] - ETA: 4s - loss: 1.5737 - accuracy: 0.5040
 3000/10000 [========>.....................] - ETA: 4s - loss: 1.5603 - accuracy: 0.5020
 3500/10000 [=========>....................] - ETA: 3s - loss: 1.5244 - accuracy: 0.5126
 4000/10000 [===========>..................] - ETA: 3s - loss: 1.5006 - accuracy: 0.5247
 4500/10000 [============>.................] - ETA: 3s - loss: 1.4887 - accuracy: 0.5282
 5000/10000 [==============>...............] - ETA: 3s - loss: 1.4921 - accuracy: 0.5198
 5500/10000 [===============>..............] - ETA: 2s - loss: 1.4898 - accuracy: 0.5227
 6000/10000 [=================>............] - ETA: 2s - loss: 1.4774 - accuracy: 0.5280
 6500/10000 [==================>...........] - ETA: 2s - loss: 1.4619 - accuracy: 0.5323
 7000/10000 [====================>.........] - ETA: 1s - loss: 1.4494 - accuracy: 0.5384
 7500/10000 [=====================>........] - ETA: 1s - loss: 1.4362 - accuracy: 0.5411
 8000/10000 [=======================>......] - ETA: 1s - loss: 1.4197 - accuracy: 0.5449
 8500/10000 [========================>.....] - ETA: 0s - loss: 1.4131 - accuracy: 0.5449
 9000/10000 [==========================>...] - ETA: 0s - loss: 1.3989 - accuracy: 0.5512
 9500/10000 [===========================>..] - ETA: 0s - loss: 1.3891 - accuracy: 0.5534
10000/10000 [==============================] - 6s 607us/step - loss: 1.3772 - accuracy: 0.5578 - val_loss: 1.1735 - val_accuracy: 0.5948
Epoch 3/5

  500/10000 [>.............................] - ETA: 5s - loss: 1.1451 - accuracy: 0.6120
 1000/10000 [==>...........................] - ETA: 5s - loss: 1.1925 - accuracy: 0.5860
 1500/10000 [===>..........................] - ETA: 5s - loss: 1.2213 - accuracy: 0.5807
 2000/10000 [=====>........................] - ETA: 4s - loss: 1.1810 - accuracy: 0.6055
 2500/10000 [======>.......................] - ETA: 4s - loss: 1.1749 - accuracy: 0.6084
 3000/10000 [========>.....................] - ETA: 4s - loss: 1.1701 - accuracy: 0.6113
 3500/10000 [=========>....................] - ETA: 3s - loss: 1.1528 - accuracy: 0.6211
 4000/10000 [===========>..................] - ETA: 3s - loss: 1.1226 - accuracy: 0.6305
 4500/10000 [============>.................] - ETA: 3s - loss: 1.1287 - accuracy: 0.6242
 5000/10000 [==============>...............] - ETA: 3s - loss: 1.1037 - accuracy: 0.6338
 5500/10000 [===============>..............] - ETA: 2s - loss: 1.0924 - accuracy: 0.6393
 6000/10000 [=================>............] - ETA: 2s - loss: 1.0806 - accuracy: 0.6448
 6500/10000 [==================>...........] - ETA: 2s - loss: 1.0722 - accuracy: 0.6480
 7000/10000 [====================>.........] - ETA: 1s - loss: 1.0601 - accuracy: 0.6550
 7500/10000 [=====================>........] - ETA: 1s - loss: 1.0449 - accuracy: 0.6607
 8000/10000 [=======================>......] - ETA: 1s - loss: 1.0357 - accuracy: 0.6633
 8500/10000 [========================>.....] - ETA: 0s - loss: 1.0215 - accuracy: 0.6685
 9000/10000 [==========================>...] - ETA: 0s - loss: 1.0105 - accuracy: 0.6717
 9500/10000 [===========================>..] - ETA: 0s - loss: 1.0050 - accuracy: 0.6716
10000/10000 [==============================] - 6s 607us/step - loss: 1.0015 - accuracy: 0.6718 - val_loss: 0.9821 - val_accuracy: 0.6732
Epoch 4/5

  500/10000 [>.............................] - ETA: 5s - loss: 0.8808 - accuracy: 0.7040
 1000/10000 [==>...........................] - ETA: 5s - loss: 0.8672 - accuracy: 0.7050
 1500/10000 [===>..........................] - ETA: 5s - loss: 0.9149 - accuracy: 0.6853
 2000/10000 [=====>........................] - ETA: 4s - loss: 0.9056 - accuracy: 0.6880
 2500/10000 [======>.......................] - ETA: 4s - loss: 0.8937 - accuracy: 0.6964
 3000/10000 [========>.....................] - ETA: 4s - loss: 0.8713 - accuracy: 0.7040
 3500/10000 [=========>....................] - ETA: 3s - loss: 0.8743 - accuracy: 0.7060
 4000/10000 [===========>..................] - ETA: 3s - loss: 0.8484 - accuracy: 0.7190
 4500/10000 [============>.................] - ETA: 3s - loss: 0.8417 - accuracy: 0.7209
 5000/10000 [==============>...............] - ETA: 3s - loss: 0.8329 - accuracy: 0.7228
 5500/10000 [===============>..............] - ETA: 2s - loss: 0.8356 - accuracy: 0.7220
 6000/10000 [=================>............] - ETA: 2s - loss: 0.8342 - accuracy: 0.7225
 6500/10000 [==================>...........] - ETA: 2s - loss: 0.8249 - accuracy: 0.7262
 7000/10000 [====================>.........] - ETA: 1s - loss: 0.8222 - accuracy: 0.7270
 7500/10000 [=====================>........] - ETA: 1s - loss: 0.8115 - accuracy: 0.7317
 8000/10000 [=======================>......] - ETA: 1s - loss: 0.8096 - accuracy: 0.7327
 8500/10000 [========================>.....] - ETA: 0s - loss: 0.8007 - accuracy: 0.7352
 9000/10000 [==========================>...] - ETA: 0s - loss: 0.8014 - accuracy: 0.7349
 9500/10000 [===========================>..] - ETA: 0s - loss: 0.7940 - accuracy: 0.7378
10000/10000 [==============================] - 6s 607us/step - loss: 0.7974 - accuracy: 0.7363 - val_loss: 0.8159 - val_accuracy: 0.7252
Epoch 5/5

  500/10000 [>.............................] - ETA: 5s - loss: 0.6961 - accuracy: 0.7760
 1000/10000 [==>...........................] - ETA: 5s - loss: 0.7459 - accuracy: 0.7440
 1500/10000 [===>..........................] - ETA: 5s - loss: 0.7569 - accuracy: 0.7373
 2000/10000 [=====>........................] - ETA: 4s - loss: 0.7562 - accuracy: 0.7355
 2500/10000 [======>.......................] - ETA: 4s - loss: 0.7313 - accuracy: 0.7512
 3000/10000 [========>.....................] - ETA: 4s - loss: 0.7091 - accuracy: 0.7603
 3500/10000 [=========>....................] - ETA: 3s - loss: 0.6921 - accuracy: 0.7663
 4000/10000 [===========>..................] - ETA: 3s - loss: 0.7039 - accuracy: 0.7648
 4500/10000 [============>.................] - ETA: 3s - loss: 0.6907 - accuracy: 0.7667
 5000/10000 [==============>...............] - ETA: 3s - loss: 0.7044 - accuracy: 0.7624
 5500/10000 [===============>..............] - ETA: 2s - loss: 0.7050 - accuracy: 0.7622
 6000/10000 [=================>............] - ETA: 2s - loss: 0.6993 - accuracy: 0.7632
 6500/10000 [==================>...........] - ETA: 2s - loss: 0.6999 - accuracy: 0.7643
 7000/10000 [====================>.........] - ETA: 1s - loss: 0.7001 - accuracy: 0.7637
 7500/10000 [=====================>........] - ETA: 1s - loss: 0.6969 - accuracy: 0.7655
 8000/10000 [=======================>......] - ETA: 1s - loss: 0.6914 - accuracy: 0.7690
 8500/10000 [========================>.....] - ETA: 0s - loss: 0.6840 - accuracy: 0.7727
 9000/10000 [==========================>...] - ETA: 0s - loss: 0.6789 - accuracy: 0.7751
 9500/10000 [===========================>..] - ETA: 0s - loss: 0.6744 - accuracy: 0.7761
10000/10000 [==============================] - 6s 608us/step - loss: 0.6740 - accuracy: 0.7767 - val_loss: 0.6624 - val_accuracy: 0.7776
Latency --- 30.954472303390503 seconds ---
For delta=0.000100, the current epsilon is: 8.0198
=====================Iteration========================== 4
For delta=0.000100, the current epsilon is: 8.0198
Noise Mutiplier 0.729
loss= <keras.losses.CategoricalCrossentropy object at 0x7f71375b6e80>
in grads Tensor("loss_3/mul:0", shape=(?,), dtype=float32)
Train on 10000 samples, validate on 2500 samples
Epoch 1/5

  500/10000 [>.............................] - ETA: 7s - loss: 2.3211 - accuracy: 0.1300
 1000/10000 [==>...........................] - ETA: 6s - loss: 2.3100 - accuracy: 0.1270
 1500/10000 [===>..........................] - ETA: 5s - loss: 2.3000 - accuracy: 0.1267
 2000/10000 [=====>........................] - ETA: 5s - loss: 2.2954 - accuracy: 0.1235
 2500/10000 [======>.......................] - ETA: 4s - loss: 2.2910 - accuracy: 0.1344
 3000/10000 [========>.....................] - ETA: 4s - loss: 2.2851 - accuracy: 0.1470
 3500/10000 [=========>....................] - ETA: 4s - loss: 2.2785 - accuracy: 0.1451
 4000/10000 [===========>..................] - ETA: 3s - loss: 2.2709 - accuracy: 0.1653
 4500/10000 [============>.................] - ETA: 3s - loss: 2.2639 - accuracy: 0.1700
 5000/10000 [==============>...............] - ETA: 3s - loss: 2.2577 - accuracy: 0.1776
 5500/10000 [===============>..............] - ETA: 2s - loss: 2.2468 - accuracy: 0.1829
 6000/10000 [=================>............] - ETA: 2s - loss: 2.2321 - accuracy: 0.2007
 6500/10000 [==================>...........] - ETA: 2s - loss: 2.2164 - accuracy: 0.2111
 7000/10000 [====================>.........] - ETA: 1s - loss: 2.2034 - accuracy: 0.2213
 7500/10000 [=====================>........] - ETA: 1s - loss: 2.1880 - accuracy: 0.2327
 8000/10000 [=======================>......] - ETA: 1s - loss: 2.1696 - accuracy: 0.2504
 8500/10000 [========================>.....] - ETA: 0s - loss: 2.1485 - accuracy: 0.2602
 9000/10000 [==========================>...] - ETA: 0s - loss: 2.1285 - accuracy: 0.2774
 9500/10000 [===========================>..] - ETA: 0s - loss: 2.1112 - accuracy: 0.2824
10000/10000 [==============================] - 6s 614us/step - loss: 2.0974 - accuracy: 0.2892 - val_loss: 1.8209 - val_accuracy: 0.3604
Epoch 2/5

  500/10000 [>.............................] - ETA: 5s - loss: 1.7914 - accuracy: 0.3780
 1000/10000 [==>...........................] - ETA: 5s - loss: 1.8199 - accuracy: 0.3350
 1500/10000 [===>..........................] - ETA: 5s - loss: 1.8144 - accuracy: 0.3627
 2000/10000 [=====>........................] - ETA: 4s - loss: 1.8251 - accuracy: 0.3560
 2500/10000 [======>.......................] - ETA: 4s - loss: 1.7982 - accuracy: 0.3728
 3000/10000 [========>.....................] - ETA: 4s - loss: 1.7740 - accuracy: 0.3827
 3500/10000 [=========>....................] - ETA: 3s - loss: 1.7578 - accuracy: 0.3986
 4000/10000 [===========>..................] - ETA: 3s - loss: 1.7509 - accuracy: 0.3965
 4500/10000 [============>.................] - ETA: 3s - loss: 1.7448 - accuracy: 0.4009
 5000/10000 [==============>...............] - ETA: 2s - loss: 1.7390 - accuracy: 0.4006
 5500/10000 [===============>..............] - ETA: 2s - loss: 1.7172 - accuracy: 0.4100
 6000/10000 [=================>............] - ETA: 2s - loss: 1.7027 - accuracy: 0.4118
 6500/10000 [==================>...........] - ETA: 2s - loss: 1.6894 - accuracy: 0.4135
 7000/10000 [====================>.........] - ETA: 1s - loss: 1.6872 - accuracy: 0.4070
 7500/10000 [=====================>........] - ETA: 1s - loss: 1.6774 - accuracy: 0.4144
 8000/10000 [=======================>......] - ETA: 1s - loss: 1.6689 - accuracy: 0.4175
 8500/10000 [========================>.....] - ETA: 0s - loss: 1.6573 - accuracy: 0.4240
 9000/10000 [==========================>...] - ETA: 0s - loss: 1.6412 - accuracy: 0.4314
 9500/10000 [===========================>..] - ETA: 0s - loss: 1.6269 - accuracy: 0.4358
10000/10000 [==============================] - 6s 605us/step - loss: 1.6118 - accuracy: 0.4398 - val_loss: 1.5743 - val_accuracy: 0.4780
Epoch 3/5

  500/10000 [>.............................] - ETA: 5s - loss: 1.4116 - accuracy: 0.5440
 1000/10000 [==>...........................] - ETA: 5s - loss: 1.3667 - accuracy: 0.5510
 1500/10000 [===>..........................] - ETA: 5s - loss: 1.3150 - accuracy: 0.5700
 2000/10000 [=====>........................] - ETA: 4s - loss: 1.3178 - accuracy: 0.5670
 2500/10000 [======>.......................] - ETA: 4s - loss: 1.2983 - accuracy: 0.5792
 3000/10000 [========>.....................] - ETA: 4s - loss: 1.2901 - accuracy: 0.5723
 3500/10000 [=========>....................] - ETA: 3s - loss: 1.2699 - accuracy: 0.5786
 4000/10000 [===========>..................] - ETA: 3s - loss: 1.2530 - accuracy: 0.5832
 4500/10000 [============>.................] - ETA: 3s - loss: 1.2430 - accuracy: 0.5836
 5000/10000 [==============>...............] - ETA: 2s - loss: 1.2375 - accuracy: 0.5872
 5500/10000 [===============>..............] - ETA: 2s - loss: 1.2214 - accuracy: 0.5924
 6000/10000 [=================>............] - ETA: 2s - loss: 1.2116 - accuracy: 0.5962
 6500/10000 [==================>...........] - ETA: 2s - loss: 1.2043 - accuracy: 0.5978
 7000/10000 [====================>.........] - ETA: 1s - loss: 1.1957 - accuracy: 0.5990
 7500/10000 [=====================>........] - ETA: 1s - loss: 1.1825 - accuracy: 0.6055
 8000/10000 [=======================>......] - ETA: 1s - loss: 1.1756 - accuracy: 0.6083
 8500/10000 [========================>.....] - ETA: 0s - loss: 1.1664 - accuracy: 0.6132
 9000/10000 [==========================>...] - ETA: 0s - loss: 1.1557 - accuracy: 0.6152
 9500/10000 [===========================>..] - ETA: 0s - loss: 1.1431 - accuracy: 0.6198
10000/10000 [==============================] - 6s 604us/step - loss: 1.1397 - accuracy: 0.6194 - val_loss: 1.1731 - val_accuracy: 0.6044
Epoch 4/5

  500/10000 [>.............................] - ETA: 5s - loss: 0.9259 - accuracy: 0.6700
 1000/10000 [==>...........................] - ETA: 5s - loss: 0.8848 - accuracy: 0.7010
 1500/10000 [===>..........................] - ETA: 5s - loss: 0.8516 - accuracy: 0.7207
 2000/10000 [=====>........................] - ETA: 4s - loss: 0.8851 - accuracy: 0.7125
 2500/10000 [======>.......................] - ETA: 4s - loss: 0.9047 - accuracy: 0.7080
 3000/10000 [========>.....................] - ETA: 4s - loss: 0.8941 - accuracy: 0.7127
 3500/10000 [=========>....................] - ETA: 3s - loss: 0.8904 - accuracy: 0.7109
 4000/10000 [===========>..................] - ETA: 3s - loss: 0.8752 - accuracy: 0.7205
 4500/10000 [============>.................] - ETA: 3s - loss: 0.8878 - accuracy: 0.7184
 5000/10000 [==============>...............] - ETA: 2s - loss: 0.8859 - accuracy: 0.7204
 5500/10000 [===============>..............] - ETA: 2s - loss: 0.8687 - accuracy: 0.7260
 6000/10000 [=================>............] - ETA: 2s - loss: 0.8556 - accuracy: 0.7312
 6500/10000 [==================>...........] - ETA: 2s - loss: 0.8449 - accuracy: 0.7363
 7000/10000 [====================>.........] - ETA: 1s - loss: 0.8300 - accuracy: 0.7427
 7500/10000 [=====================>........] - ETA: 1s - loss: 0.8268 - accuracy: 0.7443
 8000/10000 [=======================>......] - ETA: 1s - loss: 0.8180 - accuracy: 0.7466
 8500/10000 [========================>.....] - ETA: 0s - loss: 0.8125 - accuracy: 0.7475
 9000/10000 [==========================>...] - ETA: 0s - loss: 0.8164 - accuracy: 0.7448
 9500/10000 [===========================>..] - ETA: 0s - loss: 0.8191 - accuracy: 0.7449
10000/10000 [==============================] - 6s 601us/step - loss: 0.8083 - accuracy: 0.7487 - val_loss: 0.7776 - val_accuracy: 0.7544
Epoch 5/5

  500/10000 [>.............................] - ETA: 5s - loss: 0.6602 - accuracy: 0.7940
 1000/10000 [==>...........................] - ETA: 5s - loss: 0.6662 - accuracy: 0.7940
 1500/10000 [===>..........................] - ETA: 5s - loss: 0.6758 - accuracy: 0.7873
 2000/10000 [=====>........................] - ETA: 4s - loss: 0.6485 - accuracy: 0.7990
 2500/10000 [======>.......................] - ETA: 4s - loss: 0.6560 - accuracy: 0.7960
 3000/10000 [========>.....................] - ETA: 4s - loss: 0.6589 - accuracy: 0.7927
 3500/10000 [=========>....................] - ETA: 3s - loss: 0.6827 - accuracy: 0.7849
 4000/10000 [===========>..................] - ETA: 3s - loss: 0.6614 - accuracy: 0.7908
 4500/10000 [============>.................] - ETA: 3s - loss: 0.6543 - accuracy: 0.7927
 5000/10000 [==============>...............] - ETA: 2s - loss: 0.6549 - accuracy: 0.7926
 5500/10000 [===============>..............] - ETA: 2s - loss: 0.6590 - accuracy: 0.7885
 6000/10000 [=================>............] - ETA: 2s - loss: 0.6646 - accuracy: 0.7872
 6500/10000 [==================>...........] - ETA: 2s - loss: 0.6603 - accuracy: 0.7875
 7000/10000 [====================>.........] - ETA: 1s - loss: 0.6632 - accuracy: 0.7873
 7500/10000 [=====================>........] - ETA: 1s - loss: 0.6569 - accuracy: 0.7903
 8000/10000 [=======================>......] - ETA: 1s - loss: 0.6488 - accuracy: 0.7941
 8500/10000 [========================>.....] - ETA: 0s - loss: 0.6423 - accuracy: 0.7960
 9000/10000 [==========================>...] - ETA: 0s - loss: 0.6379 - accuracy: 0.7970
 9500/10000 [===========================>..] - ETA: 0s - loss: 0.6313 - accuracy: 0.7992
10000/10000 [==============================] - 6s 603us/step - loss: 0.6249 - accuracy: 0.8011 - val_loss: 0.6542 - val_accuracy: 0.7936
Latency --- 30.78166389465332 seconds ---
For delta=0.000100, the current epsilon is: 8.0198
=====================Iteration========================== 5
For delta=0.000100, the current epsilon is: 8.0198
Noise Mutiplier 0.729
loss= <keras.losses.CategoricalCrossentropy object at 0x7f71373ff978>
in grads Tensor("loss_4/mul:0", shape=(?,), dtype=float32)
Train on 10000 samples, validate on 2500 samples
Epoch 1/5

  500/10000 [>.............................] - ETA: 7s - loss: 2.3075 - accuracy: 0.1020
 1000/10000 [==>...........................] - ETA: 6s - loss: 2.2995 - accuracy: 0.0940
 1500/10000 [===>..........................] - ETA: 5s - loss: 2.2926 - accuracy: 0.1173
 2000/10000 [=====>........................] - ETA: 5s - loss: 2.2870 - accuracy: 0.1205
 2500/10000 [======>.......................] - ETA: 4s - loss: 2.2782 - accuracy: 0.1508
 3000/10000 [========>.....................] - ETA: 4s - loss: 2.2687 - accuracy: 0.1547
 3500/10000 [=========>....................] - ETA: 4s - loss: 2.2600 - accuracy: 0.1643
 4000/10000 [===========>..................] - ETA: 3s - loss: 2.2463 - accuracy: 0.1772
 4500/10000 [============>.................] - ETA: 3s - loss: 2.2337 - accuracy: 0.1958
 5000/10000 [==============>...............] - ETA: 3s - loss: 2.2190 - accuracy: 0.2126
 5500/10000 [===============>..............] - ETA: 2s - loss: 2.2157 - accuracy: 0.2200
 6000/10000 [=================>............] - ETA: 2s - loss: 2.2112 - accuracy: 0.2162
 6500/10000 [==================>...........] - ETA: 2s - loss: 2.2021 - accuracy: 0.2223
 7000/10000 [====================>.........] - ETA: 1s - loss: 2.1905 - accuracy: 0.2293
 7500/10000 [=====================>........] - ETA: 1s - loss: 2.1769 - accuracy: 0.2371
 8000/10000 [=======================>......] - ETA: 1s - loss: 2.1629 - accuracy: 0.2463
 8500/10000 [========================>.....] - ETA: 0s - loss: 2.1544 - accuracy: 0.2525
 9000/10000 [==========================>...] - ETA: 0s - loss: 2.1390 - accuracy: 0.2608
 9500/10000 [===========================>..] - ETA: 0s - loss: 2.1254 - accuracy: 0.2658
10000/10000 [==============================] - 6s 624us/step - loss: 2.1170 - accuracy: 0.2689 - val_loss: 1.9497 - val_accuracy: 0.3856
Epoch 2/5

  500/10000 [>.............................] - ETA: 5s - loss: 1.8722 - accuracy: 0.4320
 1000/10000 [==>...........................] - ETA: 5s - loss: 1.8484 - accuracy: 0.4120
 1500/10000 [===>..........................] - ETA: 5s - loss: 1.8244 - accuracy: 0.4047
 2000/10000 [=====>........................] - ETA: 4s - loss: 1.8174 - accuracy: 0.4185
 2500/10000 [======>.......................] - ETA: 4s - loss: 1.7966 - accuracy: 0.4196
 3000/10000 [========>.....................] - ETA: 4s - loss: 1.8055 - accuracy: 0.4073
 3500/10000 [=========>....................] - ETA: 3s - loss: 1.8127 - accuracy: 0.4026
 4000/10000 [===========>..................] - ETA: 3s - loss: 1.7947 - accuracy: 0.4110
 4500/10000 [============>.................] - ETA: 3s - loss: 1.8007 - accuracy: 0.4080
 5000/10000 [==============>...............] - ETA: 3s - loss: 1.7796 - accuracy: 0.4166
 5500/10000 [===============>..............] - ETA: 2s - loss: 1.7702 - accuracy: 0.4193
 6000/10000 [=================>............] - ETA: 2s - loss: 1.7597 - accuracy: 0.4283
 6500/10000 [==================>...........] - ETA: 2s - loss: 1.7442 - accuracy: 0.4332
 7000/10000 [====================>.........] - ETA: 1s - loss: 1.7282 - accuracy: 0.4344
 7500/10000 [=====================>........] - ETA: 1s - loss: 1.7077 - accuracy: 0.4431
 8000/10000 [=======================>......] - ETA: 1s - loss: 1.6905 - accuracy: 0.4478
 8500/10000 [========================>.....] - ETA: 0s - loss: 1.6853 - accuracy: 0.4471
 9000/10000 [==========================>...] - ETA: 0s - loss: 1.6782 - accuracy: 0.4532
 9500/10000 [===========================>..] - ETA: 0s - loss: 1.6635 - accuracy: 0.4565
10000/10000 [==============================] - 6s 614us/step - loss: 1.6545 - accuracy: 0.4618 - val_loss: 1.4102 - val_accuracy: 0.5628
Epoch 3/5

  500/10000 [>.............................] - ETA: 5s - loss: 1.4081 - accuracy: 0.5600
 1000/10000 [==>...........................] - ETA: 5s - loss: 1.3765 - accuracy: 0.5820
 1500/10000 [===>..........................] - ETA: 5s - loss: 1.3604 - accuracy: 0.5913
 2000/10000 [=====>........................] - ETA: 4s - loss: 1.3427 - accuracy: 0.5935
 2500/10000 [======>.......................] - ETA: 4s - loss: 1.3426 - accuracy: 0.5812
 3000/10000 [========>.....................] - ETA: 4s - loss: 1.3236 - accuracy: 0.5857
 3500/10000 [=========>....................] - ETA: 4s - loss: 1.3116 - accuracy: 0.5894
 4000/10000 [===========>..................] - ETA: 3s - loss: 1.3170 - accuracy: 0.5865
 4500/10000 [============>.................] - ETA: 3s - loss: 1.3117 - accuracy: 0.5873
 5000/10000 [==============>...............] - ETA: 3s - loss: 1.2967 - accuracy: 0.5892
 5500/10000 [===============>..............] - ETA: 2s - loss: 1.2779 - accuracy: 0.5971
 6000/10000 [=================>............] - ETA: 2s - loss: 1.2620 - accuracy: 0.6008
 6500/10000 [==================>...........] - ETA: 2s - loss: 1.2494 - accuracy: 0.6023
 7000/10000 [====================>.........] - ETA: 1s - loss: 1.2373 - accuracy: 0.6064
 7500/10000 [=====================>........] - ETA: 1s - loss: 1.2158 - accuracy: 0.6136
 8000/10000 [=======================>......] - ETA: 1s - loss: 1.2004 - accuracy: 0.6185
 8500/10000 [========================>.....] - ETA: 0s - loss: 1.1826 - accuracy: 0.6271
 9000/10000 [==========================>...] - ETA: 0s - loss: 1.1683 - accuracy: 0.6322
 9500/10000 [===========================>..] - ETA: 0s - loss: 1.1550 - accuracy: 0.6357
10000/10000 [==============================] - 6s 616us/step - loss: 1.1462 - accuracy: 0.6381 - val_loss: 1.0250 - val_accuracy: 0.6768
Epoch 4/5

  500/10000 [>.............................] - ETA: 5s - loss: 0.9145 - accuracy: 0.7060
 1000/10000 [==>...........................] - ETA: 5s - loss: 0.8571 - accuracy: 0.7190
 1500/10000 [===>..........................] - ETA: 5s - loss: 0.8770 - accuracy: 0.7213
 2000/10000 [=====>........................] - ETA: 4s - loss: 0.8810 - accuracy: 0.7160
 2500/10000 [======>.......................] - ETA: 4s - loss: 0.8783 - accuracy: 0.7160
 3000/10000 [========>.....................] - ETA: 4s - loss: 0.8682 - accuracy: 0.7173
 3500/10000 [=========>....................] - ETA: 3s - loss: 0.8550 - accuracy: 0.7249
 4000/10000 [===========>..................] - ETA: 3s - loss: 0.8459 - accuracy: 0.7258
 4500/10000 [============>.................] - ETA: 3s - loss: 0.8435 - accuracy: 0.7284
 5000/10000 [==============>...............] - ETA: 3s - loss: 0.8385 - accuracy: 0.7310
 5500/10000 [===============>..............] - ETA: 2s - loss: 0.8341 - accuracy: 0.7344
 6000/10000 [=================>............] - ETA: 2s - loss: 0.8315 - accuracy: 0.7348
 6500/10000 [==================>...........] - ETA: 2s - loss: 0.8183 - accuracy: 0.7402
 7000/10000 [====================>.........] - ETA: 1s - loss: 0.8140 - accuracy: 0.7410
 7500/10000 [=====================>........] - ETA: 1s - loss: 0.8064 - accuracy: 0.7455
 8000/10000 [=======================>......] - ETA: 1s - loss: 0.7967 - accuracy: 0.7477
 8500/10000 [========================>.....] - ETA: 0s - loss: 0.7968 - accuracy: 0.7471
 9000/10000 [==========================>...] - ETA: 0s - loss: 0.8016 - accuracy: 0.7453
 9500/10000 [===========================>..] - ETA: 0s - loss: 0.7888 - accuracy: 0.7489
10000/10000 [==============================] - 6s 613us/step - loss: 0.7798 - accuracy: 0.7531 - val_loss: 0.7046 - val_accuracy: 0.7532
Epoch 5/5

  500/10000 [>.............................] - ETA: 5s - loss: 0.5670 - accuracy: 0.8060
 1000/10000 [==>...........................] - ETA: 5s - loss: 0.5949 - accuracy: 0.7990
 1500/10000 [===>..........................] - ETA: 5s - loss: 0.6219 - accuracy: 0.7887
 2000/10000 [=====>........................] - ETA: 4s - loss: 0.6231 - accuracy: 0.7940
 2500/10000 [======>.......................] - ETA: 4s - loss: 0.6033 - accuracy: 0.8000
 3000/10000 [========>.....................] - ETA: 4s - loss: 0.6099 - accuracy: 0.8007
 3500/10000 [=========>....................] - ETA: 3s - loss: 0.6211 - accuracy: 0.7963
 4000/10000 [===========>..................] - ETA: 3s - loss: 0.6190 - accuracy: 0.7972
 4500/10000 [============>.................] - ETA: 3s - loss: 0.6270 - accuracy: 0.7953
 5000/10000 [==============>...............] - ETA: 3s - loss: 0.6242 - accuracy: 0.7954
 5500/10000 [===============>..............] - ETA: 2s - loss: 0.6350 - accuracy: 0.7902
 6000/10000 [=================>............] - ETA: 2s - loss: 0.6340 - accuracy: 0.7920
 6500/10000 [==================>...........] - ETA: 2s - loss: 0.6390 - accuracy: 0.7909
 7000/10000 [====================>.........] - ETA: 1s - loss: 0.6374 - accuracy: 0.7891
 7500/10000 [=====================>........] - ETA: 1s - loss: 0.6316 - accuracy: 0.7913
 8000/10000 [=======================>......] - ETA: 1s - loss: 0.6254 - accuracy: 0.7934
 8500/10000 [========================>.....] - ETA: 0s - loss: 0.6243 - accuracy: 0.7928
 9000/10000 [==========================>...] - ETA: 0s - loss: 0.6253 - accuracy: 0.7921
 9500/10000 [===========================>..] - ETA: 0s - loss: 0.6242 - accuracy: 0.7909
10000/10000 [==============================] - 6s 618us/step - loss: 0.6218 - accuracy: 0.7911 - val_loss: 0.6805 - val_accuracy: 0.7628
Latency --- 31.395200967788696 seconds ---
For delta=0.000100, the current epsilon is: 8.0198
=====================Iteration========================== 6
For delta=0.000100, the current epsilon is: 8.0198
Noise Mutiplier 0.729
loss= <keras.losses.CategoricalCrossentropy object at 0x7f71372d7400>
in grads Tensor("loss_5/mul:0", shape=(?,), dtype=float32)
Train on 10000 samples, validate on 2500 samples
Epoch 1/5

  500/10000 [>.............................] - ETA: 7s - loss: 2.3190 - accuracy: 0.1200
 1000/10000 [==>...........................] - ETA: 6s - loss: 2.3066 - accuracy: 0.1380
 1500/10000 [===>..........................] - ETA: 5s - loss: 2.3032 - accuracy: 0.1440
 2000/10000 [=====>........................] - ETA: 5s - loss: 2.2989 - accuracy: 0.1530
 2500/10000 [======>.......................] - ETA: 4s - loss: 2.2914 - accuracy: 0.1656
 3000/10000 [========>.....................] - ETA: 4s - loss: 2.2860 - accuracy: 0.1657
 3500/10000 [=========>....................] - ETA: 4s - loss: 2.2816 - accuracy: 0.1803
 4000/10000 [===========>..................] - ETA: 3s - loss: 2.2757 - accuracy: 0.1845
 4500/10000 [============>.................] - ETA: 3s - loss: 2.2680 - accuracy: 0.1969
 5000/10000 [==============>...............] - ETA: 3s - loss: 2.2628 - accuracy: 0.1918
 5500/10000 [===============>..............] - ETA: 2s - loss: 2.2566 - accuracy: 0.2002
 6000/10000 [=================>............] - ETA: 2s - loss: 2.2467 - accuracy: 0.2072
 6500/10000 [==================>...........] - ETA: 2s - loss: 2.2397 - accuracy: 0.2109
 7000/10000 [====================>.........] - ETA: 1s - loss: 2.2331 - accuracy: 0.2171
 7500/10000 [=====================>........] - ETA: 1s - loss: 2.2250 - accuracy: 0.2217
 8000/10000 [=======================>......] - ETA: 1s - loss: 2.2135 - accuracy: 0.2272
 8500/10000 [========================>.....] - ETA: 0s - loss: 2.1986 - accuracy: 0.2355
 9000/10000 [==========================>...] - ETA: 0s - loss: 2.1833 - accuracy: 0.2404
 9500/10000 [===========================>..] - ETA: 0s - loss: 2.1679 - accuracy: 0.2523
10000/10000 [==============================] - 6s 613us/step - loss: 2.1520 - accuracy: 0.2573 - val_loss: 1.7801 - val_accuracy: 0.4732
Epoch 2/5

  500/10000 [>.............................] - ETA: 5s - loss: 1.8179 - accuracy: 0.4480
 1000/10000 [==>...........................] - ETA: 5s - loss: 1.8407 - accuracy: 0.4140
 1500/10000 [===>..........................] - ETA: 5s - loss: 1.7994 - accuracy: 0.4173
 2000/10000 [=====>........................] - ETA: 4s - loss: 1.7944 - accuracy: 0.4210
 2500/10000 [======>.......................] - ETA: 4s - loss: 1.7893 - accuracy: 0.4168
 3000/10000 [========>.....................] - ETA: 4s - loss: 1.7774 - accuracy: 0.4117
 3500/10000 [=========>....................] - ETA: 3s - loss: 1.7551 - accuracy: 0.4243
 4000/10000 [===========>..................] - ETA: 3s - loss: 1.7332 - accuracy: 0.4317
 4500/10000 [============>.................] - ETA: 3s - loss: 1.7292 - accuracy: 0.4331
 5000/10000 [==============>...............] - ETA: 2s - loss: 1.7163 - accuracy: 0.4354
 5500/10000 [===============>..............] - ETA: 2s - loss: 1.6928 - accuracy: 0.4467
 6000/10000 [=================>............] - ETA: 2s - loss: 1.6625 - accuracy: 0.4580
 6500/10000 [==================>...........] - ETA: 2s - loss: 1.6329 - accuracy: 0.4712
 7000/10000 [====================>.........] - ETA: 1s - loss: 1.6102 - accuracy: 0.4764
 7500/10000 [=====================>........] - ETA: 1s - loss: 1.5980 - accuracy: 0.4821
 8000/10000 [=======================>......] - ETA: 1s - loss: 1.5866 - accuracy: 0.4835
 8500/10000 [========================>.....] - ETA: 0s - loss: 1.5657 - accuracy: 0.4926
 9000/10000 [==========================>...] - ETA: 0s - loss: 1.5479 - accuracy: 0.4987
 9500/10000 [===========================>..] - ETA: 0s - loss: 1.5337 - accuracy: 0.5045
10000/10000 [==============================] - 6s 606us/step - loss: 1.5231 - accuracy: 0.5072 - val_loss: 1.2886 - val_accuracy: 0.6344
Epoch 3/5

  500/10000 [>.............................] - ETA: 5s - loss: 1.3054 - accuracy: 0.6080
 1000/10000 [==>...........................] - ETA: 5s - loss: 1.2734 - accuracy: 0.6170
 1500/10000 [===>..........................] - ETA: 5s - loss: 1.2809 - accuracy: 0.6213
 2000/10000 [=====>........................] - ETA: 4s - loss: 1.2791 - accuracy: 0.6095
 2500/10000 [======>.......................] - ETA: 4s - loss: 1.2541 - accuracy: 0.6132
 3000/10000 [========>.....................] - ETA: 4s - loss: 1.2259 - accuracy: 0.6197
 3500/10000 [=========>....................] - ETA: 3s - loss: 1.2309 - accuracy: 0.6226
 4000/10000 [===========>..................] - ETA: 3s - loss: 1.2212 - accuracy: 0.6215
 4500/10000 [============>.................] - ETA: 3s - loss: 1.2089 - accuracy: 0.6227
 5000/10000 [==============>...............] - ETA: 3s - loss: 1.1971 - accuracy: 0.6234
 5500/10000 [===============>..............] - ETA: 2s - loss: 1.1958 - accuracy: 0.6185
 6000/10000 [=================>............] - ETA: 2s - loss: 1.1791 - accuracy: 0.6257
 6500/10000 [==================>...........] - ETA: 2s - loss: 1.1616 - accuracy: 0.6314
 7000/10000 [====================>.........] - ETA: 1s - loss: 1.1459 - accuracy: 0.6356
 7500/10000 [=====================>........] - ETA: 1s - loss: 1.1404 - accuracy: 0.6360
 8000/10000 [=======================>......] - ETA: 1s - loss: 1.1334 - accuracy: 0.6371
 8500/10000 [========================>.....] - ETA: 0s - loss: 1.1184 - accuracy: 0.6440
 9000/10000 [==========================>...] - ETA: 0s - loss: 1.1099 - accuracy: 0.6454
 9500/10000 [===========================>..] - ETA: 0s - loss: 1.0975 - accuracy: 0.6509
10000/10000 [==============================] - 6s 607us/step - loss: 1.0825 - accuracy: 0.6563 - val_loss: 0.9827 - val_accuracy: 0.7168
Epoch 4/5

  500/10000 [>.............................] - ETA: 5s - loss: 0.8923 - accuracy: 0.7260
 1000/10000 [==>...........................] - ETA: 5s - loss: 0.8572 - accuracy: 0.7280
 1500/10000 [===>..........................] - ETA: 5s - loss: 0.8532 - accuracy: 0.7353
 2000/10000 [=====>........................] - ETA: 4s - loss: 0.9094 - accuracy: 0.7100
 2500/10000 [======>.......................] - ETA: 4s - loss: 0.8800 - accuracy: 0.7248
 3000/10000 [========>.....................] - ETA: 4s - loss: 0.8664 - accuracy: 0.7233
 3500/10000 [=========>....................] - ETA: 3s - loss: 0.8559 - accuracy: 0.7311
 4000/10000 [===========>..................] - ETA: 3s - loss: 0.8337 - accuracy: 0.7368
 4500/10000 [============>.................] - ETA: 3s - loss: 0.8166 - accuracy: 0.7440
 5000/10000 [==============>...............] - ETA: 3s - loss: 0.8027 - accuracy: 0.7488
 5500/10000 [===============>..............] - ETA: 2s - loss: 0.7983 - accuracy: 0.7507
 6000/10000 [=================>............] - ETA: 2s - loss: 0.7930 - accuracy: 0.7508
 6500/10000 [==================>...........] - ETA: 2s - loss: 0.7897 - accuracy: 0.7518
 7000/10000 [====================>.........] - ETA: 1s - loss: 0.7805 - accuracy: 0.7541
 7500/10000 [=====================>........] - ETA: 1s - loss: 0.7736 - accuracy: 0.7588
 8000/10000 [=======================>......] - ETA: 1s - loss: 0.7844 - accuracy: 0.7526
 8500/10000 [========================>.....] - ETA: 0s - loss: 0.7802 - accuracy: 0.7536
 9000/10000 [==========================>...] - ETA: 0s - loss: 0.7814 - accuracy: 0.7518
 9500/10000 [===========================>..] - ETA: 0s - loss: 0.7793 - accuracy: 0.7527
10000/10000 [==============================] - 6s 613us/step - loss: 0.7709 - accuracy: 0.7538 - val_loss: 0.7609 - val_accuracy: 0.7416
Epoch 5/5

  500/10000 [>.............................] - ETA: 5s - loss: 0.6116 - accuracy: 0.7820
 1000/10000 [==>...........................] - ETA: 5s - loss: 0.5912 - accuracy: 0.8060
 1500/10000 [===>..........................] - ETA: 5s - loss: 0.5954 - accuracy: 0.8000
 2000/10000 [=====>........................] - ETA: 4s - loss: 0.6189 - accuracy: 0.7915
 2500/10000 [======>.......................] - ETA: 4s - loss: 0.6595 - accuracy: 0.7824
 3000/10000 [========>.....................] - ETA: 4s - loss: 0.6441 - accuracy: 0.7883
 3500/10000 [=========>....................] - ETA: 3s - loss: 0.6300 - accuracy: 0.7954
 4000/10000 [===========>..................] - ETA: 3s - loss: 0.6112 - accuracy: 0.8002
 4500/10000 [============>.................] - ETA: 3s - loss: 0.5906 - accuracy: 0.8080
 5000/10000 [==============>...............] - ETA: 3s - loss: 0.6035 - accuracy: 0.8048
 5500/10000 [===============>..............] - ETA: 2s - loss: 0.6005 - accuracy: 0.8071
 6000/10000 [=================>............] - ETA: 2s - loss: 0.6117 - accuracy: 0.8032
 6500/10000 [==================>...........] - ETA: 2s - loss: 0.6127 - accuracy: 0.8035
 7000/10000 [====================>.........] - ETA: 1s - loss: 0.6146 - accuracy: 0.8026
 7500/10000 [=====================>........] - ETA: 1s - loss: 0.6186 - accuracy: 0.8007
 8000/10000 [=======================>......] - ETA: 1s - loss: 0.6166 - accuracy: 0.8016
 8500/10000 [========================>.....] - ETA: 0s - loss: 0.6151 - accuracy: 0.8038
 9000/10000 [==========================>...] - ETA: 0s - loss: 0.6152 - accuracy: 0.8049
 9500/10000 [===========================>..] - ETA: 0s - loss: 0.6113 - accuracy: 0.8057
10000/10000 [==============================] - 6s 611us/step - loss: 0.6059 - accuracy: 0.8072 - val_loss: 0.5963 - val_accuracy: 0.8120
Latency --- 31.0804603099823 seconds ---
For delta=0.000100, the current epsilon is: 8.0198
=====================Iteration========================== 7
For delta=0.000100, the current epsilon is: 8.0198
Noise Mutiplier 0.729
loss= <keras.losses.CategoricalCrossentropy object at 0x7f71371a3c50>
in grads Tensor("loss_6/mul:0", shape=(?,), dtype=float32)
Train on 10000 samples, validate on 2500 samples
Epoch 1/5

  500/10000 [>.............................] - ETA: 7s - loss: 2.3219 - accuracy: 0.0780
 1000/10000 [==>...........................] - ETA: 6s - loss: 2.3014 - accuracy: 0.1220
 1500/10000 [===>..........................] - ETA: 5s - loss: 2.2896 - accuracy: 0.1413
 2000/10000 [=====>........................] - ETA: 5s - loss: 2.2771 - accuracy: 0.1685
 2500/10000 [======>.......................] - ETA: 4s - loss: 2.2678 - accuracy: 0.1852
 3000/10000 [========>.....................] - ETA: 4s - loss: 2.2578 - accuracy: 0.1910
 3500/10000 [=========>....................] - ETA: 4s - loss: 2.2454 - accuracy: 0.2117
 4000/10000 [===========>..................] - ETA: 3s - loss: 2.2350 - accuracy: 0.2148
 4500/10000 [============>.................] - ETA: 3s - loss: 2.2213 - accuracy: 0.2198
 5000/10000 [==============>...............] - ETA: 3s - loss: 2.2049 - accuracy: 0.2326
 5500/10000 [===============>..............] - ETA: 2s - loss: 2.1862 - accuracy: 0.2498
 6000/10000 [=================>............] - ETA: 2s - loss: 2.1702 - accuracy: 0.2535
 6500/10000 [==================>...........] - ETA: 2s - loss: 2.1537 - accuracy: 0.2631
 7000/10000 [====================>.........] - ETA: 1s - loss: 2.1368 - accuracy: 0.2717
 7500/10000 [=====================>........] - ETA: 1s - loss: 2.1229 - accuracy: 0.2756
 8000/10000 [=======================>......] - ETA: 1s - loss: 2.1051 - accuracy: 0.2835
 8500/10000 [========================>.....] - ETA: 0s - loss: 2.0822 - accuracy: 0.2938
 9000/10000 [==========================>...] - ETA: 0s - loss: 2.0656 - accuracy: 0.2972
 9500/10000 [===========================>..] - ETA: 0s - loss: 2.0546 - accuracy: 0.3018
10000/10000 [==============================] - 6s 627us/step - loss: 2.0346 - accuracy: 0.3086 - val_loss: 1.7049 - val_accuracy: 0.5160
Epoch 2/5

  500/10000 [>.............................] - ETA: 5s - loss: 1.6325 - accuracy: 0.5500
 1000/10000 [==>...........................] - ETA: 5s - loss: 1.6327 - accuracy: 0.4930
 1500/10000 [===>..........................] - ETA: 5s - loss: 1.6372 - accuracy: 0.4780
 2000/10000 [=====>........................] - ETA: 4s - loss: 1.6390 - accuracy: 0.4500
 2500/10000 [======>.......................] - ETA: 4s - loss: 1.6105 - accuracy: 0.4632
 3000/10000 [========>.....................] - ETA: 4s - loss: 1.5741 - accuracy: 0.4833
 3500/10000 [=========>....................] - ETA: 3s - loss: 1.5414 - accuracy: 0.5006
 4000/10000 [===========>..................] - ETA: 3s - loss: 1.5147 - accuracy: 0.5048
 4500/10000 [============>.................] - ETA: 3s - loss: 1.5140 - accuracy: 0.5053
 5000/10000 [==============>...............] - ETA: 3s - loss: 1.4955 - accuracy: 0.5120
 5500/10000 [===============>..............] - ETA: 2s - loss: 1.4648 - accuracy: 0.5256
 6000/10000 [=================>............] - ETA: 2s - loss: 1.4598 - accuracy: 0.5235
 6500/10000 [==================>...........] - ETA: 2s - loss: 1.4584 - accuracy: 0.5268
 7000/10000 [====================>.........] - ETA: 1s - loss: 1.4394 - accuracy: 0.5339
 7500/10000 [=====================>........] - ETA: 1s - loss: 1.4274 - accuracy: 0.5379
 8000/10000 [=======================>......] - ETA: 1s - loss: 1.4196 - accuracy: 0.5403
 8500/10000 [========================>.....] - ETA: 0s - loss: 1.4130 - accuracy: 0.5413
 9000/10000 [==========================>...] - ETA: 0s - loss: 1.3970 - accuracy: 0.5479
 9500/10000 [===========================>..] - ETA: 0s - loss: 1.3822 - accuracy: 0.5529
10000/10000 [==============================] - 6s 612us/step - loss: 1.3879 - accuracy: 0.5541 - val_loss: 1.1448 - val_accuracy: 0.6312
Epoch 3/5

  500/10000 [>.............................] - ETA: 5s - loss: 1.0589 - accuracy: 0.6600
 1000/10000 [==>...........................] - ETA: 5s - loss: 1.0488 - accuracy: 0.6810
 1500/10000 [===>..........................] - ETA: 5s - loss: 1.0334 - accuracy: 0.6787
 2000/10000 [=====>........................] - ETA: 4s - loss: 0.9994 - accuracy: 0.6880
 2500/10000 [======>.......................] - ETA: 4s - loss: 0.9802 - accuracy: 0.6892
 3000/10000 [========>.....................] - ETA: 4s - loss: 1.0126 - accuracy: 0.6713
 3500/10000 [=========>....................] - ETA: 4s - loss: 1.0135 - accuracy: 0.6766
 4000/10000 [===========>..................] - ETA: 3s - loss: 1.0010 - accuracy: 0.6817
 4500/10000 [============>.................] - ETA: 3s - loss: 0.9929 - accuracy: 0.6867
 5000/10000 [==============>...............] - ETA: 3s - loss: 0.9782 - accuracy: 0.6894
 5500/10000 [===============>..............] - ETA: 2s - loss: 0.9763 - accuracy: 0.6880
 6000/10000 [=================>............] - ETA: 2s - loss: 0.9613 - accuracy: 0.6910
 6500/10000 [==================>...........] - ETA: 2s - loss: 0.9636 - accuracy: 0.6892
 7000/10000 [====================>.........] - ETA: 1s - loss: 0.9586 - accuracy: 0.6897
 7500/10000 [=====================>........] - ETA: 1s - loss: 0.9476 - accuracy: 0.6963
 8000/10000 [=======================>......] - ETA: 1s - loss: 0.9380 - accuracy: 0.6999
 8500/10000 [========================>.....] - ETA: 0s - loss: 0.9319 - accuracy: 0.7009
 9000/10000 [==========================>...] - ETA: 0s - loss: 0.9252 - accuracy: 0.7023
 9500/10000 [===========================>..] - ETA: 0s - loss: 0.9098 - accuracy: 0.7092
10000/10000 [==============================] - 6s 617us/step - loss: 0.9021 - accuracy: 0.7123 - val_loss: 0.9106 - val_accuracy: 0.7124
Epoch 4/5

  500/10000 [>.............................] - ETA: 5s - loss: 0.7327 - accuracy: 0.7460
 1000/10000 [==>...........................] - ETA: 5s - loss: 0.7329 - accuracy: 0.7490
 1500/10000 [===>..........................] - ETA: 5s - loss: 0.7039 - accuracy: 0.7593
 2000/10000 [=====>........................] - ETA: 4s - loss: 0.7125 - accuracy: 0.7685
 2500/10000 [======>.......................] - ETA: 4s - loss: 0.7251 - accuracy: 0.7640
 3000/10000 [========>.....................] - ETA: 4s - loss: 0.7162 - accuracy: 0.7653
 3500/10000 [=========>....................] - ETA: 3s - loss: 0.7021 - accuracy: 0.7723
 4000/10000 [===========>..................] - ETA: 3s - loss: 0.7039 - accuracy: 0.7740
 4500/10000 [============>.................] - ETA: 3s - loss: 0.7148 - accuracy: 0.7718
 5000/10000 [==============>...............] - ETA: 3s - loss: 0.7140 - accuracy: 0.7704
 5500/10000 [===============>..............] - ETA: 2s - loss: 0.7035 - accuracy: 0.7740
 6000/10000 [=================>............] - ETA: 2s - loss: 0.6884 - accuracy: 0.7805
 6500/10000 [==================>...........] - ETA: 2s - loss: 0.6814 - accuracy: 0.7815
 7000/10000 [====================>.........] - ETA: 1s - loss: 0.6820 - accuracy: 0.7821
 7500/10000 [=====================>........] - ETA: 1s - loss: 0.6713 - accuracy: 0.7861
 8000/10000 [=======================>......] - ETA: 1s - loss: 0.6688 - accuracy: 0.7854
 8500/10000 [========================>.....] - ETA: 0s - loss: 0.6821 - accuracy: 0.7811
 9000/10000 [==========================>...] - ETA: 0s - loss: 0.6860 - accuracy: 0.7812
 9500/10000 [===========================>..] - ETA: 0s - loss: 0.6825 - accuracy: 0.7822
10000/10000 [==============================] - 6s 616us/step - loss: 0.6819 - accuracy: 0.7819 - val_loss: 0.7884 - val_accuracy: 0.7544
Epoch 5/5

  500/10000 [>.............................] - ETA: 5s - loss: 0.5794 - accuracy: 0.8160
 1000/10000 [==>...........................] - ETA: 5s - loss: 0.5320 - accuracy: 0.8340
 1500/10000 [===>..........................] - ETA: 5s - loss: 0.5619 - accuracy: 0.8260
 2000/10000 [=====>........................] - ETA: 4s - loss: 0.5355 - accuracy: 0.8280
 2500/10000 [======>.......................] - ETA: 4s - loss: 0.5384 - accuracy: 0.8280
 3000/10000 [========>.....................] - ETA: 4s - loss: 0.5509 - accuracy: 0.8257
 3500/10000 [=========>....................] - ETA: 3s - loss: 0.5575 - accuracy: 0.8223
 4000/10000 [===========>..................] - ETA: 3s - loss: 0.5573 - accuracy: 0.8242
 4500/10000 [============>.................] - ETA: 3s - loss: 0.5545 - accuracy: 0.8247
 5000/10000 [==============>...............] - ETA: 3s - loss: 0.5467 - accuracy: 0.8270
 5500/10000 [===============>..............] - ETA: 2s - loss: 0.5471 - accuracy: 0.8256
 6000/10000 [=================>............] - ETA: 2s - loss: 0.5512 - accuracy: 0.8250
 6500/10000 [==================>...........] - ETA: 2s - loss: 0.5444 - accuracy: 0.8274
 7000/10000 [====================>.........] - ETA: 1s - loss: 0.5404 - accuracy: 0.8291
 7500/10000 [=====================>........] - ETA: 1s - loss: 0.5402 - accuracy: 0.8301
 8000/10000 [=======================>......] - ETA: 1s - loss: 0.5369 - accuracy: 0.8316
 8500/10000 [========================>.....] - ETA: 0s - loss: 0.5327 - accuracy: 0.8321
 9000/10000 [==========================>...] - ETA: 0s - loss: 0.5329 - accuracy: 0.8319
 9500/10000 [===========================>..] - ETA: 0s - loss: 0.5303 - accuracy: 0.8336
10000/10000 [==============================] - 6s 613us/step - loss: 0.5285 - accuracy: 0.8347 - val_loss: 0.6051 - val_accuracy: 0.8028
Latency --- 31.458118200302124 seconds ---
For delta=0.000100, the current epsilon is: 8.0198
Saving model with new accuracy, previous accuracy was 0.8240000009536743 and present is 0.8346999883651733
Saved model to disk
=====================Iteration========================== 8
For delta=0.000100, the current epsilon is: 8.0198
Noise Mutiplier 0.729
loss= <keras.losses.CategoricalCrossentropy object at 0x7f7137000a90>
in grads Tensor("loss_7/mul:0", shape=(?,), dtype=float32)
Train on 10000 samples, validate on 2500 samples
Epoch 1/5

  500/10000 [>.............................] - ETA: 7s - loss: 2.3601 - accuracy: 0.1040
 1000/10000 [==>...........................] - ETA: 6s - loss: 2.3415 - accuracy: 0.0990
 1500/10000 [===>..........................] - ETA: 5s - loss: 2.3294 - accuracy: 0.1140
 2000/10000 [=====>........................] - ETA: 5s - loss: 2.3196 - accuracy: 0.1335
 2500/10000 [======>.......................] - ETA: 4s - loss: 2.3119 - accuracy: 0.1380
 3000/10000 [========>.....................] - ETA: 4s - loss: 2.3052 - accuracy: 0.1370
 3500/10000 [=========>....................] - ETA: 4s - loss: 2.2994 - accuracy: 0.1474
 4000/10000 [===========>..................] - ETA: 3s - loss: 2.2942 - accuracy: 0.1507
 4500/10000 [============>.................] - ETA: 3s - loss: 2.2888 - accuracy: 0.1491
 5000/10000 [==============>...............] - ETA: 3s - loss: 2.2834 - accuracy: 0.1560
 5500/10000 [===============>..............] - ETA: 2s - loss: 2.2766 - accuracy: 0.1538
 6000/10000 [=================>............] - ETA: 2s - loss: 2.2697 - accuracy: 0.1597
 6500/10000 [==================>...........] - ETA: 2s - loss: 2.2618 - accuracy: 0.1717
 7000/10000 [====================>.........] - ETA: 1s - loss: 2.2558 - accuracy: 0.1727
 7500/10000 [=====================>........] - ETA: 1s - loss: 2.2476 - accuracy: 0.1859
 8000/10000 [=======================>......] - ETA: 1s - loss: 2.2378 - accuracy: 0.1906
 8500/10000 [========================>.....] - ETA: 0s - loss: 2.2280 - accuracy: 0.1992
 9000/10000 [==========================>...] - ETA: 0s - loss: 2.2162 - accuracy: 0.2079
 9500/10000 [===========================>..] - ETA: 0s - loss: 2.2061 - accuracy: 0.2076
10000/10000 [==============================] - 6s 626us/step - loss: 2.1962 - accuracy: 0.2120 - val_loss: 1.9900 - val_accuracy: 0.2544
Epoch 2/5

  500/10000 [>.............................] - ETA: 5s - loss: 1.9944 - accuracy: 0.2120
 1000/10000 [==>...........................] - ETA: 5s - loss: 1.9746 - accuracy: 0.2720
 1500/10000 [===>..........................] - ETA: 5s - loss: 1.9558 - accuracy: 0.2847
 2000/10000 [=====>........................] - ETA: 4s - loss: 1.9363 - accuracy: 0.2975
 2500/10000 [======>.......................] - ETA: 4s - loss: 1.9025 - accuracy: 0.3420
 3000/10000 [========>.....................] - ETA: 4s - loss: 1.8781 - accuracy: 0.3557
 3500/10000 [=========>....................] - ETA: 3s - loss: 1.8703 - accuracy: 0.3646
 4000/10000 [===========>..................] - ETA: 3s - loss: 1.8419 - accuracy: 0.3812
 4500/10000 [============>.................] - ETA: 3s - loss: 1.8193 - accuracy: 0.4029
 5000/10000 [==============>...............] - ETA: 3s - loss: 1.8090 - accuracy: 0.4102
 5500/10000 [===============>..............] - ETA: 2s - loss: 1.8043 - accuracy: 0.4062
 6000/10000 [=================>............] - ETA: 2s - loss: 1.7816 - accuracy: 0.4215
 6500/10000 [==================>...........] - ETA: 2s - loss: 1.7591 - accuracy: 0.4314
 7000/10000 [====================>.........] - ETA: 1s - loss: 1.7354 - accuracy: 0.4390
 7500/10000 [=====================>........] - ETA: 1s - loss: 1.7274 - accuracy: 0.4439
 8000/10000 [=======================>......] - ETA: 1s - loss: 1.7098 - accuracy: 0.4514
 8500/10000 [========================>.....] - ETA: 0s - loss: 1.6927 - accuracy: 0.4595
 9000/10000 [==========================>...] - ETA: 0s - loss: 1.6778 - accuracy: 0.4673
 9500/10000 [===========================>..] - ETA: 0s - loss: 1.6613 - accuracy: 0.4729
10000/10000 [==============================] - 6s 615us/step - loss: 1.6429 - accuracy: 0.4804 - val_loss: 1.4883 - val_accuracy: 0.4904
Epoch 3/5

  500/10000 [>.............................] - ETA: 5s - loss: 1.4784 - accuracy: 0.4540
 1000/10000 [==>...........................] - ETA: 5s - loss: 1.3260 - accuracy: 0.5640
 1500/10000 [===>..........................] - ETA: 5s - loss: 1.3383 - accuracy: 0.5553
 2000/10000 [=====>........................] - ETA: 4s - loss: 1.3144 - accuracy: 0.5675
 2500/10000 [======>.......................] - ETA: 4s - loss: 1.3195 - accuracy: 0.5556
 3000/10000 [========>.....................] - ETA: 4s - loss: 1.2947 - accuracy: 0.5657
 3500/10000 [=========>....................] - ETA: 3s - loss: 1.2882 - accuracy: 0.5723
 4000/10000 [===========>..................] - ETA: 3s - loss: 1.2730 - accuracy: 0.5792
 4500/10000 [============>.................] - ETA: 3s - loss: 1.2517 - accuracy: 0.5871
 5000/10000 [==============>...............] - ETA: 3s - loss: 1.2391 - accuracy: 0.5928
 5500/10000 [===============>..............] - ETA: 2s - loss: 1.2303 - accuracy: 0.5927
 6000/10000 [=================>............] - ETA: 2s - loss: 1.2196 - accuracy: 0.5995
 6500/10000 [==================>...........] - ETA: 2s - loss: 1.2088 - accuracy: 0.6025
 7000/10000 [====================>.........] - ETA: 1s - loss: 1.1972 - accuracy: 0.6059
 7500/10000 [=====================>........] - ETA: 1s - loss: 1.1869 - accuracy: 0.6089
 8000/10000 [=======================>......] - ETA: 1s - loss: 1.1862 - accuracy: 0.6090
 8500/10000 [========================>.....] - ETA: 0s - loss: 1.1683 - accuracy: 0.6156
 9000/10000 [==========================>...] - ETA: 0s - loss: 1.1523 - accuracy: 0.6229
 9500/10000 [===========================>..] - ETA: 0s - loss: 1.1389 - accuracy: 0.6275
10000/10000 [==============================] - 6s 616us/step - loss: 1.1241 - accuracy: 0.6326 - val_loss: 0.9763 - val_accuracy: 0.6900
Epoch 4/5

  500/10000 [>.............................] - ETA: 5s - loss: 0.8978 - accuracy: 0.7220
 1000/10000 [==>...........................] - ETA: 5s - loss: 0.9427 - accuracy: 0.7030
 1500/10000 [===>..........................] - ETA: 5s - loss: 1.0033 - accuracy: 0.6940
 2000/10000 [=====>........................] - ETA: 4s - loss: 0.9529 - accuracy: 0.7075
 2500/10000 [======>.......................] - ETA: 4s - loss: 0.9402 - accuracy: 0.7120
 3000/10000 [========>.....................] - ETA: 4s - loss: 0.9131 - accuracy: 0.7213
 3500/10000 [=========>....................] - ETA: 3s - loss: 0.9055 - accuracy: 0.7186
 4000/10000 [===========>..................] - ETA: 3s - loss: 0.8820 - accuracy: 0.7247
 4500/10000 [============>.................] - ETA: 3s - loss: 0.8818 - accuracy: 0.7233
 5000/10000 [==============>...............] - ETA: 3s - loss: 0.8745 - accuracy: 0.7276
 5500/10000 [===============>..............] - ETA: 2s - loss: 0.8727 - accuracy: 0.7275
 6000/10000 [=================>............] - ETA: 2s - loss: 0.8550 - accuracy: 0.7338
 6500/10000 [==================>...........] - ETA: 2s - loss: 0.8464 - accuracy: 0.7368
 7000/10000 [====================>.........] - ETA: 1s - loss: 0.8380 - accuracy: 0.7391
 7500/10000 [=====================>........] - ETA: 1s - loss: 0.8364 - accuracy: 0.7379
 8000/10000 [=======================>......] - ETA: 1s - loss: 0.8361 - accuracy: 0.7379
 8500/10000 [========================>.....] - ETA: 0s - loss: 0.8289 - accuracy: 0.7408
 9000/10000 [==========================>...] - ETA: 0s - loss: 0.8224 - accuracy: 0.7429
 9500/10000 [===========================>..] - ETA: 0s - loss: 0.8147 - accuracy: 0.7452
10000/10000 [==============================] - 6s 618us/step - loss: 0.8084 - accuracy: 0.7467 - val_loss: 0.8774 - val_accuracy: 0.7144
Epoch 5/5

  500/10000 [>.............................] - ETA: 5s - loss: 0.7412 - accuracy: 0.7760
 1000/10000 [==>...........................] - ETA: 5s - loss: 0.7023 - accuracy: 0.7630
 1500/10000 [===>..........................] - ETA: 5s - loss: 0.6806 - accuracy: 0.7707
 2000/10000 [=====>........................] - ETA: 4s - loss: 0.6952 - accuracy: 0.7690
 2500/10000 [======>.......................] - ETA: 4s - loss: 0.6963 - accuracy: 0.7700
 3000/10000 [========>.....................] - ETA: 4s - loss: 0.7176 - accuracy: 0.7677
 3500/10000 [=========>....................] - ETA: 3s - loss: 0.6970 - accuracy: 0.7740
 4000/10000 [===========>..................] - ETA: 3s - loss: 0.6849 - accuracy: 0.7803
 4500/10000 [============>.................] - ETA: 3s - loss: 0.6732 - accuracy: 0.7836
 5000/10000 [==============>...............] - ETA: 3s - loss: 0.6901 - accuracy: 0.7772
 5500/10000 [===============>..............] - ETA: 2s - loss: 0.6824 - accuracy: 0.7798
 6000/10000 [=================>............] - ETA: 2s - loss: 0.6748 - accuracy: 0.7820
 6500/10000 [==================>...........] - ETA: 2s - loss: 0.6769 - accuracy: 0.7817
 7000/10000 [====================>.........] - ETA: 1s - loss: 0.6734 - accuracy: 0.7819
 7500/10000 [=====================>........] - ETA: 1s - loss: 0.6695 - accuracy: 0.7831
 8000/10000 [=======================>......] - ETA: 1s - loss: 0.6615 - accuracy: 0.7861
 8500/10000 [========================>.....] - ETA: 0s - loss: 0.6548 - accuracy: 0.7888
 9000/10000 [==========================>...] - ETA: 0s - loss: 0.6437 - accuracy: 0.7933
 9500/10000 [===========================>..] - ETA: 0s - loss: 0.6409 - accuracy: 0.7947
10000/10000 [==============================] - 6s 614us/step - loss: 0.6377 - accuracy: 0.7964 - val_loss: 0.6886 - val_accuracy: 0.7756
Latency --- 31.529531717300415 seconds ---
For delta=0.000100, the current epsilon is: 8.0198
=====================Iteration========================== 9
For delta=0.000100, the current epsilon is: 8.0198
Noise Mutiplier 0.729
loss= <keras.losses.CategoricalCrossentropy object at 0x7f7136ed22b0>
in grads Tensor("loss_8/mul:0", shape=(?,), dtype=float32)
Train on 10000 samples, validate on 2500 samples
Epoch 1/5

  500/10000 [>.............................] - ETA: 7s - loss: 2.3233 - accuracy: 0.0760
 1000/10000 [==>...........................] - ETA: 6s - loss: 2.3007 - accuracy: 0.1350
 1500/10000 [===>..........................] - ETA: 5s - loss: 2.2863 - accuracy: 0.1393
 2000/10000 [=====>........................] - ETA: 5s - loss: 2.2645 - accuracy: 0.1685
 2500/10000 [======>.......................] - ETA: 4s - loss: 2.2452 - accuracy: 0.1808
 3000/10000 [========>.....................] - ETA: 4s - loss: 2.2306 - accuracy: 0.1870
 3500/10000 [=========>....................] - ETA: 4s - loss: 2.2097 - accuracy: 0.2009
 4000/10000 [===========>..................] - ETA: 3s - loss: 2.1926 - accuracy: 0.2055
 4500/10000 [============>.................] - ETA: 3s - loss: 2.1734 - accuracy: 0.2113
 5000/10000 [==============>...............] - ETA: 3s - loss: 2.1675 - accuracy: 0.2118
 5500/10000 [===============>..............] - ETA: 2s - loss: 2.1518 - accuracy: 0.2195
 6000/10000 [=================>............] - ETA: 2s - loss: 2.1367 - accuracy: 0.2308
 6500/10000 [==================>...........] - ETA: 2s - loss: 2.1190 - accuracy: 0.2392
 7000/10000 [====================>.........] - ETA: 1s - loss: 2.1006 - accuracy: 0.2463
 7500/10000 [=====================>........] - ETA: 1s - loss: 2.0944 - accuracy: 0.2444
 8000/10000 [=======================>......] - ETA: 1s - loss: 2.0801 - accuracy: 0.2540
 8500/10000 [========================>.....] - ETA: 0s - loss: 2.0634 - accuracy: 0.2680
 9000/10000 [==========================>...] - ETA: 0s - loss: 2.0445 - accuracy: 0.2808
 9500/10000 [===========================>..] - ETA: 0s - loss: 2.0242 - accuracy: 0.2898
10000/10000 [==============================] - 6s 633us/step - loss: 2.0127 - accuracy: 0.2907 - val_loss: 1.7391 - val_accuracy: 0.4112
Epoch 2/5

  500/10000 [>.............................] - ETA: 5s - loss: 1.7191 - accuracy: 0.4520
 1000/10000 [==>...........................] - ETA: 5s - loss: 1.6219 - accuracy: 0.4950
 1500/10000 [===>..........................] - ETA: 5s - loss: 1.6252 - accuracy: 0.4847
 2000/10000 [=====>........................] - ETA: 4s - loss: 1.6115 - accuracy: 0.4805
 2500/10000 [======>.......................] - ETA: 4s - loss: 1.6382 - accuracy: 0.4504
 3000/10000 [========>.....................] - ETA: 4s - loss: 1.6022 - accuracy: 0.4703
 3500/10000 [=========>....................] - ETA: 3s - loss: 1.5849 - accuracy: 0.4791
 4000/10000 [===========>..................] - ETA: 3s - loss: 1.5607 - accuracy: 0.4868
 4500/10000 [============>.................] - ETA: 3s - loss: 1.5518 - accuracy: 0.4856
 5000/10000 [==============>...............] - ETA: 3s - loss: 1.5443 - accuracy: 0.4848
 5500/10000 [===============>..............] - ETA: 2s - loss: 1.5297 - accuracy: 0.4918
 6000/10000 [=================>............] - ETA: 2s - loss: 1.5248 - accuracy: 0.4988
 6500/10000 [==================>...........] - ETA: 2s - loss: 1.5147 - accuracy: 0.4998
 7000/10000 [====================>.........] - ETA: 1s - loss: 1.4956 - accuracy: 0.5061
 7500/10000 [=====================>........] - ETA: 1s - loss: 1.4804 - accuracy: 0.5131
 8000/10000 [=======================>......] - ETA: 1s - loss: 1.4623 - accuracy: 0.5203
 8500/10000 [========================>.....] - ETA: 0s - loss: 1.4534 - accuracy: 0.5249
 9000/10000 [==========================>...] - ETA: 0s - loss: 1.4402 - accuracy: 0.5279
 9500/10000 [===========================>..] - ETA: 0s - loss: 1.4321 - accuracy: 0.5321
10000/10000 [==============================] - 6s 618us/step - loss: 1.4138 - accuracy: 0.5387 - val_loss: 1.2221 - val_accuracy: 0.5940
Epoch 3/5

  500/10000 [>.............................] - ETA: 5s - loss: 1.2099 - accuracy: 0.6280
 1000/10000 [==>...........................] - ETA: 5s - loss: 1.1849 - accuracy: 0.6060
 1500/10000 [===>..........................] - ETA: 5s - loss: 1.1917 - accuracy: 0.5920
 2000/10000 [=====>........................] - ETA: 4s - loss: 1.1743 - accuracy: 0.6045
 2500/10000 [======>.......................] - ETA: 4s - loss: 1.1264 - accuracy: 0.6316
 3000/10000 [========>.....................] - ETA: 4s - loss: 1.1164 - accuracy: 0.6320
 3500/10000 [=========>....................] - ETA: 4s - loss: 1.0927 - accuracy: 0.6446
 4000/10000 [===========>..................] - ETA: 3s - loss: 1.0676 - accuracy: 0.6495
 4500/10000 [============>.................] - ETA: 3s - loss: 1.0608 - accuracy: 0.6556
 5000/10000 [==============>...............] - ETA: 3s - loss: 1.0529 - accuracy: 0.6574
 5500/10000 [===============>..............] - ETA: 2s - loss: 1.0428 - accuracy: 0.6633
 6000/10000 [=================>............] - ETA: 2s - loss: 1.0461 - accuracy: 0.6583
 6500/10000 [==================>...........] - ETA: 2s - loss: 1.0451 - accuracy: 0.6577
 7000/10000 [====================>.........] - ETA: 1s - loss: 1.0334 - accuracy: 0.6613
 7500/10000 [=====================>........] - ETA: 1s - loss: 1.0302 - accuracy: 0.6621
 8000/10000 [=======================>......] - ETA: 1s - loss: 1.0241 - accuracy: 0.6643
 8500/10000 [========================>.....] - ETA: 0s - loss: 1.0099 - accuracy: 0.6692
 9000/10000 [==========================>...] - ETA: 0s - loss: 0.9997 - accuracy: 0.6720
 9500/10000 [===========================>..] - ETA: 0s - loss: 1.0037 - accuracy: 0.6687
10000/10000 [==============================] - 6s 618us/step - loss: 0.9951 - accuracy: 0.6709 - val_loss: 1.0026 - val_accuracy: 0.6508
Epoch 4/5

  500/10000 [>.............................] - ETA: 5s - loss: 0.8553 - accuracy: 0.7140
 1000/10000 [==>...........................] - ETA: 5s - loss: 0.8191 - accuracy: 0.7140
 1500/10000 [===>..........................] - ETA: 5s - loss: 0.8205 - accuracy: 0.7193
 2000/10000 [=====>........................] - ETA: 4s - loss: 0.7935 - accuracy: 0.7285
 2500/10000 [======>.......................] - ETA: 4s - loss: 0.7808 - accuracy: 0.7340
 3000/10000 [========>.....................] - ETA: 4s - loss: 0.7936 - accuracy: 0.7303
 3500/10000 [=========>....................] - ETA: 4s - loss: 0.8055 - accuracy: 0.7254
 4000/10000 [===========>..................] - ETA: 3s - loss: 0.8003 - accuracy: 0.7285
 4500/10000 [============>.................] - ETA: 3s - loss: 0.8002 - accuracy: 0.7307
 5000/10000 [==============>...............] - ETA: 3s - loss: 0.7893 - accuracy: 0.7358
 5500/10000 [===============>..............] - ETA: 2s - loss: 0.7801 - accuracy: 0.7369
 6000/10000 [=================>............] - ETA: 2s - loss: 0.7827 - accuracy: 0.7378
 6500/10000 [==================>...........] - ETA: 2s - loss: 0.7770 - accuracy: 0.7382
 7000/10000 [====================>.........] - ETA: 1s - loss: 0.7811 - accuracy: 0.7376
 7500/10000 [=====================>........] - ETA: 1s - loss: 0.7846 - accuracy: 0.7367
 8000/10000 [=======================>......] - ETA: 1s - loss: 0.7873 - accuracy: 0.7359
 8500/10000 [========================>.....] - ETA: 0s - loss: 0.7900 - accuracy: 0.7367
 9000/10000 [==========================>...] - ETA: 0s - loss: 0.7853 - accuracy: 0.7400
 9500/10000 [===========================>..] - ETA: 0s - loss: 0.7841 - accuracy: 0.7408
10000/10000 [==============================] - 6s 618us/step - loss: 0.7794 - accuracy: 0.7426 - val_loss: 0.8643 - val_accuracy: 0.7088
Epoch 5/5

  500/10000 [>.............................] - ETA: 5s - loss: 0.8208 - accuracy: 0.7320
 1000/10000 [==>...........................] - ETA: 5s - loss: 0.7756 - accuracy: 0.7330
 1500/10000 [===>..........................] - ETA: 5s - loss: 0.7766 - accuracy: 0.7327
 2000/10000 [=====>........................] - ETA: 4s - loss: 0.7419 - accuracy: 0.7495
 2500/10000 [======>.......................] - ETA: 4s - loss: 0.7073 - accuracy: 0.7668
 3000/10000 [========>.....................] - ETA: 4s - loss: 0.6872 - accuracy: 0.7750
 3500/10000 [=========>....................] - ETA: 3s - loss: 0.6953 - accuracy: 0.7749
 4000/10000 [===========>..................] - ETA: 3s - loss: 0.6861 - accuracy: 0.7782
 4500/10000 [============>.................] - ETA: 3s - loss: 0.6723 - accuracy: 0.7818
 5000/10000 [==============>...............] - ETA: 3s - loss: 0.6986 - accuracy: 0.7720
 5500/10000 [===============>..............] - ETA: 2s - loss: 0.7032 - accuracy: 0.7709
 6000/10000 [=================>............] - ETA: 2s - loss: 0.7058 - accuracy: 0.7723
 6500/10000 [==================>...........] - ETA: 2s - loss: 0.7085 - accuracy: 0.7700
 7000/10000 [====================>.........] - ETA: 1s - loss: 0.6984 - accuracy: 0.7749
 7500/10000 [=====================>........] - ETA: 1s - loss: 0.6978 - accuracy: 0.7759
 8000/10000 [=======================>......] - ETA: 1s - loss: 0.6905 - accuracy: 0.7776
 8500/10000 [========================>.....] - ETA: 0s - loss: 0.6923 - accuracy: 0.7774
 9000/10000 [==========================>...] - ETA: 0s - loss: 0.6811 - accuracy: 0.7809
 9500/10000 [===========================>..] - ETA: 0s - loss: 0.6764 - accuracy: 0.7815
10000/10000 [==============================] - 6s 614us/step - loss: 0.6709 - accuracy: 0.7836 - val_loss: 0.8728 - val_accuracy: 0.7264
Latency --- 31.698315143585205 seconds ---
For delta=0.000100, the current epsilon is: 8.0198
=====================Iteration========================== 10
For delta=0.000100, the current epsilon is: 8.0198
Noise Mutiplier 0.729
loss= <keras.losses.CategoricalCrossentropy object at 0x7f7136d9eb00>
in grads Tensor("loss_9/mul:0", shape=(?,), dtype=float32)
Train on 10000 samples, validate on 2500 samples
Epoch 1/5

  500/10000 [>.............................] - ETA: 7s - loss: 2.3050 - accuracy: 0.1040
 1000/10000 [==>...........................] - ETA: 6s - loss: 2.2938 - accuracy: 0.1260
 1500/10000 [===>..........................] - ETA: 5s - loss: 2.2848 - accuracy: 0.1500
 2000/10000 [=====>........................] - ETA: 5s - loss: 2.2754 - accuracy: 0.1500
 2500/10000 [======>.......................] - ETA: 4s - loss: 2.2621 - accuracy: 0.1824
 3000/10000 [========>.....................] - ETA: 4s - loss: 2.2486 - accuracy: 0.2117
 3500/10000 [=========>....................] - ETA: 4s - loss: 2.2326 - accuracy: 0.2277
 4000/10000 [===========>..................] - ETA: 3s - loss: 2.2133 - accuracy: 0.2473
 4500/10000 [============>.................] - ETA: 3s - loss: 2.1952 - accuracy: 0.2624
 5000/10000 [==============>...............] - ETA: 3s - loss: 2.1750 - accuracy: 0.2680
 5500/10000 [===============>..............] - ETA: 2s - loss: 2.1544 - accuracy: 0.2838
 6000/10000 [=================>............] - ETA: 2s - loss: 2.1282 - accuracy: 0.3002
 6500/10000 [==================>...........] - ETA: 2s - loss: 2.1046 - accuracy: 0.3085
 7000/10000 [====================>.........] - ETA: 1s - loss: 2.0817 - accuracy: 0.3154
 7500/10000 [=====================>........] - ETA: 1s - loss: 2.0565 - accuracy: 0.3244
 8000/10000 [=======================>......] - ETA: 1s - loss: 2.0290 - accuracy: 0.3394
 8500/10000 [========================>.....] - ETA: 0s - loss: 2.0032 - accuracy: 0.3447
 9000/10000 [==========================>...] - ETA: 0s - loss: 1.9799 - accuracy: 0.3569
 9500/10000 [===========================>..] - ETA: 0s - loss: 1.9614 - accuracy: 0.3598
10000/10000 [==============================] - 6s 624us/step - loss: 1.9433 - accuracy: 0.3648 - val_loss: 1.4962 - val_accuracy: 0.4672
Epoch 2/5

  500/10000 [>.............................] - ETA: 5s - loss: 1.4239 - accuracy: 0.4960
 1000/10000 [==>...........................] - ETA: 5s - loss: 1.4390 - accuracy: 0.5300
 1500/10000 [===>..........................] - ETA: 5s - loss: 1.3855 - accuracy: 0.5560
 2000/10000 [=====>........................] - ETA: 4s - loss: 1.3787 - accuracy: 0.5565
 2500/10000 [======>.......................] - ETA: 4s - loss: 1.3871 - accuracy: 0.5436
 3000/10000 [========>.....................] - ETA: 4s - loss: 1.3727 - accuracy: 0.5537
 3500/10000 [=========>....................] - ETA: 3s - loss: 1.3533 - accuracy: 0.5614
 4000/10000 [===========>..................] - ETA: 3s - loss: 1.3480 - accuracy: 0.5615
 4500/10000 [============>.................] - ETA: 3s - loss: 1.3278 - accuracy: 0.5682
 5000/10000 [==============>...............] - ETA: 3s - loss: 1.3036 - accuracy: 0.5768
 5500/10000 [===============>..............] - ETA: 2s - loss: 1.2888 - accuracy: 0.5864
 6000/10000 [=================>............] - ETA: 2s - loss: 1.2750 - accuracy: 0.5910
 6500/10000 [==================>...........] - ETA: 2s - loss: 1.2625 - accuracy: 0.5963
 7000/10000 [====================>.........] - ETA: 1s - loss: 1.2512 - accuracy: 0.5983
 7500/10000 [=====================>........] - ETA: 1s - loss: 1.2358 - accuracy: 0.6028
 8000/10000 [=======================>......] - ETA: 1s - loss: 1.2176 - accuracy: 0.6109
 8500/10000 [========================>.....] - ETA: 0s - loss: 1.1952 - accuracy: 0.6206
 9000/10000 [==========================>...] - ETA: 0s - loss: 1.1786 - accuracy: 0.6240
 9500/10000 [===========================>..] - ETA: 0s - loss: 1.1615 - accuracy: 0.6292
10000/10000 [==============================] - 6s 610us/step - loss: 1.1436 - accuracy: 0.6348 - val_loss: 1.0740 - val_accuracy: 0.6168
Epoch 3/5

  500/10000 [>.............................] - ETA: 5s - loss: 0.8857 - accuracy: 0.6680
 1000/10000 [==>...........................] - ETA: 5s - loss: 0.8033 - accuracy: 0.7310
 1500/10000 [===>..........................] - ETA: 5s - loss: 0.8069 - accuracy: 0.7240
 2000/10000 [=====>........................] - ETA: 4s - loss: 0.8286 - accuracy: 0.7145
 2500/10000 [======>.......................] - ETA: 4s - loss: 0.8322 - accuracy: 0.7120
 3000/10000 [========>.....................] - ETA: 4s - loss: 0.8091 - accuracy: 0.7270
 3500/10000 [=========>....................] - ETA: 3s - loss: 0.7978 - accuracy: 0.7314
 4000/10000 [===========>..................] - ETA: 3s - loss: 0.7735 - accuracy: 0.7400
 4500/10000 [============>.................] - ETA: 3s - loss: 0.7604 - accuracy: 0.7444
 5000/10000 [==============>...............] - ETA: 3s - loss: 0.7485 - accuracy: 0.7458
 5500/10000 [===============>..............] - ETA: 2s - loss: 0.7596 - accuracy: 0.7420
 6000/10000 [=================>............] - ETA: 2s - loss: 0.7657 - accuracy: 0.7418
 6500/10000 [==================>...........] - ETA: 2s - loss: 0.7480 - accuracy: 0.7508
 7000/10000 [====================>.........] - ETA: 1s - loss: 0.7490 - accuracy: 0.7521
 7500/10000 [=====================>........] - ETA: 1s - loss: 0.7474 - accuracy: 0.7539
 8000/10000 [=======================>......] - ETA: 1s - loss: 0.7368 - accuracy: 0.7573
 8500/10000 [========================>.....] - ETA: 0s - loss: 0.7469 - accuracy: 0.7541
 9000/10000 [==========================>...] - ETA: 0s - loss: 0.7409 - accuracy: 0.7552
 9500/10000 [===========================>..] - ETA: 0s - loss: 0.7352 - accuracy: 0.7579
10000/10000 [==============================] - 6s 609us/step - loss: 0.7298 - accuracy: 0.7597 - val_loss: 0.7091 - val_accuracy: 0.7864
Epoch 4/5

  500/10000 [>.............................] - ETA: 5s - loss: 0.6205 - accuracy: 0.8100
 1000/10000 [==>...........................] - ETA: 5s - loss: 0.6561 - accuracy: 0.7800
 1500/10000 [===>..........................] - ETA: 5s - loss: 0.6407 - accuracy: 0.7940
 2000/10000 [=====>........................] - ETA: 4s - loss: 0.6389 - accuracy: 0.7925
 2500/10000 [======>.......................] - ETA: 4s - loss: 0.6339 - accuracy: 0.7980
 3000/10000 [========>.....................] - ETA: 4s - loss: 0.6274 - accuracy: 0.7987
 3500/10000 [=========>....................] - ETA: 3s - loss: 0.6366 - accuracy: 0.7943
 4000/10000 [===========>..................] - ETA: 3s - loss: 0.6273 - accuracy: 0.8005
 4500/10000 [============>.................] - ETA: 3s - loss: 0.6148 - accuracy: 0.8036
 5000/10000 [==============>...............] - ETA: 3s - loss: 0.6025 - accuracy: 0.8098
 5500/10000 [===============>..............] - ETA: 2s - loss: 0.5836 - accuracy: 0.8165
 6000/10000 [=================>............] - ETA: 2s - loss: 0.5819 - accuracy: 0.8165
 6500/10000 [==================>...........] - ETA: 2s - loss: 0.5854 - accuracy: 0.8137
 7000/10000 [====================>.........] - ETA: 1s - loss: 0.5795 - accuracy: 0.8149
 7500/10000 [=====================>........] - ETA: 1s - loss: 0.5754 - accuracy: 0.8163
 8000/10000 [=======================>......] - ETA: 1s - loss: 0.5795 - accuracy: 0.8152
 8500/10000 [========================>.....] - ETA: 0s - loss: 0.5708 - accuracy: 0.8172
 9000/10000 [==========================>...] - ETA: 0s - loss: 0.5644 - accuracy: 0.8197
 9500/10000 [===========================>..] - ETA: 0s - loss: 0.5625 - accuracy: 0.8200
10000/10000 [==============================] - 6s 610us/step - loss: 0.5634 - accuracy: 0.8206 - val_loss: 0.5580 - val_accuracy: 0.8236
Epoch 5/5

  500/10000 [>.............................] - ETA: 5s - loss: 0.4679 - accuracy: 0.8400
 1000/10000 [==>...........................] - ETA: 5s - loss: 0.4900 - accuracy: 0.8460
 1500/10000 [===>..........................] - ETA: 5s - loss: 0.4828 - accuracy: 0.8480
 2000/10000 [=====>........................] - ETA: 4s - loss: 0.4987 - accuracy: 0.8430
 2500/10000 [======>.......................] - ETA: 4s - loss: 0.5107 - accuracy: 0.8324
 3000/10000 [========>.....................] - ETA: 4s - loss: 0.5114 - accuracy: 0.8327
 3500/10000 [=========>....................] - ETA: 3s - loss: 0.5058 - accuracy: 0.8360
 4000/10000 [===========>..................] - ETA: 3s - loss: 0.4979 - accuracy: 0.8380
 4500/10000 [============>.................] - ETA: 3s - loss: 0.5007 - accuracy: 0.8371
 5000/10000 [==============>...............] - ETA: 3s - loss: 0.4967 - accuracy: 0.8370
 5500/10000 [===============>..............] - ETA: 2s - loss: 0.4936 - accuracy: 0.8387
 6000/10000 [=================>............] - ETA: 2s - loss: 0.4928 - accuracy: 0.8402
 6500/10000 [==================>...........] - ETA: 2s - loss: 0.4821 - accuracy: 0.8443
 7000/10000 [====================>.........] - ETA: 1s - loss: 0.4841 - accuracy: 0.8433
 7500/10000 [=====================>........] - ETA: 1s - loss: 0.4929 - accuracy: 0.8413
 8000/10000 [=======================>......] - ETA: 1s - loss: 0.4984 - accuracy: 0.8397
 8500/10000 [========================>.....] - ETA: 0s - loss: 0.4975 - accuracy: 0.8408
 9000/10000 [==========================>...] - ETA: 0s - loss: 0.4903 - accuracy: 0.8433
 9500/10000 [===========================>..] - ETA: 0s - loss: 0.4876 - accuracy: 0.8453
10000/10000 [==============================] - 6s 607us/step - loss: 0.4865 - accuracy: 0.8457 - val_loss: 0.5893 - val_accuracy: 0.8120
Latency --- 31.30596613883972 seconds ---
For delta=0.000100, the current epsilon is: 8.0198
Saving model with new accuracy, previous accuracy was 0.8346999883651733 and present is 0.8457000255584717
Saved model to disk
