We are using Tensorflow version 1.15.2
Keras API version: 2.3.1
=====================Iteration========================== 1
For delta=0.000100, the current epsilon is: 2.0042
Noise Mutiplier 1.49
loss= <keras.losses.CategoricalCrossentropy object at 0x7fb63ce27198>
in grads Tensor("loss/mul:0", shape=(?,), dtype=float32)
Train on 10000 samples, validate on 2500 samples
Epoch 1/5

  500/10000 [>.............................] - ETA: 7s - loss: 2.3252 - accuracy: 0.1020
 1000/10000 [==>...........................] - ETA: 6s - loss: 2.3164 - accuracy: 0.0890
 1500/10000 [===>..........................] - ETA: 5s - loss: 2.3035 - accuracy: 0.1147
 2000/10000 [=====>........................] - ETA: 5s - loss: 2.2972 - accuracy: 0.1165
 2500/10000 [======>.......................] - ETA: 4s - loss: 2.2896 - accuracy: 0.1372
 3000/10000 [========>.....................] - ETA: 4s - loss: 2.2827 - accuracy: 0.1407
 3500/10000 [=========>....................] - ETA: 4s - loss: 2.2714 - accuracy: 0.1454
 4000/10000 [===========>..................] - ETA: 3s - loss: 2.2574 - accuracy: 0.1620
 4500/10000 [============>.................] - ETA: 3s - loss: 2.2442 - accuracy: 0.1640
 5000/10000 [==============>...............] - ETA: 3s - loss: 2.2324 - accuracy: 0.1692
 5500/10000 [===============>..............] - ETA: 2s - loss: 2.2164 - accuracy: 0.1835
 6000/10000 [=================>............] - ETA: 2s - loss: 2.1931 - accuracy: 0.2010
 6500/10000 [==================>...........] - ETA: 2s - loss: 2.1745 - accuracy: 0.2069
 7000/10000 [====================>.........] - ETA: 1s - loss: 2.1595 - accuracy: 0.2133
 7500/10000 [=====================>........] - ETA: 1s - loss: 2.1601 - accuracy: 0.2181
 8000/10000 [=======================>......] - ETA: 1s - loss: 2.1668 - accuracy: 0.2145
 8500/10000 [========================>.....] - ETA: 0s - loss: 2.1614 - accuracy: 0.2253
 9000/10000 [==========================>...] - ETA: 0s - loss: 2.1398 - accuracy: 0.2343
 9500/10000 [===========================>..] - ETA: 0s - loss: 2.1287 - accuracy: 0.2415
10000/10000 [==============================] - 6s 612us/step - loss: 2.1135 - accuracy: 0.2464 - val_loss: 2.0026 - val_accuracy: 0.3696
Epoch 2/5

  500/10000 [>.............................] - ETA: 5s - loss: 1.9201 - accuracy: 0.3680
 1000/10000 [==>...........................] - ETA: 5s - loss: 1.8201 - accuracy: 0.3800
 1500/10000 [===>..........................] - ETA: 5s - loss: 1.8034 - accuracy: 0.3967
 2000/10000 [=====>........................] - ETA: 4s - loss: 1.8380 - accuracy: 0.3780
 2500/10000 [======>.......................] - ETA: 4s - loss: 1.8055 - accuracy: 0.3864
 3000/10000 [========>.....................] - ETA: 4s - loss: 1.7897 - accuracy: 0.3927
 3500/10000 [=========>....................] - ETA: 3s - loss: 1.8226 - accuracy: 0.3797
 4000/10000 [===========>..................] - ETA: 3s - loss: 1.7938 - accuracy: 0.3900
 4500/10000 [============>.................] - ETA: 3s - loss: 1.7594 - accuracy: 0.4031
 5000/10000 [==============>...............] - ETA: 2s - loss: 1.7521 - accuracy: 0.4008
 5500/10000 [===============>..............] - ETA: 2s - loss: 1.7577 - accuracy: 0.4042
 6000/10000 [=================>............] - ETA: 2s - loss: 1.7623 - accuracy: 0.4005
 6500/10000 [==================>...........] - ETA: 2s - loss: 1.7791 - accuracy: 0.4014
 7000/10000 [====================>.........] - ETA: 1s - loss: 1.7680 - accuracy: 0.4027
 7500/10000 [=====================>........] - ETA: 1s - loss: 1.7581 - accuracy: 0.4027
 8000/10000 [=======================>......] - ETA: 1s - loss: 1.7537 - accuracy: 0.4029
 8500/10000 [========================>.....] - ETA: 0s - loss: 1.7609 - accuracy: 0.4005
 9000/10000 [==========================>...] - ETA: 0s - loss: 1.7637 - accuracy: 0.4011
 9500/10000 [===========================>..] - ETA: 0s - loss: 1.7539 - accuracy: 0.4042
10000/10000 [==============================] - 6s 602us/step - loss: 1.7444 - accuracy: 0.4062 - val_loss: 1.8060 - val_accuracy: 0.3480
Epoch 3/5

  500/10000 [>.............................] - ETA: 5s - loss: 1.7250 - accuracy: 0.4240
 1000/10000 [==>...........................] - ETA: 5s - loss: 1.6829 - accuracy: 0.4270
 1500/10000 [===>..........................] - ETA: 5s - loss: 1.5996 - accuracy: 0.4493
 2000/10000 [=====>........................] - ETA: 4s - loss: 1.5535 - accuracy: 0.4645
 2500/10000 [======>.......................] - ETA: 4s - loss: 1.5141 - accuracy: 0.4788
 3000/10000 [========>.....................] - ETA: 4s - loss: 1.4953 - accuracy: 0.4823
 3500/10000 [=========>....................] - ETA: 3s - loss: 1.5011 - accuracy: 0.4863
 4000/10000 [===========>..................] - ETA: 3s - loss: 1.5141 - accuracy: 0.4795
 4500/10000 [============>.................] - ETA: 3s - loss: 1.5183 - accuracy: 0.4800
 5000/10000 [==============>...............] - ETA: 2s - loss: 1.5009 - accuracy: 0.4824
 5500/10000 [===============>..............] - ETA: 2s - loss: 1.5225 - accuracy: 0.4804
 6000/10000 [=================>............] - ETA: 2s - loss: 1.5170 - accuracy: 0.4817
 6500/10000 [==================>...........] - ETA: 2s - loss: 1.4930 - accuracy: 0.4894
 7000/10000 [====================>.........] - ETA: 1s - loss: 1.4770 - accuracy: 0.4959
 7500/10000 [=====================>........] - ETA: 1s - loss: 1.4647 - accuracy: 0.4981
 8000/10000 [=======================>......] - ETA: 1s - loss: 1.4452 - accuracy: 0.5061
 8500/10000 [========================>.....] - ETA: 0s - loss: 1.4511 - accuracy: 0.5021
 9000/10000 [==========================>...] - ETA: 0s - loss: 1.4341 - accuracy: 0.5097
 9500/10000 [===========================>..] - ETA: 0s - loss: 1.4392 - accuracy: 0.5085
10000/10000 [==============================] - 6s 600us/step - loss: 1.4351 - accuracy: 0.5083 - val_loss: 1.5997 - val_accuracy: 0.4768
Epoch 4/5

  500/10000 [>.............................] - ETA: 5s - loss: 1.4639 - accuracy: 0.5260
 1000/10000 [==>...........................] - ETA: 5s - loss: 1.3606 - accuracy: 0.5550
 1500/10000 [===>..........................] - ETA: 4s - loss: 1.3601 - accuracy: 0.5493
 2000/10000 [=====>........................] - ETA: 4s - loss: 1.2958 - accuracy: 0.5660
 2500/10000 [======>.......................] - ETA: 4s - loss: 1.2588 - accuracy: 0.5716
 3000/10000 [========>.....................] - ETA: 4s - loss: 1.2437 - accuracy: 0.5820
 3500/10000 [=========>....................] - ETA: 3s - loss: 1.2251 - accuracy: 0.5860
 4000/10000 [===========>..................] - ETA: 3s - loss: 1.2313 - accuracy: 0.5860
 4500/10000 [============>.................] - ETA: 3s - loss: 1.2401 - accuracy: 0.5844
 5000/10000 [==============>...............] - ETA: 2s - loss: 1.2437 - accuracy: 0.5846
 5500/10000 [===============>..............] - ETA: 2s - loss: 1.2394 - accuracy: 0.5884
 6000/10000 [=================>............] - ETA: 2s - loss: 1.2217 - accuracy: 0.5950
 6500/10000 [==================>...........] - ETA: 2s - loss: 1.2227 - accuracy: 0.5965
 7000/10000 [====================>.........] - ETA: 1s - loss: 1.2095 - accuracy: 0.6007
 7500/10000 [=====================>........] - ETA: 1s - loss: 1.2040 - accuracy: 0.6027
 8000/10000 [=======================>......] - ETA: 1s - loss: 1.2163 - accuracy: 0.6028
 8500/10000 [========================>.....] - ETA: 0s - loss: 1.2180 - accuracy: 0.6028
 9000/10000 [==========================>...] - ETA: 0s - loss: 1.2338 - accuracy: 0.5979
 9500/10000 [===========================>..] - ETA: 0s - loss: 1.2381 - accuracy: 0.6003
10000/10000 [==============================] - 6s 597us/step - loss: 1.2365 - accuracy: 0.6004 - val_loss: 1.4333 - val_accuracy: 0.5636
Epoch 5/5

  500/10000 [>.............................] - ETA: 5s - loss: 1.2281 - accuracy: 0.6040
 1000/10000 [==>...........................] - ETA: 5s - loss: 1.3334 - accuracy: 0.5770
 1500/10000 [===>..........................] - ETA: 4s - loss: 1.3506 - accuracy: 0.5767
 2000/10000 [=====>........................] - ETA: 4s - loss: 1.3005 - accuracy: 0.5925
 2500/10000 [======>.......................] - ETA: 4s - loss: 1.2979 - accuracy: 0.5940
 3000/10000 [========>.....................] - ETA: 4s - loss: 1.2628 - accuracy: 0.6033
 3500/10000 [=========>....................] - ETA: 3s - loss: 1.2354 - accuracy: 0.6086
 4000/10000 [===========>..................] - ETA: 3s - loss: 1.2063 - accuracy: 0.6190
 4500/10000 [============>.................] - ETA: 3s - loss: 1.1905 - accuracy: 0.6258
 5000/10000 [==============>...............] - ETA: 2s - loss: 1.1974 - accuracy: 0.6256
 5500/10000 [===============>..............] - ETA: 2s - loss: 1.1877 - accuracy: 0.6287
 6000/10000 [=================>............] - ETA: 2s - loss: 1.1790 - accuracy: 0.6307
 6500/10000 [==================>...........] - ETA: 2s - loss: 1.1647 - accuracy: 0.6366
 7000/10000 [====================>.........] - ETA: 1s - loss: 1.1543 - accuracy: 0.6389
 7500/10000 [=====================>........] - ETA: 1s - loss: 1.1425 - accuracy: 0.6424
 8000/10000 [=======================>......] - ETA: 1s - loss: 1.1325 - accuracy: 0.6441
 8500/10000 [========================>.....] - ETA: 0s - loss: 1.1318 - accuracy: 0.6455
 9000/10000 [==========================>...] - ETA: 0s - loss: 1.1184 - accuracy: 0.6482
 9500/10000 [===========================>..] - ETA: 0s - loss: 1.1185 - accuracy: 0.6488
10000/10000 [==============================] - 6s 595us/step - loss: 1.1105 - accuracy: 0.6516 - val_loss: 1.2628 - val_accuracy: 0.6324
Latency --- 30.53511929512024 seconds ---
For delta=0.000100, the current epsilon is: 2.0042
Saving model with new accuracy, previous accuracy was 0 and present is 0.6516000032424927
Saved model to disk
=====================Iteration========================== 2
For delta=0.000100, the current epsilon is: 2.0042
Noise Mutiplier 1.49
loss= <keras.losses.CategoricalCrossentropy object at 0x7fb634176940>
in grads Tensor("loss_1/mul:0", shape=(?,), dtype=float32)
Train on 10000 samples, validate on 2500 samples
Epoch 1/5

  500/10000 [>.............................] - ETA: 6s - loss: 2.3561 - accuracy: 0.0760
 1000/10000 [==>...........................] - ETA: 5s - loss: 2.3299 - accuracy: 0.1080
 1500/10000 [===>..........................] - ETA: 5s - loss: 2.3137 - accuracy: 0.1147
 2000/10000 [=====>........................] - ETA: 5s - loss: 2.3135 - accuracy: 0.1170
 2500/10000 [======>.......................] - ETA: 4s - loss: 2.3045 - accuracy: 0.1196
 3000/10000 [========>.....................] - ETA: 4s - loss: 2.2940 - accuracy: 0.1340
 3500/10000 [=========>....................] - ETA: 4s - loss: 2.2856 - accuracy: 0.1431
 4000/10000 [===========>..................] - ETA: 3s - loss: 2.2758 - accuracy: 0.1472
 4500/10000 [============>.................] - ETA: 3s - loss: 2.2671 - accuracy: 0.1582
 5000/10000 [==============>...............] - ETA: 3s - loss: 2.2615 - accuracy: 0.1588
 5500/10000 [===============>..............] - ETA: 2s - loss: 2.2526 - accuracy: 0.1678
 6000/10000 [=================>............] - ETA: 2s - loss: 2.2411 - accuracy: 0.1848
 6500/10000 [==================>...........] - ETA: 2s - loss: 2.2317 - accuracy: 0.1889
 7000/10000 [====================>.........] - ETA: 1s - loss: 2.2212 - accuracy: 0.1944
 7500/10000 [=====================>........] - ETA: 1s - loss: 2.2139 - accuracy: 0.1960
 8000/10000 [=======================>......] - ETA: 1s - loss: 2.2072 - accuracy: 0.2037
 8500/10000 [========================>.....] - ETA: 0s - loss: 2.1982 - accuracy: 0.2055
 9000/10000 [==========================>...] - ETA: 0s - loss: 2.1873 - accuracy: 0.2146
 9500/10000 [===========================>..] - ETA: 0s - loss: 2.1920 - accuracy: 0.2161
10000/10000 [==============================] - 6s 616us/step - loss: 2.1922 - accuracy: 0.2170 - val_loss: 1.9485 - val_accuracy: 0.3424
Epoch 2/5

  500/10000 [>.............................] - ETA: 5s - loss: 1.8875 - accuracy: 0.3740
 1000/10000 [==>...........................] - ETA: 5s - loss: 1.9449 - accuracy: 0.3410
 1500/10000 [===>..........................] - ETA: 5s - loss: 2.0423 - accuracy: 0.3153
 2000/10000 [=====>........................] - ETA: 4s - loss: 1.9943 - accuracy: 0.3375
 2500/10000 [======>.......................] - ETA: 4s - loss: 1.9784 - accuracy: 0.3552
 3000/10000 [========>.....................] - ETA: 4s - loss: 1.9586 - accuracy: 0.3523
 3500/10000 [=========>....................] - ETA: 3s - loss: 1.9501 - accuracy: 0.3566
 4000/10000 [===========>..................] - ETA: 3s - loss: 1.9568 - accuracy: 0.3520
 4500/10000 [============>.................] - ETA: 3s - loss: 1.9693 - accuracy: 0.3564
 5000/10000 [==============>...............] - ETA: 2s - loss: 1.9702 - accuracy: 0.3516
 5500/10000 [===============>..............] - ETA: 2s - loss: 1.9753 - accuracy: 0.3571
 6000/10000 [=================>............] - ETA: 2s - loss: 1.9554 - accuracy: 0.3603
 6500/10000 [==================>...........] - ETA: 2s - loss: 1.9556 - accuracy: 0.3600
 7000/10000 [====================>.........] - ETA: 1s - loss: 1.9529 - accuracy: 0.3580
 7500/10000 [=====================>........] - ETA: 1s - loss: 1.9458 - accuracy: 0.3621
 8000/10000 [=======================>......] - ETA: 1s - loss: 1.9595 - accuracy: 0.3541
 8500/10000 [========================>.....] - ETA: 0s - loss: 1.9538 - accuracy: 0.3529
 9000/10000 [==========================>...] - ETA: 0s - loss: 1.9496 - accuracy: 0.3500
 9500/10000 [===========================>..] - ETA: 0s - loss: 1.9448 - accuracy: 0.3513
10000/10000 [==============================] - 6s 603us/step - loss: 1.9322 - accuracy: 0.3530 - val_loss: 2.0614 - val_accuracy: 0.2884
Epoch 3/5

  500/10000 [>.............................] - ETA: 5s - loss: 1.9951 - accuracy: 0.3120
 1000/10000 [==>...........................] - ETA: 5s - loss: 1.8358 - accuracy: 0.3650
 1500/10000 [===>..........................] - ETA: 5s - loss: 1.7968 - accuracy: 0.3860
 2000/10000 [=====>........................] - ETA: 4s - loss: 1.8420 - accuracy: 0.3790
 2500/10000 [======>.......................] - ETA: 4s - loss: 1.8008 - accuracy: 0.3904
 3000/10000 [========>.....................] - ETA: 4s - loss: 1.7884 - accuracy: 0.3897
 3500/10000 [=========>....................] - ETA: 3s - loss: 1.7839 - accuracy: 0.3946
 4000/10000 [===========>..................] - ETA: 3s - loss: 1.7569 - accuracy: 0.4035
 4500/10000 [============>.................] - ETA: 3s - loss: 1.7773 - accuracy: 0.3976
 5000/10000 [==============>...............] - ETA: 3s - loss: 1.7550 - accuracy: 0.4068
 5500/10000 [===============>..............] - ETA: 2s - loss: 1.7482 - accuracy: 0.4055
 6000/10000 [=================>............] - ETA: 2s - loss: 1.7607 - accuracy: 0.4052
 6500/10000 [==================>...........] - ETA: 2s - loss: 1.7372 - accuracy: 0.4111
 7000/10000 [====================>.........] - ETA: 1s - loss: 1.7021 - accuracy: 0.4230
 7500/10000 [=====================>........] - ETA: 1s - loss: 1.6860 - accuracy: 0.4297
 8000/10000 [=======================>......] - ETA: 1s - loss: 1.6721 - accuracy: 0.4354
 8500/10000 [========================>.....] - ETA: 0s - loss: 1.6532 - accuracy: 0.4395
 9000/10000 [==========================>...] - ETA: 0s - loss: 1.6488 - accuracy: 0.4449
 9500/10000 [===========================>..] - ETA: 0s - loss: 1.6452 - accuracy: 0.4469
10000/10000 [==============================] - 6s 611us/step - loss: 1.6464 - accuracy: 0.4493 - val_loss: 1.5358 - val_accuracy: 0.4884
Epoch 4/5

  500/10000 [>.............................] - ETA: 5s - loss: 1.4601 - accuracy: 0.4860
 1000/10000 [==>...........................] - ETA: 5s - loss: 1.5670 - accuracy: 0.4940
 1500/10000 [===>..........................] - ETA: 5s - loss: 1.5522 - accuracy: 0.4800
 2000/10000 [=====>........................] - ETA: 4s - loss: 1.5053 - accuracy: 0.4960
 2500/10000 [======>.......................] - ETA: 4s - loss: 1.5267 - accuracy: 0.5024
 3000/10000 [========>.....................] - ETA: 4s - loss: 1.5366 - accuracy: 0.5103
 3500/10000 [=========>....................] - ETA: 3s - loss: 1.5103 - accuracy: 0.5103
 4000/10000 [===========>..................] - ETA: 3s - loss: 1.4871 - accuracy: 0.5157
 4500/10000 [============>.................] - ETA: 3s - loss: 1.4752 - accuracy: 0.5182
 5000/10000 [==============>...............] - ETA: 2s - loss: 1.4823 - accuracy: 0.5176
 5500/10000 [===============>..............] - ETA: 2s - loss: 1.4895 - accuracy: 0.5164
 6000/10000 [=================>............] - ETA: 2s - loss: 1.4709 - accuracy: 0.5193
 6500/10000 [==================>...........] - ETA: 2s - loss: 1.4826 - accuracy: 0.5163
 7000/10000 [====================>.........] - ETA: 1s - loss: 1.4685 - accuracy: 0.5197
 7500/10000 [=====================>........] - ETA: 1s - loss: 1.4715 - accuracy: 0.5225
 8000/10000 [=======================>......] - ETA: 1s - loss: 1.4618 - accuracy: 0.5244
 8500/10000 [========================>.....] - ETA: 0s - loss: 1.4542 - accuracy: 0.5275
 9000/10000 [==========================>...] - ETA: 0s - loss: 1.4504 - accuracy: 0.5289
 9500/10000 [===========================>..] - ETA: 0s - loss: 1.4348 - accuracy: 0.5337
10000/10000 [==============================] - 6s 606us/step - loss: 1.4262 - accuracy: 0.5368 - val_loss: 1.3188 - val_accuracy: 0.5868
Epoch 5/5

  500/10000 [>.............................] - ETA: 5s - loss: 1.1945 - accuracy: 0.6400
 1000/10000 [==>...........................] - ETA: 5s - loss: 1.1739 - accuracy: 0.6200
 1500/10000 [===>..........................] - ETA: 5s - loss: 1.2135 - accuracy: 0.6080
 2000/10000 [=====>........................] - ETA: 4s - loss: 1.1980 - accuracy: 0.6095
 2500/10000 [======>.......................] - ETA: 4s - loss: 1.2172 - accuracy: 0.6028
 3000/10000 [========>.....................] - ETA: 4s - loss: 1.2093 - accuracy: 0.6090
 3500/10000 [=========>....................] - ETA: 3s - loss: 1.1966 - accuracy: 0.6100
 4000/10000 [===========>..................] - ETA: 3s - loss: 1.1793 - accuracy: 0.6133
 4500/10000 [============>.................] - ETA: 3s - loss: 1.1688 - accuracy: 0.6160
 5000/10000 [==============>...............] - ETA: 2s - loss: 1.1719 - accuracy: 0.6136
 5500/10000 [===============>..............] - ETA: 2s - loss: 1.1794 - accuracy: 0.6125
 6000/10000 [=================>............] - ETA: 2s - loss: 1.1813 - accuracy: 0.6122
 6500/10000 [==================>...........] - ETA: 2s - loss: 1.1849 - accuracy: 0.6115
 7000/10000 [====================>.........] - ETA: 1s - loss: 1.2095 - accuracy: 0.6076
 7500/10000 [=====================>........] - ETA: 1s - loss: 1.1999 - accuracy: 0.6095
 8000/10000 [=======================>......] - ETA: 1s - loss: 1.2134 - accuracy: 0.6044
 8500/10000 [========================>.....] - ETA: 0s - loss: 1.2075 - accuracy: 0.6056
 9000/10000 [==========================>...] - ETA: 0s - loss: 1.2087 - accuracy: 0.6053
 9500/10000 [===========================>..] - ETA: 0s - loss: 1.2010 - accuracy: 0.6066
10000/10000 [==============================] - 6s 604us/step - loss: 1.2143 - accuracy: 0.6048 - val_loss: 1.3892 - val_accuracy: 0.5576
Latency --- 30.860405445098877 seconds ---
For delta=0.000100, the current epsilon is: 2.0042
=====================Iteration========================== 3
For delta=0.000100, the current epsilon is: 2.0042
Noise Mutiplier 1.49
loss= <keras.losses.CategoricalCrossentropy object at 0x7fb6398a5470>
in grads Tensor("loss_2/mul:0", shape=(?,), dtype=float32)
Train on 10000 samples, validate on 2500 samples
Epoch 1/5

  500/10000 [>.............................] - ETA: 7s - loss: 2.3065 - accuracy: 0.1000
 1000/10000 [==>...........................] - ETA: 5s - loss: 2.3038 - accuracy: 0.1250
 1500/10000 [===>..........................] - ETA: 5s - loss: 2.2995 - accuracy: 0.1160
 2000/10000 [=====>........................] - ETA: 5s - loss: 2.2938 - accuracy: 0.1395
 2500/10000 [======>.......................] - ETA: 4s - loss: 2.2912 - accuracy: 0.1344
 3000/10000 [========>.....................] - ETA: 4s - loss: 2.2864 - accuracy: 0.1287
 3500/10000 [=========>....................] - ETA: 3s - loss: 2.2811 - accuracy: 0.1480
 4000/10000 [===========>..................] - ETA: 3s - loss: 2.2751 - accuracy: 0.1513
 4500/10000 [============>.................] - ETA: 3s - loss: 2.2681 - accuracy: 0.1573
 5000/10000 [==============>...............] - ETA: 3s - loss: 2.2603 - accuracy: 0.1622
 5500/10000 [===============>..............] - ETA: 2s - loss: 2.2567 - accuracy: 0.1635
 6000/10000 [=================>............] - ETA: 2s - loss: 2.2515 - accuracy: 0.1630
 6500/10000 [==================>...........] - ETA: 2s - loss: 2.2499 - accuracy: 0.1660
 7000/10000 [====================>.........] - ETA: 1s - loss: 2.2390 - accuracy: 0.1730
 7500/10000 [=====================>........] - ETA: 1s - loss: 2.2261 - accuracy: 0.1823
 8000/10000 [=======================>......] - ETA: 1s - loss: 2.2145 - accuracy: 0.1931
 8500/10000 [========================>.....] - ETA: 0s - loss: 2.2036 - accuracy: 0.2012
 9000/10000 [==========================>...] - ETA: 0s - loss: 2.1997 - accuracy: 0.2023
 9500/10000 [===========================>..] - ETA: 0s - loss: 2.2005 - accuracy: 0.2045
10000/10000 [==============================] - 6s 608us/step - loss: 2.1972 - accuracy: 0.2046 - val_loss: 2.0245 - val_accuracy: 0.2520
Epoch 2/5

  500/10000 [>.............................] - ETA: 5s - loss: 1.9925 - accuracy: 0.2880
 1000/10000 [==>...........................] - ETA: 5s - loss: 1.9630 - accuracy: 0.3150
 1500/10000 [===>..........................] - ETA: 5s - loss: 1.9515 - accuracy: 0.3407
 2000/10000 [=====>........................] - ETA: 4s - loss: 1.9527 - accuracy: 0.3305
 2500/10000 [======>.......................] - ETA: 4s - loss: 1.9717 - accuracy: 0.3424
 3000/10000 [========>.....................] - ETA: 4s - loss: 1.9424 - accuracy: 0.3540
 3500/10000 [=========>....................] - ETA: 3s - loss: 1.9286 - accuracy: 0.3617
 4000/10000 [===========>..................] - ETA: 3s - loss: 1.9513 - accuracy: 0.3445
 4500/10000 [============>.................] - ETA: 3s - loss: 1.9658 - accuracy: 0.3431
 5000/10000 [==============>...............] - ETA: 2s - loss: 1.9573 - accuracy: 0.3462
 5500/10000 [===============>..............] - ETA: 2s - loss: 1.9835 - accuracy: 0.3376
 6000/10000 [=================>............] - ETA: 2s - loss: 1.9703 - accuracy: 0.3432
 6500/10000 [==================>...........] - ETA: 2s - loss: 1.9638 - accuracy: 0.3471
 7000/10000 [====================>.........] - ETA: 1s - loss: 1.9588 - accuracy: 0.3474
 7500/10000 [=====================>........] - ETA: 1s - loss: 1.9560 - accuracy: 0.3468
 8000/10000 [=======================>......] - ETA: 1s - loss: 1.9396 - accuracy: 0.3491
 8500/10000 [========================>.....] - ETA: 0s - loss: 1.9382 - accuracy: 0.3519
 9000/10000 [==========================>...] - ETA: 0s - loss: 1.9250 - accuracy: 0.3559
 9500/10000 [===========================>..] - ETA: 0s - loss: 1.9165 - accuracy: 0.3595
10000/10000 [==============================] - 6s 597us/step - loss: 1.9004 - accuracy: 0.3660 - val_loss: 1.4998 - val_accuracy: 0.5016
Epoch 3/5

  500/10000 [>.............................] - ETA: 5s - loss: 1.4606 - accuracy: 0.5340
 1000/10000 [==>...........................] - ETA: 5s - loss: 1.5161 - accuracy: 0.5130
 1500/10000 [===>..........................] - ETA: 5s - loss: 1.5680 - accuracy: 0.4907
 2000/10000 [=====>........................] - ETA: 4s - loss: 1.5784 - accuracy: 0.4950
 2500/10000 [======>.......................] - ETA: 4s - loss: 1.6895 - accuracy: 0.4552
 3000/10000 [========>.....................] - ETA: 4s - loss: 1.6654 - accuracy: 0.4573
 3500/10000 [=========>....................] - ETA: 3s - loss: 1.6571 - accuracy: 0.4560
 4000/10000 [===========>..................] - ETA: 3s - loss: 1.6303 - accuracy: 0.4618
 4500/10000 [============>.................] - ETA: 3s - loss: 1.6221 - accuracy: 0.4689
 5000/10000 [==============>...............] - ETA: 2s - loss: 1.6245 - accuracy: 0.4648
 5500/10000 [===============>..............] - ETA: 2s - loss: 1.6287 - accuracy: 0.4664
 6000/10000 [=================>............] - ETA: 2s - loss: 1.6387 - accuracy: 0.4658
 6500/10000 [==================>...........] - ETA: 2s - loss: 1.6269 - accuracy: 0.4705
 7000/10000 [====================>.........] - ETA: 1s - loss: 1.6223 - accuracy: 0.4726
 7500/10000 [=====================>........] - ETA: 1s - loss: 1.6176 - accuracy: 0.4763
 8000/10000 [=======================>......] - ETA: 1s - loss: 1.6139 - accuracy: 0.4776
 8500/10000 [========================>.....] - ETA: 0s - loss: 1.6038 - accuracy: 0.4809
 9000/10000 [==========================>...] - ETA: 0s - loss: 1.5931 - accuracy: 0.4827
 9500/10000 [===========================>..] - ETA: 0s - loss: 1.6018 - accuracy: 0.4818
10000/10000 [==============================] - 6s 597us/step - loss: 1.5870 - accuracy: 0.4848 - val_loss: 1.3914 - val_accuracy: 0.5272
Epoch 4/5

  500/10000 [>.............................] - ETA: 5s - loss: 1.4326 - accuracy: 0.5060
 1000/10000 [==>...........................] - ETA: 5s - loss: 1.4077 - accuracy: 0.5280
 1500/10000 [===>..........................] - ETA: 5s - loss: 1.4244 - accuracy: 0.5353
 2000/10000 [=====>........................] - ETA: 4s - loss: 1.4584 - accuracy: 0.5220
 2500/10000 [======>.......................] - ETA: 4s - loss: 1.4970 - accuracy: 0.5156
 3000/10000 [========>.....................] - ETA: 4s - loss: 1.4900 - accuracy: 0.5143
 3500/10000 [=========>....................] - ETA: 3s - loss: 1.4765 - accuracy: 0.5166
 4000/10000 [===========>..................] - ETA: 3s - loss: 1.4774 - accuracy: 0.5153
 4500/10000 [============>.................] - ETA: 3s - loss: 1.4773 - accuracy: 0.5120
 5000/10000 [==============>...............] - ETA: 2s - loss: 1.4922 - accuracy: 0.5082
 5500/10000 [===============>..............] - ETA: 2s - loss: 1.4779 - accuracy: 0.5105
 6000/10000 [=================>............] - ETA: 2s - loss: 1.5117 - accuracy: 0.5100
 6500/10000 [==================>...........] - ETA: 2s - loss: 1.5075 - accuracy: 0.5122
 7000/10000 [====================>.........] - ETA: 1s - loss: 1.5161 - accuracy: 0.5121
 7500/10000 [=====================>........] - ETA: 1s - loss: 1.5139 - accuracy: 0.5100
 8000/10000 [=======================>......] - ETA: 1s - loss: 1.5017 - accuracy: 0.5115
 8500/10000 [========================>.....] - ETA: 0s - loss: 1.4929 - accuracy: 0.5118
 9000/10000 [==========================>...] - ETA: 0s - loss: 1.4869 - accuracy: 0.5130
 9500/10000 [===========================>..] - ETA: 0s - loss: 1.5103 - accuracy: 0.5077
10000/10000 [==============================] - 6s 596us/step - loss: 1.4990 - accuracy: 0.5092 - val_loss: 1.5570 - val_accuracy: 0.4652
Epoch 5/5

  500/10000 [>.............................] - ETA: 5s - loss: 1.4887 - accuracy: 0.4920
 1000/10000 [==>...........................] - ETA: 5s - loss: 1.4847 - accuracy: 0.5140
 1500/10000 [===>..........................] - ETA: 5s - loss: 1.5761 - accuracy: 0.4867
 2000/10000 [=====>........................] - ETA: 4s - loss: 1.5428 - accuracy: 0.5065
 2500/10000 [======>.......................] - ETA: 4s - loss: 1.5338 - accuracy: 0.5088
 3000/10000 [========>.....................] - ETA: 4s - loss: 1.5150 - accuracy: 0.5140
 3500/10000 [=========>....................] - ETA: 3s - loss: 1.4999 - accuracy: 0.5171
 4000/10000 [===========>..................] - ETA: 3s - loss: 1.4941 - accuracy: 0.5222
 4500/10000 [============>.................] - ETA: 3s - loss: 1.4734 - accuracy: 0.5262
 5000/10000 [==============>...............] - ETA: 2s - loss: 1.4479 - accuracy: 0.5332
 5500/10000 [===============>..............] - ETA: 2s - loss: 1.4299 - accuracy: 0.5356
 6000/10000 [=================>............] - ETA: 2s - loss: 1.4224 - accuracy: 0.5405
 6500/10000 [==================>...........] - ETA: 2s - loss: 1.4113 - accuracy: 0.5434
 7000/10000 [====================>.........] - ETA: 1s - loss: 1.4085 - accuracy: 0.5424
 7500/10000 [=====================>........] - ETA: 1s - loss: 1.4057 - accuracy: 0.5445
 8000/10000 [=======================>......] - ETA: 1s - loss: 1.3953 - accuracy: 0.5469
 8500/10000 [========================>.....] - ETA: 0s - loss: 1.3896 - accuracy: 0.5491
 9000/10000 [==========================>...] - ETA: 0s - loss: 1.3828 - accuracy: 0.5514
 9500/10000 [===========================>..] - ETA: 0s - loss: 1.3800 - accuracy: 0.5543
10000/10000 [==============================] - 6s 589us/step - loss: 1.3751 - accuracy: 0.5558 - val_loss: 1.5471 - val_accuracy: 0.5304
Latency --- 30.40855574607849 seconds ---
For delta=0.000100, the current epsilon is: 2.0042
=====================Iteration========================== 4
For delta=0.000100, the current epsilon is: 2.0042
Noise Mutiplier 1.49
loss= <keras.losses.CategoricalCrossentropy object at 0x7fb639762e80>
in grads Tensor("loss_3/mul:0", shape=(?,), dtype=float32)
Train on 10000 samples, validate on 2500 samples
Epoch 1/5

  500/10000 [>.............................] - ETA: 7s - loss: 2.3153 - accuracy: 0.1100
 1000/10000 [==>...........................] - ETA: 6s - loss: 2.3052 - accuracy: 0.1070
 1500/10000 [===>..........................] - ETA: 5s - loss: 2.2968 - accuracy: 0.0973
 2000/10000 [=====>........................] - ETA: 5s - loss: 2.2886 - accuracy: 0.1185
 2500/10000 [======>.......................] - ETA: 4s - loss: 2.2791 - accuracy: 0.1396
 3000/10000 [========>.....................] - ETA: 4s - loss: 2.2705 - accuracy: 0.1497
 3500/10000 [=========>....................] - ETA: 3s - loss: 2.2590 - accuracy: 0.1623
 4000/10000 [===========>..................] - ETA: 3s - loss: 2.2468 - accuracy: 0.1760
 4500/10000 [============>.................] - ETA: 3s - loss: 2.2340 - accuracy: 0.1822
 5000/10000 [==============>...............] - ETA: 3s - loss: 2.2209 - accuracy: 0.1902
 5500/10000 [===============>..............] - ETA: 2s - loss: 2.2054 - accuracy: 0.2004
 6000/10000 [=================>............] - ETA: 2s - loss: 2.1910 - accuracy: 0.2078
 6500/10000 [==================>...........] - ETA: 2s - loss: 2.1890 - accuracy: 0.2060
 7000/10000 [====================>.........] - ETA: 1s - loss: 2.1789 - accuracy: 0.2083
 7500/10000 [=====================>........] - ETA: 1s - loss: 2.1710 - accuracy: 0.2075
 8000/10000 [=======================>......] - ETA: 1s - loss: 2.1646 - accuracy: 0.2153
 8500/10000 [========================>.....] - ETA: 0s - loss: 2.1488 - accuracy: 0.2244
 9000/10000 [==========================>...] - ETA: 0s - loss: 2.1479 - accuracy: 0.2229
 9500/10000 [===========================>..] - ETA: 0s - loss: 2.1468 - accuracy: 0.2252
10000/10000 [==============================] - 6s 608us/step - loss: 2.1322 - accuracy: 0.2333 - val_loss: 1.8073 - val_accuracy: 0.4012
Epoch 2/5

  500/10000 [>.............................] - ETA: 5s - loss: 1.7700 - accuracy: 0.4260
 1000/10000 [==>...........................] - ETA: 5s - loss: 1.7872 - accuracy: 0.4260
 1500/10000 [===>..........................] - ETA: 5s - loss: 1.7989 - accuracy: 0.4247
 2000/10000 [=====>........................] - ETA: 4s - loss: 1.8209 - accuracy: 0.4020
 2500/10000 [======>.......................] - ETA: 4s - loss: 1.8222 - accuracy: 0.3928
 3000/10000 [========>.....................] - ETA: 4s - loss: 1.7915 - accuracy: 0.4007
 3500/10000 [=========>....................] - ETA: 3s - loss: 1.8178 - accuracy: 0.4000
 4000/10000 [===========>..................] - ETA: 3s - loss: 1.8784 - accuracy: 0.3930
 4500/10000 [============>.................] - ETA: 3s - loss: 1.8688 - accuracy: 0.3909
 5000/10000 [==============>...............] - ETA: 2s - loss: 1.8485 - accuracy: 0.3962
 5500/10000 [===============>..............] - ETA: 2s - loss: 1.8831 - accuracy: 0.3856
 6000/10000 [=================>............] - ETA: 2s - loss: 1.9243 - accuracy: 0.3767
 6500/10000 [==================>...........] - ETA: 2s - loss: 1.9036 - accuracy: 0.3805
 7000/10000 [====================>.........] - ETA: 1s - loss: 1.8917 - accuracy: 0.3799
 7500/10000 [=====================>........] - ETA: 1s - loss: 1.8877 - accuracy: 0.3829
 8000/10000 [=======================>......] - ETA: 1s - loss: 1.8690 - accuracy: 0.3849
 8500/10000 [========================>.....] - ETA: 0s - loss: 1.8622 - accuracy: 0.3860
 9000/10000 [==========================>...] - ETA: 0s - loss: 1.8609 - accuracy: 0.3858
 9500/10000 [===========================>..] - ETA: 0s - loss: 1.8609 - accuracy: 0.3820
10000/10000 [==============================] - 6s 596us/step - loss: 1.8643 - accuracy: 0.3866 - val_loss: 1.9080 - val_accuracy: 0.3520
Epoch 3/5

  500/10000 [>.............................] - ETA: 5s - loss: 1.9099 - accuracy: 0.3600
 1000/10000 [==>...........................] - ETA: 5s - loss: 1.8159 - accuracy: 0.4020
 1500/10000 [===>..........................] - ETA: 5s - loss: 1.6477 - accuracy: 0.4647
 2000/10000 [=====>........................] - ETA: 4s - loss: 1.5734 - accuracy: 0.4880
 2500/10000 [======>.......................] - ETA: 4s - loss: 1.5390 - accuracy: 0.4864
 3000/10000 [========>.....................] - ETA: 4s - loss: 1.5267 - accuracy: 0.4943
 3500/10000 [=========>....................] - ETA: 3s - loss: 1.4968 - accuracy: 0.5091
 4000/10000 [===========>..................] - ETA: 3s - loss: 1.4827 - accuracy: 0.5090
 4500/10000 [============>.................] - ETA: 3s - loss: 1.4853 - accuracy: 0.5087
 5000/10000 [==============>...............] - ETA: 2s - loss: 1.4651 - accuracy: 0.5172
 5500/10000 [===============>..............] - ETA: 2s - loss: 1.4496 - accuracy: 0.5211
 6000/10000 [=================>............] - ETA: 2s - loss: 1.4520 - accuracy: 0.5185
 6500/10000 [==================>...........] - ETA: 2s - loss: 1.4415 - accuracy: 0.5192
 7000/10000 [====================>.........] - ETA: 1s - loss: 1.4311 - accuracy: 0.5224
 7500/10000 [=====================>........] - ETA: 1s - loss: 1.4280 - accuracy: 0.5228
 8000/10000 [=======================>......] - ETA: 1s - loss: 1.4242 - accuracy: 0.5217
 8500/10000 [========================>.....] - ETA: 0s - loss: 1.4255 - accuracy: 0.5231
 9000/10000 [==========================>...] - ETA: 0s - loss: 1.4251 - accuracy: 0.5243
 9500/10000 [===========================>..] - ETA: 0s - loss: 1.4313 - accuracy: 0.5218
10000/10000 [==============================] - 6s 596us/step - loss: 1.4273 - accuracy: 0.5249 - val_loss: 1.2939 - val_accuracy: 0.5516
Epoch 4/5

  500/10000 [>.............................] - ETA: 5s - loss: 1.1941 - accuracy: 0.5800
 1000/10000 [==>...........................] - ETA: 5s - loss: 1.3293 - accuracy: 0.5610
 1500/10000 [===>..........................] - ETA: 4s - loss: 1.2628 - accuracy: 0.5753
 2000/10000 [=====>........................] - ETA: 4s - loss: 1.2570 - accuracy: 0.5830
 2500/10000 [======>.......................] - ETA: 4s - loss: 1.2840 - accuracy: 0.5788
 3000/10000 [========>.....................] - ETA: 4s - loss: 1.2827 - accuracy: 0.5837
 3500/10000 [=========>....................] - ETA: 3s - loss: 1.2891 - accuracy: 0.5817
 4000/10000 [===========>..................] - ETA: 3s - loss: 1.2886 - accuracy: 0.5810
 4500/10000 [============>.................] - ETA: 3s - loss: 1.2676 - accuracy: 0.5853
 5000/10000 [==============>...............] - ETA: 2s - loss: 1.2575 - accuracy: 0.5872
 5500/10000 [===============>..............] - ETA: 2s - loss: 1.2629 - accuracy: 0.5836
 6000/10000 [=================>............] - ETA: 2s - loss: 1.2467 - accuracy: 0.5877
 6500/10000 [==================>...........] - ETA: 2s - loss: 1.2336 - accuracy: 0.5918
 7000/10000 [====================>.........] - ETA: 1s - loss: 1.2343 - accuracy: 0.5927
 7500/10000 [=====================>........] - ETA: 1s - loss: 1.2274 - accuracy: 0.5952
 8000/10000 [=======================>......] - ETA: 1s - loss: 1.2449 - accuracy: 0.5951
 8500/10000 [========================>.....] - ETA: 0s - loss: 1.2415 - accuracy: 0.5960
 9000/10000 [==========================>...] - ETA: 0s - loss: 1.2394 - accuracy: 0.5954
 9500/10000 [===========================>..] - ETA: 0s - loss: 1.2355 - accuracy: 0.5961
10000/10000 [==============================] - 6s 593us/step - loss: 1.2368 - accuracy: 0.5957 - val_loss: 1.2756 - val_accuracy: 0.5720
Epoch 5/5

  500/10000 [>.............................] - ETA: 5s - loss: 1.0934 - accuracy: 0.6100
 1000/10000 [==>...........................] - ETA: 5s - loss: 1.2611 - accuracy: 0.5690
 1500/10000 [===>..........................] - ETA: 5s - loss: 1.3807 - accuracy: 0.5513
 2000/10000 [=====>........................] - ETA: 4s - loss: 1.3379 - accuracy: 0.5575
 2500/10000 [======>.......................] - ETA: 4s - loss: 1.3511 - accuracy: 0.5576
 3000/10000 [========>.....................] - ETA: 4s - loss: 1.3406 - accuracy: 0.5633
 3500/10000 [=========>....................] - ETA: 3s - loss: 1.3283 - accuracy: 0.5717
 4000/10000 [===========>..................] - ETA: 3s - loss: 1.3248 - accuracy: 0.5727
 4500/10000 [============>.................] - ETA: 3s - loss: 1.3226 - accuracy: 0.5736
 5000/10000 [==============>...............] - ETA: 2s - loss: 1.2989 - accuracy: 0.5808
 5500/10000 [===============>..............] - ETA: 2s - loss: 1.2840 - accuracy: 0.5864
 6000/10000 [=================>............] - ETA: 2s - loss: 1.2752 - accuracy: 0.5882
 6500/10000 [==================>...........] - ETA: 2s - loss: 1.2573 - accuracy: 0.5942
 7000/10000 [====================>.........] - ETA: 1s - loss: 1.2613 - accuracy: 0.5950
 7500/10000 [=====================>........] - ETA: 1s - loss: 1.2812 - accuracy: 0.5907
 8000/10000 [=======================>......] - ETA: 1s - loss: 1.2785 - accuracy: 0.5925
 8500/10000 [========================>.....] - ETA: 0s - loss: 1.2739 - accuracy: 0.5927
 9000/10000 [==========================>...] - ETA: 0s - loss: 1.2820 - accuracy: 0.5921
 9500/10000 [===========================>..] - ETA: 0s - loss: 1.2874 - accuracy: 0.5925
10000/10000 [==============================] - 6s 596us/step - loss: 1.2885 - accuracy: 0.5927 - val_loss: 1.6702 - val_accuracy: 0.4940
Latency --- 30.397953748703003 seconds ---
For delta=0.000100, the current epsilon is: 2.0042
=====================Iteration========================== 5
For delta=0.000100, the current epsilon is: 2.0042
Noise Mutiplier 1.49
loss= <keras.losses.CategoricalCrossentropy object at 0x7fb6395ab978>
in grads Tensor("loss_4/mul:0", shape=(?,), dtype=float32)
Train on 10000 samples, validate on 2500 samples
Epoch 1/5

  500/10000 [>.............................] - ETA: 7s - loss: 2.2970 - accuracy: 0.1120
 1000/10000 [==>...........................] - ETA: 6s - loss: 2.3044 - accuracy: 0.1020
 1500/10000 [===>..........................] - ETA: 5s - loss: 2.2946 - accuracy: 0.1013
 2000/10000 [=====>........................] - ETA: 5s - loss: 2.2836 - accuracy: 0.1180
 2500/10000 [======>.......................] - ETA: 4s - loss: 2.2702 - accuracy: 0.1276
 3000/10000 [========>.....................] - ETA: 4s - loss: 2.2617 - accuracy: 0.1433
 3500/10000 [=========>....................] - ETA: 4s - loss: 2.2544 - accuracy: 0.1411
 4000/10000 [===========>..................] - ETA: 3s - loss: 2.2440 - accuracy: 0.1555
 4500/10000 [============>.................] - ETA: 3s - loss: 2.2348 - accuracy: 0.1638
 5000/10000 [==============>...............] - ETA: 3s - loss: 2.2169 - accuracy: 0.1854
 5500/10000 [===============>..............] - ETA: 2s - loss: 2.2064 - accuracy: 0.1911
 6000/10000 [=================>............] - ETA: 2s - loss: 2.1910 - accuracy: 0.2048
 6500/10000 [==================>...........] - ETA: 2s - loss: 2.1734 - accuracy: 0.2115
 7000/10000 [====================>.........] - ETA: 1s - loss: 2.1555 - accuracy: 0.2181
 7500/10000 [=====================>........] - ETA: 1s - loss: 2.1534 - accuracy: 0.2151
 8000/10000 [=======================>......] - ETA: 1s - loss: 2.1421 - accuracy: 0.2157
 8500/10000 [========================>.....] - ETA: 0s - loss: 2.1245 - accuracy: 0.2209
 9000/10000 [==========================>...] - ETA: 0s - loss: 2.1130 - accuracy: 0.2309
 9500/10000 [===========================>..] - ETA: 0s - loss: 2.1083 - accuracy: 0.2328
10000/10000 [==============================] - 6s 613us/step - loss: 2.0888 - accuracy: 0.2446 - val_loss: 1.6811 - val_accuracy: 0.4068
Epoch 2/5

  500/10000 [>.............................] - ETA: 5s - loss: 1.6725 - accuracy: 0.4400
 1000/10000 [==>...........................] - ETA: 5s - loss: 1.6510 - accuracy: 0.4670
 1500/10000 [===>..........................] - ETA: 5s - loss: 1.7657 - accuracy: 0.4113
 2000/10000 [=====>........................] - ETA: 4s - loss: 1.7468 - accuracy: 0.4265
 2500/10000 [======>.......................] - ETA: 4s - loss: 1.7446 - accuracy: 0.4128
 3000/10000 [========>.....................] - ETA: 4s - loss: 1.7511 - accuracy: 0.4193
 3500/10000 [=========>....................] - ETA: 3s - loss: 1.7462 - accuracy: 0.4160
 4000/10000 [===========>..................] - ETA: 3s - loss: 1.7333 - accuracy: 0.4205
 4500/10000 [============>.................] - ETA: 3s - loss: 1.7028 - accuracy: 0.4307
 5000/10000 [==============>...............] - ETA: 2s - loss: 1.7198 - accuracy: 0.4290
 5500/10000 [===============>..............] - ETA: 2s - loss: 1.7246 - accuracy: 0.4316
 6000/10000 [=================>............] - ETA: 2s - loss: 1.7102 - accuracy: 0.4358
 6500/10000 [==================>...........] - ETA: 2s - loss: 1.7367 - accuracy: 0.4311
 7000/10000 [====================>.........] - ETA: 1s - loss: 1.7241 - accuracy: 0.4313
 7500/10000 [=====================>........] - ETA: 1s - loss: 1.7137 - accuracy: 0.4347
 8000/10000 [=======================>......] - ETA: 1s - loss: 1.7020 - accuracy: 0.4360
 8500/10000 [========================>.....] - ETA: 0s - loss: 1.6885 - accuracy: 0.4391
 9000/10000 [==========================>...] - ETA: 0s - loss: 1.6700 - accuracy: 0.4442
 9500/10000 [===========================>..] - ETA: 0s - loss: 1.6723 - accuracy: 0.4436
10000/10000 [==============================] - 6s 598us/step - loss: 1.6970 - accuracy: 0.4385 - val_loss: 1.5592 - val_accuracy: 0.4832
Epoch 3/5

  500/10000 [>.............................] - ETA: 5s - loss: 1.4551 - accuracy: 0.4880
 1000/10000 [==>...........................] - ETA: 5s - loss: 1.3724 - accuracy: 0.5300
 1500/10000 [===>..........................] - ETA: 5s - loss: 1.3265 - accuracy: 0.5613
 2000/10000 [=====>........................] - ETA: 4s - loss: 1.3289 - accuracy: 0.5555
 2500/10000 [======>.......................] - ETA: 4s - loss: 1.3811 - accuracy: 0.5292
 3000/10000 [========>.....................] - ETA: 4s - loss: 1.3657 - accuracy: 0.5393
 3500/10000 [=========>....................] - ETA: 3s - loss: 1.4172 - accuracy: 0.5263
 4000/10000 [===========>..................] - ETA: 3s - loss: 1.4308 - accuracy: 0.5230
 4500/10000 [============>.................] - ETA: 3s - loss: 1.4136 - accuracy: 0.5302
 5000/10000 [==============>...............] - ETA: 2s - loss: 1.4245 - accuracy: 0.5254
 5500/10000 [===============>..............] - ETA: 2s - loss: 1.4449 - accuracy: 0.5238
 6000/10000 [=================>............] - ETA: 2s - loss: 1.4258 - accuracy: 0.5267
 6500/10000 [==================>...........] - ETA: 2s - loss: 1.4190 - accuracy: 0.5305
 7000/10000 [====================>.........] - ETA: 1s - loss: 1.4146 - accuracy: 0.5314
 7500/10000 [=====================>........] - ETA: 1s - loss: 1.4022 - accuracy: 0.5364
 8000/10000 [=======================>......] - ETA: 1s - loss: 1.4028 - accuracy: 0.5351
 8500/10000 [========================>.....] - ETA: 0s - loss: 1.4000 - accuracy: 0.5362
 9000/10000 [==========================>...] - ETA: 0s - loss: 1.4053 - accuracy: 0.5357
 9500/10000 [===========================>..] - ETA: 0s - loss: 1.3948 - accuracy: 0.5392
10000/10000 [==============================] - 6s 599us/step - loss: 1.3913 - accuracy: 0.5406 - val_loss: 1.4058 - val_accuracy: 0.5444
Epoch 4/5

  500/10000 [>.............................] - ETA: 5s - loss: 1.3734 - accuracy: 0.5540
 1000/10000 [==>...........................] - ETA: 5s - loss: 1.4260 - accuracy: 0.5440
 1500/10000 [===>..........................] - ETA: 5s - loss: 1.4176 - accuracy: 0.5327
 2000/10000 [=====>........................] - ETA: 4s - loss: 1.3733 - accuracy: 0.5470
 2500/10000 [======>.......................] - ETA: 4s - loss: 1.3459 - accuracy: 0.5476
 3000/10000 [========>.....................] - ETA: 4s - loss: 1.3163 - accuracy: 0.5640
 3500/10000 [=========>....................] - ETA: 3s - loss: 1.2873 - accuracy: 0.5726
 4000/10000 [===========>..................] - ETA: 3s - loss: 1.2847 - accuracy: 0.5755
 4500/10000 [============>.................] - ETA: 3s - loss: 1.2684 - accuracy: 0.5798
 5000/10000 [==============>...............] - ETA: 2s - loss: 1.2907 - accuracy: 0.5810
 5500/10000 [===============>..............] - ETA: 2s - loss: 1.2716 - accuracy: 0.5889
 6000/10000 [=================>............] - ETA: 2s - loss: 1.2965 - accuracy: 0.5853
 6500/10000 [==================>...........] - ETA: 2s - loss: 1.2988 - accuracy: 0.5842
 7000/10000 [====================>.........] - ETA: 1s - loss: 1.3081 - accuracy: 0.5810
 7500/10000 [=====================>........] - ETA: 1s - loss: 1.3106 - accuracy: 0.5819
 8000/10000 [=======================>......] - ETA: 1s - loss: 1.3178 - accuracy: 0.5786
 8500/10000 [========================>.....] - ETA: 0s - loss: 1.3219 - accuracy: 0.5800
 9000/10000 [==========================>...] - ETA: 0s - loss: 1.3263 - accuracy: 0.5756
 9500/10000 [===========================>..] - ETA: 0s - loss: 1.3292 - accuracy: 0.5744
10000/10000 [==============================] - 6s 598us/step - loss: 1.3340 - accuracy: 0.5726 - val_loss: 1.8734 - val_accuracy: 0.4924
Epoch 5/5

  500/10000 [>.............................] - ETA: 5s - loss: 1.7972 - accuracy: 0.4900
 1000/10000 [==>...........................] - ETA: 5s - loss: 1.5586 - accuracy: 0.5370
 1500/10000 [===>..........................] - ETA: 5s - loss: 1.5439 - accuracy: 0.5327
 2000/10000 [=====>........................] - ETA: 4s - loss: 1.5008 - accuracy: 0.5405
 2500/10000 [======>.......................] - ETA: 4s - loss: 1.4383 - accuracy: 0.5524
 3000/10000 [========>.....................] - ETA: 4s - loss: 1.4677 - accuracy: 0.5483
 3500/10000 [=========>....................] - ETA: 3s - loss: 1.4393 - accuracy: 0.5506
 4000/10000 [===========>..................] - ETA: 3s - loss: 1.4209 - accuracy: 0.5533
 4500/10000 [============>.................] - ETA: 3s - loss: 1.3910 - accuracy: 0.5622
 5000/10000 [==============>...............] - ETA: 2s - loss: 1.3819 - accuracy: 0.5652
 5500/10000 [===============>..............] - ETA: 2s - loss: 1.3650 - accuracy: 0.5647
 6000/10000 [=================>............] - ETA: 2s - loss: 1.3605 - accuracy: 0.5677
 6500/10000 [==================>...........] - ETA: 2s - loss: 1.3697 - accuracy: 0.5680
 7000/10000 [====================>.........] - ETA: 1s - loss: 1.3623 - accuracy: 0.5711
 7500/10000 [=====================>........] - ETA: 1s - loss: 1.3656 - accuracy: 0.5725
 8000/10000 [=======================>......] - ETA: 1s - loss: 1.3796 - accuracy: 0.5677
 8500/10000 [========================>.....] - ETA: 0s - loss: 1.3741 - accuracy: 0.5672
 9000/10000 [==========================>...] - ETA: 0s - loss: 1.3596 - accuracy: 0.5704
 9500/10000 [===========================>..] - ETA: 0s - loss: 1.3506 - accuracy: 0.5737
10000/10000 [==============================] - 6s 600us/step - loss: 1.3487 - accuracy: 0.5757 - val_loss: 1.7398 - val_accuracy: 0.5200
Latency --- 30.62979292869568 seconds ---
For delta=0.000100, the current epsilon is: 2.0042
=====================Iteration========================== 6
For delta=0.000100, the current epsilon is: 2.0042
Noise Mutiplier 1.49
loss= <keras.losses.CategoricalCrossentropy object at 0x7fb63947e400>
in grads Tensor("loss_5/mul:0", shape=(?,), dtype=float32)
Train on 10000 samples, validate on 2500 samples
Epoch 1/5

  500/10000 [>.............................] - ETA: 7s - loss: 2.3003 - accuracy: 0.1560
 1000/10000 [==>...........................] - ETA: 6s - loss: 2.2995 - accuracy: 0.1740
 1500/10000 [===>..........................] - ETA: 5s - loss: 2.2913 - accuracy: 0.1800
 2000/10000 [=====>........................] - ETA: 5s - loss: 2.2845 - accuracy: 0.1865
 2500/10000 [======>.......................] - ETA: 4s - loss: 2.2777 - accuracy: 0.1852
 3000/10000 [========>.....................] - ETA: 4s - loss: 2.2688 - accuracy: 0.1977
 3500/10000 [=========>....................] - ETA: 4s - loss: 2.2587 - accuracy: 0.2006
 4000/10000 [===========>..................] - ETA: 3s - loss: 2.2455 - accuracy: 0.2052
 4500/10000 [============>.................] - ETA: 3s - loss: 2.2356 - accuracy: 0.2127
 5000/10000 [==============>...............] - ETA: 3s - loss: 2.2257 - accuracy: 0.2210
 5500/10000 [===============>..............] - ETA: 2s - loss: 2.2096 - accuracy: 0.2315
 6000/10000 [=================>............] - ETA: 2s - loss: 2.1985 - accuracy: 0.2360
 6500/10000 [==================>...........] - ETA: 2s - loss: 2.1884 - accuracy: 0.2388
 7000/10000 [====================>.........] - ETA: 1s - loss: 2.1825 - accuracy: 0.2387
 7500/10000 [=====================>........] - ETA: 1s - loss: 2.1768 - accuracy: 0.2411
 8000/10000 [=======================>......] - ETA: 1s - loss: 2.1692 - accuracy: 0.2430
 8500/10000 [========================>.....] - ETA: 0s - loss: 2.1605 - accuracy: 0.2460
 9000/10000 [==========================>...] - ETA: 0s - loss: 2.1689 - accuracy: 0.2424
 9500/10000 [===========================>..] - ETA: 0s - loss: 2.1621 - accuracy: 0.2489
10000/10000 [==============================] - 6s 614us/step - loss: 2.1593 - accuracy: 0.2579 - val_loss: 1.9309 - val_accuracy: 0.3260
Epoch 2/5

  500/10000 [>.............................] - ETA: 5s - loss: 1.9077 - accuracy: 0.3060
 1000/10000 [==>...........................] - ETA: 5s - loss: 1.8624 - accuracy: 0.3710
 1500/10000 [===>..........................] - ETA: 5s - loss: 1.8966 - accuracy: 0.3187
 2000/10000 [=====>........................] - ETA: 4s - loss: 1.9624 - accuracy: 0.2910
 2500/10000 [======>.......................] - ETA: 4s - loss: 1.9807 - accuracy: 0.2712
 3000/10000 [========>.....................] - ETA: 4s - loss: 1.9371 - accuracy: 0.3097
 3500/10000 [=========>....................] - ETA: 3s - loss: 1.8930 - accuracy: 0.3386
 4000/10000 [===========>..................] - ETA: 3s - loss: 1.8938 - accuracy: 0.3460
 4500/10000 [============>.................] - ETA: 3s - loss: 1.9405 - accuracy: 0.3342
 5000/10000 [==============>...............] - ETA: 2s - loss: 1.9373 - accuracy: 0.3334
 5500/10000 [===============>..............] - ETA: 2s - loss: 1.9311 - accuracy: 0.3349
 6000/10000 [=================>............] - ETA: 2s - loss: 1.9254 - accuracy: 0.3395
 6500/10000 [==================>...........] - ETA: 2s - loss: 1.9004 - accuracy: 0.3480
 7000/10000 [====================>.........] - ETA: 1s - loss: 1.9088 - accuracy: 0.3513
 7500/10000 [=====================>........] - ETA: 1s - loss: 1.9004 - accuracy: 0.3543
 8000/10000 [=======================>......] - ETA: 1s - loss: 1.8830 - accuracy: 0.3599
 8500/10000 [========================>.....] - ETA: 0s - loss: 1.8755 - accuracy: 0.3569
 9000/10000 [==========================>...] - ETA: 0s - loss: 1.8598 - accuracy: 0.3658
 9500/10000 [===========================>..] - ETA: 0s - loss: 1.8682 - accuracy: 0.3660
10000/10000 [==============================] - 6s 599us/step - loss: 1.8544 - accuracy: 0.3689 - val_loss: 1.7171 - val_accuracy: 0.4140
Epoch 3/5

  500/10000 [>.............................] - ETA: 5s - loss: 1.5750 - accuracy: 0.4400
 1000/10000 [==>...........................] - ETA: 5s - loss: 1.5167 - accuracy: 0.4950
 1500/10000 [===>..........................] - ETA: 5s - loss: 1.5733 - accuracy: 0.4533
 2000/10000 [=====>........................] - ETA: 4s - loss: 1.5422 - accuracy: 0.4615
 2500/10000 [======>.......................] - ETA: 4s - loss: 1.5427 - accuracy: 0.4584
 3000/10000 [========>.....................] - ETA: 4s - loss: 1.5524 - accuracy: 0.4680
 3500/10000 [=========>....................] - ETA: 3s - loss: 1.5388 - accuracy: 0.4723
 4000/10000 [===========>..................] - ETA: 3s - loss: 1.5277 - accuracy: 0.4782
 4500/10000 [============>.................] - ETA: 3s - loss: 1.5308 - accuracy: 0.4782
 5000/10000 [==============>...............] - ETA: 2s - loss: 1.5406 - accuracy: 0.4824
 5500/10000 [===============>..............] - ETA: 2s - loss: 1.5367 - accuracy: 0.4804
 6000/10000 [=================>............] - ETA: 2s - loss: 1.5223 - accuracy: 0.4857
 6500/10000 [==================>...........] - ETA: 2s - loss: 1.5142 - accuracy: 0.4869
 7000/10000 [====================>.........] - ETA: 1s - loss: 1.5266 - accuracy: 0.4876
 7500/10000 [=====================>........] - ETA: 1s - loss: 1.5146 - accuracy: 0.4916
 8000/10000 [=======================>......] - ETA: 1s - loss: 1.4937 - accuracy: 0.4983
 8500/10000 [========================>.....] - ETA: 0s - loss: 1.4771 - accuracy: 0.5060
 9000/10000 [==========================>...] - ETA: 0s - loss: 1.4743 - accuracy: 0.5063
 9500/10000 [===========================>..] - ETA: 0s - loss: 1.4846 - accuracy: 0.5044
10000/10000 [==============================] - 6s 602us/step - loss: 1.4728 - accuracy: 0.5091 - val_loss: 1.5314 - val_accuracy: 0.5272
Epoch 4/5

  500/10000 [>.............................] - ETA: 5s - loss: 1.4336 - accuracy: 0.5560
 1000/10000 [==>...........................] - ETA: 5s - loss: 1.3515 - accuracy: 0.5600
 1500/10000 [===>..........................] - ETA: 5s - loss: 1.3646 - accuracy: 0.5620
 2000/10000 [=====>........................] - ETA: 4s - loss: 1.2916 - accuracy: 0.5820
 2500/10000 [======>.......................] - ETA: 4s - loss: 1.2759 - accuracy: 0.5868
 3000/10000 [========>.....................] - ETA: 4s - loss: 1.2694 - accuracy: 0.5883
 3500/10000 [=========>....................] - ETA: 3s - loss: 1.2685 - accuracy: 0.5897
 4000/10000 [===========>..................] - ETA: 3s - loss: 1.2958 - accuracy: 0.5817
 4500/10000 [============>.................] - ETA: 3s - loss: 1.3060 - accuracy: 0.5791
 5000/10000 [==============>...............] - ETA: 2s - loss: 1.2928 - accuracy: 0.5798
 5500/10000 [===============>..............] - ETA: 2s - loss: 1.3016 - accuracy: 0.5789
 6000/10000 [=================>............] - ETA: 2s - loss: 1.2917 - accuracy: 0.5822
 6500/10000 [==================>...........] - ETA: 2s - loss: 1.3141 - accuracy: 0.5805
 7000/10000 [====================>.........] - ETA: 1s - loss: 1.3080 - accuracy: 0.5810
 7500/10000 [=====================>........] - ETA: 1s - loss: 1.3085 - accuracy: 0.5841
 8000/10000 [=======================>......] - ETA: 1s - loss: 1.3086 - accuracy: 0.5844
 8500/10000 [========================>.....] - ETA: 0s - loss: 1.3133 - accuracy: 0.5858
 9000/10000 [==========================>...] - ETA: 0s - loss: 1.3163 - accuracy: 0.5859
 9500/10000 [===========================>..] - ETA: 0s - loss: 1.3196 - accuracy: 0.5861
10000/10000 [==============================] - 6s 594us/step - loss: 1.3223 - accuracy: 0.5859 - val_loss: 1.3068 - val_accuracy: 0.6004
Epoch 5/5

  500/10000 [>.............................] - ETA: 5s - loss: 1.1144 - accuracy: 0.6260
 1000/10000 [==>...........................] - ETA: 5s - loss: 1.2203 - accuracy: 0.6050
 1500/10000 [===>..........................] - ETA: 5s - loss: 1.2397 - accuracy: 0.6160
 2000/10000 [=====>........................] - ETA: 4s - loss: 1.1778 - accuracy: 0.6285
 2500/10000 [======>.......................] - ETA: 4s - loss: 1.2126 - accuracy: 0.6224
 3000/10000 [========>.....................] - ETA: 4s - loss: 1.1848 - accuracy: 0.6240
 3500/10000 [=========>....................] - ETA: 3s - loss: 1.2073 - accuracy: 0.6226
 4000/10000 [===========>..................] - ETA: 3s - loss: 1.1976 - accuracy: 0.6263
 4500/10000 [============>.................] - ETA: 3s - loss: 1.1924 - accuracy: 0.6273
 5000/10000 [==============>...............] - ETA: 2s - loss: 1.2228 - accuracy: 0.6216
 5500/10000 [===============>..............] - ETA: 2s - loss: 1.2081 - accuracy: 0.6240
 6000/10000 [=================>............] - ETA: 2s - loss: 1.1928 - accuracy: 0.6295
 6500/10000 [==================>...........] - ETA: 2s - loss: 1.1840 - accuracy: 0.6332
 7000/10000 [====================>.........] - ETA: 1s - loss: 1.1942 - accuracy: 0.6323
 7500/10000 [=====================>........] - ETA: 1s - loss: 1.1966 - accuracy: 0.6348
 8000/10000 [=======================>......] - ETA: 1s - loss: 1.1870 - accuracy: 0.6366
 8500/10000 [========================>.....] - ETA: 0s - loss: 1.1790 - accuracy: 0.6381
 9000/10000 [==========================>...] - ETA: 0s - loss: 1.1698 - accuracy: 0.6410
 9500/10000 [===========================>..] - ETA: 0s - loss: 1.1852 - accuracy: 0.6375
10000/10000 [==============================] - 6s 597us/step - loss: 1.1850 - accuracy: 0.6388 - val_loss: 1.4598 - val_accuracy: 0.5964
Latency --- 30.63682270050049 seconds ---
For delta=0.000100, the current epsilon is: 2.0042
=====================Iteration========================== 7
For delta=0.000100, the current epsilon is: 2.0042
Noise Mutiplier 1.49
loss= <keras.losses.CategoricalCrossentropy object at 0x7fb639350c50>
in grads Tensor("loss_6/mul:0", shape=(?,), dtype=float32)
Train on 10000 samples, validate on 2500 samples
Epoch 1/5

  500/10000 [>.............................] - ETA: 7s - loss: 2.3129 - accuracy: 0.1080
 1000/10000 [==>...........................] - ETA: 6s - loss: 2.3149 - accuracy: 0.0950
 1500/10000 [===>..........................] - ETA: 5s - loss: 2.2995 - accuracy: 0.1247
 2000/10000 [=====>........................] - ETA: 5s - loss: 2.2894 - accuracy: 0.1400
 2500/10000 [======>.......................] - ETA: 4s - loss: 2.2802 - accuracy: 0.1524
 3000/10000 [========>.....................] - ETA: 4s - loss: 2.2600 - accuracy: 0.1700
 3500/10000 [=========>....................] - ETA: 4s - loss: 2.2424 - accuracy: 0.1794
 4000/10000 [===========>..................] - ETA: 3s - loss: 2.2264 - accuracy: 0.1840
 4500/10000 [============>.................] - ETA: 3s - loss: 2.2068 - accuracy: 0.1947
 5000/10000 [==============>...............] - ETA: 3s - loss: 2.1912 - accuracy: 0.2064
 5500/10000 [===============>..............] - ETA: 2s - loss: 2.1836 - accuracy: 0.2082
 6000/10000 [=================>............] - ETA: 2s - loss: 2.1722 - accuracy: 0.2143
 6500/10000 [==================>...........] - ETA: 2s - loss: 2.1670 - accuracy: 0.2120
 7000/10000 [====================>.........] - ETA: 1s - loss: 2.1548 - accuracy: 0.2149
 7500/10000 [=====================>........] - ETA: 1s - loss: 2.1506 - accuracy: 0.2221
 8000/10000 [=======================>......] - ETA: 1s - loss: 2.1392 - accuracy: 0.2261
 8500/10000 [========================>.....] - ETA: 0s - loss: 2.1308 - accuracy: 0.2289
 9000/10000 [==========================>...] - ETA: 0s - loss: 2.1237 - accuracy: 0.2329
 9500/10000 [===========================>..] - ETA: 0s - loss: 2.1113 - accuracy: 0.2352
10000/10000 [==============================] - 6s 616us/step - loss: 2.0933 - accuracy: 0.2419 - val_loss: 1.9442 - val_accuracy: 0.2532
Epoch 2/5

  500/10000 [>.............................] - ETA: 5s - loss: 1.9098 - accuracy: 0.2740
 1000/10000 [==>...........................] - ETA: 5s - loss: 1.8334 - accuracy: 0.3120
 1500/10000 [===>..........................] - ETA: 5s - loss: 1.7994 - accuracy: 0.3453
 2000/10000 [=====>........................] - ETA: 4s - loss: 1.8507 - accuracy: 0.3225
 2500/10000 [======>.......................] - ETA: 4s - loss: 1.8249 - accuracy: 0.3400
 3000/10000 [========>.....................] - ETA: 4s - loss: 1.8293 - accuracy: 0.3470
 3500/10000 [=========>....................] - ETA: 3s - loss: 1.8006 - accuracy: 0.3689
 4000/10000 [===========>..................] - ETA: 3s - loss: 1.7771 - accuracy: 0.3688
 4500/10000 [============>.................] - ETA: 3s - loss: 1.7711 - accuracy: 0.3751
 5000/10000 [==============>...............] - ETA: 2s - loss: 1.7506 - accuracy: 0.3812
 5500/10000 [===============>..............] - ETA: 2s - loss: 1.7545 - accuracy: 0.3784
 6000/10000 [=================>............] - ETA: 2s - loss: 1.7513 - accuracy: 0.3840
 6500/10000 [==================>...........] - ETA: 2s - loss: 1.7334 - accuracy: 0.3923
 7000/10000 [====================>.........] - ETA: 1s - loss: 1.7350 - accuracy: 0.3941
 7500/10000 [=====================>........] - ETA: 1s - loss: 1.7304 - accuracy: 0.3921
 8000/10000 [=======================>......] - ETA: 1s - loss: 1.7267 - accuracy: 0.3950
 8500/10000 [========================>.....] - ETA: 0s - loss: 1.7238 - accuracy: 0.3956
 9000/10000 [==========================>...] - ETA: 0s - loss: 1.7633 - accuracy: 0.3901
 9500/10000 [===========================>..] - ETA: 0s - loss: 1.7561 - accuracy: 0.3925
10000/10000 [==============================] - 6s 596us/step - loss: 1.7559 - accuracy: 0.3927 - val_loss: 2.3940 - val_accuracy: 0.2820
Epoch 3/5

  500/10000 [>.............................] - ETA: 5s - loss: 2.3505 - accuracy: 0.3060
 1000/10000 [==>...........................] - ETA: 5s - loss: 1.9191 - accuracy: 0.3870
 1500/10000 [===>..........................] - ETA: 4s - loss: 1.9746 - accuracy: 0.3907
 2000/10000 [=====>........................] - ETA: 4s - loss: 1.8280 - accuracy: 0.4210
 2500/10000 [======>.......................] - ETA: 4s - loss: 1.6926 - accuracy: 0.4588
 3000/10000 [========>.....................] - ETA: 4s - loss: 1.5948 - accuracy: 0.4907
 3500/10000 [=========>....................] - ETA: 3s - loss: 1.5724 - accuracy: 0.4946
 4000/10000 [===========>..................] - ETA: 3s - loss: 1.5771 - accuracy: 0.4877
 4500/10000 [============>.................] - ETA: 3s - loss: 1.5761 - accuracy: 0.4869
 5000/10000 [==============>...............] - ETA: 2s - loss: 1.5519 - accuracy: 0.4942
 5500/10000 [===============>..............] - ETA: 2s - loss: 1.5630 - accuracy: 0.4905
 6000/10000 [=================>............] - ETA: 2s - loss: 1.5283 - accuracy: 0.5013
 6500/10000 [==================>...........] - ETA: 2s - loss: 1.5061 - accuracy: 0.5071
 7000/10000 [====================>.........] - ETA: 1s - loss: 1.5218 - accuracy: 0.5030
 7500/10000 [=====================>........] - ETA: 1s - loss: 1.5130 - accuracy: 0.5040
 8000/10000 [=======================>......] - ETA: 1s - loss: 1.5022 - accuracy: 0.5055
 8500/10000 [========================>.....] - ETA: 0s - loss: 1.4804 - accuracy: 0.5114
 9000/10000 [==========================>...] - ETA: 0s - loss: 1.4635 - accuracy: 0.5150
 9500/10000 [===========================>..] - ETA: 0s - loss: 1.4545 - accuracy: 0.5193
10000/10000 [==============================] - 6s 588us/step - loss: 1.4415 - accuracy: 0.5223 - val_loss: 1.9220 - val_accuracy: 0.4312
Epoch 4/5

  500/10000 [>.............................] - ETA: 5s - loss: 1.8282 - accuracy: 0.4640
 1000/10000 [==>...........................] - ETA: 5s - loss: 1.6058 - accuracy: 0.5130
 1500/10000 [===>..........................] - ETA: 5s - loss: 1.5030 - accuracy: 0.5260
 2000/10000 [=====>........................] - ETA: 4s - loss: 1.5653 - accuracy: 0.5130
 2500/10000 [======>.......................] - ETA: 4s - loss: 1.4721 - accuracy: 0.5400
 3000/10000 [========>.....................] - ETA: 4s - loss: 1.4214 - accuracy: 0.5527
 3500/10000 [=========>....................] - ETA: 3s - loss: 1.4013 - accuracy: 0.5540
 4000/10000 [===========>..................] - ETA: 3s - loss: 1.3876 - accuracy: 0.5600
 4500/10000 [============>.................] - ETA: 3s - loss: 1.3649 - accuracy: 0.5627
 5000/10000 [==============>...............] - ETA: 2s - loss: 1.3502 - accuracy: 0.5662
 5500/10000 [===============>..............] - ETA: 2s - loss: 1.3413 - accuracy: 0.5680
 6000/10000 [=================>............] - ETA: 2s - loss: 1.3351 - accuracy: 0.5698
 6500/10000 [==================>...........] - ETA: 2s - loss: 1.3229 - accuracy: 0.5742
 7000/10000 [====================>.........] - ETA: 1s - loss: 1.3116 - accuracy: 0.5770
 7500/10000 [=====================>........] - ETA: 1s - loss: 1.3139 - accuracy: 0.5783
 8000/10000 [=======================>......] - ETA: 1s - loss: 1.3197 - accuracy: 0.5769
 8500/10000 [========================>.....] - ETA: 0s - loss: 1.2979 - accuracy: 0.5824
 9000/10000 [==========================>...] - ETA: 0s - loss: 1.3010 - accuracy: 0.5832
 9500/10000 [===========================>..] - ETA: 0s - loss: 1.2847 - accuracy: 0.5871
10000/10000 [==============================] - 6s 589us/step - loss: 1.2767 - accuracy: 0.5889 - val_loss: 1.3256 - val_accuracy: 0.5716
Epoch 5/5

  500/10000 [>.............................] - ETA: 5s - loss: 1.1463 - accuracy: 0.6300
 1000/10000 [==>...........................] - ETA: 5s - loss: 1.1095 - accuracy: 0.6240
 1500/10000 [===>..........................] - ETA: 5s - loss: 1.0930 - accuracy: 0.6233
 2000/10000 [=====>........................] - ETA: 4s - loss: 1.0757 - accuracy: 0.6255
 2500/10000 [======>.......................] - ETA: 4s - loss: 1.0642 - accuracy: 0.6324
 3000/10000 [========>.....................] - ETA: 4s - loss: 1.1226 - accuracy: 0.6183
 3500/10000 [=========>....................] - ETA: 3s - loss: 1.1099 - accuracy: 0.6186
 4000/10000 [===========>..................] - ETA: 3s - loss: 1.1211 - accuracy: 0.6173
 4500/10000 [============>.................] - ETA: 3s - loss: 1.1100 - accuracy: 0.6180
 5000/10000 [==============>...............] - ETA: 2s - loss: 1.1223 - accuracy: 0.6128
 5500/10000 [===============>..............] - ETA: 2s - loss: 1.1393 - accuracy: 0.6113
 6000/10000 [=================>............] - ETA: 2s - loss: 1.1413 - accuracy: 0.6117
 6500/10000 [==================>...........] - ETA: 2s - loss: 1.1331 - accuracy: 0.6143
 7000/10000 [====================>.........] - ETA: 1s - loss: 1.1147 - accuracy: 0.6197
 7500/10000 [=====================>........] - ETA: 1s - loss: 1.1028 - accuracy: 0.6228
 8000/10000 [=======================>......] - ETA: 1s - loss: 1.0937 - accuracy: 0.6264
 8500/10000 [========================>.....] - ETA: 0s - loss: 1.0848 - accuracy: 0.6301
 9000/10000 [==========================>...] - ETA: 0s - loss: 1.0748 - accuracy: 0.6347
 9500/10000 [===========================>..] - ETA: 0s - loss: 1.0714 - accuracy: 0.6363
10000/10000 [==============================] - 6s 591us/step - loss: 1.0800 - accuracy: 0.6341 - val_loss: 0.9938 - val_accuracy: 0.6832
Latency --- 30.41364860534668 seconds ---
For delta=0.000100, the current epsilon is: 2.0042
=====================Iteration========================== 8
For delta=0.000100, the current epsilon is: 2.0042
Noise Mutiplier 1.49
loss= <keras.losses.CategoricalCrossentropy object at 0x7fb6391ab6a0>
in grads Tensor("loss_7/mul:0", shape=(?,), dtype=float32)
Train on 10000 samples, validate on 2500 samples
Epoch 1/5

  500/10000 [>.............................] - ETA: 7s - loss: 2.3077 - accuracy: 0.1320
 1000/10000 [==>...........................] - ETA: 6s - loss: 2.3052 - accuracy: 0.1110
 1500/10000 [===>..........................] - ETA: 5s - loss: 2.3021 - accuracy: 0.1107
 2000/10000 [=====>........................] - ETA: 5s - loss: 2.2991 - accuracy: 0.1250
 2500/10000 [======>.......................] - ETA: 4s - loss: 2.2912 - accuracy: 0.1260
 3000/10000 [========>.....................] - ETA: 4s - loss: 2.2839 - accuracy: 0.1257
 3500/10000 [=========>....................] - ETA: 4s - loss: 2.2737 - accuracy: 0.1346
 4000/10000 [===========>..................] - ETA: 3s - loss: 2.2648 - accuracy: 0.1367
 4500/10000 [============>.................] - ETA: 3s - loss: 2.2556 - accuracy: 0.1431
 5000/10000 [==============>...............] - ETA: 3s - loss: 2.2457 - accuracy: 0.1550
 5500/10000 [===============>..............] - ETA: 2s - loss: 2.2375 - accuracy: 0.1582
 6000/10000 [=================>............] - ETA: 2s - loss: 2.2261 - accuracy: 0.1663
 6500/10000 [==================>...........] - ETA: 2s - loss: 2.2193 - accuracy: 0.1711
 7000/10000 [====================>.........] - ETA: 1s - loss: 2.2129 - accuracy: 0.1753
 7500/10000 [=====================>........] - ETA: 1s - loss: 2.2104 - accuracy: 0.1753
 8000/10000 [=======================>......] - ETA: 1s - loss: 2.2037 - accuracy: 0.1794
 8500/10000 [========================>.....] - ETA: 0s - loss: 2.2147 - accuracy: 0.1761
 9000/10000 [==========================>...] - ETA: 0s - loss: 2.2051 - accuracy: 0.1818
 9500/10000 [===========================>..] - ETA: 0s - loss: 2.1986 - accuracy: 0.1858
10000/10000 [==============================] - 6s 617us/step - loss: 2.1906 - accuracy: 0.1893 - val_loss: 1.9696 - val_accuracy: 0.3136
Epoch 2/5

  500/10000 [>.............................] - ETA: 5s - loss: 1.9390 - accuracy: 0.3140
 1000/10000 [==>...........................] - ETA: 5s - loss: 1.9615 - accuracy: 0.2930
 1500/10000 [===>..........................] - ETA: 5s - loss: 1.9936 - accuracy: 0.2780
 2000/10000 [=====>........................] - ETA: 4s - loss: 2.0038 - accuracy: 0.2795
 2500/10000 [======>.......................] - ETA: 4s - loss: 1.9952 - accuracy: 0.2872
 3000/10000 [========>.....................] - ETA: 4s - loss: 2.0356 - accuracy: 0.2910
 3500/10000 [=========>....................] - ETA: 3s - loss: 2.0515 - accuracy: 0.2917
 4000/10000 [===========>..................] - ETA: 3s - loss: 2.0269 - accuracy: 0.2985
 4500/10000 [============>.................] - ETA: 3s - loss: 2.0368 - accuracy: 0.2980
 5000/10000 [==============>...............] - ETA: 2s - loss: 2.0310 - accuracy: 0.2962
 5500/10000 [===============>..............] - ETA: 2s - loss: 2.0398 - accuracy: 0.2991
 6000/10000 [=================>............] - ETA: 2s - loss: 2.0356 - accuracy: 0.3013
 6500/10000 [==================>...........] - ETA: 2s - loss: 2.0348 - accuracy: 0.3055
 7000/10000 [====================>.........] - ETA: 1s - loss: 2.0209 - accuracy: 0.3107
 7500/10000 [=====================>........] - ETA: 1s - loss: 2.0161 - accuracy: 0.3176
 8000/10000 [=======================>......] - ETA: 1s - loss: 2.0062 - accuracy: 0.3229
 8500/10000 [========================>.....] - ETA: 0s - loss: 1.9896 - accuracy: 0.3311
 9000/10000 [==========================>...] - ETA: 0s - loss: 1.9716 - accuracy: 0.3333
 9500/10000 [===========================>..] - ETA: 0s - loss: 1.9716 - accuracy: 0.3301
10000/10000 [==============================] - 6s 604us/step - loss: 1.9653 - accuracy: 0.3306 - val_loss: 1.7732 - val_accuracy: 0.3776
Epoch 3/5

  500/10000 [>.............................] - ETA: 5s - loss: 1.7099 - accuracy: 0.4220
 1000/10000 [==>...........................] - ETA: 5s - loss: 1.6778 - accuracy: 0.4350
 1500/10000 [===>..........................] - ETA: 5s - loss: 1.6434 - accuracy: 0.4347
 2000/10000 [=====>........................] - ETA: 4s - loss: 1.6328 - accuracy: 0.4445
 2500/10000 [======>.......................] - ETA: 4s - loss: 1.6477 - accuracy: 0.4420
 3000/10000 [========>.....................] - ETA: 4s - loss: 1.6096 - accuracy: 0.4543
 3500/10000 [=========>....................] - ETA: 3s - loss: 1.5895 - accuracy: 0.4674
 4000/10000 [===========>..................] - ETA: 3s - loss: 1.5864 - accuracy: 0.4665
 4500/10000 [============>.................] - ETA: 3s - loss: 1.6123 - accuracy: 0.4627
 5000/10000 [==============>...............] - ETA: 2s - loss: 1.6256 - accuracy: 0.4598
 5500/10000 [===============>..............] - ETA: 2s - loss: 1.6168 - accuracy: 0.4624
 6000/10000 [=================>............] - ETA: 2s - loss: 1.6215 - accuracy: 0.4617
 6500/10000 [==================>...........] - ETA: 2s - loss: 1.6329 - accuracy: 0.4605
 7000/10000 [====================>.........] - ETA: 1s - loss: 1.6281 - accuracy: 0.4640
 7500/10000 [=====================>........] - ETA: 1s - loss: 1.6323 - accuracy: 0.4635
 8000/10000 [=======================>......] - ETA: 1s - loss: 1.6190 - accuracy: 0.4686
 8500/10000 [========================>.....] - ETA: 0s - loss: 1.6060 - accuracy: 0.4719
 9000/10000 [==========================>...] - ETA: 0s - loss: 1.6066 - accuracy: 0.4739
 9500/10000 [===========================>..] - ETA: 0s - loss: 1.5896 - accuracy: 0.4803
10000/10000 [==============================] - 6s 603us/step - loss: 1.5794 - accuracy: 0.4840 - val_loss: 1.3127 - val_accuracy: 0.5620
Epoch 4/5

  500/10000 [>.............................] - ETA: 5s - loss: 1.2948 - accuracy: 0.6000
 1000/10000 [==>...........................] - ETA: 5s - loss: 1.2800 - accuracy: 0.5760
 1500/10000 [===>..........................] - ETA: 5s - loss: 1.2289 - accuracy: 0.5967
 2000/10000 [=====>........................] - ETA: 4s - loss: 1.2721 - accuracy: 0.5775
 2500/10000 [======>.......................] - ETA: 4s - loss: 1.3342 - accuracy: 0.5576
 3000/10000 [========>.....................] - ETA: 4s - loss: 1.3740 - accuracy: 0.5513
 3500/10000 [=========>....................] - ETA: 3s - loss: 1.3951 - accuracy: 0.5517
 4000/10000 [===========>..................] - ETA: 3s - loss: 1.3805 - accuracy: 0.5585
 4500/10000 [============>.................] - ETA: 3s - loss: 1.3714 - accuracy: 0.5591
 5000/10000 [==============>...............] - ETA: 2s - loss: 1.3585 - accuracy: 0.5642
 5500/10000 [===============>..............] - ETA: 2s - loss: 1.3676 - accuracy: 0.5647
 6000/10000 [=================>............] - ETA: 2s - loss: 1.3582 - accuracy: 0.5697
 6500/10000 [==================>...........] - ETA: 2s - loss: 1.3439 - accuracy: 0.5712
 7000/10000 [====================>.........] - ETA: 1s - loss: 1.3257 - accuracy: 0.5760
 7500/10000 [=====================>........] - ETA: 1s - loss: 1.3267 - accuracy: 0.5771
 8000/10000 [=======================>......] - ETA: 1s - loss: 1.3342 - accuracy: 0.5751
 8500/10000 [========================>.....] - ETA: 0s - loss: 1.3451 - accuracy: 0.5720
 9000/10000 [==========================>...] - ETA: 0s - loss: 1.3417 - accuracy: 0.5729
 9500/10000 [===========================>..] - ETA: 0s - loss: 1.3640 - accuracy: 0.5680
10000/10000 [==============================] - 6s 600us/step - loss: 1.3686 - accuracy: 0.5684 - val_loss: 1.3269 - val_accuracy: 0.5744
Epoch 5/5

  500/10000 [>.............................] - ETA: 5s - loss: 1.1600 - accuracy: 0.6260
 1000/10000 [==>...........................] - ETA: 5s - loss: 1.2033 - accuracy: 0.6130
 1500/10000 [===>..........................] - ETA: 5s - loss: 1.2402 - accuracy: 0.5993
 2000/10000 [=====>........................] - ETA: 4s - loss: 1.3109 - accuracy: 0.5950
 2500/10000 [======>.......................] - ETA: 4s - loss: 1.2770 - accuracy: 0.6012
 3000/10000 [========>.....................] - ETA: 4s - loss: 1.3139 - accuracy: 0.5937
 3500/10000 [=========>....................] - ETA: 3s - loss: 1.3248 - accuracy: 0.5894
 4000/10000 [===========>..................] - ETA: 3s - loss: 1.3298 - accuracy: 0.5860
 4500/10000 [============>.................] - ETA: 3s - loss: 1.3216 - accuracy: 0.5871
 5000/10000 [==============>...............] - ETA: 2s - loss: 1.3125 - accuracy: 0.5912
 5500/10000 [===============>..............] - ETA: 2s - loss: 1.3182 - accuracy: 0.5905
 6000/10000 [=================>............] - ETA: 2s - loss: 1.3105 - accuracy: 0.5930
 6500/10000 [==================>...........] - ETA: 2s - loss: 1.3101 - accuracy: 0.5935
 7000/10000 [====================>.........] - ETA: 1s - loss: 1.3085 - accuracy: 0.5951
 7500/10000 [=====================>........] - ETA: 1s - loss: 1.3163 - accuracy: 0.5960
 8000/10000 [=======================>......] - ETA: 1s - loss: 1.3194 - accuracy: 0.5969
 8500/10000 [========================>.....] - ETA: 0s - loss: 1.3416 - accuracy: 0.5952
 9000/10000 [==========================>...] - ETA: 0s - loss: 1.3398 - accuracy: 0.5970
 9500/10000 [===========================>..] - ETA: 0s - loss: 1.3509 - accuracy: 0.5959
10000/10000 [==============================] - 6s 599us/step - loss: 1.3360 - accuracy: 0.5999 - val_loss: 1.3998 - val_accuracy: 0.5944
Latency --- 30.866215705871582 seconds ---
For delta=0.000100, the current epsilon is: 2.0042
=====================Iteration========================== 9
For delta=0.000100, the current epsilon is: 2.0042
Noise Mutiplier 1.49
loss= <keras.losses.CategoricalCrossentropy object at 0x7fb639074fd0>
in grads Tensor("loss_8/mul:0", shape=(?,), dtype=float32)
Train on 10000 samples, validate on 2500 samples
Epoch 1/5

  500/10000 [>.............................] - ETA: 7s - loss: 2.3061 - accuracy: 0.0980
 1000/10000 [==>...........................] - ETA: 6s - loss: 2.2956 - accuracy: 0.1140
 1500/10000 [===>..........................] - ETA: 5s - loss: 2.2889 - accuracy: 0.1233
 2000/10000 [=====>........................] - ETA: 5s - loss: 2.2826 - accuracy: 0.1350
 2500/10000 [======>.......................] - ETA: 4s - loss: 2.2664 - accuracy: 0.1492
 3000/10000 [========>.....................] - ETA: 4s - loss: 2.2566 - accuracy: 0.1613
 3500/10000 [=========>....................] - ETA: 4s - loss: 2.2472 - accuracy: 0.1674
 4000/10000 [===========>..................] - ETA: 3s - loss: 2.2422 - accuracy: 0.1647
 4500/10000 [============>.................] - ETA: 3s - loss: 2.2279 - accuracy: 0.1816
 5000/10000 [==============>...............] - ETA: 3s - loss: 2.2132 - accuracy: 0.1978
 5500/10000 [===============>..............] - ETA: 2s - loss: 2.2098 - accuracy: 0.1985
 6000/10000 [=================>............] - ETA: 2s - loss: 2.2066 - accuracy: 0.1943
 6500/10000 [==================>...........] - ETA: 2s - loss: 2.1942 - accuracy: 0.2017
 7000/10000 [====================>.........] - ETA: 1s - loss: 2.1830 - accuracy: 0.2091
 7500/10000 [=====================>........] - ETA: 1s - loss: 2.1767 - accuracy: 0.2123
 8000/10000 [=======================>......] - ETA: 1s - loss: 2.1762 - accuracy: 0.2131
 8500/10000 [========================>.....] - ETA: 0s - loss: 2.1769 - accuracy: 0.2134
 9000/10000 [==========================>...] - ETA: 0s - loss: 2.1757 - accuracy: 0.2174
 9500/10000 [===========================>..] - ETA: 0s - loss: 2.1699 - accuracy: 0.2209
10000/10000 [==============================] - 6s 620us/step - loss: 2.1573 - accuracy: 0.2278 - val_loss: 2.0824 - val_accuracy: 0.2756
Epoch 2/5

  500/10000 [>.............................] - ETA: 5s - loss: 2.0118 - accuracy: 0.3320
 1000/10000 [==>...........................] - ETA: 5s - loss: 2.0293 - accuracy: 0.3310
 1500/10000 [===>..........................] - ETA: 5s - loss: 2.0947 - accuracy: 0.3020
 2000/10000 [=====>........................] - ETA: 4s - loss: 2.0270 - accuracy: 0.3235
 2500/10000 [======>.......................] - ETA: 4s - loss: 2.0613 - accuracy: 0.3124
 3000/10000 [========>.....................] - ETA: 4s - loss: 2.0603 - accuracy: 0.3170
 3500/10000 [=========>....................] - ETA: 3s - loss: 2.0263 - accuracy: 0.3251
 4000/10000 [===========>..................] - ETA: 3s - loss: 1.9798 - accuracy: 0.3380
 4500/10000 [============>.................] - ETA: 3s - loss: 1.9754 - accuracy: 0.3449
 5000/10000 [==============>...............] - ETA: 2s - loss: 1.9586 - accuracy: 0.3454
 5500/10000 [===============>..............] - ETA: 2s - loss: 1.9625 - accuracy: 0.3429
 6000/10000 [=================>............] - ETA: 2s - loss: 1.9677 - accuracy: 0.3402
 6500/10000 [==================>...........] - ETA: 2s - loss: 1.9643 - accuracy: 0.3358
 7000/10000 [====================>.........] - ETA: 1s - loss: 1.9423 - accuracy: 0.3419
 7500/10000 [=====================>........] - ETA: 1s - loss: 1.9293 - accuracy: 0.3455
 8000/10000 [=======================>......] - ETA: 1s - loss: 1.9368 - accuracy: 0.3467
 8500/10000 [========================>.....] - ETA: 0s - loss: 1.9316 - accuracy: 0.3460
 9000/10000 [==========================>...] - ETA: 0s - loss: 1.9321 - accuracy: 0.3458
 9500/10000 [===========================>..] - ETA: 0s - loss: 1.9275 - accuracy: 0.3471
10000/10000 [==============================] - 6s 603us/step - loss: 1.9356 - accuracy: 0.3417 - val_loss: 1.8150 - val_accuracy: 0.3476
Epoch 3/5

  500/10000 [>.............................] - ETA: 5s - loss: 1.7214 - accuracy: 0.3680
 1000/10000 [==>...........................] - ETA: 5s - loss: 1.7883 - accuracy: 0.3730
 1500/10000 [===>..........................] - ETA: 5s - loss: 1.7993 - accuracy: 0.3693
 2000/10000 [=====>........................] - ETA: 4s - loss: 1.8120 - accuracy: 0.3805
 2500/10000 [======>.......................] - ETA: 4s - loss: 1.8069 - accuracy: 0.3832
 3000/10000 [========>.....................] - ETA: 4s - loss: 1.7951 - accuracy: 0.3963
 3500/10000 [=========>....................] - ETA: 3s - loss: 1.8189 - accuracy: 0.3854
 4000/10000 [===========>..................] - ETA: 3s - loss: 1.8190 - accuracy: 0.3885
 4500/10000 [============>.................] - ETA: 3s - loss: 1.7753 - accuracy: 0.3998
 5000/10000 [==============>...............] - ETA: 2s - loss: 1.7499 - accuracy: 0.4054
 5500/10000 [===============>..............] - ETA: 2s - loss: 1.7371 - accuracy: 0.4075
 6000/10000 [=================>............] - ETA: 2s - loss: 1.7387 - accuracy: 0.4092
 6500/10000 [==================>...........] - ETA: 2s - loss: 1.7577 - accuracy: 0.4069
 7000/10000 [====================>.........] - ETA: 1s - loss: 1.7570 - accuracy: 0.4064
 7500/10000 [=====================>........] - ETA: 1s - loss: 1.7481 - accuracy: 0.4087
 8000/10000 [=======================>......] - ETA: 1s - loss: 1.7428 - accuracy: 0.4100
 8500/10000 [========================>.....] - ETA: 0s - loss: 1.7400 - accuracy: 0.4085
 9000/10000 [==========================>...] - ETA: 0s - loss: 1.7347 - accuracy: 0.4106
 9500/10000 [===========================>..] - ETA: 0s - loss: 1.7350 - accuracy: 0.4085
10000/10000 [==============================] - 6s 599us/step - loss: 1.7352 - accuracy: 0.4084 - val_loss: 1.7356 - val_accuracy: 0.4332
Epoch 4/5

  500/10000 [>.............................] - ETA: 5s - loss: 1.4933 - accuracy: 0.4960
 1000/10000 [==>...........................] - ETA: 5s - loss: 1.4519 - accuracy: 0.5010
 1500/10000 [===>..........................] - ETA: 5s - loss: 1.4621 - accuracy: 0.4993
 2000/10000 [=====>........................] - ETA: 4s - loss: 1.4034 - accuracy: 0.5115
 2500/10000 [======>.......................] - ETA: 4s - loss: 1.3712 - accuracy: 0.5232
 3000/10000 [========>.....................] - ETA: 4s - loss: 1.3887 - accuracy: 0.5143
 3500/10000 [=========>....................] - ETA: 3s - loss: 1.4152 - accuracy: 0.5123
 4000/10000 [===========>..................] - ETA: 3s - loss: 1.4337 - accuracy: 0.5075
 4500/10000 [============>.................] - ETA: 3s - loss: 1.4599 - accuracy: 0.5102
 5000/10000 [==============>...............] - ETA: 2s - loss: 1.4410 - accuracy: 0.5148
 5500/10000 [===============>..............] - ETA: 2s - loss: 1.4510 - accuracy: 0.5131
 6000/10000 [=================>............] - ETA: 2s - loss: 1.4443 - accuracy: 0.5185
 6500/10000 [==================>...........] - ETA: 2s - loss: 1.4253 - accuracy: 0.5242
 7000/10000 [====================>.........] - ETA: 1s - loss: 1.4177 - accuracy: 0.5263
 7500/10000 [=====================>........] - ETA: 1s - loss: 1.4145 - accuracy: 0.5280
 8000/10000 [=======================>......] - ETA: 1s - loss: 1.4153 - accuracy: 0.5255
 8500/10000 [========================>.....] - ETA: 0s - loss: 1.4098 - accuracy: 0.5274
 9000/10000 [==========================>...] - ETA: 0s - loss: 1.4116 - accuracy: 0.5259
 9500/10000 [===========================>..] - ETA: 0s - loss: 1.4118 - accuracy: 0.5275
10000/10000 [==============================] - 6s 601us/step - loss: 1.4109 - accuracy: 0.5268 - val_loss: 1.6820 - val_accuracy: 0.4880
Epoch 5/5

  500/10000 [>.............................] - ETA: 5s - loss: 1.6375 - accuracy: 0.4820
 1000/10000 [==>...........................] - ETA: 5s - loss: 1.8556 - accuracy: 0.4380
 1500/10000 [===>..........................] - ETA: 5s - loss: 1.6720 - accuracy: 0.4747
 2000/10000 [=====>........................] - ETA: 4s - loss: 1.5933 - accuracy: 0.4895
 2500/10000 [======>.......................] - ETA: 4s - loss: 1.5807 - accuracy: 0.4980
 3000/10000 [========>.....................] - ETA: 4s - loss: 1.5869 - accuracy: 0.4930
 3500/10000 [=========>....................] - ETA: 3s - loss: 1.5840 - accuracy: 0.4966
 4000/10000 [===========>..................] - ETA: 3s - loss: 1.5602 - accuracy: 0.5030
 4500/10000 [============>.................] - ETA: 3s - loss: 1.5200 - accuracy: 0.5129
 5000/10000 [==============>...............] - ETA: 2s - loss: 1.5322 - accuracy: 0.5108
 5500/10000 [===============>..............] - ETA: 2s - loss: 1.5311 - accuracy: 0.5138
 6000/10000 [=================>............] - ETA: 2s - loss: 1.5231 - accuracy: 0.5150
 6500/10000 [==================>...........] - ETA: 2s - loss: 1.5149 - accuracy: 0.5148
 7000/10000 [====================>.........] - ETA: 1s - loss: 1.5073 - accuracy: 0.5157
 7500/10000 [=====================>........] - ETA: 1s - loss: 1.4942 - accuracy: 0.5201
 8000/10000 [=======================>......] - ETA: 1s - loss: 1.4915 - accuracy: 0.5221
 8500/10000 [========================>.....] - ETA: 0s - loss: 1.4886 - accuracy: 0.5235
 9000/10000 [==========================>...] - ETA: 0s - loss: 1.4854 - accuracy: 0.5231
 9500/10000 [===========================>..] - ETA: 0s - loss: 1.5001 - accuracy: 0.5205
10000/10000 [==============================] - 6s 596us/step - loss: 1.4866 - accuracy: 0.5236 - val_loss: 1.4324 - val_accuracy: 0.5232
Latency --- 30.860894441604614 seconds ---
For delta=0.000100, the current epsilon is: 2.0042
=====================Iteration========================== 10
For delta=0.000100, the current epsilon is: 2.0042
Noise Mutiplier 1.49
loss= <keras.losses.CategoricalCrossentropy object at 0x7fb638f4a940>
in grads Tensor("loss_9/mul:0", shape=(?,), dtype=float32)
Train on 10000 samples, validate on 2500 samples
Epoch 1/5

  500/10000 [>.............................] - ETA: 7s - loss: 2.2919 - accuracy: 0.1320
 1000/10000 [==>...........................] - ETA: 6s - loss: 2.2914 - accuracy: 0.1180
 1500/10000 [===>..........................] - ETA: 5s - loss: 2.2858 - accuracy: 0.1193
 2000/10000 [=====>........................] - ETA: 5s - loss: 2.2754 - accuracy: 0.1400
 2500/10000 [======>.......................] - ETA: 4s - loss: 2.2669 - accuracy: 0.1472
 3000/10000 [========>.....................] - ETA: 4s - loss: 2.2516 - accuracy: 0.1797
 3500/10000 [=========>....................] - ETA: 4s - loss: 2.2388 - accuracy: 0.1974
 4000/10000 [===========>..................] - ETA: 3s - loss: 2.2263 - accuracy: 0.2075
 4500/10000 [============>.................] - ETA: 3s - loss: 2.2147 - accuracy: 0.2091
 5000/10000 [==============>...............] - ETA: 3s - loss: 2.1977 - accuracy: 0.2220
 5500/10000 [===============>..............] - ETA: 2s - loss: 2.1841 - accuracy: 0.2347
 6000/10000 [=================>............] - ETA: 2s - loss: 2.1809 - accuracy: 0.2395
 6500/10000 [==================>...........] - ETA: 2s - loss: 2.1743 - accuracy: 0.2415
 7000/10000 [====================>.........] - ETA: 1s - loss: 2.1682 - accuracy: 0.2443
 7500/10000 [=====================>........] - ETA: 1s - loss: 2.1635 - accuracy: 0.2463
 8000/10000 [=======================>......] - ETA: 1s - loss: 2.1512 - accuracy: 0.2549
 8500/10000 [========================>.....] - ETA: 0s - loss: 2.1349 - accuracy: 0.2613
 9000/10000 [==========================>...] - ETA: 0s - loss: 2.1204 - accuracy: 0.2664
 9500/10000 [===========================>..] - ETA: 0s - loss: 2.1096 - accuracy: 0.2733
10000/10000 [==============================] - 6s 611us/step - loss: 2.0982 - accuracy: 0.2745 - val_loss: 1.7524 - val_accuracy: 0.4476
Epoch 2/5

  500/10000 [>.............................] - ETA: 5s - loss: 1.7369 - accuracy: 0.4340
 1000/10000 [==>...........................] - ETA: 5s - loss: 1.7844 - accuracy: 0.3960
 1500/10000 [===>..........................] - ETA: 5s - loss: 1.8260 - accuracy: 0.3947
 2000/10000 [=====>........................] - ETA: 4s - loss: 1.8629 - accuracy: 0.3825
 2500/10000 [======>.......................] - ETA: 4s - loss: 1.8299 - accuracy: 0.3916
 3000/10000 [========>.....................] - ETA: 4s - loss: 1.8344 - accuracy: 0.3863
 3500/10000 [=========>....................] - ETA: 3s - loss: 1.8024 - accuracy: 0.3951
 4000/10000 [===========>..................] - ETA: 3s - loss: 1.7777 - accuracy: 0.4047
 4500/10000 [============>.................] - ETA: 3s - loss: 1.7536 - accuracy: 0.4091
 5000/10000 [==============>...............] - ETA: 2s - loss: 1.7273 - accuracy: 0.4154
 5500/10000 [===============>..............] - ETA: 2s - loss: 1.7115 - accuracy: 0.4175
 6000/10000 [=================>............] - ETA: 2s - loss: 1.7097 - accuracy: 0.4168
 6500/10000 [==================>...........] - ETA: 2s - loss: 1.7077 - accuracy: 0.4214
 7000/10000 [====================>.........] - ETA: 1s - loss: 1.6973 - accuracy: 0.4229
 7500/10000 [=====================>........] - ETA: 1s - loss: 1.6955 - accuracy: 0.4221
 8000/10000 [=======================>......] - ETA: 1s - loss: 1.6902 - accuracy: 0.4241
 8500/10000 [========================>.....] - ETA: 0s - loss: 1.6856 - accuracy: 0.4253
 9000/10000 [==========================>...] - ETA: 0s - loss: 1.6780 - accuracy: 0.4286
 9500/10000 [===========================>..] - ETA: 0s - loss: 1.6662 - accuracy: 0.4332
10000/10000 [==============================] - 6s 596us/step - loss: 1.6585 - accuracy: 0.4369 - val_loss: 1.6677 - val_accuracy: 0.3888
Epoch 3/5

  500/10000 [>.............................] - ETA: 5s - loss: 1.6379 - accuracy: 0.3980
 1000/10000 [==>...........................] - ETA: 5s - loss: 1.5280 - accuracy: 0.4570
 1500/10000 [===>..........................] - ETA: 5s - loss: 1.5329 - accuracy: 0.4700
 2000/10000 [=====>........................] - ETA: 4s - loss: 1.5611 - accuracy: 0.4650
 2500/10000 [======>.......................] - ETA: 4s - loss: 1.5558 - accuracy: 0.4728
 3000/10000 [========>.....................] - ETA: 4s - loss: 1.5706 - accuracy: 0.4710
 3500/10000 [=========>....................] - ETA: 3s - loss: 1.5711 - accuracy: 0.4723
 4000/10000 [===========>..................] - ETA: 3s - loss: 1.5698 - accuracy: 0.4775
 4500/10000 [============>.................] - ETA: 3s - loss: 1.5863 - accuracy: 0.4753
 5000/10000 [==============>...............] - ETA: 2s - loss: 1.5814 - accuracy: 0.4778
 5500/10000 [===============>..............] - ETA: 2s - loss: 1.5730 - accuracy: 0.4809
 6000/10000 [=================>............] - ETA: 2s - loss: 1.5962 - accuracy: 0.4807
 6500/10000 [==================>...........] - ETA: 2s - loss: 1.5758 - accuracy: 0.4855
 7000/10000 [====================>.........] - ETA: 1s - loss: 1.5667 - accuracy: 0.4883
 7500/10000 [=====================>........] - ETA: 1s - loss: 1.5727 - accuracy: 0.4885
 8000/10000 [=======================>......] - ETA: 1s - loss: 1.5702 - accuracy: 0.4896
 8500/10000 [========================>.....] - ETA: 0s - loss: 1.5645 - accuracy: 0.4893
 9000/10000 [==========================>...] - ETA: 0s - loss: 1.5576 - accuracy: 0.4929
 9500/10000 [===========================>..] - ETA: 0s - loss: 1.5621 - accuracy: 0.4940
10000/10000 [==============================] - 6s 594us/step - loss: 1.5457 - accuracy: 0.4992 - val_loss: 1.2667 - val_accuracy: 0.5748
Epoch 4/5

  500/10000 [>.............................] - ETA: 5s - loss: 1.1174 - accuracy: 0.6120
 1000/10000 [==>...........................] - ETA: 5s - loss: 1.1988 - accuracy: 0.5880
 1500/10000 [===>..........................] - ETA: 4s - loss: 1.2165 - accuracy: 0.5953
 2000/10000 [=====>........................] - ETA: 4s - loss: 1.2269 - accuracy: 0.5990
 2500/10000 [======>.......................] - ETA: 4s - loss: 1.2128 - accuracy: 0.6052
 3000/10000 [========>.....................] - ETA: 4s - loss: 1.1954 - accuracy: 0.6103
 3500/10000 [=========>....................] - ETA: 3s - loss: 1.1832 - accuracy: 0.6106
 4000/10000 [===========>..................] - ETA: 3s - loss: 1.1905 - accuracy: 0.6112
 4500/10000 [============>.................] - ETA: 3s - loss: 1.1841 - accuracy: 0.6129
 5000/10000 [==============>...............] - ETA: 2s - loss: 1.1796 - accuracy: 0.6142
 5500/10000 [===============>..............] - ETA: 2s - loss: 1.1830 - accuracy: 0.6113
 6000/10000 [=================>............] - ETA: 2s - loss: 1.1870 - accuracy: 0.6090
 6500/10000 [==================>...........] - ETA: 2s - loss: 1.1941 - accuracy: 0.6075
 7000/10000 [====================>.........] - ETA: 1s - loss: 1.1895 - accuracy: 0.6081
 7500/10000 [=====================>........] - ETA: 1s - loss: 1.1725 - accuracy: 0.6147
 8000/10000 [=======================>......] - ETA: 1s - loss: 1.1544 - accuracy: 0.6210
 8500/10000 [========================>.....] - ETA: 0s - loss: 1.1432 - accuracy: 0.6255
 9000/10000 [==========================>...] - ETA: 0s - loss: 1.1272 - accuracy: 0.6318
 9500/10000 [===========================>..] - ETA: 0s - loss: 1.1262 - accuracy: 0.6339
10000/10000 [==============================] - 6s 593us/step - loss: 1.1222 - accuracy: 0.6358 - val_loss: 1.1516 - val_accuracy: 0.6520
Epoch 5/5

  500/10000 [>.............................] - ETA: 5s - loss: 1.0408 - accuracy: 0.6860
 1000/10000 [==>...........................] - ETA: 5s - loss: 1.0298 - accuracy: 0.6850
 1500/10000 [===>..........................] - ETA: 4s - loss: 1.0104 - accuracy: 0.6827
 2000/10000 [=====>........................] - ETA: 4s - loss: 1.0510 - accuracy: 0.6615
 2500/10000 [======>.......................] - ETA: 4s - loss: 1.0814 - accuracy: 0.6576
 3000/10000 [========>.....................] - ETA: 4s - loss: 1.0676 - accuracy: 0.6577
 3500/10000 [=========>....................] - ETA: 3s - loss: 1.0758 - accuracy: 0.6540
 4000/10000 [===========>..................] - ETA: 3s - loss: 1.0614 - accuracy: 0.6615
 4500/10000 [============>.................] - ETA: 3s - loss: 1.0510 - accuracy: 0.6642
 5000/10000 [==============>...............] - ETA: 2s - loss: 1.0841 - accuracy: 0.6614
 5500/10000 [===============>..............] - ETA: 2s - loss: 1.1058 - accuracy: 0.6558
 6000/10000 [=================>............] - ETA: 2s - loss: 1.1078 - accuracy: 0.6553
 6500/10000 [==================>...........] - ETA: 2s - loss: 1.1193 - accuracy: 0.6562
 7000/10000 [====================>.........] - ETA: 1s - loss: 1.1067 - accuracy: 0.6570
 7500/10000 [=====================>........] - ETA: 1s - loss: 1.1284 - accuracy: 0.6552
 8000/10000 [=======================>......] - ETA: 1s - loss: 1.1311 - accuracy: 0.6557
 8500/10000 [========================>.....] - ETA: 0s - loss: 1.1214 - accuracy: 0.6581
 9000/10000 [==========================>...] - ETA: 0s - loss: 1.1117 - accuracy: 0.6596
 9500/10000 [===========================>..] - ETA: 0s - loss: 1.1072 - accuracy: 0.6613
10000/10000 [==============================] - 6s 591us/step - loss: 1.1065 - accuracy: 0.6599 - val_loss: 1.2110 - val_accuracy: 0.6304
Latency --- 30.566978931427002 seconds ---
For delta=0.000100, the current epsilon is: 2.0042
Saving model with new accuracy, previous accuracy was 0.6516000032424927 and present is 0.6599000096321106
Saved model to disk
