We are using Tensorflow version 1.15.2
Keras API version: 2.3.1
=====================Iteration========================== 1
For delta=0.000100, the current epsilon is: 1.0774
Noise Mutiplier 2.35
loss= <keras.losses.CategoricalCrossentropy object at 0x7f7842da4160>
in grads Tensor("loss/mul:0", shape=(?,), dtype=float32)
Train on 10000 samples, validate on 2500 samples
Epoch 1/5

  500/10000 [>.............................] - ETA: 7s - loss: 2.3148 - accuracy: 0.0780
 1000/10000 [==>...........................] - ETA: 6s - loss: 2.3100 - accuracy: 0.0820
 1500/10000 [===>..........................] - ETA: 5s - loss: 2.3074 - accuracy: 0.0947
 2000/10000 [=====>........................] - ETA: 5s - loss: 2.3161 - accuracy: 0.0995
 2500/10000 [======>.......................] - ETA: 4s - loss: 2.3109 - accuracy: 0.0980
 3000/10000 [========>.....................] - ETA: 4s - loss: 2.2949 - accuracy: 0.1113
 3500/10000 [=========>....................] - ETA: 4s - loss: 2.2849 - accuracy: 0.1246
 4000/10000 [===========>..................] - ETA: 3s - loss: 2.2823 - accuracy: 0.1363
 4500/10000 [============>.................] - ETA: 3s - loss: 2.2704 - accuracy: 0.1376
 5000/10000 [==============>...............] - ETA: 3s - loss: 2.2604 - accuracy: 0.1416
 5500/10000 [===============>..............] - ETA: 2s - loss: 2.2473 - accuracy: 0.1489
 6000/10000 [=================>............] - ETA: 2s - loss: 2.2316 - accuracy: 0.1610
 6500/10000 [==================>...........] - ETA: 2s - loss: 2.2112 - accuracy: 0.1732
 7000/10000 [====================>.........] - ETA: 1s - loss: 2.1944 - accuracy: 0.1829
 7500/10000 [=====================>........] - ETA: 1s - loss: 2.2110 - accuracy: 0.1827
 8000/10000 [=======================>......] - ETA: 1s - loss: 2.2132 - accuracy: 0.1861
 8500/10000 [========================>.....] - ETA: 0s - loss: 2.2332 - accuracy: 0.1829
 9000/10000 [==========================>...] - ETA: 0s - loss: 2.2346 - accuracy: 0.1854
 9500/10000 [===========================>..] - ETA: 0s - loss: 2.2265 - accuracy: 0.1901
10000/10000 [==============================] - 6s 612us/step - loss: 2.2171 - accuracy: 0.1940 - val_loss: 2.1704 - val_accuracy: 0.2120
Epoch 2/5

  500/10000 [>.............................] - ETA: 5s - loss: 2.1309 - accuracy: 0.2160
 1000/10000 [==>...........................] - ETA: 5s - loss: 2.0734 - accuracy: 0.2370
 1500/10000 [===>..........................] - ETA: 5s - loss: 2.1087 - accuracy: 0.2547
 2000/10000 [=====>........................] - ETA: 4s - loss: 2.0526 - accuracy: 0.2820
 2500/10000 [======>.......................] - ETA: 4s - loss: 2.0194 - accuracy: 0.3016
 3000/10000 [========>.....................] - ETA: 4s - loss: 2.0524 - accuracy: 0.2973
 3500/10000 [=========>....................] - ETA: 3s - loss: 2.0879 - accuracy: 0.2914
 4000/10000 [===========>..................] - ETA: 3s - loss: 2.0807 - accuracy: 0.2920
 4500/10000 [============>.................] - ETA: 3s - loss: 2.0992 - accuracy: 0.2864
 5000/10000 [==============>...............] - ETA: 2s - loss: 2.1471 - accuracy: 0.2786
 5500/10000 [===============>..............] - ETA: 2s - loss: 2.1495 - accuracy: 0.2769
 6000/10000 [=================>............] - ETA: 2s - loss: 2.1352 - accuracy: 0.2807
 6500/10000 [==================>...........] - ETA: 2s - loss: 2.1304 - accuracy: 0.2811
 7000/10000 [====================>.........] - ETA: 1s - loss: 2.1185 - accuracy: 0.2846
 7500/10000 [=====================>........] - ETA: 1s - loss: 2.1041 - accuracy: 0.2872
 8000/10000 [=======================>......] - ETA: 1s - loss: 2.1043 - accuracy: 0.2956
 8500/10000 [========================>.....] - ETA: 0s - loss: 2.1039 - accuracy: 0.2973
 9000/10000 [==========================>...] - ETA: 0s - loss: 2.1085 - accuracy: 0.3003
 9500/10000 [===========================>..] - ETA: 0s - loss: 2.1217 - accuracy: 0.3024
10000/10000 [==============================] - 6s 601us/step - loss: 2.1314 - accuracy: 0.3016 - val_loss: 2.1332 - val_accuracy: 0.2684
Epoch 3/5

  500/10000 [>.............................] - ETA: 5s - loss: 2.0330 - accuracy: 0.2940
 1000/10000 [==>...........................] - ETA: 5s - loss: 2.0048 - accuracy: 0.3330
 1500/10000 [===>..........................] - ETA: 5s - loss: 2.0163 - accuracy: 0.3407
 2000/10000 [=====>........................] - ETA: 4s - loss: 2.0468 - accuracy: 0.3405
 2500/10000 [======>.......................] - ETA: 4s - loss: 2.0521 - accuracy: 0.3408
 3000/10000 [========>.....................] - ETA: 4s - loss: 2.0408 - accuracy: 0.3487
 3500/10000 [=========>....................] - ETA: 3s - loss: 2.1044 - accuracy: 0.3409
 4000/10000 [===========>..................] - ETA: 3s - loss: 2.0827 - accuracy: 0.3475
 4500/10000 [============>.................] - ETA: 3s - loss: 2.0558 - accuracy: 0.3551
 5000/10000 [==============>...............] - ETA: 2s - loss: 2.0489 - accuracy: 0.3588
 5500/10000 [===============>..............] - ETA: 2s - loss: 2.0564 - accuracy: 0.3605
 6000/10000 [=================>............] - ETA: 2s - loss: 2.0663 - accuracy: 0.3608
 6500/10000 [==================>...........] - ETA: 2s - loss: 2.0860 - accuracy: 0.3615
 7000/10000 [====================>.........] - ETA: 1s - loss: 2.0749 - accuracy: 0.3690
 7500/10000 [=====================>........] - ETA: 1s - loss: 2.0790 - accuracy: 0.3688
 8000/10000 [=======================>......] - ETA: 1s - loss: 2.1143 - accuracy: 0.3634
 8500/10000 [========================>.....] - ETA: 0s - loss: 2.1216 - accuracy: 0.3615
 9000/10000 [==========================>...] - ETA: 0s - loss: 2.1310 - accuracy: 0.3604
 9500/10000 [===========================>..] - ETA: 0s - loss: 2.1382 - accuracy: 0.3619
10000/10000 [==============================] - 6s 596us/step - loss: 2.1309 - accuracy: 0.3625 - val_loss: 2.1993 - val_accuracy: 0.3664
Epoch 4/5

  500/10000 [>.............................] - ETA: 5s - loss: 2.0178 - accuracy: 0.4340
 1000/10000 [==>...........................] - ETA: 5s - loss: 1.9646 - accuracy: 0.4240
 1500/10000 [===>..........................] - ETA: 4s - loss: 1.9728 - accuracy: 0.4240
 2000/10000 [=====>........................] - ETA: 4s - loss: 2.0291 - accuracy: 0.4060
 2500/10000 [======>.......................] - ETA: 4s - loss: 2.1191 - accuracy: 0.4036
 3000/10000 [========>.....................] - ETA: 4s - loss: 2.1391 - accuracy: 0.4050
 3500/10000 [=========>....................] - ETA: 3s - loss: 2.1878 - accuracy: 0.4043
 4000/10000 [===========>..................] - ETA: 3s - loss: 2.2350 - accuracy: 0.3960
 4500/10000 [============>.................] - ETA: 3s - loss: 2.2834 - accuracy: 0.3896
 5000/10000 [==============>...............] - ETA: 2s - loss: 2.3077 - accuracy: 0.3848
 5500/10000 [===============>..............] - ETA: 2s - loss: 2.3136 - accuracy: 0.3849
 6000/10000 [=================>............] - ETA: 2s - loss: 2.3294 - accuracy: 0.3823
 6500/10000 [==================>...........] - ETA: 2s - loss: 2.3432 - accuracy: 0.3792
 7000/10000 [====================>.........] - ETA: 1s - loss: 2.3384 - accuracy: 0.3799
 7500/10000 [=====================>........] - ETA: 1s - loss: 2.3580 - accuracy: 0.3765
 8000/10000 [=======================>......] - ETA: 1s - loss: 2.3694 - accuracy: 0.3758
 8500/10000 [========================>.....] - ETA: 0s - loss: 2.3828 - accuracy: 0.3732
 9000/10000 [==========================>...] - ETA: 0s - loss: 2.3885 - accuracy: 0.3702
 9500/10000 [===========================>..] - ETA: 0s - loss: 2.3889 - accuracy: 0.3702
10000/10000 [==============================] - 6s 594us/step - loss: 2.3915 - accuracy: 0.3686 - val_loss: 2.8068 - val_accuracy: 0.3256
Epoch 5/5

  500/10000 [>.............................] - ETA: 5s - loss: 2.4185 - accuracy: 0.3360
 1000/10000 [==>...........................] - ETA: 5s - loss: 2.4012 - accuracy: 0.3490
 1500/10000 [===>..........................] - ETA: 5s - loss: 2.4473 - accuracy: 0.3513
 2000/10000 [=====>........................] - ETA: 4s - loss: 2.4122 - accuracy: 0.3550
 2500/10000 [======>.......................] - ETA: 4s - loss: 2.3783 - accuracy: 0.3536
 3000/10000 [========>.....................] - ETA: 4s - loss: 2.3921 - accuracy: 0.3433
 3500/10000 [=========>....................] - ETA: 3s - loss: 2.4151 - accuracy: 0.3363
 4000/10000 [===========>..................] - ETA: 3s - loss: 2.4123 - accuracy: 0.3330
 4500/10000 [============>.................] - ETA: 3s - loss: 2.4302 - accuracy: 0.3247
 5000/10000 [==============>...............] - ETA: 2s - loss: 2.4530 - accuracy: 0.3200
 5500/10000 [===============>..............] - ETA: 2s - loss: 2.4832 - accuracy: 0.3124
 6000/10000 [=================>............] - ETA: 2s - loss: 2.4947 - accuracy: 0.3060
 6500/10000 [==================>...........] - ETA: 2s - loss: 2.5162 - accuracy: 0.2998
 7000/10000 [====================>.........] - ETA: 1s - loss: 2.5164 - accuracy: 0.2984
 7500/10000 [=====================>........] - ETA: 1s - loss: 2.5251 - accuracy: 0.2987
 8000/10000 [=======================>......] - ETA: 1s - loss: 2.5296 - accuracy: 0.2975
 8500/10000 [========================>.....] - ETA: 0s - loss: 2.5278 - accuracy: 0.2954
 9000/10000 [==========================>...] - ETA: 0s - loss: 2.5597 - accuracy: 0.2922
 9500/10000 [===========================>..] - ETA: 0s - loss: 2.5829 - accuracy: 0.2905
10000/10000 [==============================] - 6s 593us/step - loss: 2.5948 - accuracy: 0.2875 - val_loss: 2.8599 - val_accuracy: 0.2856
Latency --- 30.448968648910522 seconds ---
For delta=0.000100, the current epsilon is: 1.0774
Saving model with new accuracy, previous accuracy was 0 and present is 0.2874999940395355
Saved model to disk
=====================Iteration========================== 2
For delta=0.000100, the current epsilon is: 1.0774
Noise Mutiplier 2.35
loss= <keras.losses.CategoricalCrossentropy object at 0x7f783c0f7978>
in grads Tensor("loss_1/mul:0", shape=(?,), dtype=float32)
Train on 10000 samples, validate on 2500 samples
Epoch 1/5

  500/10000 [>.............................] - ETA: 6s - loss: 2.3314 - accuracy: 0.0940
 1000/10000 [==>...........................] - ETA: 5s - loss: 2.3211 - accuracy: 0.1020
 1500/10000 [===>..........................] - ETA: 5s - loss: 2.3274 - accuracy: 0.1080
 2000/10000 [=====>........................] - ETA: 5s - loss: 2.3185 - accuracy: 0.1060
 2500/10000 [======>.......................] - ETA: 4s - loss: 2.3111 - accuracy: 0.1076
 3000/10000 [========>.....................] - ETA: 4s - loss: 2.3072 - accuracy: 0.1213
 3500/10000 [=========>....................] - ETA: 4s - loss: 2.3103 - accuracy: 0.1200
 4000/10000 [===========>..................] - ETA: 3s - loss: 2.3155 - accuracy: 0.1198
 4500/10000 [============>.................] - ETA: 3s - loss: 2.3107 - accuracy: 0.1200
 5000/10000 [==============>...............] - ETA: 3s - loss: 2.3135 - accuracy: 0.1190
 5500/10000 [===============>..............] - ETA: 2s - loss: 2.3067 - accuracy: 0.1220
 6000/10000 [=================>............] - ETA: 2s - loss: 2.2958 - accuracy: 0.1302
 6500/10000 [==================>...........] - ETA: 2s - loss: 2.2972 - accuracy: 0.1288
 7000/10000 [====================>.........] - ETA: 1s - loss: 2.3299 - accuracy: 0.1290
 7500/10000 [=====================>........] - ETA: 1s - loss: 2.3101 - accuracy: 0.1384
 8000/10000 [=======================>......] - ETA: 1s - loss: 2.3119 - accuracy: 0.1431
 8500/10000 [========================>.....] - ETA: 0s - loss: 2.3098 - accuracy: 0.1486
 9000/10000 [==========================>...] - ETA: 0s - loss: 2.3819 - accuracy: 0.1459
 9500/10000 [===========================>..] - ETA: 0s - loss: 2.3785 - accuracy: 0.1483
10000/10000 [==============================] - 6s 610us/step - loss: 2.3647 - accuracy: 0.1546 - val_loss: 2.4037 - val_accuracy: 0.1940
Epoch 2/5

  500/10000 [>.............................] - ETA: 5s - loss: 2.4103 - accuracy: 0.2000
 1000/10000 [==>...........................] - ETA: 5s - loss: 2.5459 - accuracy: 0.1820
 1500/10000 [===>..........................] - ETA: 5s - loss: 2.4727 - accuracy: 0.2087
 2000/10000 [=====>........................] - ETA: 4s - loss: 2.5768 - accuracy: 0.2040
 2500/10000 [======>.......................] - ETA: 4s - loss: 2.7540 - accuracy: 0.1816
 3000/10000 [========>.....................] - ETA: 4s - loss: 2.7063 - accuracy: 0.1860
 3500/10000 [=========>....................] - ETA: 3s - loss: 2.6517 - accuracy: 0.1929
 4000/10000 [===========>..................] - ETA: 3s - loss: 2.6479 - accuracy: 0.1937
 4500/10000 [============>.................] - ETA: 3s - loss: 2.6410 - accuracy: 0.1913
 5000/10000 [==============>...............] - ETA: 2s - loss: 2.6534 - accuracy: 0.1934
 5500/10000 [===============>..............] - ETA: 2s - loss: 2.6520 - accuracy: 0.1955
 6000/10000 [=================>............] - ETA: 2s - loss: 2.6889 - accuracy: 0.1957
 6500/10000 [==================>...........] - ETA: 2s - loss: 2.6963 - accuracy: 0.1929
 7000/10000 [====================>.........] - ETA: 1s - loss: 2.6919 - accuracy: 0.1930
 7500/10000 [=====================>........] - ETA: 1s - loss: 2.6934 - accuracy: 0.1931
 8000/10000 [=======================>......] - ETA: 1s - loss: 2.6859 - accuracy: 0.1910
 8500/10000 [========================>.....] - ETA: 0s - loss: 2.7000 - accuracy: 0.1913
 9000/10000 [==========================>...] - ETA: 0s - loss: 2.7252 - accuracy: 0.1888
 9500/10000 [===========================>..] - ETA: 0s - loss: 2.7493 - accuracy: 0.1873
10000/10000 [==============================] - 6s 598us/step - loss: 2.7348 - accuracy: 0.1857 - val_loss: 2.4026 - val_accuracy: 0.2424
Epoch 3/5

  500/10000 [>.............................] - ETA: 5s - loss: 2.3058 - accuracy: 0.2480
 1000/10000 [==>...........................] - ETA: 5s - loss: 2.4778 - accuracy: 0.2400
 1500/10000 [===>..........................] - ETA: 5s - loss: 2.5525 - accuracy: 0.2333
 2000/10000 [=====>........................] - ETA: 4s - loss: 2.5524 - accuracy: 0.2185
 2500/10000 [======>.......................] - ETA: 4s - loss: 2.5127 - accuracy: 0.2288
 3000/10000 [========>.....................] - ETA: 4s - loss: 2.4783 - accuracy: 0.2260
 3500/10000 [=========>....................] - ETA: 3s - loss: 2.4527 - accuracy: 0.2297
 4000/10000 [===========>..................] - ETA: 3s - loss: 2.4309 - accuracy: 0.2333
 4500/10000 [============>.................] - ETA: 3s - loss: 2.4138 - accuracy: 0.2311
 5000/10000 [==============>...............] - ETA: 2s - loss: 2.3915 - accuracy: 0.2318
 5500/10000 [===============>..............] - ETA: 2s - loss: 2.3575 - accuracy: 0.2400
 6000/10000 [=================>............] - ETA: 2s - loss: 2.3565 - accuracy: 0.2457
 6500/10000 [==================>...........] - ETA: 2s - loss: 2.3636 - accuracy: 0.2463
 7000/10000 [====================>.........] - ETA: 1s - loss: 2.3581 - accuracy: 0.2477
 7500/10000 [=====================>........] - ETA: 1s - loss: 2.3536 - accuracy: 0.2451
 8000/10000 [=======================>......] - ETA: 1s - loss: 2.3585 - accuracy: 0.2453
 8500/10000 [========================>.....] - ETA: 0s - loss: 2.3502 - accuracy: 0.2451
 9000/10000 [==========================>...] - ETA: 0s - loss: 2.3544 - accuracy: 0.2451
 9500/10000 [===========================>..] - ETA: 0s - loss: 2.3527 - accuracy: 0.2434
10000/10000 [==============================] - 6s 595us/step - loss: 2.3816 - accuracy: 0.2420 - val_loss: 2.4518 - val_accuracy: 0.2280
Epoch 4/5

  500/10000 [>.............................] - ETA: 5s - loss: 2.3182 - accuracy: 0.2480
 1000/10000 [==>...........................] - ETA: 5s - loss: 2.4952 - accuracy: 0.2380
 1500/10000 [===>..........................] - ETA: 5s - loss: 2.4425 - accuracy: 0.2253
 2000/10000 [=====>........................] - ETA: 4s - loss: 2.3972 - accuracy: 0.2270
 2500/10000 [======>.......................] - ETA: 4s - loss: 2.3682 - accuracy: 0.2348
 3000/10000 [========>.....................] - ETA: 4s - loss: 2.3513 - accuracy: 0.2297
 3500/10000 [=========>....................] - ETA: 3s - loss: 2.3574 - accuracy: 0.2269
 4000/10000 [===========>..................] - ETA: 3s - loss: 2.3652 - accuracy: 0.2180
 4500/10000 [============>.................] - ETA: 3s - loss: 2.3545 - accuracy: 0.2164
 5000/10000 [==============>...............] - ETA: 2s - loss: 2.3442 - accuracy: 0.2136
 5500/10000 [===============>..............] - ETA: 2s - loss: 2.3350 - accuracy: 0.2087
 6000/10000 [=================>............] - ETA: 2s - loss: 2.3541 - accuracy: 0.2070
 6500/10000 [==================>...........] - ETA: 2s - loss: 2.3550 - accuracy: 0.2005
 7000/10000 [====================>.........] - ETA: 1s - loss: 2.3537 - accuracy: 0.1966
 7500/10000 [=====================>........] - ETA: 1s - loss: 2.3597 - accuracy: 0.1931
 8000/10000 [=======================>......] - ETA: 1s - loss: 2.3590 - accuracy: 0.1911
 8500/10000 [========================>.....] - ETA: 0s - loss: 2.3645 - accuracy: 0.1928
 9000/10000 [==========================>...] - ETA: 0s - loss: 2.3644 - accuracy: 0.1902
 9500/10000 [===========================>..] - ETA: 0s - loss: 2.3599 - accuracy: 0.1886
10000/10000 [==============================] - 6s 596us/step - loss: 2.3614 - accuracy: 0.1877 - val_loss: 2.4006 - val_accuracy: 0.1588
Epoch 5/5

  500/10000 [>.............................] - ETA: 5s - loss: 2.2887 - accuracy: 0.1760
 1000/10000 [==>...........................] - ETA: 5s - loss: 2.3270 - accuracy: 0.1760
 1500/10000 [===>..........................] - ETA: 4s - loss: 2.3236 - accuracy: 0.1887
 2000/10000 [=====>........................] - ETA: 4s - loss: 2.3434 - accuracy: 0.1850
 2500/10000 [======>.......................] - ETA: 4s - loss: 2.3248 - accuracy: 0.1840
 3000/10000 [========>.....................] - ETA: 4s - loss: 2.2947 - accuracy: 0.1960
 3500/10000 [=========>....................] - ETA: 3s - loss: 2.2824 - accuracy: 0.2011
 4000/10000 [===========>..................] - ETA: 3s - loss: 2.3137 - accuracy: 0.2105
 4500/10000 [============>.................] - ETA: 3s - loss: 2.3109 - accuracy: 0.2113
 5000/10000 [==============>...............] - ETA: 2s - loss: 2.3279 - accuracy: 0.2146
 5500/10000 [===============>..............] - ETA: 2s - loss: 2.3293 - accuracy: 0.2067
 6000/10000 [=================>............] - ETA: 2s - loss: 2.3363 - accuracy: 0.2043
 6500/10000 [==================>...........] - ETA: 2s - loss: 2.3495 - accuracy: 0.1969
 7000/10000 [====================>.........] - ETA: 1s - loss: 2.3637 - accuracy: 0.1953
 7500/10000 [=====================>........] - ETA: 1s - loss: 2.3662 - accuracy: 0.1948
 8000/10000 [=======================>......] - ETA: 1s - loss: 2.3617 - accuracy: 0.1961
 8500/10000 [========================>.....] - ETA: 0s - loss: 2.3608 - accuracy: 0.1938
 9000/10000 [==========================>...] - ETA: 0s - loss: 2.3597 - accuracy: 0.1894
 9500/10000 [===========================>..] - ETA: 0s - loss: 2.3697 - accuracy: 0.1916
10000/10000 [==============================] - 6s 594us/step - loss: 2.3698 - accuracy: 0.1901 - val_loss: 2.3626 - val_accuracy: 0.2292
Latency --- 30.39233636856079 seconds ---
For delta=0.000100, the current epsilon is: 1.0774
=====================Iteration========================== 3
For delta=0.000100, the current epsilon is: 1.0774
Noise Mutiplier 2.35
loss= <keras.losses.CategoricalCrossentropy object at 0x7f783f81e470>
in grads Tensor("loss_2/mul:0", shape=(?,), dtype=float32)
Train on 10000 samples, validate on 2500 samples
Epoch 1/5

  500/10000 [>.............................] - ETA: 7s - loss: 2.2918 - accuracy: 0.1180
 1000/10000 [==>...........................] - ETA: 5s - loss: 2.3035 - accuracy: 0.1040
 1500/10000 [===>..........................] - ETA: 5s - loss: 2.3007 - accuracy: 0.1187
 2000/10000 [=====>........................] - ETA: 5s - loss: 2.2980 - accuracy: 0.1185
 2500/10000 [======>.......................] - ETA: 4s - loss: 2.3055 - accuracy: 0.1140
 3000/10000 [========>.....................] - ETA: 4s - loss: 2.3123 - accuracy: 0.1140
 3500/10000 [=========>....................] - ETA: 4s - loss: 2.3128 - accuracy: 0.1151
 4000/10000 [===========>..................] - ETA: 3s - loss: 2.3160 - accuracy: 0.1138
 4500/10000 [============>.................] - ETA: 3s - loss: 2.3139 - accuracy: 0.1111
 5000/10000 [==============>...............] - ETA: 3s - loss: 2.3119 - accuracy: 0.1138
 5500/10000 [===============>..............] - ETA: 2s - loss: 2.3122 - accuracy: 0.1185
 6000/10000 [=================>............] - ETA: 2s - loss: 2.3084 - accuracy: 0.1193
 6500/10000 [==================>...........] - ETA: 2s - loss: 2.3049 - accuracy: 0.1214
 7000/10000 [====================>.........] - ETA: 1s - loss: 2.2971 - accuracy: 0.1276
 7500/10000 [=====================>........] - ETA: 1s - loss: 2.2924 - accuracy: 0.1283
 8000/10000 [=======================>......] - ETA: 1s - loss: 2.2855 - accuracy: 0.1329
 8500/10000 [========================>.....] - ETA: 0s - loss: 2.2800 - accuracy: 0.1362
 9000/10000 [==========================>...] - ETA: 0s - loss: 2.2736 - accuracy: 0.1398
 9500/10000 [===========================>..] - ETA: 0s - loss: 2.2641 - accuracy: 0.1433
10000/10000 [==============================] - 6s 617us/step - loss: 2.2577 - accuracy: 0.1499 - val_loss: 2.0451 - val_accuracy: 0.2584
Epoch 2/5

  500/10000 [>.............................] - ETA: 5s - loss: 1.9777 - accuracy: 0.2880
 1000/10000 [==>...........................] - ETA: 5s - loss: 1.9945 - accuracy: 0.2940
 1500/10000 [===>..........................] - ETA: 5s - loss: 2.0766 - accuracy: 0.2813
 2000/10000 [=====>........................] - ETA: 4s - loss: 2.0703 - accuracy: 0.2810
 2500/10000 [======>.......................] - ETA: 4s - loss: 2.0605 - accuracy: 0.2804
 3000/10000 [========>.....................] - ETA: 4s - loss: 2.0672 - accuracy: 0.2830
 3500/10000 [=========>....................] - ETA: 3s - loss: 2.0693 - accuracy: 0.2829
 4000/10000 [===========>..................] - ETA: 3s - loss: 2.0967 - accuracy: 0.2820
 4500/10000 [============>.................] - ETA: 3s - loss: 2.1146 - accuracy: 0.2827
 5000/10000 [==============>...............] - ETA: 3s - loss: 2.1314 - accuracy: 0.2822
 5500/10000 [===============>..............] - ETA: 2s - loss: 2.2166 - accuracy: 0.2724
 6000/10000 [=================>............] - ETA: 2s - loss: 2.2506 - accuracy: 0.2695
 6500/10000 [==================>...........] - ETA: 2s - loss: 2.3301 - accuracy: 0.2609
 7000/10000 [====================>.........] - ETA: 1s - loss: 2.3389 - accuracy: 0.2600
 7500/10000 [=====================>........] - ETA: 1s - loss: 2.3338 - accuracy: 0.2596
 8000/10000 [=======================>......] - ETA: 1s - loss: 2.3466 - accuracy: 0.2591
 8500/10000 [========================>.....] - ETA: 0s - loss: 2.3874 - accuracy: 0.2551
 9000/10000 [==========================>...] - ETA: 0s - loss: 2.4048 - accuracy: 0.2564
 9500/10000 [===========================>..] - ETA: 0s - loss: 2.4089 - accuracy: 0.2551
10000/10000 [==============================] - 6s 608us/step - loss: 2.4031 - accuracy: 0.2518 - val_loss: 2.4183 - val_accuracy: 0.2200
Epoch 3/5

  500/10000 [>.............................] - ETA: 5s - loss: 2.3409 - accuracy: 0.2520
 1000/10000 [==>...........................] - ETA: 5s - loss: 2.3102 - accuracy: 0.2430
 1500/10000 [===>..........................] - ETA: 5s - loss: 2.2863 - accuracy: 0.2400
 2000/10000 [=====>........................] - ETA: 4s - loss: 2.2763 - accuracy: 0.2385
 2500/10000 [======>.......................] - ETA: 4s - loss: 2.2498 - accuracy: 0.2548
 3000/10000 [========>.....................] - ETA: 4s - loss: 2.2410 - accuracy: 0.2590
 3500/10000 [=========>....................] - ETA: 3s - loss: 2.2224 - accuracy: 0.2617
 4000/10000 [===========>..................] - ETA: 3s - loss: 2.1934 - accuracy: 0.2643
 4500/10000 [============>.................] - ETA: 3s - loss: 2.1868 - accuracy: 0.2680
 5000/10000 [==============>...............] - ETA: 3s - loss: 2.1906 - accuracy: 0.2646
 5500/10000 [===============>..............] - ETA: 2s - loss: 2.1739 - accuracy: 0.2676
 6000/10000 [=================>............] - ETA: 2s - loss: 2.1711 - accuracy: 0.2652
 6500/10000 [==================>...........] - ETA: 2s - loss: 2.1663 - accuracy: 0.2615
 7000/10000 [====================>.........] - ETA: 1s - loss: 2.1593 - accuracy: 0.2606
 7500/10000 [=====================>........] - ETA: 1s - loss: 2.1586 - accuracy: 0.2611
 8000/10000 [=======================>......] - ETA: 1s - loss: 2.1649 - accuracy: 0.2611
 8500/10000 [========================>.....] - ETA: 0s - loss: 2.1694 - accuracy: 0.2613
 9000/10000 [==========================>...] - ETA: 0s - loss: 2.1733 - accuracy: 0.2598
 9500/10000 [===========================>..] - ETA: 0s - loss: 2.1747 - accuracy: 0.2584
10000/10000 [==============================] - 6s 606us/step - loss: 2.1790 - accuracy: 0.2570 - val_loss: 2.0974 - val_accuracy: 0.2432
Epoch 4/5

  500/10000 [>.............................] - ETA: 5s - loss: 2.0753 - accuracy: 0.2260
 1000/10000 [==>...........................] - ETA: 5s - loss: 2.1493 - accuracy: 0.2250
 1500/10000 [===>..........................] - ETA: 5s - loss: 2.1568 - accuracy: 0.2107
 2000/10000 [=====>........................] - ETA: 4s - loss: 2.1785 - accuracy: 0.2105
 2500/10000 [======>.......................] - ETA: 4s - loss: 2.2138 - accuracy: 0.2032
 3000/10000 [========>.....................] - ETA: 4s - loss: 2.2161 - accuracy: 0.2127
 3500/10000 [=========>....................] - ETA: 3s - loss: 2.2277 - accuracy: 0.2000
 4000/10000 [===========>..................] - ETA: 3s - loss: 2.2193 - accuracy: 0.2017
 4500/10000 [============>.................] - ETA: 3s - loss: 2.2106 - accuracy: 0.2076
 5000/10000 [==============>...............] - ETA: 2s - loss: 2.2000 - accuracy: 0.2116
 5500/10000 [===============>..............] - ETA: 2s - loss: 2.1913 - accuracy: 0.2204
 6000/10000 [=================>............] - ETA: 2s - loss: 2.1774 - accuracy: 0.2287
 6500/10000 [==================>...........] - ETA: 2s - loss: 2.1664 - accuracy: 0.2340
 7000/10000 [====================>.........] - ETA: 1s - loss: 2.1640 - accuracy: 0.2357
 7500/10000 [=====================>........] - ETA: 1s - loss: 2.1651 - accuracy: 0.2391
 8000/10000 [=======================>......] - ETA: 1s - loss: 2.1708 - accuracy: 0.2429
 8500/10000 [========================>.....] - ETA: 0s - loss: 2.1918 - accuracy: 0.2425
 9000/10000 [==========================>...] - ETA: 0s - loss: 2.1943 - accuracy: 0.2429
 9500/10000 [===========================>..] - ETA: 0s - loss: 2.1871 - accuracy: 0.2439
10000/10000 [==============================] - 6s 603us/step - loss: 2.1829 - accuracy: 0.2471 - val_loss: 2.2632 - val_accuracy: 0.2924
Epoch 5/5

  500/10000 [>.............................] - ETA: 5s - loss: 2.2391 - accuracy: 0.3040
 1000/10000 [==>...........................] - ETA: 5s - loss: 2.2284 - accuracy: 0.3030
 1500/10000 [===>..........................] - ETA: 5s - loss: 2.1811 - accuracy: 0.2973
 2000/10000 [=====>........................] - ETA: 4s - loss: 2.1794 - accuracy: 0.2885
 2500/10000 [======>.......................] - ETA: 4s - loss: 2.1652 - accuracy: 0.2744
 3000/10000 [========>.....................] - ETA: 4s - loss: 2.1488 - accuracy: 0.2787
 3500/10000 [=========>....................] - ETA: 3s - loss: 2.1507 - accuracy: 0.2826
 4000/10000 [===========>..................] - ETA: 3s - loss: 2.1524 - accuracy: 0.2865
 4500/10000 [============>.................] - ETA: 3s - loss: 2.1464 - accuracy: 0.2916
 5000/10000 [==============>...............] - ETA: 3s - loss: 2.1341 - accuracy: 0.2946
 5500/10000 [===============>..............] - ETA: 2s - loss: 2.1398 - accuracy: 0.2965
 6000/10000 [=================>............] - ETA: 2s - loss: 2.1421 - accuracy: 0.2965
 6500/10000 [==================>...........] - ETA: 2s - loss: 2.1300 - accuracy: 0.2974
 7000/10000 [====================>.........] - ETA: 1s - loss: 2.1146 - accuracy: 0.2994
 7500/10000 [=====================>........] - ETA: 1s - loss: 2.1158 - accuracy: 0.2969
 8000/10000 [=======================>......] - ETA: 1s - loss: 2.1231 - accuracy: 0.2948
 8500/10000 [========================>.....] - ETA: 0s - loss: 2.1199 - accuracy: 0.2940
 9000/10000 [==========================>...] - ETA: 0s - loss: 2.1219 - accuracy: 0.2927
 9500/10000 [===========================>..] - ETA: 0s - loss: 2.1231 - accuracy: 0.2922
10000/10000 [==============================] - 6s 605us/step - loss: 2.1254 - accuracy: 0.2931 - val_loss: 2.2409 - val_accuracy: 0.3136
Latency --- 30.908326625823975 seconds ---
For delta=0.000100, the current epsilon is: 1.0774
Saving model with new accuracy, previous accuracy was 0.2874999940395355 and present is 0.2930999994277954
Saved model to disk
=====================Iteration========================== 4
For delta=0.000100, the current epsilon is: 1.0774
Noise Mutiplier 2.35
loss= <keras.losses.CategoricalCrossentropy object at 0x7f783f666198>
in grads Tensor("loss_3/mul:0", shape=(?,), dtype=float32)
Train on 10000 samples, validate on 2500 samples
Epoch 1/5

  500/10000 [>.............................] - ETA: 7s - loss: 2.3115 - accuracy: 0.0860
 1000/10000 [==>...........................] - ETA: 6s - loss: 2.3064 - accuracy: 0.0910
 1500/10000 [===>..........................] - ETA: 5s - loss: 2.3087 - accuracy: 0.0947
 2000/10000 [=====>........................] - ETA: 5s - loss: 2.3068 - accuracy: 0.1080
 2500/10000 [======>.......................] - ETA: 4s - loss: 2.3004 - accuracy: 0.1100
 3000/10000 [========>.....................] - ETA: 4s - loss: 2.2939 - accuracy: 0.1130
 3500/10000 [=========>....................] - ETA: 4s - loss: 2.2856 - accuracy: 0.1220
 4000/10000 [===========>..................] - ETA: 3s - loss: 2.2780 - accuracy: 0.1227
 4500/10000 [============>.................] - ETA: 3s - loss: 2.2685 - accuracy: 0.1324
 5000/10000 [==============>...............] - ETA: 3s - loss: 2.2604 - accuracy: 0.1430
 5500/10000 [===============>..............] - ETA: 2s - loss: 2.2546 - accuracy: 0.1515
 6000/10000 [=================>............] - ETA: 2s - loss: 2.2414 - accuracy: 0.1612
 6500/10000 [==================>...........] - ETA: 2s - loss: 2.2302 - accuracy: 0.1680
 7000/10000 [====================>.........] - ETA: 1s - loss: 2.2250 - accuracy: 0.1740
 7500/10000 [=====================>........] - ETA: 1s - loss: 2.2172 - accuracy: 0.1823
 8000/10000 [=======================>......] - ETA: 1s - loss: 2.2133 - accuracy: 0.1867
 8500/10000 [========================>.....] - ETA: 0s - loss: 2.2123 - accuracy: 0.1924
 9000/10000 [==========================>...] - ETA: 0s - loss: 2.2150 - accuracy: 0.1959
 9500/10000 [===========================>..] - ETA: 0s - loss: 2.2274 - accuracy: 0.1954
10000/10000 [==============================] - 6s 609us/step - loss: 2.2286 - accuracy: 0.1931 - val_loss: 2.2710 - val_accuracy: 0.2028
Epoch 2/5

  500/10000 [>.............................] - ETA: 5s - loss: 2.2756 - accuracy: 0.2480
 1000/10000 [==>...........................] - ETA: 5s - loss: 2.2705 - accuracy: 0.2510
 1500/10000 [===>..........................] - ETA: 5s - loss: 2.2261 - accuracy: 0.2573
 2000/10000 [=====>........................] - ETA: 4s - loss: 2.2021 - accuracy: 0.2565
 2500/10000 [======>.......................] - ETA: 4s - loss: 2.2515 - accuracy: 0.2636
 3000/10000 [========>.....................] - ETA: 4s - loss: 2.2432 - accuracy: 0.2653
 3500/10000 [=========>....................] - ETA: 3s - loss: 2.2370 - accuracy: 0.2651
 4000/10000 [===========>..................] - ETA: 3s - loss: 2.2636 - accuracy: 0.2623
 4500/10000 [============>.................] - ETA: 3s - loss: 2.2746 - accuracy: 0.2613
 5000/10000 [==============>...............] - ETA: 2s - loss: 2.3644 - accuracy: 0.2470
 5500/10000 [===============>..............] - ETA: 2s - loss: 2.3522 - accuracy: 0.2551
 6000/10000 [=================>............] - ETA: 2s - loss: 2.3553 - accuracy: 0.2572
 6500/10000 [==================>...........] - ETA: 2s - loss: 2.3318 - accuracy: 0.2629
 7000/10000 [====================>.........] - ETA: 1s - loss: 2.3289 - accuracy: 0.2644
 7500/10000 [=====================>........] - ETA: 1s - loss: 2.3423 - accuracy: 0.2667
 8000/10000 [=======================>......] - ETA: 1s - loss: 2.3292 - accuracy: 0.2682
 8500/10000 [========================>.....] - ETA: 0s - loss: 2.3073 - accuracy: 0.2709
 9000/10000 [==========================>...] - ETA: 0s - loss: 2.2927 - accuracy: 0.2730
 9500/10000 [===========================>..] - ETA: 0s - loss: 2.2704 - accuracy: 0.2786
10000/10000 [==============================] - 6s 597us/step - loss: 2.2512 - accuracy: 0.2849 - val_loss: 1.9985 - val_accuracy: 0.3480
Epoch 3/5

  500/10000 [>.............................] - ETA: 5s - loss: 1.8988 - accuracy: 0.3760
 1000/10000 [==>...........................] - ETA: 5s - loss: 1.9554 - accuracy: 0.3810
 1500/10000 [===>..........................] - ETA: 5s - loss: 2.1553 - accuracy: 0.3327
 2000/10000 [=====>........................] - ETA: 4s - loss: 2.1587 - accuracy: 0.3280
 2500/10000 [======>.......................] - ETA: 4s - loss: 2.2254 - accuracy: 0.3236
 3000/10000 [========>.....................] - ETA: 4s - loss: 2.3004 - accuracy: 0.3193
 3500/10000 [=========>....................] - ETA: 3s - loss: 2.3144 - accuracy: 0.3217
 4000/10000 [===========>..................] - ETA: 3s - loss: 2.3339 - accuracy: 0.3185
 4500/10000 [============>.................] - ETA: 3s - loss: 2.3451 - accuracy: 0.3149
 5000/10000 [==============>...............] - ETA: 2s - loss: 2.3395 - accuracy: 0.3156
 5500/10000 [===============>..............] - ETA: 2s - loss: 2.3315 - accuracy: 0.3167
 6000/10000 [=================>............] - ETA: 2s - loss: 2.3220 - accuracy: 0.3140
 6500/10000 [==================>...........] - ETA: 2s - loss: 2.3051 - accuracy: 0.3166
 7000/10000 [====================>.........] - ETA: 1s - loss: 2.2977 - accuracy: 0.3211
 7500/10000 [=====================>........] - ETA: 1s - loss: 2.2886 - accuracy: 0.3224
 8000/10000 [=======================>......] - ETA: 1s - loss: 2.2686 - accuracy: 0.3268
 8500/10000 [========================>.....] - ETA: 0s - loss: 2.2494 - accuracy: 0.3293
 9000/10000 [==========================>...] - ETA: 0s - loss: 2.2270 - accuracy: 0.3312
 9500/10000 [===========================>..] - ETA: 0s - loss: 2.2187 - accuracy: 0.3308
10000/10000 [==============================] - 6s 601us/step - loss: 2.2132 - accuracy: 0.3308 - val_loss: 2.2711 - val_accuracy: 0.3364
Epoch 4/5

  500/10000 [>.............................] - ETA: 5s - loss: 2.1238 - accuracy: 0.3620
 1000/10000 [==>...........................] - ETA: 5s - loss: 2.1617 - accuracy: 0.3650
 1500/10000 [===>..........................] - ETA: 5s - loss: 2.2669 - accuracy: 0.3500
 2000/10000 [=====>........................] - ETA: 4s - loss: 2.2177 - accuracy: 0.3555
 2500/10000 [======>.......................] - ETA: 4s - loss: 2.2315 - accuracy: 0.3512
 3000/10000 [========>.....................] - ETA: 4s - loss: 2.2397 - accuracy: 0.3520
 3500/10000 [=========>....................] - ETA: 3s - loss: 2.2382 - accuracy: 0.3494
 4000/10000 [===========>..................] - ETA: 3s - loss: 2.2334 - accuracy: 0.3545
 4500/10000 [============>.................] - ETA: 3s - loss: 2.2673 - accuracy: 0.3529
 5000/10000 [==============>...............] - ETA: 2s - loss: 2.2429 - accuracy: 0.3560
 5500/10000 [===============>..............] - ETA: 2s - loss: 2.2093 - accuracy: 0.3598
 6000/10000 [=================>............] - ETA: 2s - loss: 2.2014 - accuracy: 0.3598
 6500/10000 [==================>...........] - ETA: 2s - loss: 2.1861 - accuracy: 0.3589
 7000/10000 [====================>.........] - ETA: 1s - loss: 2.1739 - accuracy: 0.3607
 7500/10000 [=====================>........] - ETA: 1s - loss: 2.1626 - accuracy: 0.3597
 8000/10000 [=======================>......] - ETA: 1s - loss: 2.1446 - accuracy: 0.3607
 8500/10000 [========================>.....] - ETA: 0s - loss: 2.1522 - accuracy: 0.3606
 9000/10000 [==========================>...] - ETA: 0s - loss: 2.1456 - accuracy: 0.3599
 9500/10000 [===========================>..] - ETA: 0s - loss: 2.1547 - accuracy: 0.3591
10000/10000 [==============================] - 6s 597us/step - loss: 2.1505 - accuracy: 0.3575 - val_loss: 2.1138 - val_accuracy: 0.3240
Epoch 5/5

  500/10000 [>.............................] - ETA: 5s - loss: 1.9661 - accuracy: 0.3700
 1000/10000 [==>...........................] - ETA: 5s - loss: 1.9699 - accuracy: 0.3740
 1500/10000 [===>..........................] - ETA: 5s - loss: 1.9784 - accuracy: 0.3800
 2000/10000 [=====>........................] - ETA: 4s - loss: 2.0408 - accuracy: 0.3710
 2500/10000 [======>.......................] - ETA: 4s - loss: 2.0611 - accuracy: 0.3652
 3000/10000 [========>.....................] - ETA: 4s - loss: 2.0237 - accuracy: 0.3717
 3500/10000 [=========>....................] - ETA: 3s - loss: 2.0330 - accuracy: 0.3740
 4000/10000 [===========>..................] - ETA: 3s - loss: 2.0425 - accuracy: 0.3715
 4500/10000 [============>.................] - ETA: 3s - loss: 2.0273 - accuracy: 0.3778
 5000/10000 [==============>...............] - ETA: 2s - loss: 2.0458 - accuracy: 0.3822
 5500/10000 [===============>..............] - ETA: 2s - loss: 2.0500 - accuracy: 0.3795
 6000/10000 [=================>............] - ETA: 2s - loss: 2.0552 - accuracy: 0.3793
 6500/10000 [==================>...........] - ETA: 2s - loss: 2.0739 - accuracy: 0.3820
 7000/10000 [====================>.........] - ETA: 1s - loss: 2.0657 - accuracy: 0.3859
 7500/10000 [=====================>........] - ETA: 1s - loss: 2.0757 - accuracy: 0.3805
 8000/10000 [=======================>......] - ETA: 1s - loss: 2.0886 - accuracy: 0.3754
 8500/10000 [========================>.....] - ETA: 0s - loss: 2.0896 - accuracy: 0.3719
 9000/10000 [==========================>...] - ETA: 0s - loss: 2.0987 - accuracy: 0.3721
 9500/10000 [===========================>..] - ETA: 0s - loss: 2.0986 - accuracy: 0.3715
10000/10000 [==============================] - 6s 600us/step - loss: 2.1097 - accuracy: 0.3692 - val_loss: 2.5165 - val_accuracy: 0.3040
Latency --- 30.561753273010254 seconds ---
For delta=0.000100, the current epsilon is: 1.0774
Saving model with new accuracy, previous accuracy was 0.2930999994277954 and present is 0.3691999912261963
Saved model to disk
=====================Iteration========================== 5
For delta=0.000100, the current epsilon is: 1.0774
Noise Mutiplier 2.35
loss= <keras.losses.CategoricalCrossentropy object at 0x7f783f59feb8>
in grads Tensor("loss_4/mul:0", shape=(?,), dtype=float32)
Train on 10000 samples, validate on 2500 samples
Epoch 1/5

  500/10000 [>.............................] - ETA: 7s - loss: 2.3229 - accuracy: 0.0780
 1000/10000 [==>...........................] - ETA: 6s - loss: 2.3189 - accuracy: 0.0820
 1500/10000 [===>..........................] - ETA: 5s - loss: 2.3083 - accuracy: 0.0860
 2000/10000 [=====>........................] - ETA: 5s - loss: 2.3007 - accuracy: 0.0920
 2500/10000 [======>.......................] - ETA: 4s - loss: 2.2990 - accuracy: 0.0980
 3000/10000 [========>.....................] - ETA: 4s - loss: 2.2920 - accuracy: 0.1083
 3500/10000 [=========>....................] - ETA: 4s - loss: 2.2795 - accuracy: 0.1194
 4000/10000 [===========>..................] - ETA: 3s - loss: 2.2840 - accuracy: 0.1217
 4500/10000 [============>.................] - ETA: 3s - loss: 2.2817 - accuracy: 0.1202
 5000/10000 [==============>...............] - ETA: 3s - loss: 2.2787 - accuracy: 0.1260
 5500/10000 [===============>..............] - ETA: 2s - loss: 2.2816 - accuracy: 0.1335
 6000/10000 [=================>............] - ETA: 2s - loss: 2.2926 - accuracy: 0.1328
 6500/10000 [==================>...........] - ETA: 2s - loss: 2.2862 - accuracy: 0.1394
 7000/10000 [====================>.........] - ETA: 1s - loss: 2.2859 - accuracy: 0.1431
 7500/10000 [=====================>........] - ETA: 1s - loss: 2.3012 - accuracy: 0.1515
 8000/10000 [=======================>......] - ETA: 1s - loss: 2.2937 - accuracy: 0.1538
 8500/10000 [========================>.....] - ETA: 0s - loss: 2.3036 - accuracy: 0.1589
 9000/10000 [==========================>...] - ETA: 0s - loss: 2.2979 - accuracy: 0.1640
 9500/10000 [===========================>..] - ETA: 0s - loss: 2.2994 - accuracy: 0.1677
10000/10000 [==============================] - 6s 614us/step - loss: 2.2988 - accuracy: 0.1705 - val_loss: 2.1140 - val_accuracy: 0.3600
Epoch 2/5

  500/10000 [>.............................] - ETA: 5s - loss: 2.1470 - accuracy: 0.3240
 1000/10000 [==>...........................] - ETA: 5s - loss: 2.2413 - accuracy: 0.3030
 1500/10000 [===>..........................] - ETA: 5s - loss: 2.2668 - accuracy: 0.2847
 2000/10000 [=====>........................] - ETA: 4s - loss: 2.2153 - accuracy: 0.2870
 2500/10000 [======>.......................] - ETA: 4s - loss: 2.2336 - accuracy: 0.2808
 3000/10000 [========>.....................] - ETA: 4s - loss: 2.4194 - accuracy: 0.2637
 3500/10000 [=========>....................] - ETA: 3s - loss: 2.4581 - accuracy: 0.2543
 4000/10000 [===========>..................] - ETA: 3s - loss: 2.4539 - accuracy: 0.2517
 4500/10000 [============>.................] - ETA: 3s - loss: 2.4506 - accuracy: 0.2436
 5000/10000 [==============>...............] - ETA: 2s - loss: 2.4242 - accuracy: 0.2458
 5500/10000 [===============>..............] - ETA: 2s - loss: 2.4101 - accuracy: 0.2425
 6000/10000 [=================>............] - ETA: 2s - loss: 2.4084 - accuracy: 0.2447
 6500/10000 [==================>...........] - ETA: 2s - loss: 2.4376 - accuracy: 0.2389
 7000/10000 [====================>.........] - ETA: 1s - loss: 2.4350 - accuracy: 0.2396
 7500/10000 [=====================>........] - ETA: 1s - loss: 2.4255 - accuracy: 0.2381
 8000/10000 [=======================>......] - ETA: 1s - loss: 2.4137 - accuracy: 0.2364
 8500/10000 [========================>.....] - ETA: 0s - loss: 2.4140 - accuracy: 0.2400
 9000/10000 [==========================>...] - ETA: 0s - loss: 2.4025 - accuracy: 0.2413
 9500/10000 [===========================>..] - ETA: 0s - loss: 2.3989 - accuracy: 0.2429
10000/10000 [==============================] - 6s 602us/step - loss: 2.3984 - accuracy: 0.2422 - val_loss: 2.5373 - val_accuracy: 0.2704
Epoch 3/5

  500/10000 [>.............................] - ETA: 5s - loss: 2.6126 - accuracy: 0.2640
 1000/10000 [==>...........................] - ETA: 5s - loss: 2.5440 - accuracy: 0.2380
 1500/10000 [===>..........................] - ETA: 5s - loss: 2.4763 - accuracy: 0.2293
 2000/10000 [=====>........................] - ETA: 4s - loss: 2.4245 - accuracy: 0.2330
 2500/10000 [======>.......................] - ETA: 4s - loss: 2.3812 - accuracy: 0.2392
 3000/10000 [========>.....................] - ETA: 4s - loss: 2.3843 - accuracy: 0.2497
 3500/10000 [=========>....................] - ETA: 3s - loss: 2.3729 - accuracy: 0.2474
 4000/10000 [===========>..................] - ETA: 3s - loss: 2.3687 - accuracy: 0.2467
 4500/10000 [============>.................] - ETA: 3s - loss: 2.3487 - accuracy: 0.2513
 5000/10000 [==============>...............] - ETA: 2s - loss: 2.3544 - accuracy: 0.2460
 5500/10000 [===============>..............] - ETA: 2s - loss: 2.3340 - accuracy: 0.2518
 6000/10000 [=================>............] - ETA: 2s - loss: 2.3131 - accuracy: 0.2515
 6500/10000 [==================>...........] - ETA: 2s - loss: 2.3037 - accuracy: 0.2549
 7000/10000 [====================>.........] - ETA: 1s - loss: 2.2970 - accuracy: 0.2557
 7500/10000 [=====================>........] - ETA: 1s - loss: 2.2781 - accuracy: 0.2600
 8000/10000 [=======================>......] - ETA: 1s - loss: 2.2833 - accuracy: 0.2634
 8500/10000 [========================>.....] - ETA: 0s - loss: 2.2777 - accuracy: 0.2666
 9000/10000 [==========================>...] - ETA: 0s - loss: 2.2702 - accuracy: 0.2709
 9500/10000 [===========================>..] - ETA: 0s - loss: 2.2503 - accuracy: 0.2764
10000/10000 [==============================] - 6s 601us/step - loss: 2.2394 - accuracy: 0.2790 - val_loss: 2.1930 - val_accuracy: 0.3232
Epoch 4/5

  500/10000 [>.............................] - ETA: 5s - loss: 2.2464 - accuracy: 0.2940
 1000/10000 [==>...........................] - ETA: 5s - loss: 2.2282 - accuracy: 0.3100
 1500/10000 [===>..........................] - ETA: 5s - loss: 2.2266 - accuracy: 0.3240
 2000/10000 [=====>........................] - ETA: 4s - loss: 2.2373 - accuracy: 0.3310
 2500/10000 [======>.......................] - ETA: 4s - loss: 2.2658 - accuracy: 0.3372
 3000/10000 [========>.....................] - ETA: 4s - loss: 2.3282 - accuracy: 0.3330
 3500/10000 [=========>....................] - ETA: 3s - loss: 2.2987 - accuracy: 0.3326
 4000/10000 [===========>..................] - ETA: 3s - loss: 2.2956 - accuracy: 0.3293
 4500/10000 [============>.................] - ETA: 3s - loss: 2.2851 - accuracy: 0.3189
 5000/10000 [==============>...............] - ETA: 2s - loss: 2.2541 - accuracy: 0.3146
 5500/10000 [===============>..............] - ETA: 2s - loss: 2.2394 - accuracy: 0.3147
 6000/10000 [=================>............] - ETA: 2s - loss: 2.2244 - accuracy: 0.3183
 6500/10000 [==================>...........] - ETA: 2s - loss: 2.1981 - accuracy: 0.3192
 7000/10000 [====================>.........] - ETA: 1s - loss: 2.1830 - accuracy: 0.3226
 7500/10000 [=====================>........] - ETA: 1s - loss: 2.1775 - accuracy: 0.3221
 8000/10000 [=======================>......] - ETA: 1s - loss: 2.1727 - accuracy: 0.3210
 8500/10000 [========================>.....] - ETA: 0s - loss: 2.1720 - accuracy: 0.3172
 9000/10000 [==========================>...] - ETA: 0s - loss: 2.1998 - accuracy: 0.3147
 9500/10000 [===========================>..] - ETA: 0s - loss: 2.2001 - accuracy: 0.3104
10000/10000 [==============================] - 6s 599us/step - loss: 2.1945 - accuracy: 0.3071 - val_loss: 2.2484 - val_accuracy: 0.2780
Epoch 5/5

  500/10000 [>.............................] - ETA: 5s - loss: 2.2585 - accuracy: 0.2620
 1000/10000 [==>...........................] - ETA: 5s - loss: 2.2181 - accuracy: 0.2650
 1500/10000 [===>..........................] - ETA: 5s - loss: 2.1491 - accuracy: 0.2727
 2000/10000 [=====>........................] - ETA: 4s - loss: 2.1191 - accuracy: 0.2875
 2500/10000 [======>.......................] - ETA: 4s - loss: 2.1058 - accuracy: 0.2936
 3000/10000 [========>.....................] - ETA: 4s - loss: 2.1359 - accuracy: 0.2910
 3500/10000 [=========>....................] - ETA: 3s - loss: 2.1262 - accuracy: 0.2877
 4000/10000 [===========>..................] - ETA: 3s - loss: 2.1222 - accuracy: 0.2928
 4500/10000 [============>.................] - ETA: 3s - loss: 2.1012 - accuracy: 0.2989
 5000/10000 [==============>...............] - ETA: 2s - loss: 2.1584 - accuracy: 0.2988
 5500/10000 [===============>..............] - ETA: 2s - loss: 2.1685 - accuracy: 0.2922
 6000/10000 [=================>............] - ETA: 2s - loss: 2.1732 - accuracy: 0.2855
 6500/10000 [==================>...........] - ETA: 2s - loss: 2.1718 - accuracy: 0.2820
 7000/10000 [====================>.........] - ETA: 1s - loss: 2.1645 - accuracy: 0.2814
 7500/10000 [=====================>........] - ETA: 1s - loss: 2.1510 - accuracy: 0.2860
 8000/10000 [=======================>......] - ETA: 1s - loss: 2.1356 - accuracy: 0.2889
 8500/10000 [========================>.....] - ETA: 0s - loss: 2.1277 - accuracy: 0.2928
 9000/10000 [==========================>...] - ETA: 0s - loss: 2.1184 - accuracy: 0.2938
 9500/10000 [===========================>..] - ETA: 0s - loss: 2.1105 - accuracy: 0.2943
10000/10000 [==============================] - 6s 602us/step - loss: 2.1042 - accuracy: 0.2939 - val_loss: 2.1205 - val_accuracy: 0.2580
Latency --- 30.714606285095215 seconds ---
For delta=0.000100, the current epsilon is: 1.0774
=====================Iteration========================== 6
For delta=0.000100, the current epsilon is: 1.0774
Noise Mutiplier 2.35
loss= <keras.losses.CategoricalCrossentropy object at 0x7f783f3fa940>
in grads Tensor("loss_5/mul:0", shape=(?,), dtype=float32)
Train on 10000 samples, validate on 2500 samples
Epoch 1/5

  500/10000 [>.............................] - ETA: 7s - loss: 2.3239 - accuracy: 0.0760
 1000/10000 [==>...........................] - ETA: 6s - loss: 2.3129 - accuracy: 0.0840
 1500/10000 [===>..........................] - ETA: 5s - loss: 2.3121 - accuracy: 0.0980
 2000/10000 [=====>........................] - ETA: 5s - loss: 2.3234 - accuracy: 0.1030
 2500/10000 [======>.......................] - ETA: 4s - loss: 2.3080 - accuracy: 0.1132
 3000/10000 [========>.....................] - ETA: 4s - loss: 2.2957 - accuracy: 0.1343
 3500/10000 [=========>....................] - ETA: 4s - loss: 2.2840 - accuracy: 0.1403
 4000/10000 [===========>..................] - ETA: 3s - loss: 2.2715 - accuracy: 0.1450
 4500/10000 [============>.................] - ETA: 3s - loss: 2.2569 - accuracy: 0.1593
 5000/10000 [==============>...............] - ETA: 3s - loss: 2.2396 - accuracy: 0.1698
 5500/10000 [===============>..............] - ETA: 2s - loss: 2.2407 - accuracy: 0.1742
 6000/10000 [=================>............] - ETA: 2s - loss: 2.2465 - accuracy: 0.1748
 6500/10000 [==================>...........] - ETA: 2s - loss: 2.2382 - accuracy: 0.1792
 7000/10000 [====================>.........] - ETA: 1s - loss: 2.2518 - accuracy: 0.1789
 7500/10000 [=====================>........] - ETA: 1s - loss: 2.3042 - accuracy: 0.1743
 8000/10000 [=======================>......] - ETA: 1s - loss: 2.3057 - accuracy: 0.1760
 8500/10000 [========================>.....] - ETA: 0s - loss: 2.3060 - accuracy: 0.1785
 9000/10000 [==========================>...] - ETA: 0s - loss: 2.2916 - accuracy: 0.1829
 9500/10000 [===========================>..] - ETA: 0s - loss: 2.2998 - accuracy: 0.1864
10000/10000 [==============================] - 6s 616us/step - loss: 2.2792 - accuracy: 0.1965 - val_loss: 2.0840 - val_accuracy: 0.3012
Epoch 2/5

  500/10000 [>.............................] - ETA: 5s - loss: 2.1148 - accuracy: 0.2800
 1000/10000 [==>...........................] - ETA: 5s - loss: 2.0668 - accuracy: 0.2990
 1500/10000 [===>..........................] - ETA: 5s - loss: 2.0470 - accuracy: 0.2960
 2000/10000 [=====>........................] - ETA: 4s - loss: 2.1646 - accuracy: 0.2730
 2500/10000 [======>.......................] - ETA: 4s - loss: 2.2047 - accuracy: 0.2724
 3000/10000 [========>.....................] - ETA: 4s - loss: 2.1766 - accuracy: 0.2800
 3500/10000 [=========>....................] - ETA: 3s - loss: 2.2885 - accuracy: 0.2669
 4000/10000 [===========>..................] - ETA: 3s - loss: 2.2855 - accuracy: 0.2605
 4500/10000 [============>.................] - ETA: 3s - loss: 2.2950 - accuracy: 0.2542
 5000/10000 [==============>...............] - ETA: 2s - loss: 2.2856 - accuracy: 0.2580
 5500/10000 [===============>..............] - ETA: 2s - loss: 2.3011 - accuracy: 0.2622
 6000/10000 [=================>............] - ETA: 2s - loss: 2.3095 - accuracy: 0.2608
 6500/10000 [==================>...........] - ETA: 2s - loss: 2.3470 - accuracy: 0.2631
 7000/10000 [====================>.........] - ETA: 1s - loss: 2.3714 - accuracy: 0.2543
 7500/10000 [=====================>........] - ETA: 1s - loss: 2.3996 - accuracy: 0.2568
 8000/10000 [=======================>......] - ETA: 1s - loss: 2.4115 - accuracy: 0.2520
 8500/10000 [========================>.....] - ETA: 0s - loss: 2.4236 - accuracy: 0.2522
 9000/10000 [==========================>...] - ETA: 0s - loss: 2.4123 - accuracy: 0.2539
 9500/10000 [===========================>..] - ETA: 0s - loss: 2.4347 - accuracy: 0.2541
10000/10000 [==============================] - 6s 602us/step - loss: 2.4542 - accuracy: 0.2510 - val_loss: 2.6306 - val_accuracy: 0.2588
Epoch 3/5

  500/10000 [>.............................] - ETA: 5s - loss: 2.6286 - accuracy: 0.2480
 1000/10000 [==>...........................] - ETA: 5s - loss: 2.9141 - accuracy: 0.2140
 1500/10000 [===>..........................] - ETA: 5s - loss: 2.7783 - accuracy: 0.2360
 2000/10000 [=====>........................] - ETA: 4s - loss: 2.9844 - accuracy: 0.2240
 2500/10000 [======>.......................] - ETA: 4s - loss: 2.8384 - accuracy: 0.2516
 3000/10000 [========>.....................] - ETA: 4s - loss: 2.7239 - accuracy: 0.2650
 3500/10000 [=========>....................] - ETA: 3s - loss: 2.6496 - accuracy: 0.2786
 4000/10000 [===========>..................] - ETA: 3s - loss: 2.6518 - accuracy: 0.2858
 4500/10000 [============>.................] - ETA: 3s - loss: 2.6381 - accuracy: 0.2896
 5000/10000 [==============>...............] - ETA: 2s - loss: 2.6842 - accuracy: 0.2876
 5500/10000 [===============>..............] - ETA: 2s - loss: 2.6489 - accuracy: 0.2927
 6000/10000 [=================>............] - ETA: 2s - loss: 2.6124 - accuracy: 0.2975
 6500/10000 [==================>...........] - ETA: 2s - loss: 2.5751 - accuracy: 0.3052
 7000/10000 [====================>.........] - ETA: 1s - loss: 2.5432 - accuracy: 0.3089
 7500/10000 [=====================>........] - ETA: 1s - loss: 2.5500 - accuracy: 0.3083
 8000/10000 [=======================>......] - ETA: 1s - loss: 2.5699 - accuracy: 0.3094
 8500/10000 [========================>.....] - ETA: 0s - loss: 2.5834 - accuracy: 0.3121
 9000/10000 [==========================>...] - ETA: 0s - loss: 2.5634 - accuracy: 0.3117
 9500/10000 [===========================>..] - ETA: 0s - loss: 2.5762 - accuracy: 0.3100
10000/10000 [==============================] - 6s 599us/step - loss: 2.5730 - accuracy: 0.3099 - val_loss: 2.5599 - val_accuracy: 0.3112
Epoch 4/5

  500/10000 [>.............................] - ETA: 5s - loss: 2.3659 - accuracy: 0.3240
 1000/10000 [==>...........................] - ETA: 5s - loss: 2.4843 - accuracy: 0.2980
 1500/10000 [===>..........................] - ETA: 5s - loss: 2.3565 - accuracy: 0.3073
 2000/10000 [=====>........................] - ETA: 4s - loss: 2.4148 - accuracy: 0.2890
 2500/10000 [======>.......................] - ETA: 4s - loss: 2.4087 - accuracy: 0.2804
 3000/10000 [========>.....................] - ETA: 4s - loss: 2.3838 - accuracy: 0.2737
 3500/10000 [=========>....................] - ETA: 3s - loss: 2.3475 - accuracy: 0.2751
 4000/10000 [===========>..................] - ETA: 3s - loss: 2.3792 - accuracy: 0.2722
 4500/10000 [============>.................] - ETA: 3s - loss: 2.3657 - accuracy: 0.2664
 5000/10000 [==============>...............] - ETA: 2s - loss: 2.3549 - accuracy: 0.2614
 5500/10000 [===============>..............] - ETA: 2s - loss: 2.3241 - accuracy: 0.2616
 6000/10000 [=================>............] - ETA: 2s - loss: 2.3228 - accuracy: 0.2623
 6500/10000 [==================>...........] - ETA: 2s - loss: 2.3085 - accuracy: 0.2611
 7000/10000 [====================>.........] - ETA: 1s - loss: 2.3065 - accuracy: 0.2580
 7500/10000 [=====================>........] - ETA: 1s - loss: 2.3033 - accuracy: 0.2568
 8000/10000 [=======================>......] - ETA: 1s - loss: 2.2923 - accuracy: 0.2571
 8500/10000 [========================>.....] - ETA: 0s - loss: 2.3012 - accuracy: 0.2585
 9000/10000 [==========================>...] - ETA: 0s - loss: 2.3042 - accuracy: 0.2611
 9500/10000 [===========================>..] - ETA: 0s - loss: 2.2979 - accuracy: 0.2632
10000/10000 [==============================] - 6s 596us/step - loss: 2.2991 - accuracy: 0.2639 - val_loss: 2.5792 - val_accuracy: 0.2268
Epoch 5/5

  500/10000 [>.............................] - ETA: 5s - loss: 2.7080 - accuracy: 0.2100
 1000/10000 [==>...........................] - ETA: 5s - loss: 2.3865 - accuracy: 0.2120
 1500/10000 [===>..........................] - ETA: 4s - loss: 2.3461 - accuracy: 0.2420
 2000/10000 [=====>........................] - ETA: 4s - loss: 2.3408 - accuracy: 0.2390
 2500/10000 [======>.......................] - ETA: 4s - loss: 2.3224 - accuracy: 0.2356
 3000/10000 [========>.....................] - ETA: 4s - loss: 2.3309 - accuracy: 0.2250
 3500/10000 [=========>....................] - ETA: 3s - loss: 2.3239 - accuracy: 0.2277
 4000/10000 [===========>..................] - ETA: 3s - loss: 2.3009 - accuracy: 0.2282
 4500/10000 [============>.................] - ETA: 3s - loss: 2.2877 - accuracy: 0.2293
 5000/10000 [==============>...............] - ETA: 2s - loss: 2.2937 - accuracy: 0.2324
 5500/10000 [===============>..............] - ETA: 2s - loss: 2.2891 - accuracy: 0.2356
 6000/10000 [=================>............] - ETA: 2s - loss: 2.2830 - accuracy: 0.2378
 6500/10000 [==================>...........] - ETA: 2s - loss: 2.2732 - accuracy: 0.2415
 7000/10000 [====================>.........] - ETA: 1s - loss: 2.2575 - accuracy: 0.2457
 7500/10000 [=====================>........] - ETA: 1s - loss: 2.2569 - accuracy: 0.2444
 8000/10000 [=======================>......] - ETA: 1s - loss: 2.2431 - accuracy: 0.2498
 8500/10000 [========================>.....] - ETA: 0s - loss: 2.2379 - accuracy: 0.2527
 9000/10000 [==========================>...] - ETA: 0s - loss: 2.2336 - accuracy: 0.2571
 9500/10000 [===========================>..] - ETA: 0s - loss: 2.2348 - accuracy: 0.2580
10000/10000 [==============================] - 6s 599us/step - loss: 2.2297 - accuracy: 0.2579 - val_loss: 2.3359 - val_accuracy: 0.3056
Latency --- 30.693190097808838 seconds ---
For delta=0.000100, the current epsilon is: 1.0774
=====================Iteration========================== 7
For delta=0.000100, the current epsilon is: 1.0774
Noise Mutiplier 2.35
loss= <keras.losses.CategoricalCrossentropy object at 0x7f783f2d51d0>
in grads Tensor("loss_6/mul:0", shape=(?,), dtype=float32)
Train on 10000 samples, validate on 2500 samples
Epoch 1/5

  500/10000 [>.............................] - ETA: 7s - loss: 2.3085 - accuracy: 0.1300
 1000/10000 [==>...........................] - ETA: 6s - loss: 2.3098 - accuracy: 0.1100
 1500/10000 [===>..........................] - ETA: 5s - loss: 2.3158 - accuracy: 0.1047
 2000/10000 [=====>........................] - ETA: 5s - loss: 2.3106 - accuracy: 0.1035
 2500/10000 [======>.......................] - ETA: 4s - loss: 2.3038 - accuracy: 0.1136
 3000/10000 [========>.....................] - ETA: 4s - loss: 2.3000 - accuracy: 0.1170
 3500/10000 [=========>....................] - ETA: 4s - loss: 2.2992 - accuracy: 0.1154
 4000/10000 [===========>..................] - ETA: 3s - loss: 2.2950 - accuracy: 0.1250
 4500/10000 [============>.................] - ETA: 3s - loss: 2.2818 - accuracy: 0.1284
 5000/10000 [==============>...............] - ETA: 3s - loss: 2.2816 - accuracy: 0.1314
 5500/10000 [===============>..............] - ETA: 2s - loss: 2.2760 - accuracy: 0.1345
 6000/10000 [=================>............] - ETA: 2s - loss: 2.2854 - accuracy: 0.1327
 6500/10000 [==================>...........] - ETA: 2s - loss: 2.2911 - accuracy: 0.1329
 7000/10000 [====================>.........] - ETA: 1s - loss: 2.2900 - accuracy: 0.1363
 7500/10000 [=====================>........] - ETA: 1s - loss: 2.2858 - accuracy: 0.1379
 8000/10000 [=======================>......] - ETA: 1s - loss: 2.2944 - accuracy: 0.1361
 8500/10000 [========================>.....] - ETA: 0s - loss: 2.2943 - accuracy: 0.1396
 9000/10000 [==========================>...] - ETA: 0s - loss: 2.2947 - accuracy: 0.1398
 9500/10000 [===========================>..] - ETA: 0s - loss: 2.2991 - accuracy: 0.1420
10000/10000 [==============================] - 6s 617us/step - loss: 2.3137 - accuracy: 0.1416 - val_loss: 2.3959 - val_accuracy: 0.1688
Epoch 2/5

  500/10000 [>.............................] - ETA: 5s - loss: 2.3253 - accuracy: 0.1820
 1000/10000 [==>...........................] - ETA: 5s - loss: 2.2454 - accuracy: 0.2150
 1500/10000 [===>..........................] - ETA: 5s - loss: 2.2989 - accuracy: 0.2100
 2000/10000 [=====>........................] - ETA: 4s - loss: 2.3765 - accuracy: 0.2145
 2500/10000 [======>.......................] - ETA: 4s - loss: 2.4048 - accuracy: 0.2128
 3000/10000 [========>.....................] - ETA: 4s - loss: 2.4222 - accuracy: 0.2130
 3500/10000 [=========>....................] - ETA: 3s - loss: 2.4466 - accuracy: 0.2057
 4000/10000 [===========>..................] - ETA: 3s - loss: 2.4301 - accuracy: 0.2115
 4500/10000 [============>.................] - ETA: 3s - loss: 2.4245 - accuracy: 0.2124
 5000/10000 [==============>...............] - ETA: 2s - loss: 2.4292 - accuracy: 0.2106
 5500/10000 [===============>..............] - ETA: 2s - loss: 2.4359 - accuracy: 0.2067
 6000/10000 [=================>............] - ETA: 2s - loss: 2.4380 - accuracy: 0.2075
 6500/10000 [==================>...........] - ETA: 2s - loss: 2.5081 - accuracy: 0.2038
 7000/10000 [====================>.........] - ETA: 1s - loss: 2.5244 - accuracy: 0.2043
 7500/10000 [=====================>........] - ETA: 1s - loss: 2.5237 - accuracy: 0.2076
 8000/10000 [=======================>......] - ETA: 1s - loss: 2.5021 - accuracy: 0.2106
 8500/10000 [========================>.....] - ETA: 0s - loss: 2.4745 - accuracy: 0.2155
 9000/10000 [==========================>...] - ETA: 0s - loss: 2.4586 - accuracy: 0.2150
 9500/10000 [===========================>..] - ETA: 0s - loss: 2.4369 - accuracy: 0.2183
10000/10000 [==============================] - 6s 604us/step - loss: 2.4408 - accuracy: 0.2197 - val_loss: 2.6000 - val_accuracy: 0.1616
Epoch 3/5

  500/10000 [>.............................] - ETA: 5s - loss: 2.5104 - accuracy: 0.1660
 1000/10000 [==>...........................] - ETA: 5s - loss: 2.3192 - accuracy: 0.2210
 1500/10000 [===>..........................] - ETA: 5s - loss: 2.2699 - accuracy: 0.2207
 2000/10000 [=====>........................] - ETA: 4s - loss: 2.2545 - accuracy: 0.2350
 2500/10000 [======>.......................] - ETA: 4s - loss: 2.2779 - accuracy: 0.2224
 3000/10000 [========>.....................] - ETA: 4s - loss: 2.2556 - accuracy: 0.2373
 3500/10000 [=========>....................] - ETA: 3s - loss: 2.2384 - accuracy: 0.2469
 4000/10000 [===========>..................] - ETA: 3s - loss: 2.2501 - accuracy: 0.2498
 4500/10000 [============>.................] - ETA: 3s - loss: 2.2206 - accuracy: 0.2580
 5000/10000 [==============>...............] - ETA: 2s - loss: 2.2006 - accuracy: 0.2660
 5500/10000 [===============>..............] - ETA: 2s - loss: 2.1808 - accuracy: 0.2695
 6000/10000 [=================>............] - ETA: 2s - loss: 2.1776 - accuracy: 0.2693
 6500/10000 [==================>...........] - ETA: 2s - loss: 2.1978 - accuracy: 0.2723
 7000/10000 [====================>.........] - ETA: 1s - loss: 2.2344 - accuracy: 0.2693
 7500/10000 [=====================>........] - ETA: 1s - loss: 2.2309 - accuracy: 0.2744
 8000/10000 [=======================>......] - ETA: 1s - loss: 2.2314 - accuracy: 0.2745
 8500/10000 [========================>.....] - ETA: 0s - loss: 2.2210 - accuracy: 0.2759
 9000/10000 [==========================>...] - ETA: 0s - loss: 2.2130 - accuracy: 0.2794
 9500/10000 [===========================>..] - ETA: 0s - loss: 2.2036 - accuracy: 0.2806
10000/10000 [==============================] - 6s 602us/step - loss: 2.1889 - accuracy: 0.2848 - val_loss: 2.1791 - val_accuracy: 0.3112
Epoch 4/5

  500/10000 [>.............................] - ETA: 5s - loss: 2.1418 - accuracy: 0.3160
 1000/10000 [==>...........................] - ETA: 5s - loss: 2.0392 - accuracy: 0.3300
 1500/10000 [===>..........................] - ETA: 5s - loss: 2.0745 - accuracy: 0.3227
 2000/10000 [=====>........................] - ETA: 4s - loss: 2.0732 - accuracy: 0.3265
 2500/10000 [======>.......................] - ETA: 4s - loss: 2.0532 - accuracy: 0.3276
 3000/10000 [========>.....................] - ETA: 4s - loss: 2.0307 - accuracy: 0.3307
 3500/10000 [=========>....................] - ETA: 3s - loss: 2.0335 - accuracy: 0.3357
 4000/10000 [===========>..................] - ETA: 3s - loss: 2.0268 - accuracy: 0.3400
 4500/10000 [============>.................] - ETA: 3s - loss: 2.0377 - accuracy: 0.3362
 5000/10000 [==============>...............] - ETA: 3s - loss: 2.0364 - accuracy: 0.3418
 5500/10000 [===============>..............] - ETA: 2s - loss: 2.0316 - accuracy: 0.3420
 6000/10000 [=================>............] - ETA: 2s - loss: 2.0379 - accuracy: 0.3443
 6500/10000 [==================>...........] - ETA: 2s - loss: 2.0522 - accuracy: 0.3455
 7000/10000 [====================>.........] - ETA: 1s - loss: 2.0636 - accuracy: 0.3433
 7500/10000 [=====================>........] - ETA: 1s - loss: 2.0806 - accuracy: 0.3395
 8000/10000 [=======================>......] - ETA: 1s - loss: 2.0805 - accuracy: 0.3381
 8500/10000 [========================>.....] - ETA: 0s - loss: 2.0762 - accuracy: 0.3394
 9000/10000 [==========================>...] - ETA: 0s - loss: 2.0899 - accuracy: 0.3382
 9500/10000 [===========================>..] - ETA: 0s - loss: 2.0915 - accuracy: 0.3394
10000/10000 [==============================] - 6s 604us/step - loss: 2.0960 - accuracy: 0.3392 - val_loss: 2.2888 - val_accuracy: 0.3132
Epoch 5/5

  500/10000 [>.............................] - ETA: 5s - loss: 2.1338 - accuracy: 0.3480
 1000/10000 [==>...........................] - ETA: 5s - loss: 2.1474 - accuracy: 0.3400
 1500/10000 [===>..........................] - ETA: 5s - loss: 2.1813 - accuracy: 0.3320
 2000/10000 [=====>........................] - ETA: 4s - loss: 2.1200 - accuracy: 0.3385
 2500/10000 [======>.......................] - ETA: 4s - loss: 2.1330 - accuracy: 0.3336
 3000/10000 [========>.....................] - ETA: 4s - loss: 2.1709 - accuracy: 0.3150
 3500/10000 [=========>....................] - ETA: 3s - loss: 2.1731 - accuracy: 0.3174
 4000/10000 [===========>..................] - ETA: 3s - loss: 2.1769 - accuracy: 0.3117
 4500/10000 [============>.................] - ETA: 3s - loss: 2.1816 - accuracy: 0.3096
 5000/10000 [==============>...............] - ETA: 3s - loss: 2.1851 - accuracy: 0.3024
 5500/10000 [===============>..............] - ETA: 2s - loss: 2.1901 - accuracy: 0.2975
 6000/10000 [=================>............] - ETA: 2s - loss: 2.1963 - accuracy: 0.2923
 6500/10000 [==================>...........] - ETA: 2s - loss: 2.1950 - accuracy: 0.2958
 7000/10000 [====================>.........] - ETA: 1s - loss: 2.1867 - accuracy: 0.2930
 7500/10000 [=====================>........] - ETA: 1s - loss: 2.1954 - accuracy: 0.2943
 8000/10000 [=======================>......] - ETA: 1s - loss: 2.1861 - accuracy: 0.2956
 8500/10000 [========================>.....] - ETA: 0s - loss: 2.1681 - accuracy: 0.2973
 9000/10000 [==========================>...] - ETA: 0s - loss: 2.1640 - accuracy: 0.2973
 9500/10000 [===========================>..] - ETA: 0s - loss: 2.1617 - accuracy: 0.2993
10000/10000 [==============================] - 6s 606us/step - loss: 2.1561 - accuracy: 0.3015 - val_loss: 2.1392 - val_accuracy: 0.3020
Latency --- 30.957324266433716 seconds ---
For delta=0.000100, the current epsilon is: 1.0774
=====================Iteration========================== 8
For delta=0.000100, the current epsilon is: 1.0774
Noise Mutiplier 2.35
loss= <keras.losses.CategoricalCrossentropy object at 0x7f783f1a2a20>
in grads Tensor("loss_7/mul:0", shape=(?,), dtype=float32)
Train on 10000 samples, validate on 2500 samples
Epoch 1/5

  500/10000 [>.............................] - ETA: 7s - loss: 2.3316 - accuracy: 0.1040
 1000/10000 [==>...........................] - ETA: 6s - loss: 2.3279 - accuracy: 0.0920
 1500/10000 [===>..........................] - ETA: 5s - loss: 2.3182 - accuracy: 0.0933
 2000/10000 [=====>........................] - ETA: 5s - loss: 2.3175 - accuracy: 0.0945
 2500/10000 [======>.......................] - ETA: 4s - loss: 2.3057 - accuracy: 0.0924
 3000/10000 [========>.....................] - ETA: 4s - loss: 2.3033 - accuracy: 0.1000
 3500/10000 [=========>....................] - ETA: 4s - loss: 2.2968 - accuracy: 0.1097
 4000/10000 [===========>..................] - ETA: 3s - loss: 2.2867 - accuracy: 0.1177
 4500/10000 [============>.................] - ETA: 3s - loss: 2.2763 - accuracy: 0.1262
 5000/10000 [==============>...............] - ETA: 3s - loss: 2.2712 - accuracy: 0.1306
 5500/10000 [===============>..............] - ETA: 2s - loss: 2.2540 - accuracy: 0.1395
 6000/10000 [=================>............] - ETA: 2s - loss: 2.2362 - accuracy: 0.1553
 6500/10000 [==================>...........] - ETA: 2s - loss: 2.2253 - accuracy: 0.1631
 7000/10000 [====================>.........] - ETA: 1s - loss: 2.2213 - accuracy: 0.1673
 7500/10000 [=====================>........] - ETA: 1s - loss: 2.2060 - accuracy: 0.1756
 8000/10000 [=======================>......] - ETA: 1s - loss: 2.1939 - accuracy: 0.1828
 8500/10000 [========================>.....] - ETA: 0s - loss: 2.2101 - accuracy: 0.1895
 9000/10000 [==========================>...] - ETA: 0s - loss: 2.2227 - accuracy: 0.1919
 9500/10000 [===========================>..] - ETA: 0s - loss: 2.2375 - accuracy: 0.1949
10000/10000 [==============================] - 6s 621us/step - loss: 2.2437 - accuracy: 0.1961 - val_loss: 2.3843 - val_accuracy: 0.1396
Epoch 2/5

  500/10000 [>.............................] - ETA: 5s - loss: 2.4051 - accuracy: 0.1100
 1000/10000 [==>...........................] - ETA: 5s - loss: 2.3107 - accuracy: 0.1780
 1500/10000 [===>..........................] - ETA: 5s - loss: 2.2710 - accuracy: 0.1947
 2000/10000 [=====>........................] - ETA: 4s - loss: 2.4009 - accuracy: 0.1930
 2500/10000 [======>.......................] - ETA: 4s - loss: 2.3570 - accuracy: 0.2036
 3000/10000 [========>.....................] - ETA: 4s - loss: 2.3013 - accuracy: 0.2130
 3500/10000 [=========>....................] - ETA: 3s - loss: 2.2919 - accuracy: 0.2174
 4000/10000 [===========>..................] - ETA: 3s - loss: 2.3261 - accuracy: 0.2165
 4500/10000 [============>.................] - ETA: 3s - loss: 2.3469 - accuracy: 0.2122
 5000/10000 [==============>...............] - ETA: 3s - loss: 2.3395 - accuracy: 0.2072
 5500/10000 [===============>..............] - ETA: 2s - loss: 2.3192 - accuracy: 0.2100
 6000/10000 [=================>............] - ETA: 2s - loss: 2.3146 - accuracy: 0.2115
 6500/10000 [==================>...........] - ETA: 2s - loss: 2.3145 - accuracy: 0.2122
 7000/10000 [====================>.........] - ETA: 1s - loss: 2.3401 - accuracy: 0.2086
 7500/10000 [=====================>........] - ETA: 1s - loss: 2.3510 - accuracy: 0.2060
 8000/10000 [=======================>......] - ETA: 1s - loss: 2.3677 - accuracy: 0.2015
 8500/10000 [========================>.....] - ETA: 0s - loss: 2.3629 - accuracy: 0.1995
 9000/10000 [==========================>...] - ETA: 0s - loss: 2.3676 - accuracy: 0.1983
 9500/10000 [===========================>..] - ETA: 0s - loss: 2.3649 - accuracy: 0.1993
10000/10000 [==============================] - 6s 607us/step - loss: 2.3571 - accuracy: 0.1996 - val_loss: 2.1714 - val_accuracy: 0.2212
Epoch 3/5

  500/10000 [>.............................] - ETA: 5s - loss: 2.1919 - accuracy: 0.1860
 1000/10000 [==>...........................] - ETA: 5s - loss: 2.1995 - accuracy: 0.1930
 1500/10000 [===>..........................] - ETA: 5s - loss: 2.2606 - accuracy: 0.2000
 2000/10000 [=====>........................] - ETA: 4s - loss: 2.3653 - accuracy: 0.1935
 2500/10000 [======>.......................] - ETA: 4s - loss: 2.4478 - accuracy: 0.1756
 3000/10000 [========>.....................] - ETA: 4s - loss: 2.4338 - accuracy: 0.1633
 3500/10000 [=========>....................] - ETA: 3s - loss: 2.4134 - accuracy: 0.1603
 4000/10000 [===========>..................] - ETA: 3s - loss: 2.3925 - accuracy: 0.1630
 4500/10000 [============>.................] - ETA: 3s - loss: 2.4380 - accuracy: 0.1684
 5000/10000 [==============>...............] - ETA: 2s - loss: 2.4237 - accuracy: 0.1730
 5500/10000 [===============>..............] - ETA: 2s - loss: 2.4149 - accuracy: 0.1787
 6000/10000 [=================>............] - ETA: 2s - loss: 2.3974 - accuracy: 0.1822
 6500/10000 [==================>...........] - ETA: 2s - loss: 2.3849 - accuracy: 0.1812
 7000/10000 [====================>.........] - ETA: 1s - loss: 2.3650 - accuracy: 0.1859
 7500/10000 [=====================>........] - ETA: 1s - loss: 2.3539 - accuracy: 0.1869
 8000/10000 [=======================>......] - ETA: 1s - loss: 2.3388 - accuracy: 0.1891
 8500/10000 [========================>.....] - ETA: 0s - loss: 2.3265 - accuracy: 0.1915
 9000/10000 [==========================>...] - ETA: 0s - loss: 2.3354 - accuracy: 0.1891
 9500/10000 [===========================>..] - ETA: 0s - loss: 2.3283 - accuracy: 0.1900
10000/10000 [==============================] - 6s 606us/step - loss: 2.3228 - accuracy: 0.1909 - val_loss: 2.3977 - val_accuracy: 0.1968
Epoch 4/5

  500/10000 [>.............................] - ETA: 5s - loss: 2.3076 - accuracy: 0.1780
 1000/10000 [==>...........................] - ETA: 5s - loss: 2.3169 - accuracy: 0.1740
 1500/10000 [===>..........................] - ETA: 5s - loss: 2.2958 - accuracy: 0.1680
 2000/10000 [=====>........................] - ETA: 4s - loss: 2.3125 - accuracy: 0.1695
 2500/10000 [======>.......................] - ETA: 4s - loss: 2.3067 - accuracy: 0.1676
 3000/10000 [========>.....................] - ETA: 4s - loss: 2.3159 - accuracy: 0.1737
 3500/10000 [=========>....................] - ETA: 3s - loss: 2.3140 - accuracy: 0.1703
 4000/10000 [===========>..................] - ETA: 3s - loss: 2.3013 - accuracy: 0.1758
 4500/10000 [============>.................] - ETA: 3s - loss: 2.3031 - accuracy: 0.1802
 5000/10000 [==============>...............] - ETA: 3s - loss: 2.2942 - accuracy: 0.1852
 5500/10000 [===============>..............] - ETA: 2s - loss: 2.3065 - accuracy: 0.1845
 6000/10000 [=================>............] - ETA: 2s - loss: 2.2978 - accuracy: 0.1877
 6500/10000 [==================>...........] - ETA: 2s - loss: 2.2954 - accuracy: 0.1900
 7000/10000 [====================>.........] - ETA: 1s - loss: 2.2937 - accuracy: 0.1931
 7500/10000 [=====================>........] - ETA: 1s - loss: 2.2903 - accuracy: 0.1967
 8000/10000 [=======================>......] - ETA: 1s - loss: 2.3001 - accuracy: 0.1986
 8500/10000 [========================>.....] - ETA: 0s - loss: 2.3013 - accuracy: 0.2000
 9000/10000 [==========================>...] - ETA: 0s - loss: 2.2961 - accuracy: 0.1997
 9500/10000 [===========================>..] - ETA: 0s - loss: 2.3070 - accuracy: 0.2006
10000/10000 [==============================] - 6s 606us/step - loss: 2.3109 - accuracy: 0.2007 - val_loss: 2.2187 - val_accuracy: 0.2768
Epoch 5/5

  500/10000 [>.............................] - ETA: 5s - loss: 2.1563 - accuracy: 0.2840
 1000/10000 [==>...........................] - ETA: 5s - loss: 2.1477 - accuracy: 0.2460
 1500/10000 [===>..........................] - ETA: 5s - loss: 2.1422 - accuracy: 0.2580
 2000/10000 [=====>........................] - ETA: 4s - loss: 2.1581 - accuracy: 0.2420
 2500/10000 [======>.......................] - ETA: 4s - loss: 2.1917 - accuracy: 0.2248
 3000/10000 [========>.....................] - ETA: 4s - loss: 2.1887 - accuracy: 0.2120
 3500/10000 [=========>....................] - ETA: 3s - loss: 2.1997 - accuracy: 0.2166
 4000/10000 [===========>..................] - ETA: 3s - loss: 2.1794 - accuracy: 0.2260
 4500/10000 [============>.................] - ETA: 3s - loss: 2.1755 - accuracy: 0.2291
 5000/10000 [==============>...............] - ETA: 2s - loss: 2.1684 - accuracy: 0.2318
 5500/10000 [===============>..............] - ETA: 2s - loss: 2.1752 - accuracy: 0.2318
 6000/10000 [=================>............] - ETA: 2s - loss: 2.1832 - accuracy: 0.2333
 6500/10000 [==================>...........] - ETA: 2s - loss: 2.1801 - accuracy: 0.2309
 7000/10000 [====================>.........] - ETA: 1s - loss: 2.1801 - accuracy: 0.2290
 7500/10000 [=====================>........] - ETA: 1s - loss: 2.1830 - accuracy: 0.2276
 8000/10000 [=======================>......] - ETA: 1s - loss: 2.1851 - accuracy: 0.2264
 8500/10000 [========================>.....] - ETA: 0s - loss: 2.1802 - accuracy: 0.2261
 9000/10000 [==========================>...] - ETA: 0s - loss: 2.1764 - accuracy: 0.2259
 9500/10000 [===========================>..] - ETA: 0s - loss: 2.1703 - accuracy: 0.2265
10000/10000 [==============================] - 6s 602us/step - loss: 2.1781 - accuracy: 0.2255 - val_loss: 2.3171 - val_accuracy: 0.2228
Latency --- 31.063360929489136 seconds ---
For delta=0.000100, the current epsilon is: 1.0774
=====================Iteration========================== 9
For delta=0.000100, the current epsilon is: 1.0774
Noise Mutiplier 2.35
loss= <keras.losses.CategoricalCrossentropy object at 0x7f783effa1d0>
in grads Tensor("loss_8/mul:0", shape=(?,), dtype=float32)
Train on 10000 samples, validate on 2500 samples
Epoch 1/5

  500/10000 [>.............................] - ETA: 7s - loss: 2.3126 - accuracy: 0.0860
 1000/10000 [==>...........................] - ETA: 6s - loss: 2.3118 - accuracy: 0.0980
 1500/10000 [===>..........................] - ETA: 5s - loss: 2.3023 - accuracy: 0.0973
 2000/10000 [=====>........................] - ETA: 5s - loss: 2.3021 - accuracy: 0.1020
 2500/10000 [======>.......................] - ETA: 4s - loss: 2.2949 - accuracy: 0.1136
 3000/10000 [========>.....................] - ETA: 4s - loss: 2.2955 - accuracy: 0.1097
 3500/10000 [=========>....................] - ETA: 4s - loss: 2.2899 - accuracy: 0.1111
 4000/10000 [===========>..................] - ETA: 3s - loss: 2.2855 - accuracy: 0.1205
 4500/10000 [============>.................] - ETA: 3s - loss: 2.2830 - accuracy: 0.1269
 5000/10000 [==============>...............] - ETA: 3s - loss: 2.2778 - accuracy: 0.1300
 5500/10000 [===============>..............] - ETA: 2s - loss: 2.2656 - accuracy: 0.1435
 6000/10000 [=================>............] - ETA: 2s - loss: 2.2622 - accuracy: 0.1437
 6500/10000 [==================>...........] - ETA: 2s - loss: 2.2517 - accuracy: 0.1495
 7000/10000 [====================>.........] - ETA: 1s - loss: 2.2539 - accuracy: 0.1564
 7500/10000 [=====================>........] - ETA: 1s - loss: 2.2730 - accuracy: 0.1609
 8000/10000 [=======================>......] - ETA: 1s - loss: 2.2842 - accuracy: 0.1608
 8500/10000 [========================>.....] - ETA: 0s - loss: 2.2796 - accuracy: 0.1632
 9000/10000 [==========================>...] - ETA: 0s - loss: 2.2746 - accuracy: 0.1677
 9500/10000 [===========================>..] - ETA: 0s - loss: 2.2764 - accuracy: 0.1694
10000/10000 [==============================] - 6s 623us/step - loss: 2.2703 - accuracy: 0.1744 - val_loss: 2.2154 - val_accuracy: 0.2512
Epoch 2/5

  500/10000 [>.............................] - ETA: 5s - loss: 2.1086 - accuracy: 0.2680
 1000/10000 [==>...........................] - ETA: 5s - loss: 2.1547 - accuracy: 0.2660
 1500/10000 [===>..........................] - ETA: 5s - loss: 2.1843 - accuracy: 0.2353
 2000/10000 [=====>........................] - ETA: 4s - loss: 2.1707 - accuracy: 0.2465
 2500/10000 [======>.......................] - ETA: 4s - loss: 2.1533 - accuracy: 0.2520
 3000/10000 [========>.....................] - ETA: 4s - loss: 2.1593 - accuracy: 0.2583
 3500/10000 [=========>....................] - ETA: 3s - loss: 2.1770 - accuracy: 0.2520
 4000/10000 [===========>..................] - ETA: 3s - loss: 2.2122 - accuracy: 0.2438
 4500/10000 [============>.................] - ETA: 3s - loss: 2.2471 - accuracy: 0.2433
 5000/10000 [==============>...............] - ETA: 3s - loss: 2.2284 - accuracy: 0.2462
 5500/10000 [===============>..............] - ETA: 2s - loss: 2.2479 - accuracy: 0.2484
 6000/10000 [=================>............] - ETA: 2s - loss: 2.2594 - accuracy: 0.2492
 6500/10000 [==================>...........] - ETA: 2s - loss: 2.2840 - accuracy: 0.2492
 7000/10000 [====================>.........] - ETA: 1s - loss: 2.2920 - accuracy: 0.2471
 7500/10000 [=====================>........] - ETA: 1s - loss: 2.2898 - accuracy: 0.2432
 8000/10000 [=======================>......] - ETA: 1s - loss: 2.2844 - accuracy: 0.2434
 8500/10000 [========================>.....] - ETA: 0s - loss: 2.2798 - accuracy: 0.2434
 9000/10000 [==========================>...] - ETA: 0s - loss: 2.2780 - accuracy: 0.2432
 9500/10000 [===========================>..] - ETA: 0s - loss: 2.2708 - accuracy: 0.2436
10000/10000 [==============================] - 6s 606us/step - loss: 2.2639 - accuracy: 0.2438 - val_loss: 2.0937 - val_accuracy: 0.2360
Epoch 3/5

  500/10000 [>.............................] - ETA: 5s - loss: 2.0243 - accuracy: 0.2720
 1000/10000 [==>...........................] - ETA: 5s - loss: 2.0425 - accuracy: 0.2740
 1500/10000 [===>..........................] - ETA: 5s - loss: 2.0757 - accuracy: 0.2773
 2000/10000 [=====>........................] - ETA: 4s - loss: 2.1436 - accuracy: 0.2660
 2500/10000 [======>.......................] - ETA: 4s - loss: 2.1423 - accuracy: 0.2604
 3000/10000 [========>.....................] - ETA: 4s - loss: 2.1490 - accuracy: 0.2603
 3500/10000 [=========>....................] - ETA: 3s - loss: 2.1225 - accuracy: 0.2711
 4000/10000 [===========>..................] - ETA: 3s - loss: 2.1616 - accuracy: 0.2665
 4500/10000 [============>.................] - ETA: 3s - loss: 2.1774 - accuracy: 0.2649
 5000/10000 [==============>...............] - ETA: 3s - loss: 2.1710 - accuracy: 0.2694
 5500/10000 [===============>..............] - ETA: 2s - loss: 2.1636 - accuracy: 0.2713
 6000/10000 [=================>............] - ETA: 2s - loss: 2.1441 - accuracy: 0.2762
 6500/10000 [==================>...........] - ETA: 2s - loss: 2.1546 - accuracy: 0.2768
 7000/10000 [====================>.........] - ETA: 1s - loss: 2.1491 - accuracy: 0.2794
 7500/10000 [=====================>........] - ETA: 1s - loss: 2.1424 - accuracy: 0.2823
 8000/10000 [=======================>......] - ETA: 1s - loss: 2.1386 - accuracy: 0.2851
 8500/10000 [========================>.....] - ETA: 0s - loss: 2.1246 - accuracy: 0.2871
 9000/10000 [==========================>...] - ETA: 0s - loss: 2.1260 - accuracy: 0.2877
 9500/10000 [===========================>..] - ETA: 0s - loss: 2.1395 - accuracy: 0.2865
10000/10000 [==============================] - 6s 610us/step - loss: 2.1388 - accuracy: 0.2844 - val_loss: 2.1646 - val_accuracy: 0.2388
Epoch 4/5

  500/10000 [>.............................] - ETA: 5s - loss: 2.0276 - accuracy: 0.2680
 1000/10000 [==>...........................] - ETA: 5s - loss: 2.0438 - accuracy: 0.2800
 1500/10000 [===>..........................] - ETA: 5s - loss: 2.0752 - accuracy: 0.2880
 2000/10000 [=====>........................] - ETA: 4s - loss: 2.1194 - accuracy: 0.2755
 2500/10000 [======>.......................] - ETA: 4s - loss: 2.1101 - accuracy: 0.2836
 3000/10000 [========>.....................] - ETA: 4s - loss: 2.1373 - accuracy: 0.2827
 3500/10000 [=========>....................] - ETA: 3s - loss: 2.1648 - accuracy: 0.2871
 4000/10000 [===========>..................] - ETA: 3s - loss: 2.1702 - accuracy: 0.2928
 4500/10000 [============>.................] - ETA: 3s - loss: 2.1716 - accuracy: 0.2911
 5000/10000 [==============>...............] - ETA: 3s - loss: 2.1762 - accuracy: 0.2878
 5500/10000 [===============>..............] - ETA: 2s - loss: 2.1701 - accuracy: 0.2858
 6000/10000 [=================>............] - ETA: 2s - loss: 2.1632 - accuracy: 0.2860
 6500/10000 [==================>...........] - ETA: 2s - loss: 2.1677 - accuracy: 0.2855
 7000/10000 [====================>.........] - ETA: 1s - loss: 2.1683 - accuracy: 0.2847
 7500/10000 [=====================>........] - ETA: 1s - loss: 2.1852 - accuracy: 0.2811
 8000/10000 [=======================>......] - ETA: 1s - loss: 2.1803 - accuracy: 0.2808
 8500/10000 [========================>.....] - ETA: 0s - loss: 2.1849 - accuracy: 0.2791
 9000/10000 [==========================>...] - ETA: 0s - loss: 2.1814 - accuracy: 0.2749
 9500/10000 [===========================>..] - ETA: 0s - loss: 2.1768 - accuracy: 0.2769
10000/10000 [==============================] - 6s 611us/step - loss: 2.1754 - accuracy: 0.2791 - val_loss: 2.2335 - val_accuracy: 0.2692
Epoch 5/5

  500/10000 [>.............................] - ETA: 5s - loss: 2.1450 - accuracy: 0.2960
 1000/10000 [==>...........................] - ETA: 5s - loss: 2.0928 - accuracy: 0.2880
 1500/10000 [===>..........................] - ETA: 5s - loss: 2.0889 - accuracy: 0.3067
 2000/10000 [=====>........................] - ETA: 4s - loss: 2.0883 - accuracy: 0.3060
 2500/10000 [======>.......................] - ETA: 4s - loss: 2.1157 - accuracy: 0.3052
 3000/10000 [========>.....................] - ETA: 4s - loss: 2.1213 - accuracy: 0.3053
 3500/10000 [=========>....................] - ETA: 3s - loss: 2.1250 - accuracy: 0.3046
 4000/10000 [===========>..................] - ETA: 3s - loss: 2.1700 - accuracy: 0.3007
 4500/10000 [============>.................] - ETA: 3s - loss: 2.1817 - accuracy: 0.3024
 5000/10000 [==============>...............] - ETA: 2s - loss: 2.1994 - accuracy: 0.2980
 5500/10000 [===============>..............] - ETA: 2s - loss: 2.2104 - accuracy: 0.2958
 6000/10000 [=================>............] - ETA: 2s - loss: 2.2277 - accuracy: 0.2947
 6500/10000 [==================>...........] - ETA: 2s - loss: 2.2263 - accuracy: 0.2945
 7000/10000 [====================>.........] - ETA: 1s - loss: 2.2250 - accuracy: 0.2957
 7500/10000 [=====================>........] - ETA: 1s - loss: 2.2338 - accuracy: 0.2965
 8000/10000 [=======================>......] - ETA: 1s - loss: 2.2419 - accuracy: 0.2969
 8500/10000 [========================>.....] - ETA: 0s - loss: 2.2487 - accuracy: 0.2975
 9000/10000 [==========================>...] - ETA: 0s - loss: 2.2492 - accuracy: 0.2954
 9500/10000 [===========================>..] - ETA: 0s - loss: 2.2516 - accuracy: 0.2945
10000/10000 [==============================] - 6s 605us/step - loss: 2.2703 - accuracy: 0.2950 - val_loss: 2.4032 - val_accuracy: 0.2936
Latency --- 31.235446214675903 seconds ---
For delta=0.000100, the current epsilon is: 1.0774
=====================Iteration========================== 10
For delta=0.000100, the current epsilon is: 1.0774
Noise Mutiplier 2.35
loss= <keras.losses.CategoricalCrossentropy object at 0x7f783eec7b00>
in grads Tensor("loss_9/mul:0", shape=(?,), dtype=float32)
Train on 10000 samples, validate on 2500 samples
Epoch 1/5

  500/10000 [>.............................] - ETA: 7s - loss: 2.2985 - accuracy: 0.1240
 1000/10000 [==>...........................] - ETA: 6s - loss: 2.2900 - accuracy: 0.1340
 1500/10000 [===>..........................] - ETA: 5s - loss: 2.2882 - accuracy: 0.1440
 2000/10000 [=====>........................] - ETA: 5s - loss: 2.2833 - accuracy: 0.1520
 2500/10000 [======>.......................] - ETA: 4s - loss: 2.2737 - accuracy: 0.1532
 3000/10000 [========>.....................] - ETA: 4s - loss: 2.2607 - accuracy: 0.1673
 3500/10000 [=========>....................] - ETA: 4s - loss: 2.2645 - accuracy: 0.1620
 4000/10000 [===========>..................] - ETA: 3s - loss: 2.2578 - accuracy: 0.1583
 4500/10000 [============>.................] - ETA: 3s - loss: 2.2539 - accuracy: 0.1727
 5000/10000 [==============>...............] - ETA: 3s - loss: 2.2637 - accuracy: 0.1698
 5500/10000 [===============>..............] - ETA: 2s - loss: 2.2678 - accuracy: 0.1718
 6000/10000 [=================>............] - ETA: 2s - loss: 2.2858 - accuracy: 0.1682
 6500/10000 [==================>...........] - ETA: 2s - loss: 2.3087 - accuracy: 0.1666
 7000/10000 [====================>.........] - ETA: 1s - loss: 2.3091 - accuracy: 0.1633
 7500/10000 [=====================>........] - ETA: 1s - loss: 2.2985 - accuracy: 0.1703
 8000/10000 [=======================>......] - ETA: 1s - loss: 2.3067 - accuracy: 0.1705
 8500/10000 [========================>.....] - ETA: 0s - loss: 2.2998 - accuracy: 0.1758
 9000/10000 [==========================>...] - ETA: 0s - loss: 2.3200 - accuracy: 0.1768
 9500/10000 [===========================>..] - ETA: 0s - loss: 2.3128 - accuracy: 0.1797
10000/10000 [==============================] - 6s 622us/step - loss: 2.3036 - accuracy: 0.1820 - val_loss: 2.6304 - val_accuracy: 0.2564
Epoch 2/5

  500/10000 [>.............................] - ETA: 5s - loss: 2.5657 - accuracy: 0.2680
 1000/10000 [==>...........................] - ETA: 5s - loss: 2.5637 - accuracy: 0.2030
 1500/10000 [===>..........................] - ETA: 5s - loss: 2.6441 - accuracy: 0.1887
 2000/10000 [=====>........................] - ETA: 4s - loss: 2.5707 - accuracy: 0.1875
 2500/10000 [======>.......................] - ETA: 4s - loss: 2.5553 - accuracy: 0.2012
 3000/10000 [========>.....................] - ETA: 4s - loss: 2.6257 - accuracy: 0.1983
 3500/10000 [=========>....................] - ETA: 3s - loss: 2.6207 - accuracy: 0.2034
 4000/10000 [===========>..................] - ETA: 3s - loss: 2.6244 - accuracy: 0.2130
 4500/10000 [============>.................] - ETA: 3s - loss: 2.6040 - accuracy: 0.2082
 5000/10000 [==============>...............] - ETA: 3s - loss: 2.5909 - accuracy: 0.2050
 5500/10000 [===============>..............] - ETA: 2s - loss: 2.5874 - accuracy: 0.2011
 6000/10000 [=================>............] - ETA: 2s - loss: 2.5898 - accuracy: 0.2025
 6500/10000 [==================>...........] - ETA: 2s - loss: 2.5669 - accuracy: 0.2037
 7000/10000 [====================>.........] - ETA: 1s - loss: 2.5743 - accuracy: 0.2029
 7500/10000 [=====================>........] - ETA: 1s - loss: 2.5799 - accuracy: 0.2040
 8000/10000 [=======================>......] - ETA: 1s - loss: 2.5568 - accuracy: 0.2059
 8500/10000 [========================>.....] - ETA: 0s - loss: 2.5453 - accuracy: 0.2085
 9000/10000 [==========================>...] - ETA: 0s - loss: 2.5419 - accuracy: 0.2094
 9500/10000 [===========================>..] - ETA: 0s - loss: 2.5775 - accuracy: 0.2069
10000/10000 [==============================] - 6s 610us/step - loss: 2.6159 - accuracy: 0.2041 - val_loss: 2.6823 - val_accuracy: 0.1780
Epoch 3/5

  500/10000 [>.............................] - ETA: 5s - loss: 2.8212 - accuracy: 0.1660
 1000/10000 [==>...........................] - ETA: 5s - loss: 2.5833 - accuracy: 0.1930
 1500/10000 [===>..........................] - ETA: 5s - loss: 2.5626 - accuracy: 0.1847
 2000/10000 [=====>........................] - ETA: 4s - loss: 2.5165 - accuracy: 0.1830
 2500/10000 [======>.......................] - ETA: 4s - loss: 2.4760 - accuracy: 0.1864
 3000/10000 [========>.....................] - ETA: 4s - loss: 2.4570 - accuracy: 0.1870
 3500/10000 [=========>....................] - ETA: 3s - loss: 2.4698 - accuracy: 0.1800
 4000/10000 [===========>..................] - ETA: 3s - loss: 2.4740 - accuracy: 0.1815
 4500/10000 [============>.................] - ETA: 3s - loss: 2.4755 - accuracy: 0.1784
 5000/10000 [==============>...............] - ETA: 3s - loss: 2.4580 - accuracy: 0.1772
 5500/10000 [===============>..............] - ETA: 2s - loss: 2.4533 - accuracy: 0.1753
 6000/10000 [=================>............] - ETA: 2s - loss: 2.4463 - accuracy: 0.1743
 6500/10000 [==================>...........] - ETA: 2s - loss: 2.4604 - accuracy: 0.1742
 7000/10000 [====================>.........] - ETA: 1s - loss: 2.4663 - accuracy: 0.1731
 7500/10000 [=====================>........] - ETA: 1s - loss: 2.4571 - accuracy: 0.1748
 8000/10000 [=======================>......] - ETA: 1s - loss: 2.4484 - accuracy: 0.1769
 8500/10000 [========================>.....] - ETA: 0s - loss: 2.4376 - accuracy: 0.1784
 9000/10000 [==========================>...] - ETA: 0s - loss: 2.4324 - accuracy: 0.1804
 9500/10000 [===========================>..] - ETA: 0s - loss: 2.4263 - accuracy: 0.1806
10000/10000 [==============================] - 6s 608us/step - loss: 2.4197 - accuracy: 0.1792 - val_loss: 2.3604 - val_accuracy: 0.1336
Epoch 4/5

  500/10000 [>.............................] - ETA: 5s - loss: 2.3839 - accuracy: 0.1260
 1000/10000 [==>...........................] - ETA: 5s - loss: 2.3781 - accuracy: 0.1330
 1500/10000 [===>..........................] - ETA: 5s - loss: 2.3638 - accuracy: 0.1293
 2000/10000 [=====>........................] - ETA: 4s - loss: 2.3505 - accuracy: 0.1360
 2500/10000 [======>.......................] - ETA: 4s - loss: 2.3453 - accuracy: 0.1360
 3000/10000 [========>.....................] - ETA: 4s - loss: 2.3498 - accuracy: 0.1403
 3500/10000 [=========>....................] - ETA: 3s - loss: 2.3607 - accuracy: 0.1409
 4000/10000 [===========>..................] - ETA: 3s - loss: 2.3764 - accuracy: 0.1415
 4500/10000 [============>.................] - ETA: 3s - loss: 2.3699 - accuracy: 0.1376
 5000/10000 [==============>...............] - ETA: 3s - loss: 2.3699 - accuracy: 0.1398
 5500/10000 [===============>..............] - ETA: 2s - loss: 2.3630 - accuracy: 0.1416
 6000/10000 [=================>............] - ETA: 2s - loss: 2.3600 - accuracy: 0.1463
 6500/10000 [==================>...........] - ETA: 2s - loss: 2.3590 - accuracy: 0.1508
 7000/10000 [====================>.........] - ETA: 1s - loss: 2.3538 - accuracy: 0.1523
 7500/10000 [=====================>........] - ETA: 1s - loss: 2.3419 - accuracy: 0.1564
 8000/10000 [=======================>......] - ETA: 1s - loss: 2.3317 - accuracy: 0.1608
 8500/10000 [========================>.....] - ETA: 0s - loss: 2.3249 - accuracy: 0.1625
 9000/10000 [==========================>...] - ETA: 0s - loss: 2.3186 - accuracy: 0.1667
 9500/10000 [===========================>..] - ETA: 0s - loss: 2.3165 - accuracy: 0.1640
10000/10000 [==============================] - 6s 611us/step - loss: 2.3171 - accuracy: 0.1633 - val_loss: 2.3302 - val_accuracy: 0.1604
Epoch 5/5

  500/10000 [>.............................] - ETA: 5s - loss: 2.3278 - accuracy: 0.1460
 1000/10000 [==>...........................] - ETA: 5s - loss: 2.4084 - accuracy: 0.1580
 1500/10000 [===>..........................] - ETA: 5s - loss: 2.3786 - accuracy: 0.1520
 2000/10000 [=====>........................] - ETA: 4s - loss: 2.4347 - accuracy: 0.1580
 2500/10000 [======>.......................] - ETA: 4s - loss: 2.4570 - accuracy: 0.1536
 3000/10000 [========>.....................] - ETA: 4s - loss: 2.4375 - accuracy: 0.1430
 3500/10000 [=========>....................] - ETA: 3s - loss: 2.4236 - accuracy: 0.1417
 4000/10000 [===========>..................] - ETA: 3s - loss: 2.4168 - accuracy: 0.1392
 4500/10000 [============>.................] - ETA: 3s - loss: 2.4167 - accuracy: 0.1382
 5000/10000 [==============>...............] - ETA: 3s - loss: 2.4158 - accuracy: 0.1338
 5500/10000 [===============>..............] - ETA: 2s - loss: 2.4348 - accuracy: 0.1316
 6000/10000 [=================>............] - ETA: 2s - loss: 2.4415 - accuracy: 0.1293
 6500/10000 [==================>...........] - ETA: 2s - loss: 2.4309 - accuracy: 0.1288
 7000/10000 [====================>.........] - ETA: 1s - loss: 2.4245 - accuracy: 0.1279
 7500/10000 [=====================>........] - ETA: 1s - loss: 2.4210 - accuracy: 0.1303
 8000/10000 [=======================>......] - ETA: 1s - loss: 2.4131 - accuracy: 0.1300
 8500/10000 [========================>.....] - ETA: 0s - loss: 2.4105 - accuracy: 0.1322
 9000/10000 [==========================>...] - ETA: 0s - loss: 2.4032 - accuracy: 0.1330
 9500/10000 [===========================>..] - ETA: 0s - loss: 2.4091 - accuracy: 0.1329
10000/10000 [==============================] - 6s 608us/step - loss: 2.4023 - accuracy: 0.1337 - val_loss: 2.4236 - val_accuracy: 0.1220
Latency --- 31.300328969955444 seconds ---
For delta=0.000100, the current epsilon is: 1.0774
