We are using Tensorflow version 1.15.2
Keras API version: 2.3.1
=====================Iteration========================== 1
For delta=0.000100, the current epsilon is: 4.0678
Noise Mutiplier 1
loss= <keras.losses.CategoricalCrossentropy object at 0x7f1199ba6160>
in grads Tensor("loss/mul:0", shape=(?,), dtype=float32)
Train on 10000 samples, validate on 2500 samples
Epoch 1/5

  500/10000 [>.............................] - ETA: 7s - loss: 2.3193 - accuracy: 0.1000
 1000/10000 [==>...........................] - ETA: 6s - loss: 2.3087 - accuracy: 0.1170
 1500/10000 [===>..........................] - ETA: 5s - loss: 2.3047 - accuracy: 0.1053
 2000/10000 [=====>........................] - ETA: 5s - loss: 2.2952 - accuracy: 0.1425
 2500/10000 [======>.......................] - ETA: 4s - loss: 2.2810 - accuracy: 0.1732
 3000/10000 [========>.....................] - ETA: 4s - loss: 2.2661 - accuracy: 0.1907
 3500/10000 [=========>....................] - ETA: 4s - loss: 2.2551 - accuracy: 0.1971
 4000/10000 [===========>..................] - ETA: 3s - loss: 2.2415 - accuracy: 0.2025
 4500/10000 [============>.................] - ETA: 3s - loss: 2.2312 - accuracy: 0.2009
 5000/10000 [==============>...............] - ETA: 3s - loss: 2.2224 - accuracy: 0.2080
 5500/10000 [===============>..............] - ETA: 2s - loss: 2.2099 - accuracy: 0.2109
 6000/10000 [=================>............] - ETA: 2s - loss: 2.1908 - accuracy: 0.2305
 6500/10000 [==================>...........] - ETA: 2s - loss: 2.1722 - accuracy: 0.2365
 7000/10000 [====================>.........] - ETA: 1s - loss: 2.1614 - accuracy: 0.2421
 7500/10000 [=====================>........] - ETA: 1s - loss: 2.1429 - accuracy: 0.2481
 8000/10000 [=======================>......] - ETA: 1s - loss: 2.1249 - accuracy: 0.2609
 8500/10000 [========================>.....] - ETA: 0s - loss: 2.1035 - accuracy: 0.2700
 9000/10000 [==========================>...] - ETA: 0s - loss: 2.0898 - accuracy: 0.2776
 9500/10000 [===========================>..] - ETA: 0s - loss: 2.0733 - accuracy: 0.2816
10000/10000 [==============================] - 6s 619us/step - loss: 2.0537 - accuracy: 0.2911 - val_loss: 1.7580 - val_accuracy: 0.3904
Epoch 2/5

  500/10000 [>.............................] - ETA: 5s - loss: 1.7183 - accuracy: 0.4200
 1000/10000 [==>...........................] - ETA: 5s - loss: 1.7814 - accuracy: 0.4120
 1500/10000 [===>..........................] - ETA: 5s - loss: 1.8146 - accuracy: 0.4253
 2000/10000 [=====>........................] - ETA: 4s - loss: 1.7545 - accuracy: 0.4365
 2500/10000 [======>.......................] - ETA: 4s - loss: 1.7242 - accuracy: 0.4664
 3000/10000 [========>.....................] - ETA: 4s - loss: 1.7150 - accuracy: 0.4570
 3500/10000 [=========>....................] - ETA: 3s - loss: 1.6920 - accuracy: 0.4689
 4000/10000 [===========>..................] - ETA: 3s - loss: 1.6672 - accuracy: 0.4645
 4500/10000 [============>.................] - ETA: 3s - loss: 1.6634 - accuracy: 0.4680
 5000/10000 [==============>...............] - ETA: 3s - loss: 1.6571 - accuracy: 0.4650
 5500/10000 [===============>..............] - ETA: 2s - loss: 1.6508 - accuracy: 0.4636
 6000/10000 [=================>............] - ETA: 2s - loss: 1.6429 - accuracy: 0.4665
 6500/10000 [==================>...........] - ETA: 2s - loss: 1.6182 - accuracy: 0.4740
 7000/10000 [====================>.........] - ETA: 1s - loss: 1.5884 - accuracy: 0.4880
 7500/10000 [=====================>........] - ETA: 1s - loss: 1.5803 - accuracy: 0.4865
 8000/10000 [=======================>......] - ETA: 1s - loss: 1.5673 - accuracy: 0.4927
 8500/10000 [========================>.....] - ETA: 0s - loss: 1.5565 - accuracy: 0.4962
 9000/10000 [==========================>...] - ETA: 0s - loss: 1.5548 - accuracy: 0.4952
 9500/10000 [===========================>..] - ETA: 0s - loss: 1.5417 - accuracy: 0.5006
10000/10000 [==============================] - 6s 607us/step - loss: 1.5300 - accuracy: 0.5061 - val_loss: 1.5896 - val_accuracy: 0.4872
Epoch 3/5

  500/10000 [>.............................] - ETA: 5s - loss: 1.5447 - accuracy: 0.5360
 1000/10000 [==>...........................] - ETA: 5s - loss: 1.4322 - accuracy: 0.5680
 1500/10000 [===>..........................] - ETA: 5s - loss: 1.3431 - accuracy: 0.5747
 2000/10000 [=====>........................] - ETA: 4s - loss: 1.3346 - accuracy: 0.5575
 2500/10000 [======>.......................] - ETA: 4s - loss: 1.3214 - accuracy: 0.5604
 3000/10000 [========>.....................] - ETA: 4s - loss: 1.2678 - accuracy: 0.5817
 3500/10000 [=========>....................] - ETA: 3s - loss: 1.2352 - accuracy: 0.5906
 4000/10000 [===========>..................] - ETA: 3s - loss: 1.2352 - accuracy: 0.5905
 4500/10000 [============>.................] - ETA: 3s - loss: 1.2591 - accuracy: 0.5889
 5000/10000 [==============>...............] - ETA: 2s - loss: 1.2511 - accuracy: 0.5872
 5500/10000 [===============>..............] - ETA: 2s - loss: 1.2428 - accuracy: 0.5902
 6000/10000 [=================>............] - ETA: 2s - loss: 1.2330 - accuracy: 0.5893
 6500/10000 [==================>...........] - ETA: 2s - loss: 1.2332 - accuracy: 0.5906
 7000/10000 [====================>.........] - ETA: 1s - loss: 1.2250 - accuracy: 0.5956
 7500/10000 [=====================>........] - ETA: 1s - loss: 1.2169 - accuracy: 0.5959
 8000/10000 [=======================>......] - ETA: 1s - loss: 1.2192 - accuracy: 0.5947
 8500/10000 [========================>.....] - ETA: 0s - loss: 1.2194 - accuracy: 0.5919
 9000/10000 [==========================>...] - ETA: 0s - loss: 1.2083 - accuracy: 0.5963
 9500/10000 [===========================>..] - ETA: 0s - loss: 1.2031 - accuracy: 0.5979
10000/10000 [==============================] - 6s 605us/step - loss: 1.2069 - accuracy: 0.5980 - val_loss: 1.2830 - val_accuracy: 0.5464
Epoch 4/5

  500/10000 [>.............................] - ETA: 5s - loss: 1.2112 - accuracy: 0.5880
 1000/10000 [==>...........................] - ETA: 5s - loss: 1.1466 - accuracy: 0.5990
 1500/10000 [===>..........................] - ETA: 5s - loss: 1.2480 - accuracy: 0.5947
 2000/10000 [=====>........................] - ETA: 4s - loss: 1.1778 - accuracy: 0.6185
 2500/10000 [======>.......................] - ETA: 4s - loss: 1.1499 - accuracy: 0.6248
 3000/10000 [========>.....................] - ETA: 4s - loss: 1.1222 - accuracy: 0.6353
 3500/10000 [=========>....................] - ETA: 3s - loss: 1.1136 - accuracy: 0.6349
 4000/10000 [===========>..................] - ETA: 3s - loss: 1.1212 - accuracy: 0.6298
 4500/10000 [============>.................] - ETA: 3s - loss: 1.1383 - accuracy: 0.6236
 5000/10000 [==============>...............] - ETA: 3s - loss: 1.1119 - accuracy: 0.6318
 5500/10000 [===============>..............] - ETA: 2s - loss: 1.0985 - accuracy: 0.6416
 6000/10000 [=================>............] - ETA: 2s - loss: 1.0746 - accuracy: 0.6507
 6500/10000 [==================>...........] - ETA: 2s - loss: 1.0676 - accuracy: 0.6517
 7000/10000 [====================>.........] - ETA: 1s - loss: 1.0925 - accuracy: 0.6456
 7500/10000 [=====================>........] - ETA: 1s - loss: 1.0820 - accuracy: 0.6472
 8000/10000 [=======================>......] - ETA: 1s - loss: 1.0871 - accuracy: 0.6485
 8500/10000 [========================>.....] - ETA: 0s - loss: 1.0824 - accuracy: 0.6498
 9000/10000 [==========================>...] - ETA: 0s - loss: 1.0727 - accuracy: 0.6517
 9500/10000 [===========================>..] - ETA: 0s - loss: 1.0564 - accuracy: 0.6571
10000/10000 [==============================] - 6s 606us/step - loss: 1.0542 - accuracy: 0.6575 - val_loss: 1.1620 - val_accuracy: 0.5920
Epoch 5/5

  500/10000 [>.............................] - ETA: 5s - loss: 0.9648 - accuracy: 0.6740
 1000/10000 [==>...........................] - ETA: 5s - loss: 0.9143 - accuracy: 0.7020
 1500/10000 [===>..........................] - ETA: 5s - loss: 0.8922 - accuracy: 0.7000
 2000/10000 [=====>........................] - ETA: 4s - loss: 0.8507 - accuracy: 0.7160
 2500/10000 [======>.......................] - ETA: 4s - loss: 0.8485 - accuracy: 0.7140
 3000/10000 [========>.....................] - ETA: 4s - loss: 0.8610 - accuracy: 0.7103
 3500/10000 [=========>....................] - ETA: 3s - loss: 0.8561 - accuracy: 0.7109
 4000/10000 [===========>..................] - ETA: 3s - loss: 0.8439 - accuracy: 0.7188
 4500/10000 [============>.................] - ETA: 3s - loss: 0.8620 - accuracy: 0.7104
 5000/10000 [==============>...............] - ETA: 3s - loss: 0.8801 - accuracy: 0.7054
 5500/10000 [===============>..............] - ETA: 2s - loss: 0.8752 - accuracy: 0.7053
 6000/10000 [=================>............] - ETA: 2s - loss: 0.8804 - accuracy: 0.7053
 6500/10000 [==================>...........] - ETA: 2s - loss: 0.8708 - accuracy: 0.7091
 7000/10000 [====================>.........] - ETA: 1s - loss: 0.8740 - accuracy: 0.7096
 7500/10000 [=====================>........] - ETA: 1s - loss: 0.8703 - accuracy: 0.7108
 8000/10000 [=======================>......] - ETA: 1s - loss: 0.8813 - accuracy: 0.7088
 8500/10000 [========================>.....] - ETA: 0s - loss: 0.8719 - accuracy: 0.7114
 9000/10000 [==========================>...] - ETA: 0s - loss: 0.8713 - accuracy: 0.7118
 9500/10000 [===========================>..] - ETA: 0s - loss: 0.8725 - accuracy: 0.7123
10000/10000 [==============================] - 6s 610us/step - loss: 0.8686 - accuracy: 0.7133 - val_loss: 1.0641 - val_accuracy: 0.6764
Latency --- 30.950289487838745 seconds ---
For delta=0.000100, the current epsilon is: 4.0678
Saving model with new accuracy, previous accuracy was 0 and present is 0.7132999897003174
Saved model to disk
=====================Iteration========================== 2
For delta=0.000100, the current epsilon is: 4.0678
Noise Mutiplier 1
loss= <keras.losses.CategoricalCrossentropy object at 0x7f118c6d5940>
in grads Tensor("loss_1/mul:0", shape=(?,), dtype=float32)
Train on 10000 samples, validate on 2500 samples
Epoch 1/5

  500/10000 [>.............................] - ETA: 7s - loss: 2.3033 - accuracy: 0.1740
 1000/10000 [==>...........................] - ETA: 6s - loss: 2.2952 - accuracy: 0.1510
 1500/10000 [===>..........................] - ETA: 5s - loss: 2.2871 - accuracy: 0.1493
 2000/10000 [=====>........................] - ETA: 5s - loss: 2.2850 - accuracy: 0.1505
 2500/10000 [======>.......................] - ETA: 4s - loss: 2.2819 - accuracy: 0.1564
 3000/10000 [========>.....................] - ETA: 4s - loss: 2.2754 - accuracy: 0.1543
 3500/10000 [=========>....................] - ETA: 4s - loss: 2.2678 - accuracy: 0.1657
 4000/10000 [===========>..................] - ETA: 3s - loss: 2.2664 - accuracy: 0.1608
 4500/10000 [============>.................] - ETA: 3s - loss: 2.2585 - accuracy: 0.1796
 5000/10000 [==============>...............] - ETA: 3s - loss: 2.2502 - accuracy: 0.1876
 5500/10000 [===============>..............] - ETA: 2s - loss: 2.2410 - accuracy: 0.2005
 6000/10000 [=================>............] - ETA: 2s - loss: 2.2287 - accuracy: 0.2120
 6500/10000 [==================>...........] - ETA: 2s - loss: 2.2191 - accuracy: 0.2280
 7000/10000 [====================>.........] - ETA: 1s - loss: 2.2072 - accuracy: 0.2386
 7500/10000 [=====================>........] - ETA: 1s - loss: 2.1993 - accuracy: 0.2383
 8000/10000 [=======================>......] - ETA: 1s - loss: 2.1864 - accuracy: 0.2495
 8500/10000 [========================>.....] - ETA: 0s - loss: 2.1769 - accuracy: 0.2513
 9000/10000 [==========================>...] - ETA: 0s - loss: 2.1739 - accuracy: 0.2522
 9500/10000 [===========================>..] - ETA: 0s - loss: 2.1688 - accuracy: 0.2508
10000/10000 [==============================] - 6s 614us/step - loss: 2.1653 - accuracy: 0.2535 - val_loss: 2.1230 - val_accuracy: 0.1936
Epoch 2/5

  500/10000 [>.............................] - ETA: 5s - loss: 2.0197 - accuracy: 0.2240
 1000/10000 [==>...........................] - ETA: 5s - loss: 1.9256 - accuracy: 0.3360
 1500/10000 [===>..........................] - ETA: 5s - loss: 1.8865 - accuracy: 0.3867
 2000/10000 [=====>........................] - ETA: 4s - loss: 1.8667 - accuracy: 0.3875
 2500/10000 [======>.......................] - ETA: 4s - loss: 1.8572 - accuracy: 0.3928
 3000/10000 [========>.....................] - ETA: 4s - loss: 1.8346 - accuracy: 0.4080
 3500/10000 [=========>....................] - ETA: 3s - loss: 1.8195 - accuracy: 0.4197
 4000/10000 [===========>..................] - ETA: 3s - loss: 1.7960 - accuracy: 0.4280
 4500/10000 [============>.................] - ETA: 3s - loss: 1.7751 - accuracy: 0.4438
 5000/10000 [==============>...............] - ETA: 3s - loss: 1.7488 - accuracy: 0.4530
 5500/10000 [===============>..............] - ETA: 2s - loss: 1.7500 - accuracy: 0.4589
 6000/10000 [=================>............] - ETA: 2s - loss: 1.7339 - accuracy: 0.4668
 6500/10000 [==================>...........] - ETA: 2s - loss: 1.7264 - accuracy: 0.4748
 7000/10000 [====================>.........] - ETA: 1s - loss: 1.7302 - accuracy: 0.4641
 7500/10000 [=====================>........] - ETA: 1s - loss: 1.7208 - accuracy: 0.4660
 8000/10000 [=======================>......] - ETA: 1s - loss: 1.7072 - accuracy: 0.4715
 8500/10000 [========================>.....] - ETA: 0s - loss: 1.6928 - accuracy: 0.4736
 9000/10000 [==========================>...] - ETA: 0s - loss: 1.6803 - accuracy: 0.4784
 9500/10000 [===========================>..] - ETA: 0s - loss: 1.6653 - accuracy: 0.4825
10000/10000 [==============================] - 6s 605us/step - loss: 1.6464 - accuracy: 0.4886 - val_loss: 1.6189 - val_accuracy: 0.5032
Epoch 3/5

  500/10000 [>.............................] - ETA: 5s - loss: 1.5288 - accuracy: 0.5040
 1000/10000 [==>...........................] - ETA: 5s - loss: 1.4606 - accuracy: 0.5270
 1500/10000 [===>..........................] - ETA: 5s - loss: 1.4545 - accuracy: 0.5173
 2000/10000 [=====>........................] - ETA: 4s - loss: 1.4128 - accuracy: 0.5420
 2500/10000 [======>.......................] - ETA: 4s - loss: 1.3793 - accuracy: 0.5500
 3000/10000 [========>.....................] - ETA: 4s - loss: 1.3755 - accuracy: 0.5510
 3500/10000 [=========>....................] - ETA: 3s - loss: 1.3589 - accuracy: 0.5551
 4000/10000 [===========>..................] - ETA: 3s - loss: 1.3539 - accuracy: 0.5585
 4500/10000 [============>.................] - ETA: 3s - loss: 1.3346 - accuracy: 0.5618
 5000/10000 [==============>...............] - ETA: 3s - loss: 1.3362 - accuracy: 0.5598
 5500/10000 [===============>..............] - ETA: 2s - loss: 1.3258 - accuracy: 0.5658
 6000/10000 [=================>............] - ETA: 2s - loss: 1.2963 - accuracy: 0.5763
 6500/10000 [==================>...........] - ETA: 2s - loss: 1.2762 - accuracy: 0.5843
 7000/10000 [====================>.........] - ETA: 1s - loss: 1.2686 - accuracy: 0.5849
 7500/10000 [=====================>........] - ETA: 1s - loss: 1.2599 - accuracy: 0.5877
 8000/10000 [=======================>......] - ETA: 1s - loss: 1.2543 - accuracy: 0.5918
 8500/10000 [========================>.....] - ETA: 0s - loss: 1.2400 - accuracy: 0.5987
 9000/10000 [==========================>...] - ETA: 0s - loss: 1.2198 - accuracy: 0.6058
 9500/10000 [===========================>..] - ETA: 0s - loss: 1.2028 - accuracy: 0.6113
10000/10000 [==============================] - 6s 605us/step - loss: 1.1842 - accuracy: 0.6179 - val_loss: 1.0268 - val_accuracy: 0.7124
Epoch 4/5

  500/10000 [>.............................] - ETA: 5s - loss: 0.9637 - accuracy: 0.7240
 1000/10000 [==>...........................] - ETA: 5s - loss: 0.9439 - accuracy: 0.7130
 1500/10000 [===>..........................] - ETA: 5s - loss: 0.8745 - accuracy: 0.7353
 2000/10000 [=====>........................] - ETA: 4s - loss: 0.8567 - accuracy: 0.7385
 2500/10000 [======>.......................] - ETA: 4s - loss: 0.8448 - accuracy: 0.7388
 3000/10000 [========>.....................] - ETA: 4s - loss: 0.8611 - accuracy: 0.7330
 3500/10000 [=========>....................] - ETA: 3s - loss: 0.8959 - accuracy: 0.7220
 4000/10000 [===========>..................] - ETA: 3s - loss: 0.8939 - accuracy: 0.7212
 4500/10000 [============>.................] - ETA: 3s - loss: 0.9041 - accuracy: 0.7160
 5000/10000 [==============>...............] - ETA: 2s - loss: 0.9011 - accuracy: 0.7156
 5500/10000 [===============>..............] - ETA: 2s - loss: 0.9073 - accuracy: 0.7124
 6000/10000 [=================>............] - ETA: 2s - loss: 0.9063 - accuracy: 0.7142
 6500/10000 [==================>...........] - ETA: 2s - loss: 0.9049 - accuracy: 0.7143
 7000/10000 [====================>.........] - ETA: 1s - loss: 0.8930 - accuracy: 0.7186
 7500/10000 [=====================>........] - ETA: 1s - loss: 0.8986 - accuracy: 0.7137
 8000/10000 [=======================>......] - ETA: 1s - loss: 0.8954 - accuracy: 0.7136
 8500/10000 [========================>.....] - ETA: 0s - loss: 0.8888 - accuracy: 0.7155
 9000/10000 [==========================>...] - ETA: 0s - loss: 0.8856 - accuracy: 0.7170
 9500/10000 [===========================>..] - ETA: 0s - loss: 0.8865 - accuracy: 0.7164
10000/10000 [==============================] - 6s 602us/step - loss: 0.8837 - accuracy: 0.7182 - val_loss: 1.0362 - val_accuracy: 0.6580
Epoch 5/5

  500/10000 [>.............................] - ETA: 5s - loss: 0.8643 - accuracy: 0.7160
 1000/10000 [==>...........................] - ETA: 5s - loss: 0.8585 - accuracy: 0.7180
 1500/10000 [===>..........................] - ETA: 5s - loss: 0.8079 - accuracy: 0.7400
 2000/10000 [=====>........................] - ETA: 4s - loss: 0.8471 - accuracy: 0.7315
 2500/10000 [======>.......................] - ETA: 4s - loss: 0.8309 - accuracy: 0.7324
 3000/10000 [========>.....................] - ETA: 4s - loss: 0.8301 - accuracy: 0.7350
 3500/10000 [=========>....................] - ETA: 3s - loss: 0.8212 - accuracy: 0.7334
 4000/10000 [===========>..................] - ETA: 3s - loss: 0.8427 - accuracy: 0.7243
 4500/10000 [============>.................] - ETA: 3s - loss: 0.8376 - accuracy: 0.7316
 5000/10000 [==============>...............] - ETA: 2s - loss: 0.8372 - accuracy: 0.7326
 5500/10000 [===============>..............] - ETA: 2s - loss: 0.8371 - accuracy: 0.7338
 6000/10000 [=================>............] - ETA: 2s - loss: 0.8391 - accuracy: 0.7327
 6500/10000 [==================>...........] - ETA: 2s - loss: 0.8451 - accuracy: 0.7343
 7000/10000 [====================>.........] - ETA: 1s - loss: 0.8330 - accuracy: 0.7380
 7500/10000 [=====================>........] - ETA: 1s - loss: 0.8374 - accuracy: 0.7375
 8000/10000 [=======================>......] - ETA: 1s - loss: 0.8411 - accuracy: 0.7370
 8500/10000 [========================>.....] - ETA: 0s - loss: 0.8367 - accuracy: 0.7384
 9000/10000 [==========================>...] - ETA: 0s - loss: 0.8342 - accuracy: 0.7389
 9500/10000 [===========================>..] - ETA: 0s - loss: 0.8309 - accuracy: 0.7402
10000/10000 [==============================] - 6s 601us/step - loss: 0.8228 - accuracy: 0.7426 - val_loss: 0.8238 - val_accuracy: 0.7304
Latency --- 30.732670545578003 seconds ---
For delta=0.000100, the current epsilon is: 4.0678
Saving model with new accuracy, previous accuracy was 0.7132999897003174 and present is 0.7426000237464905
Saved model to disk
=====================Iteration========================== 3
For delta=0.000100, the current epsilon is: 4.0678
Noise Mutiplier 1
loss= <keras.losses.CategoricalCrossentropy object at 0x7f11966217f0>
in grads Tensor("loss_2/mul:0", shape=(?,), dtype=float32)
Train on 10000 samples, validate on 2500 samples
Epoch 1/5

  500/10000 [>.............................] - ETA: 7s - loss: 2.3218 - accuracy: 0.0600
 1000/10000 [==>...........................] - ETA: 6s - loss: 2.2996 - accuracy: 0.1030
 1500/10000 [===>..........................] - ETA: 5s - loss: 2.2901 - accuracy: 0.1187
 2000/10000 [=====>........................] - ETA: 5s - loss: 2.2789 - accuracy: 0.1345
 2500/10000 [======>.......................] - ETA: 4s - loss: 2.2717 - accuracy: 0.1576
 3000/10000 [========>.....................] - ETA: 4s - loss: 2.2625 - accuracy: 0.1557
 3500/10000 [=========>....................] - ETA: 4s - loss: 2.2537 - accuracy: 0.1574
 4000/10000 [===========>..................] - ETA: 3s - loss: 2.2426 - accuracy: 0.1550
 4500/10000 [============>.................] - ETA: 3s - loss: 2.2299 - accuracy: 0.1718
 5000/10000 [==============>...............] - ETA: 3s - loss: 2.2131 - accuracy: 0.1986
 5500/10000 [===============>..............] - ETA: 2s - loss: 2.2010 - accuracy: 0.2147
 6000/10000 [=================>............] - ETA: 2s - loss: 2.1873 - accuracy: 0.2228
 6500/10000 [==================>...........] - ETA: 2s - loss: 2.1728 - accuracy: 0.2309
 7000/10000 [====================>.........] - ETA: 1s - loss: 2.1536 - accuracy: 0.2423
 7500/10000 [=====================>........] - ETA: 1s - loss: 2.1388 - accuracy: 0.2476
 8000/10000 [=======================>......] - ETA: 1s - loss: 2.1240 - accuracy: 0.2609
 8500/10000 [========================>.....] - ETA: 0s - loss: 2.1125 - accuracy: 0.2645
 9000/10000 [==========================>...] - ETA: 0s - loss: 2.0976 - accuracy: 0.2751
 9500/10000 [===========================>..] - ETA: 0s - loss: 2.0833 - accuracy: 0.2797
10000/10000 [==============================] - 6s 615us/step - loss: 2.0715 - accuracy: 0.2846 - val_loss: 1.9316 - val_accuracy: 0.3056
Epoch 2/5

  500/10000 [>.............................] - ETA: 5s - loss: 1.8830 - accuracy: 0.3100
 1000/10000 [==>...........................] - ETA: 5s - loss: 1.8311 - accuracy: 0.3240
 1500/10000 [===>..........................] - ETA: 5s - loss: 1.7585 - accuracy: 0.3867
 2000/10000 [=====>........................] - ETA: 4s - loss: 1.7259 - accuracy: 0.4090
 2500/10000 [======>.......................] - ETA: 4s - loss: 1.6921 - accuracy: 0.4340
 3000/10000 [========>.....................] - ETA: 4s - loss: 1.6861 - accuracy: 0.4303
 3500/10000 [=========>....................] - ETA: 3s - loss: 1.7104 - accuracy: 0.4189
 4000/10000 [===========>..................] - ETA: 3s - loss: 1.6881 - accuracy: 0.4288
 4500/10000 [============>.................] - ETA: 3s - loss: 1.6738 - accuracy: 0.4327
 5000/10000 [==============>...............] - ETA: 3s - loss: 1.6574 - accuracy: 0.4368
 5500/10000 [===============>..............] - ETA: 2s - loss: 1.6371 - accuracy: 0.4458
 6000/10000 [=================>............] - ETA: 2s - loss: 1.6193 - accuracy: 0.4533
 6500/10000 [==================>...........] - ETA: 2s - loss: 1.5940 - accuracy: 0.4629
 7000/10000 [====================>.........] - ETA: 1s - loss: 1.5742 - accuracy: 0.4699
 7500/10000 [=====================>........] - ETA: 1s - loss: 1.5567 - accuracy: 0.4785
 8000/10000 [=======================>......] - ETA: 1s - loss: 1.5359 - accuracy: 0.4852
 8500/10000 [========================>.....] - ETA: 0s - loss: 1.5200 - accuracy: 0.4925
 9000/10000 [==========================>...] - ETA: 0s - loss: 1.5039 - accuracy: 0.4982
 9500/10000 [===========================>..] - ETA: 0s - loss: 1.5016 - accuracy: 0.4989
10000/10000 [==============================] - 6s 612us/step - loss: 1.4969 - accuracy: 0.5000 - val_loss: 1.5719 - val_accuracy: 0.4604
Epoch 3/5

  500/10000 [>.............................] - ETA: 5s - loss: 1.4878 - accuracy: 0.4660
 1000/10000 [==>...........................] - ETA: 5s - loss: 1.4637 - accuracy: 0.5460
 1500/10000 [===>..........................] - ETA: 5s - loss: 1.4288 - accuracy: 0.5320
 2000/10000 [=====>........................] - ETA: 4s - loss: 1.3588 - accuracy: 0.5630
 2500/10000 [======>.......................] - ETA: 4s - loss: 1.3341 - accuracy: 0.5620
 3000/10000 [========>.....................] - ETA: 4s - loss: 1.3099 - accuracy: 0.5710
 3500/10000 [=========>....................] - ETA: 3s - loss: 1.3128 - accuracy: 0.5714
 4000/10000 [===========>..................] - ETA: 3s - loss: 1.3030 - accuracy: 0.5757
 4500/10000 [============>.................] - ETA: 3s - loss: 1.2867 - accuracy: 0.5802
 5000/10000 [==============>...............] - ETA: 3s - loss: 1.2819 - accuracy: 0.5820
 5500/10000 [===============>..............] - ETA: 2s - loss: 1.2769 - accuracy: 0.5816
 6000/10000 [=================>............] - ETA: 2s - loss: 1.2674 - accuracy: 0.5870
 6500/10000 [==================>...........] - ETA: 2s - loss: 1.2596 - accuracy: 0.5872
 7000/10000 [====================>.........] - ETA: 1s - loss: 1.2687 - accuracy: 0.5840
 7500/10000 [=====================>........] - ETA: 1s - loss: 1.2728 - accuracy: 0.5840
 8000/10000 [=======================>......] - ETA: 1s - loss: 1.2639 - accuracy: 0.5880
 8500/10000 [========================>.....] - ETA: 0s - loss: 1.2531 - accuracy: 0.5913
 9000/10000 [==========================>...] - ETA: 0s - loss: 1.2487 - accuracy: 0.5903
 9500/10000 [===========================>..] - ETA: 0s - loss: 1.2474 - accuracy: 0.5920
10000/10000 [==============================] - 6s 610us/step - loss: 1.2360 - accuracy: 0.5962 - val_loss: 1.4142 - val_accuracy: 0.5340
Epoch 4/5

  500/10000 [>.............................] - ETA: 5s - loss: 1.2215 - accuracy: 0.5880
 1000/10000 [==>...........................] - ETA: 5s - loss: 1.1741 - accuracy: 0.6110
 1500/10000 [===>..........................] - ETA: 5s - loss: 1.1615 - accuracy: 0.6040
 2000/10000 [=====>........................] - ETA: 4s - loss: 1.1654 - accuracy: 0.6120
 2500/10000 [======>.......................] - ETA: 4s - loss: 1.1279 - accuracy: 0.6212
 3000/10000 [========>.....................] - ETA: 4s - loss: 1.1718 - accuracy: 0.6223
 3500/10000 [=========>....................] - ETA: 3s - loss: 1.1471 - accuracy: 0.6300
 4000/10000 [===========>..................] - ETA: 3s - loss: 1.2129 - accuracy: 0.6145
 4500/10000 [============>.................] - ETA: 3s - loss: 1.2023 - accuracy: 0.6156
 5000/10000 [==============>...............] - ETA: 3s - loss: 1.2011 - accuracy: 0.6142
 5500/10000 [===============>..............] - ETA: 2s - loss: 1.1846 - accuracy: 0.6165
 6000/10000 [=================>............] - ETA: 2s - loss: 1.1674 - accuracy: 0.6192
 6500/10000 [==================>...........] - ETA: 2s - loss: 1.1462 - accuracy: 0.6274
 7000/10000 [====================>.........] - ETA: 1s - loss: 1.1265 - accuracy: 0.6327
 7500/10000 [=====================>........] - ETA: 1s - loss: 1.1151 - accuracy: 0.6349
 8000/10000 [=======================>......] - ETA: 1s - loss: 1.1043 - accuracy: 0.6380
 8500/10000 [========================>.....] - ETA: 0s - loss: 1.1040 - accuracy: 0.6364
 9000/10000 [==========================>...] - ETA: 0s - loss: 1.0908 - accuracy: 0.6399
 9500/10000 [===========================>..] - ETA: 0s - loss: 1.0869 - accuracy: 0.6412
10000/10000 [==============================] - 6s 606us/step - loss: 1.0760 - accuracy: 0.6447 - val_loss: 0.8495 - val_accuracy: 0.7156
Epoch 5/5

  500/10000 [>.............................] - ETA: 5s - loss: 0.7334 - accuracy: 0.7340
 1000/10000 [==>...........................] - ETA: 5s - loss: 0.7621 - accuracy: 0.7380
 1500/10000 [===>..........................] - ETA: 5s - loss: 0.8595 - accuracy: 0.7113
 2000/10000 [=====>........................] - ETA: 4s - loss: 0.8919 - accuracy: 0.7050
 2500/10000 [======>.......................] - ETA: 4s - loss: 0.9063 - accuracy: 0.7024
 3000/10000 [========>.....................] - ETA: 4s - loss: 0.8938 - accuracy: 0.7037
 3500/10000 [=========>....................] - ETA: 3s - loss: 0.8658 - accuracy: 0.7080
 4000/10000 [===========>..................] - ETA: 3s - loss: 0.8410 - accuracy: 0.7193
 4500/10000 [============>.................] - ETA: 3s - loss: 0.8322 - accuracy: 0.7222
 5000/10000 [==============>...............] - ETA: 3s - loss: 0.8263 - accuracy: 0.7240
 5500/10000 [===============>..............] - ETA: 2s - loss: 0.8218 - accuracy: 0.7260
 6000/10000 [=================>............] - ETA: 2s - loss: 0.8302 - accuracy: 0.7232
 6500/10000 [==================>...........] - ETA: 2s - loss: 0.8478 - accuracy: 0.7197
 7000/10000 [====================>.........] - ETA: 1s - loss: 0.8366 - accuracy: 0.7231
 7500/10000 [=====================>........] - ETA: 1s - loss: 0.8254 - accuracy: 0.7256
 8000/10000 [=======================>......] - ETA: 1s - loss: 0.8226 - accuracy: 0.7265
 8500/10000 [========================>.....] - ETA: 0s - loss: 0.8191 - accuracy: 0.7288
 9000/10000 [==========================>...] - ETA: 0s - loss: 0.8134 - accuracy: 0.7317
 9500/10000 [===========================>..] - ETA: 0s - loss: 0.8127 - accuracy: 0.7317
10000/10000 [==============================] - 6s 610us/step - loss: 0.8087 - accuracy: 0.7325 - val_loss: 0.8086 - val_accuracy: 0.7408
Latency --- 31.059305429458618 seconds ---
For delta=0.000100, the current epsilon is: 4.0678
=====================Iteration========================== 4
For delta=0.000100, the current epsilon is: 4.0678
Noise Mutiplier 1
loss= <keras.losses.CategoricalCrossentropy object at 0x7f11964dfe48>
in grads Tensor("loss_3/mul:0", shape=(?,), dtype=float32)
Train on 10000 samples, validate on 2500 samples
Epoch 1/5

  500/10000 [>.............................] - ETA: 7s - loss: 2.3446 - accuracy: 0.0940
 1000/10000 [==>...........................] - ETA: 6s - loss: 2.3270 - accuracy: 0.0790
 1500/10000 [===>..........................] - ETA: 5s - loss: 2.3129 - accuracy: 0.1000
 2000/10000 [=====>........................] - ETA: 5s - loss: 2.3018 - accuracy: 0.1085
 2500/10000 [======>.......................] - ETA: 4s - loss: 2.2915 - accuracy: 0.1276
 3000/10000 [========>.....................] - ETA: 4s - loss: 2.2840 - accuracy: 0.1287
 3500/10000 [=========>....................] - ETA: 4s - loss: 2.2747 - accuracy: 0.1483
 4000/10000 [===========>..................] - ETA: 3s - loss: 2.2622 - accuracy: 0.1760
 4500/10000 [============>.................] - ETA: 3s - loss: 2.2497 - accuracy: 0.1882
 5000/10000 [==============>...............] - ETA: 3s - loss: 2.2409 - accuracy: 0.1854
 5500/10000 [===============>..............] - ETA: 2s - loss: 2.2279 - accuracy: 0.1991
 6000/10000 [=================>............] - ETA: 2s - loss: 2.2229 - accuracy: 0.1930
 6500/10000 [==================>...........] - ETA: 2s - loss: 2.2077 - accuracy: 0.2057
 7000/10000 [====================>.........] - ETA: 1s - loss: 2.1907 - accuracy: 0.2169
 7500/10000 [=====================>........] - ETA: 1s - loss: 2.1767 - accuracy: 0.2224
 8000/10000 [=======================>......] - ETA: 1s - loss: 2.1832 - accuracy: 0.2180
 8500/10000 [========================>.....] - ETA: 0s - loss: 2.1671 - accuracy: 0.2312
 9000/10000 [==========================>...] - ETA: 0s - loss: 2.1486 - accuracy: 0.2437
 9500/10000 [===========================>..] - ETA: 0s - loss: 2.1348 - accuracy: 0.2497
10000/10000 [==============================] - 6s 619us/step - loss: 2.1287 - accuracy: 0.2497 - val_loss: 1.7879 - val_accuracy: 0.4276
Epoch 2/5

  500/10000 [>.............................] - ETA: 5s - loss: 1.8326 - accuracy: 0.4180
 1000/10000 [==>...........................] - ETA: 5s - loss: 1.8589 - accuracy: 0.3840
 1500/10000 [===>..........................] - ETA: 5s - loss: 1.8373 - accuracy: 0.3680
 2000/10000 [=====>........................] - ETA: 4s - loss: 1.8446 - accuracy: 0.3585
 2500/10000 [======>.......................] - ETA: 4s - loss: 1.8182 - accuracy: 0.3772
 3000/10000 [========>.....................] - ETA: 4s - loss: 1.8228 - accuracy: 0.3697
 3500/10000 [=========>....................] - ETA: 3s - loss: 1.7985 - accuracy: 0.3769
 4000/10000 [===========>..................] - ETA: 3s - loss: 1.7556 - accuracy: 0.4062
 4500/10000 [============>.................] - ETA: 3s - loss: 1.7419 - accuracy: 0.4142
 5000/10000 [==============>...............] - ETA: 3s - loss: 1.7342 - accuracy: 0.4192
 5500/10000 [===============>..............] - ETA: 2s - loss: 1.7161 - accuracy: 0.4329
 6000/10000 [=================>............] - ETA: 2s - loss: 1.7089 - accuracy: 0.4363
 6500/10000 [==================>...........] - ETA: 2s - loss: 1.6870 - accuracy: 0.4452
 7000/10000 [====================>.........] - ETA: 1s - loss: 1.6683 - accuracy: 0.4491
 7500/10000 [=====================>........] - ETA: 1s - loss: 1.6557 - accuracy: 0.4511
 8000/10000 [=======================>......] - ETA: 1s - loss: 1.6308 - accuracy: 0.4616
 8500/10000 [========================>.....] - ETA: 0s - loss: 1.6137 - accuracy: 0.4661
 9000/10000 [==========================>...] - ETA: 0s - loss: 1.5994 - accuracy: 0.4694
 9500/10000 [===========================>..] - ETA: 0s - loss: 1.5857 - accuracy: 0.4734
10000/10000 [==============================] - 6s 611us/step - loss: 1.5738 - accuracy: 0.4795 - val_loss: 1.2989 - val_accuracy: 0.5464
Epoch 3/5

  500/10000 [>.............................] - ETA: 5s - loss: 1.2888 - accuracy: 0.5780
 1000/10000 [==>...........................] - ETA: 5s - loss: 1.2823 - accuracy: 0.5990
 1500/10000 [===>..........................] - ETA: 5s - loss: 1.3030 - accuracy: 0.5773
 2000/10000 [=====>........................] - ETA: 4s - loss: 1.2655 - accuracy: 0.5850
 2500/10000 [======>.......................] - ETA: 4s - loss: 1.2390 - accuracy: 0.5884
 3000/10000 [========>.....................] - ETA: 4s - loss: 1.2032 - accuracy: 0.6090
 3500/10000 [=========>....................] - ETA: 3s - loss: 1.1662 - accuracy: 0.6214
 4000/10000 [===========>..................] - ETA: 3s - loss: 1.1532 - accuracy: 0.6267
 4500/10000 [============>.................] - ETA: 3s - loss: 1.1440 - accuracy: 0.6284
 5000/10000 [==============>...............] - ETA: 3s - loss: 1.1442 - accuracy: 0.6254
 5500/10000 [===============>..............] - ETA: 2s - loss: 1.1257 - accuracy: 0.6324
 6000/10000 [=================>............] - ETA: 2s - loss: 1.1257 - accuracy: 0.6318
 6500/10000 [==================>...........] - ETA: 2s - loss: 1.1255 - accuracy: 0.6300
 7000/10000 [====================>.........] - ETA: 1s - loss: 1.1277 - accuracy: 0.6309
 7500/10000 [=====================>........] - ETA: 1s - loss: 1.1200 - accuracy: 0.6341
 8000/10000 [=======================>......] - ETA: 1s - loss: 1.1200 - accuracy: 0.6323
 8500/10000 [========================>.....] - ETA: 0s - loss: 1.1230 - accuracy: 0.6309
 9000/10000 [==========================>...] - ETA: 0s - loss: 1.1162 - accuracy: 0.6333
 9500/10000 [===========================>..] - ETA: 0s - loss: 1.1108 - accuracy: 0.6358
10000/10000 [==============================] - 6s 608us/step - loss: 1.1055 - accuracy: 0.6372 - val_loss: 1.0432 - val_accuracy: 0.6436
Epoch 4/5

  500/10000 [>.............................] - ETA: 5s - loss: 0.9669 - accuracy: 0.7120
 1000/10000 [==>...........................] - ETA: 5s - loss: 0.9827 - accuracy: 0.6980
 1500/10000 [===>..........................] - ETA: 5s - loss: 1.0023 - accuracy: 0.6853
 2000/10000 [=====>........................] - ETA: 4s - loss: 0.9639 - accuracy: 0.6980
 2500/10000 [======>.......................] - ETA: 4s - loss: 0.9717 - accuracy: 0.7032
 3000/10000 [========>.....................] - ETA: 4s - loss: 0.9407 - accuracy: 0.7113
 3500/10000 [=========>....................] - ETA: 3s - loss: 0.9049 - accuracy: 0.7263
 4000/10000 [===========>..................] - ETA: 3s - loss: 0.9068 - accuracy: 0.7220
 4500/10000 [============>.................] - ETA: 3s - loss: 0.9002 - accuracy: 0.7218
 5000/10000 [==============>...............] - ETA: 3s - loss: 0.9139 - accuracy: 0.7166
 5500/10000 [===============>..............] - ETA: 2s - loss: 0.9120 - accuracy: 0.7165
 6000/10000 [=================>............] - ETA: 2s - loss: 0.9206 - accuracy: 0.7125
 6500/10000 [==================>...........] - ETA: 2s - loss: 0.9193 - accuracy: 0.7140
 7000/10000 [====================>.........] - ETA: 1s - loss: 0.9093 - accuracy: 0.7160
 7500/10000 [=====================>........] - ETA: 1s - loss: 0.8954 - accuracy: 0.7196
 8000/10000 [=======================>......] - ETA: 1s - loss: 0.8998 - accuracy: 0.7180
 8500/10000 [========================>.....] - ETA: 0s - loss: 0.8950 - accuracy: 0.7194
 9000/10000 [==========================>...] - ETA: 0s - loss: 0.8933 - accuracy: 0.7196
 9500/10000 [===========================>..] - ETA: 0s - loss: 0.8941 - accuracy: 0.7188
10000/10000 [==============================] - 6s 608us/step - loss: 0.8906 - accuracy: 0.7201 - val_loss: 0.8704 - val_accuracy: 0.7204
Epoch 5/5

  500/10000 [>.............................] - ETA: 5s - loss: 0.6943 - accuracy: 0.8020
 1000/10000 [==>...........................] - ETA: 5s - loss: 0.7621 - accuracy: 0.7560
 1500/10000 [===>..........................] - ETA: 5s - loss: 0.7680 - accuracy: 0.7513
 2000/10000 [=====>........................] - ETA: 4s - loss: 0.7534 - accuracy: 0.7620
 2500/10000 [======>.......................] - ETA: 4s - loss: 0.7349 - accuracy: 0.7680
 3000/10000 [========>.....................] - ETA: 4s - loss: 0.7426 - accuracy: 0.7613
 3500/10000 [=========>....................] - ETA: 3s - loss: 0.7633 - accuracy: 0.7531
 4000/10000 [===========>..................] - ETA: 3s - loss: 0.7783 - accuracy: 0.7480
 4500/10000 [============>.................] - ETA: 3s - loss: 0.7753 - accuracy: 0.7489
 5000/10000 [==============>...............] - ETA: 3s - loss: 0.7718 - accuracy: 0.7502
 5500/10000 [===============>..............] - ETA: 2s - loss: 0.7676 - accuracy: 0.7533
 6000/10000 [=================>............] - ETA: 2s - loss: 0.7643 - accuracy: 0.7558
 6500/10000 [==================>...........] - ETA: 2s - loss: 0.7554 - accuracy: 0.7582
 7000/10000 [====================>.........] - ETA: 1s - loss: 0.7570 - accuracy: 0.7589
 7500/10000 [=====================>........] - ETA: 1s - loss: 0.7442 - accuracy: 0.7639
 8000/10000 [=======================>......] - ETA: 1s - loss: 0.7391 - accuracy: 0.7660
 8500/10000 [========================>.....] - ETA: 0s - loss: 0.7325 - accuracy: 0.7681
 9000/10000 [==========================>...] - ETA: 0s - loss: 0.7235 - accuracy: 0.7710
 9500/10000 [===========================>..] - ETA: 0s - loss: 0.7142 - accuracy: 0.7738
10000/10000 [==============================] - 6s 606us/step - loss: 0.7096 - accuracy: 0.7747 - val_loss: 0.6958 - val_accuracy: 0.7776
Latency --- 31.042590618133545 seconds ---
For delta=0.000100, the current epsilon is: 4.0678
Saving model with new accuracy, previous accuracy was 0.7426000237464905 and present is 0.7746999859809875
Saved model to disk
=====================Iteration========================== 5
For delta=0.000100, the current epsilon is: 4.0678
Noise Mutiplier 1
loss= <keras.losses.CategoricalCrossentropy object at 0x7f119632b0f0>
in grads Tensor("loss_4/mul:0", shape=(?,), dtype=float32)
Train on 10000 samples, validate on 2500 samples
Epoch 1/5

  500/10000 [>.............................] - ETA: 7s - loss: 2.3120 - accuracy: 0.0860
 1000/10000 [==>...........................] - ETA: 6s - loss: 2.3013 - accuracy: 0.0930
 1500/10000 [===>..........................] - ETA: 5s - loss: 2.2993 - accuracy: 0.0873
 2000/10000 [=====>........................] - ETA: 5s - loss: 2.2919 - accuracy: 0.1080
 2500/10000 [======>.......................] - ETA: 4s - loss: 2.2838 - accuracy: 0.1108
 3000/10000 [========>.....................] - ETA: 4s - loss: 2.2762 - accuracy: 0.1230
 3500/10000 [=========>....................] - ETA: 4s - loss: 2.2671 - accuracy: 0.1283
 4000/10000 [===========>..................] - ETA: 3s - loss: 2.2571 - accuracy: 0.1412
 4500/10000 [============>.................] - ETA: 3s - loss: 2.2484 - accuracy: 0.1516
 5000/10000 [==============>...............] - ETA: 3s - loss: 2.2342 - accuracy: 0.1622
 5500/10000 [===============>..............] - ETA: 2s - loss: 2.2265 - accuracy: 0.1722
 6000/10000 [=================>............] - ETA: 2s - loss: 2.2120 - accuracy: 0.1763
 6500/10000 [==================>...........] - ETA: 2s - loss: 2.2024 - accuracy: 0.1809
 7000/10000 [====================>.........] - ETA: 1s - loss: 2.1881 - accuracy: 0.1869
 7500/10000 [=====================>........] - ETA: 1s - loss: 2.1768 - accuracy: 0.1896
 8000/10000 [=======================>......] - ETA: 1s - loss: 2.1647 - accuracy: 0.1926
 8500/10000 [========================>.....] - ETA: 0s - loss: 2.1555 - accuracy: 0.1935
 9000/10000 [==========================>...] - ETA: 0s - loss: 2.1461 - accuracy: 0.2031
 9500/10000 [===========================>..] - ETA: 0s - loss: 2.1396 - accuracy: 0.2107
10000/10000 [==============================] - 6s 614us/step - loss: 2.1288 - accuracy: 0.2205 - val_loss: 1.9118 - val_accuracy: 0.4204
Epoch 2/5

  500/10000 [>.............................] - ETA: 5s - loss: 1.8229 - accuracy: 0.4720
 1000/10000 [==>...........................] - ETA: 5s - loss: 1.7977 - accuracy: 0.4490
 1500/10000 [===>..........................] - ETA: 5s - loss: 1.8371 - accuracy: 0.4140
 2000/10000 [=====>........................] - ETA: 4s - loss: 1.8443 - accuracy: 0.4020
 2500/10000 [======>.......................] - ETA: 4s - loss: 1.8304 - accuracy: 0.4144
 3000/10000 [========>.....................] - ETA: 4s - loss: 1.7982 - accuracy: 0.4280
 3500/10000 [=========>....................] - ETA: 3s - loss: 1.7756 - accuracy: 0.4426
 4000/10000 [===========>..................] - ETA: 3s - loss: 1.7727 - accuracy: 0.4310
 4500/10000 [============>.................] - ETA: 3s - loss: 1.7531 - accuracy: 0.4360
 5000/10000 [==============>...............] - ETA: 2s - loss: 1.7403 - accuracy: 0.4406
 5500/10000 [===============>..............] - ETA: 2s - loss: 1.7207 - accuracy: 0.4520
 6000/10000 [=================>............] - ETA: 2s - loss: 1.7093 - accuracy: 0.4515
 6500/10000 [==================>...........] - ETA: 2s - loss: 1.6896 - accuracy: 0.4609
 7000/10000 [====================>.........] - ETA: 1s - loss: 1.6668 - accuracy: 0.4669
 7500/10000 [=====================>........] - ETA: 1s - loss: 1.6428 - accuracy: 0.4753
 8000/10000 [=======================>......] - ETA: 1s - loss: 1.6296 - accuracy: 0.4776
 8500/10000 [========================>.....] - ETA: 0s - loss: 1.6104 - accuracy: 0.4829
 9000/10000 [==========================>...] - ETA: 0s - loss: 1.5991 - accuracy: 0.4853
 9500/10000 [===========================>..] - ETA: 0s - loss: 1.5827 - accuracy: 0.4912
10000/10000 [==============================] - 6s 601us/step - loss: 1.5709 - accuracy: 0.4938 - val_loss: 1.5009 - val_accuracy: 0.4844
Epoch 3/5

  500/10000 [>.............................] - ETA: 5s - loss: 1.3914 - accuracy: 0.5280
 1000/10000 [==>...........................] - ETA: 5s - loss: 1.4395 - accuracy: 0.4890
 1500/10000 [===>..........................] - ETA: 5s - loss: 1.3513 - accuracy: 0.5293
 2000/10000 [=====>........................] - ETA: 4s - loss: 1.3311 - accuracy: 0.5335
 2500/10000 [======>.......................] - ETA: 4s - loss: 1.3475 - accuracy: 0.5312
 3000/10000 [========>.....................] - ETA: 4s - loss: 1.3641 - accuracy: 0.5170
 3500/10000 [=========>....................] - ETA: 3s - loss: 1.3493 - accuracy: 0.5323
 4000/10000 [===========>..................] - ETA: 3s - loss: 1.3226 - accuracy: 0.5437
 4500/10000 [============>.................] - ETA: 3s - loss: 1.3449 - accuracy: 0.5309
 5000/10000 [==============>...............] - ETA: 2s - loss: 1.3235 - accuracy: 0.5402
 5500/10000 [===============>..............] - ETA: 2s - loss: 1.3046 - accuracy: 0.5469
 6000/10000 [=================>............] - ETA: 2s - loss: 1.2891 - accuracy: 0.5563
 6500/10000 [==================>...........] - ETA: 2s - loss: 1.2901 - accuracy: 0.5505
 7000/10000 [====================>.........] - ETA: 1s - loss: 1.2738 - accuracy: 0.5599
 7500/10000 [=====================>........] - ETA: 1s - loss: 1.2569 - accuracy: 0.5665
 8000/10000 [=======================>......] - ETA: 1s - loss: 1.2492 - accuracy: 0.5699
 8500/10000 [========================>.....] - ETA: 0s - loss: 1.2418 - accuracy: 0.5735
 9000/10000 [==========================>...] - ETA: 0s - loss: 1.2352 - accuracy: 0.5763
 9500/10000 [===========================>..] - ETA: 0s - loss: 1.2215 - accuracy: 0.5825
10000/10000 [==============================] - 6s 597us/step - loss: 1.2147 - accuracy: 0.5857 - val_loss: 1.2787 - val_accuracy: 0.6028
Epoch 4/5

  500/10000 [>.............................] - ETA: 5s - loss: 1.1578 - accuracy: 0.6340
 1000/10000 [==>...........................] - ETA: 5s - loss: 1.1423 - accuracy: 0.6050
 1500/10000 [===>..........................] - ETA: 5s - loss: 1.1129 - accuracy: 0.6293
 2000/10000 [=====>........................] - ETA: 4s - loss: 1.0647 - accuracy: 0.6530
 2500/10000 [======>.......................] - ETA: 4s - loss: 1.0447 - accuracy: 0.6568
 3000/10000 [========>.....................] - ETA: 4s - loss: 1.0558 - accuracy: 0.6553
 3500/10000 [=========>....................] - ETA: 3s - loss: 1.0802 - accuracy: 0.6500
 4000/10000 [===========>..................] - ETA: 3s - loss: 1.0585 - accuracy: 0.6522
 4500/10000 [============>.................] - ETA: 3s - loss: 1.0432 - accuracy: 0.6562
 5000/10000 [==============>...............] - ETA: 2s - loss: 1.0464 - accuracy: 0.6514
 5500/10000 [===============>..............] - ETA: 2s - loss: 1.0427 - accuracy: 0.6529
 6000/10000 [=================>............] - ETA: 2s - loss: 1.0451 - accuracy: 0.6488
 6500/10000 [==================>...........] - ETA: 2s - loss: 1.0381 - accuracy: 0.6534
 7000/10000 [====================>.........] - ETA: 1s - loss: 1.0307 - accuracy: 0.6550
 7500/10000 [=====================>........] - ETA: 1s - loss: 1.0175 - accuracy: 0.6605
 8000/10000 [=======================>......] - ETA: 1s - loss: 1.0078 - accuracy: 0.6637
 8500/10000 [========================>.....] - ETA: 0s - loss: 0.9895 - accuracy: 0.6701
 9000/10000 [==========================>...] - ETA: 0s - loss: 0.9777 - accuracy: 0.6737
 9500/10000 [===========================>..] - ETA: 0s - loss: 0.9674 - accuracy: 0.6779
10000/10000 [==============================] - 6s 599us/step - loss: 0.9597 - accuracy: 0.6821 - val_loss: 1.0848 - val_accuracy: 0.6236
Epoch 5/5

  500/10000 [>.............................] - ETA: 5s - loss: 0.8540 - accuracy: 0.6980
 1000/10000 [==>...........................] - ETA: 5s - loss: 0.7841 - accuracy: 0.7260
 1500/10000 [===>..........................] - ETA: 5s - loss: 0.7719 - accuracy: 0.7293
 2000/10000 [=====>........................] - ETA: 4s - loss: 0.7891 - accuracy: 0.7295
 2500/10000 [======>.......................] - ETA: 4s - loss: 0.7726 - accuracy: 0.7344
 3000/10000 [========>.....................] - ETA: 4s - loss: 0.8027 - accuracy: 0.7250
 3500/10000 [=========>....................] - ETA: 3s - loss: 0.8075 - accuracy: 0.7226
 4000/10000 [===========>..................] - ETA: 3s - loss: 0.8187 - accuracy: 0.7237
 4500/10000 [============>.................] - ETA: 3s - loss: 0.8493 - accuracy: 0.7151
 5000/10000 [==============>...............] - ETA: 2s - loss: 0.8592 - accuracy: 0.7130
 5500/10000 [===============>..............] - ETA: 2s - loss: 0.8533 - accuracy: 0.7151
 6000/10000 [=================>............] - ETA: 2s - loss: 0.8711 - accuracy: 0.7078
 6500/10000 [==================>...........] - ETA: 2s - loss: 0.8719 - accuracy: 0.7035
 7000/10000 [====================>.........] - ETA: 1s - loss: 0.8640 - accuracy: 0.7077
 7500/10000 [=====================>........] - ETA: 1s - loss: 0.8546 - accuracy: 0.7124
 8000/10000 [=======================>......] - ETA: 1s - loss: 0.8591 - accuracy: 0.7143
 8500/10000 [========================>.....] - ETA: 0s - loss: 0.8457 - accuracy: 0.7193
 9000/10000 [==========================>...] - ETA: 0s - loss: 0.8499 - accuracy: 0.7173
 9500/10000 [===========================>..] - ETA: 0s - loss: 0.8445 - accuracy: 0.7185
10000/10000 [==============================] - 6s 599us/step - loss: 0.8464 - accuracy: 0.7185 - val_loss: 1.0129 - val_accuracy: 0.6700
Latency --- 30.652339220046997 seconds ---
For delta=0.000100, the current epsilon is: 4.0678
=====================Iteration========================== 6
For delta=0.000100, the current epsilon is: 4.0678
Noise Mutiplier 1
loss= <keras.losses.CategoricalCrossentropy object at 0x7f1196200668>
in grads Tensor("loss_5/mul:0", shape=(?,), dtype=float32)
Train on 10000 samples, validate on 2500 samples
Epoch 1/5

  500/10000 [>.............................] - ETA: 7s - loss: 2.3296 - accuracy: 0.0880
 1000/10000 [==>...........................] - ETA: 6s - loss: 2.3159 - accuracy: 0.1220
 1500/10000 [===>..........................] - ETA: 5s - loss: 2.3066 - accuracy: 0.1220
 2000/10000 [=====>........................] - ETA: 5s - loss: 2.2919 - accuracy: 0.1575
 2500/10000 [======>.......................] - ETA: 4s - loss: 2.2811 - accuracy: 0.1612
 3000/10000 [========>.....................] - ETA: 4s - loss: 2.2683 - accuracy: 0.1847
 3500/10000 [=========>....................] - ETA: 4s - loss: 2.2571 - accuracy: 0.1974
 4000/10000 [===========>..................] - ETA: 3s - loss: 2.2519 - accuracy: 0.1933
 4500/10000 [============>.................] - ETA: 3s - loss: 2.2434 - accuracy: 0.2040
 5000/10000 [==============>...............] - ETA: 3s - loss: 2.2320 - accuracy: 0.2016
 5500/10000 [===============>..............] - ETA: 2s - loss: 2.2239 - accuracy: 0.2007
 6000/10000 [=================>............] - ETA: 2s - loss: 2.2126 - accuracy: 0.2015
 6500/10000 [==================>...........] - ETA: 2s - loss: 2.2023 - accuracy: 0.2071
 7000/10000 [====================>.........] - ETA: 1s - loss: 2.1844 - accuracy: 0.2187
 7500/10000 [=====================>........] - ETA: 1s - loss: 2.1659 - accuracy: 0.2289
 8000/10000 [=======================>......] - ETA: 1s - loss: 2.1540 - accuracy: 0.2286
 8500/10000 [========================>.....] - ETA: 0s - loss: 2.1402 - accuracy: 0.2319
 9000/10000 [==========================>...] - ETA: 0s - loss: 2.1266 - accuracy: 0.2354
 9500/10000 [===========================>..] - ETA: 0s - loss: 2.1071 - accuracy: 0.2479
10000/10000 [==============================] - 6s 618us/step - loss: 2.0883 - accuracy: 0.2580 - val_loss: 1.6521 - val_accuracy: 0.6072
Epoch 2/5

  500/10000 [>.............................] - ETA: 5s - loss: 1.6310 - accuracy: 0.6220
 1000/10000 [==>...........................] - ETA: 5s - loss: 1.5697 - accuracy: 0.5910
 1500/10000 [===>..........................] - ETA: 5s - loss: 1.6264 - accuracy: 0.5220
 2000/10000 [=====>........................] - ETA: 4s - loss: 1.6176 - accuracy: 0.5220
 2500/10000 [======>.......................] - ETA: 4s - loss: 1.5971 - accuracy: 0.5208
 3000/10000 [========>.....................] - ETA: 4s - loss: 1.5945 - accuracy: 0.5107
 3500/10000 [=========>....................] - ETA: 3s - loss: 1.5935 - accuracy: 0.5051
 4000/10000 [===========>..................] - ETA: 3s - loss: 1.5664 - accuracy: 0.5160
 4500/10000 [============>.................] - ETA: 3s - loss: 1.5690 - accuracy: 0.5133
 5000/10000 [==============>...............] - ETA: 3s - loss: 1.5495 - accuracy: 0.5248
 5500/10000 [===============>..............] - ETA: 2s - loss: 1.5371 - accuracy: 0.5187
 6000/10000 [=================>............] - ETA: 2s - loss: 1.5279 - accuracy: 0.5202
 6500/10000 [==================>...........] - ETA: 2s - loss: 1.5096 - accuracy: 0.5275
 7000/10000 [====================>.........] - ETA: 1s - loss: 1.5011 - accuracy: 0.5290
 7500/10000 [=====================>........] - ETA: 1s - loss: 1.4943 - accuracy: 0.5291
 8000/10000 [=======================>......] - ETA: 1s - loss: 1.4894 - accuracy: 0.5306
 8500/10000 [========================>.....] - ETA: 0s - loss: 1.4796 - accuracy: 0.5329
 9000/10000 [==========================>...] - ETA: 0s - loss: 1.4759 - accuracy: 0.5330
 9500/10000 [===========================>..] - ETA: 0s - loss: 1.4734 - accuracy: 0.5304
10000/10000 [==============================] - 6s 608us/step - loss: 1.4624 - accuracy: 0.5345 - val_loss: 1.2648 - val_accuracy: 0.5828
Epoch 3/5

  500/10000 [>.............................] - ETA: 5s - loss: 1.1882 - accuracy: 0.5700
 1000/10000 [==>...........................] - ETA: 5s - loss: 1.2710 - accuracy: 0.5620
 1500/10000 [===>..........................] - ETA: 5s - loss: 1.2033 - accuracy: 0.6007
 2000/10000 [=====>........................] - ETA: 4s - loss: 1.2099 - accuracy: 0.6055
 2500/10000 [======>.......................] - ETA: 4s - loss: 1.1902 - accuracy: 0.6136
 3000/10000 [========>.....................] - ETA: 4s - loss: 1.1641 - accuracy: 0.6190
 3500/10000 [=========>....................] - ETA: 3s - loss: 1.1648 - accuracy: 0.6217
 4000/10000 [===========>..................] - ETA: 3s - loss: 1.1681 - accuracy: 0.6173
 4500/10000 [============>.................] - ETA: 3s - loss: 1.1447 - accuracy: 0.6293
 5000/10000 [==============>...............] - ETA: 2s - loss: 1.1428 - accuracy: 0.6304
 5500/10000 [===============>..............] - ETA: 2s - loss: 1.1228 - accuracy: 0.6375
 6000/10000 [=================>............] - ETA: 2s - loss: 1.1007 - accuracy: 0.6455
 6500/10000 [==================>...........] - ETA: 2s - loss: 1.0837 - accuracy: 0.6523
 7000/10000 [====================>.........] - ETA: 1s - loss: 1.0747 - accuracy: 0.6534
 7500/10000 [=====================>........] - ETA: 1s - loss: 1.0673 - accuracy: 0.6539
 8000/10000 [=======================>......] - ETA: 1s - loss: 1.0533 - accuracy: 0.6609
 8500/10000 [========================>.....] - ETA: 0s - loss: 1.0414 - accuracy: 0.6645
 9000/10000 [==========================>...] - ETA: 0s - loss: 1.0331 - accuracy: 0.6673
 9500/10000 [===========================>..] - ETA: 0s - loss: 1.0257 - accuracy: 0.6699
10000/10000 [==============================] - 6s 604us/step - loss: 1.0164 - accuracy: 0.6725 - val_loss: 0.9543 - val_accuracy: 0.6776
Epoch 4/5

  500/10000 [>.............................] - ETA: 5s - loss: 0.8574 - accuracy: 0.7280
 1000/10000 [==>...........................] - ETA: 5s - loss: 0.8605 - accuracy: 0.7250
 1500/10000 [===>..........................] - ETA: 5s - loss: 0.8728 - accuracy: 0.7167
 2000/10000 [=====>........................] - ETA: 4s - loss: 0.8312 - accuracy: 0.7270
 2500/10000 [======>.......................] - ETA: 4s - loss: 0.8457 - accuracy: 0.7204
 3000/10000 [========>.....................] - ETA: 4s - loss: 0.8353 - accuracy: 0.7243
 3500/10000 [=========>....................] - ETA: 3s - loss: 0.8331 - accuracy: 0.7257
 4000/10000 [===========>..................] - ETA: 3s - loss: 0.8245 - accuracy: 0.7287
 4500/10000 [============>.................] - ETA: 3s - loss: 0.8292 - accuracy: 0.7280
 5000/10000 [==============>...............] - ETA: 2s - loss: 0.8214 - accuracy: 0.7312
 5500/10000 [===============>..............] - ETA: 2s - loss: 0.8184 - accuracy: 0.7322
 6000/10000 [=================>............] - ETA: 2s - loss: 0.8117 - accuracy: 0.7348
 6500/10000 [==================>...........] - ETA: 2s - loss: 0.8063 - accuracy: 0.7351
 7000/10000 [====================>.........] - ETA: 1s - loss: 0.7906 - accuracy: 0.7404
 7500/10000 [=====================>........] - ETA: 1s - loss: 0.7821 - accuracy: 0.7423
 8000/10000 [=======================>......] - ETA: 1s - loss: 0.7852 - accuracy: 0.7416
 8500/10000 [========================>.....] - ETA: 0s - loss: 0.7793 - accuracy: 0.7444
 9000/10000 [==========================>...] - ETA: 0s - loss: 0.7734 - accuracy: 0.7471
 9500/10000 [===========================>..] - ETA: 0s - loss: 0.7676 - accuracy: 0.7501
10000/10000 [==============================] - 6s 606us/step - loss: 0.7608 - accuracy: 0.7519 - val_loss: 0.8574 - val_accuracy: 0.7156
Epoch 5/5

  500/10000 [>.............................] - ETA: 5s - loss: 0.7605 - accuracy: 0.7520
 1000/10000 [==>...........................] - ETA: 5s - loss: 0.7255 - accuracy: 0.7610
 1500/10000 [===>..........................] - ETA: 5s - loss: 0.7022 - accuracy: 0.7667
 2000/10000 [=====>........................] - ETA: 4s - loss: 0.7694 - accuracy: 0.7500
 2500/10000 [======>.......................] - ETA: 4s - loss: 0.7594 - accuracy: 0.7556
 3000/10000 [========>.....................] - ETA: 4s - loss: 0.7498 - accuracy: 0.7580
 3500/10000 [=========>....................] - ETA: 3s - loss: 0.7461 - accuracy: 0.7603
 4000/10000 [===========>..................] - ETA: 3s - loss: 0.7399 - accuracy: 0.7630
 4500/10000 [============>.................] - ETA: 3s - loss: 0.7264 - accuracy: 0.7689
 5000/10000 [==============>...............] - ETA: 2s - loss: 0.7211 - accuracy: 0.7724
 5500/10000 [===============>..............] - ETA: 2s - loss: 0.7049 - accuracy: 0.7767
 6000/10000 [=================>............] - ETA: 2s - loss: 0.7038 - accuracy: 0.7777
 6500/10000 [==================>...........] - ETA: 2s - loss: 0.6865 - accuracy: 0.7837
 7000/10000 [====================>.........] - ETA: 1s - loss: 0.6780 - accuracy: 0.7880
 7500/10000 [=====================>........] - ETA: 1s - loss: 0.6728 - accuracy: 0.7892
 8000/10000 [=======================>......] - ETA: 1s - loss: 0.6653 - accuracy: 0.7916
 8500/10000 [========================>.....] - ETA: 0s - loss: 0.6643 - accuracy: 0.7915
 9000/10000 [==========================>...] - ETA: 0s - loss: 0.6568 - accuracy: 0.7948
 9500/10000 [===========================>..] - ETA: 0s - loss: 0.6525 - accuracy: 0.7960
10000/10000 [==============================] - 6s 603us/step - loss: 0.6524 - accuracy: 0.7957 - val_loss: 0.6908 - val_accuracy: 0.7856
Latency --- 30.974420070648193 seconds ---
For delta=0.000100, the current epsilon is: 4.0678
Saving model with new accuracy, previous accuracy was 0.7746999859809875 and present is 0.7957000136375427
Saved model to disk
=====================Iteration========================== 7
For delta=0.000100, the current epsilon is: 4.0678
Noise Mutiplier 1
loss= <keras.losses.CategoricalCrossentropy object at 0x7f11960d12b0>
in grads Tensor("loss_6/mul:0", shape=(?,), dtype=float32)
Train on 10000 samples, validate on 2500 samples
Epoch 1/5

  500/10000 [>.............................] - ETA: 7s - loss: 2.3063 - accuracy: 0.1060
 1000/10000 [==>...........................] - ETA: 6s - loss: 2.2988 - accuracy: 0.1010
 1500/10000 [===>..........................] - ETA: 5s - loss: 2.2910 - accuracy: 0.1253
 2000/10000 [=====>........................] - ETA: 5s - loss: 2.2829 - accuracy: 0.1195
 2500/10000 [======>.......................] - ETA: 4s - loss: 2.2755 - accuracy: 0.1352
 3000/10000 [========>.....................] - ETA: 4s - loss: 2.2648 - accuracy: 0.1403
 3500/10000 [=========>....................] - ETA: 4s - loss: 2.2578 - accuracy: 0.1497
 4000/10000 [===========>..................] - ETA: 3s - loss: 2.2482 - accuracy: 0.1745
 4500/10000 [============>.................] - ETA: 3s - loss: 2.2382 - accuracy: 0.1753
 5000/10000 [==============>...............] - ETA: 3s - loss: 2.2259 - accuracy: 0.1908
 5500/10000 [===============>..............] - ETA: 2s - loss: 2.2104 - accuracy: 0.2093
 6000/10000 [=================>............] - ETA: 2s - loss: 2.2022 - accuracy: 0.2127
 6500/10000 [==================>...........] - ETA: 2s - loss: 2.1951 - accuracy: 0.2175
 7000/10000 [====================>.........] - ETA: 1s - loss: 2.1785 - accuracy: 0.2239
 7500/10000 [=====================>........] - ETA: 1s - loss: 2.1649 - accuracy: 0.2359
 8000/10000 [=======================>......] - ETA: 1s - loss: 2.1502 - accuracy: 0.2369
 8500/10000 [========================>.....] - ETA: 0s - loss: 2.1318 - accuracy: 0.2499
 9000/10000 [==========================>...] - ETA: 0s - loss: 2.1142 - accuracy: 0.2607
 9500/10000 [===========================>..] - ETA: 0s - loss: 2.0975 - accuracy: 0.2689
10000/10000 [==============================] - 6s 618us/step - loss: 2.0907 - accuracy: 0.2669 - val_loss: 1.8045 - val_accuracy: 0.4612
Epoch 2/5

  500/10000 [>.............................] - ETA: 5s - loss: 1.8675 - accuracy: 0.4260
 1000/10000 [==>...........................] - ETA: 5s - loss: 1.7868 - accuracy: 0.4530
 1500/10000 [===>..........................] - ETA: 5s - loss: 1.7310 - accuracy: 0.4547
 2000/10000 [=====>........................] - ETA: 4s - loss: 1.7184 - accuracy: 0.4530
 2500/10000 [======>.......................] - ETA: 4s - loss: 1.6793 - accuracy: 0.4612
 3000/10000 [========>.....................] - ETA: 4s - loss: 1.6610 - accuracy: 0.4707
 3500/10000 [=========>....................] - ETA: 3s - loss: 1.6272 - accuracy: 0.4829
 4000/10000 [===========>..................] - ETA: 3s - loss: 1.6057 - accuracy: 0.4913
 4500/10000 [============>.................] - ETA: 3s - loss: 1.6162 - accuracy: 0.4802
 5000/10000 [==============>...............] - ETA: 3s - loss: 1.6033 - accuracy: 0.4778
 5500/10000 [===============>..............] - ETA: 2s - loss: 1.5942 - accuracy: 0.4851
 6000/10000 [=================>............] - ETA: 2s - loss: 1.5773 - accuracy: 0.4898
 6500/10000 [==================>...........] - ETA: 2s - loss: 1.5587 - accuracy: 0.4991
 7000/10000 [====================>.........] - ETA: 1s - loss: 1.5440 - accuracy: 0.5014
 7500/10000 [=====================>........] - ETA: 1s - loss: 1.5398 - accuracy: 0.5065
 8000/10000 [=======================>......] - ETA: 1s - loss: 1.5266 - accuracy: 0.5101
 8500/10000 [========================>.....] - ETA: 0s - loss: 1.5150 - accuracy: 0.5148
 9000/10000 [==========================>...] - ETA: 0s - loss: 1.4994 - accuracy: 0.5207
 9500/10000 [===========================>..] - ETA: 0s - loss: 1.4921 - accuracy: 0.5238
10000/10000 [==============================] - 6s 606us/step - loss: 1.4865 - accuracy: 0.5240 - val_loss: 1.2799 - val_accuracy: 0.5572
Epoch 3/5

  500/10000 [>.............................] - ETA: 5s - loss: 1.2196 - accuracy: 0.5880
 1000/10000 [==>...........................] - ETA: 5s - loss: 1.1944 - accuracy: 0.6080
 1500/10000 [===>..........................] - ETA: 5s - loss: 1.2479 - accuracy: 0.5880
 2000/10000 [=====>........................] - ETA: 4s - loss: 1.2223 - accuracy: 0.6080
 2500/10000 [======>.......................] - ETA: 4s - loss: 1.1885 - accuracy: 0.6184
 3000/10000 [========>.....................] - ETA: 4s - loss: 1.1702 - accuracy: 0.6213
 3500/10000 [=========>....................] - ETA: 3s - loss: 1.1831 - accuracy: 0.6171
 4000/10000 [===========>..................] - ETA: 3s - loss: 1.2005 - accuracy: 0.6122
 4500/10000 [============>.................] - ETA: 3s - loss: 1.1878 - accuracy: 0.6173
 5000/10000 [==============>...............] - ETA: 2s - loss: 1.1863 - accuracy: 0.6156
 5500/10000 [===============>..............] - ETA: 2s - loss: 1.1946 - accuracy: 0.6120
 6000/10000 [=================>............] - ETA: 2s - loss: 1.1746 - accuracy: 0.6193
 6500/10000 [==================>...........] - ETA: 2s - loss: 1.1573 - accuracy: 0.6274
 7000/10000 [====================>.........] - ETA: 1s - loss: 1.1373 - accuracy: 0.6350
 7500/10000 [=====================>........] - ETA: 1s - loss: 1.1238 - accuracy: 0.6395
 8000/10000 [=======================>......] - ETA: 1s - loss: 1.1222 - accuracy: 0.6392
 8500/10000 [========================>.....] - ETA: 0s - loss: 1.1141 - accuracy: 0.6418
 9000/10000 [==========================>...] - ETA: 0s - loss: 1.1074 - accuracy: 0.6433
 9500/10000 [===========================>..] - ETA: 0s - loss: 1.0969 - accuracy: 0.6466
10000/10000 [==============================] - 6s 603us/step - loss: 1.0845 - accuracy: 0.6508 - val_loss: 1.0868 - val_accuracy: 0.6716
Epoch 4/5

  500/10000 [>.............................] - ETA: 5s - loss: 0.9724 - accuracy: 0.7340
 1000/10000 [==>...........................] - ETA: 5s - loss: 0.9401 - accuracy: 0.7240
 1500/10000 [===>..........................] - ETA: 5s - loss: 0.9343 - accuracy: 0.7193
 2000/10000 [=====>........................] - ETA: 4s - loss: 0.9525 - accuracy: 0.7140
 2500/10000 [======>.......................] - ETA: 4s - loss: 0.9686 - accuracy: 0.6940
 3000/10000 [========>.....................] - ETA: 4s - loss: 0.9777 - accuracy: 0.6853
 3500/10000 [=========>....................] - ETA: 3s - loss: 0.9650 - accuracy: 0.6860
 4000/10000 [===========>..................] - ETA: 3s - loss: 0.9500 - accuracy: 0.6917
 4500/10000 [============>.................] - ETA: 3s - loss: 0.9482 - accuracy: 0.6936
 5000/10000 [==============>...............] - ETA: 2s - loss: 0.9368 - accuracy: 0.6994
 5500/10000 [===============>..............] - ETA: 2s - loss: 0.9193 - accuracy: 0.7060
 6000/10000 [=================>............] - ETA: 2s - loss: 0.9090 - accuracy: 0.7090
 6500/10000 [==================>...........] - ETA: 2s - loss: 0.9113 - accuracy: 0.7068
 7000/10000 [====================>.........] - ETA: 1s - loss: 0.9036 - accuracy: 0.7097
 7500/10000 [=====================>........] - ETA: 1s - loss: 0.8897 - accuracy: 0.7136
 8000/10000 [=======================>......] - ETA: 1s - loss: 0.8877 - accuracy: 0.7146
 8500/10000 [========================>.....] - ETA: 0s - loss: 0.8851 - accuracy: 0.7165
 9000/10000 [==========================>...] - ETA: 0s - loss: 0.8782 - accuracy: 0.7180
 9500/10000 [===========================>..] - ETA: 0s - loss: 0.8737 - accuracy: 0.7200
10000/10000 [==============================] - 6s 605us/step - loss: 0.8692 - accuracy: 0.7218 - val_loss: 0.9190 - val_accuracy: 0.6988
Epoch 5/5

  500/10000 [>.............................] - ETA: 5s - loss: 0.9174 - accuracy: 0.6880
 1000/10000 [==>...........................] - ETA: 5s - loss: 0.9149 - accuracy: 0.7020
 1500/10000 [===>..........................] - ETA: 5s - loss: 0.8999 - accuracy: 0.7087
 2000/10000 [=====>........................] - ETA: 4s - loss: 0.8692 - accuracy: 0.7150
 2500/10000 [======>.......................] - ETA: 4s - loss: 0.8261 - accuracy: 0.7316
 3000/10000 [========>.....................] - ETA: 4s - loss: 0.8161 - accuracy: 0.7380
 3500/10000 [=========>....................] - ETA: 3s - loss: 0.7945 - accuracy: 0.7451
 4000/10000 [===========>..................] - ETA: 3s - loss: 0.7991 - accuracy: 0.7423
 4500/10000 [============>.................] - ETA: 3s - loss: 0.8008 - accuracy: 0.7440
 5000/10000 [==============>...............] - ETA: 2s - loss: 0.8025 - accuracy: 0.7426
 5500/10000 [===============>..............] - ETA: 2s - loss: 0.7910 - accuracy: 0.7458
 6000/10000 [=================>............] - ETA: 2s - loss: 0.7961 - accuracy: 0.7455
 6500/10000 [==================>...........] - ETA: 2s - loss: 0.7878 - accuracy: 0.7488
 7000/10000 [====================>.........] - ETA: 1s - loss: 0.7959 - accuracy: 0.7460
 7500/10000 [=====================>........] - ETA: 1s - loss: 0.7927 - accuracy: 0.7479
 8000/10000 [=======================>......] - ETA: 1s - loss: 0.7753 - accuracy: 0.7540
 8500/10000 [========================>.....] - ETA: 0s - loss: 0.7723 - accuracy: 0.7541
 9000/10000 [==========================>...] - ETA: 0s - loss: 0.7742 - accuracy: 0.7541
 9500/10000 [===========================>..] - ETA: 0s - loss: 0.7685 - accuracy: 0.7557
10000/10000 [==============================] - 6s 603us/step - loss: 0.7626 - accuracy: 0.7579 - val_loss: 0.6856 - val_accuracy: 0.7792
Latency --- 30.959217309951782 seconds ---
For delta=0.000100, the current epsilon is: 4.0678
=====================Iteration========================== 8
For delta=0.000100, the current epsilon is: 4.0678
Noise Mutiplier 1
loss= <keras.losses.CategoricalCrossentropy object at 0x7f1195fa1ac8>
in grads Tensor("loss_7/mul:0", shape=(?,), dtype=float32)
Train on 10000 samples, validate on 2500 samples
Epoch 1/5

  500/10000 [>.............................] - ETA: 7s - loss: 2.3331 - accuracy: 0.1140
 1000/10000 [==>...........................] - ETA: 6s - loss: 2.3139 - accuracy: 0.1220
 1500/10000 [===>..........................] - ETA: 5s - loss: 2.2991 - accuracy: 0.1220
 2000/10000 [=====>........................] - ETA: 5s - loss: 2.2861 - accuracy: 0.1450
 2500/10000 [======>.......................] - ETA: 4s - loss: 2.2738 - accuracy: 0.1484
 3000/10000 [========>.....................] - ETA: 4s - loss: 2.2597 - accuracy: 0.1730
 3500/10000 [=========>....................] - ETA: 4s - loss: 2.2493 - accuracy: 0.1657
 4000/10000 [===========>..................] - ETA: 3s - loss: 2.2360 - accuracy: 0.1813
 4500/10000 [============>.................] - ETA: 3s - loss: 2.2167 - accuracy: 0.1984
 5000/10000 [==============>...............] - ETA: 3s - loss: 2.1991 - accuracy: 0.2204
 5500/10000 [===============>..............] - ETA: 2s - loss: 2.1801 - accuracy: 0.2304
 6000/10000 [=================>............] - ETA: 2s - loss: 2.1576 - accuracy: 0.2515
 6500/10000 [==================>...........] - ETA: 2s - loss: 2.1379 - accuracy: 0.2608
 7000/10000 [====================>.........] - ETA: 1s - loss: 2.1231 - accuracy: 0.2617
 7500/10000 [=====================>........] - ETA: 1s - loss: 2.1047 - accuracy: 0.2731
 8000/10000 [=======================>......] - ETA: 1s - loss: 2.0908 - accuracy: 0.2836
 8500/10000 [========================>.....] - ETA: 0s - loss: 2.0712 - accuracy: 0.2933
 9000/10000 [==========================>...] - ETA: 0s - loss: 2.0516 - accuracy: 0.3012
 9500/10000 [===========================>..] - ETA: 0s - loss: 2.0305 - accuracy: 0.3103
10000/10000 [==============================] - 6s 622us/step - loss: 2.0074 - accuracy: 0.3186 - val_loss: 1.7281 - val_accuracy: 0.3952
Epoch 2/5

  500/10000 [>.............................] - ETA: 5s - loss: 1.6223 - accuracy: 0.4560
 1000/10000 [==>...........................] - ETA: 5s - loss: 1.5764 - accuracy: 0.4610
 1500/10000 [===>..........................] - ETA: 5s - loss: 1.5384 - accuracy: 0.4827
 2000/10000 [=====>........................] - ETA: 4s - loss: 1.5414 - accuracy: 0.4740
 2500/10000 [======>.......................] - ETA: 4s - loss: 1.5580 - accuracy: 0.4660
 3000/10000 [========>.....................] - ETA: 4s - loss: 1.5418 - accuracy: 0.4760
 3500/10000 [=========>....................] - ETA: 3s - loss: 1.5286 - accuracy: 0.4789
 4000/10000 [===========>..................] - ETA: 3s - loss: 1.5050 - accuracy: 0.4908
 4500/10000 [============>.................] - ETA: 3s - loss: 1.4925 - accuracy: 0.4967
 5000/10000 [==============>...............] - ETA: 3s - loss: 1.4707 - accuracy: 0.5030
 5500/10000 [===============>..............] - ETA: 2s - loss: 1.4882 - accuracy: 0.4995
 6000/10000 [=================>............] - ETA: 2s - loss: 1.4717 - accuracy: 0.5052
 6500/10000 [==================>...........] - ETA: 2s - loss: 1.4607 - accuracy: 0.5085
 7000/10000 [====================>.........] - ETA: 1s - loss: 1.4509 - accuracy: 0.5106
 7500/10000 [=====================>........] - ETA: 1s - loss: 1.4282 - accuracy: 0.5199
 8000/10000 [=======================>......] - ETA: 1s - loss: 1.4096 - accuracy: 0.5260
 8500/10000 [========================>.....] - ETA: 0s - loss: 1.4081 - accuracy: 0.5293
 9000/10000 [==========================>...] - ETA: 0s - loss: 1.3920 - accuracy: 0.5361
 9500/10000 [===========================>..] - ETA: 0s - loss: 1.3830 - accuracy: 0.5396
10000/10000 [==============================] - 6s 609us/step - loss: 1.3884 - accuracy: 0.5384 - val_loss: 1.4528 - val_accuracy: 0.5008
Epoch 3/5

  500/10000 [>.............................] - ETA: 5s - loss: 1.2565 - accuracy: 0.5600
 1000/10000 [==>...........................] - ETA: 5s - loss: 1.2357 - accuracy: 0.5760
 1500/10000 [===>..........................] - ETA: 5s - loss: 1.1920 - accuracy: 0.5833
 2000/10000 [=====>........................] - ETA: 4s - loss: 1.1918 - accuracy: 0.5930
 2500/10000 [======>.......................] - ETA: 4s - loss: 1.1985 - accuracy: 0.5880
 3000/10000 [========>.....................] - ETA: 4s - loss: 1.1930 - accuracy: 0.5907
 3500/10000 [=========>....................] - ETA: 3s - loss: 1.1851 - accuracy: 0.5903
 4000/10000 [===========>..................] - ETA: 3s - loss: 1.1602 - accuracy: 0.6003
 4500/10000 [============>.................] - ETA: 3s - loss: 1.1305 - accuracy: 0.6136
 5000/10000 [==============>...............] - ETA: 3s - loss: 1.1067 - accuracy: 0.6226
 5500/10000 [===============>..............] - ETA: 2s - loss: 1.0829 - accuracy: 0.6338
 6000/10000 [=================>............] - ETA: 2s - loss: 1.0827 - accuracy: 0.6317
 6500/10000 [==================>...........] - ETA: 2s - loss: 1.0671 - accuracy: 0.6386
 7000/10000 [====================>.........] - ETA: 1s - loss: 1.0573 - accuracy: 0.6417
 7500/10000 [=====================>........] - ETA: 1s - loss: 1.0428 - accuracy: 0.6475
 8000/10000 [=======================>......] - ETA: 1s - loss: 1.0258 - accuracy: 0.6534
 8500/10000 [========================>.....] - ETA: 0s - loss: 1.0241 - accuracy: 0.6536
 9000/10000 [==========================>...] - ETA: 0s - loss: 1.0138 - accuracy: 0.6570
 9500/10000 [===========================>..] - ETA: 0s - loss: 0.9972 - accuracy: 0.6629
10000/10000 [==============================] - 6s 611us/step - loss: 0.9842 - accuracy: 0.6694 - val_loss: 0.8982 - val_accuracy: 0.6860
Epoch 4/5

  500/10000 [>.............................] - ETA: 5s - loss: 0.8461 - accuracy: 0.7140
 1000/10000 [==>...........................] - ETA: 5s - loss: 0.8810 - accuracy: 0.7130
 1500/10000 [===>..........................] - ETA: 5s - loss: 0.9504 - accuracy: 0.6813
 2000/10000 [=====>........................] - ETA: 4s - loss: 0.9665 - accuracy: 0.6795
 2500/10000 [======>.......................] - ETA: 4s - loss: 0.9665 - accuracy: 0.6780
 3000/10000 [========>.....................] - ETA: 4s - loss: 0.9647 - accuracy: 0.6793
 3500/10000 [=========>....................] - ETA: 3s - loss: 0.9479 - accuracy: 0.6834
 4000/10000 [===========>..................] - ETA: 3s - loss: 0.9510 - accuracy: 0.6798
 4500/10000 [============>.................] - ETA: 3s - loss: 0.9283 - accuracy: 0.6873
 5000/10000 [==============>...............] - ETA: 3s - loss: 0.9172 - accuracy: 0.6916
 5500/10000 [===============>..............] - ETA: 2s - loss: 0.8975 - accuracy: 0.6995
 6000/10000 [=================>............] - ETA: 2s - loss: 0.8798 - accuracy: 0.7067
 6500/10000 [==================>...........] - ETA: 2s - loss: 0.8827 - accuracy: 0.7049
 7000/10000 [====================>.........] - ETA: 1s - loss: 0.8745 - accuracy: 0.7073
 7500/10000 [=====================>........] - ETA: 1s - loss: 0.8798 - accuracy: 0.7060
 8000/10000 [=======================>......] - ETA: 1s - loss: 0.8662 - accuracy: 0.7113
 8500/10000 [========================>.....] - ETA: 0s - loss: 0.8572 - accuracy: 0.7159
 9000/10000 [==========================>...] - ETA: 0s - loss: 0.8507 - accuracy: 0.7173
 9500/10000 [===========================>..] - ETA: 0s - loss: 0.8405 - accuracy: 0.7202
10000/10000 [==============================] - 6s 605us/step - loss: 0.8443 - accuracy: 0.7194 - val_loss: 0.8791 - val_accuracy: 0.7184
Epoch 5/5

  500/10000 [>.............................] - ETA: 5s - loss: 0.7750 - accuracy: 0.7340
 1000/10000 [==>...........................] - ETA: 5s - loss: 0.7411 - accuracy: 0.7440
 1500/10000 [===>..........................] - ETA: 5s - loss: 0.7442 - accuracy: 0.7460
 2000/10000 [=====>........................] - ETA: 4s - loss: 0.7471 - accuracy: 0.7465
 2500/10000 [======>.......................] - ETA: 4s - loss: 0.7527 - accuracy: 0.7464
 3000/10000 [========>.....................] - ETA: 4s - loss: 0.7642 - accuracy: 0.7440
 3500/10000 [=========>....................] - ETA: 3s - loss: 0.7905 - accuracy: 0.7394
 4000/10000 [===========>..................] - ETA: 3s - loss: 0.7868 - accuracy: 0.7398
 4500/10000 [============>.................] - ETA: 3s - loss: 0.8002 - accuracy: 0.7373
 5000/10000 [==============>...............] - ETA: 3s - loss: 0.8024 - accuracy: 0.7370
 5500/10000 [===============>..............] - ETA: 2s - loss: 0.8019 - accuracy: 0.7382
 6000/10000 [=================>............] - ETA: 2s - loss: 0.8012 - accuracy: 0.7355
 6500/10000 [==================>...........] - ETA: 2s - loss: 0.8062 - accuracy: 0.7345
 7000/10000 [====================>.........] - ETA: 1s - loss: 0.8088 - accuracy: 0.7339
 7500/10000 [=====================>........] - ETA: 1s - loss: 0.8144 - accuracy: 0.7329
 8000/10000 [=======================>......] - ETA: 1s - loss: 0.8250 - accuracy: 0.7294
 8500/10000 [========================>.....] - ETA: 0s - loss: 0.8209 - accuracy: 0.7311
 9000/10000 [==========================>...] - ETA: 0s - loss: 0.8175 - accuracy: 0.7307
 9500/10000 [===========================>..] - ETA: 0s - loss: 0.8124 - accuracy: 0.7318
10000/10000 [==============================] - 6s 607us/step - loss: 0.8098 - accuracy: 0.7322 - val_loss: 0.8700 - val_accuracy: 0.7332
Latency --- 31.18433165550232 seconds ---
For delta=0.000100, the current epsilon is: 4.0678
=====================Iteration========================== 9
For delta=0.000100, the current epsilon is: 4.0678
Noise Mutiplier 1
loss= <keras.losses.CategoricalCrossentropy object at 0x7f1195df7358>
in grads Tensor("loss_8/mul:0", shape=(?,), dtype=float32)
Train on 10000 samples, validate on 2500 samples
Epoch 1/5

  500/10000 [>.............................] - ETA: 7s - loss: 2.3125 - accuracy: 0.0760
 1000/10000 [==>...........................] - ETA: 6s - loss: 2.3021 - accuracy: 0.0880
 1500/10000 [===>..........................] - ETA: 5s - loss: 2.2950 - accuracy: 0.0927
 2000/10000 [=====>........................] - ETA: 5s - loss: 2.2881 - accuracy: 0.0955
 2500/10000 [======>.......................] - ETA: 4s - loss: 2.2777 - accuracy: 0.1120
 3000/10000 [========>.....................] - ETA: 4s - loss: 2.2660 - accuracy: 0.1317
 3500/10000 [=========>....................] - ETA: 4s - loss: 2.2564 - accuracy: 0.1443
 4000/10000 [===========>..................] - ETA: 3s - loss: 2.2486 - accuracy: 0.1515
 4500/10000 [============>.................] - ETA: 3s - loss: 2.2419 - accuracy: 0.1582
 5000/10000 [==============>...............] - ETA: 3s - loss: 2.2308 - accuracy: 0.1702
 5500/10000 [===============>..............] - ETA: 2s - loss: 2.2244 - accuracy: 0.1796
 6000/10000 [=================>............] - ETA: 2s - loss: 2.2120 - accuracy: 0.1905
 6500/10000 [==================>...........] - ETA: 2s - loss: 2.2013 - accuracy: 0.1955
 7000/10000 [====================>.........] - ETA: 1s - loss: 2.1951 - accuracy: 0.1997
 7500/10000 [=====================>........] - ETA: 1s - loss: 2.1810 - accuracy: 0.2084
 8000/10000 [=======================>......] - ETA: 1s - loss: 2.1644 - accuracy: 0.2185
 8500/10000 [========================>.....] - ETA: 0s - loss: 2.1478 - accuracy: 0.2242
 9000/10000 [==========================>...] - ETA: 0s - loss: 2.1347 - accuracy: 0.2326
 9500/10000 [===========================>..] - ETA: 0s - loss: 2.1158 - accuracy: 0.2399
10000/10000 [==============================] - 6s 620us/step - loss: 2.0978 - accuracy: 0.2482 - val_loss: 1.8888 - val_accuracy: 0.2988
Epoch 2/5

  500/10000 [>.............................] - ETA: 5s - loss: 1.8425 - accuracy: 0.3240
 1000/10000 [==>...........................] - ETA: 5s - loss: 1.8702 - accuracy: 0.3070
 1500/10000 [===>..........................] - ETA: 5s - loss: 1.8384 - accuracy: 0.3513
 2000/10000 [=====>........................] - ETA: 4s - loss: 1.8365 - accuracy: 0.3640
 2500/10000 [======>.......................] - ETA: 4s - loss: 1.8209 - accuracy: 0.3560
 3000/10000 [========>.....................] - ETA: 4s - loss: 1.8253 - accuracy: 0.3497
 3500/10000 [=========>....................] - ETA: 3s - loss: 1.8229 - accuracy: 0.3523
 4000/10000 [===========>..................] - ETA: 3s - loss: 1.8142 - accuracy: 0.3585
 4500/10000 [============>.................] - ETA: 3s - loss: 1.7919 - accuracy: 0.3656
 5000/10000 [==============>...............] - ETA: 3s - loss: 1.7726 - accuracy: 0.3770
 5500/10000 [===============>..............] - ETA: 2s - loss: 1.7607 - accuracy: 0.3802
 6000/10000 [=================>............] - ETA: 2s - loss: 1.7506 - accuracy: 0.3858
 6500/10000 [==================>...........] - ETA: 2s - loss: 1.7343 - accuracy: 0.3989
 7000/10000 [====================>.........] - ETA: 1s - loss: 1.7112 - accuracy: 0.4107
 7500/10000 [=====================>........] - ETA: 1s - loss: 1.6969 - accuracy: 0.4195
 8000/10000 [=======================>......] - ETA: 1s - loss: 1.6856 - accuracy: 0.4250
 8500/10000 [========================>.....] - ETA: 0s - loss: 1.6764 - accuracy: 0.4284
 9000/10000 [==========================>...] - ETA: 0s - loss: 1.6704 - accuracy: 0.4287
 9500/10000 [===========================>..] - ETA: 0s - loss: 1.6553 - accuracy: 0.4338
10000/10000 [==============================] - 6s 602us/step - loss: 1.6431 - accuracy: 0.4365 - val_loss: 1.7053 - val_accuracy: 0.3876
Epoch 3/5

  500/10000 [>.............................] - ETA: 5s - loss: 1.5975 - accuracy: 0.4140
 1000/10000 [==>...........................] - ETA: 5s - loss: 1.4736 - accuracy: 0.4840
 1500/10000 [===>..........................] - ETA: 5s - loss: 1.4997 - accuracy: 0.4773
 2000/10000 [=====>........................] - ETA: 4s - loss: 1.4504 - accuracy: 0.5015
 2500/10000 [======>.......................] - ETA: 4s - loss: 1.4555 - accuracy: 0.4928
 3000/10000 [========>.....................] - ETA: 4s - loss: 1.4360 - accuracy: 0.4923
 3500/10000 [=========>....................] - ETA: 3s - loss: 1.4323 - accuracy: 0.4986
 4000/10000 [===========>..................] - ETA: 3s - loss: 1.4209 - accuracy: 0.5080
 4500/10000 [============>.................] - ETA: 3s - loss: 1.3962 - accuracy: 0.5171
 5000/10000 [==============>...............] - ETA: 2s - loss: 1.3829 - accuracy: 0.5208
 5500/10000 [===============>..............] - ETA: 2s - loss: 1.3943 - accuracy: 0.5169
 6000/10000 [=================>............] - ETA: 2s - loss: 1.3970 - accuracy: 0.5157
 6500/10000 [==================>...........] - ETA: 2s - loss: 1.3913 - accuracy: 0.5208
 7000/10000 [====================>.........] - ETA: 1s - loss: 1.3892 - accuracy: 0.5224
 7500/10000 [=====================>........] - ETA: 1s - loss: 1.3723 - accuracy: 0.5300
 8000/10000 [=======================>......] - ETA: 1s - loss: 1.3607 - accuracy: 0.5324
 8500/10000 [========================>.....] - ETA: 0s - loss: 1.3546 - accuracy: 0.5354
 9000/10000 [==========================>...] - ETA: 0s - loss: 1.3440 - accuracy: 0.5400
 9500/10000 [===========================>..] - ETA: 0s - loss: 1.3361 - accuracy: 0.5435
10000/10000 [==============================] - 6s 601us/step - loss: 1.3231 - accuracy: 0.5467 - val_loss: 1.2925 - val_accuracy: 0.5368
Epoch 4/5

  500/10000 [>.............................] - ETA: 5s - loss: 1.2384 - accuracy: 0.5860
 1000/10000 [==>...........................] - ETA: 5s - loss: 1.2358 - accuracy: 0.5900
 1500/10000 [===>..........................] - ETA: 5s - loss: 1.2129 - accuracy: 0.5820
 2000/10000 [=====>........................] - ETA: 4s - loss: 1.1533 - accuracy: 0.6165
 2500/10000 [======>.......................] - ETA: 4s - loss: 1.1279 - accuracy: 0.6260
 3000/10000 [========>.....................] - ETA: 4s - loss: 1.1176 - accuracy: 0.6310
 3500/10000 [=========>....................] - ETA: 3s - loss: 1.1153 - accuracy: 0.6349
 4000/10000 [===========>..................] - ETA: 3s - loss: 1.0871 - accuracy: 0.6450
 4500/10000 [============>.................] - ETA: 3s - loss: 1.0814 - accuracy: 0.6451
 5000/10000 [==============>...............] - ETA: 2s - loss: 1.0627 - accuracy: 0.6520
 5500/10000 [===============>..............] - ETA: 2s - loss: 1.0724 - accuracy: 0.6455
 6000/10000 [=================>............] - ETA: 2s - loss: 1.0696 - accuracy: 0.6475
 6500/10000 [==================>...........] - ETA: 2s - loss: 1.0725 - accuracy: 0.6455
 7000/10000 [====================>.........] - ETA: 1s - loss: 1.0603 - accuracy: 0.6513
 7500/10000 [=====================>........] - ETA: 1s - loss: 1.0529 - accuracy: 0.6531
 8000/10000 [=======================>......] - ETA: 1s - loss: 1.0525 - accuracy: 0.6504
 8500/10000 [========================>.....] - ETA: 0s - loss: 1.0466 - accuracy: 0.6496
 9000/10000 [==========================>...] - ETA: 0s - loss: 1.0455 - accuracy: 0.6502
 9500/10000 [===========================>..] - ETA: 0s - loss: 1.0344 - accuracy: 0.6521
10000/10000 [==============================] - 6s 601us/step - loss: 1.0306 - accuracy: 0.6546 - val_loss: 0.9005 - val_accuracy: 0.7180
Epoch 5/5

  500/10000 [>.............................] - ETA: 5s - loss: 0.8249 - accuracy: 0.7540
 1000/10000 [==>...........................] - ETA: 5s - loss: 0.8295 - accuracy: 0.7250
 1500/10000 [===>..........................] - ETA: 5s - loss: 0.9073 - accuracy: 0.7107
 2000/10000 [=====>........................] - ETA: 4s - loss: 0.8879 - accuracy: 0.7155
 2500/10000 [======>.......................] - ETA: 4s - loss: 0.8739 - accuracy: 0.7220
 3000/10000 [========>.....................] - ETA: 4s - loss: 0.8418 - accuracy: 0.7347
 3500/10000 [=========>....................] - ETA: 3s - loss: 0.8591 - accuracy: 0.7269
 4000/10000 [===========>..................] - ETA: 3s - loss: 0.8519 - accuracy: 0.7270
 4500/10000 [============>.................] - ETA: 3s - loss: 0.8548 - accuracy: 0.7224
 5000/10000 [==============>...............] - ETA: 2s - loss: 0.8643 - accuracy: 0.7200
 5500/10000 [===============>..............] - ETA: 2s - loss: 0.8602 - accuracy: 0.7215
 6000/10000 [=================>............] - ETA: 2s - loss: 0.8618 - accuracy: 0.7192
 6500/10000 [==================>...........] - ETA: 2s - loss: 0.8496 - accuracy: 0.7240
 7000/10000 [====================>.........] - ETA: 1s - loss: 0.8424 - accuracy: 0.7254
 7500/10000 [=====================>........] - ETA: 1s - loss: 0.8434 - accuracy: 0.7260
 8000/10000 [=======================>......] - ETA: 1s - loss: 0.8485 - accuracy: 0.7247
 8500/10000 [========================>.....] - ETA: 0s - loss: 0.8352 - accuracy: 0.7294
 9000/10000 [==========================>...] - ETA: 0s - loss: 0.8248 - accuracy: 0.7314
 9500/10000 [===========================>..] - ETA: 0s - loss: 0.8201 - accuracy: 0.7307
10000/10000 [==============================] - 6s 602us/step - loss: 0.8151 - accuracy: 0.7322 - val_loss: 1.0550 - val_accuracy: 0.7016
Latency --- 30.940940141677856 seconds ---
For delta=0.000100, the current epsilon is: 4.0678
=====================Iteration========================== 10
For delta=0.000100, the current epsilon is: 4.0678
Noise Mutiplier 1
loss= <keras.losses.CategoricalCrossentropy object at 0x7f1195cc7ba8>
in grads Tensor("loss_9/mul:0", shape=(?,), dtype=float32)
Train on 10000 samples, validate on 2500 samples
Epoch 1/5

  500/10000 [>.............................] - ETA: 7s - loss: 2.2959 - accuracy: 0.1020
 1000/10000 [==>...........................] - ETA: 6s - loss: 2.2866 - accuracy: 0.1580
 1500/10000 [===>..........................] - ETA: 5s - loss: 2.2832 - accuracy: 0.1687
 2000/10000 [=====>........................] - ETA: 5s - loss: 2.2731 - accuracy: 0.1835
 2500/10000 [======>.......................] - ETA: 4s - loss: 2.2636 - accuracy: 0.1848
 3000/10000 [========>.....................] - ETA: 4s - loss: 2.2519 - accuracy: 0.2073
 3500/10000 [=========>....................] - ETA: 4s - loss: 2.2399 - accuracy: 0.2100
 4000/10000 [===========>..................] - ETA: 3s - loss: 2.2269 - accuracy: 0.2200
 4500/10000 [============>.................] - ETA: 3s - loss: 2.2129 - accuracy: 0.2184
 5000/10000 [==============>...............] - ETA: 3s - loss: 2.1951 - accuracy: 0.2270
 5500/10000 [===============>..............] - ETA: 2s - loss: 2.1767 - accuracy: 0.2445
 6000/10000 [=================>............] - ETA: 2s - loss: 2.1565 - accuracy: 0.2580
 6500/10000 [==================>...........] - ETA: 2s - loss: 2.1435 - accuracy: 0.2589
 7000/10000 [====================>.........] - ETA: 1s - loss: 2.1261 - accuracy: 0.2703
 7500/10000 [=====================>........] - ETA: 1s - loss: 2.1026 - accuracy: 0.2855
 8000/10000 [=======================>......] - ETA: 1s - loss: 2.0761 - accuracy: 0.3027
 8500/10000 [========================>.....] - ETA: 0s - loss: 2.0532 - accuracy: 0.3147
 9000/10000 [==========================>...] - ETA: 0s - loss: 2.0410 - accuracy: 0.3178
 9500/10000 [===========================>..] - ETA: 0s - loss: 2.0283 - accuracy: 0.3228
10000/10000 [==============================] - 6s 621us/step - loss: 2.0223 - accuracy: 0.3234 - val_loss: 1.6391 - val_accuracy: 0.5372
Epoch 2/5

  500/10000 [>.............................] - ETA: 5s - loss: 1.5544 - accuracy: 0.5520
 1000/10000 [==>...........................] - ETA: 5s - loss: 1.5842 - accuracy: 0.4990
 1500/10000 [===>..........................] - ETA: 5s - loss: 1.5960 - accuracy: 0.4947
 2000/10000 [=====>........................] - ETA: 4s - loss: 1.6021 - accuracy: 0.4805
 2500/10000 [======>.......................] - ETA: 4s - loss: 1.5986 - accuracy: 0.4796
 3000/10000 [========>.....................] - ETA: 4s - loss: 1.5850 - accuracy: 0.4837
 3500/10000 [=========>....................] - ETA: 3s - loss: 1.5568 - accuracy: 0.5046
 4000/10000 [===========>..................] - ETA: 3s - loss: 1.5287 - accuracy: 0.5197
 4500/10000 [============>.................] - ETA: 3s - loss: 1.5238 - accuracy: 0.5198
 5000/10000 [==============>...............] - ETA: 2s - loss: 1.5295 - accuracy: 0.5148
 5500/10000 [===============>..............] - ETA: 2s - loss: 1.5084 - accuracy: 0.5247
 6000/10000 [=================>............] - ETA: 2s - loss: 1.4846 - accuracy: 0.5328
 6500/10000 [==================>...........] - ETA: 2s - loss: 1.4759 - accuracy: 0.5298
 7000/10000 [====================>.........] - ETA: 1s - loss: 1.4776 - accuracy: 0.5317
 7500/10000 [=====================>........] - ETA: 1s - loss: 1.4622 - accuracy: 0.5363
 8000/10000 [=======================>......] - ETA: 1s - loss: 1.4479 - accuracy: 0.5446
 8500/10000 [========================>.....] - ETA: 0s - loss: 1.4334 - accuracy: 0.5505
 9000/10000 [==========================>...] - ETA: 0s - loss: 1.4289 - accuracy: 0.5509
 9500/10000 [===========================>..] - ETA: 0s - loss: 1.4188 - accuracy: 0.5546
10000/10000 [==============================] - 6s 603us/step - loss: 1.4070 - accuracy: 0.5611 - val_loss: 1.3224 - val_accuracy: 0.5756
Epoch 3/5

  500/10000 [>.............................] - ETA: 5s - loss: 1.1702 - accuracy: 0.6220
 1000/10000 [==>...........................] - ETA: 5s - loss: 1.2103 - accuracy: 0.6140
 1500/10000 [===>..........................] - ETA: 5s - loss: 1.1985 - accuracy: 0.6227
 2000/10000 [=====>........................] - ETA: 4s - loss: 1.1427 - accuracy: 0.6445
 2500/10000 [======>.......................] - ETA: 4s - loss: 1.1260 - accuracy: 0.6488
 3000/10000 [========>.....................] - ETA: 4s - loss: 1.1102 - accuracy: 0.6550
 3500/10000 [=========>....................] - ETA: 3s - loss: 1.1071 - accuracy: 0.6571
 4000/10000 [===========>..................] - ETA: 3s - loss: 1.1082 - accuracy: 0.6555
 4500/10000 [============>.................] - ETA: 3s - loss: 1.0773 - accuracy: 0.6649
 5000/10000 [==============>...............] - ETA: 2s - loss: 1.0688 - accuracy: 0.6646
 5500/10000 [===============>..............] - ETA: 2s - loss: 1.0573 - accuracy: 0.6658
 6000/10000 [=================>............] - ETA: 2s - loss: 1.0406 - accuracy: 0.6698
 6500/10000 [==================>...........] - ETA: 2s - loss: 1.0382 - accuracy: 0.6717
 7000/10000 [====================>.........] - ETA: 1s - loss: 1.0293 - accuracy: 0.6737
 7500/10000 [=====================>........] - ETA: 1s - loss: 1.0268 - accuracy: 0.6761
 8000/10000 [=======================>......] - ETA: 1s - loss: 1.0237 - accuracy: 0.6756
 8500/10000 [========================>.....] - ETA: 0s - loss: 1.0222 - accuracy: 0.6755
 9000/10000 [==========================>...] - ETA: 0s - loss: 1.0245 - accuracy: 0.6756
 9500/10000 [===========================>..] - ETA: 0s - loss: 1.0212 - accuracy: 0.6765
10000/10000 [==============================] - 6s 604us/step - loss: 1.0228 - accuracy: 0.6751 - val_loss: 1.3773 - val_accuracy: 0.5600
Epoch 4/5

  500/10000 [>.............................] - ETA: 5s - loss: 1.2933 - accuracy: 0.5720
 1000/10000 [==>...........................] - ETA: 5s - loss: 1.0901 - accuracy: 0.6450
 1500/10000 [===>..........................] - ETA: 5s - loss: 0.9954 - accuracy: 0.6820
 2000/10000 [=====>........................] - ETA: 4s - loss: 1.0002 - accuracy: 0.6825
 2500/10000 [======>.......................] - ETA: 4s - loss: 0.9953 - accuracy: 0.6860
 3000/10000 [========>.....................] - ETA: 4s - loss: 0.9942 - accuracy: 0.6873
 3500/10000 [=========>....................] - ETA: 3s - loss: 0.9947 - accuracy: 0.6894
 4000/10000 [===========>..................] - ETA: 3s - loss: 0.9760 - accuracy: 0.6950
 4500/10000 [============>.................] - ETA: 3s - loss: 0.9763 - accuracy: 0.6942
 5000/10000 [==============>...............] - ETA: 2s - loss: 0.9664 - accuracy: 0.6952
 5500/10000 [===============>..............] - ETA: 2s - loss: 0.9694 - accuracy: 0.6975
 6000/10000 [=================>............] - ETA: 2s - loss: 0.9718 - accuracy: 0.6963
 6500/10000 [==================>...........] - ETA: 2s - loss: 0.9614 - accuracy: 0.6997
 7000/10000 [====================>.........] - ETA: 1s - loss: 0.9699 - accuracy: 0.6956
 7500/10000 [=====================>........] - ETA: 1s - loss: 0.9765 - accuracy: 0.6956
 8000/10000 [=======================>......] - ETA: 1s - loss: 0.9795 - accuracy: 0.6946
 8500/10000 [========================>.....] - ETA: 0s - loss: 0.9832 - accuracy: 0.6935
 9000/10000 [==========================>...] - ETA: 0s - loss: 0.9740 - accuracy: 0.6969
 9500/10000 [===========================>..] - ETA: 0s - loss: 0.9708 - accuracy: 0.6980
10000/10000 [==============================] - 6s 604us/step - loss: 0.9743 - accuracy: 0.6965 - val_loss: 1.0258 - val_accuracy: 0.6672
Epoch 5/5

  500/10000 [>.............................] - ETA: 5s - loss: 0.8954 - accuracy: 0.6940
 1000/10000 [==>...........................] - ETA: 5s - loss: 0.8579 - accuracy: 0.7170
 1500/10000 [===>..........................] - ETA: 5s - loss: 0.8075 - accuracy: 0.7387
 2000/10000 [=====>........................] - ETA: 4s - loss: 0.7932 - accuracy: 0.7475
 2500/10000 [======>.......................] - ETA: 4s - loss: 0.7734 - accuracy: 0.7512
 3000/10000 [========>.....................] - ETA: 4s - loss: 0.7823 - accuracy: 0.7560
 3500/10000 [=========>....................] - ETA: 3s - loss: 0.8016 - accuracy: 0.7486
 4000/10000 [===========>..................] - ETA: 3s - loss: 0.8203 - accuracy: 0.7445
 4500/10000 [============>.................] - ETA: 3s - loss: 0.8304 - accuracy: 0.7427
 5000/10000 [==============>...............] - ETA: 3s - loss: 0.8161 - accuracy: 0.7498
 5500/10000 [===============>..............] - ETA: 2s - loss: 0.8066 - accuracy: 0.7538
 6000/10000 [=================>............] - ETA: 2s - loss: 0.8045 - accuracy: 0.7543
 6500/10000 [==================>...........] - ETA: 2s - loss: 0.7997 - accuracy: 0.7537
 7000/10000 [====================>.........] - ETA: 1s - loss: 0.8058 - accuracy: 0.7519
 7500/10000 [=====================>........] - ETA: 1s - loss: 0.8005 - accuracy: 0.7532
 8000/10000 [=======================>......] - ETA: 1s - loss: 0.7995 - accuracy: 0.7546
 8500/10000 [========================>.....] - ETA: 0s - loss: 0.8077 - accuracy: 0.7554
 9000/10000 [==========================>...] - ETA: 0s - loss: 0.8015 - accuracy: 0.7572
 9500/10000 [===========================>..] - ETA: 0s - loss: 0.7970 - accuracy: 0.7581
10000/10000 [==============================] - 6s 605us/step - loss: 0.8052 - accuracy: 0.7543 - val_loss: 1.1296 - val_accuracy: 0.7060
Latency --- 31.07227659225464 seconds ---
For delta=0.000100, the current epsilon is: 4.0678
