We are using Tensorflow version 1.15.2
Keras API version: 2.3.1
=====================Iteration========================== 1
For delta=0.000100, the current epsilon is: 6.0095
Noise Mutiplier 0.83
loss= <keras.losses.CategoricalCrossentropy object at 0x7f6c1391e198>
in grads Tensor("loss/mul:0", shape=(?,), dtype=float32)
Train on 10000 samples, validate on 2500 samples
Epoch 1/5

  500/10000 [>.............................] - ETA: 7s - loss: 2.3166 - accuracy: 0.0860
 1000/10000 [==>...........................] - ETA: 6s - loss: 2.3059 - accuracy: 0.1090
 1500/10000 [===>..........................] - ETA: 5s - loss: 2.3022 - accuracy: 0.1260
 2000/10000 [=====>........................] - ETA: 5s - loss: 2.2956 - accuracy: 0.1425
 2500/10000 [======>.......................] - ETA: 4s - loss: 2.2884 - accuracy: 0.1616
 3000/10000 [========>.....................] - ETA: 4s - loss: 2.2821 - accuracy: 0.1823
 3500/10000 [=========>....................] - ETA: 4s - loss: 2.2751 - accuracy: 0.1931
 4000/10000 [===========>..................] - ETA: 3s - loss: 2.2671 - accuracy: 0.1957
 4500/10000 [============>.................] - ETA: 3s - loss: 2.2593 - accuracy: 0.2000
 5000/10000 [==============>...............] - ETA: 3s - loss: 2.2494 - accuracy: 0.1932
 5500/10000 [===============>..............] - ETA: 2s - loss: 2.2383 - accuracy: 0.1884
 6000/10000 [=================>............] - ETA: 2s - loss: 2.2264 - accuracy: 0.1953
 6500/10000 [==================>...........] - ETA: 2s - loss: 2.2128 - accuracy: 0.2034
 7000/10000 [====================>.........] - ETA: 1s - loss: 2.1972 - accuracy: 0.2144
 7500/10000 [=====================>........] - ETA: 1s - loss: 2.1822 - accuracy: 0.2251
 8000/10000 [=======================>......] - ETA: 1s - loss: 2.1641 - accuracy: 0.2381
 8500/10000 [========================>.....] - ETA: 0s - loss: 2.1501 - accuracy: 0.2431
 9000/10000 [==========================>...] - ETA: 0s - loss: 2.1474 - accuracy: 0.2434
 9500/10000 [===========================>..] - ETA: 0s - loss: 2.1326 - accuracy: 0.2540
10000/10000 [==============================] - 6s 605us/step - loss: 2.1193 - accuracy: 0.2679 - val_loss: 1.8031 - val_accuracy: 0.4480
Epoch 2/5

  500/10000 [>.............................] - ETA: 5s - loss: 1.8019 - accuracy: 0.4400
 1000/10000 [==>...........................] - ETA: 5s - loss: 1.8587 - accuracy: 0.4070
 1500/10000 [===>..........................] - ETA: 5s - loss: 1.8268 - accuracy: 0.4187
 2000/10000 [=====>........................] - ETA: 4s - loss: 1.8054 - accuracy: 0.4125
 2500/10000 [======>.......................] - ETA: 4s - loss: 1.7830 - accuracy: 0.4220
 3000/10000 [========>.....................] - ETA: 4s - loss: 1.7621 - accuracy: 0.4370
 3500/10000 [=========>....................] - ETA: 3s - loss: 1.7355 - accuracy: 0.4543
 4000/10000 [===========>..................] - ETA: 3s - loss: 1.7046 - accuracy: 0.4705
 4500/10000 [============>.................] - ETA: 3s - loss: 1.6776 - accuracy: 0.4827
 5000/10000 [==============>...............] - ETA: 2s - loss: 1.6593 - accuracy: 0.4832
 5500/10000 [===============>..............] - ETA: 2s - loss: 1.6364 - accuracy: 0.4947
 6000/10000 [=================>............] - ETA: 2s - loss: 1.6072 - accuracy: 0.5052
 6500/10000 [==================>...........] - ETA: 2s - loss: 1.5817 - accuracy: 0.5140
 7000/10000 [====================>.........] - ETA: 1s - loss: 1.5662 - accuracy: 0.5139
 7500/10000 [=====================>........] - ETA: 1s - loss: 1.5635 - accuracy: 0.5157
 8000/10000 [=======================>......] - ETA: 1s - loss: 1.5595 - accuracy: 0.5140
 8500/10000 [========================>.....] - ETA: 0s - loss: 1.5532 - accuracy: 0.5189
 9000/10000 [==========================>...] - ETA: 0s - loss: 1.5372 - accuracy: 0.5258
 9500/10000 [===========================>..] - ETA: 0s - loss: 1.5125 - accuracy: 0.5351
10000/10000 [==============================] - 6s 592us/step - loss: 1.4910 - accuracy: 0.5419 - val_loss: 1.2667 - val_accuracy: 0.6340
Epoch 3/5

  500/10000 [>.............................] - ETA: 5s - loss: 1.0535 - accuracy: 0.6660
 1000/10000 [==>...........................] - ETA: 5s - loss: 1.0674 - accuracy: 0.6790
 1500/10000 [===>..........................] - ETA: 5s - loss: 1.0772 - accuracy: 0.6727
 2000/10000 [=====>........................] - ETA: 4s - loss: 1.0646 - accuracy: 0.6720
 2500/10000 [======>.......................] - ETA: 4s - loss: 1.1101 - accuracy: 0.6648
 3000/10000 [========>.....................] - ETA: 4s - loss: 1.0803 - accuracy: 0.6743
 3500/10000 [=========>....................] - ETA: 3s - loss: 1.0937 - accuracy: 0.6717
 4000/10000 [===========>..................] - ETA: 3s - loss: 1.0920 - accuracy: 0.6660
 4500/10000 [============>.................] - ETA: 3s - loss: 1.0818 - accuracy: 0.6669
 5000/10000 [==============>...............] - ETA: 2s - loss: 1.0762 - accuracy: 0.6640
 5500/10000 [===============>..............] - ETA: 2s - loss: 1.0688 - accuracy: 0.6636
 6000/10000 [=================>............] - ETA: 2s - loss: 1.0611 - accuracy: 0.6638
 6500/10000 [==================>...........] - ETA: 2s - loss: 1.0513 - accuracy: 0.6666
 7000/10000 [====================>.........] - ETA: 1s - loss: 1.0292 - accuracy: 0.6757
 7500/10000 [=====================>........] - ETA: 1s - loss: 1.0272 - accuracy: 0.6743
 8000/10000 [=======================>......] - ETA: 1s - loss: 1.0290 - accuracy: 0.6730
 8500/10000 [========================>.....] - ETA: 0s - loss: 1.0205 - accuracy: 0.6774
 9000/10000 [==========================>...] - ETA: 0s - loss: 1.0173 - accuracy: 0.6784
 9500/10000 [===========================>..] - ETA: 0s - loss: 1.0074 - accuracy: 0.6809
10000/10000 [==============================] - 6s 596us/step - loss: 1.0070 - accuracy: 0.6812 - val_loss: 0.9773 - val_accuracy: 0.6764
Epoch 4/5

  500/10000 [>.............................] - ETA: 5s - loss: 0.9417 - accuracy: 0.6560
 1000/10000 [==>...........................] - ETA: 5s - loss: 0.9104 - accuracy: 0.6830
 1500/10000 [===>..........................] - ETA: 4s - loss: 0.8676 - accuracy: 0.6973
 2000/10000 [=====>........................] - ETA: 4s - loss: 0.8734 - accuracy: 0.6960
 2500/10000 [======>.......................] - ETA: 4s - loss: 0.8996 - accuracy: 0.6992
 3000/10000 [========>.....................] - ETA: 4s - loss: 0.9206 - accuracy: 0.6910
 3500/10000 [=========>....................] - ETA: 3s - loss: 0.9218 - accuracy: 0.6957
 4000/10000 [===========>..................] - ETA: 3s - loss: 0.9215 - accuracy: 0.6980
 4500/10000 [============>.................] - ETA: 3s - loss: 0.9317 - accuracy: 0.6949
 5000/10000 [==============>...............] - ETA: 2s - loss: 0.9209 - accuracy: 0.6986
 5500/10000 [===============>..............] - ETA: 2s - loss: 0.9172 - accuracy: 0.7025
 6000/10000 [=================>............] - ETA: 2s - loss: 0.9036 - accuracy: 0.7092
 6500/10000 [==================>...........] - ETA: 2s - loss: 0.8949 - accuracy: 0.7128
 7000/10000 [====================>.........] - ETA: 1s - loss: 0.8891 - accuracy: 0.7146
 7500/10000 [=====================>........] - ETA: 1s - loss: 0.8861 - accuracy: 0.7159
 8000/10000 [=======================>......] - ETA: 1s - loss: 0.8683 - accuracy: 0.7216
 8500/10000 [========================>.....] - ETA: 0s - loss: 0.8696 - accuracy: 0.7218
 9000/10000 [==========================>...] - ETA: 0s - loss: 0.8589 - accuracy: 0.7249
 9500/10000 [===========================>..] - ETA: 0s - loss: 0.8507 - accuracy: 0.7271
10000/10000 [==============================] - 6s 599us/step - loss: 0.8410 - accuracy: 0.7311 - val_loss: 0.8034 - val_accuracy: 0.7332
Epoch 5/5

  500/10000 [>.............................] - ETA: 5s - loss: 0.7101 - accuracy: 0.7600
 1000/10000 [==>...........................] - ETA: 5s - loss: 0.6834 - accuracy: 0.7780
 1500/10000 [===>..........................] - ETA: 5s - loss: 0.7268 - accuracy: 0.7687
 2000/10000 [=====>........................] - ETA: 4s - loss: 0.6779 - accuracy: 0.7880
 2500/10000 [======>.......................] - ETA: 4s - loss: 0.6958 - accuracy: 0.7776
 3000/10000 [========>.....................] - ETA: 4s - loss: 0.7206 - accuracy: 0.7717
 3500/10000 [=========>....................] - ETA: 3s - loss: 0.7422 - accuracy: 0.7591
 4000/10000 [===========>..................] - ETA: 3s - loss: 0.7702 - accuracy: 0.7555
 4500/10000 [============>.................] - ETA: 3s - loss: 0.7570 - accuracy: 0.7609
 5000/10000 [==============>...............] - ETA: 2s - loss: 0.7462 - accuracy: 0.7632
 5500/10000 [===============>..............] - ETA: 2s - loss: 0.7434 - accuracy: 0.7622
 6000/10000 [=================>............] - ETA: 2s - loss: 0.7444 - accuracy: 0.7610
 6500/10000 [==================>...........] - ETA: 2s - loss: 0.7527 - accuracy: 0.7572
 7000/10000 [====================>.........] - ETA: 1s - loss: 0.7554 - accuracy: 0.7560
 7500/10000 [=====================>........] - ETA: 1s - loss: 0.7501 - accuracy: 0.7583
 8000/10000 [=======================>......] - ETA: 1s - loss: 0.7495 - accuracy: 0.7575
 8500/10000 [========================>.....] - ETA: 0s - loss: 0.7397 - accuracy: 0.7604
 9000/10000 [==========================>...] - ETA: 0s - loss: 0.7295 - accuracy: 0.7642
 9500/10000 [===========================>..] - ETA: 0s - loss: 0.7192 - accuracy: 0.7684
10000/10000 [==============================] - 6s 598us/step - loss: 0.7153 - accuracy: 0.7689 - val_loss: 0.8123 - val_accuracy: 0.7288
Latency --- 30.37515640258789 seconds ---
For delta=0.000100, the current epsilon is: 6.0095
Saving model with new accuracy, previous accuracy was 0 and present is 0.7688999772071838
Saved model to disk
=====================Iteration========================== 2
For delta=0.000100, the current epsilon is: 6.0095
Noise Mutiplier 0.83
loss= <keras.losses.CategoricalCrossentropy object at 0x7f6c0c471940>
in grads Tensor("loss_1/mul:0", shape=(?,), dtype=float32)
Train on 10000 samples, validate on 2500 samples
Epoch 1/5

  500/10000 [>.............................] - ETA: 6s - loss: 2.3215 - accuracy: 0.1100
 1000/10000 [==>...........................] - ETA: 6s - loss: 2.3075 - accuracy: 0.1020
 1500/10000 [===>..........................] - ETA: 5s - loss: 2.2984 - accuracy: 0.1247
 2000/10000 [=====>........................] - ETA: 5s - loss: 2.2898 - accuracy: 0.1280
 2500/10000 [======>.......................] - ETA: 4s - loss: 2.2811 - accuracy: 0.1396
 3000/10000 [========>.....................] - ETA: 4s - loss: 2.2708 - accuracy: 0.1417
 3500/10000 [=========>....................] - ETA: 3s - loss: 2.2585 - accuracy: 0.1617
 4000/10000 [===========>..................] - ETA: 3s - loss: 2.2439 - accuracy: 0.1873
 4500/10000 [============>.................] - ETA: 3s - loss: 2.2278 - accuracy: 0.2016
 5000/10000 [==============>...............] - ETA: 3s - loss: 2.2155 - accuracy: 0.2140
 5500/10000 [===============>..............] - ETA: 2s - loss: 2.1989 - accuracy: 0.2240
 6000/10000 [=================>............] - ETA: 2s - loss: 2.1804 - accuracy: 0.2353
 6500/10000 [==================>...........] - ETA: 2s - loss: 2.1608 - accuracy: 0.2452
 7000/10000 [====================>.........] - ETA: 1s - loss: 2.1426 - accuracy: 0.2556
 7500/10000 [=====================>........] - ETA: 1s - loss: 2.1316 - accuracy: 0.2544
 8000/10000 [=======================>......] - ETA: 1s - loss: 2.1179 - accuracy: 0.2643
 8500/10000 [========================>.....] - ETA: 0s - loss: 2.1017 - accuracy: 0.2756
 9000/10000 [==========================>...] - ETA: 0s - loss: 2.0780 - accuracy: 0.2907
 9500/10000 [===========================>..] - ETA: 0s - loss: 2.0588 - accuracy: 0.2967
10000/10000 [==============================] - 6s 606us/step - loss: 2.0431 - accuracy: 0.3028 - val_loss: 1.7745 - val_accuracy: 0.3932
Epoch 2/5

  500/10000 [>.............................] - ETA: 5s - loss: 1.6942 - accuracy: 0.4240
 1000/10000 [==>...........................] - ETA: 5s - loss: 1.6651 - accuracy: 0.4350
 1500/10000 [===>..........................] - ETA: 4s - loss: 1.6808 - accuracy: 0.4567
 2000/10000 [=====>........................] - ETA: 4s - loss: 1.6334 - accuracy: 0.4720
 2500/10000 [======>.......................] - ETA: 4s - loss: 1.6167 - accuracy: 0.4912
 3000/10000 [========>.....................] - ETA: 4s - loss: 1.5821 - accuracy: 0.5050
 3500/10000 [=========>....................] - ETA: 3s - loss: 1.5643 - accuracy: 0.5054
 4000/10000 [===========>..................] - ETA: 3s - loss: 1.5359 - accuracy: 0.5150
 4500/10000 [============>.................] - ETA: 3s - loss: 1.5143 - accuracy: 0.5233
 5000/10000 [==============>...............] - ETA: 2s - loss: 1.4918 - accuracy: 0.5356
 5500/10000 [===============>..............] - ETA: 2s - loss: 1.4604 - accuracy: 0.5480
 6000/10000 [=================>............] - ETA: 2s - loss: 1.4302 - accuracy: 0.5595
 6500/10000 [==================>...........] - ETA: 2s - loss: 1.4057 - accuracy: 0.5663
 7000/10000 [====================>.........] - ETA: 1s - loss: 1.3781 - accuracy: 0.5759
 7500/10000 [=====================>........] - ETA: 1s - loss: 1.3522 - accuracy: 0.5859
 8000/10000 [=======================>......] - ETA: 1s - loss: 1.3418 - accuracy: 0.5882
 8500/10000 [========================>.....] - ETA: 0s - loss: 1.3304 - accuracy: 0.5916
 9000/10000 [==========================>...] - ETA: 0s - loss: 1.3172 - accuracy: 0.5983
 9500/10000 [===========================>..] - ETA: 0s - loss: 1.3187 - accuracy: 0.5967
10000/10000 [==============================] - 6s 595us/step - loss: 1.3113 - accuracy: 0.5982 - val_loss: 1.3063 - val_accuracy: 0.5972
Epoch 3/5

  500/10000 [>.............................] - ETA: 5s - loss: 1.1048 - accuracy: 0.6680
 1000/10000 [==>...........................] - ETA: 5s - loss: 1.0903 - accuracy: 0.6680
 1500/10000 [===>..........................] - ETA: 5s - loss: 1.1139 - accuracy: 0.6427
 2000/10000 [=====>........................] - ETA: 4s - loss: 1.0828 - accuracy: 0.6545
 2500/10000 [======>.......................] - ETA: 4s - loss: 1.0778 - accuracy: 0.6608
 3000/10000 [========>.....................] - ETA: 4s - loss: 1.0737 - accuracy: 0.6573
 3500/10000 [=========>....................] - ETA: 3s - loss: 1.0995 - accuracy: 0.6540
 4000/10000 [===========>..................] - ETA: 3s - loss: 1.0831 - accuracy: 0.6578
 4500/10000 [============>.................] - ETA: 3s - loss: 1.0733 - accuracy: 0.6651
 5000/10000 [==============>...............] - ETA: 2s - loss: 1.0575 - accuracy: 0.6674
 5500/10000 [===============>..............] - ETA: 2s - loss: 1.0549 - accuracy: 0.6664
 6000/10000 [=================>............] - ETA: 2s - loss: 1.0418 - accuracy: 0.6728
 6500/10000 [==================>...........] - ETA: 2s - loss: 1.0295 - accuracy: 0.6760
 7000/10000 [====================>.........] - ETA: 1s - loss: 1.0165 - accuracy: 0.6803
 7500/10000 [=====================>........] - ETA: 1s - loss: 1.0113 - accuracy: 0.6817
 8000/10000 [=======================>......] - ETA: 1s - loss: 1.0111 - accuracy: 0.6791
 8500/10000 [========================>.....] - ETA: 0s - loss: 1.0097 - accuracy: 0.6798
 9000/10000 [==========================>...] - ETA: 0s - loss: 0.9991 - accuracy: 0.6830
 9500/10000 [===========================>..] - ETA: 0s - loss: 0.9920 - accuracy: 0.6843
10000/10000 [==============================] - 6s 598us/step - loss: 0.9880 - accuracy: 0.6855 - val_loss: 0.8428 - val_accuracy: 0.7380
Epoch 4/5

  500/10000 [>.............................] - ETA: 5s - loss: 0.7853 - accuracy: 0.7420
 1000/10000 [==>...........................] - ETA: 5s - loss: 0.8631 - accuracy: 0.7190
 1500/10000 [===>..........................] - ETA: 5s - loss: 0.8748 - accuracy: 0.7160
 2000/10000 [=====>........................] - ETA: 4s - loss: 0.8914 - accuracy: 0.7110
 2500/10000 [======>.......................] - ETA: 4s - loss: 0.8860 - accuracy: 0.7144
 3000/10000 [========>.....................] - ETA: 4s - loss: 0.8789 - accuracy: 0.7170
 3500/10000 [=========>....................] - ETA: 3s - loss: 0.8533 - accuracy: 0.7286
 4000/10000 [===========>..................] - ETA: 3s - loss: 0.8541 - accuracy: 0.7318
 4500/10000 [============>.................] - ETA: 3s - loss: 0.8357 - accuracy: 0.7389
 5000/10000 [==============>...............] - ETA: 2s - loss: 0.8303 - accuracy: 0.7392
 5500/10000 [===============>..............] - ETA: 2s - loss: 0.8208 - accuracy: 0.7413
 6000/10000 [=================>............] - ETA: 2s - loss: 0.8087 - accuracy: 0.7443
 6500/10000 [==================>...........] - ETA: 2s - loss: 0.8003 - accuracy: 0.7477
 7000/10000 [====================>.........] - ETA: 1s - loss: 0.7928 - accuracy: 0.7507
 7500/10000 [=====================>........] - ETA: 1s - loss: 0.7837 - accuracy: 0.7528
 8000/10000 [=======================>......] - ETA: 1s - loss: 0.7883 - accuracy: 0.7498
 8500/10000 [========================>.....] - ETA: 0s - loss: 0.7843 - accuracy: 0.7512
 9000/10000 [==========================>...] - ETA: 0s - loss: 0.7756 - accuracy: 0.7536
 9500/10000 [===========================>..] - ETA: 0s - loss: 0.7690 - accuracy: 0.7552
10000/10000 [==============================] - 6s 595us/step - loss: 0.7600 - accuracy: 0.7578 - val_loss: 0.7451 - val_accuracy: 0.7376
Epoch 5/5

  500/10000 [>.............................] - ETA: 5s - loss: 0.6962 - accuracy: 0.7600
 1000/10000 [==>...........................] - ETA: 5s - loss: 0.7022 - accuracy: 0.7670
 1500/10000 [===>..........................] - ETA: 4s - loss: 0.6773 - accuracy: 0.7787
 2000/10000 [=====>........................] - ETA: 4s - loss: 0.6706 - accuracy: 0.7805
 2500/10000 [======>.......................] - ETA: 4s - loss: 0.6653 - accuracy: 0.7872
 3000/10000 [========>.....................] - ETA: 4s - loss: 0.6597 - accuracy: 0.7863
 3500/10000 [=========>....................] - ETA: 3s - loss: 0.6716 - accuracy: 0.7837
 4000/10000 [===========>..................] - ETA: 3s - loss: 0.6941 - accuracy: 0.7742
 4500/10000 [============>.................] - ETA: 3s - loss: 0.6863 - accuracy: 0.7749
 5000/10000 [==============>...............] - ETA: 2s - loss: 0.6801 - accuracy: 0.7772
 5500/10000 [===============>..............] - ETA: 2s - loss: 0.6736 - accuracy: 0.7805
 6000/10000 [=================>............] - ETA: 2s - loss: 0.6698 - accuracy: 0.7835
 6500/10000 [==================>...........] - ETA: 2s - loss: 0.6653 - accuracy: 0.7854
 7000/10000 [====================>.........] - ETA: 1s - loss: 0.6560 - accuracy: 0.7884
 7500/10000 [=====================>........] - ETA: 1s - loss: 0.6537 - accuracy: 0.7887
 8000/10000 [=======================>......] - ETA: 1s - loss: 0.6484 - accuracy: 0.7912
 8500/10000 [========================>.....] - ETA: 0s - loss: 0.6595 - accuracy: 0.7869
 9000/10000 [==========================>...] - ETA: 0s - loss: 0.6505 - accuracy: 0.7906
 9500/10000 [===========================>..] - ETA: 0s - loss: 0.6456 - accuracy: 0.7927
10000/10000 [==============================] - 6s 595us/step - loss: 0.6377 - accuracy: 0.7956 - val_loss: 0.5460 - val_accuracy: 0.8356
Latency --- 30.359143257141113 seconds ---
For delta=0.000100, the current epsilon is: 6.0095
Saving model with new accuracy, previous accuracy was 0.7688999772071838 and present is 0.7955999970436096
Saved model to disk
=====================Iteration========================== 3
For delta=0.000100, the current epsilon is: 6.0095
Noise Mutiplier 0.83
loss= <keras.losses.CategoricalCrossentropy object at 0x7f6c103977f0>
in grads Tensor("loss_2/mul:0", shape=(?,), dtype=float32)
Train on 10000 samples, validate on 2500 samples
Epoch 1/5

  500/10000 [>.............................] - ETA: 7s - loss: 2.3047 - accuracy: 0.0640
 1000/10000 [==>...........................] - ETA: 6s - loss: 2.2970 - accuracy: 0.0860
 1500/10000 [===>..........................] - ETA: 5s - loss: 2.2897 - accuracy: 0.1247
 2000/10000 [=====>........................] - ETA: 5s - loss: 2.2812 - accuracy: 0.1430
 2500/10000 [======>.......................] - ETA: 4s - loss: 2.2708 - accuracy: 0.1676
 3000/10000 [========>.....................] - ETA: 4s - loss: 2.2571 - accuracy: 0.1827
 3500/10000 [=========>....................] - ETA: 3s - loss: 2.2412 - accuracy: 0.1874
 4000/10000 [===========>..................] - ETA: 3s - loss: 2.2213 - accuracy: 0.2122
 4500/10000 [============>.................] - ETA: 3s - loss: 2.1993 - accuracy: 0.2400
 5000/10000 [==============>...............] - ETA: 3s - loss: 2.1821 - accuracy: 0.2424
 5500/10000 [===============>..............] - ETA: 2s - loss: 2.1751 - accuracy: 0.2427
 6000/10000 [=================>............] - ETA: 2s - loss: 2.1609 - accuracy: 0.2453
 6500/10000 [==================>...........] - ETA: 2s - loss: 2.1442 - accuracy: 0.2532
 7000/10000 [====================>.........] - ETA: 1s - loss: 2.1232 - accuracy: 0.2629
 7500/10000 [=====================>........] - ETA: 1s - loss: 2.1149 - accuracy: 0.2585
 8000/10000 [=======================>......] - ETA: 1s - loss: 2.1056 - accuracy: 0.2582
 8500/10000 [========================>.....] - ETA: 0s - loss: 2.0928 - accuracy: 0.2589
 9000/10000 [==========================>...] - ETA: 0s - loss: 2.0840 - accuracy: 0.2617
 9500/10000 [===========================>..] - ETA: 0s - loss: 2.0750 - accuracy: 0.2619
10000/10000 [==============================] - 6s 605us/step - loss: 2.0668 - accuracy: 0.2610 - val_loss: 1.8378 - val_accuracy: 0.3724
Epoch 2/5

  500/10000 [>.............................] - ETA: 5s - loss: 1.8591 - accuracy: 0.3700
 1000/10000 [==>...........................] - ETA: 5s - loss: 1.7983 - accuracy: 0.3260
 1500/10000 [===>..........................] - ETA: 5s - loss: 1.7776 - accuracy: 0.3333
 2000/10000 [=====>........................] - ETA: 4s - loss: 1.7822 - accuracy: 0.3285
 2500/10000 [======>.......................] - ETA: 4s - loss: 1.7892 - accuracy: 0.3344
 3000/10000 [========>.....................] - ETA: 4s - loss: 1.7723 - accuracy: 0.3527
 3500/10000 [=========>....................] - ETA: 3s - loss: 1.7535 - accuracy: 0.3620
 4000/10000 [===========>..................] - ETA: 3s - loss: 1.7491 - accuracy: 0.3635
 4500/10000 [============>.................] - ETA: 3s - loss: 1.7196 - accuracy: 0.3862
 5000/10000 [==============>...............] - ETA: 2s - loss: 1.6958 - accuracy: 0.3960
 5500/10000 [===============>..............] - ETA: 2s - loss: 1.6959 - accuracy: 0.3996
 6000/10000 [=================>............] - ETA: 2s - loss: 1.6755 - accuracy: 0.4147
 6500/10000 [==================>...........] - ETA: 2s - loss: 1.6668 - accuracy: 0.4154
 7000/10000 [====================>.........] - ETA: 1s - loss: 1.6669 - accuracy: 0.4171
 7500/10000 [=====================>........] - ETA: 1s - loss: 1.6520 - accuracy: 0.4220
 8000/10000 [=======================>......] - ETA: 1s - loss: 1.6374 - accuracy: 0.4304
 8500/10000 [========================>.....] - ETA: 0s - loss: 1.6261 - accuracy: 0.4308
 9000/10000 [==========================>...] - ETA: 0s - loss: 1.6184 - accuracy: 0.4361
 9500/10000 [===========================>..] - ETA: 0s - loss: 1.6044 - accuracy: 0.4408
10000/10000 [==============================] - 6s 596us/step - loss: 1.5938 - accuracy: 0.4468 - val_loss: 1.3553 - val_accuracy: 0.6024
Epoch 3/5

  500/10000 [>.............................] - ETA: 5s - loss: 1.2569 - accuracy: 0.6460
 1000/10000 [==>...........................] - ETA: 5s - loss: 1.1936 - accuracy: 0.6360
 1500/10000 [===>..........................] - ETA: 5s - loss: 1.2071 - accuracy: 0.6173
 2000/10000 [=====>........................] - ETA: 4s - loss: 1.2165 - accuracy: 0.6155
 2500/10000 [======>.......................] - ETA: 4s - loss: 1.2244 - accuracy: 0.6248
 3000/10000 [========>.....................] - ETA: 4s - loss: 1.2404 - accuracy: 0.6183
 3500/10000 [=========>....................] - ETA: 3s - loss: 1.2214 - accuracy: 0.6303
 4000/10000 [===========>..................] - ETA: 3s - loss: 1.2049 - accuracy: 0.6373
 4500/10000 [============>.................] - ETA: 3s - loss: 1.1970 - accuracy: 0.6356
 5000/10000 [==============>...............] - ETA: 2s - loss: 1.1824 - accuracy: 0.6378
 5500/10000 [===============>..............] - ETA: 2s - loss: 1.1550 - accuracy: 0.6425
 6000/10000 [=================>............] - ETA: 2s - loss: 1.1493 - accuracy: 0.6413
 6500/10000 [==================>...........] - ETA: 2s - loss: 1.1307 - accuracy: 0.6455
 7000/10000 [====================>.........] - ETA: 1s - loss: 1.1197 - accuracy: 0.6476
 7500/10000 [=====================>........] - ETA: 1s - loss: 1.1170 - accuracy: 0.6477
 8000/10000 [=======================>......] - ETA: 1s - loss: 1.1067 - accuracy: 0.6501
 8500/10000 [========================>.....] - ETA: 0s - loss: 1.1125 - accuracy: 0.6482
 9000/10000 [==========================>...] - ETA: 0s - loss: 1.1010 - accuracy: 0.6506
 9500/10000 [===========================>..] - ETA: 0s - loss: 1.1013 - accuracy: 0.6508
10000/10000 [==============================] - 6s 596us/step - loss: 1.0994 - accuracy: 0.6494 - val_loss: 1.3908 - val_accuracy: 0.5300
Epoch 4/5

  500/10000 [>.............................] - ETA: 5s - loss: 1.1434 - accuracy: 0.5820
 1000/10000 [==>...........................] - ETA: 5s - loss: 1.0886 - accuracy: 0.6270
 1500/10000 [===>..........................] - ETA: 5s - loss: 1.0340 - accuracy: 0.6453
 2000/10000 [=====>........................] - ETA: 4s - loss: 1.0589 - accuracy: 0.6465
 2500/10000 [======>.......................] - ETA: 4s - loss: 1.0221 - accuracy: 0.6588
 3000/10000 [========>.....................] - ETA: 4s - loss: 1.0050 - accuracy: 0.6667
 3500/10000 [=========>....................] - ETA: 3s - loss: 0.9751 - accuracy: 0.6769
 4000/10000 [===========>..................] - ETA: 3s - loss: 0.9456 - accuracy: 0.6867
 4500/10000 [============>.................] - ETA: 3s - loss: 0.9269 - accuracy: 0.6942
 5000/10000 [==============>...............] - ETA: 2s - loss: 0.9126 - accuracy: 0.6996
 5500/10000 [===============>..............] - ETA: 2s - loss: 0.9050 - accuracy: 0.7027
 6000/10000 [=================>............] - ETA: 2s - loss: 0.8990 - accuracy: 0.7060
 6500/10000 [==================>...........] - ETA: 2s - loss: 0.8981 - accuracy: 0.7063
 7000/10000 [====================>.........] - ETA: 1s - loss: 0.9015 - accuracy: 0.7061
 7500/10000 [=====================>........] - ETA: 1s - loss: 0.8992 - accuracy: 0.7084
 8000/10000 [=======================>......] - ETA: 1s - loss: 0.9005 - accuracy: 0.7063
 8500/10000 [========================>.....] - ETA: 0s - loss: 0.8992 - accuracy: 0.7067
 9000/10000 [==========================>...] - ETA: 0s - loss: 0.8970 - accuracy: 0.7067
 9500/10000 [===========================>..] - ETA: 0s - loss: 0.8965 - accuracy: 0.7064
10000/10000 [==============================] - 6s 595us/step - loss: 0.8978 - accuracy: 0.7054 - val_loss: 0.9976 - val_accuracy: 0.6768
Epoch 5/5

  500/10000 [>.............................] - ETA: 5s - loss: 0.8365 - accuracy: 0.7360
 1000/10000 [==>...........................] - ETA: 5s - loss: 0.9040 - accuracy: 0.7160
 1500/10000 [===>..........................] - ETA: 5s - loss: 0.8497 - accuracy: 0.7353
 2000/10000 [=====>........................] - ETA: 4s - loss: 0.8467 - accuracy: 0.7330
 2500/10000 [======>.......................] - ETA: 4s - loss: 0.8984 - accuracy: 0.7224
 3000/10000 [========>.....................] - ETA: 4s - loss: 0.8843 - accuracy: 0.7297
 3500/10000 [=========>....................] - ETA: 3s - loss: 0.8726 - accuracy: 0.7314
 4000/10000 [===========>..................] - ETA: 3s - loss: 0.8530 - accuracy: 0.7320
 4500/10000 [============>.................] - ETA: 3s - loss: 0.8241 - accuracy: 0.7411
 5000/10000 [==============>...............] - ETA: 2s - loss: 0.8032 - accuracy: 0.7472
 5500/10000 [===============>..............] - ETA: 2s - loss: 0.7890 - accuracy: 0.7515
 6000/10000 [=================>............] - ETA: 2s - loss: 0.7857 - accuracy: 0.7502
 6500/10000 [==================>...........] - ETA: 2s - loss: 0.7769 - accuracy: 0.7529
 7000/10000 [====================>.........] - ETA: 1s - loss: 0.7706 - accuracy: 0.7546
 7500/10000 [=====================>........] - ETA: 1s - loss: 0.7571 - accuracy: 0.7584
 8000/10000 [=======================>......] - ETA: 1s - loss: 0.7499 - accuracy: 0.7601
 8500/10000 [========================>.....] - ETA: 0s - loss: 0.7525 - accuracy: 0.7595
 9000/10000 [==========================>...] - ETA: 0s - loss: 0.7542 - accuracy: 0.7582
 9500/10000 [===========================>..] - ETA: 0s - loss: 0.7487 - accuracy: 0.7600
10000/10000 [==============================] - 6s 593us/step - loss: 0.7455 - accuracy: 0.7610 - val_loss: 0.8121 - val_accuracy: 0.7316
Latency --- 30.386853456497192 seconds ---
For delta=0.000100, the current epsilon is: 6.0095
=====================Iteration========================== 4
For delta=0.000100, the current epsilon is: 6.0095
Noise Mutiplier 0.83
loss= <keras.losses.CategoricalCrossentropy object at 0x7f6c1025be48>
in grads Tensor("loss_3/mul:0", shape=(?,), dtype=float32)
Train on 10000 samples, validate on 2500 samples
Epoch 1/5

  500/10000 [>.............................] - ETA: 7s - loss: 2.3052 - accuracy: 0.1020
 1000/10000 [==>...........................] - ETA: 6s - loss: 2.2943 - accuracy: 0.1280
 1500/10000 [===>..........................] - ETA: 5s - loss: 2.2891 - accuracy: 0.1507
 2000/10000 [=====>........................] - ETA: 5s - loss: 2.2857 - accuracy: 0.1660
 2500/10000 [======>.......................] - ETA: 4s - loss: 2.2799 - accuracy: 0.1688
 3000/10000 [========>.....................] - ETA: 4s - loss: 2.2716 - accuracy: 0.1937
 3500/10000 [=========>....................] - ETA: 4s - loss: 2.2606 - accuracy: 0.2049
 4000/10000 [===========>..................] - ETA: 3s - loss: 2.2498 - accuracy: 0.2140
 4500/10000 [============>.................] - ETA: 3s - loss: 2.2385 - accuracy: 0.2262
 5000/10000 [==============>...............] - ETA: 3s - loss: 2.2289 - accuracy: 0.2240
 5500/10000 [===============>..............] - ETA: 2s - loss: 2.2182 - accuracy: 0.2196
 6000/10000 [=================>............] - ETA: 2s - loss: 2.1997 - accuracy: 0.2367
 6500/10000 [==================>...........] - ETA: 2s - loss: 2.1810 - accuracy: 0.2452
 7000/10000 [====================>.........] - ETA: 1s - loss: 2.1647 - accuracy: 0.2510
 7500/10000 [=====================>........] - ETA: 1s - loss: 2.1458 - accuracy: 0.2576
 8000/10000 [=======================>......] - ETA: 1s - loss: 2.1351 - accuracy: 0.2641
 8500/10000 [========================>.....] - ETA: 0s - loss: 2.1296 - accuracy: 0.2591
 9000/10000 [==========================>...] - ETA: 0s - loss: 2.1145 - accuracy: 0.2661
 9500/10000 [===========================>..] - ETA: 0s - loss: 2.1024 - accuracy: 0.2697
10000/10000 [==============================] - 6s 611us/step - loss: 2.0878 - accuracy: 0.2751 - val_loss: 1.7470 - val_accuracy: 0.5004
Epoch 2/5

  500/10000 [>.............................] - ETA: 5s - loss: 1.7617 - accuracy: 0.4780
 1000/10000 [==>...........................] - ETA: 5s - loss: 1.7247 - accuracy: 0.4680
 1500/10000 [===>..........................] - ETA: 5s - loss: 1.7344 - accuracy: 0.4520
 2000/10000 [=====>........................] - ETA: 4s - loss: 1.7232 - accuracy: 0.4335
 2500/10000 [======>.......................] - ETA: 4s - loss: 1.7351 - accuracy: 0.4228
 3000/10000 [========>.....................] - ETA: 4s - loss: 1.7159 - accuracy: 0.4280
 3500/10000 [=========>....................] - ETA: 3s - loss: 1.7164 - accuracy: 0.4283
 4000/10000 [===========>..................] - ETA: 3s - loss: 1.7173 - accuracy: 0.4297
 4500/10000 [============>.................] - ETA: 3s - loss: 1.7148 - accuracy: 0.4336
 5000/10000 [==============>...............] - ETA: 2s - loss: 1.6947 - accuracy: 0.4376
 5500/10000 [===============>..............] - ETA: 2s - loss: 1.6828 - accuracy: 0.4415
 6000/10000 [=================>............] - ETA: 2s - loss: 1.6631 - accuracy: 0.4495
 6500/10000 [==================>...........] - ETA: 2s - loss: 1.6441 - accuracy: 0.4625
 7000/10000 [====================>.........] - ETA: 1s - loss: 1.6324 - accuracy: 0.4650
 7500/10000 [=====================>........] - ETA: 1s - loss: 1.6169 - accuracy: 0.4717
 8000/10000 [=======================>......] - ETA: 1s - loss: 1.6087 - accuracy: 0.4690
 8500/10000 [========================>.....] - ETA: 0s - loss: 1.5859 - accuracy: 0.4802
 9000/10000 [==========================>...] - ETA: 0s - loss: 1.5645 - accuracy: 0.4868
 9500/10000 [===========================>..] - ETA: 0s - loss: 1.5530 - accuracy: 0.4922
10000/10000 [==============================] - 6s 604us/step - loss: 1.5372 - accuracy: 0.4961 - val_loss: 1.2628 - val_accuracy: 0.6288
Epoch 3/5

  500/10000 [>.............................] - ETA: 5s - loss: 1.2487 - accuracy: 0.6320
 1000/10000 [==>...........................] - ETA: 5s - loss: 1.1641 - accuracy: 0.6260
 1500/10000 [===>..........................] - ETA: 5s - loss: 1.1426 - accuracy: 0.6367
 2000/10000 [=====>........................] - ETA: 4s - loss: 1.1422 - accuracy: 0.6290
 2500/10000 [======>.......................] - ETA: 4s - loss: 1.1632 - accuracy: 0.6184
 3000/10000 [========>.....................] - ETA: 4s - loss: 1.1333 - accuracy: 0.6313
 3500/10000 [=========>....................] - ETA: 3s - loss: 1.1208 - accuracy: 0.6360
 4000/10000 [===========>..................] - ETA: 3s - loss: 1.1360 - accuracy: 0.6357
 4500/10000 [============>.................] - ETA: 3s - loss: 1.1272 - accuracy: 0.6416
 5000/10000 [==============>...............] - ETA: 2s - loss: 1.1443 - accuracy: 0.6306
 5500/10000 [===============>..............] - ETA: 2s - loss: 1.1354 - accuracy: 0.6365
 6000/10000 [=================>............] - ETA: 2s - loss: 1.1420 - accuracy: 0.6280
 6500/10000 [==================>...........] - ETA: 2s - loss: 1.1387 - accuracy: 0.6288
 7000/10000 [====================>.........] - ETA: 1s - loss: 1.1244 - accuracy: 0.6344
 7500/10000 [=====================>........] - ETA: 1s - loss: 1.1204 - accuracy: 0.6352
 8000/10000 [=======================>......] - ETA: 1s - loss: 1.1224 - accuracy: 0.6354
 8500/10000 [========================>.....] - ETA: 0s - loss: 1.1105 - accuracy: 0.6404
 9000/10000 [==========================>...] - ETA: 0s - loss: 1.1062 - accuracy: 0.6411
 9500/10000 [===========================>..] - ETA: 0s - loss: 1.0956 - accuracy: 0.6446
10000/10000 [==============================] - 6s 602us/step - loss: 1.0880 - accuracy: 0.6473 - val_loss: 0.8109 - val_accuracy: 0.7720
Epoch 4/5

  500/10000 [>.............................] - ETA: 5s - loss: 0.7341 - accuracy: 0.7860
 1000/10000 [==>...........................] - ETA: 5s - loss: 0.7407 - accuracy: 0.7620
 1500/10000 [===>..........................] - ETA: 5s - loss: 0.8128 - accuracy: 0.7293
 2000/10000 [=====>........................] - ETA: 4s - loss: 0.8396 - accuracy: 0.7190
 2500/10000 [======>.......................] - ETA: 4s - loss: 0.8319 - accuracy: 0.7232
 3000/10000 [========>.....................] - ETA: 4s - loss: 0.8077 - accuracy: 0.7310
 3500/10000 [=========>....................] - ETA: 3s - loss: 0.8230 - accuracy: 0.7274
 4000/10000 [===========>..................] - ETA: 3s - loss: 0.8280 - accuracy: 0.7243
 4500/10000 [============>.................] - ETA: 3s - loss: 0.8343 - accuracy: 0.7202
 5000/10000 [==============>...............] - ETA: 2s - loss: 0.8338 - accuracy: 0.7204
 5500/10000 [===============>..............] - ETA: 2s - loss: 0.8232 - accuracy: 0.7233
 6000/10000 [=================>............] - ETA: 2s - loss: 0.8281 - accuracy: 0.7210
 6500/10000 [==================>...........] - ETA: 2s - loss: 0.8336 - accuracy: 0.7191
 7000/10000 [====================>.........] - ETA: 1s - loss: 0.8262 - accuracy: 0.7227
 7500/10000 [=====================>........] - ETA: 1s - loss: 0.8287 - accuracy: 0.7220
 8000/10000 [=======================>......] - ETA: 1s - loss: 0.8196 - accuracy: 0.7266
 8500/10000 [========================>.....] - ETA: 0s - loss: 0.8122 - accuracy: 0.7292
 9000/10000 [==========================>...] - ETA: 0s - loss: 0.8120 - accuracy: 0.7291
 9500/10000 [===========================>..] - ETA: 0s - loss: 0.8133 - accuracy: 0.7285
10000/10000 [==============================] - 6s 595us/step - loss: 0.8116 - accuracy: 0.7299 - val_loss: 0.8388 - val_accuracy: 0.7092
Epoch 5/5

  500/10000 [>.............................] - ETA: 5s - loss: 0.7584 - accuracy: 0.7140
 1000/10000 [==>...........................] - ETA: 5s - loss: 0.6996 - accuracy: 0.7410
 1500/10000 [===>..........................] - ETA: 5s - loss: 0.7232 - accuracy: 0.7333
 2000/10000 [=====>........................] - ETA: 4s - loss: 0.6885 - accuracy: 0.7520
 2500/10000 [======>.......................] - ETA: 4s - loss: 0.6813 - accuracy: 0.7544
 3000/10000 [========>.....................] - ETA: 4s - loss: 0.6887 - accuracy: 0.7527
 3500/10000 [=========>....................] - ETA: 3s - loss: 0.7262 - accuracy: 0.7477
 4000/10000 [===========>..................] - ETA: 3s - loss: 0.6999 - accuracy: 0.7598
 4500/10000 [============>.................] - ETA: 3s - loss: 0.6929 - accuracy: 0.7620
 5000/10000 [==============>...............] - ETA: 2s - loss: 0.6778 - accuracy: 0.7690
 5500/10000 [===============>..............] - ETA: 2s - loss: 0.6684 - accuracy: 0.7758
 6000/10000 [=================>............] - ETA: 2s - loss: 0.6687 - accuracy: 0.7772
 6500/10000 [==================>...........] - ETA: 2s - loss: 0.6686 - accuracy: 0.7800
 7000/10000 [====================>.........] - ETA: 1s - loss: 0.6599 - accuracy: 0.7841
 7500/10000 [=====================>........] - ETA: 1s - loss: 0.6537 - accuracy: 0.7872
 8000/10000 [=======================>......] - ETA: 1s - loss: 0.6475 - accuracy: 0.7894
 8500/10000 [========================>.....] - ETA: 0s - loss: 0.6432 - accuracy: 0.7911
 9000/10000 [==========================>...] - ETA: 0s - loss: 0.6433 - accuracy: 0.7921
 9500/10000 [===========================>..] - ETA: 0s - loss: 0.6349 - accuracy: 0.7949
10000/10000 [==============================] - 6s 596us/step - loss: 0.6301 - accuracy: 0.7967 - val_loss: 0.5653 - val_accuracy: 0.8276
Latency --- 30.608651638031006 seconds ---
For delta=0.000100, the current epsilon is: 6.0095
Saving model with new accuracy, previous accuracy was 0.7955999970436096 and present is 0.7967000007629395
Saved model to disk
=====================Iteration========================== 5
For delta=0.000100, the current epsilon is: 6.0095
Noise Mutiplier 0.83
loss= <keras.losses.CategoricalCrossentropy object at 0x7f6c100a6c88>
in grads Tensor("loss_4/mul:0", shape=(?,), dtype=float32)
Train on 10000 samples, validate on 2500 samples
Epoch 1/5

  500/10000 [>.............................] - ETA: 7s - loss: 2.3156 - accuracy: 0.0920
 1000/10000 [==>...........................] - ETA: 6s - loss: 2.3049 - accuracy: 0.1110
 1500/10000 [===>..........................] - ETA: 5s - loss: 2.2924 - accuracy: 0.1420
 2000/10000 [=====>........................] - ETA: 5s - loss: 2.2803 - accuracy: 0.1545
 2500/10000 [======>.......................] - ETA: 4s - loss: 2.2705 - accuracy: 0.1688
 3000/10000 [========>.....................] - ETA: 4s - loss: 2.2581 - accuracy: 0.1797
 3500/10000 [=========>....................] - ETA: 3s - loss: 2.2460 - accuracy: 0.1751
 4000/10000 [===========>..................] - ETA: 3s - loss: 2.2377 - accuracy: 0.1835
 4500/10000 [============>.................] - ETA: 3s - loss: 2.2249 - accuracy: 0.1931
 5000/10000 [==============>...............] - ETA: 3s - loss: 2.2099 - accuracy: 0.2126
 5500/10000 [===============>..............] - ETA: 2s - loss: 2.2019 - accuracy: 0.2071
 6000/10000 [=================>............] - ETA: 2s - loss: 2.1834 - accuracy: 0.2283
 6500/10000 [==================>...........] - ETA: 2s - loss: 2.1602 - accuracy: 0.2451
 7000/10000 [====================>.........] - ETA: 1s - loss: 2.1384 - accuracy: 0.2546
 7500/10000 [=====================>........] - ETA: 1s - loss: 2.1195 - accuracy: 0.2584
 8000/10000 [=======================>......] - ETA: 1s - loss: 2.1005 - accuracy: 0.2740
 8500/10000 [========================>.....] - ETA: 0s - loss: 2.0844 - accuracy: 0.2855
 9000/10000 [==========================>...] - ETA: 0s - loss: 2.0711 - accuracy: 0.2957
 9500/10000 [===========================>..] - ETA: 0s - loss: 2.0509 - accuracy: 0.3055
10000/10000 [==============================] - 6s 606us/step - loss: 2.0286 - accuracy: 0.3166 - val_loss: 1.5945 - val_accuracy: 0.5472
Epoch 2/5

  500/10000 [>.............................] - ETA: 5s - loss: 1.5337 - accuracy: 0.5640
 1000/10000 [==>...........................] - ETA: 5s - loss: 1.5354 - accuracy: 0.5570
 1500/10000 [===>..........................] - ETA: 5s - loss: 1.5076 - accuracy: 0.5547
 2000/10000 [=====>........................] - ETA: 4s - loss: 1.5032 - accuracy: 0.5405
 2500/10000 [======>.......................] - ETA: 4s - loss: 1.4950 - accuracy: 0.5404
 3000/10000 [========>.....................] - ETA: 4s - loss: 1.4846 - accuracy: 0.5470
 3500/10000 [=========>....................] - ETA: 3s - loss: 1.4721 - accuracy: 0.5583
 4000/10000 [===========>..................] - ETA: 3s - loss: 1.4575 - accuracy: 0.5627
 4500/10000 [============>.................] - ETA: 3s - loss: 1.4559 - accuracy: 0.5516
 5000/10000 [==============>...............] - ETA: 2s - loss: 1.4360 - accuracy: 0.5596
 5500/10000 [===============>..............] - ETA: 2s - loss: 1.4167 - accuracy: 0.5704
 6000/10000 [=================>............] - ETA: 2s - loss: 1.3985 - accuracy: 0.5738
 6500/10000 [==================>...........] - ETA: 2s - loss: 1.3899 - accuracy: 0.5748
 7000/10000 [====================>.........] - ETA: 1s - loss: 1.3648 - accuracy: 0.5823
 7500/10000 [=====================>........] - ETA: 1s - loss: 1.3513 - accuracy: 0.5851
 8000/10000 [=======================>......] - ETA: 1s - loss: 1.3363 - accuracy: 0.5910
 8500/10000 [========================>.....] - ETA: 0s - loss: 1.3187 - accuracy: 0.5981
 9000/10000 [==========================>...] - ETA: 0s - loss: 1.3139 - accuracy: 0.6002
 9500/10000 [===========================>..] - ETA: 0s - loss: 1.3014 - accuracy: 0.6041
10000/10000 [==============================] - 6s 597us/step - loss: 1.2898 - accuracy: 0.6097 - val_loss: 1.1247 - val_accuracy: 0.6652
Epoch 3/5

  500/10000 [>.............................] - ETA: 5s - loss: 1.0051 - accuracy: 0.6940
 1000/10000 [==>...........................] - ETA: 5s - loss: 1.0447 - accuracy: 0.6760
 1500/10000 [===>..........................] - ETA: 5s - loss: 1.0520 - accuracy: 0.6927
 2000/10000 [=====>........................] - ETA: 4s - loss: 1.0578 - accuracy: 0.6945
 2500/10000 [======>.......................] - ETA: 4s - loss: 1.0284 - accuracy: 0.7036
 3000/10000 [========>.....................] - ETA: 4s - loss: 1.0336 - accuracy: 0.6947
 3500/10000 [=========>....................] - ETA: 3s - loss: 1.0218 - accuracy: 0.6969
 4000/10000 [===========>..................] - ETA: 3s - loss: 1.0346 - accuracy: 0.6805
 4500/10000 [============>.................] - ETA: 3s - loss: 1.0328 - accuracy: 0.6827
 5000/10000 [==============>...............] - ETA: 2s - loss: 1.0179 - accuracy: 0.6872
 5500/10000 [===============>..............] - ETA: 2s - loss: 1.0085 - accuracy: 0.6867
 6000/10000 [=================>............] - ETA: 2s - loss: 0.9995 - accuracy: 0.6912
 6500/10000 [==================>...........] - ETA: 2s - loss: 0.9948 - accuracy: 0.6948
 7000/10000 [====================>.........] - ETA: 1s - loss: 0.9877 - accuracy: 0.6967
 7500/10000 [=====================>........] - ETA: 1s - loss: 0.9753 - accuracy: 0.6991
 8000/10000 [=======================>......] - ETA: 1s - loss: 0.9711 - accuracy: 0.6990
 8500/10000 [========================>.....] - ETA: 0s - loss: 0.9717 - accuracy: 0.6989
 9000/10000 [==========================>...] - ETA: 0s - loss: 0.9658 - accuracy: 0.7006
 9500/10000 [===========================>..] - ETA: 0s - loss: 0.9598 - accuracy: 0.7024
10000/10000 [==============================] - 6s 590us/step - loss: 0.9565 - accuracy: 0.7030 - val_loss: 0.9638 - val_accuracy: 0.6864
Epoch 4/5

  500/10000 [>.............................] - ETA: 5s - loss: 0.7548 - accuracy: 0.7660
 1000/10000 [==>...........................] - ETA: 5s - loss: 0.8244 - accuracy: 0.7360
 1500/10000 [===>..........................] - ETA: 5s - loss: 0.8306 - accuracy: 0.7267
 2000/10000 [=====>........................] - ETA: 4s - loss: 0.8510 - accuracy: 0.7340
 2500/10000 [======>.......................] - ETA: 4s - loss: 0.8042 - accuracy: 0.7500
 3000/10000 [========>.....................] - ETA: 4s - loss: 0.7956 - accuracy: 0.7513
 3500/10000 [=========>....................] - ETA: 3s - loss: 0.7934 - accuracy: 0.7506
 4000/10000 [===========>..................] - ETA: 3s - loss: 0.7702 - accuracy: 0.7585
 4500/10000 [============>.................] - ETA: 3s - loss: 0.7523 - accuracy: 0.7629
 5000/10000 [==============>...............] - ETA: 2s - loss: 0.7481 - accuracy: 0.7640
 5500/10000 [===============>..............] - ETA: 2s - loss: 0.7493 - accuracy: 0.7609
 6000/10000 [=================>............] - ETA: 2s - loss: 0.7530 - accuracy: 0.7582
 6500/10000 [==================>...........] - ETA: 2s - loss: 0.7498 - accuracy: 0.7591
 7000/10000 [====================>.........] - ETA: 1s - loss: 0.7431 - accuracy: 0.7619
 7500/10000 [=====================>........] - ETA: 1s - loss: 0.7444 - accuracy: 0.7617
 8000/10000 [=======================>......] - ETA: 1s - loss: 0.7448 - accuracy: 0.7628
 8500/10000 [========================>.....] - ETA: 0s - loss: 0.7547 - accuracy: 0.7595
 9000/10000 [==========================>...] - ETA: 0s - loss: 0.7601 - accuracy: 0.7578
 9500/10000 [===========================>..] - ETA: 0s - loss: 0.7559 - accuracy: 0.7580
10000/10000 [==============================] - 6s 595us/step - loss: 0.7545 - accuracy: 0.7580 - val_loss: 0.7614 - val_accuracy: 0.7408
Epoch 5/5

  500/10000 [>.............................] - ETA: 5s - loss: 0.5915 - accuracy: 0.7900
 1000/10000 [==>...........................] - ETA: 5s - loss: 0.6443 - accuracy: 0.7810
 1500/10000 [===>..........................] - ETA: 4s - loss: 0.6387 - accuracy: 0.7853
 2000/10000 [=====>........................] - ETA: 4s - loss: 0.6732 - accuracy: 0.7840
 2500/10000 [======>.......................] - ETA: 4s - loss: 0.6766 - accuracy: 0.7772
 3000/10000 [========>.....................] - ETA: 4s - loss: 0.6725 - accuracy: 0.7800
 3500/10000 [=========>....................] - ETA: 3s - loss: 0.6672 - accuracy: 0.7846
 4000/10000 [===========>..................] - ETA: 3s - loss: 0.6714 - accuracy: 0.7872
 4500/10000 [============>.................] - ETA: 3s - loss: 0.6706 - accuracy: 0.7909
 5000/10000 [==============>...............] - ETA: 2s - loss: 0.6716 - accuracy: 0.7912
 5500/10000 [===============>..............] - ETA: 2s - loss: 0.6685 - accuracy: 0.7925
 6000/10000 [=================>............] - ETA: 2s - loss: 0.6671 - accuracy: 0.7957
 6500/10000 [==================>...........] - ETA: 2s - loss: 0.6563 - accuracy: 0.8002
 7000/10000 [====================>.........] - ETA: 1s - loss: 0.6521 - accuracy: 0.8004
 7500/10000 [=====================>........] - ETA: 1s - loss: 0.6472 - accuracy: 0.8005
 8000/10000 [=======================>......] - ETA: 1s - loss: 0.6462 - accuracy: 0.7995
 8500/10000 [========================>.....] - ETA: 0s - loss: 0.6483 - accuracy: 0.7988
 9000/10000 [==========================>...] - ETA: 0s - loss: 0.6449 - accuracy: 0.7990
 9500/10000 [===========================>..] - ETA: 0s - loss: 0.6376 - accuracy: 0.8015
10000/10000 [==============================] - 6s 596us/step - loss: 0.6267 - accuracy: 0.8040 - val_loss: 0.5908 - val_accuracy: 0.8144
Latency --- 30.3705575466156 seconds ---
For delta=0.000100, the current epsilon is: 6.0095
Saving model with new accuracy, previous accuracy was 0.7967000007629395 and present is 0.8040000200271606
Saved model to disk
=====================Iteration========================== 6
For delta=0.000100, the current epsilon is: 6.0095
Noise Mutiplier 0.83
loss= <keras.losses.CategoricalCrossentropy object at 0x7f6c0ff78a20>
in grads Tensor("loss_5/mul:0", shape=(?,), dtype=float32)
Train on 10000 samples, validate on 2500 samples
Epoch 1/5

  500/10000 [>.............................] - ETA: 7s - loss: 2.3225 - accuracy: 0.0780
 1000/10000 [==>...........................] - ETA: 6s - loss: 2.3070 - accuracy: 0.0930
 1500/10000 [===>..........................] - ETA: 5s - loss: 2.2944 - accuracy: 0.1007
 2000/10000 [=====>........................] - ETA: 5s - loss: 2.2840 - accuracy: 0.1170
 2500/10000 [======>.......................] - ETA: 4s - loss: 2.2749 - accuracy: 0.1316
 3000/10000 [========>.....................] - ETA: 4s - loss: 2.2696 - accuracy: 0.1323
 3500/10000 [=========>....................] - ETA: 4s - loss: 2.2639 - accuracy: 0.1251
 4000/10000 [===========>..................] - ETA: 3s - loss: 2.2602 - accuracy: 0.1270
 4500/10000 [============>.................] - ETA: 3s - loss: 2.2531 - accuracy: 0.1256
 5000/10000 [==============>...............] - ETA: 3s - loss: 2.2427 - accuracy: 0.1396
 5500/10000 [===============>..............] - ETA: 2s - loss: 2.2328 - accuracy: 0.1395
 6000/10000 [=================>............] - ETA: 2s - loss: 2.2208 - accuracy: 0.1455
 6500/10000 [==================>...........] - ETA: 2s - loss: 2.2153 - accuracy: 0.1517
 7000/10000 [====================>.........] - ETA: 1s - loss: 2.2073 - accuracy: 0.1550
 7500/10000 [=====================>........] - ETA: 1s - loss: 2.2001 - accuracy: 0.1592
 8000/10000 [=======================>......] - ETA: 1s - loss: 2.1849 - accuracy: 0.1739
 8500/10000 [========================>.....] - ETA: 0s - loss: 2.1712 - accuracy: 0.1782
 9000/10000 [==========================>...] - ETA: 0s - loss: 2.1550 - accuracy: 0.1880
 9500/10000 [===========================>..] - ETA: 0s - loss: 2.1399 - accuracy: 0.1977
10000/10000 [==============================] - 6s 615us/step - loss: 2.1208 - accuracy: 0.2120 - val_loss: 1.8031 - val_accuracy: 0.3136
Epoch 2/5

  500/10000 [>.............................] - ETA: 5s - loss: 1.8118 - accuracy: 0.3100
 1000/10000 [==>...........................] - ETA: 5s - loss: 1.8379 - accuracy: 0.3420
 1500/10000 [===>..........................] - ETA: 5s - loss: 1.8269 - accuracy: 0.3500
 2000/10000 [=====>........................] - ETA: 4s - loss: 1.8123 - accuracy: 0.3690
 2500/10000 [======>.......................] - ETA: 4s - loss: 1.7875 - accuracy: 0.3852
 3000/10000 [========>.....................] - ETA: 4s - loss: 1.7763 - accuracy: 0.3890
 3500/10000 [=========>....................] - ETA: 3s - loss: 1.7636 - accuracy: 0.3931
 4000/10000 [===========>..................] - ETA: 3s - loss: 1.7525 - accuracy: 0.4053
 4500/10000 [============>.................] - ETA: 3s - loss: 1.7180 - accuracy: 0.4258
 5000/10000 [==============>...............] - ETA: 2s - loss: 1.6983 - accuracy: 0.4364
 5500/10000 [===============>..............] - ETA: 2s - loss: 1.6805 - accuracy: 0.4458
 6000/10000 [=================>............] - ETA: 2s - loss: 1.6705 - accuracy: 0.4560
 6500/10000 [==================>...........] - ETA: 2s - loss: 1.6548 - accuracy: 0.4617
 7000/10000 [====================>.........] - ETA: 1s - loss: 1.6439 - accuracy: 0.4610
 7500/10000 [=====================>........] - ETA: 1s - loss: 1.6293 - accuracy: 0.4665
 8000/10000 [=======================>......] - ETA: 1s - loss: 1.6182 - accuracy: 0.4724
 8500/10000 [========================>.....] - ETA: 0s - loss: 1.6102 - accuracy: 0.4749
 9000/10000 [==========================>...] - ETA: 0s - loss: 1.5970 - accuracy: 0.4817
 9500/10000 [===========================>..] - ETA: 0s - loss: 1.5766 - accuracy: 0.4868
10000/10000 [==============================] - 6s 601us/step - loss: 1.5635 - accuracy: 0.4898 - val_loss: 1.2558 - val_accuracy: 0.5852
Epoch 3/5

  500/10000 [>.............................] - ETA: 5s - loss: 1.1716 - accuracy: 0.6300
 1000/10000 [==>...........................] - ETA: 5s - loss: 1.2582 - accuracy: 0.6090
 1500/10000 [===>..........................] - ETA: 5s - loss: 1.2464 - accuracy: 0.5947
 2000/10000 [=====>........................] - ETA: 4s - loss: 1.2159 - accuracy: 0.6050
 2500/10000 [======>.......................] - ETA: 4s - loss: 1.2199 - accuracy: 0.6004
 3000/10000 [========>.....................] - ETA: 4s - loss: 1.2183 - accuracy: 0.6023
 3500/10000 [=========>....................] - ETA: 3s - loss: 1.2205 - accuracy: 0.6074
 4000/10000 [===========>..................] - ETA: 3s - loss: 1.2310 - accuracy: 0.5987
 4500/10000 [============>.................] - ETA: 3s - loss: 1.2277 - accuracy: 0.6007
 5000/10000 [==============>...............] - ETA: 2s - loss: 1.2176 - accuracy: 0.6036
 5500/10000 [===============>..............] - ETA: 2s - loss: 1.1952 - accuracy: 0.6131
 6000/10000 [=================>............] - ETA: 2s - loss: 1.1854 - accuracy: 0.6180
 6500/10000 [==================>...........] - ETA: 2s - loss: 1.1860 - accuracy: 0.6180
 7000/10000 [====================>.........] - ETA: 1s - loss: 1.1731 - accuracy: 0.6251
 7500/10000 [=====================>........] - ETA: 1s - loss: 1.1769 - accuracy: 0.6243
 8000/10000 [=======================>......] - ETA: 1s - loss: 1.1634 - accuracy: 0.6304
 8500/10000 [========================>.....] - ETA: 0s - loss: 1.1511 - accuracy: 0.6346
 9000/10000 [==========================>...] - ETA: 0s - loss: 1.1345 - accuracy: 0.6388
 9500/10000 [===========================>..] - ETA: 0s - loss: 1.1213 - accuracy: 0.6442
10000/10000 [==============================] - 6s 600us/step - loss: 1.1125 - accuracy: 0.6470 - val_loss: 1.0356 - val_accuracy: 0.6408
Epoch 4/5

  500/10000 [>.............................] - ETA: 5s - loss: 0.8878 - accuracy: 0.6880
 1000/10000 [==>...........................] - ETA: 5s - loss: 0.9017 - accuracy: 0.6900
 1500/10000 [===>..........................] - ETA: 5s - loss: 0.9075 - accuracy: 0.6947
 2000/10000 [=====>........................] - ETA: 4s - loss: 0.9164 - accuracy: 0.6945
 2500/10000 [======>.......................] - ETA: 4s - loss: 0.9560 - accuracy: 0.6780
 3000/10000 [========>.....................] - ETA: 4s - loss: 0.9554 - accuracy: 0.6773
 3500/10000 [=========>....................] - ETA: 3s - loss: 0.9692 - accuracy: 0.6723
 4000/10000 [===========>..................] - ETA: 3s - loss: 0.9815 - accuracy: 0.6690
 4500/10000 [============>.................] - ETA: 3s - loss: 0.9786 - accuracy: 0.6682
 5000/10000 [==============>...............] - ETA: 2s - loss: 0.9853 - accuracy: 0.6704
 5500/10000 [===============>..............] - ETA: 2s - loss: 0.9618 - accuracy: 0.6784
 6000/10000 [=================>............] - ETA: 2s - loss: 0.9661 - accuracy: 0.6763
 6500/10000 [==================>...........] - ETA: 2s - loss: 0.9663 - accuracy: 0.6754
 7000/10000 [====================>.........] - ETA: 1s - loss: 0.9625 - accuracy: 0.6790
 7500/10000 [=====================>........] - ETA: 1s - loss: 0.9449 - accuracy: 0.6868
 8000/10000 [=======================>......] - ETA: 1s - loss: 0.9432 - accuracy: 0.6888
 8500/10000 [========================>.....] - ETA: 0s - loss: 0.9303 - accuracy: 0.6926
 9000/10000 [==========================>...] - ETA: 0s - loss: 0.9222 - accuracy: 0.6960
 9500/10000 [===========================>..] - ETA: 0s - loss: 0.9021 - accuracy: 0.7040
10000/10000 [==============================] - 6s 600us/step - loss: 0.8884 - accuracy: 0.7086 - val_loss: 0.8196 - val_accuracy: 0.7592
Epoch 5/5

  500/10000 [>.............................] - ETA: 5s - loss: 0.7679 - accuracy: 0.7660
 1000/10000 [==>...........................] - ETA: 5s - loss: 0.7544 - accuracy: 0.7510
 1500/10000 [===>..........................] - ETA: 5s - loss: 0.7428 - accuracy: 0.7480
 2000/10000 [=====>........................] - ETA: 4s - loss: 0.7327 - accuracy: 0.7520
 2500/10000 [======>.......................] - ETA: 4s - loss: 0.7379 - accuracy: 0.7480
 3000/10000 [========>.....................] - ETA: 4s - loss: 0.7352 - accuracy: 0.7470
 3500/10000 [=========>....................] - ETA: 3s - loss: 0.7341 - accuracy: 0.7469
 4000/10000 [===========>..................] - ETA: 3s - loss: 0.7258 - accuracy: 0.7533
 4500/10000 [============>.................] - ETA: 3s - loss: 0.7208 - accuracy: 0.7580
 5000/10000 [==============>...............] - ETA: 2s - loss: 0.7137 - accuracy: 0.7596
 5500/10000 [===============>..............] - ETA: 2s - loss: 0.7200 - accuracy: 0.7562
 6000/10000 [=================>............] - ETA: 2s - loss: 0.7084 - accuracy: 0.7608
 6500/10000 [==================>...........] - ETA: 2s - loss: 0.7084 - accuracy: 0.7609
 7000/10000 [====================>.........] - ETA: 1s - loss: 0.7019 - accuracy: 0.7639
 7500/10000 [=====================>........] - ETA: 1s - loss: 0.6987 - accuracy: 0.7657
 8000/10000 [=======================>......] - ETA: 1s - loss: 0.6982 - accuracy: 0.7665
 8500/10000 [========================>.....] - ETA: 0s - loss: 0.6986 - accuracy: 0.7664
 9000/10000 [==========================>...] - ETA: 0s - loss: 0.6935 - accuracy: 0.7671
 9500/10000 [===========================>..] - ETA: 0s - loss: 0.6917 - accuracy: 0.7679
10000/10000 [==============================] - 6s 597us/step - loss: 0.6869 - accuracy: 0.7692 - val_loss: 0.8017 - val_accuracy: 0.7360
Latency --- 30.69713306427002 seconds ---
For delta=0.000100, the current epsilon is: 6.0095
=====================Iteration========================== 7
For delta=0.000100, the current epsilon is: 6.0095
Noise Mutiplier 0.83
loss= <keras.losses.CategoricalCrossentropy object at 0x7f6c0fe4e278>
in grads Tensor("loss_6/mul:0", shape=(?,), dtype=float32)
Train on 10000 samples, validate on 2500 samples
Epoch 1/5

  500/10000 [>.............................] - ETA: 7s - loss: 2.3095 - accuracy: 0.0780
 1000/10000 [==>...........................] - ETA: 6s - loss: 2.3044 - accuracy: 0.0910
 1500/10000 [===>..........................] - ETA: 5s - loss: 2.2966 - accuracy: 0.0953
 2000/10000 [=====>........................] - ETA: 5s - loss: 2.2845 - accuracy: 0.1085
 2500/10000 [======>.......................] - ETA: 4s - loss: 2.2769 - accuracy: 0.1312
 3000/10000 [========>.....................] - ETA: 4s - loss: 2.2693 - accuracy: 0.1500
 3500/10000 [=========>....................] - ETA: 4s - loss: 2.2593 - accuracy: 0.1597
 4000/10000 [===========>..................] - ETA: 3s - loss: 2.2418 - accuracy: 0.1848
 4500/10000 [============>.................] - ETA: 3s - loss: 2.2266 - accuracy: 0.1971
 5000/10000 [==============>...............] - ETA: 3s - loss: 2.2114 - accuracy: 0.2152
 5500/10000 [===============>..............] - ETA: 2s - loss: 2.1967 - accuracy: 0.2309
 6000/10000 [=================>............] - ETA: 2s - loss: 2.1793 - accuracy: 0.2403
 6500/10000 [==================>...........] - ETA: 2s - loss: 2.1632 - accuracy: 0.2518
 7000/10000 [====================>.........] - ETA: 1s - loss: 2.1412 - accuracy: 0.2631
 7500/10000 [=====================>........] - ETA: 1s - loss: 2.1201 - accuracy: 0.2741
 8000/10000 [=======================>......] - ETA: 1s - loss: 2.1001 - accuracy: 0.2831
 8500/10000 [========================>.....] - ETA: 0s - loss: 2.0813 - accuracy: 0.2908
 9000/10000 [==========================>...] - ETA: 0s - loss: 2.0638 - accuracy: 0.3002
 9500/10000 [===========================>..] - ETA: 0s - loss: 2.0492 - accuracy: 0.3068
10000/10000 [==============================] - 6s 612us/step - loss: 2.0325 - accuracy: 0.3168 - val_loss: 1.6995 - val_accuracy: 0.4752
Epoch 2/5

  500/10000 [>.............................] - ETA: 5s - loss: 1.6320 - accuracy: 0.5120
 1000/10000 [==>...........................] - ETA: 5s - loss: 1.6452 - accuracy: 0.4860
 1500/10000 [===>..........................] - ETA: 5s - loss: 1.6283 - accuracy: 0.4993
 2000/10000 [=====>........................] - ETA: 4s - loss: 1.6018 - accuracy: 0.5130
 2500/10000 [======>.......................] - ETA: 4s - loss: 1.5944 - accuracy: 0.5148
 3000/10000 [========>.....................] - ETA: 4s - loss: 1.5801 - accuracy: 0.5167
 3500/10000 [=========>....................] - ETA: 3s - loss: 1.5539 - accuracy: 0.5286
 4000/10000 [===========>..................] - ETA: 3s - loss: 1.5278 - accuracy: 0.5295
 4500/10000 [============>.................] - ETA: 3s - loss: 1.5094 - accuracy: 0.5333
 5000/10000 [==============>...............] - ETA: 2s - loss: 1.5035 - accuracy: 0.5306
 5500/10000 [===============>..............] - ETA: 2s - loss: 1.4823 - accuracy: 0.5405
 6000/10000 [=================>............] - ETA: 2s - loss: 1.4678 - accuracy: 0.5483
 6500/10000 [==================>...........] - ETA: 2s - loss: 1.4579 - accuracy: 0.5523
 7000/10000 [====================>.........] - ETA: 1s - loss: 1.4425 - accuracy: 0.5530
 7500/10000 [=====================>........] - ETA: 1s - loss: 1.4283 - accuracy: 0.5579
 8000/10000 [=======================>......] - ETA: 1s - loss: 1.4105 - accuracy: 0.5635
 8500/10000 [========================>.....] - ETA: 0s - loss: 1.4028 - accuracy: 0.5627
 9000/10000 [==========================>...] - ETA: 0s - loss: 1.3865 - accuracy: 0.5674
 9500/10000 [===========================>..] - ETA: 0s - loss: 1.3699 - accuracy: 0.5726
10000/10000 [==============================] - 6s 598us/step - loss: 1.3566 - accuracy: 0.5749 - val_loss: 1.1326 - val_accuracy: 0.6352
Epoch 3/5

  500/10000 [>.............................] - ETA: 5s - loss: 1.0319 - accuracy: 0.6600
 1000/10000 [==>...........................] - ETA: 5s - loss: 1.0720 - accuracy: 0.6370
 1500/10000 [===>..........................] - ETA: 5s - loss: 1.0672 - accuracy: 0.6413
 2000/10000 [=====>........................] - ETA: 4s - loss: 1.0167 - accuracy: 0.6585
 2500/10000 [======>.......................] - ETA: 4s - loss: 1.0027 - accuracy: 0.6644
 3000/10000 [========>.....................] - ETA: 4s - loss: 1.0037 - accuracy: 0.6730
 3500/10000 [=========>....................] - ETA: 3s - loss: 0.9938 - accuracy: 0.6731
 4000/10000 [===========>..................] - ETA: 3s - loss: 1.0010 - accuracy: 0.6685
 4500/10000 [============>.................] - ETA: 3s - loss: 0.9894 - accuracy: 0.6731
 5000/10000 [==============>...............] - ETA: 2s - loss: 0.9820 - accuracy: 0.6768
 5500/10000 [===============>..............] - ETA: 2s - loss: 0.9767 - accuracy: 0.6787
 6000/10000 [=================>............] - ETA: 2s - loss: 0.9694 - accuracy: 0.6820
 6500/10000 [==================>...........] - ETA: 2s - loss: 0.9559 - accuracy: 0.6882
 7000/10000 [====================>.........] - ETA: 1s - loss: 0.9488 - accuracy: 0.6894
 7500/10000 [=====================>........] - ETA: 1s - loss: 0.9434 - accuracy: 0.6883
 8000/10000 [=======================>......] - ETA: 1s - loss: 0.9326 - accuracy: 0.6911
 8500/10000 [========================>.....] - ETA: 0s - loss: 0.9204 - accuracy: 0.6948
 9000/10000 [==========================>...] - ETA: 0s - loss: 0.9116 - accuracy: 0.6987
 9500/10000 [===========================>..] - ETA: 0s - loss: 0.9079 - accuracy: 0.7008
10000/10000 [==============================] - 6s 601us/step - loss: 0.8996 - accuracy: 0.7034 - val_loss: 0.8506 - val_accuracy: 0.7412
Epoch 4/5

  500/10000 [>.............................] - ETA: 5s - loss: 0.8431 - accuracy: 0.7380
 1000/10000 [==>...........................] - ETA: 5s - loss: 0.8276 - accuracy: 0.7340
 1500/10000 [===>..........................] - ETA: 5s - loss: 0.8124 - accuracy: 0.7487
 2000/10000 [=====>........................] - ETA: 4s - loss: 0.7907 - accuracy: 0.7440
 2500/10000 [======>.......................] - ETA: 4s - loss: 0.8095 - accuracy: 0.7328
 3000/10000 [========>.....................] - ETA: 4s - loss: 0.7921 - accuracy: 0.7373
 3500/10000 [=========>....................] - ETA: 3s - loss: 0.7738 - accuracy: 0.7440
 4000/10000 [===========>..................] - ETA: 3s - loss: 0.7701 - accuracy: 0.7462
 4500/10000 [============>.................] - ETA: 3s - loss: 0.7671 - accuracy: 0.7451
 5000/10000 [==============>...............] - ETA: 2s - loss: 0.7603 - accuracy: 0.7484
 5500/10000 [===============>..............] - ETA: 2s - loss: 0.7506 - accuracy: 0.7516
 6000/10000 [=================>............] - ETA: 2s - loss: 0.7472 - accuracy: 0.7532
 6500/10000 [==================>...........] - ETA: 2s - loss: 0.7521 - accuracy: 0.7517
 7000/10000 [====================>.........] - ETA: 1s - loss: 0.7485 - accuracy: 0.7536
 7500/10000 [=====================>........] - ETA: 1s - loss: 0.7441 - accuracy: 0.7545
 8000/10000 [=======================>......] - ETA: 1s - loss: 0.7359 - accuracy: 0.7582
 8500/10000 [========================>.....] - ETA: 0s - loss: 0.7260 - accuracy: 0.7618
 9000/10000 [==========================>...] - ETA: 0s - loss: 0.7261 - accuracy: 0.7624
 9500/10000 [===========================>..] - ETA: 0s - loss: 0.7200 - accuracy: 0.7652
10000/10000 [==============================] - 6s 599us/step - loss: 0.7163 - accuracy: 0.7675 - val_loss: 0.8973 - val_accuracy: 0.7120
Epoch 5/5

  500/10000 [>.............................] - ETA: 5s - loss: 0.7782 - accuracy: 0.7600
 1000/10000 [==>...........................] - ETA: 5s - loss: 0.7469 - accuracy: 0.7650
 1500/10000 [===>..........................] - ETA: 5s - loss: 0.7403 - accuracy: 0.7707
 2000/10000 [=====>........................] - ETA: 4s - loss: 0.7577 - accuracy: 0.7600
 2500/10000 [======>.......................] - ETA: 4s - loss: 0.7453 - accuracy: 0.7632
 3000/10000 [========>.....................] - ETA: 4s - loss: 0.7601 - accuracy: 0.7530
 3500/10000 [=========>....................] - ETA: 3s - loss: 0.7593 - accuracy: 0.7574
 4000/10000 [===========>..................] - ETA: 3s - loss: 0.7371 - accuracy: 0.7632
 4500/10000 [============>.................] - ETA: 3s - loss: 0.7246 - accuracy: 0.7644
 5000/10000 [==============>...............] - ETA: 2s - loss: 0.7097 - accuracy: 0.7700
 5500/10000 [===============>..............] - ETA: 2s - loss: 0.7075 - accuracy: 0.7725
 6000/10000 [=================>............] - ETA: 2s - loss: 0.6923 - accuracy: 0.7788
 6500/10000 [==================>...........] - ETA: 2s - loss: 0.6881 - accuracy: 0.7798
 7000/10000 [====================>.........] - ETA: 1s - loss: 0.6808 - accuracy: 0.7820
 7500/10000 [=====================>........] - ETA: 1s - loss: 0.6781 - accuracy: 0.7836
 8000/10000 [=======================>......] - ETA: 1s - loss: 0.6675 - accuracy: 0.7859
 8500/10000 [========================>.....] - ETA: 0s - loss: 0.6657 - accuracy: 0.7860
 9000/10000 [==========================>...] - ETA: 0s - loss: 0.6614 - accuracy: 0.7874
 9500/10000 [===========================>..] - ETA: 0s - loss: 0.6583 - accuracy: 0.7879
10000/10000 [==============================] - 6s 599us/step - loss: 0.6595 - accuracy: 0.7875 - val_loss: 0.7420 - val_accuracy: 0.7588
Latency --- 30.69411277770996 seconds ---
For delta=0.000100, the current epsilon is: 6.0095
=====================Iteration========================== 8
For delta=0.000100, the current epsilon is: 6.0095
Noise Mutiplier 0.83
loss= <keras.losses.CategoricalCrossentropy object at 0x7f6c0fd1dac8>
in grads Tensor("loss_7/mul:0", shape=(?,), dtype=float32)
Train on 10000 samples, validate on 2500 samples
Epoch 1/5

  500/10000 [>.............................] - ETA: 7s - loss: 2.2966 - accuracy: 0.1120
 1000/10000 [==>...........................] - ETA: 6s - loss: 2.2956 - accuracy: 0.0990
 1500/10000 [===>..........................] - ETA: 5s - loss: 2.2874 - accuracy: 0.1253
 2000/10000 [=====>........................] - ETA: 5s - loss: 2.2757 - accuracy: 0.1575
 2500/10000 [======>.......................] - ETA: 4s - loss: 2.2608 - accuracy: 0.1880
 3000/10000 [========>.....................] - ETA: 4s - loss: 2.2594 - accuracy: 0.1880
 3500/10000 [=========>....................] - ETA: 4s - loss: 2.2511 - accuracy: 0.1871
 4000/10000 [===========>..................] - ETA: 3s - loss: 2.2335 - accuracy: 0.2035
 4500/10000 [============>.................] - ETA: 3s - loss: 2.2145 - accuracy: 0.2204
 5000/10000 [==============>...............] - ETA: 3s - loss: 2.1936 - accuracy: 0.2324
 5500/10000 [===============>..............] - ETA: 2s - loss: 2.1712 - accuracy: 0.2427
 6000/10000 [=================>............] - ETA: 2s - loss: 2.1453 - accuracy: 0.2577
 6500/10000 [==================>...........] - ETA: 2s - loss: 2.1399 - accuracy: 0.2538
 7000/10000 [====================>.........] - ETA: 1s - loss: 2.1340 - accuracy: 0.2566
 7500/10000 [=====================>........] - ETA: 1s - loss: 2.1217 - accuracy: 0.2596
 8000/10000 [=======================>......] - ETA: 1s - loss: 2.1064 - accuracy: 0.2736
 8500/10000 [========================>.....] - ETA: 0s - loss: 2.0943 - accuracy: 0.2796
 9000/10000 [==========================>...] - ETA: 0s - loss: 2.0807 - accuracy: 0.2869
 9500/10000 [===========================>..] - ETA: 0s - loss: 2.0628 - accuracy: 0.2964
10000/10000 [==============================] - 6s 614us/step - loss: 2.0463 - accuracy: 0.3075 - val_loss: 1.9726 - val_accuracy: 0.2864
Epoch 2/5

  500/10000 [>.............................] - ETA: 5s - loss: 1.8474 - accuracy: 0.3160
 1000/10000 [==>...........................] - ETA: 5s - loss: 1.8230 - accuracy: 0.3670
 1500/10000 [===>..........................] - ETA: 5s - loss: 1.7738 - accuracy: 0.3873
 2000/10000 [=====>........................] - ETA: 4s - loss: 1.7995 - accuracy: 0.3960
 2500/10000 [======>.......................] - ETA: 4s - loss: 1.7580 - accuracy: 0.4176
 3000/10000 [========>.....................] - ETA: 4s - loss: 1.7459 - accuracy: 0.4260
 3500/10000 [=========>....................] - ETA: 3s - loss: 1.7230 - accuracy: 0.4374
 4000/10000 [===========>..................] - ETA: 3s - loss: 1.6887 - accuracy: 0.4498
 4500/10000 [============>.................] - ETA: 3s - loss: 1.6710 - accuracy: 0.4507
 5000/10000 [==============>...............] - ETA: 2s - loss: 1.6584 - accuracy: 0.4562
 5500/10000 [===============>..............] - ETA: 2s - loss: 1.6408 - accuracy: 0.4653
 6000/10000 [=================>............] - ETA: 2s - loss: 1.6150 - accuracy: 0.4793
 6500/10000 [==================>...........] - ETA: 2s - loss: 1.6051 - accuracy: 0.4848
 7000/10000 [====================>.........] - ETA: 1s - loss: 1.5922 - accuracy: 0.4863
 7500/10000 [=====================>........] - ETA: 1s - loss: 1.5790 - accuracy: 0.4935
 8000/10000 [=======================>......] - ETA: 1s - loss: 1.5626 - accuracy: 0.4965
 8500/10000 [========================>.....] - ETA: 0s - loss: 1.5458 - accuracy: 0.5031
 9000/10000 [==========================>...] - ETA: 0s - loss: 1.5297 - accuracy: 0.5083
 9500/10000 [===========================>..] - ETA: 0s - loss: 1.5136 - accuracy: 0.5137
10000/10000 [==============================] - 6s 598us/step - loss: 1.5103 - accuracy: 0.5162 - val_loss: 1.2997 - val_accuracy: 0.5652
Epoch 3/5

  500/10000 [>.............................] - ETA: 5s - loss: 1.1710 - accuracy: 0.5960
 1000/10000 [==>...........................] - ETA: 5s - loss: 1.1619 - accuracy: 0.6180
 1500/10000 [===>..........................] - ETA: 5s - loss: 1.1547 - accuracy: 0.6180
 2000/10000 [=====>........................] - ETA: 4s - loss: 1.1702 - accuracy: 0.6135
 2500/10000 [======>.......................] - ETA: 4s - loss: 1.1593 - accuracy: 0.6168
 3000/10000 [========>.....................] - ETA: 4s - loss: 1.1575 - accuracy: 0.6207
 3500/10000 [=========>....................] - ETA: 3s - loss: 1.1705 - accuracy: 0.6146
 4000/10000 [===========>..................] - ETA: 3s - loss: 1.1672 - accuracy: 0.6267
 4500/10000 [============>.................] - ETA: 3s - loss: 1.1636 - accuracy: 0.6282
 5000/10000 [==============>...............] - ETA: 2s - loss: 1.1641 - accuracy: 0.6256
 5500/10000 [===============>..............] - ETA: 2s - loss: 1.1493 - accuracy: 0.6318
 6000/10000 [=================>............] - ETA: 2s - loss: 1.1274 - accuracy: 0.6405
 6500/10000 [==================>...........] - ETA: 2s - loss: 1.1187 - accuracy: 0.6429
 7000/10000 [====================>.........] - ETA: 1s - loss: 1.1292 - accuracy: 0.6434
 7500/10000 [=====================>........] - ETA: 1s - loss: 1.1126 - accuracy: 0.6487
 8000/10000 [=======================>......] - ETA: 1s - loss: 1.1037 - accuracy: 0.6511
 8500/10000 [========================>.....] - ETA: 0s - loss: 1.1024 - accuracy: 0.6479
 9000/10000 [==========================>...] - ETA: 0s - loss: 1.0969 - accuracy: 0.6498
 9500/10000 [===========================>..] - ETA: 0s - loss: 1.0849 - accuracy: 0.6534
10000/10000 [==============================] - 6s 596us/step - loss: 1.0736 - accuracy: 0.6550 - val_loss: 1.0451 - val_accuracy: 0.6596
Epoch 4/5

  500/10000 [>.............................] - ETA: 5s - loss: 0.8518 - accuracy: 0.7320
 1000/10000 [==>...........................] - ETA: 5s - loss: 0.8692 - accuracy: 0.7100
 1500/10000 [===>..........................] - ETA: 5s - loss: 0.8842 - accuracy: 0.7193
 2000/10000 [=====>........................] - ETA: 4s - loss: 0.8964 - accuracy: 0.7065
 2500/10000 [======>.......................] - ETA: 4s - loss: 0.9153 - accuracy: 0.6984
 3000/10000 [========>.....................] - ETA: 4s - loss: 0.8998 - accuracy: 0.7017
 3500/10000 [=========>....................] - ETA: 3s - loss: 0.8964 - accuracy: 0.7003
 4000/10000 [===========>..................] - ETA: 3s - loss: 0.9036 - accuracy: 0.6957
 4500/10000 [============>.................] - ETA: 3s - loss: 0.9002 - accuracy: 0.6971
 5000/10000 [==============>...............] - ETA: 2s - loss: 0.9128 - accuracy: 0.6970
 5500/10000 [===============>..............] - ETA: 2s - loss: 0.9089 - accuracy: 0.6984
 6000/10000 [=================>............] - ETA: 2s - loss: 0.9035 - accuracy: 0.6995
 6500/10000 [==================>...........] - ETA: 2s - loss: 0.8945 - accuracy: 0.7029
 7000/10000 [====================>.........] - ETA: 1s - loss: 0.8958 - accuracy: 0.7021
 7500/10000 [=====================>........] - ETA: 1s - loss: 0.8884 - accuracy: 0.7057
 8000/10000 [=======================>......] - ETA: 1s - loss: 0.8853 - accuracy: 0.7075
 8500/10000 [========================>.....] - ETA: 0s - loss: 0.8769 - accuracy: 0.7093
 9000/10000 [==========================>...] - ETA: 0s - loss: 0.8842 - accuracy: 0.7093
 9500/10000 [===========================>..] - ETA: 0s - loss: 0.8787 - accuracy: 0.7118
10000/10000 [==============================] - 6s 597us/step - loss: 0.8689 - accuracy: 0.7162 - val_loss: 0.7741 - val_accuracy: 0.7480
Epoch 5/5

  500/10000 [>.............................] - ETA: 5s - loss: 0.7337 - accuracy: 0.7260
 1000/10000 [==>...........................] - ETA: 5s - loss: 0.7491 - accuracy: 0.7590
 1500/10000 [===>..........................] - ETA: 5s - loss: 0.7399 - accuracy: 0.7600
 2000/10000 [=====>........................] - ETA: 4s - loss: 0.7548 - accuracy: 0.7540
 2500/10000 [======>.......................] - ETA: 4s - loss: 0.7573 - accuracy: 0.7512
 3000/10000 [========>.....................] - ETA: 4s - loss: 0.7250 - accuracy: 0.7647
 3500/10000 [=========>....................] - ETA: 3s - loss: 0.7417 - accuracy: 0.7597
 4000/10000 [===========>..................] - ETA: 3s - loss: 0.7405 - accuracy: 0.7610
 4500/10000 [============>.................] - ETA: 3s - loss: 0.7296 - accuracy: 0.7633
 5000/10000 [==============>...............] - ETA: 2s - loss: 0.7201 - accuracy: 0.7672
 5500/10000 [===============>..............] - ETA: 2s - loss: 0.7165 - accuracy: 0.7689
 6000/10000 [=================>............] - ETA: 2s - loss: 0.7308 - accuracy: 0.7635
 6500/10000 [==================>...........] - ETA: 2s - loss: 0.7433 - accuracy: 0.7611
 7000/10000 [====================>.........] - ETA: 1s - loss: 0.7382 - accuracy: 0.7634
 7500/10000 [=====================>........] - ETA: 1s - loss: 0.7398 - accuracy: 0.7641
 8000/10000 [=======================>......] - ETA: 1s - loss: 0.7376 - accuracy: 0.7649
 8500/10000 [========================>.....] - ETA: 0s - loss: 0.7386 - accuracy: 0.7641
 9000/10000 [==========================>...] - ETA: 0s - loss: 0.7323 - accuracy: 0.7658
 9500/10000 [===========================>..] - ETA: 0s - loss: 0.7335 - accuracy: 0.7624
10000/10000 [==============================] - 6s 597us/step - loss: 0.7319 - accuracy: 0.7628 - val_loss: 0.8111 - val_accuracy: 0.7196
Latency --- 30.662089586257935 seconds ---
For delta=0.000100, the current epsilon is: 6.0095
=====================Iteration========================== 9
For delta=0.000100, the current epsilon is: 6.0095
Noise Mutiplier 0.83
loss= <keras.losses.CategoricalCrossentropy object at 0x7f6c0fb74358>
in grads Tensor("loss_8/mul:0", shape=(?,), dtype=float32)
Train on 10000 samples, validate on 2500 samples
Epoch 1/5

  500/10000 [>.............................] - ETA: 7s - loss: 2.3045 - accuracy: 0.1060
 1000/10000 [==>...........................] - ETA: 6s - loss: 2.2977 - accuracy: 0.1240
 1500/10000 [===>..........................] - ETA: 5s - loss: 2.2918 - accuracy: 0.1327
 2000/10000 [=====>........................] - ETA: 5s - loss: 2.2876 - accuracy: 0.1320
 2500/10000 [======>.......................] - ETA: 4s - loss: 2.2816 - accuracy: 0.1460
 3000/10000 [========>.....................] - ETA: 4s - loss: 2.2733 - accuracy: 0.1443
 3500/10000 [=========>....................] - ETA: 4s - loss: 2.2649 - accuracy: 0.1540
 4000/10000 [===========>..................] - ETA: 3s - loss: 2.2549 - accuracy: 0.1593
 4500/10000 [============>.................] - ETA: 3s - loss: 2.2453 - accuracy: 0.1769
 5000/10000 [==============>...............] - ETA: 3s - loss: 2.2436 - accuracy: 0.1686
 5500/10000 [===============>..............] - ETA: 2s - loss: 2.2338 - accuracy: 0.1831
 6000/10000 [=================>............] - ETA: 2s - loss: 2.2192 - accuracy: 0.1897
 6500/10000 [==================>...........] - ETA: 2s - loss: 2.2048 - accuracy: 0.2037
 7000/10000 [====================>.........] - ETA: 1s - loss: 2.1938 - accuracy: 0.2013
 7500/10000 [=====================>........] - ETA: 1s - loss: 2.1771 - accuracy: 0.2120
 8000/10000 [=======================>......] - ETA: 1s - loss: 2.1610 - accuracy: 0.2169
 8500/10000 [========================>.....] - ETA: 0s - loss: 2.1462 - accuracy: 0.2264
 9000/10000 [==========================>...] - ETA: 0s - loss: 2.1270 - accuracy: 0.2387
 9500/10000 [===========================>..] - ETA: 0s - loss: 2.1058 - accuracy: 0.2499
10000/10000 [==============================] - 6s 611us/step - loss: 2.0848 - accuracy: 0.2587 - val_loss: 1.7233 - val_accuracy: 0.4752
Epoch 2/5

  500/10000 [>.............................] - ETA: 5s - loss: 1.6570 - accuracy: 0.4840
 1000/10000 [==>...........................] - ETA: 5s - loss: 1.6751 - accuracy: 0.4470
 1500/10000 [===>..........................] - ETA: 5s - loss: 1.6478 - accuracy: 0.4487
 2000/10000 [=====>........................] - ETA: 4s - loss: 1.6434 - accuracy: 0.4490
 2500/10000 [======>.......................] - ETA: 4s - loss: 1.6504 - accuracy: 0.4492
 3000/10000 [========>.....................] - ETA: 4s - loss: 1.6116 - accuracy: 0.4813
 3500/10000 [=========>....................] - ETA: 3s - loss: 1.5744 - accuracy: 0.5054
 4000/10000 [===========>..................] - ETA: 3s - loss: 1.5562 - accuracy: 0.5073
 4500/10000 [============>.................] - ETA: 3s - loss: 1.5396 - accuracy: 0.5104
 5000/10000 [==============>...............] - ETA: 2s - loss: 1.5318 - accuracy: 0.5098
 5500/10000 [===============>..............] - ETA: 2s - loss: 1.5133 - accuracy: 0.5155
 6000/10000 [=================>............] - ETA: 2s - loss: 1.4981 - accuracy: 0.5223
 6500/10000 [==================>...........] - ETA: 2s - loss: 1.4823 - accuracy: 0.5302
 7000/10000 [====================>.........] - ETA: 1s - loss: 1.4635 - accuracy: 0.5380
 7500/10000 [=====================>........] - ETA: 1s - loss: 1.4458 - accuracy: 0.5461
 8000/10000 [=======================>......] - ETA: 1s - loss: 1.4305 - accuracy: 0.5509
 8500/10000 [========================>.....] - ETA: 0s - loss: 1.4163 - accuracy: 0.5564
 9000/10000 [==========================>...] - ETA: 0s - loss: 1.3957 - accuracy: 0.5611
 9500/10000 [===========================>..] - ETA: 0s - loss: 1.3853 - accuracy: 0.5619
10000/10000 [==============================] - 6s 597us/step - loss: 1.3761 - accuracy: 0.5649 - val_loss: 1.2473 - val_accuracy: 0.5756
Epoch 3/5

  500/10000 [>.............................] - ETA: 5s - loss: 1.0850 - accuracy: 0.6640
 1000/10000 [==>...........................] - ETA: 5s - loss: 1.1232 - accuracy: 0.6330
 1500/10000 [===>..........................] - ETA: 5s - loss: 1.1423 - accuracy: 0.6247
 2000/10000 [=====>........................] - ETA: 4s - loss: 1.1220 - accuracy: 0.6320
 2500/10000 [======>.......................] - ETA: 4s - loss: 1.1119 - accuracy: 0.6356
 3000/10000 [========>.....................] - ETA: 4s - loss: 1.0986 - accuracy: 0.6357
 3500/10000 [=========>....................] - ETA: 3s - loss: 1.1053 - accuracy: 0.6346
 4000/10000 [===========>..................] - ETA: 3s - loss: 1.0932 - accuracy: 0.6435
 4500/10000 [============>.................] - ETA: 3s - loss: 1.0627 - accuracy: 0.6571
 5000/10000 [==============>...............] - ETA: 2s - loss: 1.0499 - accuracy: 0.6580
 5500/10000 [===============>..............] - ETA: 2s - loss: 1.0413 - accuracy: 0.6578
 6000/10000 [=================>............] - ETA: 2s - loss: 1.0447 - accuracy: 0.6585
 6500/10000 [==================>...........] - ETA: 2s - loss: 1.0353 - accuracy: 0.6634
 7000/10000 [====================>.........] - ETA: 1s - loss: 1.0450 - accuracy: 0.6607
 7500/10000 [=====================>........] - ETA: 1s - loss: 1.0338 - accuracy: 0.6668
 8000/10000 [=======================>......] - ETA: 1s - loss: 1.0275 - accuracy: 0.6719
 8500/10000 [========================>.....] - ETA: 0s - loss: 1.0290 - accuracy: 0.6707
 9000/10000 [==========================>...] - ETA: 0s - loss: 1.0225 - accuracy: 0.6724
 9500/10000 [===========================>..] - ETA: 0s - loss: 1.0115 - accuracy: 0.6763
10000/10000 [==============================] - 6s 599us/step - loss: 1.0128 - accuracy: 0.6762 - val_loss: 1.0973 - val_accuracy: 0.6436
Epoch 4/5

  500/10000 [>.............................] - ETA: 5s - loss: 0.9236 - accuracy: 0.6940
 1000/10000 [==>...........................] - ETA: 5s - loss: 0.9060 - accuracy: 0.7060
 1500/10000 [===>..........................] - ETA: 5s - loss: 0.9353 - accuracy: 0.6953
 2000/10000 [=====>........................] - ETA: 4s - loss: 0.9106 - accuracy: 0.7010
 2500/10000 [======>.......................] - ETA: 4s - loss: 0.8845 - accuracy: 0.7192
 3000/10000 [========>.....................] - ETA: 4s - loss: 0.9023 - accuracy: 0.7097
 3500/10000 [=========>....................] - ETA: 3s - loss: 0.8929 - accuracy: 0.7137
 4000/10000 [===========>..................] - ETA: 3s - loss: 0.8807 - accuracy: 0.7168
 4500/10000 [============>.................] - ETA: 3s - loss: 0.8703 - accuracy: 0.7231
 5000/10000 [==============>...............] - ETA: 2s - loss: 0.8597 - accuracy: 0.7270
 5500/10000 [===============>..............] - ETA: 2s - loss: 0.8540 - accuracy: 0.7267
 6000/10000 [=================>............] - ETA: 2s - loss: 0.8603 - accuracy: 0.7245
 6500/10000 [==================>...........] - ETA: 2s - loss: 0.8559 - accuracy: 0.7266
 7000/10000 [====================>.........] - ETA: 1s - loss: 0.8416 - accuracy: 0.7319
 7500/10000 [=====================>........] - ETA: 1s - loss: 0.8231 - accuracy: 0.7391
 8000/10000 [=======================>......] - ETA: 1s - loss: 0.8184 - accuracy: 0.7411
 8500/10000 [========================>.....] - ETA: 0s - loss: 0.8147 - accuracy: 0.7419
 9000/10000 [==========================>...] - ETA: 0s - loss: 0.8019 - accuracy: 0.7460
 9500/10000 [===========================>..] - ETA: 0s - loss: 0.7959 - accuracy: 0.7489
10000/10000 [==============================] - 6s 598us/step - loss: 0.7983 - accuracy: 0.7477 - val_loss: 0.8793 - val_accuracy: 0.7284
Epoch 5/5

  500/10000 [>.............................] - ETA: 5s - loss: 0.7753 - accuracy: 0.7860
 1000/10000 [==>...........................] - ETA: 5s - loss: 0.7333 - accuracy: 0.7770
 1500/10000 [===>..........................] - ETA: 5s - loss: 0.7704 - accuracy: 0.7567
 2000/10000 [=====>........................] - ETA: 4s - loss: 0.7501 - accuracy: 0.7650
 2500/10000 [======>.......................] - ETA: 4s - loss: 0.7316 - accuracy: 0.7704
 3000/10000 [========>.....................] - ETA: 4s - loss: 0.7264 - accuracy: 0.7747
 3500/10000 [=========>....................] - ETA: 3s - loss: 0.7358 - accuracy: 0.7686
 4000/10000 [===========>..................] - ETA: 3s - loss: 0.7182 - accuracy: 0.7745
 4500/10000 [============>.................] - ETA: 3s - loss: 0.7059 - accuracy: 0.7793
 5000/10000 [==============>...............] - ETA: 2s - loss: 0.6897 - accuracy: 0.7858
 5500/10000 [===============>..............] - ETA: 2s - loss: 0.6833 - accuracy: 0.7871
 6000/10000 [=================>............] - ETA: 2s - loss: 0.6724 - accuracy: 0.7905
 6500/10000 [==================>...........] - ETA: 2s - loss: 0.6807 - accuracy: 0.7878
 7000/10000 [====================>.........] - ETA: 1s - loss: 0.6741 - accuracy: 0.7906
 7500/10000 [=====================>........] - ETA: 1s - loss: 0.6719 - accuracy: 0.7920
 8000/10000 [=======================>......] - ETA: 1s - loss: 0.6672 - accuracy: 0.7945
 8500/10000 [========================>.....] - ETA: 0s - loss: 0.6672 - accuracy: 0.7942
 9000/10000 [==========================>...] - ETA: 0s - loss: 0.6678 - accuracy: 0.7943
 9500/10000 [===========================>..] - ETA: 0s - loss: 0.6663 - accuracy: 0.7941
10000/10000 [==============================] - 6s 601us/step - loss: 0.6610 - accuracy: 0.7957 - val_loss: 0.7568 - val_accuracy: 0.7608
Latency --- 30.733411073684692 seconds ---
For delta=0.000100, the current epsilon is: 6.0095
=====================Iteration========================== 10
For delta=0.000100, the current epsilon is: 6.0095
Noise Mutiplier 0.83
loss= <keras.losses.CategoricalCrossentropy object at 0x7f6c0fa43ba8>
in grads Tensor("loss_9/mul:0", shape=(?,), dtype=float32)
Train on 10000 samples, validate on 2500 samples
Epoch 1/5

  500/10000 [>.............................] - ETA: 7s - loss: 2.3116 - accuracy: 0.0380
 1000/10000 [==>...........................] - ETA: 6s - loss: 2.2947 - accuracy: 0.0960
 1500/10000 [===>..........................] - ETA: 5s - loss: 2.2839 - accuracy: 0.0960
 2000/10000 [=====>........................] - ETA: 5s - loss: 2.2726 - accuracy: 0.1090
 2500/10000 [======>.......................] - ETA: 4s - loss: 2.2556 - accuracy: 0.1248
 3000/10000 [========>.....................] - ETA: 4s - loss: 2.2446 - accuracy: 0.1353
 3500/10000 [=========>....................] - ETA: 4s - loss: 2.2283 - accuracy: 0.1514
 4000/10000 [===========>..................] - ETA: 3s - loss: 2.2080 - accuracy: 0.1702
 4500/10000 [============>.................] - ETA: 3s - loss: 2.1873 - accuracy: 0.1920
 5000/10000 [==============>...............] - ETA: 3s - loss: 2.1676 - accuracy: 0.2120
 5500/10000 [===============>..............] - ETA: 2s - loss: 2.1513 - accuracy: 0.2187
 6000/10000 [=================>............] - ETA: 2s - loss: 2.1425 - accuracy: 0.2320
 6500/10000 [==================>...........] - ETA: 2s - loss: 2.1305 - accuracy: 0.2385
 7000/10000 [====================>.........] - ETA: 1s - loss: 2.1153 - accuracy: 0.2486
 7500/10000 [=====================>........] - ETA: 1s - loss: 2.0907 - accuracy: 0.2624
 8000/10000 [=======================>......] - ETA: 1s - loss: 2.0670 - accuracy: 0.2751
 8500/10000 [========================>.....] - ETA: 0s - loss: 2.0449 - accuracy: 0.2851
 9000/10000 [==========================>...] - ETA: 0s - loss: 2.0259 - accuracy: 0.2910
 9500/10000 [===========================>..] - ETA: 0s - loss: 2.0110 - accuracy: 0.2939
10000/10000 [==============================] - 6s 616us/step - loss: 2.0045 - accuracy: 0.2954 - val_loss: 1.6784 - val_accuracy: 0.4708
Epoch 2/5

  500/10000 [>.............................] - ETA: 5s - loss: 1.5927 - accuracy: 0.5120
 1000/10000 [==>...........................] - ETA: 5s - loss: 1.6409 - accuracy: 0.4820
 1500/10000 [===>..........................] - ETA: 5s - loss: 1.6478 - accuracy: 0.4840
 2000/10000 [=====>........................] - ETA: 4s - loss: 1.6245 - accuracy: 0.4745
 2500/10000 [======>.......................] - ETA: 4s - loss: 1.6384 - accuracy: 0.4776
 3000/10000 [========>.....................] - ETA: 4s - loss: 1.6035 - accuracy: 0.4893
 3500/10000 [=========>....................] - ETA: 3s - loss: 1.6126 - accuracy: 0.4894
 4000/10000 [===========>..................] - ETA: 3s - loss: 1.5814 - accuracy: 0.5035
 4500/10000 [============>.................] - ETA: 3s - loss: 1.5698 - accuracy: 0.5056
 5000/10000 [==============>...............] - ETA: 2s - loss: 1.5832 - accuracy: 0.4954
 5500/10000 [===============>..............] - ETA: 2s - loss: 1.5926 - accuracy: 0.4940
 6000/10000 [=================>............] - ETA: 2s - loss: 1.5788 - accuracy: 0.4972
 6500/10000 [==================>...........] - ETA: 2s - loss: 1.5658 - accuracy: 0.4951
 7000/10000 [====================>.........] - ETA: 1s - loss: 1.5554 - accuracy: 0.4989
 7500/10000 [=====================>........] - ETA: 1s - loss: 1.5342 - accuracy: 0.5085
 8000/10000 [=======================>......] - ETA: 1s - loss: 1.5156 - accuracy: 0.5129
 8500/10000 [========================>.....] - ETA: 0s - loss: 1.5009 - accuracy: 0.5142
 9000/10000 [==========================>...] - ETA: 0s - loss: 1.4965 - accuracy: 0.5169
 9500/10000 [===========================>..] - ETA: 0s - loss: 1.4837 - accuracy: 0.5244
10000/10000 [==============================] - 6s 599us/step - loss: 1.4743 - accuracy: 0.5283 - val_loss: 1.4628 - val_accuracy: 0.5556
Epoch 3/5

  500/10000 [>.............................] - ETA: 5s - loss: 1.3653 - accuracy: 0.5600
 1000/10000 [==>...........................] - ETA: 5s - loss: 1.2942 - accuracy: 0.5670
 1500/10000 [===>..........................] - ETA: 5s - loss: 1.2774 - accuracy: 0.5527
 2000/10000 [=====>........................] - ETA: 4s - loss: 1.2969 - accuracy: 0.5665
 2500/10000 [======>.......................] - ETA: 4s - loss: 1.2745 - accuracy: 0.5768
 3000/10000 [========>.....................] - ETA: 4s - loss: 1.2857 - accuracy: 0.5600
 3500/10000 [=========>....................] - ETA: 3s - loss: 1.2713 - accuracy: 0.5749
 4000/10000 [===========>..................] - ETA: 3s - loss: 1.2537 - accuracy: 0.5803
 4500/10000 [============>.................] - ETA: 3s - loss: 1.2413 - accuracy: 0.5844
 5000/10000 [==============>...............] - ETA: 2s - loss: 1.2136 - accuracy: 0.5944
 5500/10000 [===============>..............] - ETA: 2s - loss: 1.1903 - accuracy: 0.6042
 6000/10000 [=================>............] - ETA: 2s - loss: 1.1673 - accuracy: 0.6147
 6500/10000 [==================>...........] - ETA: 2s - loss: 1.1491 - accuracy: 0.6225
 7000/10000 [====================>.........] - ETA: 1s - loss: 1.1375 - accuracy: 0.6253
 7500/10000 [=====================>........] - ETA: 1s - loss: 1.1307 - accuracy: 0.6289
 8000/10000 [=======================>......] - ETA: 1s - loss: 1.1223 - accuracy: 0.6320
 8500/10000 [========================>.....] - ETA: 0s - loss: 1.1215 - accuracy: 0.6332
 9000/10000 [==========================>...] - ETA: 0s - loss: 1.1156 - accuracy: 0.6341
 9500/10000 [===========================>..] - ETA: 0s - loss: 1.1095 - accuracy: 0.6346
10000/10000 [==============================] - 6s 597us/step - loss: 1.1028 - accuracy: 0.6364 - val_loss: 0.9009 - val_accuracy: 0.7144
Epoch 4/5

  500/10000 [>.............................] - ETA: 5s - loss: 0.8242 - accuracy: 0.7460
 1000/10000 [==>...........................] - ETA: 5s - loss: 0.8315 - accuracy: 0.7360
 1500/10000 [===>..........................] - ETA: 5s - loss: 0.8120 - accuracy: 0.7440
 2000/10000 [=====>........................] - ETA: 4s - loss: 0.8531 - accuracy: 0.7230
 2500/10000 [======>.......................] - ETA: 4s - loss: 0.8564 - accuracy: 0.7188
 3000/10000 [========>.....................] - ETA: 4s - loss: 0.8536 - accuracy: 0.7187
 3500/10000 [=========>....................] - ETA: 3s - loss: 0.8867 - accuracy: 0.7071
 4000/10000 [===========>..................] - ETA: 3s - loss: 0.8907 - accuracy: 0.7072
 4500/10000 [============>.................] - ETA: 3s - loss: 0.8819 - accuracy: 0.7089
 5000/10000 [==============>...............] - ETA: 2s - loss: 0.9166 - accuracy: 0.7010
 5500/10000 [===============>..............] - ETA: 2s - loss: 0.9118 - accuracy: 0.7016
 6000/10000 [=================>............] - ETA: 2s - loss: 0.9093 - accuracy: 0.7023
 6500/10000 [==================>...........] - ETA: 2s - loss: 0.9021 - accuracy: 0.7058
 7000/10000 [====================>.........] - ETA: 1s - loss: 0.8930 - accuracy: 0.7079
 7500/10000 [=====================>........] - ETA: 1s - loss: 0.8831 - accuracy: 0.7093
 8000/10000 [=======================>......] - ETA: 1s - loss: 0.8757 - accuracy: 0.7122
 8500/10000 [========================>.....] - ETA: 0s - loss: 0.8721 - accuracy: 0.7125
 9000/10000 [==========================>...] - ETA: 0s - loss: 0.8678 - accuracy: 0.7132
 9500/10000 [===========================>..] - ETA: 0s - loss: 0.8594 - accuracy: 0.7162
10000/10000 [==============================] - 6s 598us/step - loss: 0.8520 - accuracy: 0.7186 - val_loss: 0.7941 - val_accuracy: 0.7320
Epoch 5/5

  500/10000 [>.............................] - ETA: 5s - loss: 0.6690 - accuracy: 0.7500
 1000/10000 [==>...........................] - ETA: 5s - loss: 0.6198 - accuracy: 0.7790
 1500/10000 [===>..........................] - ETA: 5s - loss: 0.6346 - accuracy: 0.7847
 2000/10000 [=====>........................] - ETA: 4s - loss: 0.6443 - accuracy: 0.7850
 2500/10000 [======>.......................] - ETA: 4s - loss: 0.6620 - accuracy: 0.7800
 3000/10000 [========>.....................] - ETA: 4s - loss: 0.6812 - accuracy: 0.7770
 3500/10000 [=========>....................] - ETA: 3s - loss: 0.6728 - accuracy: 0.7749
 4000/10000 [===========>..................] - ETA: 3s - loss: 0.6691 - accuracy: 0.7763
 4500/10000 [============>.................] - ETA: 3s - loss: 0.6624 - accuracy: 0.7811
 5000/10000 [==============>...............] - ETA: 2s - loss: 0.6644 - accuracy: 0.7808
 5500/10000 [===============>..............] - ETA: 2s - loss: 0.6562 - accuracy: 0.7836
 6000/10000 [=================>............] - ETA: 2s - loss: 0.6604 - accuracy: 0.7812
 6500/10000 [==================>...........] - ETA: 2s - loss: 0.6580 - accuracy: 0.7829
 7000/10000 [====================>.........] - ETA: 1s - loss: 0.6544 - accuracy: 0.7850
 7500/10000 [=====================>........] - ETA: 1s - loss: 0.6557 - accuracy: 0.7843
 8000/10000 [=======================>......] - ETA: 1s - loss: 0.6457 - accuracy: 0.7874
 8500/10000 [========================>.....] - ETA: 0s - loss: 0.6427 - accuracy: 0.7880
 9000/10000 [==========================>...] - ETA: 0s - loss: 0.6427 - accuracy: 0.7873
 9500/10000 [===========================>..] - ETA: 0s - loss: 0.6384 - accuracy: 0.7883
10000/10000 [==============================] - 6s 596us/step - loss: 0.6406 - accuracy: 0.7881 - val_loss: 0.7062 - val_accuracy: 0.7636
Latency --- 30.770504474639893 seconds ---
For delta=0.000100, the current epsilon is: 6.0095
