
=====================ITERATION 1==========================
We are using Tensorflow version 1.15.2
Keras API version: 2.3.1
Noise Mutiplier 30
loss= <keras.losses.CategoricalCrossentropy object at 0x7f0291fc4e10>

# Evaluate on test data

  500/10000 [>.............................] - ETA: 0s
 3500/10000 [=========>....................] - ETA: 0s
 6500/10000 [==================>...........] - ETA: 0s
 9500/10000 [===========================>..] - ETA: 0s
10000/10000 [==============================] - 0s 21us/step
Accuracy: 20.76999992132187
Latency --- 0.2614316940307617 seconds ---
trained with DP
=====================ITERATION 2==========================
We are using Tensorflow version 1.15.2
Keras API version: 2.3.1
Noise Mutiplier 30
loss= <keras.losses.CategoricalCrossentropy object at 0x7fe3990e2dd8>

# Evaluate on test data

  500/10000 [>.............................] - ETA: 0s
 3500/10000 [=========>....................] - ETA: 0s
 6500/10000 [==================>...........] - ETA: 0s
 9500/10000 [===========================>..] - ETA: 0s
10000/10000 [==============================] - 0s 21us/step
Accuracy: 20.76999992132187
Latency --- 0.26240968704223633 seconds ---
trained with DP
=====================ITERATION 3==========================
We are using Tensorflow version 1.15.2
Keras API version: 2.3.1
Noise Mutiplier 30
loss= <keras.losses.CategoricalCrossentropy object at 0x7ff1ca83cdd8>

# Evaluate on test data

  500/10000 [>.............................] - ETA: 0s
 3500/10000 [=========>....................] - ETA: 0s
 6500/10000 [==================>...........] - ETA: 0s
 9500/10000 [===========================>..] - ETA: 0s
10000/10000 [==============================] - 0s 21us/step
Accuracy: 20.76999992132187
Latency --- 0.2620961666107178 seconds ---
trained with DP
=====================ITERATION 4==========================
We are using Tensorflow version 1.15.2
Keras API version: 2.3.1
Noise Mutiplier 30
loss= <keras.losses.CategoricalCrossentropy object at 0x7febb1db9d30>

# Evaluate on test data

  500/10000 [>.............................] - ETA: 0s
 3500/10000 [=========>....................] - ETA: 0s
 6500/10000 [==================>...........] - ETA: 0s
 9500/10000 [===========================>..] - ETA: 0s
10000/10000 [==============================] - 0s 21us/step
Accuracy: 20.76999992132187
Latency --- 0.26110124588012695 seconds ---
trained with DP
=====================ITERATION 5==========================
We are using Tensorflow version 1.15.2
Keras API version: 2.3.1
Noise Mutiplier 30
loss= <keras.losses.CategoricalCrossentropy object at 0x7f11c437bda0>

# Evaluate on test data

  500/10000 [>.............................] - ETA: 0s
 3500/10000 [=========>....................] - ETA: 0s
 6500/10000 [==================>...........] - ETA: 0s
 9500/10000 [===========================>..] - ETA: 0s
10000/10000 [==============================] - 0s 21us/step
Accuracy: 20.76999992132187
Latency --- 0.2620255947113037 seconds ---
trained with DP
=====================ITERATION 6==========================
We are using Tensorflow version 1.15.2
Keras API version: 2.3.1
Noise Mutiplier 30
loss= <keras.losses.CategoricalCrossentropy object at 0x7f42813a1d68>

# Evaluate on test data

  500/10000 [>.............................] - ETA: 0s
 3500/10000 [=========>....................] - ETA: 0s
 6500/10000 [==================>...........] - ETA: 0s
 9500/10000 [===========================>..] - ETA: 0s
10000/10000 [==============================] - 0s 21us/step
Accuracy: 20.76999992132187
Latency --- 0.26230311393737793 seconds ---
trained with DP
=====================ITERATION 7==========================
We are using Tensorflow version 1.15.2
Keras API version: 2.3.1
Noise Mutiplier 30
loss= <keras.losses.CategoricalCrossentropy object at 0x7efef4fd7dd8>

# Evaluate on test data

  500/10000 [>.............................] - ETA: 0s
 3500/10000 [=========>....................] - ETA: 0s
 6500/10000 [==================>...........] - ETA: 0s
 9500/10000 [===========================>..] - ETA: 0s
10000/10000 [==============================] - 0s 21us/step
Accuracy: 20.76999992132187
Latency --- 0.26093506813049316 seconds ---
trained with DP
=====================ITERATION 8==========================
We are using Tensorflow version 1.15.2
Keras API version: 2.3.1
Noise Mutiplier 30
loss= <keras.losses.CategoricalCrossentropy object at 0x7fa039adbd68>

# Evaluate on test data

  500/10000 [>.............................] - ETA: 0s
 3500/10000 [=========>....................] - ETA: 0s
 6500/10000 [==================>...........] - ETA: 0s
 9500/10000 [===========================>..] - ETA: 0s
10000/10000 [==============================] - 0s 21us/step
Accuracy: 20.76999992132187
Latency --- 0.26262760162353516 seconds ---
trained with DP
=====================ITERATION 9==========================
We are using Tensorflow version 1.15.2
Keras API version: 2.3.1
Noise Mutiplier 30
loss= <keras.losses.CategoricalCrossentropy object at 0x7f47969addd8>

# Evaluate on test data

  500/10000 [>.............................] - ETA: 0s
 3500/10000 [=========>....................] - ETA: 0s
 6500/10000 [==================>...........] - ETA: 0s
 9500/10000 [===========================>..] - ETA: 0s
10000/10000 [==============================] - 0s 21us/step
Accuracy: 20.76999992132187
Latency --- 0.26328492164611816 seconds ---
trained with DP
=====================ITERATION 10==========================
We are using Tensorflow version 1.15.2
Keras API version: 2.3.1
Noise Mutiplier 30
loss= <keras.losses.CategoricalCrossentropy object at 0x7fc0ba32add8>

# Evaluate on test data

  500/10000 [>.............................] - ETA: 0s
 3500/10000 [=========>....................] - ETA: 0s
 6500/10000 [==================>...........] - ETA: 0s
 9500/10000 [===========================>..] - ETA: 0s
10000/10000 [==============================] - 0s 21us/step
Accuracy: 20.76999992132187
Latency --- 0.2627222537994385 seconds ---
trained with DP
