
=====================ITERATION 1==========================
We are using Tensorflow version 1.15.2
Keras API version: 2.3.1
Noise Mutiplier 3.03

# Evaluate on test data

 250/3000 [=>............................] - ETA: 0s
 500/3000 [====>.........................] - ETA: 0s
 750/3000 [======>.......................] - ETA: 0s
1000/3000 [=========>....................] - ETA: 0s
1500/3000 [==============>...............] - ETA: 0s
1750/3000 [================>.............] - ETA: 0s
2000/3000 [===================>..........] - ETA: 0s
2250/3000 [=====================>........] - ETA: 0s
2750/3000 [==========================>...] - ETA: 0s
3000/3000 [==============================] - 1s 221us/step
Accuracy: 9.133332967758179
Latency --- 0.7260396480560303 seconds ---
Trained with DP
=====================ITERATION 2==========================
We are using Tensorflow version 1.15.2
Keras API version: 2.3.1
Noise Mutiplier 3.03

# Evaluate on test data

 250/3000 [=>............................] - ETA: 0s
 500/3000 [====>.........................] - ETA: 0s
 750/3000 [======>.......................] - ETA: 0s
1000/3000 [=========>....................] - ETA: 0s
1250/3000 [===========>..................] - ETA: 0s
1500/3000 [==============>...............] - ETA: 0s
1750/3000 [================>.............] - ETA: 0s
2000/3000 [===================>..........] - ETA: 0s
2250/3000 [=====================>........] - ETA: 0s
2750/3000 [==========================>...] - ETA: 0s
3000/3000 [==============================] - 1s 225us/step
Accuracy: 9.133332967758179
Latency --- 0.7355425357818604 seconds ---
Trained with DP
=====================ITERATION 3==========================
We are using Tensorflow version 1.15.2
Keras API version: 2.3.1
Noise Mutiplier 3.03

# Evaluate on test data

 250/3000 [=>............................] - ETA: 0s
 500/3000 [====>.........................] - ETA: 0s
 750/3000 [======>.......................] - ETA: 0s
1000/3000 [=========>....................] - ETA: 0s
1250/3000 [===========>..................] - ETA: 0s
1500/3000 [==============>...............] - ETA: 0s
1750/3000 [================>.............] - ETA: 0s
2000/3000 [===================>..........] - ETA: 0s
2250/3000 [=====================>........] - ETA: 0s
2500/3000 [========================>.....] - ETA: 0s
2750/3000 [==========================>...] - ETA: 0s
3000/3000 [==============================] - 1s 225us/step
Accuracy: 9.133332967758179
Latency --- 0.7377300262451172 seconds ---
Trained with DP
=====================ITERATION 4==========================
We are using Tensorflow version 1.15.2
Keras API version: 2.3.1
Noise Mutiplier 3.03

# Evaluate on test data

 250/3000 [=>............................] - ETA: 0s
 500/3000 [====>.........................] - ETA: 0s
 750/3000 [======>.......................] - ETA: 0s
1000/3000 [=========>....................] - ETA: 0s
1250/3000 [===========>..................] - ETA: 0s
1750/3000 [================>.............] - ETA: 0s
2000/3000 [===================>..........] - ETA: 0s
2250/3000 [=====================>........] - ETA: 0s
2500/3000 [========================>.....] - ETA: 0s
3000/3000 [==============================] - 1s 220us/step
Accuracy: 9.133332967758179
Latency --- 0.7224814891815186 seconds ---
Trained with DP
=====================ITERATION 5==========================
We are using Tensorflow version 1.15.2
Keras API version: 2.3.1
Noise Mutiplier 3.03

# Evaluate on test data

 250/3000 [=>............................] - ETA: 0s
 500/3000 [====>.........................] - ETA: 0s
 750/3000 [======>.......................] - ETA: 0s
1000/3000 [=========>....................] - ETA: 0s
1250/3000 [===========>..................] - ETA: 0s
1500/3000 [==============>...............] - ETA: 0s
1750/3000 [================>.............] - ETA: 0s
2000/3000 [===================>..........] - ETA: 0s
2250/3000 [=====================>........] - ETA: 0s
2500/3000 [========================>.....] - ETA: 0s
2750/3000 [==========================>...] - ETA: 0s
3000/3000 [==============================] - 1s 227us/step
Accuracy: 9.133332967758179
Latency --- 0.7450881004333496 seconds ---
Trained with DP
=====================ITERATION 6==========================
We are using Tensorflow version 1.15.2
Keras API version: 2.3.1
Noise Mutiplier 3.03

# Evaluate on test data

 250/3000 [=>............................] - ETA: 0s
 500/3000 [====>.........................] - ETA: 0s
 750/3000 [======>.......................] - ETA: 0s
1000/3000 [=========>....................] - ETA: 0s
1250/3000 [===========>..................] - ETA: 0s
1500/3000 [==============>...............] - ETA: 0s
1750/3000 [================>.............] - ETA: 0s
2000/3000 [===================>..........] - ETA: 0s
2250/3000 [=====================>........] - ETA: 0s
2750/3000 [==========================>...] - ETA: 0s
3000/3000 [==============================] - 1s 224us/step
Accuracy: 9.133332967758179
Latency --- 0.7326774597167969 seconds ---
Trained with DP
=====================ITERATION 7==========================
We are using Tensorflow version 1.15.2
Keras API version: 2.3.1
Noise Mutiplier 3.03

# Evaluate on test data

 250/3000 [=>............................] - ETA: 0s
 500/3000 [====>.........................] - ETA: 0s
 750/3000 [======>.......................] - ETA: 0s
1000/3000 [=========>....................] - ETA: 0s
1250/3000 [===========>..................] - ETA: 0s
1500/3000 [==============>...............] - ETA: 0s
1750/3000 [================>.............] - ETA: 0s
2000/3000 [===================>..........] - ETA: 0s
2250/3000 [=====================>........] - ETA: 0s
2500/3000 [========================>.....] - ETA: 0s
2750/3000 [==========================>...] - ETA: 0s
3000/3000 [==============================] - 1s 226us/step
Accuracy: 9.133332967758179
Latency --- 0.740225076675415 seconds ---
Trained with DP
=====================ITERATION 8==========================
We are using Tensorflow version 1.15.2
Keras API version: 2.3.1
Noise Mutiplier 3.03

# Evaluate on test data

 250/3000 [=>............................] - ETA: 0s
 500/3000 [====>.........................] - ETA: 0s
 750/3000 [======>.......................] - ETA: 0s
1000/3000 [=========>....................] - ETA: 0s
1250/3000 [===========>..................] - ETA: 0s
1500/3000 [==============>...............] - ETA: 0s
1750/3000 [================>.............] - ETA: 0s
2000/3000 [===================>..........] - ETA: 0s
2250/3000 [=====================>........] - ETA: 0s
2750/3000 [==========================>...] - ETA: 0s
3000/3000 [==============================] - 1s 223us/step
Accuracy: 9.133332967758179
Latency --- 0.7296237945556641 seconds ---
Trained with DP
=====================ITERATION 9==========================
We are using Tensorflow version 1.15.2
Keras API version: 2.3.1
Noise Mutiplier 3.03

# Evaluate on test data

 250/3000 [=>............................] - ETA: 0s
 500/3000 [====>.........................] - ETA: 0s
 750/3000 [======>.......................] - ETA: 0s
1000/3000 [=========>....................] - ETA: 0s
1500/3000 [==============>...............] - ETA: 0s
1750/3000 [================>.............] - ETA: 0s
2000/3000 [===================>..........] - ETA: 0s
2250/3000 [=====================>........] - ETA: 0s
2750/3000 [==========================>...] - ETA: 0s
3000/3000 [==============================] - 1s 221us/step
Accuracy: 9.133332967758179
Latency --- 0.7292251586914062 seconds ---
Trained with DP
=====================ITERATION 10==========================
We are using Tensorflow version 1.15.2
Keras API version: 2.3.1
Noise Mutiplier 3.03

# Evaluate on test data

 250/3000 [=>............................] - ETA: 0s
 500/3000 [====>.........................] - ETA: 0s
 750/3000 [======>.......................] - ETA: 0s
1000/3000 [=========>....................] - ETA: 0s
1500/3000 [==============>...............] - ETA: 0s
1750/3000 [================>.............] - ETA: 0s
2000/3000 [===================>..........] - ETA: 0s
2250/3000 [=====================>........] - ETA: 0s
2500/3000 [========================>.....] - ETA: 0s
2750/3000 [==========================>...] - ETA: 0s
3000/3000 [==============================] - 1s 225us/step
Accuracy: 9.133332967758179
Latency --- 0.7382910251617432 seconds ---
Trained with DP
