We are using Tensorflow version 1.15.2
Keras API version: 2.3.1
=====================Iteration========================== 1
For delta=0.000200, the current epsilon is: 2.0066
Noise Mutiplier 1.76
in grads Tensor("loss/mul:0", shape=(?,), dtype=float32)
Train on 3000 samples, validate on 750 samples
Epoch 1/5

 250/3000 [=>............................] - ETA: 29s - loss: 2.3034 - accuracy: 0.1080
 500/3000 [====>.........................] - ETA: 25s - loss: 2.3067 - accuracy: 0.1000
 750/3000 [======>.......................] - ETA: 23s - loss: 2.3058 - accuracy: 0.1000
1000/3000 [=========>....................] - ETA: 20s - loss: 2.3063 - accuracy: 0.0940
1250/3000 [===========>..................] - ETA: 17s - loss: 2.3052 - accuracy: 0.1000
1500/3000 [==============>...............] - ETA: 15s - loss: 2.3062 - accuracy: 0.0980
1750/3000 [================>.............] - ETA: 12s - loss: 2.3061 - accuracy: 0.0977
2000/3000 [===================>..........] - ETA: 10s - loss: 2.3049 - accuracy: 0.0980
2250/3000 [=====================>........] - ETA: 7s - loss: 2.3049 - accuracy: 0.0996 
2500/3000 [========================>.....] - ETA: 5s - loss: 2.3045 - accuracy: 0.1024
2750/3000 [==========================>...] - ETA: 2s - loss: 2.3054 - accuracy: 0.1029
3000/3000 [==============================] - 31s 10ms/step - loss: 2.3046 - accuracy: 0.1030 - val_loss: 2.3074 - val_accuracy: 0.1067
Epoch 2/5

 250/3000 [=>............................] - ETA: 27s - loss: 2.3166 - accuracy: 0.0600
 500/3000 [====>.........................] - ETA: 25s - loss: 2.3111 - accuracy: 0.0740
 750/3000 [======>.......................] - ETA: 22s - loss: 2.3045 - accuracy: 0.0840
1000/3000 [=========>....................] - ETA: 20s - loss: 2.3019 - accuracy: 0.0990
1250/3000 [===========>..................] - ETA: 17s - loss: 2.3027 - accuracy: 0.0984
1500/3000 [==============>...............] - ETA: 15s - loss: 2.3027 - accuracy: 0.0993
1750/3000 [================>.............] - ETA: 12s - loss: 2.3018 - accuracy: 0.1011
2000/3000 [===================>..........] - ETA: 10s - loss: 2.3022 - accuracy: 0.1000
2250/3000 [=====================>........] - ETA: 7s - loss: 2.3023 - accuracy: 0.1013 
2500/3000 [========================>.....] - ETA: 5s - loss: 2.3018 - accuracy: 0.1012
2750/3000 [==========================>...] - ETA: 2s - loss: 2.3017 - accuracy: 0.1036
3000/3000 [==============================] - 31s 10ms/step - loss: 2.3013 - accuracy: 0.1060 - val_loss: 2.3077 - val_accuracy: 0.1080
Epoch 3/5

 250/3000 [=>............................] - ETA: 26s - loss: 2.3050 - accuracy: 0.0920
 500/3000 [====>.........................] - ETA: 24s - loss: 2.3060 - accuracy: 0.0920
 750/3000 [======>.......................] - ETA: 22s - loss: 2.3014 - accuracy: 0.1067
1000/3000 [=========>....................] - ETA: 20s - loss: 2.3011 - accuracy: 0.1020
1250/3000 [===========>..................] - ETA: 17s - loss: 2.3004 - accuracy: 0.1080
1500/3000 [==============>...............] - ETA: 15s - loss: 2.2993 - accuracy: 0.1073
1750/3000 [================>.............] - ETA: 12s - loss: 2.3005 - accuracy: 0.1029
2000/3000 [===================>..........] - ETA: 10s - loss: 2.2996 - accuracy: 0.1040
2250/3000 [=====================>........] - ETA: 7s - loss: 2.2997 - accuracy: 0.1044 
2500/3000 [========================>.....] - ETA: 5s - loss: 2.2983 - accuracy: 0.1064
2750/3000 [==========================>...] - ETA: 2s - loss: 2.2982 - accuracy: 0.1076
3000/3000 [==============================] - 31s 10ms/step - loss: 2.2988 - accuracy: 0.1053 - val_loss: 2.3081 - val_accuracy: 0.0933
Epoch 4/5

 250/3000 [=>............................] - ETA: 27s - loss: 2.2998 - accuracy: 0.1240
 500/3000 [====>.........................] - ETA: 25s - loss: 2.3006 - accuracy: 0.1200
 750/3000 [======>.......................] - ETA: 22s - loss: 2.3018 - accuracy: 0.1107
1000/3000 [=========>....................] - ETA: 20s - loss: 2.2996 - accuracy: 0.1080
1250/3000 [===========>..................] - ETA: 17s - loss: 2.2986 - accuracy: 0.1064
1500/3000 [==============>...............] - ETA: 15s - loss: 2.2972 - accuracy: 0.1073
1750/3000 [================>.............] - ETA: 12s - loss: 2.2968 - accuracy: 0.1091
2000/3000 [===================>..........] - ETA: 10s - loss: 2.2975 - accuracy: 0.1085
2250/3000 [=====================>........] - ETA: 7s - loss: 2.2969 - accuracy: 0.1084 
2500/3000 [========================>.....] - ETA: 5s - loss: 2.2973 - accuracy: 0.1112
2750/3000 [==========================>...] - ETA: 2s - loss: 2.2967 - accuracy: 0.1109
3000/3000 [==============================] - 30s 10ms/step - loss: 2.2961 - accuracy: 0.1090 - val_loss: 2.3073 - val_accuracy: 0.0880
Epoch 5/5

 250/3000 [=>............................] - ETA: 28s - loss: 2.2857 - accuracy: 0.1360
 500/3000 [====>.........................] - ETA: 25s - loss: 2.2902 - accuracy: 0.1360
 750/3000 [======>.......................] - ETA: 22s - loss: 2.2923 - accuracy: 0.1213
1000/3000 [=========>....................] - ETA: 20s - loss: 2.2931 - accuracy: 0.1210
1250/3000 [===========>..................] - ETA: 17s - loss: 2.2929 - accuracy: 0.1176
1500/3000 [==============>...............] - ETA: 15s - loss: 2.2938 - accuracy: 0.1153
1750/3000 [================>.............] - ETA: 12s - loss: 2.2933 - accuracy: 0.1149
2000/3000 [===================>..........] - ETA: 10s - loss: 2.2942 - accuracy: 0.1140
2250/3000 [=====================>........] - ETA: 7s - loss: 2.2938 - accuracy: 0.1124 
2500/3000 [========================>.....] - ETA: 5s - loss: 2.2935 - accuracy: 0.1136
2750/3000 [==========================>...] - ETA: 2s - loss: 2.2936 - accuracy: 0.1149
3000/3000 [==============================] - 30s 10ms/step - loss: 2.2941 - accuracy: 0.1143 - val_loss: 2.3071 - val_accuracy: 0.0907
Latency --- 152.922922372818 seconds ---
For delta=0.000200, the current epsilon is: 2.0066
Saving model with new accuracy, previous accuracy was 0 and present is 0.11433333158493042
Saved model to disk
=====================Iteration========================== 2
For delta=0.000200, the current epsilon is: 2.0066
Noise Mutiplier 1.76
in grads Tensor("loss_1/mul:0", shape=(?,), dtype=float32)
Train on 3000 samples, validate on 750 samples
Epoch 1/5

 250/3000 [=>............................] - ETA: 32s - loss: 2.3028 - accuracy: 0.1120
 500/3000 [====>.........................] - ETA: 27s - loss: 2.3032 - accuracy: 0.1100
 750/3000 [======>.......................] - ETA: 24s - loss: 2.3037 - accuracy: 0.1080
1000/3000 [=========>....................] - ETA: 21s - loss: 2.3036 - accuracy: 0.1000
1250/3000 [===========>..................] - ETA: 18s - loss: 2.3036 - accuracy: 0.1064
1500/3000 [==============>...............] - ETA: 16s - loss: 2.3035 - accuracy: 0.1053
1750/3000 [================>.............] - ETA: 13s - loss: 2.3037 - accuracy: 0.1069
2000/3000 [===================>..........] - ETA: 10s - loss: 2.3040 - accuracy: 0.1040
2250/3000 [=====================>........] - ETA: 7s - loss: 2.3040 - accuracy: 0.1018 
2500/3000 [========================>.....] - ETA: 5s - loss: 2.3039 - accuracy: 0.1028
2750/3000 [==========================>...] - ETA: 2s - loss: 2.3038 - accuracy: 0.1007
3000/3000 [==============================] - 32s 11ms/step - loss: 2.3033 - accuracy: 0.1047 - val_loss: 2.3044 - val_accuracy: 0.0960
Epoch 2/5

 250/3000 [=>............................] - ETA: 27s - loss: 2.3020 - accuracy: 0.1120
 500/3000 [====>.........................] - ETA: 26s - loss: 2.3021 - accuracy: 0.1220
 750/3000 [======>.......................] - ETA: 23s - loss: 2.3017 - accuracy: 0.1227
1000/3000 [=========>....................] - ETA: 20s - loss: 2.3015 - accuracy: 0.1210
1250/3000 [===========>..................] - ETA: 17s - loss: 2.3012 - accuracy: 0.1240
1500/3000 [==============>...............] - ETA: 15s - loss: 2.3012 - accuracy: 0.1213
1750/3000 [================>.............] - ETA: 12s - loss: 2.3014 - accuracy: 0.1171
2000/3000 [===================>..........] - ETA: 10s - loss: 2.3010 - accuracy: 0.1195
2250/3000 [=====================>........] - ETA: 7s - loss: 2.3014 - accuracy: 0.1169 
2500/3000 [========================>.....] - ETA: 5s - loss: 2.3014 - accuracy: 0.1144
2750/3000 [==========================>...] - ETA: 2s - loss: 2.3014 - accuracy: 0.1127
3000/3000 [==============================] - 31s 10ms/step - loss: 2.3012 - accuracy: 0.1143 - val_loss: 2.3038 - val_accuracy: 0.0907
Epoch 3/5

 250/3000 [=>............................] - ETA: 28s - loss: 2.3013 - accuracy: 0.1160
 500/3000 [====>.........................] - ETA: 25s - loss: 2.3011 - accuracy: 0.1080
 750/3000 [======>.......................] - ETA: 22s - loss: 2.3014 - accuracy: 0.1080
1000/3000 [=========>....................] - ETA: 20s - loss: 2.3013 - accuracy: 0.1040
1250/3000 [===========>..................] - ETA: 18s - loss: 2.3010 - accuracy: 0.1104
1500/3000 [==============>...............] - ETA: 15s - loss: 2.3012 - accuracy: 0.1067
1750/3000 [================>.............] - ETA: 13s - loss: 2.3004 - accuracy: 0.1137
2000/3000 [===================>..........] - ETA: 10s - loss: 2.3005 - accuracy: 0.1120
2250/3000 [=====================>........] - ETA: 7s - loss: 2.2998 - accuracy: 0.1138 
2500/3000 [========================>.....] - ETA: 5s - loss: 2.2995 - accuracy: 0.1148
2750/3000 [==========================>...] - ETA: 2s - loss: 2.2991 - accuracy: 0.1167
3000/3000 [==============================] - 31s 10ms/step - loss: 2.2992 - accuracy: 0.1170 - val_loss: 2.3040 - val_accuracy: 0.0973
Epoch 4/5

 250/3000 [=>............................] - ETA: 26s - loss: 2.3010 - accuracy: 0.1000
 500/3000 [====>.........................] - ETA: 25s - loss: 2.2987 - accuracy: 0.1180
 750/3000 [======>.......................] - ETA: 23s - loss: 2.2978 - accuracy: 0.1213
1000/3000 [=========>....................] - ETA: 21s - loss: 2.2978 - accuracy: 0.1140
1250/3000 [===========>..................] - ETA: 18s - loss: 2.2981 - accuracy: 0.1160
1500/3000 [==============>...............] - ETA: 15s - loss: 2.2977 - accuracy: 0.1187
1750/3000 [================>.............] - ETA: 12s - loss: 2.2971 - accuracy: 0.1234
2000/3000 [===================>..........] - ETA: 10s - loss: 2.2970 - accuracy: 0.1270
2250/3000 [=====================>........] - ETA: 7s - loss: 2.2970 - accuracy: 0.1298 
2500/3000 [========================>.....] - ETA: 5s - loss: 2.2971 - accuracy: 0.1304
2750/3000 [==========================>...] - ETA: 2s - loss: 2.2974 - accuracy: 0.1280
3000/3000 [==============================] - 31s 10ms/step - loss: 2.2973 - accuracy: 0.1270 - val_loss: 2.3041 - val_accuracy: 0.1027
Epoch 5/5

 250/3000 [=>............................] - ETA: 28s - loss: 2.2974 - accuracy: 0.1000
 500/3000 [====>.........................] - ETA: 25s - loss: 2.2964 - accuracy: 0.1400
 750/3000 [======>.......................] - ETA: 23s - loss: 2.2956 - accuracy: 0.1453
1000/3000 [=========>....................] - ETA: 20s - loss: 2.2948 - accuracy: 0.1460
1250/3000 [===========>..................] - ETA: 18s - loss: 2.2955 - accuracy: 0.1408
1500/3000 [==============>...............] - ETA: 15s - loss: 2.2955 - accuracy: 0.1393
1750/3000 [================>.............] - ETA: 12s - loss: 2.2953 - accuracy: 0.1360
2000/3000 [===================>..........] - ETA: 10s - loss: 2.2954 - accuracy: 0.1325
2250/3000 [=====================>........] - ETA: 7s - loss: 2.2955 - accuracy: 0.1329 
2500/3000 [========================>.....] - ETA: 5s - loss: 2.2954 - accuracy: 0.1360
2750/3000 [==========================>...] - ETA: 2s - loss: 2.2955 - accuracy: 0.1349
3000/3000 [==============================] - 31s 10ms/step - loss: 2.2953 - accuracy: 0.1327 - val_loss: 2.3039 - val_accuracy: 0.1080
Latency --- 155.99266147613525 seconds ---
For delta=0.000200, the current epsilon is: 2.0066
Saving model with new accuracy, previous accuracy was 0.11433333158493042 and present is 0.1326666623353958
Saved model to disk
=====================Iteration========================== 3
For delta=0.000200, the current epsilon is: 2.0066
Noise Mutiplier 1.76
in grads Tensor("loss_2/mul:0", shape=(?,), dtype=float32)
Train on 3000 samples, validate on 750 samples
Epoch 1/5

 250/3000 [=>............................] - ETA: 28s - loss: 2.3144 - accuracy: 0.0760
 500/3000 [====>.........................] - ETA: 25s - loss: 2.3133 - accuracy: 0.0780
 750/3000 [======>.......................] - ETA: 22s - loss: 2.3124 - accuracy: 0.0840
1000/3000 [=========>....................] - ETA: 20s - loss: 2.3128 - accuracy: 0.0850
1250/3000 [===========>..................] - ETA: 17s - loss: 2.3144 - accuracy: 0.0832
1500/3000 [==============>...............] - ETA: 15s - loss: 2.3138 - accuracy: 0.0900
1750/3000 [================>.............] - ETA: 12s - loss: 2.3131 - accuracy: 0.0891
2000/3000 [===================>..........] - ETA: 10s - loss: 2.3127 - accuracy: 0.0910
2250/3000 [=====================>........] - ETA: 7s - loss: 2.3122 - accuracy: 0.0902 
2500/3000 [========================>.....] - ETA: 5s - loss: 2.3121 - accuracy: 0.0904
2750/3000 [==========================>...] - ETA: 2s - loss: 2.3113 - accuracy: 0.0905
3000/3000 [==============================] - 30s 10ms/step - loss: 2.3106 - accuracy: 0.0903 - val_loss: 2.3071 - val_accuracy: 0.1080
Epoch 2/5

 250/3000 [=>............................] - ETA: 27s - loss: 2.3110 - accuracy: 0.0720
 500/3000 [====>.........................] - ETA: 24s - loss: 2.3053 - accuracy: 0.0860
 750/3000 [======>.......................] - ETA: 22s - loss: 2.3079 - accuracy: 0.0840
1000/3000 [=========>....................] - ETA: 19s - loss: 2.3070 - accuracy: 0.0870
1250/3000 [===========>..................] - ETA: 17s - loss: 2.3050 - accuracy: 0.0888
1500/3000 [==============>...............] - ETA: 14s - loss: 2.3055 - accuracy: 0.0900
1750/3000 [================>.............] - ETA: 12s - loss: 2.3054 - accuracy: 0.0869
2000/3000 [===================>..........] - ETA: 9s - loss: 2.3042 - accuracy: 0.0915 
2250/3000 [=====================>........] - ETA: 7s - loss: 2.3039 - accuracy: 0.0929
2500/3000 [========================>.....] - ETA: 4s - loss: 2.3037 - accuracy: 0.0916
2750/3000 [==========================>...] - ETA: 2s - loss: 2.3040 - accuracy: 0.0916
3000/3000 [==============================] - 30s 10ms/step - loss: 2.3042 - accuracy: 0.0920 - val_loss: 2.3059 - val_accuracy: 0.1120
Epoch 3/5

 250/3000 [=>............................] - ETA: 27s - loss: 2.2966 - accuracy: 0.0880
 500/3000 [====>.........................] - ETA: 25s - loss: 2.3013 - accuracy: 0.0740
 750/3000 [======>.......................] - ETA: 22s - loss: 2.3014 - accuracy: 0.0853
1000/3000 [=========>....................] - ETA: 19s - loss: 2.3030 - accuracy: 0.0900
1250/3000 [===========>..................] - ETA: 17s - loss: 2.3014 - accuracy: 0.0912
1500/3000 [==============>...............] - ETA: 14s - loss: 2.3002 - accuracy: 0.0947
1750/3000 [================>.............] - ETA: 12s - loss: 2.3001 - accuracy: 0.0966
2000/3000 [===================>..........] - ETA: 9s - loss: 2.3000 - accuracy: 0.0955 
2250/3000 [=====================>........] - ETA: 7s - loss: 2.3007 - accuracy: 0.0911
2500/3000 [========================>.....] - ETA: 4s - loss: 2.3003 - accuracy: 0.0928
2750/3000 [==========================>...] - ETA: 2s - loss: 2.3017 - accuracy: 0.0898
3000/3000 [==============================] - 30s 10ms/step - loss: 2.3015 - accuracy: 0.0903 - val_loss: 2.3054 - val_accuracy: 0.1053
Epoch 4/5

 250/3000 [=>............................] - ETA: 28s - loss: 2.2973 - accuracy: 0.0960
 500/3000 [====>.........................] - ETA: 25s - loss: 2.2995 - accuracy: 0.0860
 750/3000 [======>.......................] - ETA: 22s - loss: 2.2981 - accuracy: 0.0880
1000/3000 [=========>....................] - ETA: 20s - loss: 2.2968 - accuracy: 0.0910
1250/3000 [===========>..................] - ETA: 17s - loss: 2.2976 - accuracy: 0.0872
1500/3000 [==============>...............] - ETA: 15s - loss: 2.2977 - accuracy: 0.0887
1750/3000 [================>.............] - ETA: 12s - loss: 2.2988 - accuracy: 0.0874
2000/3000 [===================>..........] - ETA: 10s - loss: 2.2994 - accuracy: 0.0880
2250/3000 [=====================>........] - ETA: 7s - loss: 2.3003 - accuracy: 0.0876 
2500/3000 [========================>.....] - ETA: 5s - loss: 2.3004 - accuracy: 0.0880
2750/3000 [==========================>...] - ETA: 2s - loss: 2.3004 - accuracy: 0.0880
3000/3000 [==============================] - 30s 10ms/step - loss: 2.2995 - accuracy: 0.0873 - val_loss: 2.3051 - val_accuracy: 0.1093
Epoch 5/5

 250/3000 [=>............................] - ETA: 27s - loss: 2.2929 - accuracy: 0.1000
 500/3000 [====>.........................] - ETA: 24s - loss: 2.2937 - accuracy: 0.1000
 750/3000 [======>.......................] - ETA: 22s - loss: 2.2952 - accuracy: 0.0907
1000/3000 [=========>....................] - ETA: 19s - loss: 2.2953 - accuracy: 0.0950
1250/3000 [===========>..................] - ETA: 17s - loss: 2.2966 - accuracy: 0.0928
1500/3000 [==============>...............] - ETA: 14s - loss: 2.2969 - accuracy: 0.0900
1750/3000 [================>.............] - ETA: 12s - loss: 2.2973 - accuracy: 0.0880
2000/3000 [===================>..........] - ETA: 9s - loss: 2.2979 - accuracy: 0.0845 
2250/3000 [=====================>........] - ETA: 7s - loss: 2.2977 - accuracy: 0.0858
2500/3000 [========================>.....] - ETA: 4s - loss: 2.2968 - accuracy: 0.0912
2750/3000 [==========================>...] - ETA: 2s - loss: 2.2964 - accuracy: 0.0935
3000/3000 [==============================] - 30s 10ms/step - loss: 2.2969 - accuracy: 0.0913 - val_loss: 2.3052 - val_accuracy: 0.1080
Latency --- 151.4140133857727 seconds ---
For delta=0.000200, the current epsilon is: 2.0066
=====================Iteration========================== 4
For delta=0.000200, the current epsilon is: 2.0066
Noise Mutiplier 1.76
in grads Tensor("loss_3/mul:0", shape=(?,), dtype=float32)
Train on 3000 samples, validate on 750 samples
Epoch 1/5

 250/3000 [=>............................] - ETA: 28s - loss: 2.3079 - accuracy: 0.1120
 500/3000 [====>.........................] - ETA: 25s - loss: 2.3045 - accuracy: 0.1020
 750/3000 [======>.......................] - ETA: 22s - loss: 2.3039 - accuracy: 0.0947
1000/3000 [=========>....................] - ETA: 20s - loss: 2.3049 - accuracy: 0.0940
1250/3000 [===========>..................] - ETA: 17s - loss: 2.3061 - accuracy: 0.0912
1500/3000 [==============>...............] - ETA: 14s - loss: 2.3060 - accuracy: 0.0947
1750/3000 [================>.............] - ETA: 12s - loss: 2.3058 - accuracy: 0.0937
2000/3000 [===================>..........] - ETA: 9s - loss: 2.3052 - accuracy: 0.0940 
2250/3000 [=====================>........] - ETA: 7s - loss: 2.3052 - accuracy: 0.0907
2500/3000 [========================>.....] - ETA: 4s - loss: 2.3046 - accuracy: 0.0908
2750/3000 [==========================>...] - ETA: 2s - loss: 2.3033 - accuracy: 0.0920
3000/3000 [==============================] - 30s 10ms/step - loss: 2.3023 - accuracy: 0.0947 - val_loss: 2.3113 - val_accuracy: 0.1053
Epoch 2/5

 250/3000 [=>............................] - ETA: 27s - loss: 2.2960 - accuracy: 0.1040
 500/3000 [====>.........................] - ETA: 24s - loss: 2.2964 - accuracy: 0.0820
 750/3000 [======>.......................] - ETA: 22s - loss: 2.2991 - accuracy: 0.0800
1000/3000 [=========>....................] - ETA: 20s - loss: 2.2982 - accuracy: 0.0850
1250/3000 [===========>..................] - ETA: 17s - loss: 2.2976 - accuracy: 0.0936
1500/3000 [==============>...............] - ETA: 14s - loss: 2.2980 - accuracy: 0.0927
1750/3000 [================>.............] - ETA: 12s - loss: 2.2992 - accuracy: 0.0909
2000/3000 [===================>..........] - ETA: 9s - loss: 2.2991 - accuracy: 0.0915 
2250/3000 [=====================>........] - ETA: 7s - loss: 2.2988 - accuracy: 0.0938
2500/3000 [========================>.....] - ETA: 4s - loss: 2.2990 - accuracy: 0.0956
2750/3000 [==========================>...] - ETA: 2s - loss: 2.2982 - accuracy: 0.0967
3000/3000 [==============================] - 30s 10ms/step - loss: 2.2984 - accuracy: 0.0963 - val_loss: 2.3091 - val_accuracy: 0.1053
Epoch 3/5

 250/3000 [=>............................] - ETA: 26s - loss: 2.2871 - accuracy: 0.1080
 500/3000 [====>.........................] - ETA: 24s - loss: 2.2904 - accuracy: 0.1080
 750/3000 [======>.......................] - ETA: 22s - loss: 2.2948 - accuracy: 0.1053
1000/3000 [=========>....................] - ETA: 19s - loss: 2.2957 - accuracy: 0.1030
1250/3000 [===========>..................] - ETA: 17s - loss: 2.2964 - accuracy: 0.1000
1500/3000 [==============>...............] - ETA: 14s - loss: 2.2965 - accuracy: 0.1027
1750/3000 [================>.............] - ETA: 12s - loss: 2.2963 - accuracy: 0.1006
2000/3000 [===================>..........] - ETA: 9s - loss: 2.2967 - accuracy: 0.1025 
2250/3000 [=====================>........] - ETA: 7s - loss: 2.2967 - accuracy: 0.1044
2500/3000 [========================>.....] - ETA: 4s - loss: 2.2967 - accuracy: 0.1048
2750/3000 [==========================>...] - ETA: 2s - loss: 2.2962 - accuracy: 0.1080
3000/3000 [==============================] - 30s 10ms/step - loss: 2.2958 - accuracy: 0.1093 - val_loss: 2.3078 - val_accuracy: 0.1027
Epoch 4/5

 250/3000 [=>............................] - ETA: 27s - loss: 2.2830 - accuracy: 0.1320
 500/3000 [====>.........................] - ETA: 24s - loss: 2.2890 - accuracy: 0.1240
 750/3000 [======>.......................] - ETA: 22s - loss: 2.2935 - accuracy: 0.1120
1000/3000 [=========>....................] - ETA: 19s - loss: 2.2927 - accuracy: 0.1160
1250/3000 [===========>..................] - ETA: 17s - loss: 2.2937 - accuracy: 0.1144
1500/3000 [==============>...............] - ETA: 15s - loss: 2.2937 - accuracy: 0.1180
1750/3000 [================>.............] - ETA: 12s - loss: 2.2919 - accuracy: 0.1177
2000/3000 [===================>..........] - ETA: 9s - loss: 2.2923 - accuracy: 0.1150 
2250/3000 [=====================>........] - ETA: 7s - loss: 2.2909 - accuracy: 0.1182
2500/3000 [========================>.....] - ETA: 4s - loss: 2.2917 - accuracy: 0.1140
2750/3000 [==========================>...] - ETA: 2s - loss: 2.2921 - accuracy: 0.1124
3000/3000 [==============================] - 30s 10ms/step - loss: 2.2927 - accuracy: 0.1107 - val_loss: 2.3074 - val_accuracy: 0.1040
Epoch 5/5

 250/3000 [=>............................] - ETA: 27s - loss: 2.2921 - accuracy: 0.1200
 500/3000 [====>.........................] - ETA: 24s - loss: 2.2916 - accuracy: 0.1200
 750/3000 [======>.......................] - ETA: 22s - loss: 2.2914 - accuracy: 0.1053
1000/3000 [=========>....................] - ETA: 19s - loss: 2.2941 - accuracy: 0.1050
1250/3000 [===========>..................] - ETA: 17s - loss: 2.2904 - accuracy: 0.1096
1500/3000 [==============>...............] - ETA: 14s - loss: 2.2896 - accuracy: 0.1047
1750/3000 [================>.............] - ETA: 12s - loss: 2.2899 - accuracy: 0.1040
2000/3000 [===================>..........] - ETA: 9s - loss: 2.2906 - accuracy: 0.1030 
2250/3000 [=====================>........] - ETA: 7s - loss: 2.2907 - accuracy: 0.1013
2500/3000 [========================>.....] - ETA: 4s - loss: 2.2904 - accuracy: 0.1004
2750/3000 [==========================>...] - ETA: 2s - loss: 2.2902 - accuracy: 0.1025
3000/3000 [==============================] - 30s 10ms/step - loss: 2.2905 - accuracy: 0.1037 - val_loss: 2.3079 - val_accuracy: 0.0933
Latency --- 150.5577073097229 seconds ---
For delta=0.000200, the current epsilon is: 2.0066
=====================Iteration========================== 5
For delta=0.000200, the current epsilon is: 2.0066
Noise Mutiplier 1.76
in grads Tensor("loss_4/mul:0", shape=(?,), dtype=float32)
Train on 3000 samples, validate on 750 samples
Epoch 1/5

 250/3000 [=>............................] - ETA: 29s - loss: 2.3057 - accuracy: 0.0960
 500/3000 [====>.........................] - ETA: 26s - loss: 2.3055 - accuracy: 0.1060
 750/3000 [======>.......................] - ETA: 23s - loss: 2.3031 - accuracy: 0.1200
1000/3000 [=========>....................] - ETA: 20s - loss: 2.3026 - accuracy: 0.1220
1250/3000 [===========>..................] - ETA: 17s - loss: 2.3031 - accuracy: 0.1160
1500/3000 [==============>...............] - ETA: 15s - loss: 2.3030 - accuracy: 0.1140
1750/3000 [================>.............] - ETA: 12s - loss: 2.3038 - accuracy: 0.1120
2000/3000 [===================>..........] - ETA: 10s - loss: 2.3039 - accuracy: 0.1120
2250/3000 [=====================>........] - ETA: 7s - loss: 2.3043 - accuracy: 0.1080 
2500/3000 [========================>.....] - ETA: 5s - loss: 2.3038 - accuracy: 0.1092
2750/3000 [==========================>...] - ETA: 2s - loss: 2.3044 - accuracy: 0.1055
3000/3000 [==============================] - 30s 10ms/step - loss: 2.3045 - accuracy: 0.1040 - val_loss: 2.3053 - val_accuracy: 0.1027
Epoch 2/5

 250/3000 [=>............................] - ETA: 27s - loss: 2.3046 - accuracy: 0.0960
 500/3000 [====>.........................] - ETA: 25s - loss: 2.3002 - accuracy: 0.1200
 750/3000 [======>.......................] - ETA: 22s - loss: 2.3030 - accuracy: 0.1107
1000/3000 [=========>....................] - ETA: 19s - loss: 2.3028 - accuracy: 0.1100
1250/3000 [===========>..................] - ETA: 17s - loss: 2.3026 - accuracy: 0.1072
1500/3000 [==============>...............] - ETA: 14s - loss: 2.3027 - accuracy: 0.1060
1750/3000 [================>.............] - ETA: 12s - loss: 2.3019 - accuracy: 0.1074
2000/3000 [===================>..........] - ETA: 9s - loss: 2.3016 - accuracy: 0.1095 
2250/3000 [=====================>........] - ETA: 7s - loss: 2.3017 - accuracy: 0.1071
2500/3000 [========================>.....] - ETA: 4s - loss: 2.3019 - accuracy: 0.1044
2750/3000 [==========================>...] - ETA: 2s - loss: 2.3020 - accuracy: 0.1051
3000/3000 [==============================] - 30s 10ms/step - loss: 2.3022 - accuracy: 0.1047 - val_loss: 2.3050 - val_accuracy: 0.1067
Epoch 3/5

 250/3000 [=>............................] - ETA: 27s - loss: 2.3019 - accuracy: 0.0960
 500/3000 [====>.........................] - ETA: 24s - loss: 2.3032 - accuracy: 0.0900
 750/3000 [======>.......................] - ETA: 22s - loss: 2.3026 - accuracy: 0.0880
1000/3000 [=========>....................] - ETA: 19s - loss: 2.3016 - accuracy: 0.0990
1250/3000 [===========>..................] - ETA: 17s - loss: 2.3022 - accuracy: 0.0952
1500/3000 [==============>...............] - ETA: 14s - loss: 2.3020 - accuracy: 0.1020
1750/3000 [================>.............] - ETA: 12s - loss: 2.3012 - accuracy: 0.1086
2000/3000 [===================>..........] - ETA: 9s - loss: 2.3009 - accuracy: 0.1095 
2250/3000 [=====================>........] - ETA: 7s - loss: 2.3009 - accuracy: 0.1120
2500/3000 [========================>.....] - ETA: 4s - loss: 2.3008 - accuracy: 0.1128
2750/3000 [==========================>...] - ETA: 2s - loss: 2.3009 - accuracy: 0.1142
3000/3000 [==============================] - 30s 10ms/step - loss: 2.3009 - accuracy: 0.1143 - val_loss: 2.3045 - val_accuracy: 0.1027
Epoch 4/5

 250/3000 [=>............................] - ETA: 27s - loss: 2.3053 - accuracy: 0.1080
 500/3000 [====>.........................] - ETA: 24s - loss: 2.3016 - accuracy: 0.1160
 750/3000 [======>.......................] - ETA: 22s - loss: 2.3020 - accuracy: 0.1107
1000/3000 [=========>....................] - ETA: 19s - loss: 2.3015 - accuracy: 0.1160
1250/3000 [===========>..................] - ETA: 17s - loss: 2.3009 - accuracy: 0.1192
1500/3000 [==============>...............] - ETA: 14s - loss: 2.3008 - accuracy: 0.1193
1750/3000 [================>.............] - ETA: 12s - loss: 2.2998 - accuracy: 0.1263
2000/3000 [===================>..........] - ETA: 9s - loss: 2.2996 - accuracy: 0.1275 
2250/3000 [=====================>........] - ETA: 7s - loss: 2.2996 - accuracy: 0.1267
2500/3000 [========================>.....] - ETA: 4s - loss: 2.2995 - accuracy: 0.1280
2750/3000 [==========================>...] - ETA: 2s - loss: 2.2995 - accuracy: 0.1262
3000/3000 [==============================] - 30s 10ms/step - loss: 2.2993 - accuracy: 0.1260 - val_loss: 2.3043 - val_accuracy: 0.0960
Epoch 5/5

 250/3000 [=>............................] - ETA: 27s - loss: 2.2958 - accuracy: 0.1480
 500/3000 [====>.........................] - ETA: 24s - loss: 2.2975 - accuracy: 0.1560
 750/3000 [======>.......................] - ETA: 22s - loss: 2.2982 - accuracy: 0.1533
1000/3000 [=========>....................] - ETA: 19s - loss: 2.2983 - accuracy: 0.1490
1250/3000 [===========>..................] - ETA: 17s - loss: 2.2983 - accuracy: 0.1512
1500/3000 [==============>...............] - ETA: 14s - loss: 2.2980 - accuracy: 0.1460
1750/3000 [================>.............] - ETA: 12s - loss: 2.2982 - accuracy: 0.1446
2000/3000 [===================>..........] - ETA: 9s - loss: 2.2981 - accuracy: 0.1475 
2250/3000 [=====================>........] - ETA: 7s - loss: 2.2978 - accuracy: 0.1467
2500/3000 [========================>.....] - ETA: 4s - loss: 2.2978 - accuracy: 0.1456
2750/3000 [==========================>...] - ETA: 2s - loss: 2.2978 - accuracy: 0.1440
3000/3000 [==============================] - 30s 10ms/step - loss: 2.2978 - accuracy: 0.1403 - val_loss: 2.3042 - val_accuracy: 0.0987
Latency --- 150.75996208190918 seconds ---
For delta=0.000200, the current epsilon is: 2.0066
Saving model with new accuracy, previous accuracy was 0.1326666623353958 and present is 0.14033333957195282
Saved model to disk
=====================Iteration========================== 6
For delta=0.000200, the current epsilon is: 2.0066
Noise Mutiplier 1.76
in grads Tensor("loss_5/mul:0", shape=(?,), dtype=float32)
Train on 3000 samples, validate on 750 samples
Epoch 1/5

 250/3000 [=>............................] - ETA: 29s - loss: 2.3071 - accuracy: 0.0960
 500/3000 [====>.........................] - ETA: 25s - loss: 2.3122 - accuracy: 0.0820
 750/3000 [======>.......................] - ETA: 22s - loss: 2.3086 - accuracy: 0.0853
1000/3000 [=========>....................] - ETA: 20s - loss: 2.3066 - accuracy: 0.0890
1250/3000 [===========>..................] - ETA: 17s - loss: 2.3045 - accuracy: 0.0960
1500/3000 [==============>...............] - ETA: 15s - loss: 2.3052 - accuracy: 0.0960
1750/3000 [================>.............] - ETA: 12s - loss: 2.3051 - accuracy: 0.0931
2000/3000 [===================>..........] - ETA: 9s - loss: 2.3064 - accuracy: 0.0895 
2250/3000 [=====================>........] - ETA: 7s - loss: 2.3062 - accuracy: 0.0907
2500/3000 [========================>.....] - ETA: 4s - loss: 2.3060 - accuracy: 0.0928
2750/3000 [==========================>...] - ETA: 2s - loss: 2.3064 - accuracy: 0.0916
3000/3000 [==============================] - 30s 10ms/step - loss: 2.3061 - accuracy: 0.0920 - val_loss: 2.3085 - val_accuracy: 0.0973
Epoch 2/5

 250/3000 [=>............................] - ETA: 27s - loss: 2.3013 - accuracy: 0.1240
 500/3000 [====>.........................] - ETA: 24s - loss: 2.3019 - accuracy: 0.1140
 750/3000 [======>.......................] - ETA: 22s - loss: 2.3006 - accuracy: 0.1120
1000/3000 [=========>....................] - ETA: 20s - loss: 2.3000 - accuracy: 0.1140
1250/3000 [===========>..................] - ETA: 17s - loss: 2.3008 - accuracy: 0.1096
1500/3000 [==============>...............] - ETA: 14s - loss: 2.3009 - accuracy: 0.1120
1750/3000 [================>.............] - ETA: 12s - loss: 2.3019 - accuracy: 0.1074
2000/3000 [===================>..........] - ETA: 9s - loss: 2.3014 - accuracy: 0.1080 
2250/3000 [=====================>........] - ETA: 7s - loss: 2.3023 - accuracy: 0.1044
2500/3000 [========================>.....] - ETA: 4s - loss: 2.3024 - accuracy: 0.1036
2750/3000 [==========================>...] - ETA: 2s - loss: 2.3022 - accuracy: 0.1025
3000/3000 [==============================] - 30s 10ms/step - loss: 2.3021 - accuracy: 0.1013 - val_loss: 2.3077 - val_accuracy: 0.0987
Epoch 3/5

 250/3000 [=>............................] - ETA: 27s - loss: 2.2954 - accuracy: 0.1080
 500/3000 [====>.........................] - ETA: 24s - loss: 2.2954 - accuracy: 0.1120
 750/3000 [======>.......................] - ETA: 22s - loss: 2.2968 - accuracy: 0.1133
1000/3000 [=========>....................] - ETA: 19s - loss: 2.3013 - accuracy: 0.0980
1250/3000 [===========>..................] - ETA: 17s - loss: 2.3004 - accuracy: 0.0992
1500/3000 [==============>...............] - ETA: 14s - loss: 2.2989 - accuracy: 0.1060
1750/3000 [================>.............] - ETA: 12s - loss: 2.2992 - accuracy: 0.1063
2000/3000 [===================>..........] - ETA: 9s - loss: 2.2979 - accuracy: 0.1085 
2250/3000 [=====================>........] - ETA: 7s - loss: 2.2987 - accuracy: 0.1076
2500/3000 [========================>.....] - ETA: 4s - loss: 2.2990 - accuracy: 0.1056
2750/3000 [==========================>...] - ETA: 2s - loss: 2.2992 - accuracy: 0.1058
3000/3000 [==============================] - 30s 10ms/step - loss: 2.2996 - accuracy: 0.1050 - val_loss: 2.3076 - val_accuracy: 0.1000
Epoch 4/5

 250/3000 [=>............................] - ETA: 27s - loss: 2.2989 - accuracy: 0.1040
 500/3000 [====>.........................] - ETA: 24s - loss: 2.3024 - accuracy: 0.0900
 750/3000 [======>.......................] - ETA: 22s - loss: 2.2995 - accuracy: 0.1027
1000/3000 [=========>....................] - ETA: 20s - loss: 2.2984 - accuracy: 0.1090
1250/3000 [===========>..................] - ETA: 17s - loss: 2.2970 - accuracy: 0.1160
1500/3000 [==============>...............] - ETA: 14s - loss: 2.2962 - accuracy: 0.1173
1750/3000 [================>.............] - ETA: 12s - loss: 2.2976 - accuracy: 0.1166
2000/3000 [===================>..........] - ETA: 9s - loss: 2.2971 - accuracy: 0.1175 
2250/3000 [=====================>........] - ETA: 7s - loss: 2.2970 - accuracy: 0.1160
2500/3000 [========================>.....] - ETA: 4s - loss: 2.2972 - accuracy: 0.1152
2750/3000 [==========================>...] - ETA: 2s - loss: 2.2972 - accuracy: 0.1131
3000/3000 [==============================] - 30s 10ms/step - loss: 2.2976 - accuracy: 0.1127 - val_loss: 2.3073 - val_accuracy: 0.0933
Epoch 5/5

 250/3000 [=>............................] - ETA: 27s - loss: 2.3023 - accuracy: 0.1000
 500/3000 [====>.........................] - ETA: 25s - loss: 2.3044 - accuracy: 0.1100
 750/3000 [======>.......................] - ETA: 22s - loss: 2.3028 - accuracy: 0.1120
1000/3000 [=========>....................] - ETA: 20s - loss: 2.3009 - accuracy: 0.1180
1250/3000 [===========>..................] - ETA: 17s - loss: 2.2979 - accuracy: 0.1272
1500/3000 [==============>...............] - ETA: 15s - loss: 2.2968 - accuracy: 0.1247
1750/3000 [================>.............] - ETA: 12s - loss: 2.2971 - accuracy: 0.1206
2000/3000 [===================>..........] - ETA: 10s - loss: 2.2967 - accuracy: 0.1170
2250/3000 [=====================>........] - ETA: 7s - loss: 2.2958 - accuracy: 0.1178 
2500/3000 [========================>.....] - ETA: 5s - loss: 2.2955 - accuracy: 0.1160
2750/3000 [==========================>...] - ETA: 2s - loss: 2.2954 - accuracy: 0.1145
3000/3000 [==============================] - 30s 10ms/step - loss: 2.2959 - accuracy: 0.1130 - val_loss: 2.3073 - val_accuracy: 0.0907
Latency --- 151.54551601409912 seconds ---
For delta=0.000200, the current epsilon is: 2.0066
=====================Iteration========================== 7
For delta=0.000200, the current epsilon is: 2.0066
Noise Mutiplier 1.76
in grads Tensor("loss_6/mul:0", shape=(?,), dtype=float32)
Train on 3000 samples, validate on 750 samples
Epoch 1/5

 250/3000 [=>............................] - ETA: 29s - loss: 2.3158 - accuracy: 0.1320
 500/3000 [====>.........................] - ETA: 25s - loss: 2.3154 - accuracy: 0.1140
 750/3000 [======>.......................] - ETA: 22s - loss: 2.3172 - accuracy: 0.1107
1000/3000 [=========>....................] - ETA: 20s - loss: 2.3149 - accuracy: 0.1150
1250/3000 [===========>..................] - ETA: 17s - loss: 2.3113 - accuracy: 0.1192
1500/3000 [==============>...............] - ETA: 15s - loss: 2.3121 - accuracy: 0.1153
1750/3000 [================>.............] - ETA: 12s - loss: 2.3121 - accuracy: 0.1131
2000/3000 [===================>..........] - ETA: 10s - loss: 2.3112 - accuracy: 0.1115
2250/3000 [=====================>........] - ETA: 7s - loss: 2.3108 - accuracy: 0.1116 
2500/3000 [========================>.....] - ETA: 5s - loss: 2.3091 - accuracy: 0.1156
2750/3000 [==========================>...] - ETA: 2s - loss: 2.3077 - accuracy: 0.1189
3000/3000 [==============================] - 30s 10ms/step - loss: 2.3079 - accuracy: 0.1190 - val_loss: 2.3052 - val_accuracy: 0.1120
Epoch 2/5

 250/3000 [=>............................] - ETA: 27s - loss: 2.2998 - accuracy: 0.0960
 500/3000 [====>.........................] - ETA: 24s - loss: 2.3062 - accuracy: 0.0900
 750/3000 [======>.......................] - ETA: 22s - loss: 2.3064 - accuracy: 0.0907
1000/3000 [=========>....................] - ETA: 20s - loss: 2.3037 - accuracy: 0.0980
1250/3000 [===========>..................] - ETA: 18s - loss: 2.3041 - accuracy: 0.0968
1500/3000 [==============>...............] - ETA: 15s - loss: 2.3024 - accuracy: 0.1013
1750/3000 [================>.............] - ETA: 13s - loss: 2.3026 - accuracy: 0.1023
2000/3000 [===================>..........] - ETA: 10s - loss: 2.3021 - accuracy: 0.1025
2250/3000 [=====================>........] - ETA: 8s - loss: 2.3019 - accuracy: 0.1067 
2500/3000 [========================>.....] - ETA: 5s - loss: 2.3015 - accuracy: 0.1096
2750/3000 [==========================>...] - ETA: 2s - loss: 2.3010 - accuracy: 0.1109
3000/3000 [==============================] - 33s 11ms/step - loss: 2.3007 - accuracy: 0.1127 - val_loss: 2.3025 - val_accuracy: 0.1160
Epoch 3/5

 250/3000 [=>............................] - ETA: 29s - loss: 2.2960 - accuracy: 0.1040
 500/3000 [====>.........................] - ETA: 26s - loss: 2.2981 - accuracy: 0.1020
 750/3000 [======>.......................] - ETA: 24s - loss: 2.2933 - accuracy: 0.1200
1000/3000 [=========>....................] - ETA: 21s - loss: 2.2956 - accuracy: 0.1090
1250/3000 [===========>..................] - ETA: 19s - loss: 2.2957 - accuracy: 0.1136
1500/3000 [==============>...............] - ETA: 16s - loss: 2.2964 - accuracy: 0.1087
1750/3000 [================>.............] - ETA: 13s - loss: 2.2978 - accuracy: 0.1057
2000/3000 [===================>..........] - ETA: 10s - loss: 2.2974 - accuracy: 0.1075
2250/3000 [=====================>........] - ETA: 8s - loss: 2.2973 - accuracy: 0.1076 
2500/3000 [========================>.....] - ETA: 5s - loss: 2.2980 - accuracy: 0.1064
2750/3000 [==========================>...] - ETA: 2s - loss: 2.2983 - accuracy: 0.1044
3000/3000 [==============================] - 33s 11ms/step - loss: 2.2982 - accuracy: 0.1043 - val_loss: 2.3021 - val_accuracy: 0.1133
Epoch 4/5

 250/3000 [=>............................] - ETA: 28s - loss: 2.2925 - accuracy: 0.1080
 500/3000 [====>.........................] - ETA: 26s - loss: 2.2949 - accuracy: 0.0960
 750/3000 [======>.......................] - ETA: 24s - loss: 2.2937 - accuracy: 0.0947
1000/3000 [=========>....................] - ETA: 21s - loss: 2.2966 - accuracy: 0.0950
1250/3000 [===========>..................] - ETA: 18s - loss: 2.2956 - accuracy: 0.0960
1500/3000 [==============>...............] - ETA: 16s - loss: 2.2954 - accuracy: 0.0987
1750/3000 [================>.............] - ETA: 13s - loss: 2.2951 - accuracy: 0.1046
2000/3000 [===================>..........] - ETA: 10s - loss: 2.2955 - accuracy: 0.1075
2250/3000 [=====================>........] - ETA: 8s - loss: 2.2951 - accuracy: 0.1067 
2500/3000 [========================>.....] - ETA: 5s - loss: 2.2963 - accuracy: 0.1036
2750/3000 [==========================>...] - ETA: 2s - loss: 2.2960 - accuracy: 0.1044
3000/3000 [==============================] - 32s 11ms/step - loss: 2.2968 - accuracy: 0.1057 - val_loss: 2.3021 - val_accuracy: 0.1147
Epoch 5/5

 250/3000 [=>............................] - ETA: 31s - loss: 2.2956 - accuracy: 0.1240
 500/3000 [====>.........................] - ETA: 27s - loss: 2.2977 - accuracy: 0.1180
 750/3000 [======>.......................] - ETA: 24s - loss: 2.2992 - accuracy: 0.1080
1000/3000 [=========>....................] - ETA: 21s - loss: 2.2958 - accuracy: 0.1100
1250/3000 [===========>..................] - ETA: 18s - loss: 2.2957 - accuracy: 0.1152
1500/3000 [==============>...............] - ETA: 16s - loss: 2.2970 - accuracy: 0.1127
1750/3000 [================>.............] - ETA: 13s - loss: 2.2966 - accuracy: 0.1149
2000/3000 [===================>..........] - ETA: 10s - loss: 2.2978 - accuracy: 0.1130
2250/3000 [=====================>........] - ETA: 8s - loss: 2.2968 - accuracy: 0.1142 
2500/3000 [========================>.....] - ETA: 5s - loss: 2.2965 - accuracy: 0.1140
2750/3000 [==========================>...] - ETA: 2s - loss: 2.2957 - accuracy: 0.1171
3000/3000 [==============================] - 35s 12ms/step - loss: 2.2953 - accuracy: 0.1143 - val_loss: 2.3024 - val_accuracy: 0.1093
Latency --- 164.14953708648682 seconds ---
For delta=0.000200, the current epsilon is: 2.0066
=====================Iteration========================== 8
For delta=0.000200, the current epsilon is: 2.0066
Noise Mutiplier 1.76
in grads Tensor("loss_7/mul:0", shape=(?,), dtype=float32)
Train on 3000 samples, validate on 750 samples
Epoch 1/5

 250/3000 [=>............................] - ETA: 40s - loss: 2.3007 - accuracy: 0.1040
 500/3000 [====>.........................] - ETA: 35s - loss: 2.3024 - accuracy: 0.1040
 750/3000 [======>.......................] - ETA: 31s - loss: 2.3021 - accuracy: 0.0947
1000/3000 [=========>....................] - ETA: 26s - loss: 2.3024 - accuracy: 0.0920
1250/3000 [===========>..................] - ETA: 22s - loss: 2.3024 - accuracy: 0.0920
1500/3000 [==============>...............] - ETA: 18s - loss: 2.3022 - accuracy: 0.0900
1750/3000 [================>.............] - ETA: 14s - loss: 2.3020 - accuracy: 0.0886
2000/3000 [===================>..........] - ETA: 11s - loss: 2.3014 - accuracy: 0.0900
2250/3000 [=====================>........] - ETA: 8s - loss: 2.3016 - accuracy: 0.0924 
2500/3000 [========================>.....] - ETA: 5s - loss: 2.3016 - accuracy: 0.0940
2750/3000 [==========================>...] - ETA: 2s - loss: 2.3019 - accuracy: 0.0931
3000/3000 [==============================] - 34s 11ms/step - loss: 2.3017 - accuracy: 0.0933 - val_loss: 2.3019 - val_accuracy: 0.1053
Epoch 2/5

 250/3000 [=>............................] - ETA: 27s - loss: 2.3004 - accuracy: 0.0800
 500/3000 [====>.........................] - ETA: 24s - loss: 2.2996 - accuracy: 0.1060
 750/3000 [======>.......................] - ETA: 22s - loss: 2.3007 - accuracy: 0.1000
1000/3000 [=========>....................] - ETA: 19s - loss: 2.3007 - accuracy: 0.0990
1250/3000 [===========>..................] - ETA: 17s - loss: 2.3005 - accuracy: 0.1008
1500/3000 [==============>...............] - ETA: 14s - loss: 2.3004 - accuracy: 0.1000
1750/3000 [================>.............] - ETA: 12s - loss: 2.3013 - accuracy: 0.0994
2000/3000 [===================>..........] - ETA: 9s - loss: 2.3009 - accuracy: 0.1030 
2250/3000 [=====================>........] - ETA: 7s - loss: 2.3010 - accuracy: 0.1040
2500/3000 [========================>.....] - ETA: 4s - loss: 2.3010 - accuracy: 0.1060
2750/3000 [==========================>...] - ETA: 2s - loss: 2.3011 - accuracy: 0.1065
3000/3000 [==============================] - 30s 10ms/step - loss: 2.3006 - accuracy: 0.1090 - val_loss: 2.3018 - val_accuracy: 0.0960
Epoch 3/5

 250/3000 [=>............................] - ETA: 26s - loss: 2.2984 - accuracy: 0.1320
 500/3000 [====>.........................] - ETA: 24s - loss: 2.2990 - accuracy: 0.1240
 750/3000 [======>.......................] - ETA: 22s - loss: 2.3003 - accuracy: 0.1147
1000/3000 [=========>....................] - ETA: 19s - loss: 2.2998 - accuracy: 0.1210
1250/3000 [===========>..................] - ETA: 17s - loss: 2.2999 - accuracy: 0.1224
1500/3000 [==============>...............] - ETA: 14s - loss: 2.2996 - accuracy: 0.1227
1750/3000 [================>.............] - ETA: 12s - loss: 2.2995 - accuracy: 0.1200
2000/3000 [===================>..........] - ETA: 9s - loss: 2.2993 - accuracy: 0.1215 
2250/3000 [=====================>........] - ETA: 7s - loss: 2.2993 - accuracy: 0.1200
2500/3000 [========================>.....] - ETA: 4s - loss: 2.2996 - accuracy: 0.1204
2750/3000 [==========================>...] - ETA: 2s - loss: 2.2992 - accuracy: 0.1225
3000/3000 [==============================] - 30s 10ms/step - loss: 2.2993 - accuracy: 0.1220 - val_loss: 2.3018 - val_accuracy: 0.0933
Epoch 4/5

 250/3000 [=>............................] - ETA: 26s - loss: 2.2945 - accuracy: 0.1040
 500/3000 [====>.........................] - ETA: 24s - loss: 2.2984 - accuracy: 0.1220
 750/3000 [======>.......................] - ETA: 22s - loss: 2.2993 - accuracy: 0.1160
1000/3000 [=========>....................] - ETA: 20s - loss: 2.3007 - accuracy: 0.1120
1250/3000 [===========>..................] - ETA: 17s - loss: 2.2997 - accuracy: 0.1136
1500/3000 [==============>...............] - ETA: 15s - loss: 2.2988 - accuracy: 0.1167
1750/3000 [================>.............] - ETA: 12s - loss: 2.2980 - accuracy: 0.1160
2000/3000 [===================>..........] - ETA: 10s - loss: 2.2977 - accuracy: 0.1175
2250/3000 [=====================>........] - ETA: 7s - loss: 2.2980 - accuracy: 0.1160 
2500/3000 [========================>.....] - ETA: 5s - loss: 2.2980 - accuracy: 0.1164
2750/3000 [==========================>...] - ETA: 2s - loss: 2.2978 - accuracy: 0.1193
3000/3000 [==============================] - 30s 10ms/step - loss: 2.2979 - accuracy: 0.1203 - val_loss: 2.3018 - val_accuracy: 0.0880
Epoch 5/5

 250/3000 [=>............................] - ETA: 26s - loss: 2.3011 - accuracy: 0.1360
 500/3000 [====>.........................] - ETA: 24s - loss: 2.2993 - accuracy: 0.1240
 750/3000 [======>.......................] - ETA: 22s - loss: 2.2976 - accuracy: 0.1267
1000/3000 [=========>....................] - ETA: 19s - loss: 2.2972 - accuracy: 0.1250
1250/3000 [===========>..................] - ETA: 17s - loss: 2.2976 - accuracy: 0.1320
1500/3000 [==============>...............] - ETA: 14s - loss: 2.2975 - accuracy: 0.1353
1750/3000 [================>.............] - ETA: 12s - loss: 2.2978 - accuracy: 0.1309
2000/3000 [===================>..........] - ETA: 9s - loss: 2.2970 - accuracy: 0.1280 
2250/3000 [=====================>........] - ETA: 7s - loss: 2.2966 - accuracy: 0.1276
2500/3000 [========================>.....] - ETA: 4s - loss: 2.2963 - accuracy: 0.1300
2750/3000 [==========================>...] - ETA: 2s - loss: 2.2966 - accuracy: 0.1276
3000/3000 [==============================] - 30s 10ms/step - loss: 2.2968 - accuracy: 0.1277 - val_loss: 2.3022 - val_accuracy: 0.0840
Latency --- 155.88417720794678 seconds ---
For delta=0.000200, the current epsilon is: 2.0066
=====================Iteration========================== 9
For delta=0.000200, the current epsilon is: 2.0066
Noise Mutiplier 1.76
in grads Tensor("loss_8/mul:0", shape=(?,), dtype=float32)
Train on 3000 samples, validate on 750 samples
Epoch 1/5

 250/3000 [=>............................] - ETA: 29s - loss: 2.3099 - accuracy: 0.1160
 500/3000 [====>.........................] - ETA: 26s - loss: 2.3124 - accuracy: 0.1160
 750/3000 [======>.......................] - ETA: 23s - loss: 2.3136 - accuracy: 0.1080
1000/3000 [=========>....................] - ETA: 20s - loss: 2.3099 - accuracy: 0.1100
1250/3000 [===========>..................] - ETA: 17s - loss: 2.3090 - accuracy: 0.1152
1500/3000 [==============>...............] - ETA: 15s - loss: 2.3088 - accuracy: 0.1133
1750/3000 [================>.............] - ETA: 12s - loss: 2.3087 - accuracy: 0.1137
2000/3000 [===================>..........] - ETA: 10s - loss: 2.3092 - accuracy: 0.1115
2250/3000 [=====================>........] - ETA: 7s - loss: 2.3100 - accuracy: 0.1120 
2500/3000 [========================>.....] - ETA: 5s - loss: 2.3094 - accuracy: 0.1148
2750/3000 [==========================>...] - ETA: 2s - loss: 2.3098 - accuracy: 0.1153
3000/3000 [==============================] - 31s 10ms/step - loss: 2.3106 - accuracy: 0.1127 - val_loss: 2.3061 - val_accuracy: 0.0920
Epoch 2/5

 250/3000 [=>............................] - ETA: 26s - loss: 2.3086 - accuracy: 0.1360
 500/3000 [====>.........................] - ETA: 24s - loss: 2.3054 - accuracy: 0.1360
 750/3000 [======>.......................] - ETA: 22s - loss: 2.3079 - accuracy: 0.1227
1000/3000 [=========>....................] - ETA: 20s - loss: 2.3066 - accuracy: 0.1190
1250/3000 [===========>..................] - ETA: 17s - loss: 2.3070 - accuracy: 0.1168
1500/3000 [==============>...............] - ETA: 15s - loss: 2.3068 - accuracy: 0.1187
1750/3000 [================>.............] - ETA: 12s - loss: 2.3078 - accuracy: 0.1143
2000/3000 [===================>..........] - ETA: 10s - loss: 2.3078 - accuracy: 0.1150
2250/3000 [=====================>........] - ETA: 7s - loss: 2.3074 - accuracy: 0.1178 
2500/3000 [========================>.....] - ETA: 5s - loss: 2.3069 - accuracy: 0.1228
2750/3000 [==========================>...] - ETA: 2s - loss: 2.3066 - accuracy: 0.1211
3000/3000 [==============================] - 31s 10ms/step - loss: 2.3067 - accuracy: 0.1193 - val_loss: 2.3051 - val_accuracy: 0.0840
Epoch 3/5

 250/3000 [=>............................] - ETA: 28s - loss: 2.3076 - accuracy: 0.0960
 500/3000 [====>.........................] - ETA: 25s - loss: 2.3064 - accuracy: 0.1080
 750/3000 [======>.......................] - ETA: 22s - loss: 2.3046 - accuracy: 0.1187
1000/3000 [=========>....................] - ETA: 20s - loss: 2.3038 - accuracy: 0.1160
1250/3000 [===========>..................] - ETA: 17s - loss: 2.3033 - accuracy: 0.1176
1500/3000 [==============>...............] - ETA: 15s - loss: 2.3029 - accuracy: 0.1273
1750/3000 [================>.............] - ETA: 12s - loss: 2.3035 - accuracy: 0.1257
2000/3000 [===================>..........] - ETA: 10s - loss: 2.3038 - accuracy: 0.1255
2250/3000 [=====================>........] - ETA: 7s - loss: 2.3042 - accuracy: 0.1227 
2500/3000 [========================>.....] - ETA: 5s - loss: 2.3042 - accuracy: 0.1240
2750/3000 [==========================>...] - ETA: 2s - loss: 2.3041 - accuracy: 0.1244
3000/3000 [==============================] - 31s 10ms/step - loss: 2.3045 - accuracy: 0.1240 - val_loss: 2.3048 - val_accuracy: 0.0840
Epoch 4/5

 250/3000 [=>............................] - ETA: 27s - loss: 2.3033 - accuracy: 0.1240
 500/3000 [====>.........................] - ETA: 24s - loss: 2.3006 - accuracy: 0.1300
 750/3000 [======>.......................] - ETA: 22s - loss: 2.3010 - accuracy: 0.1333
1000/3000 [=========>....................] - ETA: 19s - loss: 2.3018 - accuracy: 0.1430
1250/3000 [===========>..................] - ETA: 17s - loss: 2.3021 - accuracy: 0.1376
1500/3000 [==============>...............] - ETA: 15s - loss: 2.3022 - accuracy: 0.1373
1750/3000 [================>.............] - ETA: 12s - loss: 2.3025 - accuracy: 0.1343
2000/3000 [===================>..........] - ETA: 10s - loss: 2.3032 - accuracy: 0.1310
2250/3000 [=====================>........] - ETA: 7s - loss: 2.3026 - accuracy: 0.1293 
2500/3000 [========================>.....] - ETA: 5s - loss: 2.3030 - accuracy: 0.1248
2750/3000 [==========================>...] - ETA: 2s - loss: 2.3026 - accuracy: 0.1269
3000/3000 [==============================] - 30s 10ms/step - loss: 2.3025 - accuracy: 0.1253 - val_loss: 2.3049 - val_accuracy: 0.0853
Epoch 5/5

 250/3000 [=>............................] - ETA: 27s - loss: 2.3002 - accuracy: 0.0880
 500/3000 [====>.........................] - ETA: 25s - loss: 2.2980 - accuracy: 0.1160
 750/3000 [======>.......................] - ETA: 22s - loss: 2.2990 - accuracy: 0.1173
1000/3000 [=========>....................] - ETA: 20s - loss: 2.3004 - accuracy: 0.1180
1250/3000 [===========>..................] - ETA: 17s - loss: 2.3008 - accuracy: 0.1176
1500/3000 [==============>...............] - ETA: 15s - loss: 2.3004 - accuracy: 0.1200
1750/3000 [================>.............] - ETA: 12s - loss: 2.3005 - accuracy: 0.1206
2000/3000 [===================>..........] - ETA: 10s - loss: 2.3004 - accuracy: 0.1215
2250/3000 [=====================>........] - ETA: 7s - loss: 2.3006 - accuracy: 0.1196 
2500/3000 [========================>.....] - ETA: 5s - loss: 2.3004 - accuracy: 0.1164
2750/3000 [==========================>...] - ETA: 2s - loss: 2.3008 - accuracy: 0.1127
3000/3000 [==============================] - 30s 10ms/step - loss: 2.3008 - accuracy: 0.1150 - val_loss: 2.3052 - val_accuracy: 0.0907
Latency --- 153.84470510482788 seconds ---
For delta=0.000200, the current epsilon is: 2.0066
=====================Iteration========================== 10
For delta=0.000200, the current epsilon is: 2.0066
Noise Mutiplier 1.76
in grads Tensor("loss_9/mul:0", shape=(?,), dtype=float32)
Train on 3000 samples, validate on 750 samples
Epoch 1/5

 250/3000 [=>............................] - ETA: 29s - loss: 2.3002 - accuracy: 0.1000
 500/3000 [====>.........................] - ETA: 26s - loss: 2.3013 - accuracy: 0.0980
 750/3000 [======>.......................] - ETA: 22s - loss: 2.3015 - accuracy: 0.1040
1000/3000 [=========>....................] - ETA: 20s - loss: 2.3011 - accuracy: 0.1080
1250/3000 [===========>..................] - ETA: 17s - loss: 2.3011 - accuracy: 0.1072
1500/3000 [==============>...............] - ETA: 15s - loss: 2.3004 - accuracy: 0.1073
1750/3000 [================>.............] - ETA: 12s - loss: 2.3008 - accuracy: 0.1074
2000/3000 [===================>..........] - ETA: 10s - loss: 2.3001 - accuracy: 0.1085
2250/3000 [=====================>........] - ETA: 7s - loss: 2.3011 - accuracy: 0.1036 
2500/3000 [========================>.....] - ETA: 5s - loss: 2.3013 - accuracy: 0.1036
2750/3000 [==========================>...] - ETA: 2s - loss: 2.3018 - accuracy: 0.1040
3000/3000 [==============================] - 31s 10ms/step - loss: 2.3020 - accuracy: 0.1030 - val_loss: 2.3048 - val_accuracy: 0.1027
Epoch 2/5

 250/3000 [=>............................] - ETA: 27s - loss: 2.2968 - accuracy: 0.1080
 500/3000 [====>.........................] - ETA: 24s - loss: 2.2992 - accuracy: 0.1060
 750/3000 [======>.......................] - ETA: 22s - loss: 2.2987 - accuracy: 0.1013
1000/3000 [=========>....................] - ETA: 19s - loss: 2.3002 - accuracy: 0.0930
1250/3000 [===========>..................] - ETA: 17s - loss: 2.2994 - accuracy: 0.0968
1500/3000 [==============>...............] - ETA: 14s - loss: 2.2994 - accuracy: 0.0993
1750/3000 [================>.............] - ETA: 12s - loss: 2.2993 - accuracy: 0.1006
2000/3000 [===================>..........] - ETA: 9s - loss: 2.2990 - accuracy: 0.1025 
2250/3000 [=====================>........] - ETA: 7s - loss: 2.2994 - accuracy: 0.1018
2500/3000 [========================>.....] - ETA: 4s - loss: 2.2992 - accuracy: 0.1020
2750/3000 [==========================>...] - ETA: 2s - loss: 2.2988 - accuracy: 0.1036
3000/3000 [==============================] - 30s 10ms/step - loss: 2.2987 - accuracy: 0.1037 - val_loss: 2.3046 - val_accuracy: 0.1013
Epoch 3/5

 250/3000 [=>............................] - ETA: 27s - loss: 2.3022 - accuracy: 0.0960
 500/3000 [====>.........................] - ETA: 25s - loss: 2.2996 - accuracy: 0.1100
 750/3000 [======>.......................] - ETA: 22s - loss: 2.3003 - accuracy: 0.1080
1000/3000 [=========>....................] - ETA: 19s - loss: 2.2995 - accuracy: 0.1060
1250/3000 [===========>..................] - ETA: 17s - loss: 2.2999 - accuracy: 0.1040
1500/3000 [==============>...............] - ETA: 14s - loss: 2.2985 - accuracy: 0.1073
1750/3000 [================>.............] - ETA: 12s - loss: 2.2984 - accuracy: 0.1046
2000/3000 [===================>..........] - ETA: 10s - loss: 2.2977 - accuracy: 0.1010
2250/3000 [=====================>........] - ETA: 7s - loss: 2.2977 - accuracy: 0.1004 
2500/3000 [========================>.....] - ETA: 5s - loss: 2.2970 - accuracy: 0.1036
2750/3000 [==========================>...] - ETA: 2s - loss: 2.2963 - accuracy: 0.1040
3000/3000 [==============================] - 30s 10ms/step - loss: 2.2962 - accuracy: 0.1037 - val_loss: 2.3044 - val_accuracy: 0.1067
Epoch 4/5

 250/3000 [=>............................] - ETA: 28s - loss: 2.2937 - accuracy: 0.1040
 500/3000 [====>.........................] - ETA: 25s - loss: 2.2953 - accuracy: 0.0980
 750/3000 [======>.......................] - ETA: 22s - loss: 2.2959 - accuracy: 0.1000
1000/3000 [=========>....................] - ETA: 20s - loss: 2.2970 - accuracy: 0.0940
1250/3000 [===========>..................] - ETA: 17s - loss: 2.2947 - accuracy: 0.1088
1500/3000 [==============>...............] - ETA: 14s - loss: 2.2955 - accuracy: 0.1087
1750/3000 [================>.............] - ETA: 12s - loss: 2.2956 - accuracy: 0.1086
2000/3000 [===================>..........] - ETA: 10s - loss: 2.2954 - accuracy: 0.1065
2250/3000 [=====================>........] - ETA: 7s - loss: 2.2955 - accuracy: 0.1062 
2500/3000 [========================>.....] - ETA: 5s - loss: 2.2954 - accuracy: 0.1044
2750/3000 [==========================>...] - ETA: 2s - loss: 2.2946 - accuracy: 0.1047
3000/3000 [==============================] - 30s 10ms/step - loss: 2.2942 - accuracy: 0.1053 - val_loss: 2.3050 - val_accuracy: 0.1067
Epoch 5/5

 250/3000 [=>............................] - ETA: 26s - loss: 2.2840 - accuracy: 0.1240
 500/3000 [====>.........................] - ETA: 24s - loss: 2.2917 - accuracy: 0.1000
 750/3000 [======>.......................] - ETA: 22s - loss: 2.2940 - accuracy: 0.1000
1000/3000 [=========>....................] - ETA: 19s - loss: 2.2933 - accuracy: 0.1010
1250/3000 [===========>..................] - ETA: 17s - loss: 2.2950 - accuracy: 0.0952
1500/3000 [==============>...............] - ETA: 14s - loss: 2.2956 - accuracy: 0.0913
1750/3000 [================>.............] - ETA: 12s - loss: 2.2948 - accuracy: 0.0954
2000/3000 [===================>..........] - ETA: 10s - loss: 2.2946 - accuracy: 0.0955
2250/3000 [=====================>........] - ETA: 7s - loss: 2.2935 - accuracy: 0.0969 
2500/3000 [========================>.....] - ETA: 5s - loss: 2.2930 - accuracy: 0.0988
2750/3000 [==========================>...] - ETA: 2s - loss: 2.2922 - accuracy: 0.1018
3000/3000 [==============================] - 30s 10ms/step - loss: 2.2917 - accuracy: 0.1050 - val_loss: 2.3058 - val_accuracy: 0.1027
Latency --- 152.84013438224792 seconds ---
For delta=0.000200, the current epsilon is: 2.0066
