We are using Tensorflow version 1.15.2
Keras API version: 2.3.1
=====================Iteration========================== 1
For delta=0.000200, the current epsilon is: 6.0062
Noise Mutiplier 0.914
in grads Tensor("loss/mul:0", shape=(?,), dtype=float32)
Train on 3000 samples, validate on 750 samples
Epoch 1/5

 250/3000 [=>............................] - ETA: 30s - loss: 2.3062 - accuracy: 0.1320
 500/3000 [====>.........................] - ETA: 26s - loss: 2.3081 - accuracy: 0.1000
 750/3000 [======>.......................] - ETA: 23s - loss: 2.3072 - accuracy: 0.0987
1000/3000 [=========>....................] - ETA: 20s - loss: 2.3088 - accuracy: 0.1050
1250/3000 [===========>..................] - ETA: 17s - loss: 2.3081 - accuracy: 0.0984
1500/3000 [==============>...............] - ETA: 15s - loss: 2.3083 - accuracy: 0.1007
1750/3000 [================>.............] - ETA: 12s - loss: 2.3072 - accuracy: 0.0971
2000/3000 [===================>..........] - ETA: 10s - loss: 2.3080 - accuracy: 0.0950
2250/3000 [=====================>........] - ETA: 7s - loss: 2.3076 - accuracy: 0.1013 
2500/3000 [========================>.....] - ETA: 5s - loss: 2.3070 - accuracy: 0.1024
2750/3000 [==========================>...] - ETA: 2s - loss: 2.3064 - accuracy: 0.1015
3000/3000 [==============================] - 31s 10ms/step - loss: 2.3058 - accuracy: 0.1013 - val_loss: 2.3041 - val_accuracy: 0.0973
Epoch 2/5

 250/3000 [=>............................] - ETA: 27s - loss: 2.2985 - accuracy: 0.1360
 500/3000 [====>.........................] - ETA: 24s - loss: 2.2973 - accuracy: 0.1280
 750/3000 [======>.......................] - ETA: 22s - loss: 2.2987 - accuracy: 0.1267
1000/3000 [=========>....................] - ETA: 19s - loss: 2.2998 - accuracy: 0.1280
1250/3000 [===========>..................] - ETA: 17s - loss: 2.2999 - accuracy: 0.1232
1500/3000 [==============>...............] - ETA: 14s - loss: 2.2989 - accuracy: 0.1173
1750/3000 [================>.............] - ETA: 12s - loss: 2.2984 - accuracy: 0.1171
2000/3000 [===================>..........] - ETA: 9s - loss: 2.2982 - accuracy: 0.1170 
2250/3000 [=====================>........] - ETA: 7s - loss: 2.2981 - accuracy: 0.1160
2500/3000 [========================>.....] - ETA: 4s - loss: 2.2984 - accuracy: 0.1148
2750/3000 [==========================>...] - ETA: 2s - loss: 2.2981 - accuracy: 0.1138
3000/3000 [==============================] - 30s 10ms/step - loss: 2.2985 - accuracy: 0.1113 - val_loss: 2.3071 - val_accuracy: 0.0960
Epoch 3/5

 250/3000 [=>............................] - ETA: 28s - loss: 2.2965 - accuracy: 0.1160
 500/3000 [====>.........................] - ETA: 25s - loss: 2.2927 - accuracy: 0.1160
 750/3000 [======>.......................] - ETA: 22s - loss: 2.2928 - accuracy: 0.1133
1000/3000 [=========>....................] - ETA: 20s - loss: 2.2930 - accuracy: 0.1110
1250/3000 [===========>..................] - ETA: 17s - loss: 2.2925 - accuracy: 0.1160
1500/3000 [==============>...............] - ETA: 15s - loss: 2.2935 - accuracy: 0.1133
1750/3000 [================>.............] - ETA: 12s - loss: 2.2933 - accuracy: 0.1131
2000/3000 [===================>..........] - ETA: 10s - loss: 2.2935 - accuracy: 0.1115
2250/3000 [=====================>........] - ETA: 7s - loss: 2.2933 - accuracy: 0.1138 
2500/3000 [========================>.....] - ETA: 5s - loss: 2.2940 - accuracy: 0.1112
2750/3000 [==========================>...] - ETA: 2s - loss: 2.2938 - accuracy: 0.1124
3000/3000 [==============================] - 31s 10ms/step - loss: 2.2941 - accuracy: 0.1090 - val_loss: 2.3069 - val_accuracy: 0.1000
Epoch 4/5

 250/3000 [=>............................] - ETA: 29s - loss: 2.2931 - accuracy: 0.1120
 500/3000 [====>.........................] - ETA: 26s - loss: 2.2923 - accuracy: 0.1240
 750/3000 [======>.......................] - ETA: 24s - loss: 2.2919 - accuracy: 0.1187
1000/3000 [=========>....................] - ETA: 21s - loss: 2.2919 - accuracy: 0.1130
1250/3000 [===========>..................] - ETA: 18s - loss: 2.2933 - accuracy: 0.1072
1500/3000 [==============>...............] - ETA: 16s - loss: 2.2929 - accuracy: 0.1087
1750/3000 [================>.............] - ETA: 13s - loss: 2.2920 - accuracy: 0.1091
2000/3000 [===================>..........] - ETA: 10s - loss: 2.2912 - accuracy: 0.1100
2250/3000 [=====================>........] - ETA: 7s - loss: 2.2911 - accuracy: 0.1107 
2500/3000 [========================>.....] - ETA: 5s - loss: 2.2913 - accuracy: 0.1104
2750/3000 [==========================>...] - ETA: 2s - loss: 2.2908 - accuracy: 0.1109
3000/3000 [==============================] - 32s 11ms/step - loss: 2.2901 - accuracy: 0.1123 - val_loss: 2.3071 - val_accuracy: 0.1000
Epoch 5/5

 250/3000 [=>............................] - ETA: 29s - loss: 2.2882 - accuracy: 0.0920
 500/3000 [====>.........................] - ETA: 26s - loss: 2.2920 - accuracy: 0.0880
 750/3000 [======>.......................] - ETA: 23s - loss: 2.2903 - accuracy: 0.0987
1000/3000 [=========>....................] - ETA: 20s - loss: 2.2896 - accuracy: 0.1050
1250/3000 [===========>..................] - ETA: 18s - loss: 2.2890 - accuracy: 0.1032
1500/3000 [==============>...............] - ETA: 15s - loss: 2.2887 - accuracy: 0.1093
1750/3000 [================>.............] - ETA: 13s - loss: 2.2885 - accuracy: 0.1103
2000/3000 [===================>..........] - ETA: 10s - loss: 2.2885 - accuracy: 0.1095
2250/3000 [=====================>........] - ETA: 7s - loss: 2.2877 - accuracy: 0.1107 
2500/3000 [========================>.....] - ETA: 5s - loss: 2.2870 - accuracy: 0.1148
2750/3000 [==========================>...] - ETA: 2s - loss: 2.2872 - accuracy: 0.1175
3000/3000 [==============================] - 31s 10ms/step - loss: 2.2864 - accuracy: 0.1200 - val_loss: 2.3076 - val_accuracy: 0.0973
Latency --- 155.09098386764526 seconds ---
For delta=0.000200, the current epsilon is: 6.0062
Saving model with new accuracy, previous accuracy was 0 and present is 0.11999999731779099
Saved model to disk
=====================Iteration========================== 2
For delta=0.000200, the current epsilon is: 6.0062
Noise Mutiplier 0.914
in grads Tensor("loss_1/mul:0", shape=(?,), dtype=float32)
Train on 3000 samples, validate on 750 samples
Epoch 1/5

 250/3000 [=>............................] - ETA: 28s - loss: 2.3032 - accuracy: 0.1160
 500/3000 [====>.........................] - ETA: 25s - loss: 2.3048 - accuracy: 0.0900
 750/3000 [======>.......................] - ETA: 22s - loss: 2.3064 - accuracy: 0.0853
1000/3000 [=========>....................] - ETA: 20s - loss: 2.3042 - accuracy: 0.0930
1250/3000 [===========>..................] - ETA: 17s - loss: 2.3046 - accuracy: 0.0960
1500/3000 [==============>...............] - ETA: 15s - loss: 2.3047 - accuracy: 0.0953
1750/3000 [================>.............] - ETA: 12s - loss: 2.3041 - accuracy: 0.0966
2000/3000 [===================>..........] - ETA: 10s - loss: 2.3041 - accuracy: 0.0985
2250/3000 [=====================>........] - ETA: 7s - loss: 2.3039 - accuracy: 0.0991 
2500/3000 [========================>.....] - ETA: 5s - loss: 2.3033 - accuracy: 0.0996
2750/3000 [==========================>...] - ETA: 2s - loss: 2.3032 - accuracy: 0.0996
3000/3000 [==============================] - 31s 10ms/step - loss: 2.3030 - accuracy: 0.0977 - val_loss: 2.3029 - val_accuracy: 0.0960
Epoch 2/5

 250/3000 [=>............................] - ETA: 27s - loss: 2.2978 - accuracy: 0.1280
 500/3000 [====>.........................] - ETA: 24s - loss: 2.2988 - accuracy: 0.1140
 750/3000 [======>.......................] - ETA: 22s - loss: 2.3002 - accuracy: 0.1093
1000/3000 [=========>....................] - ETA: 20s - loss: 2.3001 - accuracy: 0.1100
1250/3000 [===========>..................] - ETA: 17s - loss: 2.2999 - accuracy: 0.1088
1500/3000 [==============>...............] - ETA: 15s - loss: 2.3009 - accuracy: 0.1047
1750/3000 [================>.............] - ETA: 12s - loss: 2.3003 - accuracy: 0.1040
2000/3000 [===================>..........] - ETA: 10s - loss: 2.3006 - accuracy: 0.1045
2250/3000 [=====================>........] - ETA: 7s - loss: 2.3005 - accuracy: 0.1018 
2500/3000 [========================>.....] - ETA: 5s - loss: 2.2999 - accuracy: 0.1012
2750/3000 [==========================>...] - ETA: 2s - loss: 2.2996 - accuracy: 0.1007
3000/3000 [==============================] - 30s 10ms/step - loss: 2.2993 - accuracy: 0.1010 - val_loss: 2.3032 - val_accuracy: 0.1000
Epoch 3/5

 250/3000 [=>............................] - ETA: 28s - loss: 2.2978 - accuracy: 0.1120
 500/3000 [====>.........................] - ETA: 25s - loss: 2.2985 - accuracy: 0.1000
 750/3000 [======>.......................] - ETA: 23s - loss: 2.2958 - accuracy: 0.1120
1000/3000 [=========>....................] - ETA: 20s - loss: 2.2957 - accuracy: 0.1080
1250/3000 [===========>..................] - ETA: 17s - loss: 2.2958 - accuracy: 0.1064
1500/3000 [==============>...............] - ETA: 15s - loss: 2.2962 - accuracy: 0.1040
1750/3000 [================>.............] - ETA: 12s - loss: 2.2964 - accuracy: 0.1006
2000/3000 [===================>..........] - ETA: 10s - loss: 2.2968 - accuracy: 0.1015
2250/3000 [=====================>........] - ETA: 7s - loss: 2.2976 - accuracy: 0.1036 
2500/3000 [========================>.....] - ETA: 5s - loss: 2.2971 - accuracy: 0.1048
2750/3000 [==========================>...] - ETA: 2s - loss: 2.2966 - accuracy: 0.1084
3000/3000 [==============================] - 30s 10ms/step - loss: 2.2965 - accuracy: 0.1080 - val_loss: 2.3031 - val_accuracy: 0.0920
Epoch 4/5

 250/3000 [=>............................] - ETA: 28s - loss: 2.2924 - accuracy: 0.1200
 500/3000 [====>.........................] - ETA: 25s - loss: 2.2914 - accuracy: 0.1340
 750/3000 [======>.......................] - ETA: 22s - loss: 2.2941 - accuracy: 0.1240
1000/3000 [=========>....................] - ETA: 20s - loss: 2.2948 - accuracy: 0.1170
1250/3000 [===========>..................] - ETA: 17s - loss: 2.2957 - accuracy: 0.1120
1500/3000 [==============>...............] - ETA: 15s - loss: 2.2952 - accuracy: 0.1207
1750/3000 [================>.............] - ETA: 12s - loss: 2.2949 - accuracy: 0.1246
2000/3000 [===================>..........] - ETA: 10s - loss: 2.2943 - accuracy: 0.1265
2250/3000 [=====================>........] - ETA: 7s - loss: 2.2944 - accuracy: 0.1271 
2500/3000 [========================>.....] - ETA: 5s - loss: 2.2943 - accuracy: 0.1280
2750/3000 [==========================>...] - ETA: 2s - loss: 2.2938 - accuracy: 0.1320
3000/3000 [==============================] - 30s 10ms/step - loss: 2.2937 - accuracy: 0.1317 - val_loss: 2.3037 - val_accuracy: 0.0907
Epoch 5/5

 250/3000 [=>............................] - ETA: 27s - loss: 2.2919 - accuracy: 0.1320
 500/3000 [====>.........................] - ETA: 25s - loss: 2.2915 - accuracy: 0.1420
 750/3000 [======>.......................] - ETA: 22s - loss: 2.2921 - accuracy: 0.1413
1000/3000 [=========>....................] - ETA: 20s - loss: 2.2922 - accuracy: 0.1390
1250/3000 [===========>..................] - ETA: 17s - loss: 2.2920 - accuracy: 0.1336
1500/3000 [==============>...............] - ETA: 15s - loss: 2.2921 - accuracy: 0.1353
1750/3000 [================>.............] - ETA: 12s - loss: 2.2923 - accuracy: 0.1337
2000/3000 [===================>..........] - ETA: 10s - loss: 2.2916 - accuracy: 0.1345
2250/3000 [=====================>........] - ETA: 7s - loss: 2.2907 - accuracy: 0.1387 
2500/3000 [========================>.....] - ETA: 5s - loss: 2.2908 - accuracy: 0.1436
2750/3000 [==========================>...] - ETA: 2s - loss: 2.2908 - accuracy: 0.1455
3000/3000 [==============================] - 30s 10ms/step - loss: 2.2906 - accuracy: 0.1477 - val_loss: 2.3036 - val_accuracy: 0.0840
Latency --- 152.82051849365234 seconds ---
For delta=0.000200, the current epsilon is: 6.0062
Saving model with new accuracy, previous accuracy was 0.11999999731779099 and present is 0.14766666293144226
Saved model to disk
=====================Iteration========================== 3
For delta=0.000200, the current epsilon is: 6.0062
Noise Mutiplier 0.914
in grads Tensor("loss_2/mul:0", shape=(?,), dtype=float32)
Train on 3000 samples, validate on 750 samples
Epoch 1/5

 250/3000 [=>............................] - ETA: 28s - loss: 2.3030 - accuracy: 0.1040
 500/3000 [====>.........................] - ETA: 25s - loss: 2.3046 - accuracy: 0.1160
 750/3000 [======>.......................] - ETA: 22s - loss: 2.3039 - accuracy: 0.1187
1000/3000 [=========>....................] - ETA: 20s - loss: 2.3043 - accuracy: 0.1150
1250/3000 [===========>..................] - ETA: 17s - loss: 2.3050 - accuracy: 0.1136
1500/3000 [==============>...............] - ETA: 15s - loss: 2.3046 - accuracy: 0.1127
1750/3000 [================>.............] - ETA: 12s - loss: 2.3056 - accuracy: 0.1126
2000/3000 [===================>..........] - ETA: 10s - loss: 2.3052 - accuracy: 0.1140
2250/3000 [=====================>........] - ETA: 7s - loss: 2.3052 - accuracy: 0.1200 
2500/3000 [========================>.....] - ETA: 5s - loss: 2.3046 - accuracy: 0.1224
2750/3000 [==========================>...] - ETA: 2s - loss: 2.3045 - accuracy: 0.1211
3000/3000 [==============================] - 31s 10ms/step - loss: 2.3041 - accuracy: 0.1220 - val_loss: 2.3063 - val_accuracy: 0.1040
Epoch 2/5

 250/3000 [=>............................] - ETA: 28s - loss: 2.2969 - accuracy: 0.1520
 500/3000 [====>.........................] - ETA: 25s - loss: 2.2977 - accuracy: 0.1560
 750/3000 [======>.......................] - ETA: 22s - loss: 2.2965 - accuracy: 0.1560
1000/3000 [=========>....................] - ETA: 20s - loss: 2.3000 - accuracy: 0.1470
1250/3000 [===========>..................] - ETA: 17s - loss: 2.3005 - accuracy: 0.1432
1500/3000 [==============>...............] - ETA: 15s - loss: 2.2999 - accuracy: 0.1433
1750/3000 [================>.............] - ETA: 12s - loss: 2.3011 - accuracy: 0.1389
2000/3000 [===================>..........] - ETA: 10s - loss: 2.3004 - accuracy: 0.1415
2250/3000 [=====================>........] - ETA: 7s - loss: 2.3010 - accuracy: 0.1351 
2500/3000 [========================>.....] - ETA: 5s - loss: 2.3010 - accuracy: 0.1356
2750/3000 [==========================>...] - ETA: 2s - loss: 2.3006 - accuracy: 0.1371
3000/3000 [==============================] - 30s 10ms/step - loss: 2.3004 - accuracy: 0.1370 - val_loss: 2.3057 - val_accuracy: 0.0933
Epoch 3/5

 250/3000 [=>............................] - ETA: 28s - loss: 2.2982 - accuracy: 0.1480
 500/3000 [====>.........................] - ETA: 25s - loss: 2.3005 - accuracy: 0.1360
 750/3000 [======>.......................] - ETA: 22s - loss: 2.3014 - accuracy: 0.1333
1000/3000 [=========>....................] - ETA: 20s - loss: 2.2986 - accuracy: 0.1430
1250/3000 [===========>..................] - ETA: 17s - loss: 2.2979 - accuracy: 0.1408
1500/3000 [==============>...............] - ETA: 15s - loss: 2.2977 - accuracy: 0.1427
1750/3000 [================>.............] - ETA: 12s - loss: 2.2977 - accuracy: 0.1469
2000/3000 [===================>..........] - ETA: 10s - loss: 2.2980 - accuracy: 0.1450
2250/3000 [=====================>........] - ETA: 7s - loss: 2.2976 - accuracy: 0.1427 
2500/3000 [========================>.....] - ETA: 5s - loss: 2.2973 - accuracy: 0.1416
2750/3000 [==========================>...] - ETA: 2s - loss: 2.2970 - accuracy: 0.1422
3000/3000 [==============================] - 30s 10ms/step - loss: 2.2968 - accuracy: 0.1403 - val_loss: 2.3051 - val_accuracy: 0.1067
Epoch 4/5

 250/3000 [=>............................] - ETA: 27s - loss: 2.2971 - accuracy: 0.1360
 500/3000 [====>.........................] - ETA: 25s - loss: 2.2952 - accuracy: 0.1380
 750/3000 [======>.......................] - ETA: 22s - loss: 2.2953 - accuracy: 0.1427
1000/3000 [=========>....................] - ETA: 20s - loss: 2.2961 - accuracy: 0.1470
1250/3000 [===========>..................] - ETA: 17s - loss: 2.2956 - accuracy: 0.1504
1500/3000 [==============>...............] - ETA: 15s - loss: 2.2943 - accuracy: 0.1520
1750/3000 [================>.............] - ETA: 12s - loss: 2.2938 - accuracy: 0.1497
2000/3000 [===================>..........] - ETA: 10s - loss: 2.2937 - accuracy: 0.1470
2250/3000 [=====================>........] - ETA: 7s - loss: 2.2942 - accuracy: 0.1458 
2500/3000 [========================>.....] - ETA: 5s - loss: 2.2938 - accuracy: 0.1436
2750/3000 [==========================>...] - ETA: 2s - loss: 2.2931 - accuracy: 0.1433
3000/3000 [==============================] - 30s 10ms/step - loss: 2.2935 - accuracy: 0.1407 - val_loss: 2.3055 - val_accuracy: 0.1013
Epoch 5/5

 250/3000 [=>............................] - ETA: 28s - loss: 2.2898 - accuracy: 0.1280
 500/3000 [====>.........................] - ETA: 25s - loss: 2.2881 - accuracy: 0.1560
 750/3000 [======>.......................] - ETA: 23s - loss: 2.2892 - accuracy: 0.1440
1000/3000 [=========>....................] - ETA: 20s - loss: 2.2902 - accuracy: 0.1450
1250/3000 [===========>..................] - ETA: 17s - loss: 2.2908 - accuracy: 0.1384
1500/3000 [==============>...............] - ETA: 15s - loss: 2.2909 - accuracy: 0.1353
1750/3000 [================>.............] - ETA: 12s - loss: 2.2916 - accuracy: 0.1343
2000/3000 [===================>..........] - ETA: 10s - loss: 2.2912 - accuracy: 0.1355
2250/3000 [=====================>........] - ETA: 7s - loss: 2.2909 - accuracy: 0.1342 
2500/3000 [========================>.....] - ETA: 5s - loss: 2.2901 - accuracy: 0.1348
2750/3000 [==========================>...] - ETA: 2s - loss: 2.2904 - accuracy: 0.1349
3000/3000 [==============================] - 31s 10ms/step - loss: 2.2900 - accuracy: 0.1353 - val_loss: 2.3056 - val_accuracy: 0.1040
Latency --- 152.64260935783386 seconds ---
For delta=0.000200, the current epsilon is: 6.0062
=====================Iteration========================== 4
For delta=0.000200, the current epsilon is: 6.0062
Noise Mutiplier 0.914
in grads Tensor("loss_3/mul:0", shape=(?,), dtype=float32)
Train on 3000 samples, validate on 750 samples
Epoch 1/5

 250/3000 [=>............................] - ETA: 27s - loss: 2.3053 - accuracy: 0.1120
 500/3000 [====>.........................] - ETA: 25s - loss: 2.3128 - accuracy: 0.0880
 750/3000 [======>.......................] - ETA: 22s - loss: 2.3080 - accuracy: 0.0960
1000/3000 [=========>....................] - ETA: 20s - loss: 2.3112 - accuracy: 0.0910
1250/3000 [===========>..................] - ETA: 17s - loss: 2.3089 - accuracy: 0.0984
1500/3000 [==============>...............] - ETA: 15s - loss: 2.3080 - accuracy: 0.1007
1750/3000 [================>.............] - ETA: 12s - loss: 2.3079 - accuracy: 0.0983
2000/3000 [===================>..........] - ETA: 9s - loss: 2.3083 - accuracy: 0.0965 
2250/3000 [=====================>........] - ETA: 7s - loss: 2.3078 - accuracy: 0.0960
2500/3000 [========================>.....] - ETA: 4s - loss: 2.3075 - accuracy: 0.0972
2750/3000 [==========================>...] - ETA: 2s - loss: 2.3071 - accuracy: 0.0964
3000/3000 [==============================] - 30s 10ms/step - loss: 2.3073 - accuracy: 0.0943 - val_loss: 2.3037 - val_accuracy: 0.1000
Epoch 2/5

 250/3000 [=>............................] - ETA: 27s - loss: 2.3047 - accuracy: 0.1280
 500/3000 [====>.........................] - ETA: 24s - loss: 2.3084 - accuracy: 0.1060
 750/3000 [======>.......................] - ETA: 22s - loss: 2.3039 - accuracy: 0.1133
1000/3000 [=========>....................] - ETA: 19s - loss: 2.3038 - accuracy: 0.1120
1250/3000 [===========>..................] - ETA: 17s - loss: 2.3018 - accuracy: 0.1184
1500/3000 [==============>...............] - ETA: 14s - loss: 2.3012 - accuracy: 0.1193
1750/3000 [================>.............] - ETA: 12s - loss: 2.3008 - accuracy: 0.1269
2000/3000 [===================>..........] - ETA: 9s - loss: 2.3008 - accuracy: 0.1220 
2250/3000 [=====================>........] - ETA: 7s - loss: 2.3007 - accuracy: 0.1231
2500/3000 [========================>.....] - ETA: 4s - loss: 2.3008 - accuracy: 0.1236
2750/3000 [==========================>...] - ETA: 2s - loss: 2.3008 - accuracy: 0.1236
3000/3000 [==============================] - 30s 10ms/step - loss: 2.3009 - accuracy: 0.1240 - val_loss: 2.3032 - val_accuracy: 0.1120
Epoch 3/5

 250/3000 [=>............................] - ETA: 27s - loss: 2.2956 - accuracy: 0.1240
 500/3000 [====>.........................] - ETA: 24s - loss: 2.2995 - accuracy: 0.1240
 750/3000 [======>.......................] - ETA: 22s - loss: 2.2995 - accuracy: 0.1227
1000/3000 [=========>....................] - ETA: 19s - loss: 2.2996 - accuracy: 0.1280
1250/3000 [===========>..................] - ETA: 17s - loss: 2.2990 - accuracy: 0.1312
1500/3000 [==============>...............] - ETA: 14s - loss: 2.2993 - accuracy: 0.1300
1750/3000 [================>.............] - ETA: 12s - loss: 2.2978 - accuracy: 0.1320
2000/3000 [===================>..........] - ETA: 9s - loss: 2.2983 - accuracy: 0.1285 
2250/3000 [=====================>........] - ETA: 7s - loss: 2.2979 - accuracy: 0.1280
2500/3000 [========================>.....] - ETA: 4s - loss: 2.2973 - accuracy: 0.1292
2750/3000 [==========================>...] - ETA: 2s - loss: 2.2971 - accuracy: 0.1298
3000/3000 [==============================] - 30s 10ms/step - loss: 2.2970 - accuracy: 0.1307 - val_loss: 2.3027 - val_accuracy: 0.1013
Epoch 4/5

 250/3000 [=>............................] - ETA: 28s - loss: 2.2918 - accuracy: 0.1400
 500/3000 [====>.........................] - ETA: 26s - loss: 2.2942 - accuracy: 0.1220
 750/3000 [======>.......................] - ETA: 23s - loss: 2.2924 - accuracy: 0.1253
1000/3000 [=========>....................] - ETA: 20s - loss: 2.2935 - accuracy: 0.1180
1250/3000 [===========>..................] - ETA: 17s - loss: 2.2945 - accuracy: 0.1160
1500/3000 [==============>...............] - ETA: 15s - loss: 2.2937 - accuracy: 0.1200
1750/3000 [================>.............] - ETA: 12s - loss: 2.2943 - accuracy: 0.1177
2000/3000 [===================>..........] - ETA: 10s - loss: 2.2946 - accuracy: 0.1175
2250/3000 [=====================>........] - ETA: 7s - loss: 2.2953 - accuracy: 0.1169 
2500/3000 [========================>.....] - ETA: 5s - loss: 2.2947 - accuracy: 0.1200
2750/3000 [==========================>...] - ETA: 2s - loss: 2.2940 - accuracy: 0.1244
3000/3000 [==============================] - 30s 10ms/step - loss: 2.2939 - accuracy: 0.1243 - val_loss: 2.3022 - val_accuracy: 0.0893
Epoch 5/5

 250/3000 [=>............................] - ETA: 27s - loss: 2.2862 - accuracy: 0.1360
 500/3000 [====>.........................] - ETA: 25s - loss: 2.2887 - accuracy: 0.1340
 750/3000 [======>.......................] - ETA: 22s - loss: 2.2907 - accuracy: 0.1280
1000/3000 [=========>....................] - ETA: 19s - loss: 2.2898 - accuracy: 0.1200
1250/3000 [===========>..................] - ETA: 17s - loss: 2.2914 - accuracy: 0.1192
1500/3000 [==============>...............] - ETA: 14s - loss: 2.2909 - accuracy: 0.1180
1750/3000 [================>.............] - ETA: 12s - loss: 2.2910 - accuracy: 0.1223
2000/3000 [===================>..........] - ETA: 9s - loss: 2.2906 - accuracy: 0.1240 
2250/3000 [=====================>........] - ETA: 7s - loss: 2.2906 - accuracy: 0.1213
2500/3000 [========================>.....] - ETA: 5s - loss: 2.2914 - accuracy: 0.1204
2750/3000 [==========================>...] - ETA: 2s - loss: 2.2910 - accuracy: 0.1229
3000/3000 [==============================] - 30s 10ms/step - loss: 2.2908 - accuracy: 0.1240 - val_loss: 2.3028 - val_accuracy: 0.0960
Latency --- 151.2706229686737 seconds ---
For delta=0.000200, the current epsilon is: 6.0062
=====================Iteration========================== 5
For delta=0.000200, the current epsilon is: 6.0062
Noise Mutiplier 0.914
in grads Tensor("loss_4/mul:0", shape=(?,), dtype=float32)
Train on 3000 samples, validate on 750 samples
Epoch 1/5

 250/3000 [=>............................] - ETA: 28s - loss: 2.3163 - accuracy: 0.0880
 500/3000 [====>.........................] - ETA: 25s - loss: 2.3120 - accuracy: 0.0900
 750/3000 [======>.......................] - ETA: 22s - loss: 2.3150 - accuracy: 0.0907
1000/3000 [=========>....................] - ETA: 20s - loss: 2.3123 - accuracy: 0.0950
1250/3000 [===========>..................] - ETA: 17s - loss: 2.3133 - accuracy: 0.0888
1500/3000 [==============>...............] - ETA: 14s - loss: 2.3128 - accuracy: 0.0880
1750/3000 [================>.............] - ETA: 12s - loss: 2.3117 - accuracy: 0.0897
2000/3000 [===================>..........] - ETA: 9s - loss: 2.3116 - accuracy: 0.0875 
2250/3000 [=====================>........] - ETA: 7s - loss: 2.3114 - accuracy: 0.0862
2500/3000 [========================>.....] - ETA: 4s - loss: 2.3112 - accuracy: 0.0828
2750/3000 [==========================>...] - ETA: 2s - loss: 2.3103 - accuracy: 0.0836
3000/3000 [==============================] - 30s 10ms/step - loss: 2.3098 - accuracy: 0.0800 - val_loss: 2.3071 - val_accuracy: 0.1040
Epoch 2/5

 250/3000 [=>............................] - ETA: 27s - loss: 2.3058 - accuracy: 0.0600
 500/3000 [====>.........................] - ETA: 24s - loss: 2.3063 - accuracy: 0.0680
 750/3000 [======>.......................] - ETA: 22s - loss: 2.3047 - accuracy: 0.0653
1000/3000 [=========>....................] - ETA: 19s - loss: 2.3052 - accuracy: 0.0690
1250/3000 [===========>..................] - ETA: 17s - loss: 2.3030 - accuracy: 0.0784
1500/3000 [==============>...............] - ETA: 14s - loss: 2.3036 - accuracy: 0.0780
1750/3000 [================>.............] - ETA: 12s - loss: 2.3037 - accuracy: 0.0817
2000/3000 [===================>..........] - ETA: 9s - loss: 2.3037 - accuracy: 0.0820 
2250/3000 [=====================>........] - ETA: 7s - loss: 2.3030 - accuracy: 0.0853
2500/3000 [========================>.....] - ETA: 4s - loss: 2.3031 - accuracy: 0.0836
2750/3000 [==========================>...] - ETA: 2s - loss: 2.3032 - accuracy: 0.0833
3000/3000 [==============================] - 30s 10ms/step - loss: 2.3035 - accuracy: 0.0833 - val_loss: 2.3048 - val_accuracy: 0.0973
Epoch 3/5

 250/3000 [=>............................] - ETA: 27s - loss: 2.3065 - accuracy: 0.0720
 500/3000 [====>.........................] - ETA: 24s - loss: 2.3053 - accuracy: 0.0880
 750/3000 [======>.......................] - ETA: 22s - loss: 2.3047 - accuracy: 0.0907
1000/3000 [=========>....................] - ETA: 19s - loss: 2.3027 - accuracy: 0.1050
1250/3000 [===========>..................] - ETA: 17s - loss: 2.3016 - accuracy: 0.1032
1500/3000 [==============>...............] - ETA: 14s - loss: 2.3020 - accuracy: 0.1000
1750/3000 [================>.............] - ETA: 12s - loss: 2.3020 - accuracy: 0.0994
2000/3000 [===================>..........] - ETA: 9s - loss: 2.3016 - accuracy: 0.1020 
2250/3000 [=====================>........] - ETA: 7s - loss: 2.3016 - accuracy: 0.1013
2500/3000 [========================>.....] - ETA: 4s - loss: 2.3012 - accuracy: 0.1032
2750/3000 [==========================>...] - ETA: 2s - loss: 2.3010 - accuracy: 0.1036
3000/3000 [==============================] - 30s 10ms/step - loss: 2.3006 - accuracy: 0.1043 - val_loss: 2.3043 - val_accuracy: 0.0987
Epoch 4/5

 250/3000 [=>............................] - ETA: 27s - loss: 2.2918 - accuracy: 0.1160
 500/3000 [====>.........................] - ETA: 25s - loss: 2.2962 - accuracy: 0.1200
 750/3000 [======>.......................] - ETA: 22s - loss: 2.2972 - accuracy: 0.1107
1000/3000 [=========>....................] - ETA: 19s - loss: 2.2973 - accuracy: 0.1170
1250/3000 [===========>..................] - ETA: 17s - loss: 2.2973 - accuracy: 0.1184
1500/3000 [==============>...............] - ETA: 14s - loss: 2.2977 - accuracy: 0.1247
1750/3000 [================>.............] - ETA: 12s - loss: 2.2974 - accuracy: 0.1211
2000/3000 [===================>..........] - ETA: 9s - loss: 2.2975 - accuracy: 0.1185 
2250/3000 [=====================>........] - ETA: 7s - loss: 2.2977 - accuracy: 0.1191
2500/3000 [========================>.....] - ETA: 4s - loss: 2.2987 - accuracy: 0.1196
2750/3000 [==========================>...] - ETA: 2s - loss: 2.2983 - accuracy: 0.1222
3000/3000 [==============================] - 30s 10ms/step - loss: 2.2980 - accuracy: 0.1270 - val_loss: 2.3048 - val_accuracy: 0.1053
Epoch 5/5

 250/3000 [=>............................] - ETA: 27s - loss: 2.2939 - accuracy: 0.1200
 500/3000 [====>.........................] - ETA: 24s - loss: 2.2927 - accuracy: 0.1300
 750/3000 [======>.......................] - ETA: 22s - loss: 2.2939 - accuracy: 0.1373
1000/3000 [=========>....................] - ETA: 19s - loss: 2.2947 - accuracy: 0.1330
1250/3000 [===========>..................] - ETA: 17s - loss: 2.2953 - accuracy: 0.1304
1500/3000 [==============>...............] - ETA: 14s - loss: 2.2956 - accuracy: 0.1353
1750/3000 [================>.............] - ETA: 12s - loss: 2.2953 - accuracy: 0.1411
2000/3000 [===================>..........] - ETA: 9s - loss: 2.2955 - accuracy: 0.1390 
2250/3000 [=====================>........] - ETA: 7s - loss: 2.2958 - accuracy: 0.1422
2500/3000 [========================>.....] - ETA: 5s - loss: 2.2958 - accuracy: 0.1440
2750/3000 [==========================>...] - ETA: 2s - loss: 2.2958 - accuracy: 0.1425
3000/3000 [==============================] - 30s 10ms/step - loss: 2.2957 - accuracy: 0.1410 - val_loss: 2.3055 - val_accuracy: 0.0960
Latency --- 150.98319005966187 seconds ---
For delta=0.000200, the current epsilon is: 6.0062
=====================Iteration========================== 6
For delta=0.000200, the current epsilon is: 6.0062
Noise Mutiplier 0.914
in grads Tensor("loss_5/mul:0", shape=(?,), dtype=float32)
Train on 3000 samples, validate on 750 samples
Epoch 1/5

 250/3000 [=>............................] - ETA: 29s - loss: 2.3081 - accuracy: 0.0680
 500/3000 [====>.........................] - ETA: 25s - loss: 2.3083 - accuracy: 0.0700
 750/3000 [======>.......................] - ETA: 22s - loss: 2.3086 - accuracy: 0.0760
1000/3000 [=========>....................] - ETA: 20s - loss: 2.3077 - accuracy: 0.0800
1250/3000 [===========>..................] - ETA: 17s - loss: 2.3066 - accuracy: 0.0832
1500/3000 [==============>...............] - ETA: 15s - loss: 2.3063 - accuracy: 0.0867
1750/3000 [================>.............] - ETA: 12s - loss: 2.3060 - accuracy: 0.0880
2000/3000 [===================>..........] - ETA: 10s - loss: 2.3052 - accuracy: 0.0860
2250/3000 [=====================>........] - ETA: 7s - loss: 2.3047 - accuracy: 0.0884 
2500/3000 [========================>.....] - ETA: 5s - loss: 2.3045 - accuracy: 0.0888
2750/3000 [==========================>...] - ETA: 2s - loss: 2.3044 - accuracy: 0.0891
3000/3000 [==============================] - 30s 10ms/step - loss: 2.3043 - accuracy: 0.0913 - val_loss: 2.3050 - val_accuracy: 0.0907
Epoch 2/5

 250/3000 [=>............................] - ETA: 29s - loss: 2.2990 - accuracy: 0.1520
 500/3000 [====>.........................] - ETA: 25s - loss: 2.3018 - accuracy: 0.1200
 750/3000 [======>.......................] - ETA: 22s - loss: 2.3023 - accuracy: 0.1160
1000/3000 [=========>....................] - ETA: 20s - loss: 2.3021 - accuracy: 0.1100
1250/3000 [===========>..................] - ETA: 17s - loss: 2.3013 - accuracy: 0.1032
1500/3000 [==============>...............] - ETA: 15s - loss: 2.3014 - accuracy: 0.1053
1750/3000 [================>.............] - ETA: 12s - loss: 2.3017 - accuracy: 0.1029
2000/3000 [===================>..........] - ETA: 10s - loss: 2.3014 - accuracy: 0.1020
2250/3000 [=====================>........] - ETA: 7s - loss: 2.3012 - accuracy: 0.1013 
2500/3000 [========================>.....] - ETA: 5s - loss: 2.3012 - accuracy: 0.0996
2750/3000 [==========================>...] - ETA: 2s - loss: 2.3015 - accuracy: 0.0985
3000/3000 [==============================] - 30s 10ms/step - loss: 2.3012 - accuracy: 0.0997 - val_loss: 2.3048 - val_accuracy: 0.0867
Epoch 3/5

 250/3000 [=>............................] - ETA: 28s - loss: 2.3006 - accuracy: 0.0880
 500/3000 [====>.........................] - ETA: 25s - loss: 2.2988 - accuracy: 0.0960
 750/3000 [======>.......................] - ETA: 22s - loss: 2.2984 - accuracy: 0.0973
1000/3000 [=========>....................] - ETA: 20s - loss: 2.2982 - accuracy: 0.1040
1250/3000 [===========>..................] - ETA: 17s - loss: 2.2992 - accuracy: 0.1032
1500/3000 [==============>...............] - ETA: 15s - loss: 2.2998 - accuracy: 0.1020
1750/3000 [================>.............] - ETA: 12s - loss: 2.2992 - accuracy: 0.1063
2000/3000 [===================>..........] - ETA: 10s - loss: 2.2997 - accuracy: 0.1045
2250/3000 [=====================>........] - ETA: 7s - loss: 2.3001 - accuracy: 0.1027 
2500/3000 [========================>.....] - ETA: 5s - loss: 2.2998 - accuracy: 0.1048
2750/3000 [==========================>...] - ETA: 2s - loss: 2.2997 - accuracy: 0.1029
3000/3000 [==============================] - 31s 10ms/step - loss: 2.2998 - accuracy: 0.1007 - val_loss: 2.3050 - val_accuracy: 0.0907
Epoch 4/5

 250/3000 [=>............................] - ETA: 26s - loss: 2.2974 - accuracy: 0.1320
 500/3000 [====>.........................] - ETA: 24s - loss: 2.2975 - accuracy: 0.1120
 750/3000 [======>.......................] - ETA: 22s - loss: 2.2976 - accuracy: 0.1120
1000/3000 [=========>....................] - ETA: 20s - loss: 2.2979 - accuracy: 0.1080
1250/3000 [===========>..................] - ETA: 17s - loss: 2.2981 - accuracy: 0.1112
1500/3000 [==============>...............] - ETA: 15s - loss: 2.2984 - accuracy: 0.1093
1750/3000 [================>.............] - ETA: 12s - loss: 2.2985 - accuracy: 0.1057
2000/3000 [===================>..........] - ETA: 10s - loss: 2.2983 - accuracy: 0.1060
2250/3000 [=====================>........] - ETA: 7s - loss: 2.2980 - accuracy: 0.1111 
2500/3000 [========================>.....] - ETA: 5s - loss: 2.2983 - accuracy: 0.1092
2750/3000 [==========================>...] - ETA: 2s - loss: 2.2984 - accuracy: 0.1084
3000/3000 [==============================] - 30s 10ms/step - loss: 2.2983 - accuracy: 0.1097 - val_loss: 2.3052 - val_accuracy: 0.0947
Epoch 5/5

 250/3000 [=>............................] - ETA: 27s - loss: 2.3018 - accuracy: 0.1040
 500/3000 [====>.........................] - ETA: 24s - loss: 2.2980 - accuracy: 0.1180
 750/3000 [======>.......................] - ETA: 22s - loss: 2.2968 - accuracy: 0.1227
1000/3000 [=========>....................] - ETA: 19s - loss: 2.2971 - accuracy: 0.1240
1250/3000 [===========>..................] - ETA: 17s - loss: 2.2967 - accuracy: 0.1256
1500/3000 [==============>...............] - ETA: 14s - loss: 2.2964 - accuracy: 0.1287
1750/3000 [================>.............] - ETA: 12s - loss: 2.2968 - accuracy: 0.1269
2000/3000 [===================>..........] - ETA: 9s - loss: 2.2969 - accuracy: 0.1250 
2250/3000 [=====================>........] - ETA: 7s - loss: 2.2968 - accuracy: 0.1227
2500/3000 [========================>.....] - ETA: 4s - loss: 2.2969 - accuracy: 0.1216
2750/3000 [==========================>...] - ETA: 2s - loss: 2.2968 - accuracy: 0.1211
3000/3000 [==============================] - 30s 10ms/step - loss: 2.2970 - accuracy: 0.1180 - val_loss: 2.3055 - val_accuracy: 0.0973
Latency --- 152.32632613182068 seconds ---
For delta=0.000200, the current epsilon is: 6.0062
=====================Iteration========================== 7
For delta=0.000200, the current epsilon is: 6.0062
Noise Mutiplier 0.914
in grads Tensor("loss_6/mul:0", shape=(?,), dtype=float32)
Train on 3000 samples, validate on 750 samples
Epoch 1/5

 250/3000 [=>............................] - ETA: 29s - loss: 2.3122 - accuracy: 0.0920
 500/3000 [====>.........................] - ETA: 26s - loss: 2.3067 - accuracy: 0.0960
 750/3000 [======>.......................] - ETA: 23s - loss: 2.3063 - accuracy: 0.0933
1000/3000 [=========>....................] - ETA: 20s - loss: 2.3053 - accuracy: 0.0920
1250/3000 [===========>..................] - ETA: 17s - loss: 2.3037 - accuracy: 0.0960
1500/3000 [==============>...............] - ETA: 15s - loss: 2.3041 - accuracy: 0.0973
1750/3000 [================>.............] - ETA: 12s - loss: 2.3049 - accuracy: 0.0931
2000/3000 [===================>..........] - ETA: 10s - loss: 2.3044 - accuracy: 0.0950
2250/3000 [=====================>........] - ETA: 7s - loss: 2.3045 - accuracy: 0.0969 
2500/3000 [========================>.....] - ETA: 5s - loss: 2.3041 - accuracy: 0.0984
2750/3000 [==========================>...] - ETA: 2s - loss: 2.3042 - accuracy: 0.0982
3000/3000 [==============================] - 31s 10ms/step - loss: 2.3042 - accuracy: 0.0957 - val_loss: 2.3032 - val_accuracy: 0.0973
Epoch 2/5

 250/3000 [=>............................] - ETA: 27s - loss: 2.2965 - accuracy: 0.1040
 500/3000 [====>.........................] - ETA: 25s - loss: 2.2984 - accuracy: 0.1180
 750/3000 [======>.......................] - ETA: 22s - loss: 2.2997 - accuracy: 0.1160
1000/3000 [=========>....................] - ETA: 20s - loss: 2.3001 - accuracy: 0.1110
1250/3000 [===========>..................] - ETA: 17s - loss: 2.2998 - accuracy: 0.1080
1500/3000 [==============>...............] - ETA: 14s - loss: 2.2993 - accuracy: 0.1047
1750/3000 [================>.............] - ETA: 12s - loss: 2.2995 - accuracy: 0.1051
2000/3000 [===================>..........] - ETA: 10s - loss: 2.2992 - accuracy: 0.1080
2250/3000 [=====================>........] - ETA: 7s - loss: 2.2995 - accuracy: 0.1067 
2500/3000 [========================>.....] - ETA: 5s - loss: 2.2998 - accuracy: 0.1052
2750/3000 [==========================>...] - ETA: 2s - loss: 2.2994 - accuracy: 0.1058
3000/3000 [==============================] - 30s 10ms/step - loss: 2.2995 - accuracy: 0.1080 - val_loss: 2.3034 - val_accuracy: 0.0987
Epoch 3/5

 250/3000 [=>............................] - ETA: 27s - loss: 2.2996 - accuracy: 0.1000
 500/3000 [====>.........................] - ETA: 25s - loss: 2.2981 - accuracy: 0.1000
 750/3000 [======>.......................] - ETA: 22s - loss: 2.2979 - accuracy: 0.0987
1000/3000 [=========>....................] - ETA: 19s - loss: 2.2975 - accuracy: 0.0990
1250/3000 [===========>..................] - ETA: 17s - loss: 2.2975 - accuracy: 0.1024
1500/3000 [==============>...............] - ETA: 14s - loss: 2.2969 - accuracy: 0.1053
1750/3000 [================>.............] - ETA: 12s - loss: 2.2970 - accuracy: 0.1069
2000/3000 [===================>..........] - ETA: 9s - loss: 2.2963 - accuracy: 0.1095 
2250/3000 [=====================>........] - ETA: 7s - loss: 2.2959 - accuracy: 0.1107
2500/3000 [========================>.....] - ETA: 4s - loss: 2.2966 - accuracy: 0.1084
2750/3000 [==========================>...] - ETA: 2s - loss: 2.2968 - accuracy: 0.1069
3000/3000 [==============================] - 30s 10ms/step - loss: 2.2968 - accuracy: 0.1073 - val_loss: 2.3044 - val_accuracy: 0.0960
Epoch 4/5

 250/3000 [=>............................] - ETA: 27s - loss: 2.2930 - accuracy: 0.1000
 500/3000 [====>.........................] - ETA: 25s - loss: 2.2932 - accuracy: 0.1060
 750/3000 [======>.......................] - ETA: 22s - loss: 2.2935 - accuracy: 0.1013
1000/3000 [=========>....................] - ETA: 20s - loss: 2.2936 - accuracy: 0.1100
1250/3000 [===========>..................] - ETA: 17s - loss: 2.2935 - accuracy: 0.1096
1500/3000 [==============>...............] - ETA: 14s - loss: 2.2946 - accuracy: 0.1087
1750/3000 [================>.............] - ETA: 12s - loss: 2.2945 - accuracy: 0.1109
2000/3000 [===================>..........] - ETA: 9s - loss: 2.2950 - accuracy: 0.1115 
2250/3000 [=====================>........] - ETA: 7s - loss: 2.2948 - accuracy: 0.1129
2500/3000 [========================>.....] - ETA: 4s - loss: 2.2947 - accuracy: 0.1132
2750/3000 [==========================>...] - ETA: 2s - loss: 2.2948 - accuracy: 0.1124
3000/3000 [==============================] - 30s 10ms/step - loss: 2.2944 - accuracy: 0.1127 - val_loss: 2.3045 - val_accuracy: 0.1027
Epoch 5/5

 250/3000 [=>............................] - ETA: 27s - loss: 2.2862 - accuracy: 0.1080
 500/3000 [====>.........................] - ETA: 25s - loss: 2.2912 - accuracy: 0.1140
 750/3000 [======>.......................] - ETA: 22s - loss: 2.2911 - accuracy: 0.1147
1000/3000 [=========>....................] - ETA: 19s - loss: 2.2931 - accuracy: 0.1200
1250/3000 [===========>..................] - ETA: 17s - loss: 2.2930 - accuracy: 0.1232
1500/3000 [==============>...............] - ETA: 14s - loss: 2.2940 - accuracy: 0.1193
1750/3000 [================>.............] - ETA: 12s - loss: 2.2937 - accuracy: 0.1257
2000/3000 [===================>..........] - ETA: 9s - loss: 2.2925 - accuracy: 0.1310 
2250/3000 [=====================>........] - ETA: 7s - loss: 2.2922 - accuracy: 0.1369
2500/3000 [========================>.....] - ETA: 4s - loss: 2.2922 - accuracy: 0.1380
2750/3000 [==========================>...] - ETA: 2s - loss: 2.2918 - accuracy: 0.1407
3000/3000 [==============================] - 30s 10ms/step - loss: 2.2916 - accuracy: 0.1417 - val_loss: 2.3047 - val_accuracy: 0.0973
Latency --- 151.82093381881714 seconds ---
For delta=0.000200, the current epsilon is: 6.0062
=====================Iteration========================== 8
For delta=0.000200, the current epsilon is: 6.0062
Noise Mutiplier 0.914
in grads Tensor("loss_7/mul:0", shape=(?,), dtype=float32)
Train on 3000 samples, validate on 750 samples
Epoch 1/5

 250/3000 [=>............................] - ETA: 29s - loss: 2.3037 - accuracy: 0.0680
 500/3000 [====>.........................] - ETA: 25s - loss: 2.3046 - accuracy: 0.0680
 750/3000 [======>.......................] - ETA: 22s - loss: 2.3016 - accuracy: 0.0773
1000/3000 [=========>....................] - ETA: 20s - loss: 2.3026 - accuracy: 0.0750
1250/3000 [===========>..................] - ETA: 17s - loss: 2.3025 - accuracy: 0.0816
1500/3000 [==============>...............] - ETA: 15s - loss: 2.3028 - accuracy: 0.0813
1750/3000 [================>.............] - ETA: 12s - loss: 2.3031 - accuracy: 0.0869
2000/3000 [===================>..........] - ETA: 10s - loss: 2.3036 - accuracy: 0.0845
2250/3000 [=====================>........] - ETA: 7s - loss: 2.3043 - accuracy: 0.0831 
2500/3000 [========================>.....] - ETA: 5s - loss: 2.3035 - accuracy: 0.0852
2750/3000 [==========================>...] - ETA: 2s - loss: 2.3041 - accuracy: 0.0865
3000/3000 [==============================] - 30s 10ms/step - loss: 2.3040 - accuracy: 0.0887 - val_loss: 2.3031 - val_accuracy: 0.1120
Epoch 2/5

 250/3000 [=>............................] - ETA: 27s - loss: 2.2978 - accuracy: 0.0960
 500/3000 [====>.........................] - ETA: 24s - loss: 2.2975 - accuracy: 0.0980
 750/3000 [======>.......................] - ETA: 22s - loss: 2.2970 - accuracy: 0.0933
1000/3000 [=========>....................] - ETA: 19s - loss: 2.2995 - accuracy: 0.0940
1250/3000 [===========>..................] - ETA: 17s - loss: 2.2993 - accuracy: 0.1000
1500/3000 [==============>...............] - ETA: 14s - loss: 2.3001 - accuracy: 0.0987
1750/3000 [================>.............] - ETA: 12s - loss: 2.3001 - accuracy: 0.1011
2000/3000 [===================>..........] - ETA: 9s - loss: 2.3005 - accuracy: 0.1015 
2250/3000 [=====================>........] - ETA: 7s - loss: 2.3006 - accuracy: 0.1018
2500/3000 [========================>.....] - ETA: 4s - loss: 2.3006 - accuracy: 0.0996
2750/3000 [==========================>...] - ETA: 2s - loss: 2.3006 - accuracy: 0.1011
3000/3000 [==============================] - 30s 10ms/step - loss: 2.2997 - accuracy: 0.1050 - val_loss: 2.3039 - val_accuracy: 0.1040
Epoch 3/5

 250/3000 [=>............................] - ETA: 27s - loss: 2.2974 - accuracy: 0.1000
 500/3000 [====>.........................] - ETA: 24s - loss: 2.2974 - accuracy: 0.1000
 750/3000 [======>.......................] - ETA: 22s - loss: 2.2958 - accuracy: 0.1093
1000/3000 [=========>....................] - ETA: 19s - loss: 2.2962 - accuracy: 0.1050
1250/3000 [===========>..................] - ETA: 17s - loss: 2.2964 - accuracy: 0.1000
1500/3000 [==============>...............] - ETA: 14s - loss: 2.2968 - accuracy: 0.1020
1750/3000 [================>.............] - ETA: 12s - loss: 2.2972 - accuracy: 0.1046
2000/3000 [===================>..........] - ETA: 9s - loss: 2.2962 - accuracy: 0.1075 
2250/3000 [=====================>........] - ETA: 7s - loss: 2.2965 - accuracy: 0.1044
2500/3000 [========================>.....] - ETA: 4s - loss: 2.2972 - accuracy: 0.1028
2750/3000 [==========================>...] - ETA: 2s - loss: 2.2972 - accuracy: 0.1029
3000/3000 [==============================] - 30s 10ms/step - loss: 2.2966 - accuracy: 0.1070 - val_loss: 2.3041 - val_accuracy: 0.1013
Epoch 4/5

 250/3000 [=>............................] - ETA: 27s - loss: 2.2976 - accuracy: 0.0880
 500/3000 [====>.........................] - ETA: 25s - loss: 2.2961 - accuracy: 0.1000
 750/3000 [======>.......................] - ETA: 22s - loss: 2.2952 - accuracy: 0.1053
1000/3000 [=========>....................] - ETA: 19s - loss: 2.2939 - accuracy: 0.1120
1250/3000 [===========>..................] - ETA: 17s - loss: 2.2949 - accuracy: 0.1056
1500/3000 [==============>...............] - ETA: 14s - loss: 2.2955 - accuracy: 0.1047
1750/3000 [================>.............] - ETA: 12s - loss: 2.2945 - accuracy: 0.1063
2000/3000 [===================>..........] - ETA: 9s - loss: 2.2951 - accuracy: 0.1050 
2250/3000 [=====================>........] - ETA: 7s - loss: 2.2944 - accuracy: 0.1076
2500/3000 [========================>.....] - ETA: 4s - loss: 2.2943 - accuracy: 0.1092
2750/3000 [==========================>...] - ETA: 2s - loss: 2.2940 - accuracy: 0.1113
3000/3000 [==============================] - 30s 10ms/step - loss: 2.2937 - accuracy: 0.1130 - val_loss: 2.3040 - val_accuracy: 0.1040
Epoch 5/5

 250/3000 [=>............................] - ETA: 27s - loss: 2.2886 - accuracy: 0.1200
 500/3000 [====>.........................] - ETA: 25s - loss: 2.2908 - accuracy: 0.1220
 750/3000 [======>.......................] - ETA: 22s - loss: 2.2889 - accuracy: 0.1320
1000/3000 [=========>....................] - ETA: 19s - loss: 2.2888 - accuracy: 0.1340
1250/3000 [===========>..................] - ETA: 17s - loss: 2.2908 - accuracy: 0.1272
1500/3000 [==============>...............] - ETA: 14s - loss: 2.2913 - accuracy: 0.1253
1750/3000 [================>.............] - ETA: 12s - loss: 2.2922 - accuracy: 0.1183
2000/3000 [===================>..........] - ETA: 9s - loss: 2.2921 - accuracy: 0.1175 
2250/3000 [=====================>........] - ETA: 7s - loss: 2.2919 - accuracy: 0.1164
2500/3000 [========================>.....] - ETA: 4s - loss: 2.2915 - accuracy: 0.1156
2750/3000 [==========================>...] - ETA: 2s - loss: 2.2915 - accuracy: 0.1153
3000/3000 [==============================] - 30s 10ms/step - loss: 2.2910 - accuracy: 0.1173 - val_loss: 2.3048 - val_accuracy: 0.0973
Latency --- 151.75637197494507 seconds ---
For delta=0.000200, the current epsilon is: 6.0062
=====================Iteration========================== 9
For delta=0.000200, the current epsilon is: 6.0062
Noise Mutiplier 0.914
in grads Tensor("loss_8/mul:0", shape=(?,), dtype=float32)
Train on 3000 samples, validate on 750 samples
Epoch 1/5

 250/3000 [=>............................] - ETA: 30s - loss: 2.3079 - accuracy: 0.1080
 500/3000 [====>.........................] - ETA: 25s - loss: 2.3073 - accuracy: 0.1000
 750/3000 [======>.......................] - ETA: 22s - loss: 2.3074 - accuracy: 0.1000
1000/3000 [=========>....................] - ETA: 20s - loss: 2.3081 - accuracy: 0.1000
1250/3000 [===========>..................] - ETA: 17s - loss: 2.3070 - accuracy: 0.1032
1500/3000 [==============>...............] - ETA: 15s - loss: 2.3064 - accuracy: 0.1027
1750/3000 [================>.............] - ETA: 12s - loss: 2.3072 - accuracy: 0.1029
2000/3000 [===================>..........] - ETA: 9s - loss: 2.3076 - accuracy: 0.1020 
2250/3000 [=====================>........] - ETA: 7s - loss: 2.3076 - accuracy: 0.0964
2500/3000 [========================>.....] - ETA: 4s - loss: 2.3087 - accuracy: 0.0936
2750/3000 [==========================>...] - ETA: 2s - loss: 2.3083 - accuracy: 0.0935
3000/3000 [==============================] - 30s 10ms/step - loss: 2.3079 - accuracy: 0.0960 - val_loss: 2.3038 - val_accuracy: 0.1080
Epoch 2/5

 250/3000 [=>............................] - ETA: 27s - loss: 2.3060 - accuracy: 0.1000
 500/3000 [====>.........................] - ETA: 24s - loss: 2.3100 - accuracy: 0.1120
 750/3000 [======>.......................] - ETA: 22s - loss: 2.3069 - accuracy: 0.1160
1000/3000 [=========>....................] - ETA: 19s - loss: 2.3055 - accuracy: 0.1130
1250/3000 [===========>..................] - ETA: 17s - loss: 2.3052 - accuracy: 0.1064
1500/3000 [==============>...............] - ETA: 14s - loss: 2.3050 - accuracy: 0.1013
1750/3000 [================>.............] - ETA: 12s - loss: 2.3041 - accuracy: 0.1023
2000/3000 [===================>..........] - ETA: 9s - loss: 2.3036 - accuracy: 0.1055 
2250/3000 [=====================>........] - ETA: 7s - loss: 2.3038 - accuracy: 0.1053
2500/3000 [========================>.....] - ETA: 4s - loss: 2.3035 - accuracy: 0.1044
2750/3000 [==========================>...] - ETA: 2s - loss: 2.3032 - accuracy: 0.1040
3000/3000 [==============================] - 30s 10ms/step - loss: 2.3025 - accuracy: 0.1073 - val_loss: 2.3035 - val_accuracy: 0.1160
Epoch 3/5

 250/3000 [=>............................] - ETA: 27s - loss: 2.3021 - accuracy: 0.1120
 500/3000 [====>.........................] - ETA: 24s - loss: 2.3028 - accuracy: 0.1080
 750/3000 [======>.......................] - ETA: 22s - loss: 2.3019 - accuracy: 0.1120
1000/3000 [=========>....................] - ETA: 20s - loss: 2.3000 - accuracy: 0.1250
1250/3000 [===========>..................] - ETA: 17s - loss: 2.2996 - accuracy: 0.1352
1500/3000 [==============>...............] - ETA: 14s - loss: 2.2995 - accuracy: 0.1347
1750/3000 [================>.............] - ETA: 12s - loss: 2.3002 - accuracy: 0.1286
2000/3000 [===================>..........] - ETA: 9s - loss: 2.2999 - accuracy: 0.1290 
2250/3000 [=====================>........] - ETA: 7s - loss: 2.3000 - accuracy: 0.1267
2500/3000 [========================>.....] - ETA: 4s - loss: 2.2999 - accuracy: 0.1312
2750/3000 [==========================>...] - ETA: 2s - loss: 2.2996 - accuracy: 0.1327
3000/3000 [==============================] - 30s 10ms/step - loss: 2.2990 - accuracy: 0.1380 - val_loss: 2.3043 - val_accuracy: 0.1107
Epoch 4/5

 250/3000 [=>............................] - ETA: 27s - loss: 2.2973 - accuracy: 0.1400
 500/3000 [====>.........................] - ETA: 24s - loss: 2.2968 - accuracy: 0.1580
 750/3000 [======>.......................] - ETA: 22s - loss: 2.2977 - accuracy: 0.1467
1000/3000 [=========>....................] - ETA: 19s - loss: 2.2971 - accuracy: 0.1510
1250/3000 [===========>..................] - ETA: 17s - loss: 2.2968 - accuracy: 0.1496
1500/3000 [==============>...............] - ETA: 14s - loss: 2.2965 - accuracy: 0.1493
1750/3000 [================>.............] - ETA: 12s - loss: 2.2965 - accuracy: 0.1474
2000/3000 [===================>..........] - ETA: 9s - loss: 2.2965 - accuracy: 0.1405 
2250/3000 [=====================>........] - ETA: 7s - loss: 2.2964 - accuracy: 0.1427
2500/3000 [========================>.....] - ETA: 4s - loss: 2.2964 - accuracy: 0.1408
2750/3000 [==========================>...] - ETA: 2s - loss: 2.2967 - accuracy: 0.1389
3000/3000 [==============================] - 30s 10ms/step - loss: 2.2968 - accuracy: 0.1373 - val_loss: 2.3045 - val_accuracy: 0.1147
Epoch 5/5

 250/3000 [=>............................] - ETA: 27s - loss: 2.2968 - accuracy: 0.1280
 500/3000 [====>.........................] - ETA: 24s - loss: 2.2956 - accuracy: 0.1440
 750/3000 [======>.......................] - ETA: 22s - loss: 2.2955 - accuracy: 0.1547
1000/3000 [=========>....................] - ETA: 19s - loss: 2.2954 - accuracy: 0.1550
1250/3000 [===========>..................] - ETA: 17s - loss: 2.2951 - accuracy: 0.1536
1500/3000 [==============>...............] - ETA: 14s - loss: 2.2942 - accuracy: 0.1600
1750/3000 [================>.............] - ETA: 12s - loss: 2.2941 - accuracy: 0.1577
2000/3000 [===================>..........] - ETA: 9s - loss: 2.2936 - accuracy: 0.1605 
2250/3000 [=====================>........] - ETA: 7s - loss: 2.2941 - accuracy: 0.1560
2500/3000 [========================>.....] - ETA: 4s - loss: 2.2939 - accuracy: 0.1536
2750/3000 [==========================>...] - ETA: 2s - loss: 2.2945 - accuracy: 0.1505
3000/3000 [==============================] - 30s 10ms/step - loss: 2.2943 - accuracy: 0.1460 - val_loss: 2.3045 - val_accuracy: 0.1253
Latency --- 150.8780915737152 seconds ---
For delta=0.000200, the current epsilon is: 6.0062
=====================Iteration========================== 10
For delta=0.000200, the current epsilon is: 6.0062
Noise Mutiplier 0.914
in grads Tensor("loss_9/mul:0", shape=(?,), dtype=float32)
Train on 3000 samples, validate on 750 samples
Epoch 1/5

 250/3000 [=>............................] - ETA: 29s - loss: 2.3122 - accuracy: 0.0840
 500/3000 [====>.........................] - ETA: 25s - loss: 2.3053 - accuracy: 0.0960
 750/3000 [======>.......................] - ETA: 22s - loss: 2.3067 - accuracy: 0.1013
1000/3000 [=========>....................] - ETA: 20s - loss: 2.3058 - accuracy: 0.1040
1250/3000 [===========>..................] - ETA: 17s - loss: 2.3036 - accuracy: 0.1072
1500/3000 [==============>...............] - ETA: 15s - loss: 2.3028 - accuracy: 0.1087
1750/3000 [================>.............] - ETA: 12s - loss: 2.3028 - accuracy: 0.1097
2000/3000 [===================>..........] - ETA: 10s - loss: 2.3032 - accuracy: 0.1070
2250/3000 [=====================>........] - ETA: 7s - loss: 2.3033 - accuracy: 0.1080 
2500/3000 [========================>.....] - ETA: 4s - loss: 2.3034 - accuracy: 0.1068
2750/3000 [==========================>...] - ETA: 2s - loss: 2.3035 - accuracy: 0.1018
3000/3000 [==============================] - 30s 10ms/step - loss: 2.3036 - accuracy: 0.1007 - val_loss: 2.2988 - val_accuracy: 0.1133
Epoch 2/5

 250/3000 [=>............................] - ETA: 26s - loss: 2.3016 - accuracy: 0.0760
 500/3000 [====>.........................] - ETA: 24s - loss: 2.2967 - accuracy: 0.1120
 750/3000 [======>.......................] - ETA: 22s - loss: 2.2976 - accuracy: 0.1013
1000/3000 [=========>....................] - ETA: 19s - loss: 2.2985 - accuracy: 0.1070
1250/3000 [===========>..................] - ETA: 17s - loss: 2.2999 - accuracy: 0.1024
1500/3000 [==============>...............] - ETA: 14s - loss: 2.3007 - accuracy: 0.0960
1750/3000 [================>.............] - ETA: 12s - loss: 2.3006 - accuracy: 0.0977
2000/3000 [===================>..........] - ETA: 9s - loss: 2.3003 - accuracy: 0.1000 
2250/3000 [=====================>........] - ETA: 7s - loss: 2.3003 - accuracy: 0.1013
2500/3000 [========================>.....] - ETA: 4s - loss: 2.2997 - accuracy: 0.1024
2750/3000 [==========================>...] - ETA: 2s - loss: 2.2999 - accuracy: 0.1018
3000/3000 [==============================] - 30s 10ms/step - loss: 2.2999 - accuracy: 0.0983 - val_loss: 2.2999 - val_accuracy: 0.1160
Epoch 3/5

 250/3000 [=>............................] - ETA: 27s - loss: 2.3009 - accuracy: 0.0520
 500/3000 [====>.........................] - ETA: 25s - loss: 2.2996 - accuracy: 0.0780
 750/3000 [======>.......................] - ETA: 22s - loss: 2.2980 - accuracy: 0.0947
1000/3000 [=========>....................] - ETA: 19s - loss: 2.2984 - accuracy: 0.0990
1250/3000 [===========>..................] - ETA: 17s - loss: 2.2980 - accuracy: 0.1032
1500/3000 [==============>...............] - ETA: 14s - loss: 2.2973 - accuracy: 0.1080
1750/3000 [================>.............] - ETA: 12s - loss: 2.2979 - accuracy: 0.1097
2000/3000 [===================>..........] - ETA: 9s - loss: 2.2975 - accuracy: 0.1100 
2250/3000 [=====================>........] - ETA: 7s - loss: 2.2973 - accuracy: 0.1098
2500/3000 [========================>.....] - ETA: 4s - loss: 2.2970 - accuracy: 0.1152
2750/3000 [==========================>...] - ETA: 2s - loss: 2.2971 - accuracy: 0.1149
3000/3000 [==============================] - 30s 10ms/step - loss: 2.2968 - accuracy: 0.1187 - val_loss: 2.3007 - val_accuracy: 0.1120
Epoch 4/5

 250/3000 [=>............................] - ETA: 27s - loss: 2.2932 - accuracy: 0.1600
 500/3000 [====>.........................] - ETA: 25s - loss: 2.2946 - accuracy: 0.1620
 750/3000 [======>.......................] - ETA: 22s - loss: 2.2948 - accuracy: 0.1467
1000/3000 [=========>....................] - ETA: 19s - loss: 2.2947 - accuracy: 0.1480
1250/3000 [===========>..................] - ETA: 17s - loss: 2.2937 - accuracy: 0.1480
1500/3000 [==============>...............] - ETA: 14s - loss: 2.2932 - accuracy: 0.1513
1750/3000 [================>.............] - ETA: 12s - loss: 2.2938 - accuracy: 0.1469
2000/3000 [===================>..........] - ETA: 9s - loss: 2.2936 - accuracy: 0.1505 
2250/3000 [=====================>........] - ETA: 7s - loss: 2.2935 - accuracy: 0.1520
2500/3000 [========================>.....] - ETA: 4s - loss: 2.2937 - accuracy: 0.1508
2750/3000 [==========================>...] - ETA: 2s - loss: 2.2938 - accuracy: 0.1495
3000/3000 [==============================] - 30s 10ms/step - loss: 2.2936 - accuracy: 0.1517 - val_loss: 2.3011 - val_accuracy: 0.1013
Epoch 5/5

 250/3000 [=>............................] - ETA: 27s - loss: 2.2904 - accuracy: 0.1920
 500/3000 [====>.........................] - ETA: 24s - loss: 2.2941 - accuracy: 0.1600
 750/3000 [======>.......................] - ETA: 22s - loss: 2.2929 - accuracy: 0.1680
1000/3000 [=========>....................] - ETA: 19s - loss: 2.2924 - accuracy: 0.1660
1250/3000 [===========>..................] - ETA: 17s - loss: 2.2913 - accuracy: 0.1664
1500/3000 [==============>...............] - ETA: 14s - loss: 2.2911 - accuracy: 0.1613
1750/3000 [================>.............] - ETA: 12s - loss: 2.2911 - accuracy: 0.1566
2000/3000 [===================>..........] - ETA: 9s - loss: 2.2909 - accuracy: 0.1580 
2250/3000 [=====================>........] - ETA: 7s - loss: 2.2909 - accuracy: 0.1569
2500/3000 [========================>.....] - ETA: 4s - loss: 2.2908 - accuracy: 0.1548
2750/3000 [==========================>...] - ETA: 2s - loss: 2.2906 - accuracy: 0.1531
3000/3000 [==============================] - 30s 10ms/step - loss: 2.2906 - accuracy: 0.1523 - val_loss: 2.3014 - val_accuracy: 0.1027
Latency --- 150.79677557945251 seconds ---
For delta=0.000200, the current epsilon is: 6.0062
Saving model with new accuracy, previous accuracy was 0.14766666293144226 and present is 0.1523333340883255
Saved model to disk
