We are using Tensorflow version 1.15.2
Keras API version: 2.3.1
=====================Iteration========================== 1
For delta=0.000200, the current epsilon is: 8.0077
Noise Mutiplier 0.792
in grads Tensor("loss/mul:0", shape=(?,), dtype=float32)
Train on 3000 samples, validate on 750 samples
Epoch 1/5

 250/3000 [=>............................] - ETA: 29s - loss: 2.3068 - accuracy: 0.1040
 500/3000 [====>.........................] - ETA: 25s - loss: 2.3060 - accuracy: 0.0940
 750/3000 [======>.......................] - ETA: 23s - loss: 2.3071 - accuracy: 0.0947
1000/3000 [=========>....................] - ETA: 20s - loss: 2.3060 - accuracy: 0.1020
1250/3000 [===========>..................] - ETA: 17s - loss: 2.3072 - accuracy: 0.1016
1500/3000 [==============>...............] - ETA: 15s - loss: 2.3058 - accuracy: 0.1007
1750/3000 [================>.............] - ETA: 12s - loss: 2.3047 - accuracy: 0.1000
2000/3000 [===================>..........] - ETA: 10s - loss: 2.3044 - accuracy: 0.1025
2250/3000 [=====================>........] - ETA: 7s - loss: 2.3044 - accuracy: 0.1036 
2500/3000 [========================>.....] - ETA: 5s - loss: 2.3038 - accuracy: 0.1064
2750/3000 [==========================>...] - ETA: 2s - loss: 2.3042 - accuracy: 0.1044
3000/3000 [==============================] - 30s 10ms/step - loss: 2.3043 - accuracy: 0.1040 - val_loss: 2.3034 - val_accuracy: 0.1053
Epoch 2/5

 250/3000 [=>............................] - ETA: 27s - loss: 2.3050 - accuracy: 0.1160
 500/3000 [====>.........................] - ETA: 25s - loss: 2.3051 - accuracy: 0.1060
 750/3000 [======>.......................] - ETA: 22s - loss: 2.3021 - accuracy: 0.1080
1000/3000 [=========>....................] - ETA: 20s - loss: 2.3011 - accuracy: 0.1120
1250/3000 [===========>..................] - ETA: 17s - loss: 2.3017 - accuracy: 0.1056
1500/3000 [==============>...............] - ETA: 15s - loss: 2.3019 - accuracy: 0.1033
1750/3000 [================>.............] - ETA: 12s - loss: 2.3007 - accuracy: 0.1120
2000/3000 [===================>..........] - ETA: 10s - loss: 2.3001 - accuracy: 0.1135
2250/3000 [=====================>........] - ETA: 7s - loss: 2.2998 - accuracy: 0.1142 
2500/3000 [========================>.....] - ETA: 5s - loss: 2.2990 - accuracy: 0.1188
2750/3000 [==========================>...] - ETA: 2s - loss: 2.2990 - accuracy: 0.1185
3000/3000 [==============================] - 30s 10ms/step - loss: 2.2996 - accuracy: 0.1143 - val_loss: 2.3026 - val_accuracy: 0.1107
Epoch 3/5

 250/3000 [=>............................] - ETA: 27s - loss: 2.2954 - accuracy: 0.1320
 500/3000 [====>.........................] - ETA: 25s - loss: 2.2954 - accuracy: 0.1380
 750/3000 [======>.......................] - ETA: 22s - loss: 2.2950 - accuracy: 0.1387
1000/3000 [=========>....................] - ETA: 20s - loss: 2.2965 - accuracy: 0.1270
1250/3000 [===========>..................] - ETA: 17s - loss: 2.2960 - accuracy: 0.1280
1500/3000 [==============>...............] - ETA: 15s - loss: 2.2960 - accuracy: 0.1280
1750/3000 [================>.............] - ETA: 12s - loss: 2.2962 - accuracy: 0.1280
2000/3000 [===================>..........] - ETA: 10s - loss: 2.2965 - accuracy: 0.1265
2250/3000 [=====================>........] - ETA: 7s - loss: 2.2969 - accuracy: 0.1240 
2500/3000 [========================>.....] - ETA: 5s - loss: 2.2966 - accuracy: 0.1232
2750/3000 [==========================>...] - ETA: 2s - loss: 2.2969 - accuracy: 0.1196
3000/3000 [==============================] - 30s 10ms/step - loss: 2.2974 - accuracy: 0.1183 - val_loss: 2.3029 - val_accuracy: 0.0973
Epoch 4/5

 250/3000 [=>............................] - ETA: 28s - loss: 2.3013 - accuracy: 0.0960
 500/3000 [====>.........................] - ETA: 24s - loss: 2.2991 - accuracy: 0.1080
 750/3000 [======>.......................] - ETA: 22s - loss: 2.2964 - accuracy: 0.1187
1000/3000 [=========>....................] - ETA: 20s - loss: 2.2947 - accuracy: 0.1240
1250/3000 [===========>..................] - ETA: 17s - loss: 2.2951 - accuracy: 0.1216
1500/3000 [==============>...............] - ETA: 14s - loss: 2.2952 - accuracy: 0.1240
1750/3000 [================>.............] - ETA: 12s - loss: 2.2960 - accuracy: 0.1154
2000/3000 [===================>..........] - ETA: 9s - loss: 2.2956 - accuracy: 0.1150 
2250/3000 [=====================>........] - ETA: 7s - loss: 2.2951 - accuracy: 0.1129
2500/3000 [========================>.....] - ETA: 4s - loss: 2.2957 - accuracy: 0.1088
2750/3000 [==========================>...] - ETA: 2s - loss: 2.2955 - accuracy: 0.1109
3000/3000 [==============================] - 30s 10ms/step - loss: 2.2953 - accuracy: 0.1113 - val_loss: 2.3030 - val_accuracy: 0.0960
Epoch 5/5

 250/3000 [=>............................] - ETA: 27s - loss: 2.2854 - accuracy: 0.1200
 500/3000 [====>.........................] - ETA: 25s - loss: 2.2898 - accuracy: 0.1080
 750/3000 [======>.......................] - ETA: 22s - loss: 2.2906 - accuracy: 0.1107
1000/3000 [=========>....................] - ETA: 20s - loss: 2.2917 - accuracy: 0.1070
1250/3000 [===========>..................] - ETA: 17s - loss: 2.2912 - accuracy: 0.1096
1500/3000 [==============>...............] - ETA: 14s - loss: 2.2910 - accuracy: 0.1147
1750/3000 [================>.............] - ETA: 12s - loss: 2.2913 - accuracy: 0.1120
2000/3000 [===================>..........] - ETA: 10s - loss: 2.2918 - accuracy: 0.1100
2250/3000 [=====================>........] - ETA: 7s - loss: 2.2924 - accuracy: 0.1062 
2500/3000 [========================>.....] - ETA: 5s - loss: 2.2923 - accuracy: 0.1060
2750/3000 [==========================>...] - ETA: 2s - loss: 2.2930 - accuracy: 0.1055
3000/3000 [==============================] - 30s 10ms/step - loss: 2.2929 - accuracy: 0.1083 - val_loss: 2.3031 - val_accuracy: 0.0960
Latency --- 151.80583834648132 seconds ---
For delta=0.000200, the current epsilon is: 8.0077
Saving model with new accuracy, previous accuracy was 0 and present is 0.10833333432674408
Saved model to disk
=====================Iteration========================== 2
For delta=0.000200, the current epsilon is: 8.0077
Noise Mutiplier 0.792
in grads Tensor("loss_1/mul:0", shape=(?,), dtype=float32)
Train on 3000 samples, validate on 750 samples
Epoch 1/5

 250/3000 [=>............................] - ETA: 29s - loss: 2.3014 - accuracy: 0.1240
 500/3000 [====>.........................] - ETA: 26s - loss: 2.3003 - accuracy: 0.1320
 750/3000 [======>.......................] - ETA: 23s - loss: 2.2975 - accuracy: 0.1293
1000/3000 [=========>....................] - ETA: 20s - loss: 2.2968 - accuracy: 0.1260
1250/3000 [===========>..................] - ETA: 17s - loss: 2.2979 - accuracy: 0.1208
1500/3000 [==============>...............] - ETA: 15s - loss: 2.2992 - accuracy: 0.1153
1750/3000 [================>.............] - ETA: 12s - loss: 2.3002 - accuracy: 0.1137
2000/3000 [===================>..........] - ETA: 10s - loss: 2.3004 - accuracy: 0.1110
2250/3000 [=====================>........] - ETA: 7s - loss: 2.3008 - accuracy: 0.1116 
2500/3000 [========================>.....] - ETA: 5s - loss: 2.3005 - accuracy: 0.1124
2750/3000 [==========================>...] - ETA: 2s - loss: 2.3001 - accuracy: 0.1145
3000/3000 [==============================] - 31s 10ms/step - loss: 2.3005 - accuracy: 0.1147 - val_loss: 2.3032 - val_accuracy: 0.0947
Epoch 2/5

 250/3000 [=>............................] - ETA: 27s - loss: 2.2971 - accuracy: 0.1040
 500/3000 [====>.........................] - ETA: 25s - loss: 2.2962 - accuracy: 0.1120
 750/3000 [======>.......................] - ETA: 23s - loss: 2.2965 - accuracy: 0.1147
1000/3000 [=========>....................] - ETA: 20s - loss: 2.2960 - accuracy: 0.1200
1250/3000 [===========>..................] - ETA: 17s - loss: 2.2964 - accuracy: 0.1192
1500/3000 [==============>...............] - ETA: 15s - loss: 2.2965 - accuracy: 0.1207
1750/3000 [================>.............] - ETA: 12s - loss: 2.2961 - accuracy: 0.1206
2000/3000 [===================>..........] - ETA: 10s - loss: 2.2958 - accuracy: 0.1230
2250/3000 [=====================>........] - ETA: 7s - loss: 2.2955 - accuracy: 0.1267 
2500/3000 [========================>.....] - ETA: 5s - loss: 2.2957 - accuracy: 0.1268
2750/3000 [==========================>...] - ETA: 2s - loss: 2.2965 - accuracy: 0.1276
3000/3000 [==============================] - 31s 10ms/step - loss: 2.2958 - accuracy: 0.1300 - val_loss: 2.3022 - val_accuracy: 0.1067
Epoch 3/5

 250/3000 [=>............................] - ETA: 27s - loss: 2.2967 - accuracy: 0.1160
 500/3000 [====>.........................] - ETA: 25s - loss: 2.2966 - accuracy: 0.1220
 750/3000 [======>.......................] - ETA: 22s - loss: 2.2969 - accuracy: 0.1200
1000/3000 [=========>....................] - ETA: 20s - loss: 2.2948 - accuracy: 0.1270
1250/3000 [===========>..................] - ETA: 17s - loss: 2.2943 - accuracy: 0.1272
1500/3000 [==============>...............] - ETA: 15s - loss: 2.2935 - accuracy: 0.1273
1750/3000 [================>.............] - ETA: 12s - loss: 2.2934 - accuracy: 0.1240
2000/3000 [===================>..........] - ETA: 10s - loss: 2.2940 - accuracy: 0.1280
2250/3000 [=====================>........] - ETA: 7s - loss: 2.2933 - accuracy: 0.1293 
2500/3000 [========================>.....] - ETA: 5s - loss: 2.2936 - accuracy: 0.1308
2750/3000 [==========================>...] - ETA: 2s - loss: 2.2925 - accuracy: 0.1324
3000/3000 [==============================] - 31s 10ms/step - loss: 2.2921 - accuracy: 0.1337 - val_loss: 2.3021 - val_accuracy: 0.1160
Epoch 4/5

 250/3000 [=>............................] - ETA: 27s - loss: 2.2884 - accuracy: 0.1280
 500/3000 [====>.........................] - ETA: 25s - loss: 2.2898 - accuracy: 0.1240
 750/3000 [======>.......................] - ETA: 22s - loss: 2.2903 - accuracy: 0.1253
1000/3000 [=========>....................] - ETA: 19s - loss: 2.2921 - accuracy: 0.1240
1250/3000 [===========>..................] - ETA: 17s - loss: 2.2908 - accuracy: 0.1256
1500/3000 [==============>...............] - ETA: 15s - loss: 2.2915 - accuracy: 0.1267
1750/3000 [================>.............] - ETA: 12s - loss: 2.2904 - accuracy: 0.1309
2000/3000 [===================>..........] - ETA: 9s - loss: 2.2908 - accuracy: 0.1290 
2250/3000 [=====================>........] - ETA: 7s - loss: 2.2898 - accuracy: 0.1293
2500/3000 [========================>.....] - ETA: 5s - loss: 2.2895 - accuracy: 0.1356
2750/3000 [==========================>...] - ETA: 2s - loss: 2.2893 - accuracy: 0.1349
3000/3000 [==============================] - 30s 10ms/step - loss: 2.2888 - accuracy: 0.1353 - val_loss: 2.3017 - val_accuracy: 0.1040
Epoch 5/5

 250/3000 [=>............................] - ETA: 27s - loss: 2.2913 - accuracy: 0.1320
 500/3000 [====>.........................] - ETA: 24s - loss: 2.2855 - accuracy: 0.1440
 750/3000 [======>.......................] - ETA: 22s - loss: 2.2833 - accuracy: 0.1573
1000/3000 [=========>....................] - ETA: 19s - loss: 2.2855 - accuracy: 0.1470
1250/3000 [===========>..................] - ETA: 17s - loss: 2.2845 - accuracy: 0.1488
1500/3000 [==============>...............] - ETA: 15s - loss: 2.2858 - accuracy: 0.1493
1750/3000 [================>.............] - ETA: 12s - loss: 2.2839 - accuracy: 0.1543
2000/3000 [===================>..........] - ETA: 10s - loss: 2.2835 - accuracy: 0.1530
2250/3000 [=====================>........] - ETA: 7s - loss: 2.2843 - accuracy: 0.1498 
2500/3000 [========================>.....] - ETA: 5s - loss: 2.2846 - accuracy: 0.1472
2750/3000 [==========================>...] - ETA: 2s - loss: 2.2851 - accuracy: 0.1487
3000/3000 [==============================] - 30s 10ms/step - loss: 2.2855 - accuracy: 0.1490 - val_loss: 2.3018 - val_accuracy: 0.1053
Latency --- 153.05129432678223 seconds ---
For delta=0.000200, the current epsilon is: 8.0077
Saving model with new accuracy, previous accuracy was 0.10833333432674408 and present is 0.14900000393390656
Saved model to disk
=====================Iteration========================== 3
For delta=0.000200, the current epsilon is: 8.0077
Noise Mutiplier 0.792
in grads Tensor("loss_2/mul:0", shape=(?,), dtype=float32)
Train on 3000 samples, validate on 750 samples
Epoch 1/5

 250/3000 [=>............................] - ETA: 28s - loss: 2.3082 - accuracy: 0.1160
 500/3000 [====>.........................] - ETA: 25s - loss: 2.3131 - accuracy: 0.1100
 750/3000 [======>.......................] - ETA: 22s - loss: 2.3123 - accuracy: 0.1053
1000/3000 [=========>....................] - ETA: 19s - loss: 2.3102 - accuracy: 0.1000
1250/3000 [===========>..................] - ETA: 17s - loss: 2.3088 - accuracy: 0.0984
1500/3000 [==============>...............] - ETA: 14s - loss: 2.3091 - accuracy: 0.0960
1750/3000 [================>.............] - ETA: 12s - loss: 2.3076 - accuracy: 0.1006
2000/3000 [===================>..........] - ETA: 9s - loss: 2.3079 - accuracy: 0.0980 
2250/3000 [=====================>........] - ETA: 7s - loss: 2.3070 - accuracy: 0.0982
2500/3000 [========================>.....] - ETA: 4s - loss: 2.3066 - accuracy: 0.0992
2750/3000 [==========================>...] - ETA: 2s - loss: 2.3064 - accuracy: 0.1007
3000/3000 [==============================] - 30s 10ms/step - loss: 2.3060 - accuracy: 0.0977 - val_loss: 2.3067 - val_accuracy: 0.0933
Epoch 2/5

 250/3000 [=>............................] - ETA: 28s - loss: 2.3021 - accuracy: 0.0760
 500/3000 [====>.........................] - ETA: 25s - loss: 2.3013 - accuracy: 0.1080
 750/3000 [======>.......................] - ETA: 22s - loss: 2.3005 - accuracy: 0.1160
1000/3000 [=========>....................] - ETA: 20s - loss: 2.3012 - accuracy: 0.1120
1250/3000 [===========>..................] - ETA: 17s - loss: 2.3015 - accuracy: 0.1056
1500/3000 [==============>...............] - ETA: 15s - loss: 2.3023 - accuracy: 0.1067
1750/3000 [================>.............] - ETA: 12s - loss: 2.3022 - accuracy: 0.1057
2000/3000 [===================>..........] - ETA: 9s - loss: 2.3018 - accuracy: 0.1090 
2250/3000 [=====================>........] - ETA: 7s - loss: 2.3012 - accuracy: 0.1089
2500/3000 [========================>.....] - ETA: 4s - loss: 2.3014 - accuracy: 0.1092
2750/3000 [==========================>...] - ETA: 2s - loss: 2.3017 - accuracy: 0.1113
3000/3000 [==============================] - 30s 10ms/step - loss: 2.3015 - accuracy: 0.1133 - val_loss: 2.3055 - val_accuracy: 0.0947
Epoch 3/5

 250/3000 [=>............................] - ETA: 26s - loss: 2.2950 - accuracy: 0.1280
 500/3000 [====>.........................] - ETA: 24s - loss: 2.2981 - accuracy: 0.1460
 750/3000 [======>.......................] - ETA: 22s - loss: 2.2974 - accuracy: 0.1373
1000/3000 [=========>....................] - ETA: 19s - loss: 2.2987 - accuracy: 0.1390
1250/3000 [===========>..................] - ETA: 17s - loss: 2.2982 - accuracy: 0.1344
1500/3000 [==============>...............] - ETA: 14s - loss: 2.2981 - accuracy: 0.1340
1750/3000 [================>.............] - ETA: 12s - loss: 2.2979 - accuracy: 0.1349
2000/3000 [===================>..........] - ETA: 9s - loss: 2.2983 - accuracy: 0.1315 
2250/3000 [=====================>........] - ETA: 7s - loss: 2.2983 - accuracy: 0.1293
2500/3000 [========================>.....] - ETA: 4s - loss: 2.2981 - accuracy: 0.1264
2750/3000 [==========================>...] - ETA: 2s - loss: 2.2977 - accuracy: 0.1255
3000/3000 [==============================] - 30s 10ms/step - loss: 2.2980 - accuracy: 0.1260 - val_loss: 2.3059 - val_accuracy: 0.0973
Epoch 4/5

 250/3000 [=>............................] - ETA: 26s - loss: 2.2953 - accuracy: 0.1280
 500/3000 [====>.........................] - ETA: 24s - loss: 2.2944 - accuracy: 0.1400
 750/3000 [======>.......................] - ETA: 22s - loss: 2.2961 - accuracy: 0.1467
1000/3000 [=========>....................] - ETA: 19s - loss: 2.2952 - accuracy: 0.1490
1250/3000 [===========>..................] - ETA: 17s - loss: 2.2948 - accuracy: 0.1536
1500/3000 [==============>...............] - ETA: 14s - loss: 2.2947 - accuracy: 0.1480
1750/3000 [================>.............] - ETA: 12s - loss: 2.2946 - accuracy: 0.1520
2000/3000 [===================>..........] - ETA: 9s - loss: 2.2950 - accuracy: 0.1515 
2250/3000 [=====================>........] - ETA: 7s - loss: 2.2948 - accuracy: 0.1507
2500/3000 [========================>.....] - ETA: 4s - loss: 2.2949 - accuracy: 0.1492
2750/3000 [==========================>...] - ETA: 2s - loss: 2.2944 - accuracy: 0.1524
3000/3000 [==============================] - 30s 10ms/step - loss: 2.2946 - accuracy: 0.1500 - val_loss: 2.3062 - val_accuracy: 0.1013
Epoch 5/5

 250/3000 [=>............................] - ETA: 27s - loss: 2.2919 - accuracy: 0.1480
 500/3000 [====>.........................] - ETA: 24s - loss: 2.2888 - accuracy: 0.1600
 750/3000 [======>.......................] - ETA: 21s - loss: 2.2902 - accuracy: 0.1547
1000/3000 [=========>....................] - ETA: 19s - loss: 2.2905 - accuracy: 0.1610
1250/3000 [===========>..................] - ETA: 17s - loss: 2.2917 - accuracy: 0.1552
1500/3000 [==============>...............] - ETA: 14s - loss: 2.2912 - accuracy: 0.1553
1750/3000 [================>.............] - ETA: 12s - loss: 2.2913 - accuracy: 0.1623
2000/3000 [===================>..........] - ETA: 9s - loss: 2.2912 - accuracy: 0.1625 
2250/3000 [=====================>........] - ETA: 7s - loss: 2.2908 - accuracy: 0.1658
2500/3000 [========================>.....] - ETA: 4s - loss: 2.2913 - accuracy: 0.1632
2750/3000 [==========================>...] - ETA: 2s - loss: 2.2914 - accuracy: 0.1622
3000/3000 [==============================] - 30s 10ms/step - loss: 2.2917 - accuracy: 0.1613 - val_loss: 2.3054 - val_accuracy: 0.1000
Latency --- 150.08048057556152 seconds ---
For delta=0.000200, the current epsilon is: 8.0077
Saving model with new accuracy, previous accuracy was 0.14900000393390656 and present is 0.1613333374261856
Saved model to disk
=====================Iteration========================== 4
For delta=0.000200, the current epsilon is: 8.0077
Noise Mutiplier 0.792
in grads Tensor("loss_3/mul:0", shape=(?,), dtype=float32)
Train on 3000 samples, validate on 750 samples
Epoch 1/5

 250/3000 [=>............................] - ETA: 28s - loss: 2.3083 - accuracy: 0.0760
 500/3000 [====>.........................] - ETA: 25s - loss: 2.3078 - accuracy: 0.1040
 750/3000 [======>.......................] - ETA: 22s - loss: 2.3119 - accuracy: 0.1067
1000/3000 [=========>....................] - ETA: 20s - loss: 2.3102 - accuracy: 0.1040
1250/3000 [===========>..................] - ETA: 18s - loss: 2.3079 - accuracy: 0.0928
1500/3000 [==============>...............] - ETA: 15s - loss: 2.3078 - accuracy: 0.0920
1750/3000 [================>.............] - ETA: 12s - loss: 2.3080 - accuracy: 0.0903
2000/3000 [===================>..........] - ETA: 10s - loss: 2.3090 - accuracy: 0.0895
2250/3000 [=====================>........] - ETA: 7s - loss: 2.3098 - accuracy: 0.0916 
2500/3000 [========================>.....] - ETA: 5s - loss: 2.3097 - accuracy: 0.0900
2750/3000 [==========================>...] - ETA: 2s - loss: 2.3095 - accuracy: 0.0887
3000/3000 [==============================] - 31s 10ms/step - loss: 2.3083 - accuracy: 0.0903 - val_loss: 2.3077 - val_accuracy: 0.1067
Epoch 2/5

 250/3000 [=>............................] - ETA: 27s - loss: 2.3097 - accuracy: 0.0880
 500/3000 [====>.........................] - ETA: 25s - loss: 2.3034 - accuracy: 0.1040
 750/3000 [======>.......................] - ETA: 22s - loss: 2.3019 - accuracy: 0.1107
1000/3000 [=========>....................] - ETA: 20s - loss: 2.2997 - accuracy: 0.1190
1250/3000 [===========>..................] - ETA: 17s - loss: 2.2986 - accuracy: 0.1160
1500/3000 [==============>...............] - ETA: 15s - loss: 2.2991 - accuracy: 0.1107
1750/3000 [================>.............] - ETA: 12s - loss: 2.2990 - accuracy: 0.1160
2000/3000 [===================>..........] - ETA: 10s - loss: 2.2996 - accuracy: 0.1140
2250/3000 [=====================>........] - ETA: 7s - loss: 2.2986 - accuracy: 0.1111 
2500/3000 [========================>.....] - ETA: 5s - loss: 2.2987 - accuracy: 0.1100
2750/3000 [==========================>...] - ETA: 2s - loss: 2.2991 - accuracy: 0.1080
3000/3000 [==============================] - 30s 10ms/step - loss: 2.2992 - accuracy: 0.1093 - val_loss: 2.3046 - val_accuracy: 0.1053
Epoch 3/5

 250/3000 [=>............................] - ETA: 27s - loss: 2.2868 - accuracy: 0.1680
 500/3000 [====>.........................] - ETA: 25s - loss: 2.2908 - accuracy: 0.1460
 750/3000 [======>.......................] - ETA: 22s - loss: 2.2958 - accuracy: 0.1320
1000/3000 [=========>....................] - ETA: 20s - loss: 2.2964 - accuracy: 0.1260
1250/3000 [===========>..................] - ETA: 17s - loss: 2.2968 - accuracy: 0.1264
1500/3000 [==============>...............] - ETA: 15s - loss: 2.2962 - accuracy: 0.1260
1750/3000 [================>.............] - ETA: 12s - loss: 2.2966 - accuracy: 0.1229
2000/3000 [===================>..........] - ETA: 10s - loss: 2.2961 - accuracy: 0.1230
2250/3000 [=====================>........] - ETA: 7s - loss: 2.2958 - accuracy: 0.1276 
2500/3000 [========================>.....] - ETA: 5s - loss: 2.2952 - accuracy: 0.1272
2750/3000 [==========================>...] - ETA: 2s - loss: 2.2950 - accuracy: 0.1287
3000/3000 [==============================] - 30s 10ms/step - loss: 2.2946 - accuracy: 0.1300 - val_loss: 2.3038 - val_accuracy: 0.1040
Epoch 4/5

 250/3000 [=>............................] - ETA: 28s - loss: 2.2890 - accuracy: 0.1680
 500/3000 [====>.........................] - ETA: 25s - loss: 2.2870 - accuracy: 0.1520
 750/3000 [======>.......................] - ETA: 22s - loss: 2.2875 - accuracy: 0.1507
1000/3000 [=========>....................] - ETA: 20s - loss: 2.2886 - accuracy: 0.1460
1250/3000 [===========>..................] - ETA: 18s - loss: 2.2887 - accuracy: 0.1440
1500/3000 [==============>...............] - ETA: 15s - loss: 2.2896 - accuracy: 0.1413
1750/3000 [================>.............] - ETA: 12s - loss: 2.2901 - accuracy: 0.1423
2000/3000 [===================>..........] - ETA: 10s - loss: 2.2902 - accuracy: 0.1420
2250/3000 [=====================>........] - ETA: 7s - loss: 2.2905 - accuracy: 0.1382 
2500/3000 [========================>.....] - ETA: 5s - loss: 2.2897 - accuracy: 0.1412
2750/3000 [==========================>...] - ETA: 2s - loss: 2.2897 - accuracy: 0.1407
3000/3000 [==============================] - 31s 10ms/step - loss: 2.2898 - accuracy: 0.1413 - val_loss: 2.3031 - val_accuracy: 0.1133
Epoch 5/5

 250/3000 [=>............................] - ETA: 27s - loss: 2.2853 - accuracy: 0.1760
 500/3000 [====>.........................] - ETA: 25s - loss: 2.2841 - accuracy: 0.1640
 750/3000 [======>.......................] - ETA: 23s - loss: 2.2844 - accuracy: 0.1533
1000/3000 [=========>....................] - ETA: 20s - loss: 2.2857 - accuracy: 0.1550
1250/3000 [===========>..................] - ETA: 17s - loss: 2.2844 - accuracy: 0.1576
1500/3000 [==============>...............] - ETA: 15s - loss: 2.2847 - accuracy: 0.1520
1750/3000 [================>.............] - ETA: 12s - loss: 2.2845 - accuracy: 0.1537
2000/3000 [===================>..........] - ETA: 10s - loss: 2.2853 - accuracy: 0.1485
2250/3000 [=====================>........] - ETA: 7s - loss: 2.2853 - accuracy: 0.1453 
2500/3000 [========================>.....] - ETA: 5s - loss: 2.2848 - accuracy: 0.1476
2750/3000 [==========================>...] - ETA: 2s - loss: 2.2842 - accuracy: 0.1487
3000/3000 [==============================] - 31s 10ms/step - loss: 2.2837 - accuracy: 0.1500 - val_loss: 2.3038 - val_accuracy: 0.1253
Latency --- 153.58481311798096 seconds ---
For delta=0.000200, the current epsilon is: 8.0077
=====================Iteration========================== 5
For delta=0.000200, the current epsilon is: 8.0077
Noise Mutiplier 0.792
in grads Tensor("loss_4/mul:0", shape=(?,), dtype=float32)
Train on 3000 samples, validate on 750 samples
Epoch 1/5

 250/3000 [=>............................] - ETA: 30s - loss: 2.2998 - accuracy: 0.0840
 500/3000 [====>.........................] - ETA: 26s - loss: 2.3039 - accuracy: 0.0820
 750/3000 [======>.......................] - ETA: 23s - loss: 2.3024 - accuracy: 0.0920
1000/3000 [=========>....................] - ETA: 20s - loss: 2.3029 - accuracy: 0.0870
1250/3000 [===========>..................] - ETA: 17s - loss: 2.3028 - accuracy: 0.0904
1500/3000 [==============>...............] - ETA: 15s - loss: 2.3026 - accuracy: 0.0887
1750/3000 [================>.............] - ETA: 12s - loss: 2.3027 - accuracy: 0.0937
2000/3000 [===================>..........] - ETA: 10s - loss: 2.3032 - accuracy: 0.0935
2250/3000 [=====================>........] - ETA: 7s - loss: 2.3034 - accuracy: 0.0924 
2500/3000 [========================>.....] - ETA: 5s - loss: 2.3033 - accuracy: 0.0944
2750/3000 [==========================>...] - ETA: 2s - loss: 2.3029 - accuracy: 0.0964
3000/3000 [==============================] - 30s 10ms/step - loss: 2.3028 - accuracy: 0.0953 - val_loss: 2.3059 - val_accuracy: 0.1013
Epoch 2/5

 250/3000 [=>............................] - ETA: 26s - loss: 2.2964 - accuracy: 0.1360
 500/3000 [====>.........................] - ETA: 25s - loss: 2.3000 - accuracy: 0.1200
 750/3000 [======>.......................] - ETA: 22s - loss: 2.2996 - accuracy: 0.1173
1000/3000 [=========>....................] - ETA: 20s - loss: 2.3000 - accuracy: 0.1050
1250/3000 [===========>..................] - ETA: 17s - loss: 2.2998 - accuracy: 0.1040
1500/3000 [==============>...............] - ETA: 15s - loss: 2.2990 - accuracy: 0.1100
1750/3000 [================>.............] - ETA: 12s - loss: 2.2990 - accuracy: 0.1069
2000/3000 [===================>..........] - ETA: 9s - loss: 2.2985 - accuracy: 0.1125 
2250/3000 [=====================>........] - ETA: 7s - loss: 2.2984 - accuracy: 0.1160
2500/3000 [========================>.....] - ETA: 4s - loss: 2.2984 - accuracy: 0.1176
2750/3000 [==========================>...] - ETA: 2s - loss: 2.2980 - accuracy: 0.1185
3000/3000 [==============================] - 30s 10ms/step - loss: 2.2977 - accuracy: 0.1183 - val_loss: 2.3042 - val_accuracy: 0.1000
Epoch 3/5

 250/3000 [=>............................] - ETA: 27s - loss: 2.2942 - accuracy: 0.1040
 500/3000 [====>.........................] - ETA: 24s - loss: 2.2952 - accuracy: 0.1140
 750/3000 [======>.......................] - ETA: 22s - loss: 2.2954 - accuracy: 0.1120
1000/3000 [=========>....................] - ETA: 20s - loss: 2.2956 - accuracy: 0.1120
1250/3000 [===========>..................] - ETA: 17s - loss: 2.2951 - accuracy: 0.1168
1500/3000 [==============>...............] - ETA: 15s - loss: 2.2942 - accuracy: 0.1313
1750/3000 [================>.............] - ETA: 12s - loss: 2.2935 - accuracy: 0.1383
2000/3000 [===================>..........] - ETA: 9s - loss: 2.2934 - accuracy: 0.1385 
2250/3000 [=====================>........] - ETA: 7s - loss: 2.2934 - accuracy: 0.1369
2500/3000 [========================>.....] - ETA: 4s - loss: 2.2935 - accuracy: 0.1336
2750/3000 [==========================>...] - ETA: 2s - loss: 2.2935 - accuracy: 0.1320
3000/3000 [==============================] - 30s 10ms/step - loss: 2.2933 - accuracy: 0.1343 - val_loss: 2.3042 - val_accuracy: 0.1080
Epoch 4/5

 250/3000 [=>............................] - ETA: 27s - loss: 2.2914 - accuracy: 0.1600
 500/3000 [====>.........................] - ETA: 24s - loss: 2.2919 - accuracy: 0.1520
 750/3000 [======>.......................] - ETA: 22s - loss: 2.2899 - accuracy: 0.1667
1000/3000 [=========>....................] - ETA: 20s - loss: 2.2902 - accuracy: 0.1550
1250/3000 [===========>..................] - ETA: 17s - loss: 2.2904 - accuracy: 0.1536
1500/3000 [==============>...............] - ETA: 14s - loss: 2.2892 - accuracy: 0.1567
1750/3000 [================>.............] - ETA: 12s - loss: 2.2889 - accuracy: 0.1560
2000/3000 [===================>..........] - ETA: 9s - loss: 2.2891 - accuracy: 0.1550 
2250/3000 [=====================>........] - ETA: 7s - loss: 2.2890 - accuracy: 0.1578
2500/3000 [========================>.....] - ETA: 4s - loss: 2.2889 - accuracy: 0.1540
2750/3000 [==========================>...] - ETA: 2s - loss: 2.2889 - accuracy: 0.1520
3000/3000 [==============================] - 30s 10ms/step - loss: 2.2891 - accuracy: 0.1530 - val_loss: 2.3053 - val_accuracy: 0.0893
Epoch 5/5

 250/3000 [=>............................] - ETA: 26s - loss: 2.2921 - accuracy: 0.1400
 500/3000 [====>.........................] - ETA: 24s - loss: 2.2901 - accuracy: 0.1460
 750/3000 [======>.......................] - ETA: 22s - loss: 2.2876 - accuracy: 0.1627
1000/3000 [=========>....................] - ETA: 19s - loss: 2.2868 - accuracy: 0.1630
1250/3000 [===========>..................] - ETA: 17s - loss: 2.2858 - accuracy: 0.1680
1500/3000 [==============>...............] - ETA: 14s - loss: 2.2857 - accuracy: 0.1620
1750/3000 [================>.............] - ETA: 12s - loss: 2.2849 - accuracy: 0.1663
2000/3000 [===================>..........] - ETA: 9s - loss: 2.2846 - accuracy: 0.1700 
2250/3000 [=====================>........] - ETA: 7s - loss: 2.2844 - accuracy: 0.1680
2500/3000 [========================>.....] - ETA: 4s - loss: 2.2845 - accuracy: 0.1672
2750/3000 [==========================>...] - ETA: 2s - loss: 2.2843 - accuracy: 0.1673
3000/3000 [==============================] - 30s 10ms/step - loss: 2.2841 - accuracy: 0.1687 - val_loss: 2.3060 - val_accuracy: 0.0893
Latency --- 150.86545538902283 seconds ---
For delta=0.000200, the current epsilon is: 8.0077
Saving model with new accuracy, previous accuracy was 0.1613333374261856 and present is 0.16866666078567505
Saved model to disk
=====================Iteration========================== 6
For delta=0.000200, the current epsilon is: 8.0077
Noise Mutiplier 0.792
in grads Tensor("loss_5/mul:0", shape=(?,), dtype=float32)
Train on 3000 samples, validate on 750 samples
Epoch 1/5

 250/3000 [=>............................] - ETA: 29s - loss: 2.3046 - accuracy: 0.0720
 500/3000 [====>.........................] - ETA: 25s - loss: 2.3052 - accuracy: 0.0820
 750/3000 [======>.......................] - ETA: 23s - loss: 2.3070 - accuracy: 0.0787
1000/3000 [=========>....................] - ETA: 20s - loss: 2.3052 - accuracy: 0.0880
1250/3000 [===========>..................] - ETA: 18s - loss: 2.3040 - accuracy: 0.0912
1500/3000 [==============>...............] - ETA: 15s - loss: 2.3027 - accuracy: 0.0967
1750/3000 [================>.............] - ETA: 12s - loss: 2.3027 - accuracy: 0.0966
2000/3000 [===================>..........] - ETA: 10s - loss: 2.3030 - accuracy: 0.0985
2250/3000 [=====================>........] - ETA: 7s - loss: 2.3023 - accuracy: 0.1022 
2500/3000 [========================>.....] - ETA: 5s - loss: 2.3017 - accuracy: 0.1076
2750/3000 [==========================>...] - ETA: 2s - loss: 2.3018 - accuracy: 0.1087
3000/3000 [==============================] - 31s 10ms/step - loss: 2.3015 - accuracy: 0.1110 - val_loss: 2.3051 - val_accuracy: 0.0893
Epoch 2/5

 250/3000 [=>............................] - ETA: 27s - loss: 2.3038 - accuracy: 0.1160
 500/3000 [====>.........................] - ETA: 25s - loss: 2.3001 - accuracy: 0.1320
 750/3000 [======>.......................] - ETA: 22s - loss: 2.2998 - accuracy: 0.1267
1000/3000 [=========>....................] - ETA: 19s - loss: 2.2988 - accuracy: 0.1320
1250/3000 [===========>..................] - ETA: 17s - loss: 2.2994 - accuracy: 0.1312
1500/3000 [==============>...............] - ETA: 14s - loss: 2.2986 - accuracy: 0.1327
1750/3000 [================>.............] - ETA: 12s - loss: 2.2977 - accuracy: 0.1354
2000/3000 [===================>..........] - ETA: 9s - loss: 2.2971 - accuracy: 0.1420 
2250/3000 [=====================>........] - ETA: 7s - loss: 2.2965 - accuracy: 0.1484
2500/3000 [========================>.....] - ETA: 4s - loss: 2.2965 - accuracy: 0.1480
2750/3000 [==========================>...] - ETA: 2s - loss: 2.2962 - accuracy: 0.1469
3000/3000 [==============================] - 30s 10ms/step - loss: 2.2964 - accuracy: 0.1453 - val_loss: 2.3044 - val_accuracy: 0.0880
Epoch 3/5

 250/3000 [=>............................] - ETA: 26s - loss: 2.2898 - accuracy: 0.2040
 500/3000 [====>.........................] - ETA: 24s - loss: 2.2899 - accuracy: 0.1800
 750/3000 [======>.......................] - ETA: 22s - loss: 2.2920 - accuracy: 0.1707
1000/3000 [=========>....................] - ETA: 19s - loss: 2.2931 - accuracy: 0.1600
1250/3000 [===========>..................] - ETA: 17s - loss: 2.2941 - accuracy: 0.1576
1500/3000 [==============>...............] - ETA: 14s - loss: 2.2934 - accuracy: 0.1600
1750/3000 [================>.............] - ETA: 12s - loss: 2.2935 - accuracy: 0.1571
2000/3000 [===================>..........] - ETA: 9s - loss: 2.2934 - accuracy: 0.1515 
2250/3000 [=====================>........] - ETA: 7s - loss: 2.2936 - accuracy: 0.1498
2500/3000 [========================>.....] - ETA: 4s - loss: 2.2936 - accuracy: 0.1520
2750/3000 [==========================>...] - ETA: 2s - loss: 2.2933 - accuracy: 0.1542
3000/3000 [==============================] - 30s 10ms/step - loss: 2.2933 - accuracy: 0.1513 - val_loss: 2.3055 - val_accuracy: 0.0853
Epoch 4/5

 250/3000 [=>............................] - ETA: 27s - loss: 2.2922 - accuracy: 0.1480
 500/3000 [====>.........................] - ETA: 25s - loss: 2.2896 - accuracy: 0.1480
 750/3000 [======>.......................] - ETA: 22s - loss: 2.2902 - accuracy: 0.1533
1000/3000 [=========>....................] - ETA: 19s - loss: 2.2897 - accuracy: 0.1550
1250/3000 [===========>..................] - ETA: 17s - loss: 2.2899 - accuracy: 0.1576
1500/3000 [==============>...............] - ETA: 14s - loss: 2.2914 - accuracy: 0.1507
1750/3000 [================>.............] - ETA: 12s - loss: 2.2912 - accuracy: 0.1503
2000/3000 [===================>..........] - ETA: 9s - loss: 2.2908 - accuracy: 0.1505 
2250/3000 [=====================>........] - ETA: 7s - loss: 2.2905 - accuracy: 0.1484
2500/3000 [========================>.....] - ETA: 4s - loss: 2.2908 - accuracy: 0.1472
2750/3000 [==========================>...] - ETA: 2s - loss: 2.2910 - accuracy: 0.1458
3000/3000 [==============================] - 30s 10ms/step - loss: 2.2907 - accuracy: 0.1457 - val_loss: 2.3061 - val_accuracy: 0.0840
Epoch 5/5

 250/3000 [=>............................] - ETA: 27s - loss: 2.2875 - accuracy: 0.1560
 500/3000 [====>.........................] - ETA: 24s - loss: 2.2866 - accuracy: 0.1660
 750/3000 [======>.......................] - ETA: 22s - loss: 2.2896 - accuracy: 0.1680
1000/3000 [=========>....................] - ETA: 19s - loss: 2.2893 - accuracy: 0.1650
1250/3000 [===========>..................] - ETA: 17s - loss: 2.2894 - accuracy: 0.1712
1500/3000 [==============>...............] - ETA: 14s - loss: 2.2883 - accuracy: 0.1780
1750/3000 [================>.............] - ETA: 12s - loss: 2.2880 - accuracy: 0.1800
2000/3000 [===================>..........] - ETA: 9s - loss: 2.2876 - accuracy: 0.1835 
2250/3000 [=====================>........] - ETA: 7s - loss: 2.2886 - accuracy: 0.1791
2500/3000 [========================>.....] - ETA: 4s - loss: 2.2881 - accuracy: 0.1792
2750/3000 [==========================>...] - ETA: 2s - loss: 2.2876 - accuracy: 0.1800
3000/3000 [==============================] - 30s 10ms/step - loss: 2.2875 - accuracy: 0.1770 - val_loss: 2.3063 - val_accuracy: 0.0893
Latency --- 151.3190450668335 seconds ---
For delta=0.000200, the current epsilon is: 8.0077
Saving model with new accuracy, previous accuracy was 0.16866666078567505 and present is 0.1770000010728836
Saved model to disk
=====================Iteration========================== 7
For delta=0.000200, the current epsilon is: 8.0077
Noise Mutiplier 0.792
in grads Tensor("loss_6/mul:0", shape=(?,), dtype=float32)
Train on 3000 samples, validate on 750 samples
Epoch 1/5

 250/3000 [=>............................] - ETA: 29s - loss: 2.3013 - accuracy: 0.1160
 500/3000 [====>.........................] - ETA: 25s - loss: 2.3073 - accuracy: 0.1000
 750/3000 [======>.......................] - ETA: 23s - loss: 2.3074 - accuracy: 0.0973
1000/3000 [=========>....................] - ETA: 20s - loss: 2.3047 - accuracy: 0.1000
1250/3000 [===========>..................] - ETA: 17s - loss: 2.3041 - accuracy: 0.0984
1500/3000 [==============>...............] - ETA: 15s - loss: 2.3050 - accuracy: 0.1000
1750/3000 [================>.............] - ETA: 12s - loss: 2.3037 - accuracy: 0.1040
2000/3000 [===================>..........] - ETA: 10s - loss: 2.3033 - accuracy: 0.1010
2250/3000 [=====================>........] - ETA: 7s - loss: 2.3026 - accuracy: 0.1027 
2500/3000 [========================>.....] - ETA: 5s - loss: 2.3028 - accuracy: 0.1004
2750/3000 [==========================>...] - ETA: 2s - loss: 2.3028 - accuracy: 0.1011
3000/3000 [==============================] - 31s 10ms/step - loss: 2.3026 - accuracy: 0.1003 - val_loss: 2.3023 - val_accuracy: 0.1160
Epoch 2/5

 250/3000 [=>............................] - ETA: 27s - loss: 2.2943 - accuracy: 0.1040
 500/3000 [====>.........................] - ETA: 24s - loss: 2.2931 - accuracy: 0.1120
 750/3000 [======>.......................] - ETA: 22s - loss: 2.2955 - accuracy: 0.1080
1000/3000 [=========>....................] - ETA: 19s - loss: 2.2940 - accuracy: 0.1180
1250/3000 [===========>..................] - ETA: 17s - loss: 2.2917 - accuracy: 0.1288
1500/3000 [==============>...............] - ETA: 14s - loss: 2.2906 - accuracy: 0.1300
1750/3000 [================>.............] - ETA: 12s - loss: 2.2917 - accuracy: 0.1291
2000/3000 [===================>..........] - ETA: 9s - loss: 2.2936 - accuracy: 0.1240 
2250/3000 [=====================>........] - ETA: 7s - loss: 2.2940 - accuracy: 0.1196
2500/3000 [========================>.....] - ETA: 4s - loss: 2.2939 - accuracy: 0.1204
2750/3000 [==========================>...] - ETA: 2s - loss: 2.2941 - accuracy: 0.1196
3000/3000 [==============================] - 30s 10ms/step - loss: 2.2941 - accuracy: 0.1203 - val_loss: 2.3015 - val_accuracy: 0.0960
Epoch 3/5

 250/3000 [=>............................] - ETA: 27s - loss: 2.2952 - accuracy: 0.1280
 500/3000 [====>.........................] - ETA: 24s - loss: 2.2932 - accuracy: 0.1420
 750/3000 [======>.......................] - ETA: 22s - loss: 2.2919 - accuracy: 0.1360
1000/3000 [=========>....................] - ETA: 19s - loss: 2.2907 - accuracy: 0.1400
1250/3000 [===========>..................] - ETA: 17s - loss: 2.2913 - accuracy: 0.1400
1500/3000 [==============>...............] - ETA: 15s - loss: 2.2907 - accuracy: 0.1433
1750/3000 [================>.............] - ETA: 12s - loss: 2.2907 - accuracy: 0.1446
2000/3000 [===================>..........] - ETA: 10s - loss: 2.2906 - accuracy: 0.1455
2250/3000 [=====================>........] - ETA: 7s - loss: 2.2909 - accuracy: 0.1489 
2500/3000 [========================>.....] - ETA: 4s - loss: 2.2906 - accuracy: 0.1512
2750/3000 [==========================>...] - ETA: 2s - loss: 2.2906 - accuracy: 0.1480
3000/3000 [==============================] - 30s 10ms/step - loss: 2.2901 - accuracy: 0.1487 - val_loss: 2.3032 - val_accuracy: 0.0947
Epoch 4/5

 250/3000 [=>............................] - ETA: 27s - loss: 2.2856 - accuracy: 0.1400
 500/3000 [====>.........................] - ETA: 25s - loss: 2.2848 - accuracy: 0.1560
 750/3000 [======>.......................] - ETA: 22s - loss: 2.2843 - accuracy: 0.1627
1000/3000 [=========>....................] - ETA: 20s - loss: 2.2858 - accuracy: 0.1580
1250/3000 [===========>..................] - ETA: 17s - loss: 2.2866 - accuracy: 0.1544
1500/3000 [==============>...............] - ETA: 15s - loss: 2.2865 - accuracy: 0.1513
1750/3000 [================>.............] - ETA: 12s - loss: 2.2861 - accuracy: 0.1549
2000/3000 [===================>..........] - ETA: 10s - loss: 2.2852 - accuracy: 0.1550
2250/3000 [=====================>........] - ETA: 7s - loss: 2.2856 - accuracy: 0.1520 
2500/3000 [========================>.....] - ETA: 5s - loss: 2.2858 - accuracy: 0.1520
2750/3000 [==========================>...] - ETA: 2s - loss: 2.2862 - accuracy: 0.1484
3000/3000 [==============================] - 30s 10ms/step - loss: 2.2856 - accuracy: 0.1503 - val_loss: 2.3041 - val_accuracy: 0.1000
Epoch 5/5

 250/3000 [=>............................] - ETA: 27s - loss: 2.2768 - accuracy: 0.1760
 500/3000 [====>.........................] - ETA: 25s - loss: 2.2835 - accuracy: 0.1480
 750/3000 [======>.......................] - ETA: 22s - loss: 2.2800 - accuracy: 0.1560
1000/3000 [=========>....................] - ETA: 20s - loss: 2.2819 - accuracy: 0.1450
1250/3000 [===========>..................] - ETA: 17s - loss: 2.2811 - accuracy: 0.1432
1500/3000 [==============>...............] - ETA: 15s - loss: 2.2802 - accuracy: 0.1413
1750/3000 [================>.............] - ETA: 12s - loss: 2.2810 - accuracy: 0.1423
2000/3000 [===================>..........] - ETA: 10s - loss: 2.2808 - accuracy: 0.1425
2250/3000 [=====================>........] - ETA: 7s - loss: 2.2815 - accuracy: 0.1422 
2500/3000 [========================>.....] - ETA: 4s - loss: 2.2809 - accuracy: 0.1428
2750/3000 [==========================>...] - ETA: 2s - loss: 2.2804 - accuracy: 0.1422
3000/3000 [==============================] - 30s 10ms/step - loss: 2.2812 - accuracy: 0.1380 - val_loss: 2.3053 - val_accuracy: 0.1027
Latency --- 152.27102780342102 seconds ---
For delta=0.000200, the current epsilon is: 8.0077
=====================Iteration========================== 8
For delta=0.000200, the current epsilon is: 8.0077
Noise Mutiplier 0.792
in grads Tensor("loss_7/mul:0", shape=(?,), dtype=float32)
Train on 3000 samples, validate on 750 samples
Epoch 1/5

 250/3000 [=>............................] - ETA: 28s - loss: 2.2991 - accuracy: 0.1480
 500/3000 [====>.........................] - ETA: 25s - loss: 2.3015 - accuracy: 0.1200
 750/3000 [======>.......................] - ETA: 22s - loss: 2.3028 - accuracy: 0.1160
1000/3000 [=========>....................] - ETA: 19s - loss: 2.3041 - accuracy: 0.1060
1250/3000 [===========>..................] - ETA: 17s - loss: 2.3037 - accuracy: 0.1104
1500/3000 [==============>...............] - ETA: 14s - loss: 2.3040 - accuracy: 0.1087
1750/3000 [================>.............] - ETA: 12s - loss: 2.3034 - accuracy: 0.1080
2000/3000 [===================>..........] - ETA: 9s - loss: 2.3029 - accuracy: 0.1085 
2250/3000 [=====================>........] - ETA: 7s - loss: 2.3024 - accuracy: 0.1093
2500/3000 [========================>.....] - ETA: 4s - loss: 2.3027 - accuracy: 0.1104
2750/3000 [==========================>...] - ETA: 2s - loss: 2.3027 - accuracy: 0.1098
3000/3000 [==============================] - 30s 10ms/step - loss: 2.3029 - accuracy: 0.1063 - val_loss: 2.3078 - val_accuracy: 0.0907
Epoch 2/5

 250/3000 [=>............................] - ETA: 27s - loss: 2.3047 - accuracy: 0.0960
 500/3000 [====>.........................] - ETA: 24s - loss: 2.3012 - accuracy: 0.1160
 750/3000 [======>.......................] - ETA: 22s - loss: 2.3000 - accuracy: 0.1227
1000/3000 [=========>....................] - ETA: 19s - loss: 2.3006 - accuracy: 0.1170
1250/3000 [===========>..................] - ETA: 17s - loss: 2.3000 - accuracy: 0.1168
1500/3000 [==============>...............] - ETA: 14s - loss: 2.3000 - accuracy: 0.1153
1750/3000 [================>.............] - ETA: 12s - loss: 2.2996 - accuracy: 0.1171
2000/3000 [===================>..........] - ETA: 9s - loss: 2.2993 - accuracy: 0.1175 
2250/3000 [=====================>........] - ETA: 7s - loss: 2.2996 - accuracy: 0.1173
2500/3000 [========================>.....] - ETA: 4s - loss: 2.2997 - accuracy: 0.1140
2750/3000 [==========================>...] - ETA: 2s - loss: 2.2993 - accuracy: 0.1189
3000/3000 [==============================] - 30s 10ms/step - loss: 2.2991 - accuracy: 0.1183 - val_loss: 2.3068 - val_accuracy: 0.0973
Epoch 3/5

 250/3000 [=>............................] - ETA: 27s - loss: 2.2974 - accuracy: 0.1480
 500/3000 [====>.........................] - ETA: 24s - loss: 2.2983 - accuracy: 0.1300
 750/3000 [======>.......................] - ETA: 22s - loss: 2.2991 - accuracy: 0.1307
1000/3000 [=========>....................] - ETA: 19s - loss: 2.2994 - accuracy: 0.1240
1250/3000 [===========>..................] - ETA: 17s - loss: 2.2984 - accuracy: 0.1312
1500/3000 [==============>...............] - ETA: 14s - loss: 2.2973 - accuracy: 0.1327
1750/3000 [================>.............] - ETA: 12s - loss: 2.2972 - accuracy: 0.1286
2000/3000 [===================>..........] - ETA: 9s - loss: 2.2974 - accuracy: 0.1290 
2250/3000 [=====================>........] - ETA: 7s - loss: 2.2972 - accuracy: 0.1276
2500/3000 [========================>.....] - ETA: 4s - loss: 2.2969 - accuracy: 0.1280
2750/3000 [==========================>...] - ETA: 2s - loss: 2.2965 - accuracy: 0.1305
3000/3000 [==============================] - 30s 10ms/step - loss: 2.2961 - accuracy: 0.1317 - val_loss: 2.3065 - val_accuracy: 0.0973
Epoch 4/5

 250/3000 [=>............................] - ETA: 28s - loss: 2.2944 - accuracy: 0.1480
 500/3000 [====>.........................] - ETA: 25s - loss: 2.2934 - accuracy: 0.1540
 750/3000 [======>.......................] - ETA: 22s - loss: 2.2939 - accuracy: 0.1507
1000/3000 [=========>....................] - ETA: 20s - loss: 2.2926 - accuracy: 0.1570
1250/3000 [===========>..................] - ETA: 17s - loss: 2.2927 - accuracy: 0.1592
1500/3000 [==============>...............] - ETA: 14s - loss: 2.2933 - accuracy: 0.1627
1750/3000 [================>.............] - ETA: 12s - loss: 2.2929 - accuracy: 0.1600
2000/3000 [===================>..........] - ETA: 9s - loss: 2.2926 - accuracy: 0.1620 
2250/3000 [=====================>........] - ETA: 7s - loss: 2.2923 - accuracy: 0.1622
2500/3000 [========================>.....] - ETA: 4s - loss: 2.2926 - accuracy: 0.1608
2750/3000 [==========================>...] - ETA: 2s - loss: 2.2926 - accuracy: 0.1575
3000/3000 [==============================] - 30s 10ms/step - loss: 2.2924 - accuracy: 0.1570 - val_loss: 2.3067 - val_accuracy: 0.0827
Epoch 5/5

 250/3000 [=>............................] - ETA: 27s - loss: 2.2911 - accuracy: 0.1360
 500/3000 [====>.........................] - ETA: 25s - loss: 2.2893 - accuracy: 0.1540
 750/3000 [======>.......................] - ETA: 22s - loss: 2.2902 - accuracy: 0.1613
1000/3000 [=========>....................] - ETA: 20s - loss: 2.2899 - accuracy: 0.1630
1250/3000 [===========>..................] - ETA: 17s - loss: 2.2897 - accuracy: 0.1640
1500/3000 [==============>...............] - ETA: 14s - loss: 2.2885 - accuracy: 0.1693
1750/3000 [================>.............] - ETA: 12s - loss: 2.2892 - accuracy: 0.1640
2000/3000 [===================>..........] - ETA: 9s - loss: 2.2888 - accuracy: 0.1640 
2250/3000 [=====================>........] - ETA: 7s - loss: 2.2886 - accuracy: 0.1622
2500/3000 [========================>.....] - ETA: 4s - loss: 2.2889 - accuracy: 0.1592
2750/3000 [==========================>...] - ETA: 2s - loss: 2.2886 - accuracy: 0.1564
3000/3000 [==============================] - 30s 10ms/step - loss: 2.2883 - accuracy: 0.1590 - val_loss: 2.3075 - val_accuracy: 0.0733
Latency --- 150.73738288879395 seconds ---
For delta=0.000200, the current epsilon is: 8.0077
=====================Iteration========================== 9
For delta=0.000200, the current epsilon is: 8.0077
Noise Mutiplier 0.792
in grads Tensor("loss_8/mul:0", shape=(?,), dtype=float32)
Train on 3000 samples, validate on 750 samples
Epoch 1/5

 250/3000 [=>............................] - ETA: 30s - loss: 2.3178 - accuracy: 0.0480
 500/3000 [====>.........................] - ETA: 25s - loss: 2.3126 - accuracy: 0.0560
 750/3000 [======>.......................] - ETA: 23s - loss: 2.3112 - accuracy: 0.0587
1000/3000 [=========>....................] - ETA: 20s - loss: 2.3094 - accuracy: 0.0710
1250/3000 [===========>..................] - ETA: 17s - loss: 2.3096 - accuracy: 0.0744
1500/3000 [==============>...............] - ETA: 15s - loss: 2.3089 - accuracy: 0.0780
1750/3000 [================>.............] - ETA: 12s - loss: 2.3082 - accuracy: 0.0794
2000/3000 [===================>..........] - ETA: 10s - loss: 2.3080 - accuracy: 0.0800
2250/3000 [=====================>........] - ETA: 7s - loss: 2.3084 - accuracy: 0.0796 
2500/3000 [========================>.....] - ETA: 5s - loss: 2.3079 - accuracy: 0.0812
2750/3000 [==========================>...] - ETA: 2s - loss: 2.3076 - accuracy: 0.0825
3000/3000 [==============================] - 31s 10ms/step - loss: 2.3071 - accuracy: 0.0840 - val_loss: 2.3032 - val_accuracy: 0.1093
Epoch 2/5

 250/3000 [=>............................] - ETA: 27s - loss: 2.3001 - accuracy: 0.1240
 500/3000 [====>.........................] - ETA: 25s - loss: 2.2999 - accuracy: 0.1080
 750/3000 [======>.......................] - ETA: 22s - loss: 2.3023 - accuracy: 0.0987
1000/3000 [=========>....................] - ETA: 20s - loss: 2.3024 - accuracy: 0.0980
1250/3000 [===========>..................] - ETA: 17s - loss: 2.3023 - accuracy: 0.1040
1500/3000 [==============>...............] - ETA: 15s - loss: 2.3019 - accuracy: 0.1033
1750/3000 [================>.............] - ETA: 12s - loss: 2.3011 - accuracy: 0.1034
2000/3000 [===================>..........] - ETA: 10s - loss: 2.3013 - accuracy: 0.1030
2250/3000 [=====================>........] - ETA: 7s - loss: 2.3011 - accuracy: 0.1053 
2500/3000 [========================>.....] - ETA: 4s - loss: 2.3011 - accuracy: 0.1044
2750/3000 [==========================>...] - ETA: 2s - loss: 2.3010 - accuracy: 0.1058
3000/3000 [==============================] - 30s 10ms/step - loss: 2.3012 - accuracy: 0.1023 - val_loss: 2.3033 - val_accuracy: 0.1040
Epoch 3/5

 250/3000 [=>............................] - ETA: 27s - loss: 2.3029 - accuracy: 0.1240
 500/3000 [====>.........................] - ETA: 25s - loss: 2.3012 - accuracy: 0.1200
 750/3000 [======>.......................] - ETA: 22s - loss: 2.2993 - accuracy: 0.1240
1000/3000 [=========>....................] - ETA: 20s - loss: 2.2982 - accuracy: 0.1300
1250/3000 [===========>..................] - ETA: 17s - loss: 2.2982 - accuracy: 0.1248
1500/3000 [==============>...............] - ETA: 15s - loss: 2.2985 - accuracy: 0.1267
1750/3000 [================>.............] - ETA: 12s - loss: 2.2987 - accuracy: 0.1206
2000/3000 [===================>..........] - ETA: 10s - loss: 2.2983 - accuracy: 0.1225
2250/3000 [=====================>........] - ETA: 7s - loss: 2.2977 - accuracy: 0.1262 
2500/3000 [========================>.....] - ETA: 5s - loss: 2.2974 - accuracy: 0.1272
2750/3000 [==========================>...] - ETA: 2s - loss: 2.2980 - accuracy: 0.1251
3000/3000 [==============================] - 30s 10ms/step - loss: 2.2981 - accuracy: 0.1240 - val_loss: 2.3033 - val_accuracy: 0.0987
Epoch 4/5

 250/3000 [=>............................] - ETA: 27s - loss: 2.2992 - accuracy: 0.1440
 500/3000 [====>.........................] - ETA: 25s - loss: 2.2986 - accuracy: 0.1460
 750/3000 [======>.......................] - ETA: 22s - loss: 2.2967 - accuracy: 0.1507
1000/3000 [=========>....................] - ETA: 20s - loss: 2.2963 - accuracy: 0.1450
1250/3000 [===========>..................] - ETA: 17s - loss: 2.2958 - accuracy: 0.1456
1500/3000 [==============>...............] - ETA: 15s - loss: 2.2951 - accuracy: 0.1547
1750/3000 [================>.............] - ETA: 12s - loss: 2.2952 - accuracy: 0.1469
2000/3000 [===================>..........] - ETA: 10s - loss: 2.2949 - accuracy: 0.1490
2250/3000 [=====================>........] - ETA: 7s - loss: 2.2947 - accuracy: 0.1502 
2500/3000 [========================>.....] - ETA: 5s - loss: 2.2947 - accuracy: 0.1496
2750/3000 [==========================>...] - ETA: 2s - loss: 2.2948 - accuracy: 0.1473
3000/3000 [==============================] - 30s 10ms/step - loss: 2.2948 - accuracy: 0.1480 - val_loss: 2.3037 - val_accuracy: 0.0987
Epoch 5/5

 250/3000 [=>............................] - ETA: 27s - loss: 2.2963 - accuracy: 0.1480
 500/3000 [====>.........................] - ETA: 25s - loss: 2.2972 - accuracy: 0.1480
 750/3000 [======>.......................] - ETA: 23s - loss: 2.2951 - accuracy: 0.1640
1000/3000 [=========>....................] - ETA: 20s - loss: 2.2941 - accuracy: 0.1630
1250/3000 [===========>..................] - ETA: 17s - loss: 2.2931 - accuracy: 0.1560
1500/3000 [==============>...............] - ETA: 15s - loss: 2.2917 - accuracy: 0.1593
1750/3000 [================>.............] - ETA: 12s - loss: 2.2924 - accuracy: 0.1577
2000/3000 [===================>..........] - ETA: 10s - loss: 2.2921 - accuracy: 0.1610
2250/3000 [=====================>........] - ETA: 7s - loss: 2.2921 - accuracy: 0.1582 
2500/3000 [========================>.....] - ETA: 5s - loss: 2.2918 - accuracy: 0.1584
2750/3000 [==========================>...] - ETA: 2s - loss: 2.2917 - accuracy: 0.1571
3000/3000 [==============================] - 30s 10ms/step - loss: 2.2919 - accuracy: 0.1580 - val_loss: 2.3040 - val_accuracy: 0.1067
Latency --- 153.313392162323 seconds ---
For delta=0.000200, the current epsilon is: 8.0077
=====================Iteration========================== 10
For delta=0.000200, the current epsilon is: 8.0077
Noise Mutiplier 0.792
in grads Tensor("loss_9/mul:0", shape=(?,), dtype=float32)
Train on 3000 samples, validate on 750 samples
Epoch 1/5

 250/3000 [=>............................] - ETA: 29s - loss: 2.3102 - accuracy: 0.1040
 500/3000 [====>.........................] - ETA: 25s - loss: 2.3120 - accuracy: 0.0840
 750/3000 [======>.......................] - ETA: 22s - loss: 2.3099 - accuracy: 0.0867
1000/3000 [=========>....................] - ETA: 20s - loss: 2.3078 - accuracy: 0.0940
1250/3000 [===========>..................] - ETA: 17s - loss: 2.3077 - accuracy: 0.0968
1500/3000 [==============>...............] - ETA: 15s - loss: 2.3060 - accuracy: 0.1007
1750/3000 [================>.............] - ETA: 12s - loss: 2.3054 - accuracy: 0.1017
2000/3000 [===================>..........] - ETA: 10s - loss: 2.3054 - accuracy: 0.0990
2250/3000 [=====================>........] - ETA: 7s - loss: 2.3049 - accuracy: 0.1004 
2500/3000 [========================>.....] - ETA: 5s - loss: 2.3045 - accuracy: 0.0984
2750/3000 [==========================>...] - ETA: 2s - loss: 2.3038 - accuracy: 0.0993
3000/3000 [==============================] - 30s 10ms/step - loss: 2.3033 - accuracy: 0.1007 - val_loss: 2.3044 - val_accuracy: 0.0987
Epoch 2/5

 250/3000 [=>............................] - ETA: 26s - loss: 2.2957 - accuracy: 0.1200
 500/3000 [====>.........................] - ETA: 24s - loss: 2.2936 - accuracy: 0.1400
 750/3000 [======>.......................] - ETA: 22s - loss: 2.2925 - accuracy: 0.1453
1000/3000 [=========>....................] - ETA: 19s - loss: 2.2937 - accuracy: 0.1370
1250/3000 [===========>..................] - ETA: 17s - loss: 2.2928 - accuracy: 0.1376
1500/3000 [==============>...............] - ETA: 14s - loss: 2.2920 - accuracy: 0.1367
1750/3000 [================>.............] - ETA: 12s - loss: 2.2932 - accuracy: 0.1274
2000/3000 [===================>..........] - ETA: 9s - loss: 2.2937 - accuracy: 0.1260 
2250/3000 [=====================>........] - ETA: 7s - loss: 2.2929 - accuracy: 0.1284
2500/3000 [========================>.....] - ETA: 4s - loss: 2.2932 - accuracy: 0.1268
2750/3000 [==========================>...] - ETA: 2s - loss: 2.2918 - accuracy: 0.1280
3000/3000 [==============================] - 30s 10ms/step - loss: 2.2918 - accuracy: 0.1253 - val_loss: 2.3046 - val_accuracy: 0.1093
Epoch 3/5

 250/3000 [=>............................] - ETA: 27s - loss: 2.2881 - accuracy: 0.1280
 500/3000 [====>.........................] - ETA: 24s - loss: 2.2896 - accuracy: 0.1160
 750/3000 [======>.......................] - ETA: 22s - loss: 2.2886 - accuracy: 0.1307
1000/3000 [=========>....................] - ETA: 19s - loss: 2.2871 - accuracy: 0.1290
1250/3000 [===========>..................] - ETA: 17s - loss: 2.2867 - accuracy: 0.1272
1500/3000 [==============>...............] - ETA: 14s - loss: 2.2860 - accuracy: 0.1240
1750/3000 [================>.............] - ETA: 12s - loss: 2.2868 - accuracy: 0.1240
2000/3000 [===================>..........] - ETA: 9s - loss: 2.2858 - accuracy: 0.1290 
2250/3000 [=====================>........] - ETA: 7s - loss: 2.2851 - accuracy: 0.1284
2500/3000 [========================>.....] - ETA: 4s - loss: 2.2855 - accuracy: 0.1276
2750/3000 [==========================>...] - ETA: 2s - loss: 2.2848 - accuracy: 0.1309
3000/3000 [==============================] - 30s 10ms/step - loss: 2.2848 - accuracy: 0.1313 - val_loss: 2.3045 - val_accuracy: 0.1040
Epoch 4/5

 250/3000 [=>............................] - ETA: 26s - loss: 2.2873 - accuracy: 0.1360
 500/3000 [====>.........................] - ETA: 25s - loss: 2.2846 - accuracy: 0.1360
 750/3000 [======>.......................] - ETA: 22s - loss: 2.2834 - accuracy: 0.1480
1000/3000 [=========>....................] - ETA: 19s - loss: 2.2813 - accuracy: 0.1510
1250/3000 [===========>..................] - ETA: 17s - loss: 2.2800 - accuracy: 0.1536
1500/3000 [==============>...............] - ETA: 14s - loss: 2.2793 - accuracy: 0.1613
1750/3000 [================>.............] - ETA: 12s - loss: 2.2790 - accuracy: 0.1606
2000/3000 [===================>..........] - ETA: 9s - loss: 2.2785 - accuracy: 0.1630 
2250/3000 [=====================>........] - ETA: 7s - loss: 2.2786 - accuracy: 0.1600
2500/3000 [========================>.....] - ETA: 5s - loss: 2.2777 - accuracy: 0.1608
2750/3000 [==========================>...] - ETA: 2s - loss: 2.2775 - accuracy: 0.1625
3000/3000 [==============================] - 30s 10ms/step - loss: 2.2782 - accuracy: 0.1597 - val_loss: 2.3044 - val_accuracy: 0.0920
Epoch 5/5

 250/3000 [=>............................] - ETA: 27s - loss: 2.2709 - accuracy: 0.1920
 500/3000 [====>.........................] - ETA: 25s - loss: 2.2693 - accuracy: 0.2020
 750/3000 [======>.......................] - ETA: 22s - loss: 2.2698 - accuracy: 0.1960
1000/3000 [=========>....................] - ETA: 19s - loss: 2.2700 - accuracy: 0.1930
1250/3000 [===========>..................] - ETA: 17s - loss: 2.2720 - accuracy: 0.1864
1500/3000 [==============>...............] - ETA: 15s - loss: 2.2710 - accuracy: 0.1833
1750/3000 [================>.............] - ETA: 12s - loss: 2.2713 - accuracy: 0.1863
2000/3000 [===================>..........] - ETA: 9s - loss: 2.2720 - accuracy: 0.1830 
2250/3000 [=====================>........] - ETA: 7s - loss: 2.2713 - accuracy: 0.1796
2500/3000 [========================>.....] - ETA: 4s - loss: 2.2708 - accuracy: 0.1832
2750/3000 [==========================>...] - ETA: 2s - loss: 2.2714 - accuracy: 0.1815
3000/3000 [==============================] - 30s 10ms/step - loss: 2.2715 - accuracy: 0.1797 - val_loss: 2.3055 - val_accuracy: 0.0960
Latency --- 151.78223133087158 seconds ---
For delta=0.000200, the current epsilon is: 8.0077
Saving model with new accuracy, previous accuracy was 0.1770000010728836 and present is 0.179666668176651
Saved model to disk
