
=====================ITERATION 1==========================
We are using Tensorflow version 1.15.2
Keras API version: 2.3.1
Noise Mutiplier 30

# Evaluate on test data

 250/3000 [=>............................] - ETA: 0s
 500/3000 [====>.........................] - ETA: 0s
 750/3000 [======>.......................] - ETA: 0s
1000/3000 [=========>....................] - ETA: 0s
1250/3000 [===========>..................] - ETA: 0s
1500/3000 [==============>...............] - ETA: 0s
1750/3000 [================>.............] - ETA: 0s
2000/3000 [===================>..........] - ETA: 0s
2250/3000 [=====================>........] - ETA: 0s
2750/3000 [==========================>...] - ETA: 0s
3000/3000 [==============================] - 1s 224us/step
Accuracy: 8.866667002439499
Latency --- 0.734149694442749 seconds ---
Trained with DP
=====================ITERATION 2==========================
We are using Tensorflow version 1.15.2
Keras API version: 2.3.1
Noise Mutiplier 30

# Evaluate on test data

 250/3000 [=>............................] - ETA: 0s
 500/3000 [====>.........................] - ETA: 0s
 750/3000 [======>.......................] - ETA: 0s
1000/3000 [=========>....................] - ETA: 0s
1250/3000 [===========>..................] - ETA: 0s
1500/3000 [==============>...............] - ETA: 0s
1750/3000 [================>.............] - ETA: 0s
2000/3000 [===================>..........] - ETA: 0s
2250/3000 [=====================>........] - ETA: 0s
2500/3000 [========================>.....] - ETA: 0s
2750/3000 [==========================>...] - ETA: 0s
3000/3000 [==============================] - 1s 226us/step
Accuracy: 8.866667002439499
Latency --- 0.7435204982757568 seconds ---
Trained with DP
=====================ITERATION 3==========================
We are using Tensorflow version 1.15.2
Keras API version: 2.3.1
Noise Mutiplier 30

# Evaluate on test data

 250/3000 [=>............................] - ETA: 0s
 500/3000 [====>.........................] - ETA: 0s
 750/3000 [======>.......................] - ETA: 0s
1000/3000 [=========>....................] - ETA: 0s
1250/3000 [===========>..................] - ETA: 0s
1500/3000 [==============>...............] - ETA: 0s
1750/3000 [================>.............] - ETA: 0s
2000/3000 [===================>..........] - ETA: 0s
2250/3000 [=====================>........] - ETA: 0s
2750/3000 [==========================>...] - ETA: 0s
3000/3000 [==============================] - 1s 225us/step
Accuracy: 8.866667002439499
Latency --- 0.7358653545379639 seconds ---
Trained with DP
=====================ITERATION 4==========================
We are using Tensorflow version 1.15.2
Keras API version: 2.3.1
Noise Mutiplier 30

# Evaluate on test data

 250/3000 [=>............................] - ETA: 0s
 500/3000 [====>.........................] - ETA: 0s
 750/3000 [======>.......................] - ETA: 0s
1000/3000 [=========>....................] - ETA: 0s
1250/3000 [===========>..................] - ETA: 0s
1750/3000 [================>.............] - ETA: 0s
2000/3000 [===================>..........] - ETA: 0s
2250/3000 [=====================>........] - ETA: 0s
2500/3000 [========================>.....] - ETA: 0s
3000/3000 [==============================] - 1s 219us/step
Accuracy: 8.866667002439499
Latency --- 0.7208383083343506 seconds ---
Trained with DP
=====================ITERATION 5==========================
We are using Tensorflow version 1.15.2
Keras API version: 2.3.1
Noise Mutiplier 30

# Evaluate on test data

 250/3000 [=>............................] - ETA: 0s
 500/3000 [====>.........................] - ETA: 0s
 750/3000 [======>.......................] - ETA: 0s
1000/3000 [=========>....................] - ETA: 0s
1500/3000 [==============>...............] - ETA: 0s
1750/3000 [================>.............] - ETA: 0s
2000/3000 [===================>..........] - ETA: 0s
2250/3000 [=====================>........] - ETA: 0s
2750/3000 [==========================>...] - ETA: 0s
3000/3000 [==============================] - 1s 221us/step
Accuracy: 8.866667002439499
Latency --- 0.7252233028411865 seconds ---
Trained with DP
=====================ITERATION 6==========================
We are using Tensorflow version 1.15.2
Keras API version: 2.3.1
Noise Mutiplier 30

# Evaluate on test data

 250/3000 [=>............................] - ETA: 0s
 500/3000 [====>.........................] - ETA: 0s
 750/3000 [======>.......................] - ETA: 0s
1000/3000 [=========>....................] - ETA: 0s
1250/3000 [===========>..................] - ETA: 0s
1500/3000 [==============>...............] - ETA: 0s
1750/3000 [================>.............] - ETA: 0s
2000/3000 [===================>..........] - ETA: 0s
2250/3000 [=====================>........] - ETA: 0s
2750/3000 [==========================>...] - ETA: 0s
3000/3000 [==============================] - 1s 223us/step
Accuracy: 8.866667002439499
Latency --- 0.732757568359375 seconds ---
Trained with DP
=====================ITERATION 7==========================
We are using Tensorflow version 1.15.2
Keras API version: 2.3.1
Noise Mutiplier 30

# Evaluate on test data

 250/3000 [=>............................] - ETA: 0s
 500/3000 [====>.........................] - ETA: 0s
 750/3000 [======>.......................] - ETA: 0s
1000/3000 [=========>....................] - ETA: 0s
1500/3000 [==============>...............] - ETA: 0s
1750/3000 [================>.............] - ETA: 0s
2000/3000 [===================>..........] - ETA: 0s
2250/3000 [=====================>........] - ETA: 0s
2500/3000 [========================>.....] - ETA: 0s
2750/3000 [==========================>...] - ETA: 0s
3000/3000 [==============================] - 1s 227us/step
Accuracy: 8.866667002439499
Latency --- 0.7428889274597168 seconds ---
Trained with DP
=====================ITERATION 8==========================
We are using Tensorflow version 1.15.2
Keras API version: 2.3.1
Noise Mutiplier 30

# Evaluate on test data

 250/3000 [=>............................] - ETA: 0s
 500/3000 [====>.........................] - ETA: 0s
 750/3000 [======>.......................] - ETA: 0s
1000/3000 [=========>....................] - ETA: 0s
1250/3000 [===========>..................] - ETA: 0s
1500/3000 [==============>...............] - ETA: 0s
1750/3000 [================>.............] - ETA: 0s
2000/3000 [===================>..........] - ETA: 0s
2250/3000 [=====================>........] - ETA: 0s
2500/3000 [========================>.....] - ETA: 0s
2750/3000 [==========================>...] - ETA: 0s
3000/3000 [==============================] - 1s 226us/step
Accuracy: 8.866667002439499
Latency --- 0.7412834167480469 seconds ---
Trained with DP
=====================ITERATION 9==========================
We are using Tensorflow version 1.15.2
Keras API version: 2.3.1
Noise Mutiplier 30

# Evaluate on test data

 250/3000 [=>............................] - ETA: 0s
 500/3000 [====>.........................] - ETA: 0s
 750/3000 [======>.......................] - ETA: 0s
1000/3000 [=========>....................] - ETA: 0s
1500/3000 [==============>...............] - ETA: 0s
1750/3000 [================>.............] - ETA: 0s
2000/3000 [===================>..........] - ETA: 0s
2250/3000 [=====================>........] - ETA: 0s
2500/3000 [========================>.....] - ETA: 0s
2750/3000 [==========================>...] - ETA: 0s
3000/3000 [==============================] - 1s 224us/step
Accuracy: 8.866667002439499
Latency --- 0.734771728515625 seconds ---
Trained with DP
=====================ITERATION 10==========================
We are using Tensorflow version 1.15.2
Keras API version: 2.3.1
Noise Mutiplier 30

# Evaluate on test data

 250/3000 [=>............................] - ETA: 0s
 500/3000 [====>.........................] - ETA: 0s
 750/3000 [======>.......................] - ETA: 0s
1000/3000 [=========>....................] - ETA: 0s
1250/3000 [===========>..................] - ETA: 0s
1500/3000 [==============>...............] - ETA: 0s
1750/3000 [================>.............] - ETA: 0s
2000/3000 [===================>..........] - ETA: 0s
2250/3000 [=====================>........] - ETA: 0s
2500/3000 [========================>.....] - ETA: 0s
2750/3000 [==========================>...] - ETA: 0s
3000/3000 [==============================] - 1s 229us/step
Accuracy: 8.866667002439499
Latency --- 0.7493495941162109 seconds ---
Trained with DP
